[2024-02-14T20:38:07.721+0000] {processor.py:161} INFO - Started process (PID=233) to work on /home/airflow/.local/lib/python3.8/site-packages/airflow/example_dags/example_skip_dag.py
[2024-02-14T20:38:07.723+0000] {processor.py:830} INFO - Processing file /home/airflow/.local/lib/python3.8/site-packages/airflow/example_dags/example_skip_dag.py for tasks to queue
[2024-02-14T20:38:07.724+0000] {logging_mixin.py:188} INFO - [2024-02-14T20:38:07.724+0000] {dagbag.py:538} INFO - Filling up the DagBag from /home/airflow/.local/lib/python3.8/site-packages/airflow/example_dags/example_skip_dag.py
[2024-02-14T20:38:07.739+0000] {processor.py:840} INFO - DAG(s) 'example_skip_dag' retrieved from /home/airflow/.local/lib/python3.8/site-packages/airflow/example_dags/example_skip_dag.py
[2024-02-14T20:38:07.908+0000] {logging_mixin.py:188} INFO - [2024-02-14T20:38:07.907+0000] {dag.py:3036} INFO - Sync 1 DAGs
[2024-02-14T20:38:07.943+0000] {logging_mixin.py:188} INFO - [2024-02-14T20:38:07.943+0000] {dag.py:3823} INFO - Setting next_dagrun for example_skip_dag to 2024-02-13 00:00:00+00:00, run_after=2024-02-14 00:00:00+00:00
[2024-02-14T20:38:07.978+0000] {processor.py:183} INFO - Processing /home/airflow/.local/lib/python3.8/site-packages/airflow/example_dags/example_skip_dag.py took 0.262 seconds
[2024-02-14T20:38:38.612+0000] {processor.py:161} INFO - Started process (PID=480) to work on /home/airflow/.local/lib/python3.8/site-packages/airflow/example_dags/example_skip_dag.py
[2024-02-14T20:38:38.615+0000] {processor.py:830} INFO - Processing file /home/airflow/.local/lib/python3.8/site-packages/airflow/example_dags/example_skip_dag.py for tasks to queue
[2024-02-14T20:38:38.617+0000] {logging_mixin.py:188} INFO - [2024-02-14T20:38:38.616+0000] {dagbag.py:538} INFO - Filling up the DagBag from /home/airflow/.local/lib/python3.8/site-packages/airflow/example_dags/example_skip_dag.py
[2024-02-14T20:38:38.634+0000] {processor.py:840} INFO - DAG(s) 'example_skip_dag' retrieved from /home/airflow/.local/lib/python3.8/site-packages/airflow/example_dags/example_skip_dag.py
[2024-02-14T20:38:38.717+0000] {logging_mixin.py:188} INFO - [2024-02-14T20:38:38.716+0000] {dag.py:3036} INFO - Sync 1 DAGs
[2024-02-14T20:38:38.800+0000] {logging_mixin.py:188} INFO - [2024-02-14T20:38:38.799+0000] {dag.py:3823} INFO - Setting next_dagrun for example_skip_dag to 2024-02-13 00:00:00+00:00, run_after=2024-02-14 00:00:00+00:00
[2024-02-14T20:38:38.845+0000] {processor.py:183} INFO - Processing /home/airflow/.local/lib/python3.8/site-packages/airflow/example_dags/example_skip_dag.py took 0.241 seconds
[2024-02-14T20:39:09.174+0000] {processor.py:161} INFO - Started process (PID=725) to work on /home/airflow/.local/lib/python3.8/site-packages/airflow/example_dags/example_skip_dag.py
[2024-02-14T20:39:09.178+0000] {processor.py:830} INFO - Processing file /home/airflow/.local/lib/python3.8/site-packages/airflow/example_dags/example_skip_dag.py for tasks to queue
[2024-02-14T20:39:09.182+0000] {logging_mixin.py:188} INFO - [2024-02-14T20:39:09.181+0000] {dagbag.py:538} INFO - Filling up the DagBag from /home/airflow/.local/lib/python3.8/site-packages/airflow/example_dags/example_skip_dag.py
[2024-02-14T20:39:09.201+0000] {processor.py:840} INFO - DAG(s) 'example_skip_dag' retrieved from /home/airflow/.local/lib/python3.8/site-packages/airflow/example_dags/example_skip_dag.py
[2024-02-14T20:39:09.232+0000] {logging_mixin.py:188} INFO - [2024-02-14T20:39:09.232+0000] {dag.py:3036} INFO - Sync 1 DAGs
[2024-02-14T20:39:09.265+0000] {logging_mixin.py:188} INFO - [2024-02-14T20:39:09.264+0000] {dag.py:3823} INFO - Setting next_dagrun for example_skip_dag to 2024-02-13 00:00:00+00:00, run_after=2024-02-14 00:00:00+00:00
[2024-02-14T20:39:09.301+0000] {processor.py:183} INFO - Processing /home/airflow/.local/lib/python3.8/site-packages/airflow/example_dags/example_skip_dag.py took 0.139 seconds
[2024-02-14T20:39:41.186+0000] {processor.py:161} INFO - Started process (PID=980) to work on /home/airflow/.local/lib/python3.8/site-packages/airflow/example_dags/example_skip_dag.py
[2024-02-14T20:39:41.191+0000] {processor.py:830} INFO - Processing file /home/airflow/.local/lib/python3.8/site-packages/airflow/example_dags/example_skip_dag.py for tasks to queue
[2024-02-14T20:39:41.196+0000] {logging_mixin.py:188} INFO - [2024-02-14T20:39:41.195+0000] {dagbag.py:538} INFO - Filling up the DagBag from /home/airflow/.local/lib/python3.8/site-packages/airflow/example_dags/example_skip_dag.py
[2024-02-14T20:39:41.223+0000] {processor.py:840} INFO - DAG(s) 'example_skip_dag' retrieved from /home/airflow/.local/lib/python3.8/site-packages/airflow/example_dags/example_skip_dag.py
[2024-02-14T20:39:41.267+0000] {logging_mixin.py:188} INFO - [2024-02-14T20:39:41.267+0000] {dag.py:3036} INFO - Sync 1 DAGs
[2024-02-14T20:39:41.312+0000] {logging_mixin.py:188} INFO - [2024-02-14T20:39:41.311+0000] {dag.py:3823} INFO - Setting next_dagrun for example_skip_dag to 2024-02-13 00:00:00+00:00, run_after=2024-02-14 00:00:00+00:00
[2024-02-14T20:39:41.354+0000] {processor.py:183} INFO - Processing /home/airflow/.local/lib/python3.8/site-packages/airflow/example_dags/example_skip_dag.py took 0.177 seconds
[2024-02-14T20:40:12.211+0000] {processor.py:161} INFO - Started process (PID=1228) to work on /home/airflow/.local/lib/python3.8/site-packages/airflow/example_dags/example_skip_dag.py
[2024-02-14T20:40:12.217+0000] {processor.py:830} INFO - Processing file /home/airflow/.local/lib/python3.8/site-packages/airflow/example_dags/example_skip_dag.py for tasks to queue
[2024-02-14T20:40:12.221+0000] {logging_mixin.py:188} INFO - [2024-02-14T20:40:12.219+0000] {dagbag.py:538} INFO - Filling up the DagBag from /home/airflow/.local/lib/python3.8/site-packages/airflow/example_dags/example_skip_dag.py
[2024-02-14T20:40:12.258+0000] {processor.py:840} INFO - DAG(s) 'example_skip_dag' retrieved from /home/airflow/.local/lib/python3.8/site-packages/airflow/example_dags/example_skip_dag.py
[2024-02-14T20:40:12.371+0000] {logging_mixin.py:188} INFO - [2024-02-14T20:40:12.370+0000] {dag.py:3036} INFO - Sync 1 DAGs
[2024-02-14T20:40:12.480+0000] {logging_mixin.py:188} INFO - [2024-02-14T20:40:12.478+0000] {dag.py:3823} INFO - Setting next_dagrun for example_skip_dag to 2024-02-13 00:00:00+00:00, run_after=2024-02-14 00:00:00+00:00
[2024-02-14T20:40:12.614+0000] {processor.py:183} INFO - Processing /home/airflow/.local/lib/python3.8/site-packages/airflow/example_dags/example_skip_dag.py took 0.421 seconds
[2024-02-14T20:40:43.070+0000] {processor.py:161} INFO - Started process (PID=1473) to work on /home/airflow/.local/lib/python3.8/site-packages/airflow/example_dags/example_skip_dag.py
[2024-02-14T20:40:43.073+0000] {processor.py:830} INFO - Processing file /home/airflow/.local/lib/python3.8/site-packages/airflow/example_dags/example_skip_dag.py for tasks to queue
[2024-02-14T20:40:43.076+0000] {logging_mixin.py:188} INFO - [2024-02-14T20:40:43.075+0000] {dagbag.py:538} INFO - Filling up the DagBag from /home/airflow/.local/lib/python3.8/site-packages/airflow/example_dags/example_skip_dag.py
[2024-02-14T20:40:43.099+0000] {processor.py:840} INFO - DAG(s) 'example_skip_dag' retrieved from /home/airflow/.local/lib/python3.8/site-packages/airflow/example_dags/example_skip_dag.py
[2024-02-14T20:40:43.167+0000] {logging_mixin.py:188} INFO - [2024-02-14T20:40:43.166+0000] {dag.py:3036} INFO - Sync 1 DAGs
[2024-02-14T20:40:43.238+0000] {logging_mixin.py:188} INFO - [2024-02-14T20:40:43.238+0000] {dag.py:3823} INFO - Setting next_dagrun for example_skip_dag to 2024-02-13 00:00:00+00:00, run_after=2024-02-14 00:00:00+00:00
[2024-02-14T20:40:43.295+0000] {processor.py:183} INFO - Processing /home/airflow/.local/lib/python3.8/site-packages/airflow/example_dags/example_skip_dag.py took 0.236 seconds
[2024-02-14T20:41:13.770+0000] {processor.py:161} INFO - Started process (PID=1720) to work on /home/airflow/.local/lib/python3.8/site-packages/airflow/example_dags/example_skip_dag.py
[2024-02-14T20:41:13.773+0000] {processor.py:830} INFO - Processing file /home/airflow/.local/lib/python3.8/site-packages/airflow/example_dags/example_skip_dag.py for tasks to queue
[2024-02-14T20:41:13.776+0000] {logging_mixin.py:188} INFO - [2024-02-14T20:41:13.775+0000] {dagbag.py:538} INFO - Filling up the DagBag from /home/airflow/.local/lib/python3.8/site-packages/airflow/example_dags/example_skip_dag.py
[2024-02-14T20:41:13.797+0000] {processor.py:840} INFO - DAG(s) 'example_skip_dag' retrieved from /home/airflow/.local/lib/python3.8/site-packages/airflow/example_dags/example_skip_dag.py
[2024-02-14T20:41:13.859+0000] {logging_mixin.py:188} INFO - [2024-02-14T20:41:13.858+0000] {dag.py:3036} INFO - Sync 1 DAGs
[2024-02-14T20:41:13.923+0000] {logging_mixin.py:188} INFO - [2024-02-14T20:41:13.923+0000] {dag.py:3823} INFO - Setting next_dagrun for example_skip_dag to 2024-02-13 00:00:00+00:00, run_after=2024-02-14 00:00:00+00:00
[2024-02-14T20:41:13.977+0000] {processor.py:183} INFO - Processing /home/airflow/.local/lib/python3.8/site-packages/airflow/example_dags/example_skip_dag.py took 0.217 seconds
[2024-02-14T20:41:44.661+0000] {processor.py:161} INFO - Started process (PID=1967) to work on /home/airflow/.local/lib/python3.8/site-packages/airflow/example_dags/example_skip_dag.py
[2024-02-14T20:41:44.664+0000] {processor.py:830} INFO - Processing file /home/airflow/.local/lib/python3.8/site-packages/airflow/example_dags/example_skip_dag.py for tasks to queue
[2024-02-14T20:41:44.669+0000] {logging_mixin.py:188} INFO - [2024-02-14T20:41:44.667+0000] {dagbag.py:538} INFO - Filling up the DagBag from /home/airflow/.local/lib/python3.8/site-packages/airflow/example_dags/example_skip_dag.py
[2024-02-14T20:41:44.699+0000] {processor.py:840} INFO - DAG(s) 'example_skip_dag' retrieved from /home/airflow/.local/lib/python3.8/site-packages/airflow/example_dags/example_skip_dag.py
[2024-02-14T20:41:44.769+0000] {logging_mixin.py:188} INFO - [2024-02-14T20:41:44.768+0000] {dag.py:3036} INFO - Sync 1 DAGs
[2024-02-14T20:41:44.856+0000] {logging_mixin.py:188} INFO - [2024-02-14T20:41:44.855+0000] {dag.py:3823} INFO - Setting next_dagrun for example_skip_dag to 2024-02-13 00:00:00+00:00, run_after=2024-02-14 00:00:00+00:00
[2024-02-14T20:41:44.934+0000] {processor.py:183} INFO - Processing /home/airflow/.local/lib/python3.8/site-packages/airflow/example_dags/example_skip_dag.py took 0.284 seconds
[2024-02-14T20:42:15.187+0000] {processor.py:161} INFO - Started process (PID=2209) to work on /home/airflow/.local/lib/python3.8/site-packages/airflow/example_dags/example_skip_dag.py
[2024-02-14T20:42:15.189+0000] {processor.py:830} INFO - Processing file /home/airflow/.local/lib/python3.8/site-packages/airflow/example_dags/example_skip_dag.py for tasks to queue
[2024-02-14T20:42:15.192+0000] {logging_mixin.py:188} INFO - [2024-02-14T20:42:15.191+0000] {dagbag.py:538} INFO - Filling up the DagBag from /home/airflow/.local/lib/python3.8/site-packages/airflow/example_dags/example_skip_dag.py
[2024-02-14T20:42:15.212+0000] {processor.py:840} INFO - DAG(s) 'example_skip_dag' retrieved from /home/airflow/.local/lib/python3.8/site-packages/airflow/example_dags/example_skip_dag.py
[2024-02-14T20:42:15.262+0000] {logging_mixin.py:188} INFO - [2024-02-14T20:42:15.261+0000] {dag.py:3036} INFO - Sync 1 DAGs
[2024-02-14T20:42:15.307+0000] {logging_mixin.py:188} INFO - [2024-02-14T20:42:15.307+0000] {dag.py:3823} INFO - Setting next_dagrun for example_skip_dag to 2024-02-13 00:00:00+00:00, run_after=2024-02-14 00:00:00+00:00
[2024-02-14T20:42:15.346+0000] {processor.py:183} INFO - Processing /home/airflow/.local/lib/python3.8/site-packages/airflow/example_dags/example_skip_dag.py took 0.165 seconds
[2024-02-14T20:42:46.318+0000] {processor.py:161} INFO - Started process (PID=2457) to work on /home/airflow/.local/lib/python3.8/site-packages/airflow/example_dags/example_skip_dag.py
[2024-02-14T20:42:46.320+0000] {processor.py:830} INFO - Processing file /home/airflow/.local/lib/python3.8/site-packages/airflow/example_dags/example_skip_dag.py for tasks to queue
[2024-02-14T20:42:46.324+0000] {logging_mixin.py:188} INFO - [2024-02-14T20:42:46.322+0000] {dagbag.py:538} INFO - Filling up the DagBag from /home/airflow/.local/lib/python3.8/site-packages/airflow/example_dags/example_skip_dag.py
[2024-02-14T20:42:46.348+0000] {processor.py:840} INFO - DAG(s) 'example_skip_dag' retrieved from /home/airflow/.local/lib/python3.8/site-packages/airflow/example_dags/example_skip_dag.py
[2024-02-14T20:42:46.414+0000] {logging_mixin.py:188} INFO - [2024-02-14T20:42:46.414+0000] {dag.py:3036} INFO - Sync 1 DAGs
[2024-02-14T20:42:46.469+0000] {logging_mixin.py:188} INFO - [2024-02-14T20:42:46.469+0000] {dag.py:3823} INFO - Setting next_dagrun for example_skip_dag to 2024-02-13 00:00:00+00:00, run_after=2024-02-14 00:00:00+00:00
[2024-02-14T20:42:46.516+0000] {processor.py:183} INFO - Processing /home/airflow/.local/lib/python3.8/site-packages/airflow/example_dags/example_skip_dag.py took 0.204 seconds
[2024-02-14T20:43:16.645+0000] {processor.py:161} INFO - Started process (PID=2704) to work on /home/airflow/.local/lib/python3.8/site-packages/airflow/example_dags/example_skip_dag.py
[2024-02-14T20:43:16.647+0000] {processor.py:830} INFO - Processing file /home/airflow/.local/lib/python3.8/site-packages/airflow/example_dags/example_skip_dag.py for tasks to queue
[2024-02-14T20:43:16.649+0000] {logging_mixin.py:188} INFO - [2024-02-14T20:43:16.648+0000] {dagbag.py:538} INFO - Filling up the DagBag from /home/airflow/.local/lib/python3.8/site-packages/airflow/example_dags/example_skip_dag.py
[2024-02-14T20:43:16.659+0000] {processor.py:840} INFO - DAG(s) 'example_skip_dag' retrieved from /home/airflow/.local/lib/python3.8/site-packages/airflow/example_dags/example_skip_dag.py
[2024-02-14T20:43:16.693+0000] {logging_mixin.py:188} INFO - [2024-02-14T20:43:16.692+0000] {dag.py:3036} INFO - Sync 1 DAGs
[2024-02-14T20:43:16.724+0000] {logging_mixin.py:188} INFO - [2024-02-14T20:43:16.724+0000] {dag.py:3823} INFO - Setting next_dagrun for example_skip_dag to 2024-02-13 00:00:00+00:00, run_after=2024-02-14 00:00:00+00:00
[2024-02-14T20:43:16.751+0000] {processor.py:183} INFO - Processing /home/airflow/.local/lib/python3.8/site-packages/airflow/example_dags/example_skip_dag.py took 0.111 seconds
[2024-02-14T20:43:47.189+0000] {processor.py:161} INFO - Started process (PID=2950) to work on /home/airflow/.local/lib/python3.8/site-packages/airflow/example_dags/example_skip_dag.py
[2024-02-14T20:43:47.191+0000] {processor.py:830} INFO - Processing file /home/airflow/.local/lib/python3.8/site-packages/airflow/example_dags/example_skip_dag.py for tasks to queue
[2024-02-14T20:43:47.194+0000] {logging_mixin.py:188} INFO - [2024-02-14T20:43:47.193+0000] {dagbag.py:538} INFO - Filling up the DagBag from /home/airflow/.local/lib/python3.8/site-packages/airflow/example_dags/example_skip_dag.py
[2024-02-14T20:43:47.209+0000] {processor.py:840} INFO - DAG(s) 'example_skip_dag' retrieved from /home/airflow/.local/lib/python3.8/site-packages/airflow/example_dags/example_skip_dag.py
[2024-02-14T20:43:47.259+0000] {logging_mixin.py:188} INFO - [2024-02-14T20:43:47.259+0000] {dag.py:3036} INFO - Sync 1 DAGs
[2024-02-14T20:43:47.296+0000] {logging_mixin.py:188} INFO - [2024-02-14T20:43:47.295+0000] {dag.py:3823} INFO - Setting next_dagrun for example_skip_dag to 2024-02-13 00:00:00+00:00, run_after=2024-02-14 00:00:00+00:00
[2024-02-14T20:43:47.338+0000] {processor.py:183} INFO - Processing /home/airflow/.local/lib/python3.8/site-packages/airflow/example_dags/example_skip_dag.py took 0.155 seconds
[2024-02-14T20:44:17.460+0000] {processor.py:161} INFO - Started process (PID=3193) to work on /home/airflow/.local/lib/python3.8/site-packages/airflow/example_dags/example_skip_dag.py
[2024-02-14T20:44:17.464+0000] {processor.py:830} INFO - Processing file /home/airflow/.local/lib/python3.8/site-packages/airflow/example_dags/example_skip_dag.py for tasks to queue
[2024-02-14T20:44:17.469+0000] {logging_mixin.py:188} INFO - [2024-02-14T20:44:17.467+0000] {dagbag.py:538} INFO - Filling up the DagBag from /home/airflow/.local/lib/python3.8/site-packages/airflow/example_dags/example_skip_dag.py
[2024-02-14T20:44:17.498+0000] {processor.py:840} INFO - DAG(s) 'example_skip_dag' retrieved from /home/airflow/.local/lib/python3.8/site-packages/airflow/example_dags/example_skip_dag.py
[2024-02-14T20:44:17.566+0000] {logging_mixin.py:188} INFO - [2024-02-14T20:44:17.565+0000] {dag.py:3036} INFO - Sync 1 DAGs
[2024-02-14T20:44:17.635+0000] {logging_mixin.py:188} INFO - [2024-02-14T20:44:17.635+0000] {dag.py:3823} INFO - Setting next_dagrun for example_skip_dag to 2024-02-13 00:00:00+00:00, run_after=2024-02-14 00:00:00+00:00
[2024-02-14T20:44:17.703+0000] {processor.py:183} INFO - Processing /home/airflow/.local/lib/python3.8/site-packages/airflow/example_dags/example_skip_dag.py took 0.256 seconds
[2024-02-14T20:44:47.962+0000] {processor.py:161} INFO - Started process (PID=3440) to work on /home/airflow/.local/lib/python3.8/site-packages/airflow/example_dags/example_skip_dag.py
[2024-02-14T20:44:47.964+0000] {processor.py:830} INFO - Processing file /home/airflow/.local/lib/python3.8/site-packages/airflow/example_dags/example_skip_dag.py for tasks to queue
[2024-02-14T20:44:47.966+0000] {logging_mixin.py:188} INFO - [2024-02-14T20:44:47.965+0000] {dagbag.py:538} INFO - Filling up the DagBag from /home/airflow/.local/lib/python3.8/site-packages/airflow/example_dags/example_skip_dag.py
[2024-02-14T20:44:47.983+0000] {processor.py:840} INFO - DAG(s) 'example_skip_dag' retrieved from /home/airflow/.local/lib/python3.8/site-packages/airflow/example_dags/example_skip_dag.py
[2024-02-14T20:44:48.032+0000] {logging_mixin.py:188} INFO - [2024-02-14T20:44:48.031+0000] {dag.py:3036} INFO - Sync 1 DAGs
[2024-02-14T20:44:48.081+0000] {logging_mixin.py:188} INFO - [2024-02-14T20:44:48.080+0000] {dag.py:3823} INFO - Setting next_dagrun for example_skip_dag to 2024-02-13 00:00:00+00:00, run_after=2024-02-14 00:00:00+00:00
[2024-02-14T20:44:48.114+0000] {processor.py:183} INFO - Processing /home/airflow/.local/lib/python3.8/site-packages/airflow/example_dags/example_skip_dag.py took 0.160 seconds
[2024-02-14T20:45:18.656+0000] {processor.py:161} INFO - Started process (PID=3693) to work on /home/airflow/.local/lib/python3.8/site-packages/airflow/example_dags/example_skip_dag.py
[2024-02-14T20:45:18.664+0000] {processor.py:830} INFO - Processing file /home/airflow/.local/lib/python3.8/site-packages/airflow/example_dags/example_skip_dag.py for tasks to queue
[2024-02-14T20:45:18.665+0000] {logging_mixin.py:188} INFO - [2024-02-14T20:45:18.665+0000] {dagbag.py:538} INFO - Filling up the DagBag from /home/airflow/.local/lib/python3.8/site-packages/airflow/example_dags/example_skip_dag.py
[2024-02-14T20:45:18.676+0000] {processor.py:840} INFO - DAG(s) 'example_skip_dag' retrieved from /home/airflow/.local/lib/python3.8/site-packages/airflow/example_dags/example_skip_dag.py
[2024-02-14T20:45:18.708+0000] {logging_mixin.py:188} INFO - [2024-02-14T20:45:18.707+0000] {dag.py:3036} INFO - Sync 1 DAGs
[2024-02-14T20:45:18.742+0000] {logging_mixin.py:188} INFO - [2024-02-14T20:45:18.741+0000] {dag.py:3823} INFO - Setting next_dagrun for example_skip_dag to 2024-02-13 00:00:00+00:00, run_after=2024-02-14 00:00:00+00:00
[2024-02-14T20:45:18.771+0000] {processor.py:183} INFO - Processing /home/airflow/.local/lib/python3.8/site-packages/airflow/example_dags/example_skip_dag.py took 0.119 seconds
[2024-02-14T20:45:49.713+0000] {processor.py:161} INFO - Started process (PID=3940) to work on /home/airflow/.local/lib/python3.8/site-packages/airflow/example_dags/example_skip_dag.py
[2024-02-14T20:45:49.717+0000] {processor.py:830} INFO - Processing file /home/airflow/.local/lib/python3.8/site-packages/airflow/example_dags/example_skip_dag.py for tasks to queue
[2024-02-14T20:45:49.719+0000] {logging_mixin.py:188} INFO - [2024-02-14T20:45:49.718+0000] {dagbag.py:538} INFO - Filling up the DagBag from /home/airflow/.local/lib/python3.8/site-packages/airflow/example_dags/example_skip_dag.py
[2024-02-14T20:45:49.741+0000] {processor.py:840} INFO - DAG(s) 'example_skip_dag' retrieved from /home/airflow/.local/lib/python3.8/site-packages/airflow/example_dags/example_skip_dag.py
[2024-02-14T20:45:49.814+0000] {logging_mixin.py:188} INFO - [2024-02-14T20:45:49.813+0000] {dag.py:3036} INFO - Sync 1 DAGs
[2024-02-14T20:45:49.931+0000] {logging_mixin.py:188} INFO - [2024-02-14T20:45:49.931+0000] {dag.py:3823} INFO - Setting next_dagrun for example_skip_dag to 2024-02-13 00:00:00+00:00, run_after=2024-02-14 00:00:00+00:00
[2024-02-14T20:45:50.000+0000] {processor.py:183} INFO - Processing /home/airflow/.local/lib/python3.8/site-packages/airflow/example_dags/example_skip_dag.py took 0.297 seconds
[2024-02-14T20:46:20.195+0000] {processor.py:161} INFO - Started process (PID=4187) to work on /home/airflow/.local/lib/python3.8/site-packages/airflow/example_dags/example_skip_dag.py
[2024-02-14T20:46:20.199+0000] {processor.py:830} INFO - Processing file /home/airflow/.local/lib/python3.8/site-packages/airflow/example_dags/example_skip_dag.py for tasks to queue
[2024-02-14T20:46:20.202+0000] {logging_mixin.py:188} INFO - [2024-02-14T20:46:20.201+0000] {dagbag.py:538} INFO - Filling up the DagBag from /home/airflow/.local/lib/python3.8/site-packages/airflow/example_dags/example_skip_dag.py
[2024-02-14T20:46:20.229+0000] {processor.py:840} INFO - DAG(s) 'example_skip_dag' retrieved from /home/airflow/.local/lib/python3.8/site-packages/airflow/example_dags/example_skip_dag.py
[2024-02-14T20:46:20.267+0000] {logging_mixin.py:188} INFO - [2024-02-14T20:46:20.267+0000] {dag.py:3036} INFO - Sync 1 DAGs
[2024-02-14T20:46:20.298+0000] {logging_mixin.py:188} INFO - [2024-02-14T20:46:20.298+0000] {dag.py:3823} INFO - Setting next_dagrun for example_skip_dag to 2024-02-13 00:00:00+00:00, run_after=2024-02-14 00:00:00+00:00
[2024-02-14T20:46:20.325+0000] {processor.py:183} INFO - Processing /home/airflow/.local/lib/python3.8/site-packages/airflow/example_dags/example_skip_dag.py took 0.140 seconds
[2024-02-14T20:46:50.389+0000] {processor.py:161} INFO - Started process (PID=4430) to work on /home/airflow/.local/lib/python3.8/site-packages/airflow/example_dags/example_skip_dag.py
[2024-02-14T20:46:50.390+0000] {processor.py:830} INFO - Processing file /home/airflow/.local/lib/python3.8/site-packages/airflow/example_dags/example_skip_dag.py for tasks to queue
[2024-02-14T20:46:50.391+0000] {logging_mixin.py:188} INFO - [2024-02-14T20:46:50.391+0000] {dagbag.py:538} INFO - Filling up the DagBag from /home/airflow/.local/lib/python3.8/site-packages/airflow/example_dags/example_skip_dag.py
[2024-02-14T20:46:50.401+0000] {processor.py:840} INFO - DAG(s) 'example_skip_dag' retrieved from /home/airflow/.local/lib/python3.8/site-packages/airflow/example_dags/example_skip_dag.py
[2024-02-14T20:46:50.431+0000] {logging_mixin.py:188} INFO - [2024-02-14T20:46:50.431+0000] {dag.py:3036} INFO - Sync 1 DAGs
[2024-02-14T20:46:50.464+0000] {logging_mixin.py:188} INFO - [2024-02-14T20:46:50.464+0000] {dag.py:3823} INFO - Setting next_dagrun for example_skip_dag to 2024-02-13 00:00:00+00:00, run_after=2024-02-14 00:00:00+00:00
[2024-02-14T20:46:50.495+0000] {processor.py:183} INFO - Processing /home/airflow/.local/lib/python3.8/site-packages/airflow/example_dags/example_skip_dag.py took 0.112 seconds
[2024-02-14T20:47:21.653+0000] {processor.py:161} INFO - Started process (PID=4682) to work on /home/airflow/.local/lib/python3.8/site-packages/airflow/example_dags/example_skip_dag.py
[2024-02-14T20:47:21.656+0000] {processor.py:830} INFO - Processing file /home/airflow/.local/lib/python3.8/site-packages/airflow/example_dags/example_skip_dag.py for tasks to queue
[2024-02-14T20:47:21.659+0000] {logging_mixin.py:188} INFO - [2024-02-14T20:47:21.658+0000] {dagbag.py:538} INFO - Filling up the DagBag from /home/airflow/.local/lib/python3.8/site-packages/airflow/example_dags/example_skip_dag.py
[2024-02-14T20:47:21.678+0000] {processor.py:840} INFO - DAG(s) 'example_skip_dag' retrieved from /home/airflow/.local/lib/python3.8/site-packages/airflow/example_dags/example_skip_dag.py
[2024-02-14T20:47:21.725+0000] {logging_mixin.py:188} INFO - [2024-02-14T20:47:21.725+0000] {dag.py:3036} INFO - Sync 1 DAGs
[2024-02-14T20:47:21.775+0000] {logging_mixin.py:188} INFO - [2024-02-14T20:47:21.774+0000] {dag.py:3823} INFO - Setting next_dagrun for example_skip_dag to 2024-02-13 00:00:00+00:00, run_after=2024-02-14 00:00:00+00:00
[2024-02-14T20:47:21.819+0000] {processor.py:183} INFO - Processing /home/airflow/.local/lib/python3.8/site-packages/airflow/example_dags/example_skip_dag.py took 0.173 seconds
[2024-02-14T20:47:51.902+0000] {processor.py:161} INFO - Started process (PID=4929) to work on /home/airflow/.local/lib/python3.8/site-packages/airflow/example_dags/example_skip_dag.py
[2024-02-14T20:47:51.904+0000] {processor.py:830} INFO - Processing file /home/airflow/.local/lib/python3.8/site-packages/airflow/example_dags/example_skip_dag.py for tasks to queue
[2024-02-14T20:47:51.906+0000] {logging_mixin.py:188} INFO - [2024-02-14T20:47:51.906+0000] {dagbag.py:538} INFO - Filling up the DagBag from /home/airflow/.local/lib/python3.8/site-packages/airflow/example_dags/example_skip_dag.py
[2024-02-14T20:47:51.920+0000] {processor.py:840} INFO - DAG(s) 'example_skip_dag' retrieved from /home/airflow/.local/lib/python3.8/site-packages/airflow/example_dags/example_skip_dag.py
[2024-02-14T20:47:51.961+0000] {logging_mixin.py:188} INFO - [2024-02-14T20:47:51.961+0000] {dag.py:3036} INFO - Sync 1 DAGs
[2024-02-14T20:47:52.004+0000] {logging_mixin.py:188} INFO - [2024-02-14T20:47:52.004+0000] {dag.py:3823} INFO - Setting next_dagrun for example_skip_dag to 2024-02-13 00:00:00+00:00, run_after=2024-02-14 00:00:00+00:00
[2024-02-14T20:47:52.041+0000] {processor.py:183} INFO - Processing /home/airflow/.local/lib/python3.8/site-packages/airflow/example_dags/example_skip_dag.py took 0.145 seconds
[2024-02-14T20:48:22.528+0000] {processor.py:161} INFO - Started process (PID=5176) to work on /home/airflow/.local/lib/python3.8/site-packages/airflow/example_dags/example_skip_dag.py
[2024-02-14T20:48:22.530+0000] {processor.py:830} INFO - Processing file /home/airflow/.local/lib/python3.8/site-packages/airflow/example_dags/example_skip_dag.py for tasks to queue
[2024-02-14T20:48:22.532+0000] {logging_mixin.py:188} INFO - [2024-02-14T20:48:22.531+0000] {dagbag.py:538} INFO - Filling up the DagBag from /home/airflow/.local/lib/python3.8/site-packages/airflow/example_dags/example_skip_dag.py
[2024-02-14T20:48:22.546+0000] {processor.py:840} INFO - DAG(s) 'example_skip_dag' retrieved from /home/airflow/.local/lib/python3.8/site-packages/airflow/example_dags/example_skip_dag.py
[2024-02-14T20:48:22.582+0000] {logging_mixin.py:188} INFO - [2024-02-14T20:48:22.582+0000] {dag.py:3036} INFO - Sync 1 DAGs
[2024-02-14T20:48:22.629+0000] {logging_mixin.py:188} INFO - [2024-02-14T20:48:22.629+0000] {dag.py:3823} INFO - Setting next_dagrun for example_skip_dag to 2024-02-13 00:00:00+00:00, run_after=2024-02-14 00:00:00+00:00
[2024-02-14T20:48:22.678+0000] {processor.py:183} INFO - Processing /home/airflow/.local/lib/python3.8/site-packages/airflow/example_dags/example_skip_dag.py took 0.155 seconds
[2024-02-14T20:48:53.274+0000] {processor.py:161} INFO - Started process (PID=5423) to work on /home/airflow/.local/lib/python3.8/site-packages/airflow/example_dags/example_skip_dag.py
[2024-02-14T20:48:53.276+0000] {processor.py:830} INFO - Processing file /home/airflow/.local/lib/python3.8/site-packages/airflow/example_dags/example_skip_dag.py for tasks to queue
[2024-02-14T20:48:53.280+0000] {logging_mixin.py:188} INFO - [2024-02-14T20:48:53.279+0000] {dagbag.py:538} INFO - Filling up the DagBag from /home/airflow/.local/lib/python3.8/site-packages/airflow/example_dags/example_skip_dag.py
[2024-02-14T20:48:53.298+0000] {processor.py:840} INFO - DAG(s) 'example_skip_dag' retrieved from /home/airflow/.local/lib/python3.8/site-packages/airflow/example_dags/example_skip_dag.py
[2024-02-14T20:48:53.357+0000] {logging_mixin.py:188} INFO - [2024-02-14T20:48:53.357+0000] {dag.py:3036} INFO - Sync 1 DAGs
[2024-02-14T20:48:53.403+0000] {logging_mixin.py:188} INFO - [2024-02-14T20:48:53.402+0000] {dag.py:3823} INFO - Setting next_dagrun for example_skip_dag to 2024-02-13 00:00:00+00:00, run_after=2024-02-14 00:00:00+00:00
[2024-02-14T20:48:53.473+0000] {processor.py:183} INFO - Processing /home/airflow/.local/lib/python3.8/site-packages/airflow/example_dags/example_skip_dag.py took 0.208 seconds
[2024-02-14T20:49:24.026+0000] {processor.py:161} INFO - Started process (PID=5671) to work on /home/airflow/.local/lib/python3.8/site-packages/airflow/example_dags/example_skip_dag.py
[2024-02-14T20:49:24.028+0000] {processor.py:830} INFO - Processing file /home/airflow/.local/lib/python3.8/site-packages/airflow/example_dags/example_skip_dag.py for tasks to queue
[2024-02-14T20:49:24.031+0000] {logging_mixin.py:188} INFO - [2024-02-14T20:49:24.029+0000] {dagbag.py:538} INFO - Filling up the DagBag from /home/airflow/.local/lib/python3.8/site-packages/airflow/example_dags/example_skip_dag.py
[2024-02-14T20:49:24.050+0000] {processor.py:840} INFO - DAG(s) 'example_skip_dag' retrieved from /home/airflow/.local/lib/python3.8/site-packages/airflow/example_dags/example_skip_dag.py
[2024-02-14T20:49:24.104+0000] {logging_mixin.py:188} INFO - [2024-02-14T20:49:24.104+0000] {dag.py:3036} INFO - Sync 1 DAGs
[2024-02-14T20:49:24.147+0000] {logging_mixin.py:188} INFO - [2024-02-14T20:49:24.147+0000] {dag.py:3823} INFO - Setting next_dagrun for example_skip_dag to 2024-02-13 00:00:00+00:00, run_after=2024-02-14 00:00:00+00:00
[2024-02-14T20:49:24.192+0000] {processor.py:183} INFO - Processing /home/airflow/.local/lib/python3.8/site-packages/airflow/example_dags/example_skip_dag.py took 0.173 seconds
[2024-02-14T20:49:54.270+0000] {processor.py:161} INFO - Started process (PID=5919) to work on /home/airflow/.local/lib/python3.8/site-packages/airflow/example_dags/example_skip_dag.py
[2024-02-14T20:49:54.272+0000] {processor.py:830} INFO - Processing file /home/airflow/.local/lib/python3.8/site-packages/airflow/example_dags/example_skip_dag.py for tasks to queue
[2024-02-14T20:49:54.273+0000] {logging_mixin.py:188} INFO - [2024-02-14T20:49:54.273+0000] {dagbag.py:538} INFO - Filling up the DagBag from /home/airflow/.local/lib/python3.8/site-packages/airflow/example_dags/example_skip_dag.py
[2024-02-14T20:49:54.283+0000] {processor.py:840} INFO - DAG(s) 'example_skip_dag' retrieved from /home/airflow/.local/lib/python3.8/site-packages/airflow/example_dags/example_skip_dag.py
[2024-02-14T20:49:54.324+0000] {logging_mixin.py:188} INFO - [2024-02-14T20:49:54.323+0000] {dag.py:3036} INFO - Sync 1 DAGs
[2024-02-14T20:49:54.373+0000] {logging_mixin.py:188} INFO - [2024-02-14T20:49:54.373+0000] {dag.py:3823} INFO - Setting next_dagrun for example_skip_dag to 2024-02-13 00:00:00+00:00, run_after=2024-02-14 00:00:00+00:00
[2024-02-14T20:49:54.409+0000] {processor.py:183} INFO - Processing /home/airflow/.local/lib/python3.8/site-packages/airflow/example_dags/example_skip_dag.py took 0.143 seconds
[2024-02-14T20:50:24.596+0000] {processor.py:161} INFO - Started process (PID=6161) to work on /home/airflow/.local/lib/python3.8/site-packages/airflow/example_dags/example_skip_dag.py
[2024-02-14T20:50:24.597+0000] {processor.py:830} INFO - Processing file /home/airflow/.local/lib/python3.8/site-packages/airflow/example_dags/example_skip_dag.py for tasks to queue
[2024-02-14T20:50:24.599+0000] {logging_mixin.py:188} INFO - [2024-02-14T20:50:24.598+0000] {dagbag.py:538} INFO - Filling up the DagBag from /home/airflow/.local/lib/python3.8/site-packages/airflow/example_dags/example_skip_dag.py
[2024-02-14T20:50:24.609+0000] {processor.py:840} INFO - DAG(s) 'example_skip_dag' retrieved from /home/airflow/.local/lib/python3.8/site-packages/airflow/example_dags/example_skip_dag.py
[2024-02-14T20:50:24.639+0000] {logging_mixin.py:188} INFO - [2024-02-14T20:50:24.638+0000] {dag.py:3036} INFO - Sync 1 DAGs
[2024-02-14T20:50:24.670+0000] {logging_mixin.py:188} INFO - [2024-02-14T20:50:24.670+0000] {dag.py:3823} INFO - Setting next_dagrun for example_skip_dag to 2024-02-13 00:00:00+00:00, run_after=2024-02-14 00:00:00+00:00
[2024-02-14T20:50:24.700+0000] {processor.py:183} INFO - Processing /home/airflow/.local/lib/python3.8/site-packages/airflow/example_dags/example_skip_dag.py took 0.109 seconds
[2024-02-14T20:50:55.583+0000] {processor.py:161} INFO - Started process (PID=6414) to work on /home/airflow/.local/lib/python3.8/site-packages/airflow/example_dags/example_skip_dag.py
[2024-02-14T20:50:55.585+0000] {processor.py:830} INFO - Processing file /home/airflow/.local/lib/python3.8/site-packages/airflow/example_dags/example_skip_dag.py for tasks to queue
[2024-02-14T20:50:55.587+0000] {logging_mixin.py:188} INFO - [2024-02-14T20:50:55.586+0000] {dagbag.py:538} INFO - Filling up the DagBag from /home/airflow/.local/lib/python3.8/site-packages/airflow/example_dags/example_skip_dag.py
[2024-02-14T20:50:55.598+0000] {processor.py:840} INFO - DAG(s) 'example_skip_dag' retrieved from /home/airflow/.local/lib/python3.8/site-packages/airflow/example_dags/example_skip_dag.py
[2024-02-14T20:50:55.636+0000] {logging_mixin.py:188} INFO - [2024-02-14T20:50:55.635+0000] {dag.py:3036} INFO - Sync 1 DAGs
[2024-02-14T20:50:55.671+0000] {logging_mixin.py:188} INFO - [2024-02-14T20:50:55.670+0000] {dag.py:3823} INFO - Setting next_dagrun for example_skip_dag to 2024-02-13 00:00:00+00:00, run_after=2024-02-14 00:00:00+00:00
[2024-02-14T20:50:55.699+0000] {processor.py:183} INFO - Processing /home/airflow/.local/lib/python3.8/site-packages/airflow/example_dags/example_skip_dag.py took 0.121 seconds
[2024-02-14T20:51:25.931+0000] {processor.py:161} INFO - Started process (PID=6662) to work on /home/airflow/.local/lib/python3.8/site-packages/airflow/example_dags/example_skip_dag.py
[2024-02-14T20:51:25.933+0000] {processor.py:830} INFO - Processing file /home/airflow/.local/lib/python3.8/site-packages/airflow/example_dags/example_skip_dag.py for tasks to queue
[2024-02-14T20:51:25.935+0000] {logging_mixin.py:188} INFO - [2024-02-14T20:51:25.935+0000] {dagbag.py:538} INFO - Filling up the DagBag from /home/airflow/.local/lib/python3.8/site-packages/airflow/example_dags/example_skip_dag.py
[2024-02-14T20:51:25.952+0000] {processor.py:840} INFO - DAG(s) 'example_skip_dag' retrieved from /home/airflow/.local/lib/python3.8/site-packages/airflow/example_dags/example_skip_dag.py
[2024-02-14T20:51:25.995+0000] {logging_mixin.py:188} INFO - [2024-02-14T20:51:25.995+0000] {dag.py:3036} INFO - Sync 1 DAGs
[2024-02-14T20:51:26.038+0000] {logging_mixin.py:188} INFO - [2024-02-14T20:51:26.037+0000] {dag.py:3823} INFO - Setting next_dagrun for example_skip_dag to 2024-02-13 00:00:00+00:00, run_after=2024-02-14 00:00:00+00:00
[2024-02-14T20:51:26.076+0000] {processor.py:183} INFO - Processing /home/airflow/.local/lib/python3.8/site-packages/airflow/example_dags/example_skip_dag.py took 0.152 seconds
[2024-02-14T20:51:56.774+0000] {processor.py:161} INFO - Started process (PID=6909) to work on /home/airflow/.local/lib/python3.8/site-packages/airflow/example_dags/example_skip_dag.py
[2024-02-14T20:51:56.776+0000] {processor.py:830} INFO - Processing file /home/airflow/.local/lib/python3.8/site-packages/airflow/example_dags/example_skip_dag.py for tasks to queue
[2024-02-14T20:51:56.778+0000] {logging_mixin.py:188} INFO - [2024-02-14T20:51:56.777+0000] {dagbag.py:538} INFO - Filling up the DagBag from /home/airflow/.local/lib/python3.8/site-packages/airflow/example_dags/example_skip_dag.py
[2024-02-14T20:51:56.790+0000] {processor.py:840} INFO - DAG(s) 'example_skip_dag' retrieved from /home/airflow/.local/lib/python3.8/site-packages/airflow/example_dags/example_skip_dag.py
[2024-02-14T20:51:56.829+0000] {logging_mixin.py:188} INFO - [2024-02-14T20:51:56.829+0000] {dag.py:3036} INFO - Sync 1 DAGs
[2024-02-14T20:51:56.871+0000] {logging_mixin.py:188} INFO - [2024-02-14T20:51:56.871+0000] {dag.py:3823} INFO - Setting next_dagrun for example_skip_dag to 2024-02-13 00:00:00+00:00, run_after=2024-02-14 00:00:00+00:00
[2024-02-14T20:51:56.902+0000] {processor.py:183} INFO - Processing /home/airflow/.local/lib/python3.8/site-packages/airflow/example_dags/example_skip_dag.py took 0.133 seconds
[2024-02-14T20:52:27.357+0000] {processor.py:161} INFO - Started process (PID=7156) to work on /home/airflow/.local/lib/python3.8/site-packages/airflow/example_dags/example_skip_dag.py
[2024-02-14T20:52:27.358+0000] {processor.py:830} INFO - Processing file /home/airflow/.local/lib/python3.8/site-packages/airflow/example_dags/example_skip_dag.py for tasks to queue
[2024-02-14T20:52:27.360+0000] {logging_mixin.py:188} INFO - [2024-02-14T20:52:27.359+0000] {dagbag.py:538} INFO - Filling up the DagBag from /home/airflow/.local/lib/python3.8/site-packages/airflow/example_dags/example_skip_dag.py
[2024-02-14T20:52:27.371+0000] {processor.py:840} INFO - DAG(s) 'example_skip_dag' retrieved from /home/airflow/.local/lib/python3.8/site-packages/airflow/example_dags/example_skip_dag.py
[2024-02-14T20:52:27.407+0000] {logging_mixin.py:188} INFO - [2024-02-14T20:52:27.406+0000] {dag.py:3036} INFO - Sync 1 DAGs
[2024-02-14T20:52:27.440+0000] {logging_mixin.py:188} INFO - [2024-02-14T20:52:27.440+0000] {dag.py:3823} INFO - Setting next_dagrun for example_skip_dag to 2024-02-13 00:00:00+00:00, run_after=2024-02-14 00:00:00+00:00
[2024-02-14T20:52:27.470+0000] {processor.py:183} INFO - Processing /home/airflow/.local/lib/python3.8/site-packages/airflow/example_dags/example_skip_dag.py took 0.119 seconds
[2024-02-14T20:52:58.031+0000] {processor.py:161} INFO - Started process (PID=7403) to work on /home/airflow/.local/lib/python3.8/site-packages/airflow/example_dags/example_skip_dag.py
[2024-02-14T20:52:58.032+0000] {processor.py:830} INFO - Processing file /home/airflow/.local/lib/python3.8/site-packages/airflow/example_dags/example_skip_dag.py for tasks to queue
[2024-02-14T20:52:58.034+0000] {logging_mixin.py:188} INFO - [2024-02-14T20:52:58.034+0000] {dagbag.py:538} INFO - Filling up the DagBag from /home/airflow/.local/lib/python3.8/site-packages/airflow/example_dags/example_skip_dag.py
[2024-02-14T20:52:58.048+0000] {processor.py:840} INFO - DAG(s) 'example_skip_dag' retrieved from /home/airflow/.local/lib/python3.8/site-packages/airflow/example_dags/example_skip_dag.py
[2024-02-14T20:52:58.090+0000] {logging_mixin.py:188} INFO - [2024-02-14T20:52:58.089+0000] {dag.py:3036} INFO - Sync 1 DAGs
[2024-02-14T20:52:58.133+0000] {logging_mixin.py:188} INFO - [2024-02-14T20:52:58.132+0000] {dag.py:3823} INFO - Setting next_dagrun for example_skip_dag to 2024-02-13 00:00:00+00:00, run_after=2024-02-14 00:00:00+00:00
[2024-02-14T20:52:58.178+0000] {processor.py:183} INFO - Processing /home/airflow/.local/lib/python3.8/site-packages/airflow/example_dags/example_skip_dag.py took 0.155 seconds
[2024-02-14T20:53:28.793+0000] {processor.py:161} INFO - Started process (PID=7650) to work on /home/airflow/.local/lib/python3.8/site-packages/airflow/example_dags/example_skip_dag.py
[2024-02-14T20:53:28.795+0000] {processor.py:830} INFO - Processing file /home/airflow/.local/lib/python3.8/site-packages/airflow/example_dags/example_skip_dag.py for tasks to queue
[2024-02-14T20:53:28.797+0000] {logging_mixin.py:188} INFO - [2024-02-14T20:53:28.796+0000] {dagbag.py:538} INFO - Filling up the DagBag from /home/airflow/.local/lib/python3.8/site-packages/airflow/example_dags/example_skip_dag.py
[2024-02-14T20:53:28.812+0000] {processor.py:840} INFO - DAG(s) 'example_skip_dag' retrieved from /home/airflow/.local/lib/python3.8/site-packages/airflow/example_dags/example_skip_dag.py
[2024-02-14T20:53:28.856+0000] {logging_mixin.py:188} INFO - [2024-02-14T20:53:28.855+0000] {dag.py:3036} INFO - Sync 1 DAGs
[2024-02-14T20:53:28.905+0000] {logging_mixin.py:188} INFO - [2024-02-14T20:53:28.905+0000] {dag.py:3823} INFO - Setting next_dagrun for example_skip_dag to 2024-02-13 00:00:00+00:00, run_after=2024-02-14 00:00:00+00:00
[2024-02-14T20:53:28.944+0000] {processor.py:183} INFO - Processing /home/airflow/.local/lib/python3.8/site-packages/airflow/example_dags/example_skip_dag.py took 0.157 seconds
[2024-02-14T20:53:59.945+0000] {processor.py:161} INFO - Started process (PID=7897) to work on /home/airflow/.local/lib/python3.8/site-packages/airflow/example_dags/example_skip_dag.py
[2024-02-14T20:53:59.947+0000] {processor.py:830} INFO - Processing file /home/airflow/.local/lib/python3.8/site-packages/airflow/example_dags/example_skip_dag.py for tasks to queue
[2024-02-14T20:53:59.950+0000] {logging_mixin.py:188} INFO - [2024-02-14T20:53:59.949+0000] {dagbag.py:538} INFO - Filling up the DagBag from /home/airflow/.local/lib/python3.8/site-packages/airflow/example_dags/example_skip_dag.py
[2024-02-14T20:53:59.973+0000] {processor.py:840} INFO - DAG(s) 'example_skip_dag' retrieved from /home/airflow/.local/lib/python3.8/site-packages/airflow/example_dags/example_skip_dag.py
[2024-02-14T20:54:00.033+0000] {logging_mixin.py:188} INFO - [2024-02-14T20:54:00.032+0000] {dag.py:3036} INFO - Sync 1 DAGs
[2024-02-14T20:54:00.087+0000] {logging_mixin.py:188} INFO - [2024-02-14T20:54:00.086+0000] {dag.py:3823} INFO - Setting next_dagrun for example_skip_dag to 2024-02-13 00:00:00+00:00, run_after=2024-02-14 00:00:00+00:00
[2024-02-14T20:54:00.148+0000] {processor.py:183} INFO - Processing /home/airflow/.local/lib/python3.8/site-packages/airflow/example_dags/example_skip_dag.py took 0.211 seconds
[2024-02-14T20:54:30.474+0000] {processor.py:161} INFO - Started process (PID=8144) to work on /home/airflow/.local/lib/python3.8/site-packages/airflow/example_dags/example_skip_dag.py
[2024-02-14T20:54:30.476+0000] {processor.py:830} INFO - Processing file /home/airflow/.local/lib/python3.8/site-packages/airflow/example_dags/example_skip_dag.py for tasks to queue
[2024-02-14T20:54:30.480+0000] {logging_mixin.py:188} INFO - [2024-02-14T20:54:30.479+0000] {dagbag.py:538} INFO - Filling up the DagBag from /home/airflow/.local/lib/python3.8/site-packages/airflow/example_dags/example_skip_dag.py
[2024-02-14T20:54:30.504+0000] {processor.py:840} INFO - DAG(s) 'example_skip_dag' retrieved from /home/airflow/.local/lib/python3.8/site-packages/airflow/example_dags/example_skip_dag.py
[2024-02-14T20:54:30.590+0000] {logging_mixin.py:188} INFO - [2024-02-14T20:54:30.589+0000] {dag.py:3036} INFO - Sync 1 DAGs
[2024-02-14T20:54:30.739+0000] {logging_mixin.py:188} INFO - [2024-02-14T20:54:30.738+0000] {dag.py:3823} INFO - Setting next_dagrun for example_skip_dag to 2024-02-13 00:00:00+00:00, run_after=2024-02-14 00:00:00+00:00
[2024-02-14T20:54:30.802+0000] {processor.py:183} INFO - Processing /home/airflow/.local/lib/python3.8/site-packages/airflow/example_dags/example_skip_dag.py took 0.337 seconds
[2024-02-14T20:55:01.042+0000] {processor.py:161} INFO - Started process (PID=8391) to work on /home/airflow/.local/lib/python3.8/site-packages/airflow/example_dags/example_skip_dag.py
[2024-02-14T20:55:01.044+0000] {processor.py:830} INFO - Processing file /home/airflow/.local/lib/python3.8/site-packages/airflow/example_dags/example_skip_dag.py for tasks to queue
[2024-02-14T20:55:01.046+0000] {logging_mixin.py:188} INFO - [2024-02-14T20:55:01.046+0000] {dagbag.py:538} INFO - Filling up the DagBag from /home/airflow/.local/lib/python3.8/site-packages/airflow/example_dags/example_skip_dag.py
[2024-02-14T20:55:01.058+0000] {processor.py:840} INFO - DAG(s) 'example_skip_dag' retrieved from /home/airflow/.local/lib/python3.8/site-packages/airflow/example_dags/example_skip_dag.py
[2024-02-14T20:55:01.098+0000] {logging_mixin.py:188} INFO - [2024-02-14T20:55:01.097+0000] {dag.py:3036} INFO - Sync 1 DAGs
[2024-02-14T20:55:01.144+0000] {logging_mixin.py:188} INFO - [2024-02-14T20:55:01.143+0000] {dag.py:3823} INFO - Setting next_dagrun for example_skip_dag to 2024-02-13 00:00:00+00:00, run_after=2024-02-14 00:00:00+00:00
[2024-02-14T20:55:01.181+0000] {processor.py:183} INFO - Processing /home/airflow/.local/lib/python3.8/site-packages/airflow/example_dags/example_skip_dag.py took 0.145 seconds
[2024-02-14T20:55:31.577+0000] {processor.py:161} INFO - Started process (PID=8632) to work on /home/airflow/.local/lib/python3.8/site-packages/airflow/example_dags/example_skip_dag.py
[2024-02-14T20:55:31.579+0000] {processor.py:830} INFO - Processing file /home/airflow/.local/lib/python3.8/site-packages/airflow/example_dags/example_skip_dag.py for tasks to queue
[2024-02-14T20:55:31.580+0000] {logging_mixin.py:188} INFO - [2024-02-14T20:55:31.580+0000] {dagbag.py:538} INFO - Filling up the DagBag from /home/airflow/.local/lib/python3.8/site-packages/airflow/example_dags/example_skip_dag.py
[2024-02-14T20:55:31.593+0000] {processor.py:840} INFO - DAG(s) 'example_skip_dag' retrieved from /home/airflow/.local/lib/python3.8/site-packages/airflow/example_dags/example_skip_dag.py
[2024-02-14T20:55:31.635+0000] {logging_mixin.py:188} INFO - [2024-02-14T20:55:31.634+0000] {dag.py:3036} INFO - Sync 1 DAGs
[2024-02-14T20:55:31.673+0000] {logging_mixin.py:188} INFO - [2024-02-14T20:55:31.673+0000] {dag.py:3823} INFO - Setting next_dagrun for example_skip_dag to 2024-02-13 00:00:00+00:00, run_after=2024-02-14 00:00:00+00:00
[2024-02-14T20:55:31.707+0000] {processor.py:183} INFO - Processing /home/airflow/.local/lib/python3.8/site-packages/airflow/example_dags/example_skip_dag.py took 0.136 seconds
[2024-02-14T20:56:02.596+0000] {processor.py:161} INFO - Started process (PID=8879) to work on /home/airflow/.local/lib/python3.8/site-packages/airflow/example_dags/example_skip_dag.py
[2024-02-14T20:56:02.599+0000] {processor.py:830} INFO - Processing file /home/airflow/.local/lib/python3.8/site-packages/airflow/example_dags/example_skip_dag.py for tasks to queue
[2024-02-14T20:56:02.601+0000] {logging_mixin.py:188} INFO - [2024-02-14T20:56:02.600+0000] {dagbag.py:538} INFO - Filling up the DagBag from /home/airflow/.local/lib/python3.8/site-packages/airflow/example_dags/example_skip_dag.py
[2024-02-14T20:56:02.614+0000] {processor.py:840} INFO - DAG(s) 'example_skip_dag' retrieved from /home/airflow/.local/lib/python3.8/site-packages/airflow/example_dags/example_skip_dag.py
[2024-02-14T20:56:02.655+0000] {logging_mixin.py:188} INFO - [2024-02-14T20:56:02.654+0000] {dag.py:3036} INFO - Sync 1 DAGs
[2024-02-14T20:56:02.696+0000] {logging_mixin.py:188} INFO - [2024-02-14T20:56:02.695+0000] {dag.py:3823} INFO - Setting next_dagrun for example_skip_dag to 2024-02-13 00:00:00+00:00, run_after=2024-02-14 00:00:00+00:00
[2024-02-14T20:56:02.728+0000] {processor.py:183} INFO - Processing /home/airflow/.local/lib/python3.8/site-packages/airflow/example_dags/example_skip_dag.py took 0.139 seconds
[2024-02-14T20:56:33.217+0000] {processor.py:161} INFO - Started process (PID=9125) to work on /home/airflow/.local/lib/python3.8/site-packages/airflow/example_dags/example_skip_dag.py
[2024-02-14T20:56:33.221+0000] {processor.py:830} INFO - Processing file /home/airflow/.local/lib/python3.8/site-packages/airflow/example_dags/example_skip_dag.py for tasks to queue
[2024-02-14T20:56:33.225+0000] {logging_mixin.py:188} INFO - [2024-02-14T20:56:33.224+0000] {dagbag.py:538} INFO - Filling up the DagBag from /home/airflow/.local/lib/python3.8/site-packages/airflow/example_dags/example_skip_dag.py
[2024-02-14T20:56:33.260+0000] {processor.py:840} INFO - DAG(s) 'example_skip_dag' retrieved from /home/airflow/.local/lib/python3.8/site-packages/airflow/example_dags/example_skip_dag.py
[2024-02-14T20:56:33.346+0000] {logging_mixin.py:188} INFO - [2024-02-14T20:56:33.345+0000] {dag.py:3036} INFO - Sync 1 DAGs
[2024-02-14T20:56:33.454+0000] {logging_mixin.py:188} INFO - [2024-02-14T20:56:33.453+0000] {dag.py:3823} INFO - Setting next_dagrun for example_skip_dag to 2024-02-13 00:00:00+00:00, run_after=2024-02-14 00:00:00+00:00
[2024-02-14T20:56:33.534+0000] {processor.py:183} INFO - Processing /home/airflow/.local/lib/python3.8/site-packages/airflow/example_dags/example_skip_dag.py took 0.332 seconds
[2024-02-14T20:57:04.186+0000] {processor.py:161} INFO - Started process (PID=9374) to work on /home/airflow/.local/lib/python3.8/site-packages/airflow/example_dags/example_skip_dag.py
[2024-02-14T20:57:04.194+0000] {processor.py:830} INFO - Processing file /home/airflow/.local/lib/python3.8/site-packages/airflow/example_dags/example_skip_dag.py for tasks to queue
[2024-02-14T20:57:04.199+0000] {logging_mixin.py:188} INFO - [2024-02-14T20:57:04.198+0000] {dagbag.py:538} INFO - Filling up the DagBag from /home/airflow/.local/lib/python3.8/site-packages/airflow/example_dags/example_skip_dag.py
[2024-02-14T20:57:04.223+0000] {processor.py:840} INFO - DAG(s) 'example_skip_dag' retrieved from /home/airflow/.local/lib/python3.8/site-packages/airflow/example_dags/example_skip_dag.py
[2024-02-14T20:57:04.298+0000] {logging_mixin.py:188} INFO - [2024-02-14T20:57:04.297+0000] {dag.py:3036} INFO - Sync 1 DAGs
[2024-02-14T20:57:04.360+0000] {logging_mixin.py:188} INFO - [2024-02-14T20:57:04.360+0000] {dag.py:3823} INFO - Setting next_dagrun for example_skip_dag to 2024-02-13 00:00:00+00:00, run_after=2024-02-14 00:00:00+00:00
[2024-02-14T20:57:04.402+0000] {processor.py:183} INFO - Processing /home/airflow/.local/lib/python3.8/site-packages/airflow/example_dags/example_skip_dag.py took 0.229 seconds
[2024-02-14T20:57:34.776+0000] {processor.py:161} INFO - Started process (PID=9619) to work on /home/airflow/.local/lib/python3.8/site-packages/airflow/example_dags/example_skip_dag.py
[2024-02-14T20:57:34.781+0000] {processor.py:830} INFO - Processing file /home/airflow/.local/lib/python3.8/site-packages/airflow/example_dags/example_skip_dag.py for tasks to queue
[2024-02-14T20:57:34.785+0000] {logging_mixin.py:188} INFO - [2024-02-14T20:57:34.784+0000] {dagbag.py:538} INFO - Filling up the DagBag from /home/airflow/.local/lib/python3.8/site-packages/airflow/example_dags/example_skip_dag.py
[2024-02-14T20:57:34.818+0000] {processor.py:840} INFO - DAG(s) 'example_skip_dag' retrieved from /home/airflow/.local/lib/python3.8/site-packages/airflow/example_dags/example_skip_dag.py
[2024-02-14T20:57:34.921+0000] {logging_mixin.py:188} INFO - [2024-02-14T20:57:34.920+0000] {dag.py:3036} INFO - Sync 1 DAGs
[2024-02-14T20:57:34.978+0000] {logging_mixin.py:188} INFO - [2024-02-14T20:57:34.978+0000] {dag.py:3823} INFO - Setting next_dagrun for example_skip_dag to 2024-02-13 00:00:00+00:00, run_after=2024-02-14 00:00:00+00:00
[2024-02-14T20:57:35.014+0000] {processor.py:183} INFO - Processing /home/airflow/.local/lib/python3.8/site-packages/airflow/example_dags/example_skip_dag.py took 0.252 seconds
