[2024-02-14T20:38:10.776+0000] {processor.py:161} INFO - Started process (PID=272) to work on /home/airflow/.local/lib/python3.8/site-packages/airflow/example_dags/example_setup_teardown.py
[2024-02-14T20:38:10.781+0000] {processor.py:830} INFO - Processing file /home/airflow/.local/lib/python3.8/site-packages/airflow/example_dags/example_setup_teardown.py for tasks to queue
[2024-02-14T20:38:10.784+0000] {logging_mixin.py:188} INFO - [2024-02-14T20:38:10.783+0000] {dagbag.py:538} INFO - Filling up the DagBag from /home/airflow/.local/lib/python3.8/site-packages/airflow/example_dags/example_setup_teardown.py
[2024-02-14T20:38:10.886+0000] {processor.py:840} INFO - DAG(s) 'example_setup_teardown' retrieved from /home/airflow/.local/lib/python3.8/site-packages/airflow/example_dags/example_setup_teardown.py
[2024-02-14T20:38:11.591+0000] {logging_mixin.py:188} INFO - [2024-02-14T20:38:11.591+0000] {dag.py:3036} INFO - Sync 1 DAGs
[2024-02-14T20:38:11.689+0000] {logging_mixin.py:188} INFO - [2024-02-14T20:38:11.688+0000] {dag.py:3823} INFO - Setting next_dagrun for example_setup_teardown to 2024-02-13 00:00:00+00:00, run_after=2024-02-14 00:00:00+00:00
[2024-02-14T20:38:11.848+0000] {processor.py:183} INFO - Processing /home/airflow/.local/lib/python3.8/site-packages/airflow/example_dags/example_setup_teardown.py took 1.080 seconds
[2024-02-14T20:38:42.742+0000] {processor.py:161} INFO - Started process (PID=521) to work on /home/airflow/.local/lib/python3.8/site-packages/airflow/example_dags/example_setup_teardown.py
[2024-02-14T20:38:42.744+0000] {processor.py:830} INFO - Processing file /home/airflow/.local/lib/python3.8/site-packages/airflow/example_dags/example_setup_teardown.py for tasks to queue
[2024-02-14T20:38:42.746+0000] {logging_mixin.py:188} INFO - [2024-02-14T20:38:42.745+0000] {dagbag.py:538} INFO - Filling up the DagBag from /home/airflow/.local/lib/python3.8/site-packages/airflow/example_dags/example_setup_teardown.py
[2024-02-14T20:38:42.762+0000] {processor.py:840} INFO - DAG(s) 'example_setup_teardown' retrieved from /home/airflow/.local/lib/python3.8/site-packages/airflow/example_dags/example_setup_teardown.py
[2024-02-14T20:38:42.799+0000] {logging_mixin.py:188} INFO - [2024-02-14T20:38:42.799+0000] {dag.py:3036} INFO - Sync 1 DAGs
[2024-02-14T20:38:42.848+0000] {logging_mixin.py:188} INFO - [2024-02-14T20:38:42.847+0000] {dag.py:3823} INFO - Setting next_dagrun for example_setup_teardown to 2024-02-13 00:00:00+00:00, run_after=2024-02-14 00:00:00+00:00
[2024-02-14T20:38:42.886+0000] {processor.py:183} INFO - Processing /home/airflow/.local/lib/python3.8/site-packages/airflow/example_dags/example_setup_teardown.py took 0.149 seconds
[2024-02-14T20:39:13.247+0000] {processor.py:161} INFO - Started process (PID=768) to work on /home/airflow/.local/lib/python3.8/site-packages/airflow/example_dags/example_setup_teardown.py
[2024-02-14T20:39:13.252+0000] {processor.py:830} INFO - Processing file /home/airflow/.local/lib/python3.8/site-packages/airflow/example_dags/example_setup_teardown.py for tasks to queue
[2024-02-14T20:39:13.256+0000] {logging_mixin.py:188} INFO - [2024-02-14T20:39:13.255+0000] {dagbag.py:538} INFO - Filling up the DagBag from /home/airflow/.local/lib/python3.8/site-packages/airflow/example_dags/example_setup_teardown.py
[2024-02-14T20:39:13.275+0000] {processor.py:840} INFO - DAG(s) 'example_setup_teardown' retrieved from /home/airflow/.local/lib/python3.8/site-packages/airflow/example_dags/example_setup_teardown.py
[2024-02-14T20:39:13.330+0000] {logging_mixin.py:188} INFO - [2024-02-14T20:39:13.329+0000] {dag.py:3036} INFO - Sync 1 DAGs
[2024-02-14T20:39:13.395+0000] {logging_mixin.py:188} INFO - [2024-02-14T20:39:13.394+0000] {dag.py:3823} INFO - Setting next_dagrun for example_setup_teardown to 2024-02-13 00:00:00+00:00, run_after=2024-02-14 00:00:00+00:00
[2024-02-14T20:39:13.449+0000] {processor.py:183} INFO - Processing /home/airflow/.local/lib/python3.8/site-packages/airflow/example_dags/example_setup_teardown.py took 0.209 seconds
[2024-02-14T20:39:43.974+0000] {processor.py:161} INFO - Started process (PID=1015) to work on /home/airflow/.local/lib/python3.8/site-packages/airflow/example_dags/example_setup_teardown.py
[2024-02-14T20:39:43.979+0000] {processor.py:830} INFO - Processing file /home/airflow/.local/lib/python3.8/site-packages/airflow/example_dags/example_setup_teardown.py for tasks to queue
[2024-02-14T20:39:43.982+0000] {logging_mixin.py:188} INFO - [2024-02-14T20:39:43.981+0000] {dagbag.py:538} INFO - Filling up the DagBag from /home/airflow/.local/lib/python3.8/site-packages/airflow/example_dags/example_setup_teardown.py
[2024-02-14T20:39:44.011+0000] {processor.py:840} INFO - DAG(s) 'example_setup_teardown' retrieved from /home/airflow/.local/lib/python3.8/site-packages/airflow/example_dags/example_setup_teardown.py
[2024-02-14T20:39:44.093+0000] {logging_mixin.py:188} INFO - [2024-02-14T20:39:44.092+0000] {dag.py:3036} INFO - Sync 1 DAGs
[2024-02-14T20:39:44.191+0000] {logging_mixin.py:188} INFO - [2024-02-14T20:39:44.187+0000] {dag.py:3823} INFO - Setting next_dagrun for example_setup_teardown to 2024-02-13 00:00:00+00:00, run_after=2024-02-14 00:00:00+00:00
[2024-02-14T20:39:44.282+0000] {processor.py:183} INFO - Processing /home/airflow/.local/lib/python3.8/site-packages/airflow/example_dags/example_setup_teardown.py took 0.321 seconds
[2024-02-14T20:40:15.205+0000] {processor.py:161} INFO - Started process (PID=1263) to work on /home/airflow/.local/lib/python3.8/site-packages/airflow/example_dags/example_setup_teardown.py
[2024-02-14T20:40:15.211+0000] {processor.py:830} INFO - Processing file /home/airflow/.local/lib/python3.8/site-packages/airflow/example_dags/example_setup_teardown.py for tasks to queue
[2024-02-14T20:40:15.217+0000] {logging_mixin.py:188} INFO - [2024-02-14T20:40:15.215+0000] {dagbag.py:538} INFO - Filling up the DagBag from /home/airflow/.local/lib/python3.8/site-packages/airflow/example_dags/example_setup_teardown.py
[2024-02-14T20:40:15.260+0000] {processor.py:840} INFO - DAG(s) 'example_setup_teardown' retrieved from /home/airflow/.local/lib/python3.8/site-packages/airflow/example_dags/example_setup_teardown.py
[2024-02-14T20:40:15.367+0000] {logging_mixin.py:188} INFO - [2024-02-14T20:40:15.365+0000] {dag.py:3036} INFO - Sync 1 DAGs
[2024-02-14T20:40:15.488+0000] {logging_mixin.py:188} INFO - [2024-02-14T20:40:15.487+0000] {dag.py:3823} INFO - Setting next_dagrun for example_setup_teardown to 2024-02-13 00:00:00+00:00, run_after=2024-02-14 00:00:00+00:00
[2024-02-14T20:40:15.627+0000] {processor.py:183} INFO - Processing /home/airflow/.local/lib/python3.8/site-packages/airflow/example_dags/example_setup_teardown.py took 0.437 seconds
[2024-02-14T20:40:45.824+0000] {processor.py:161} INFO - Started process (PID=1510) to work on /home/airflow/.local/lib/python3.8/site-packages/airflow/example_dags/example_setup_teardown.py
[2024-02-14T20:40:45.827+0000] {processor.py:830} INFO - Processing file /home/airflow/.local/lib/python3.8/site-packages/airflow/example_dags/example_setup_teardown.py for tasks to queue
[2024-02-14T20:40:45.829+0000] {logging_mixin.py:188} INFO - [2024-02-14T20:40:45.828+0000] {dagbag.py:538} INFO - Filling up the DagBag from /home/airflow/.local/lib/python3.8/site-packages/airflow/example_dags/example_setup_teardown.py
[2024-02-14T20:40:45.848+0000] {processor.py:840} INFO - DAG(s) 'example_setup_teardown' retrieved from /home/airflow/.local/lib/python3.8/site-packages/airflow/example_dags/example_setup_teardown.py
[2024-02-14T20:40:45.899+0000] {logging_mixin.py:188} INFO - [2024-02-14T20:40:45.898+0000] {dag.py:3036} INFO - Sync 1 DAGs
[2024-02-14T20:40:45.951+0000] {logging_mixin.py:188} INFO - [2024-02-14T20:40:45.950+0000] {dag.py:3823} INFO - Setting next_dagrun for example_setup_teardown to 2024-02-13 00:00:00+00:00, run_after=2024-02-14 00:00:00+00:00
[2024-02-14T20:40:46.012+0000] {processor.py:183} INFO - Processing /home/airflow/.local/lib/python3.8/site-packages/airflow/example_dags/example_setup_teardown.py took 0.197 seconds
[2024-02-14T20:41:16.329+0000] {processor.py:161} INFO - Started process (PID=1757) to work on /home/airflow/.local/lib/python3.8/site-packages/airflow/example_dags/example_setup_teardown.py
[2024-02-14T20:41:16.335+0000] {processor.py:830} INFO - Processing file /home/airflow/.local/lib/python3.8/site-packages/airflow/example_dags/example_setup_teardown.py for tasks to queue
[2024-02-14T20:41:16.340+0000] {logging_mixin.py:188} INFO - [2024-02-14T20:41:16.338+0000] {dagbag.py:538} INFO - Filling up the DagBag from /home/airflow/.local/lib/python3.8/site-packages/airflow/example_dags/example_setup_teardown.py
[2024-02-14T20:41:16.374+0000] {processor.py:840} INFO - DAG(s) 'example_setup_teardown' retrieved from /home/airflow/.local/lib/python3.8/site-packages/airflow/example_dags/example_setup_teardown.py
[2024-02-14T20:41:16.499+0000] {logging_mixin.py:188} INFO - [2024-02-14T20:41:16.497+0000] {dag.py:3036} INFO - Sync 1 DAGs
[2024-02-14T20:41:16.620+0000] {logging_mixin.py:188} INFO - [2024-02-14T20:41:16.619+0000] {dag.py:3823} INFO - Setting next_dagrun for example_setup_teardown to 2024-02-13 00:00:00+00:00, run_after=2024-02-14 00:00:00+00:00
[2024-02-14T20:41:16.720+0000] {processor.py:183} INFO - Processing /home/airflow/.local/lib/python3.8/site-packages/airflow/example_dags/example_setup_teardown.py took 0.405 seconds
[2024-02-14T20:41:47.408+0000] {processor.py:161} INFO - Started process (PID=2004) to work on /home/airflow/.local/lib/python3.8/site-packages/airflow/example_dags/example_setup_teardown.py
[2024-02-14T20:41:47.411+0000] {processor.py:830} INFO - Processing file /home/airflow/.local/lib/python3.8/site-packages/airflow/example_dags/example_setup_teardown.py for tasks to queue
[2024-02-14T20:41:47.414+0000] {logging_mixin.py:188} INFO - [2024-02-14T20:41:47.413+0000] {dagbag.py:538} INFO - Filling up the DagBag from /home/airflow/.local/lib/python3.8/site-packages/airflow/example_dags/example_setup_teardown.py
[2024-02-14T20:41:47.436+0000] {processor.py:840} INFO - DAG(s) 'example_setup_teardown' retrieved from /home/airflow/.local/lib/python3.8/site-packages/airflow/example_dags/example_setup_teardown.py
[2024-02-14T20:41:47.501+0000] {logging_mixin.py:188} INFO - [2024-02-14T20:41:47.500+0000] {dag.py:3036} INFO - Sync 1 DAGs
[2024-02-14T20:41:47.568+0000] {logging_mixin.py:188} INFO - [2024-02-14T20:41:47.567+0000] {dag.py:3823} INFO - Setting next_dagrun for example_setup_teardown to 2024-02-13 00:00:00+00:00, run_after=2024-02-14 00:00:00+00:00
[2024-02-14T20:41:47.630+0000] {processor.py:183} INFO - Processing /home/airflow/.local/lib/python3.8/site-packages/airflow/example_dags/example_setup_teardown.py took 0.231 seconds
[2024-02-14T20:42:17.854+0000] {processor.py:161} INFO - Started process (PID=2251) to work on /home/airflow/.local/lib/python3.8/site-packages/airflow/example_dags/example_setup_teardown.py
[2024-02-14T20:42:17.856+0000] {processor.py:830} INFO - Processing file /home/airflow/.local/lib/python3.8/site-packages/airflow/example_dags/example_setup_teardown.py for tasks to queue
[2024-02-14T20:42:17.858+0000] {logging_mixin.py:188} INFO - [2024-02-14T20:42:17.857+0000] {dagbag.py:538} INFO - Filling up the DagBag from /home/airflow/.local/lib/python3.8/site-packages/airflow/example_dags/example_setup_teardown.py
[2024-02-14T20:42:17.874+0000] {processor.py:840} INFO - DAG(s) 'example_setup_teardown' retrieved from /home/airflow/.local/lib/python3.8/site-packages/airflow/example_dags/example_setup_teardown.py
[2024-02-14T20:42:17.917+0000] {logging_mixin.py:188} INFO - [2024-02-14T20:42:17.917+0000] {dag.py:3036} INFO - Sync 1 DAGs
[2024-02-14T20:42:17.968+0000] {logging_mixin.py:188} INFO - [2024-02-14T20:42:17.967+0000] {dag.py:3823} INFO - Setting next_dagrun for example_setup_teardown to 2024-02-13 00:00:00+00:00, run_after=2024-02-14 00:00:00+00:00
[2024-02-14T20:42:18.068+0000] {processor.py:183} INFO - Processing /home/airflow/.local/lib/python3.8/site-packages/airflow/example_dags/example_setup_teardown.py took 0.220 seconds
[2024-02-14T20:42:48.748+0000] {processor.py:161} INFO - Started process (PID=2498) to work on /home/airflow/.local/lib/python3.8/site-packages/airflow/example_dags/example_setup_teardown.py
[2024-02-14T20:42:48.752+0000] {processor.py:830} INFO - Processing file /home/airflow/.local/lib/python3.8/site-packages/airflow/example_dags/example_setup_teardown.py for tasks to queue
[2024-02-14T20:42:48.756+0000] {logging_mixin.py:188} INFO - [2024-02-14T20:42:48.755+0000] {dagbag.py:538} INFO - Filling up the DagBag from /home/airflow/.local/lib/python3.8/site-packages/airflow/example_dags/example_setup_teardown.py
[2024-02-14T20:42:48.784+0000] {processor.py:840} INFO - DAG(s) 'example_setup_teardown' retrieved from /home/airflow/.local/lib/python3.8/site-packages/airflow/example_dags/example_setup_teardown.py
[2024-02-14T20:42:48.891+0000] {logging_mixin.py:188} INFO - [2024-02-14T20:42:48.880+0000] {dag.py:3036} INFO - Sync 1 DAGs
[2024-02-14T20:42:49.012+0000] {logging_mixin.py:188} INFO - [2024-02-14T20:42:49.011+0000] {dag.py:3823} INFO - Setting next_dagrun for example_setup_teardown to 2024-02-13 00:00:00+00:00, run_after=2024-02-14 00:00:00+00:00
[2024-02-14T20:42:49.070+0000] {processor.py:183} INFO - Processing /home/airflow/.local/lib/python3.8/site-packages/airflow/example_dags/example_setup_teardown.py took 0.334 seconds
[2024-02-14T20:43:19.182+0000] {processor.py:161} INFO - Started process (PID=2746) to work on /home/airflow/.local/lib/python3.8/site-packages/airflow/example_dags/example_setup_teardown.py
[2024-02-14T20:43:19.187+0000] {processor.py:830} INFO - Processing file /home/airflow/.local/lib/python3.8/site-packages/airflow/example_dags/example_setup_teardown.py for tasks to queue
[2024-02-14T20:43:19.192+0000] {logging_mixin.py:188} INFO - [2024-02-14T20:43:19.191+0000] {dagbag.py:538} INFO - Filling up the DagBag from /home/airflow/.local/lib/python3.8/site-packages/airflow/example_dags/example_setup_teardown.py
[2024-02-14T20:43:19.230+0000] {processor.py:840} INFO - DAG(s) 'example_setup_teardown' retrieved from /home/airflow/.local/lib/python3.8/site-packages/airflow/example_dags/example_setup_teardown.py
[2024-02-14T20:43:19.280+0000] {logging_mixin.py:188} INFO - [2024-02-14T20:43:19.280+0000] {dag.py:3036} INFO - Sync 1 DAGs
[2024-02-14T20:43:19.318+0000] {logging_mixin.py:188} INFO - [2024-02-14T20:43:19.317+0000] {dag.py:3823} INFO - Setting next_dagrun for example_setup_teardown to 2024-02-13 00:00:00+00:00, run_after=2024-02-14 00:00:00+00:00
[2024-02-14T20:43:19.369+0000] {processor.py:183} INFO - Processing /home/airflow/.local/lib/python3.8/site-packages/airflow/example_dags/example_setup_teardown.py took 0.202 seconds
[2024-02-14T20:43:49.544+0000] {processor.py:161} INFO - Started process (PID=2990) to work on /home/airflow/.local/lib/python3.8/site-packages/airflow/example_dags/example_setup_teardown.py
[2024-02-14T20:43:49.548+0000] {processor.py:830} INFO - Processing file /home/airflow/.local/lib/python3.8/site-packages/airflow/example_dags/example_setup_teardown.py for tasks to queue
[2024-02-14T20:43:49.552+0000] {logging_mixin.py:188} INFO - [2024-02-14T20:43:49.551+0000] {dagbag.py:538} INFO - Filling up the DagBag from /home/airflow/.local/lib/python3.8/site-packages/airflow/example_dags/example_setup_teardown.py
[2024-02-14T20:43:49.581+0000] {processor.py:840} INFO - DAG(s) 'example_setup_teardown' retrieved from /home/airflow/.local/lib/python3.8/site-packages/airflow/example_dags/example_setup_teardown.py
[2024-02-14T20:43:49.664+0000] {logging_mixin.py:188} INFO - [2024-02-14T20:43:49.663+0000] {dag.py:3036} INFO - Sync 1 DAGs
[2024-02-14T20:43:49.762+0000] {logging_mixin.py:188} INFO - [2024-02-14T20:43:49.761+0000] {dag.py:3823} INFO - Setting next_dagrun for example_setup_teardown to 2024-02-13 00:00:00+00:00, run_after=2024-02-14 00:00:00+00:00
[2024-02-14T20:43:49.848+0000] {processor.py:183} INFO - Processing /home/airflow/.local/lib/python3.8/site-packages/airflow/example_dags/example_setup_teardown.py took 0.318 seconds
[2024-02-14T20:44:20.390+0000] {processor.py:161} INFO - Started process (PID=3240) to work on /home/airflow/.local/lib/python3.8/site-packages/airflow/example_dags/example_setup_teardown.py
[2024-02-14T20:44:20.394+0000] {processor.py:830} INFO - Processing file /home/airflow/.local/lib/python3.8/site-packages/airflow/example_dags/example_setup_teardown.py for tasks to queue
[2024-02-14T20:44:20.398+0000] {logging_mixin.py:188} INFO - [2024-02-14T20:44:20.396+0000] {dagbag.py:538} INFO - Filling up the DagBag from /home/airflow/.local/lib/python3.8/site-packages/airflow/example_dags/example_setup_teardown.py
[2024-02-14T20:44:20.428+0000] {processor.py:840} INFO - DAG(s) 'example_setup_teardown' retrieved from /home/airflow/.local/lib/python3.8/site-packages/airflow/example_dags/example_setup_teardown.py
[2024-02-14T20:44:20.516+0000] {logging_mixin.py:188} INFO - [2024-02-14T20:44:20.516+0000] {dag.py:3036} INFO - Sync 1 DAGs
[2024-02-14T20:44:20.563+0000] {logging_mixin.py:188} INFO - [2024-02-14T20:44:20.562+0000] {dag.py:3823} INFO - Setting next_dagrun for example_setup_teardown to 2024-02-13 00:00:00+00:00, run_after=2024-02-14 00:00:00+00:00
[2024-02-14T20:44:20.602+0000] {processor.py:183} INFO - Processing /home/airflow/.local/lib/python3.8/site-packages/airflow/example_dags/example_setup_teardown.py took 0.225 seconds
[2024-02-14T20:44:51.175+0000] {processor.py:161} INFO - Started process (PID=3486) to work on /home/airflow/.local/lib/python3.8/site-packages/airflow/example_dags/example_setup_teardown.py
[2024-02-14T20:44:51.178+0000] {processor.py:830} INFO - Processing file /home/airflow/.local/lib/python3.8/site-packages/airflow/example_dags/example_setup_teardown.py for tasks to queue
[2024-02-14T20:44:51.180+0000] {logging_mixin.py:188} INFO - [2024-02-14T20:44:51.180+0000] {dagbag.py:538} INFO - Filling up the DagBag from /home/airflow/.local/lib/python3.8/site-packages/airflow/example_dags/example_setup_teardown.py
[2024-02-14T20:44:51.207+0000] {processor.py:840} INFO - DAG(s) 'example_setup_teardown' retrieved from /home/airflow/.local/lib/python3.8/site-packages/airflow/example_dags/example_setup_teardown.py
[2024-02-14T20:44:51.368+0000] {logging_mixin.py:188} INFO - [2024-02-14T20:44:51.367+0000] {dag.py:3036} INFO - Sync 1 DAGs
[2024-02-14T20:44:51.498+0000] {logging_mixin.py:188} INFO - [2024-02-14T20:44:51.497+0000] {dag.py:3823} INFO - Setting next_dagrun for example_setup_teardown to 2024-02-13 00:00:00+00:00, run_after=2024-02-14 00:00:00+00:00
[2024-02-14T20:44:51.558+0000] {processor.py:183} INFO - Processing /home/airflow/.local/lib/python3.8/site-packages/airflow/example_dags/example_setup_teardown.py took 0.390 seconds
[2024-02-14T20:45:21.703+0000] {processor.py:161} INFO - Started process (PID=3735) to work on /home/airflow/.local/lib/python3.8/site-packages/airflow/example_dags/example_setup_teardown.py
[2024-02-14T20:45:21.705+0000] {processor.py:830} INFO - Processing file /home/airflow/.local/lib/python3.8/site-packages/airflow/example_dags/example_setup_teardown.py for tasks to queue
[2024-02-14T20:45:21.706+0000] {logging_mixin.py:188} INFO - [2024-02-14T20:45:21.706+0000] {dagbag.py:538} INFO - Filling up the DagBag from /home/airflow/.local/lib/python3.8/site-packages/airflow/example_dags/example_setup_teardown.py
[2024-02-14T20:45:21.717+0000] {processor.py:840} INFO - DAG(s) 'example_setup_teardown' retrieved from /home/airflow/.local/lib/python3.8/site-packages/airflow/example_dags/example_setup_teardown.py
[2024-02-14T20:45:21.746+0000] {logging_mixin.py:188} INFO - [2024-02-14T20:45:21.745+0000] {dag.py:3036} INFO - Sync 1 DAGs
[2024-02-14T20:45:21.777+0000] {logging_mixin.py:188} INFO - [2024-02-14T20:45:21.777+0000] {dag.py:3823} INFO - Setting next_dagrun for example_setup_teardown to 2024-02-13 00:00:00+00:00, run_after=2024-02-14 00:00:00+00:00
[2024-02-14T20:45:21.805+0000] {processor.py:183} INFO - Processing /home/airflow/.local/lib/python3.8/site-packages/airflow/example_dags/example_setup_teardown.py took 0.106 seconds
[2024-02-14T20:45:52.414+0000] {processor.py:161} INFO - Started process (PID=3982) to work on /home/airflow/.local/lib/python3.8/site-packages/airflow/example_dags/example_setup_teardown.py
[2024-02-14T20:45:52.417+0000] {processor.py:830} INFO - Processing file /home/airflow/.local/lib/python3.8/site-packages/airflow/example_dags/example_setup_teardown.py for tasks to queue
[2024-02-14T20:45:52.419+0000] {logging_mixin.py:188} INFO - [2024-02-14T20:45:52.419+0000] {dagbag.py:538} INFO - Filling up the DagBag from /home/airflow/.local/lib/python3.8/site-packages/airflow/example_dags/example_setup_teardown.py
[2024-02-14T20:45:52.439+0000] {processor.py:840} INFO - DAG(s) 'example_setup_teardown' retrieved from /home/airflow/.local/lib/python3.8/site-packages/airflow/example_dags/example_setup_teardown.py
[2024-02-14T20:45:52.508+0000] {logging_mixin.py:188} INFO - [2024-02-14T20:45:52.507+0000] {dag.py:3036} INFO - Sync 1 DAGs
[2024-02-14T20:45:52.569+0000] {logging_mixin.py:188} INFO - [2024-02-14T20:45:52.568+0000] {dag.py:3823} INFO - Setting next_dagrun for example_setup_teardown to 2024-02-13 00:00:00+00:00, run_after=2024-02-14 00:00:00+00:00
[2024-02-14T20:45:52.619+0000] {processor.py:183} INFO - Processing /home/airflow/.local/lib/python3.8/site-packages/airflow/example_dags/example_setup_teardown.py took 0.218 seconds
[2024-02-14T20:46:23.201+0000] {processor.py:161} INFO - Started process (PID=4227) to work on /home/airflow/.local/lib/python3.8/site-packages/airflow/example_dags/example_setup_teardown.py
[2024-02-14T20:46:23.203+0000] {processor.py:830} INFO - Processing file /home/airflow/.local/lib/python3.8/site-packages/airflow/example_dags/example_setup_teardown.py for tasks to queue
[2024-02-14T20:46:23.205+0000] {logging_mixin.py:188} INFO - [2024-02-14T20:46:23.204+0000] {dagbag.py:538} INFO - Filling up the DagBag from /home/airflow/.local/lib/python3.8/site-packages/airflow/example_dags/example_setup_teardown.py
[2024-02-14T20:46:23.216+0000] {processor.py:840} INFO - DAG(s) 'example_setup_teardown' retrieved from /home/airflow/.local/lib/python3.8/site-packages/airflow/example_dags/example_setup_teardown.py
[2024-02-14T20:46:23.246+0000] {logging_mixin.py:188} INFO - [2024-02-14T20:46:23.246+0000] {dag.py:3036} INFO - Sync 1 DAGs
[2024-02-14T20:46:23.281+0000] {logging_mixin.py:188} INFO - [2024-02-14T20:46:23.280+0000] {dag.py:3823} INFO - Setting next_dagrun for example_setup_teardown to 2024-02-13 00:00:00+00:00, run_after=2024-02-14 00:00:00+00:00
[2024-02-14T20:46:23.310+0000] {processor.py:183} INFO - Processing /home/airflow/.local/lib/python3.8/site-packages/airflow/example_dags/example_setup_teardown.py took 0.113 seconds
[2024-02-14T20:46:53.797+0000] {processor.py:161} INFO - Started process (PID=4475) to work on /home/airflow/.local/lib/python3.8/site-packages/airflow/example_dags/example_setup_teardown.py
[2024-02-14T20:46:53.801+0000] {processor.py:830} INFO - Processing file /home/airflow/.local/lib/python3.8/site-packages/airflow/example_dags/example_setup_teardown.py for tasks to queue
[2024-02-14T20:46:53.806+0000] {logging_mixin.py:188} INFO - [2024-02-14T20:46:53.805+0000] {dagbag.py:538} INFO - Filling up the DagBag from /home/airflow/.local/lib/python3.8/site-packages/airflow/example_dags/example_setup_teardown.py
[2024-02-14T20:46:53.834+0000] {processor.py:840} INFO - DAG(s) 'example_setup_teardown' retrieved from /home/airflow/.local/lib/python3.8/site-packages/airflow/example_dags/example_setup_teardown.py
[2024-02-14T20:46:53.911+0000] {logging_mixin.py:188} INFO - [2024-02-14T20:46:53.910+0000] {dag.py:3036} INFO - Sync 1 DAGs
[2024-02-14T20:46:53.945+0000] {logging_mixin.py:188} INFO - [2024-02-14T20:46:53.945+0000] {dag.py:3823} INFO - Setting next_dagrun for example_setup_teardown to 2024-02-13 00:00:00+00:00, run_after=2024-02-14 00:00:00+00:00
[2024-02-14T20:46:53.973+0000] {processor.py:183} INFO - Processing /home/airflow/.local/lib/python3.8/site-packages/airflow/example_dags/example_setup_teardown.py took 0.189 seconds
[2024-02-14T20:47:24.776+0000] {processor.py:161} INFO - Started process (PID=4722) to work on /home/airflow/.local/lib/python3.8/site-packages/airflow/example_dags/example_setup_teardown.py
[2024-02-14T20:47:24.778+0000] {processor.py:830} INFO - Processing file /home/airflow/.local/lib/python3.8/site-packages/airflow/example_dags/example_setup_teardown.py for tasks to queue
[2024-02-14T20:47:24.780+0000] {logging_mixin.py:188} INFO - [2024-02-14T20:47:24.780+0000] {dagbag.py:538} INFO - Filling up the DagBag from /home/airflow/.local/lib/python3.8/site-packages/airflow/example_dags/example_setup_teardown.py
[2024-02-14T20:47:24.795+0000] {processor.py:840} INFO - DAG(s) 'example_setup_teardown' retrieved from /home/airflow/.local/lib/python3.8/site-packages/airflow/example_dags/example_setup_teardown.py
[2024-02-14T20:47:24.848+0000] {logging_mixin.py:188} INFO - [2024-02-14T20:47:24.848+0000] {dag.py:3036} INFO - Sync 1 DAGs
[2024-02-14T20:47:24.897+0000] {logging_mixin.py:188} INFO - [2024-02-14T20:47:24.896+0000] {dag.py:3823} INFO - Setting next_dagrun for example_setup_teardown to 2024-02-13 00:00:00+00:00, run_after=2024-02-14 00:00:00+00:00
[2024-02-14T20:47:24.938+0000] {processor.py:183} INFO - Processing /home/airflow/.local/lib/python3.8/site-packages/airflow/example_dags/example_setup_teardown.py took 0.169 seconds
[2024-02-14T20:47:56.077+0000] {processor.py:161} INFO - Started process (PID=4969) to work on /home/airflow/.local/lib/python3.8/site-packages/airflow/example_dags/example_setup_teardown.py
[2024-02-14T20:47:56.079+0000] {processor.py:830} INFO - Processing file /home/airflow/.local/lib/python3.8/site-packages/airflow/example_dags/example_setup_teardown.py for tasks to queue
[2024-02-14T20:47:56.080+0000] {logging_mixin.py:188} INFO - [2024-02-14T20:47:56.080+0000] {dagbag.py:538} INFO - Filling up the DagBag from /home/airflow/.local/lib/python3.8/site-packages/airflow/example_dags/example_setup_teardown.py
[2024-02-14T20:47:56.093+0000] {processor.py:840} INFO - DAG(s) 'example_setup_teardown' retrieved from /home/airflow/.local/lib/python3.8/site-packages/airflow/example_dags/example_setup_teardown.py
[2024-02-14T20:47:56.128+0000] {logging_mixin.py:188} INFO - [2024-02-14T20:47:56.127+0000] {dag.py:3036} INFO - Sync 1 DAGs
[2024-02-14T20:47:56.191+0000] {logging_mixin.py:188} INFO - [2024-02-14T20:47:56.190+0000] {dag.py:3823} INFO - Setting next_dagrun for example_setup_teardown to 2024-02-13 00:00:00+00:00, run_after=2024-02-14 00:00:00+00:00
[2024-02-14T20:47:56.267+0000] {processor.py:183} INFO - Processing /home/airflow/.local/lib/python3.8/site-packages/airflow/example_dags/example_setup_teardown.py took 0.196 seconds
[2024-02-14T20:48:26.462+0000] {processor.py:161} INFO - Started process (PID=5216) to work on /home/airflow/.local/lib/python3.8/site-packages/airflow/example_dags/example_setup_teardown.py
[2024-02-14T20:48:26.467+0000] {processor.py:830} INFO - Processing file /home/airflow/.local/lib/python3.8/site-packages/airflow/example_dags/example_setup_teardown.py for tasks to queue
[2024-02-14T20:48:26.470+0000] {logging_mixin.py:188} INFO - [2024-02-14T20:48:26.469+0000] {dagbag.py:538} INFO - Filling up the DagBag from /home/airflow/.local/lib/python3.8/site-packages/airflow/example_dags/example_setup_teardown.py
[2024-02-14T20:48:26.500+0000] {processor.py:840} INFO - DAG(s) 'example_setup_teardown' retrieved from /home/airflow/.local/lib/python3.8/site-packages/airflow/example_dags/example_setup_teardown.py
[2024-02-14T20:48:26.558+0000] {logging_mixin.py:188} INFO - [2024-02-14T20:48:26.557+0000] {dag.py:3036} INFO - Sync 1 DAGs
[2024-02-14T20:48:26.618+0000] {logging_mixin.py:188} INFO - [2024-02-14T20:48:26.618+0000] {dag.py:3823} INFO - Setting next_dagrun for example_setup_teardown to 2024-02-13 00:00:00+00:00, run_after=2024-02-14 00:00:00+00:00
[2024-02-14T20:48:26.696+0000] {processor.py:183} INFO - Processing /home/airflow/.local/lib/python3.8/site-packages/airflow/example_dags/example_setup_teardown.py took 0.243 seconds
[2024-02-14T20:48:57.247+0000] {processor.py:161} INFO - Started process (PID=5460) to work on /home/airflow/.local/lib/python3.8/site-packages/airflow/example_dags/example_setup_teardown.py
[2024-02-14T20:48:57.249+0000] {processor.py:830} INFO - Processing file /home/airflow/.local/lib/python3.8/site-packages/airflow/example_dags/example_setup_teardown.py for tasks to queue
[2024-02-14T20:48:57.250+0000] {logging_mixin.py:188} INFO - [2024-02-14T20:48:57.250+0000] {dagbag.py:538} INFO - Filling up the DagBag from /home/airflow/.local/lib/python3.8/site-packages/airflow/example_dags/example_setup_teardown.py
[2024-02-14T20:48:57.260+0000] {processor.py:840} INFO - DAG(s) 'example_setup_teardown' retrieved from /home/airflow/.local/lib/python3.8/site-packages/airflow/example_dags/example_setup_teardown.py
[2024-02-14T20:48:57.293+0000] {logging_mixin.py:188} INFO - [2024-02-14T20:48:57.293+0000] {dag.py:3036} INFO - Sync 1 DAGs
[2024-02-14T20:48:57.325+0000] {logging_mixin.py:188} INFO - [2024-02-14T20:48:57.325+0000] {dag.py:3823} INFO - Setting next_dagrun for example_setup_teardown to 2024-02-13 00:00:00+00:00, run_after=2024-02-14 00:00:00+00:00
[2024-02-14T20:48:57.353+0000] {processor.py:183} INFO - Processing /home/airflow/.local/lib/python3.8/site-packages/airflow/example_dags/example_setup_teardown.py took 0.110 seconds
[2024-02-14T20:49:27.857+0000] {processor.py:161} INFO - Started process (PID=5708) to work on /home/airflow/.local/lib/python3.8/site-packages/airflow/example_dags/example_setup_teardown.py
[2024-02-14T20:49:27.860+0000] {processor.py:830} INFO - Processing file /home/airflow/.local/lib/python3.8/site-packages/airflow/example_dags/example_setup_teardown.py for tasks to queue
[2024-02-14T20:49:27.863+0000] {logging_mixin.py:188} INFO - [2024-02-14T20:49:27.862+0000] {dagbag.py:538} INFO - Filling up the DagBag from /home/airflow/.local/lib/python3.8/site-packages/airflow/example_dags/example_setup_teardown.py
[2024-02-14T20:49:27.881+0000] {processor.py:840} INFO - DAG(s) 'example_setup_teardown' retrieved from /home/airflow/.local/lib/python3.8/site-packages/airflow/example_dags/example_setup_teardown.py
[2024-02-14T20:49:27.933+0000] {logging_mixin.py:188} INFO - [2024-02-14T20:49:27.933+0000] {dag.py:3036} INFO - Sync 1 DAGs
[2024-02-14T20:49:27.984+0000] {logging_mixin.py:188} INFO - [2024-02-14T20:49:27.983+0000] {dag.py:3823} INFO - Setting next_dagrun for example_setup_teardown to 2024-02-13 00:00:00+00:00, run_after=2024-02-14 00:00:00+00:00
[2024-02-14T20:49:28.024+0000] {processor.py:183} INFO - Processing /home/airflow/.local/lib/python3.8/site-packages/airflow/example_dags/example_setup_teardown.py took 0.176 seconds
[2024-02-14T20:49:58.211+0000] {processor.py:161} INFO - Started process (PID=5956) to work on /home/airflow/.local/lib/python3.8/site-packages/airflow/example_dags/example_setup_teardown.py
[2024-02-14T20:49:58.213+0000] {processor.py:830} INFO - Processing file /home/airflow/.local/lib/python3.8/site-packages/airflow/example_dags/example_setup_teardown.py for tasks to queue
[2024-02-14T20:49:58.215+0000] {logging_mixin.py:188} INFO - [2024-02-14T20:49:58.215+0000] {dagbag.py:538} INFO - Filling up the DagBag from /home/airflow/.local/lib/python3.8/site-packages/airflow/example_dags/example_setup_teardown.py
[2024-02-14T20:49:58.233+0000] {processor.py:840} INFO - DAG(s) 'example_setup_teardown' retrieved from /home/airflow/.local/lib/python3.8/site-packages/airflow/example_dags/example_setup_teardown.py
[2024-02-14T20:49:58.281+0000] {logging_mixin.py:188} INFO - [2024-02-14T20:49:58.280+0000] {dag.py:3036} INFO - Sync 1 DAGs
[2024-02-14T20:49:58.335+0000] {logging_mixin.py:188} INFO - [2024-02-14T20:49:58.334+0000] {dag.py:3823} INFO - Setting next_dagrun for example_setup_teardown to 2024-02-13 00:00:00+00:00, run_after=2024-02-14 00:00:00+00:00
[2024-02-14T20:49:58.380+0000] {processor.py:183} INFO - Processing /home/airflow/.local/lib/python3.8/site-packages/airflow/example_dags/example_setup_teardown.py took 0.177 seconds
[2024-02-14T20:50:28.489+0000] {processor.py:161} INFO - Started process (PID=6203) to work on /home/airflow/.local/lib/python3.8/site-packages/airflow/example_dags/example_setup_teardown.py
[2024-02-14T20:50:28.491+0000] {processor.py:830} INFO - Processing file /home/airflow/.local/lib/python3.8/site-packages/airflow/example_dags/example_setup_teardown.py for tasks to queue
[2024-02-14T20:50:28.493+0000] {logging_mixin.py:188} INFO - [2024-02-14T20:50:28.492+0000] {dagbag.py:538} INFO - Filling up the DagBag from /home/airflow/.local/lib/python3.8/site-packages/airflow/example_dags/example_setup_teardown.py
[2024-02-14T20:50:28.503+0000] {processor.py:840} INFO - DAG(s) 'example_setup_teardown' retrieved from /home/airflow/.local/lib/python3.8/site-packages/airflow/example_dags/example_setup_teardown.py
[2024-02-14T20:50:28.532+0000] {logging_mixin.py:188} INFO - [2024-02-14T20:50:28.532+0000] {dag.py:3036} INFO - Sync 1 DAGs
[2024-02-14T20:50:28.563+0000] {logging_mixin.py:188} INFO - [2024-02-14T20:50:28.563+0000] {dag.py:3823} INFO - Setting next_dagrun for example_setup_teardown to 2024-02-13 00:00:00+00:00, run_after=2024-02-14 00:00:00+00:00
[2024-02-14T20:50:28.595+0000] {processor.py:183} INFO - Processing /home/airflow/.local/lib/python3.8/site-packages/airflow/example_dags/example_setup_teardown.py took 0.110 seconds
[2024-02-14T20:50:58.874+0000] {processor.py:161} INFO - Started process (PID=6451) to work on /home/airflow/.local/lib/python3.8/site-packages/airflow/example_dags/example_setup_teardown.py
[2024-02-14T20:50:58.875+0000] {processor.py:830} INFO - Processing file /home/airflow/.local/lib/python3.8/site-packages/airflow/example_dags/example_setup_teardown.py for tasks to queue
[2024-02-14T20:50:58.877+0000] {logging_mixin.py:188} INFO - [2024-02-14T20:50:58.877+0000] {dagbag.py:538} INFO - Filling up the DagBag from /home/airflow/.local/lib/python3.8/site-packages/airflow/example_dags/example_setup_teardown.py
[2024-02-14T20:50:58.893+0000] {processor.py:840} INFO - DAG(s) 'example_setup_teardown' retrieved from /home/airflow/.local/lib/python3.8/site-packages/airflow/example_dags/example_setup_teardown.py
[2024-02-14T20:50:58.932+0000] {logging_mixin.py:188} INFO - [2024-02-14T20:50:58.931+0000] {dag.py:3036} INFO - Sync 1 DAGs
[2024-02-14T20:50:58.977+0000] {logging_mixin.py:188} INFO - [2024-02-14T20:50:58.977+0000] {dag.py:3823} INFO - Setting next_dagrun for example_setup_teardown to 2024-02-13 00:00:00+00:00, run_after=2024-02-14 00:00:00+00:00
[2024-02-14T20:50:59.013+0000] {processor.py:183} INFO - Processing /home/airflow/.local/lib/python3.8/site-packages/airflow/example_dags/example_setup_teardown.py took 0.145 seconds
[2024-02-14T20:51:29.199+0000] {processor.py:161} INFO - Started process (PID=6697) to work on /home/airflow/.local/lib/python3.8/site-packages/airflow/example_dags/example_setup_teardown.py
[2024-02-14T20:51:29.202+0000] {processor.py:830} INFO - Processing file /home/airflow/.local/lib/python3.8/site-packages/airflow/example_dags/example_setup_teardown.py for tasks to queue
[2024-02-14T20:51:29.205+0000] {logging_mixin.py:188} INFO - [2024-02-14T20:51:29.204+0000] {dagbag.py:538} INFO - Filling up the DagBag from /home/airflow/.local/lib/python3.8/site-packages/airflow/example_dags/example_setup_teardown.py
[2024-02-14T20:51:29.231+0000] {processor.py:840} INFO - DAG(s) 'example_setup_teardown' retrieved from /home/airflow/.local/lib/python3.8/site-packages/airflow/example_dags/example_setup_teardown.py
[2024-02-14T20:51:29.296+0000] {logging_mixin.py:188} INFO - [2024-02-14T20:51:29.295+0000] {dag.py:3036} INFO - Sync 1 DAGs
[2024-02-14T20:51:29.363+0000] {logging_mixin.py:188} INFO - [2024-02-14T20:51:29.363+0000] {dag.py:3823} INFO - Setting next_dagrun for example_setup_teardown to 2024-02-13 00:00:00+00:00, run_after=2024-02-14 00:00:00+00:00
[2024-02-14T20:51:29.460+0000] {processor.py:183} INFO - Processing /home/airflow/.local/lib/python3.8/site-packages/airflow/example_dags/example_setup_teardown.py took 0.273 seconds
[2024-02-14T20:52:00.046+0000] {processor.py:161} INFO - Started process (PID=6946) to work on /home/airflow/.local/lib/python3.8/site-packages/airflow/example_dags/example_setup_teardown.py
[2024-02-14T20:52:00.051+0000] {processor.py:830} INFO - Processing file /home/airflow/.local/lib/python3.8/site-packages/airflow/example_dags/example_setup_teardown.py for tasks to queue
[2024-02-14T20:52:00.057+0000] {logging_mixin.py:188} INFO - [2024-02-14T20:52:00.055+0000] {dagbag.py:538} INFO - Filling up the DagBag from /home/airflow/.local/lib/python3.8/site-packages/airflow/example_dags/example_setup_teardown.py
[2024-02-14T20:52:00.088+0000] {processor.py:840} INFO - DAG(s) 'example_setup_teardown' retrieved from /home/airflow/.local/lib/python3.8/site-packages/airflow/example_dags/example_setup_teardown.py
[2024-02-14T20:52:00.179+0000] {logging_mixin.py:188} INFO - [2024-02-14T20:52:00.179+0000] {dag.py:3036} INFO - Sync 1 DAGs
[2024-02-14T20:52:00.218+0000] {logging_mixin.py:188} INFO - [2024-02-14T20:52:00.218+0000] {dag.py:3823} INFO - Setting next_dagrun for example_setup_teardown to 2024-02-13 00:00:00+00:00, run_after=2024-02-14 00:00:00+00:00
[2024-02-14T20:52:00.242+0000] {processor.py:183} INFO - Processing /home/airflow/.local/lib/python3.8/site-packages/airflow/example_dags/example_setup_teardown.py took 0.211 seconds
[2024-02-14T20:52:31.172+0000] {processor.py:161} INFO - Started process (PID=7191) to work on /home/airflow/.local/lib/python3.8/site-packages/airflow/example_dags/example_setup_teardown.py
[2024-02-14T20:52:31.175+0000] {processor.py:830} INFO - Processing file /home/airflow/.local/lib/python3.8/site-packages/airflow/example_dags/example_setup_teardown.py for tasks to queue
[2024-02-14T20:52:31.178+0000] {logging_mixin.py:188} INFO - [2024-02-14T20:52:31.177+0000] {dagbag.py:538} INFO - Filling up the DagBag from /home/airflow/.local/lib/python3.8/site-packages/airflow/example_dags/example_setup_teardown.py
[2024-02-14T20:52:31.202+0000] {processor.py:840} INFO - DAG(s) 'example_setup_teardown' retrieved from /home/airflow/.local/lib/python3.8/site-packages/airflow/example_dags/example_setup_teardown.py
[2024-02-14T20:52:31.258+0000] {logging_mixin.py:188} INFO - [2024-02-14T20:52:31.256+0000] {dag.py:3036} INFO - Sync 1 DAGs
[2024-02-14T20:52:31.316+0000] {logging_mixin.py:188} INFO - [2024-02-14T20:52:31.316+0000] {dag.py:3823} INFO - Setting next_dagrun for example_setup_teardown to 2024-02-13 00:00:00+00:00, run_after=2024-02-14 00:00:00+00:00
[2024-02-14T20:52:31.378+0000] {processor.py:183} INFO - Processing /home/airflow/.local/lib/python3.8/site-packages/airflow/example_dags/example_setup_teardown.py took 0.215 seconds
[2024-02-14T20:53:02.121+0000] {processor.py:161} INFO - Started process (PID=7440) to work on /home/airflow/.local/lib/python3.8/site-packages/airflow/example_dags/example_setup_teardown.py
[2024-02-14T20:53:02.125+0000] {processor.py:830} INFO - Processing file /home/airflow/.local/lib/python3.8/site-packages/airflow/example_dags/example_setup_teardown.py for tasks to queue
[2024-02-14T20:53:02.129+0000] {logging_mixin.py:188} INFO - [2024-02-14T20:53:02.128+0000] {dagbag.py:538} INFO - Filling up the DagBag from /home/airflow/.local/lib/python3.8/site-packages/airflow/example_dags/example_setup_teardown.py
[2024-02-14T20:53:02.158+0000] {processor.py:840} INFO - DAG(s) 'example_setup_teardown' retrieved from /home/airflow/.local/lib/python3.8/site-packages/airflow/example_dags/example_setup_teardown.py
[2024-02-14T20:53:02.234+0000] {logging_mixin.py:188} INFO - [2024-02-14T20:53:02.233+0000] {dag.py:3036} INFO - Sync 1 DAGs
[2024-02-14T20:53:02.314+0000] {logging_mixin.py:188} INFO - [2024-02-14T20:53:02.313+0000] {dag.py:3823} INFO - Setting next_dagrun for example_setup_teardown to 2024-02-13 00:00:00+00:00, run_after=2024-02-14 00:00:00+00:00
[2024-02-14T20:53:02.401+0000] {processor.py:183} INFO - Processing /home/airflow/.local/lib/python3.8/site-packages/airflow/example_dags/example_setup_teardown.py took 0.293 seconds
[2024-02-14T20:53:32.693+0000] {processor.py:161} INFO - Started process (PID=7685) to work on /home/airflow/.local/lib/python3.8/site-packages/airflow/example_dags/example_setup_teardown.py
[2024-02-14T20:53:32.695+0000] {processor.py:830} INFO - Processing file /home/airflow/.local/lib/python3.8/site-packages/airflow/example_dags/example_setup_teardown.py for tasks to queue
[2024-02-14T20:53:32.697+0000] {logging_mixin.py:188} INFO - [2024-02-14T20:53:32.696+0000] {dagbag.py:538} INFO - Filling up the DagBag from /home/airflow/.local/lib/python3.8/site-packages/airflow/example_dags/example_setup_teardown.py
[2024-02-14T20:53:32.709+0000] {processor.py:840} INFO - DAG(s) 'example_setup_teardown' retrieved from /home/airflow/.local/lib/python3.8/site-packages/airflow/example_dags/example_setup_teardown.py
[2024-02-14T20:53:32.746+0000] {logging_mixin.py:188} INFO - [2024-02-14T20:53:32.745+0000] {dag.py:3036} INFO - Sync 1 DAGs
[2024-02-14T20:53:32.835+0000] {logging_mixin.py:188} INFO - [2024-02-14T20:53:32.834+0000] {dag.py:3823} INFO - Setting next_dagrun for example_setup_teardown to 2024-02-13 00:00:00+00:00, run_after=2024-02-14 00:00:00+00:00
[2024-02-14T20:53:32.911+0000] {processor.py:183} INFO - Processing /home/airflow/.local/lib/python3.8/site-packages/airflow/example_dags/example_setup_teardown.py took 0.223 seconds
[2024-02-14T20:54:03.066+0000] {processor.py:161} INFO - Started process (PID=7934) to work on /home/airflow/.local/lib/python3.8/site-packages/airflow/example_dags/example_setup_teardown.py
[2024-02-14T20:54:03.069+0000] {processor.py:830} INFO - Processing file /home/airflow/.local/lib/python3.8/site-packages/airflow/example_dags/example_setup_teardown.py for tasks to queue
[2024-02-14T20:54:03.072+0000] {logging_mixin.py:188} INFO - [2024-02-14T20:54:03.071+0000] {dagbag.py:538} INFO - Filling up the DagBag from /home/airflow/.local/lib/python3.8/site-packages/airflow/example_dags/example_setup_teardown.py
[2024-02-14T20:54:03.087+0000] {processor.py:840} INFO - DAG(s) 'example_setup_teardown' retrieved from /home/airflow/.local/lib/python3.8/site-packages/airflow/example_dags/example_setup_teardown.py
[2024-02-14T20:54:03.130+0000] {logging_mixin.py:188} INFO - [2024-02-14T20:54:03.129+0000] {dag.py:3036} INFO - Sync 1 DAGs
[2024-02-14T20:54:03.200+0000] {logging_mixin.py:188} INFO - [2024-02-14T20:54:03.199+0000] {dag.py:3823} INFO - Setting next_dagrun for example_setup_teardown to 2024-02-13 00:00:00+00:00, run_after=2024-02-14 00:00:00+00:00
[2024-02-14T20:54:03.260+0000] {processor.py:183} INFO - Processing /home/airflow/.local/lib/python3.8/site-packages/airflow/example_dags/example_setup_teardown.py took 0.199 seconds
[2024-02-14T20:54:33.541+0000] {processor.py:161} INFO - Started process (PID=8181) to work on /home/airflow/.local/lib/python3.8/site-packages/airflow/example_dags/example_setup_teardown.py
[2024-02-14T20:54:33.543+0000] {processor.py:830} INFO - Processing file /home/airflow/.local/lib/python3.8/site-packages/airflow/example_dags/example_setup_teardown.py for tasks to queue
[2024-02-14T20:54:33.544+0000] {logging_mixin.py:188} INFO - [2024-02-14T20:54:33.544+0000] {dagbag.py:538} INFO - Filling up the DagBag from /home/airflow/.local/lib/python3.8/site-packages/airflow/example_dags/example_setup_teardown.py
[2024-02-14T20:54:33.557+0000] {processor.py:840} INFO - DAG(s) 'example_setup_teardown' retrieved from /home/airflow/.local/lib/python3.8/site-packages/airflow/example_dags/example_setup_teardown.py
[2024-02-14T20:54:33.638+0000] {logging_mixin.py:188} INFO - [2024-02-14T20:54:33.636+0000] {dag.py:3036} INFO - Sync 1 DAGs
[2024-02-14T20:54:33.784+0000] {logging_mixin.py:188} INFO - [2024-02-14T20:54:33.783+0000] {dag.py:3823} INFO - Setting next_dagrun for example_setup_teardown to 2024-02-13 00:00:00+00:00, run_after=2024-02-14 00:00:00+00:00
[2024-02-14T20:54:33.844+0000] {processor.py:183} INFO - Processing /home/airflow/.local/lib/python3.8/site-packages/airflow/example_dags/example_setup_teardown.py took 0.309 seconds
[2024-02-14T20:55:03.981+0000] {processor.py:161} INFO - Started process (PID=8428) to work on /home/airflow/.local/lib/python3.8/site-packages/airflow/example_dags/example_setup_teardown.py
[2024-02-14T20:55:03.983+0000] {processor.py:830} INFO - Processing file /home/airflow/.local/lib/python3.8/site-packages/airflow/example_dags/example_setup_teardown.py for tasks to queue
[2024-02-14T20:55:03.984+0000] {logging_mixin.py:188} INFO - [2024-02-14T20:55:03.984+0000] {dagbag.py:538} INFO - Filling up the DagBag from /home/airflow/.local/lib/python3.8/site-packages/airflow/example_dags/example_setup_teardown.py
[2024-02-14T20:55:03.995+0000] {processor.py:840} INFO - DAG(s) 'example_setup_teardown' retrieved from /home/airflow/.local/lib/python3.8/site-packages/airflow/example_dags/example_setup_teardown.py
[2024-02-14T20:55:04.029+0000] {logging_mixin.py:188} INFO - [2024-02-14T20:55:04.028+0000] {dag.py:3036} INFO - Sync 1 DAGs
[2024-02-14T20:55:04.062+0000] {logging_mixin.py:188} INFO - [2024-02-14T20:55:04.062+0000] {dag.py:3823} INFO - Setting next_dagrun for example_setup_teardown to 2024-02-13 00:00:00+00:00, run_after=2024-02-14 00:00:00+00:00
[2024-02-14T20:55:04.092+0000] {processor.py:183} INFO - Processing /home/airflow/.local/lib/python3.8/site-packages/airflow/example_dags/example_setup_teardown.py took 0.115 seconds
[2024-02-14T20:55:34.754+0000] {processor.py:161} INFO - Started process (PID=8673) to work on /home/airflow/.local/lib/python3.8/site-packages/airflow/example_dags/example_setup_teardown.py
[2024-02-14T20:55:34.758+0000] {processor.py:830} INFO - Processing file /home/airflow/.local/lib/python3.8/site-packages/airflow/example_dags/example_setup_teardown.py for tasks to queue
[2024-02-14T20:55:34.762+0000] {logging_mixin.py:188} INFO - [2024-02-14T20:55:34.761+0000] {dagbag.py:538} INFO - Filling up the DagBag from /home/airflow/.local/lib/python3.8/site-packages/airflow/example_dags/example_setup_teardown.py
[2024-02-14T20:55:34.791+0000] {processor.py:840} INFO - DAG(s) 'example_setup_teardown' retrieved from /home/airflow/.local/lib/python3.8/site-packages/airflow/example_dags/example_setup_teardown.py
[2024-02-14T20:55:34.874+0000] {logging_mixin.py:188} INFO - [2024-02-14T20:55:34.873+0000] {dag.py:3036} INFO - Sync 1 DAGs
[2024-02-14T20:55:34.969+0000] {logging_mixin.py:188} INFO - [2024-02-14T20:55:34.968+0000] {dag.py:3823} INFO - Setting next_dagrun for example_setup_teardown to 2024-02-13 00:00:00+00:00, run_after=2024-02-14 00:00:00+00:00
[2024-02-14T20:55:35.045+0000] {processor.py:183} INFO - Processing /home/airflow/.local/lib/python3.8/site-packages/airflow/example_dags/example_setup_teardown.py took 0.304 seconds
[2024-02-14T20:56:05.153+0000] {processor.py:161} INFO - Started process (PID=8920) to work on /home/airflow/.local/lib/python3.8/site-packages/airflow/example_dags/example_setup_teardown.py
[2024-02-14T20:56:05.156+0000] {processor.py:830} INFO - Processing file /home/airflow/.local/lib/python3.8/site-packages/airflow/example_dags/example_setup_teardown.py for tasks to queue
[2024-02-14T20:56:05.160+0000] {logging_mixin.py:188} INFO - [2024-02-14T20:56:05.159+0000] {dagbag.py:538} INFO - Filling up the DagBag from /home/airflow/.local/lib/python3.8/site-packages/airflow/example_dags/example_setup_teardown.py
[2024-02-14T20:56:05.183+0000] {processor.py:840} INFO - DAG(s) 'example_setup_teardown' retrieved from /home/airflow/.local/lib/python3.8/site-packages/airflow/example_dags/example_setup_teardown.py
[2024-02-14T20:56:05.258+0000] {logging_mixin.py:188} INFO - [2024-02-14T20:56:05.258+0000] {dag.py:3036} INFO - Sync 1 DAGs
[2024-02-14T20:56:05.329+0000] {logging_mixin.py:188} INFO - [2024-02-14T20:56:05.328+0000] {dag.py:3823} INFO - Setting next_dagrun for example_setup_teardown to 2024-02-13 00:00:00+00:00, run_after=2024-02-14 00:00:00+00:00
[2024-02-14T20:56:05.383+0000] {processor.py:183} INFO - Processing /home/airflow/.local/lib/python3.8/site-packages/airflow/example_dags/example_setup_teardown.py took 0.239 seconds
[2024-02-14T20:56:36.151+0000] {processor.py:161} INFO - Started process (PID=9166) to work on /home/airflow/.local/lib/python3.8/site-packages/airflow/example_dags/example_setup_teardown.py
[2024-02-14T20:56:36.156+0000] {processor.py:830} INFO - Processing file /home/airflow/.local/lib/python3.8/site-packages/airflow/example_dags/example_setup_teardown.py for tasks to queue
[2024-02-14T20:56:36.159+0000] {logging_mixin.py:188} INFO - [2024-02-14T20:56:36.158+0000] {dagbag.py:538} INFO - Filling up the DagBag from /home/airflow/.local/lib/python3.8/site-packages/airflow/example_dags/example_setup_teardown.py
[2024-02-14T20:56:36.203+0000] {processor.py:840} INFO - DAG(s) 'example_setup_teardown' retrieved from /home/airflow/.local/lib/python3.8/site-packages/airflow/example_dags/example_setup_teardown.py
[2024-02-14T20:56:36.290+0000] {logging_mixin.py:188} INFO - [2024-02-14T20:56:36.289+0000] {dag.py:3036} INFO - Sync 1 DAGs
[2024-02-14T20:56:36.387+0000] {logging_mixin.py:188} INFO - [2024-02-14T20:56:36.387+0000] {dag.py:3823} INFO - Setting next_dagrun for example_setup_teardown to 2024-02-13 00:00:00+00:00, run_after=2024-02-14 00:00:00+00:00
[2024-02-14T20:56:36.464+0000] {processor.py:183} INFO - Processing /home/airflow/.local/lib/python3.8/site-packages/airflow/example_dags/example_setup_teardown.py took 0.328 seconds
[2024-02-14T20:57:06.549+0000] {processor.py:161} INFO - Started process (PID=9413) to work on /home/airflow/.local/lib/python3.8/site-packages/airflow/example_dags/example_setup_teardown.py
[2024-02-14T20:57:06.550+0000] {processor.py:830} INFO - Processing file /home/airflow/.local/lib/python3.8/site-packages/airflow/example_dags/example_setup_teardown.py for tasks to queue
[2024-02-14T20:57:06.552+0000] {logging_mixin.py:188} INFO - [2024-02-14T20:57:06.551+0000] {dagbag.py:538} INFO - Filling up the DagBag from /home/airflow/.local/lib/python3.8/site-packages/airflow/example_dags/example_setup_teardown.py
[2024-02-14T20:57:06.563+0000] {processor.py:840} INFO - DAG(s) 'example_setup_teardown' retrieved from /home/airflow/.local/lib/python3.8/site-packages/airflow/example_dags/example_setup_teardown.py
[2024-02-14T20:57:06.601+0000] {logging_mixin.py:188} INFO - [2024-02-14T20:57:06.600+0000] {dag.py:3036} INFO - Sync 1 DAGs
[2024-02-14T20:57:06.647+0000] {logging_mixin.py:188} INFO - [2024-02-14T20:57:06.647+0000] {dag.py:3823} INFO - Setting next_dagrun for example_setup_teardown to 2024-02-13 00:00:00+00:00, run_after=2024-02-14 00:00:00+00:00
[2024-02-14T20:57:06.684+0000] {processor.py:183} INFO - Processing /home/airflow/.local/lib/python3.8/site-packages/airflow/example_dags/example_setup_teardown.py took 0.141 seconds
[2024-02-14T20:57:37.235+0000] {processor.py:161} INFO - Started process (PID=9660) to work on /home/airflow/.local/lib/python3.8/site-packages/airflow/example_dags/example_setup_teardown.py
[2024-02-14T20:57:37.237+0000] {processor.py:830} INFO - Processing file /home/airflow/.local/lib/python3.8/site-packages/airflow/example_dags/example_setup_teardown.py for tasks to queue
[2024-02-14T20:57:37.239+0000] {logging_mixin.py:188} INFO - [2024-02-14T20:57:37.239+0000] {dagbag.py:538} INFO - Filling up the DagBag from /home/airflow/.local/lib/python3.8/site-packages/airflow/example_dags/example_setup_teardown.py
[2024-02-14T20:57:37.253+0000] {processor.py:840} INFO - DAG(s) 'example_setup_teardown' retrieved from /home/airflow/.local/lib/python3.8/site-packages/airflow/example_dags/example_setup_teardown.py
[2024-02-14T20:57:37.296+0000] {logging_mixin.py:188} INFO - [2024-02-14T20:57:37.296+0000] {dag.py:3036} INFO - Sync 1 DAGs
[2024-02-14T20:57:37.333+0000] {logging_mixin.py:188} INFO - [2024-02-14T20:57:37.333+0000] {dag.py:3823} INFO - Setting next_dagrun for example_setup_teardown to 2024-02-13 00:00:00+00:00, run_after=2024-02-14 00:00:00+00:00
[2024-02-14T20:57:37.384+0000] {processor.py:183} INFO - Processing /home/airflow/.local/lib/python3.8/site-packages/airflow/example_dags/example_setup_teardown.py took 0.154 seconds
