[2024-02-14T20:38:17.659+0000] {processor.py:161} INFO - Started process (PID=382) to work on /home/airflow/.local/lib/python3.8/site-packages/airflow/example_dags/example_xcomargs.py
[2024-02-14T20:38:17.661+0000] {processor.py:830} INFO - Processing file /home/airflow/.local/lib/python3.8/site-packages/airflow/example_dags/example_xcomargs.py for tasks to queue
[2024-02-14T20:38:17.663+0000] {logging_mixin.py:188} INFO - [2024-02-14T20:38:17.662+0000] {dagbag.py:538} INFO - Filling up the DagBag from /home/airflow/.local/lib/python3.8/site-packages/airflow/example_dags/example_xcomargs.py
[2024-02-14T20:38:17.684+0000] {processor.py:840} INFO - DAG(s) 'example_xcom_args', 'example_xcom_args_with_operators' retrieved from /home/airflow/.local/lib/python3.8/site-packages/airflow/example_dags/example_xcomargs.py
[2024-02-14T20:38:17.925+0000] {logging_mixin.py:188} INFO - [2024-02-14T20:38:17.924+0000] {dag.py:3036} INFO - Sync 2 DAGs
[2024-02-14T20:38:17.952+0000] {logging_mixin.py:188} INFO - [2024-02-14T20:38:17.951+0000] {dag.py:3823} INFO - Setting next_dagrun for example_xcom_args to None, run_after=None
[2024-02-14T20:38:17.957+0000] {logging_mixin.py:188} INFO - [2024-02-14T20:38:17.957+0000] {dag.py:3823} INFO - Setting next_dagrun for example_xcom_args_with_operators to None, run_after=None
[2024-02-14T20:38:18.002+0000] {processor.py:183} INFO - Processing /home/airflow/.local/lib/python3.8/site-packages/airflow/example_dags/example_xcomargs.py took 0.349 seconds
[2024-02-14T20:38:49.123+0000] {processor.py:161} INFO - Started process (PID=629) to work on /home/airflow/.local/lib/python3.8/site-packages/airflow/example_dags/example_xcomargs.py
[2024-02-14T20:38:49.134+0000] {processor.py:830} INFO - Processing file /home/airflow/.local/lib/python3.8/site-packages/airflow/example_dags/example_xcomargs.py for tasks to queue
[2024-02-14T20:38:49.136+0000] {logging_mixin.py:188} INFO - [2024-02-14T20:38:49.135+0000] {dagbag.py:538} INFO - Filling up the DagBag from /home/airflow/.local/lib/python3.8/site-packages/airflow/example_dags/example_xcomargs.py
[2024-02-14T20:38:49.172+0000] {processor.py:840} INFO - DAG(s) 'example_xcom_args', 'example_xcom_args_with_operators' retrieved from /home/airflow/.local/lib/python3.8/site-packages/airflow/example_dags/example_xcomargs.py
[2024-02-14T20:38:49.258+0000] {logging_mixin.py:188} INFO - [2024-02-14T20:38:49.258+0000] {dag.py:3036} INFO - Sync 2 DAGs
[2024-02-14T20:38:49.300+0000] {logging_mixin.py:188} INFO - [2024-02-14T20:38:49.299+0000] {dag.py:3823} INFO - Setting next_dagrun for example_xcom_args to None, run_after=None
[2024-02-14T20:38:49.316+0000] {logging_mixin.py:188} INFO - [2024-02-14T20:38:49.315+0000] {dag.py:3823} INFO - Setting next_dagrun for example_xcom_args_with_operators to None, run_after=None
[2024-02-14T20:38:49.397+0000] {processor.py:183} INFO - Processing /home/airflow/.local/lib/python3.8/site-packages/airflow/example_dags/example_xcomargs.py took 0.285 seconds
[2024-02-14T20:39:19.585+0000] {processor.py:161} INFO - Started process (PID=876) to work on /home/airflow/.local/lib/python3.8/site-packages/airflow/example_dags/example_xcomargs.py
[2024-02-14T20:39:19.588+0000] {processor.py:830} INFO - Processing file /home/airflow/.local/lib/python3.8/site-packages/airflow/example_dags/example_xcomargs.py for tasks to queue
[2024-02-14T20:39:19.592+0000] {logging_mixin.py:188} INFO - [2024-02-14T20:39:19.591+0000] {dagbag.py:538} INFO - Filling up the DagBag from /home/airflow/.local/lib/python3.8/site-packages/airflow/example_dags/example_xcomargs.py
[2024-02-14T20:39:19.631+0000] {processor.py:840} INFO - DAG(s) 'example_xcom_args', 'example_xcom_args_with_operators' retrieved from /home/airflow/.local/lib/python3.8/site-packages/airflow/example_dags/example_xcomargs.py
[2024-02-14T20:39:19.707+0000] {logging_mixin.py:188} INFO - [2024-02-14T20:39:19.706+0000] {dag.py:3036} INFO - Sync 2 DAGs
[2024-02-14T20:39:19.774+0000] {logging_mixin.py:188} INFO - [2024-02-14T20:39:19.773+0000] {dag.py:3823} INFO - Setting next_dagrun for example_xcom_args to None, run_after=None
[2024-02-14T20:39:19.789+0000] {logging_mixin.py:188} INFO - [2024-02-14T20:39:19.788+0000] {dag.py:3823} INFO - Setting next_dagrun for example_xcom_args_with_operators to None, run_after=None
[2024-02-14T20:39:19.856+0000] {processor.py:183} INFO - Processing /home/airflow/.local/lib/python3.8/site-packages/airflow/example_dags/example_xcomargs.py took 0.288 seconds
[2024-02-14T20:39:50.259+0000] {processor.py:161} INFO - Started process (PID=1123) to work on /home/airflow/.local/lib/python3.8/site-packages/airflow/example_dags/example_xcomargs.py
[2024-02-14T20:39:50.260+0000] {processor.py:830} INFO - Processing file /home/airflow/.local/lib/python3.8/site-packages/airflow/example_dags/example_xcomargs.py for tasks to queue
[2024-02-14T20:39:50.262+0000] {logging_mixin.py:188} INFO - [2024-02-14T20:39:50.262+0000] {dagbag.py:538} INFO - Filling up the DagBag from /home/airflow/.local/lib/python3.8/site-packages/airflow/example_dags/example_xcomargs.py
[2024-02-14T20:39:50.277+0000] {processor.py:840} INFO - DAG(s) 'example_xcom_args_with_operators', 'example_xcom_args' retrieved from /home/airflow/.local/lib/python3.8/site-packages/airflow/example_dags/example_xcomargs.py
[2024-02-14T20:39:50.320+0000] {logging_mixin.py:188} INFO - [2024-02-14T20:39:50.320+0000] {dag.py:3036} INFO - Sync 2 DAGs
[2024-02-14T20:39:50.341+0000] {logging_mixin.py:188} INFO - [2024-02-14T20:39:50.341+0000] {dag.py:3823} INFO - Setting next_dagrun for example_xcom_args to None, run_after=None
[2024-02-14T20:39:50.348+0000] {logging_mixin.py:188} INFO - [2024-02-14T20:39:50.347+0000] {dag.py:3823} INFO - Setting next_dagrun for example_xcom_args_with_operators to None, run_after=None
[2024-02-14T20:39:50.379+0000] {processor.py:183} INFO - Processing /home/airflow/.local/lib/python3.8/site-packages/airflow/example_dags/example_xcomargs.py took 0.126 seconds
[2024-02-14T20:40:20.698+0000] {processor.py:161} INFO - Started process (PID=1371) to work on /home/airflow/.local/lib/python3.8/site-packages/airflow/example_dags/example_xcomargs.py
[2024-02-14T20:40:20.700+0000] {processor.py:830} INFO - Processing file /home/airflow/.local/lib/python3.8/site-packages/airflow/example_dags/example_xcomargs.py for tasks to queue
[2024-02-14T20:40:20.702+0000] {logging_mixin.py:188} INFO - [2024-02-14T20:40:20.702+0000] {dagbag.py:538} INFO - Filling up the DagBag from /home/airflow/.local/lib/python3.8/site-packages/airflow/example_dags/example_xcomargs.py
[2024-02-14T20:40:20.721+0000] {processor.py:840} INFO - DAG(s) 'example_xcom_args', 'example_xcom_args_with_operators' retrieved from /home/airflow/.local/lib/python3.8/site-packages/airflow/example_dags/example_xcomargs.py
[2024-02-14T20:40:20.775+0000] {logging_mixin.py:188} INFO - [2024-02-14T20:40:20.774+0000] {dag.py:3036} INFO - Sync 2 DAGs
[2024-02-14T20:40:20.802+0000] {logging_mixin.py:188} INFO - [2024-02-14T20:40:20.802+0000] {dag.py:3823} INFO - Setting next_dagrun for example_xcom_args to None, run_after=None
[2024-02-14T20:40:20.816+0000] {logging_mixin.py:188} INFO - [2024-02-14T20:40:20.816+0000] {dag.py:3823} INFO - Setting next_dagrun for example_xcom_args_with_operators to None, run_after=None
[2024-02-14T20:40:20.871+0000] {processor.py:183} INFO - Processing /home/airflow/.local/lib/python3.8/site-packages/airflow/example_dags/example_xcomargs.py took 0.180 seconds
[2024-02-14T20:40:51.420+0000] {processor.py:161} INFO - Started process (PID=1625) to work on /home/airflow/.local/lib/python3.8/site-packages/airflow/example_dags/example_xcomargs.py
[2024-02-14T20:40:51.423+0000] {processor.py:830} INFO - Processing file /home/airflow/.local/lib/python3.8/site-packages/airflow/example_dags/example_xcomargs.py for tasks to queue
[2024-02-14T20:40:51.427+0000] {logging_mixin.py:188} INFO - [2024-02-14T20:40:51.426+0000] {dagbag.py:538} INFO - Filling up the DagBag from /home/airflow/.local/lib/python3.8/site-packages/airflow/example_dags/example_xcomargs.py
[2024-02-14T20:40:51.455+0000] {processor.py:840} INFO - DAG(s) 'example_xcom_args', 'example_xcom_args_with_operators' retrieved from /home/airflow/.local/lib/python3.8/site-packages/airflow/example_dags/example_xcomargs.py
[2024-02-14T20:40:51.518+0000] {logging_mixin.py:188} INFO - [2024-02-14T20:40:51.517+0000] {dag.py:3036} INFO - Sync 2 DAGs
[2024-02-14T20:40:51.558+0000] {logging_mixin.py:188} INFO - [2024-02-14T20:40:51.557+0000] {dag.py:3823} INFO - Setting next_dagrun for example_xcom_args to None, run_after=None
[2024-02-14T20:40:51.571+0000] {logging_mixin.py:188} INFO - [2024-02-14T20:40:51.570+0000] {dag.py:3823} INFO - Setting next_dagrun for example_xcom_args_with_operators to None, run_after=None
[2024-02-14T20:40:51.615+0000] {processor.py:183} INFO - Processing /home/airflow/.local/lib/python3.8/site-packages/airflow/example_dags/example_xcomargs.py took 0.204 seconds
[2024-02-14T20:41:22.705+0000] {processor.py:161} INFO - Started process (PID=1867) to work on /home/airflow/.local/lib/python3.8/site-packages/airflow/example_dags/example_xcomargs.py
[2024-02-14T20:41:22.707+0000] {processor.py:830} INFO - Processing file /home/airflow/.local/lib/python3.8/site-packages/airflow/example_dags/example_xcomargs.py for tasks to queue
[2024-02-14T20:41:22.710+0000] {logging_mixin.py:188} INFO - [2024-02-14T20:41:22.709+0000] {dagbag.py:538} INFO - Filling up the DagBag from /home/airflow/.local/lib/python3.8/site-packages/airflow/example_dags/example_xcomargs.py
[2024-02-14T20:41:22.734+0000] {processor.py:840} INFO - DAG(s) 'example_xcom_args', 'example_xcom_args_with_operators' retrieved from /home/airflow/.local/lib/python3.8/site-packages/airflow/example_dags/example_xcomargs.py
[2024-02-14T20:41:22.804+0000] {logging_mixin.py:188} INFO - [2024-02-14T20:41:22.803+0000] {dag.py:3036} INFO - Sync 2 DAGs
[2024-02-14T20:41:22.833+0000] {logging_mixin.py:188} INFO - [2024-02-14T20:41:22.833+0000] {dag.py:3823} INFO - Setting next_dagrun for example_xcom_args to None, run_after=None
[2024-02-14T20:41:22.841+0000] {logging_mixin.py:188} INFO - [2024-02-14T20:41:22.840+0000] {dag.py:3823} INFO - Setting next_dagrun for example_xcom_args_with_operators to None, run_after=None
[2024-02-14T20:41:22.875+0000] {processor.py:183} INFO - Processing /home/airflow/.local/lib/python3.8/site-packages/airflow/example_dags/example_xcomargs.py took 0.181 seconds
[2024-02-14T20:41:53.101+0000] {processor.py:161} INFO - Started process (PID=2112) to work on /home/airflow/.local/lib/python3.8/site-packages/airflow/example_dags/example_xcomargs.py
[2024-02-14T20:41:53.102+0000] {processor.py:830} INFO - Processing file /home/airflow/.local/lib/python3.8/site-packages/airflow/example_dags/example_xcomargs.py for tasks to queue
[2024-02-14T20:41:53.104+0000] {logging_mixin.py:188} INFO - [2024-02-14T20:41:53.104+0000] {dagbag.py:538} INFO - Filling up the DagBag from /home/airflow/.local/lib/python3.8/site-packages/airflow/example_dags/example_xcomargs.py
[2024-02-14T20:41:53.121+0000] {processor.py:840} INFO - DAG(s) 'example_xcom_args', 'example_xcom_args_with_operators' retrieved from /home/airflow/.local/lib/python3.8/site-packages/airflow/example_dags/example_xcomargs.py
[2024-02-14T20:41:53.171+0000] {logging_mixin.py:188} INFO - [2024-02-14T20:41:53.170+0000] {dag.py:3036} INFO - Sync 2 DAGs
[2024-02-14T20:41:53.201+0000] {logging_mixin.py:188} INFO - [2024-02-14T20:41:53.200+0000] {dag.py:3823} INFO - Setting next_dagrun for example_xcom_args to None, run_after=None
[2024-02-14T20:41:53.208+0000] {logging_mixin.py:188} INFO - [2024-02-14T20:41:53.208+0000] {dag.py:3823} INFO - Setting next_dagrun for example_xcom_args_with_operators to None, run_after=None
[2024-02-14T20:41:53.242+0000] {processor.py:183} INFO - Processing /home/airflow/.local/lib/python3.8/site-packages/airflow/example_dags/example_xcomargs.py took 0.149 seconds
[2024-02-14T20:42:24.741+0000] {processor.py:161} INFO - Started process (PID=2359) to work on /home/airflow/.local/lib/python3.8/site-packages/airflow/example_dags/example_xcomargs.py
[2024-02-14T20:42:24.746+0000] {processor.py:830} INFO - Processing file /home/airflow/.local/lib/python3.8/site-packages/airflow/example_dags/example_xcomargs.py for tasks to queue
[2024-02-14T20:42:24.750+0000] {logging_mixin.py:188} INFO - [2024-02-14T20:42:24.749+0000] {dagbag.py:538} INFO - Filling up the DagBag from /home/airflow/.local/lib/python3.8/site-packages/airflow/example_dags/example_xcomargs.py
[2024-02-14T20:42:24.793+0000] {processor.py:840} INFO - DAG(s) 'example_xcom_args', 'example_xcom_args_with_operators' retrieved from /home/airflow/.local/lib/python3.8/site-packages/airflow/example_dags/example_xcomargs.py
[2024-02-14T20:42:24.850+0000] {logging_mixin.py:188} INFO - [2024-02-14T20:42:24.850+0000] {dag.py:3036} INFO - Sync 2 DAGs
[2024-02-14T20:42:24.877+0000] {logging_mixin.py:188} INFO - [2024-02-14T20:42:24.877+0000] {dag.py:3823} INFO - Setting next_dagrun for example_xcom_args to None, run_after=None
[2024-02-14T20:42:24.885+0000] {logging_mixin.py:188} INFO - [2024-02-14T20:42:24.884+0000] {dag.py:3823} INFO - Setting next_dagrun for example_xcom_args_with_operators to None, run_after=None
[2024-02-14T20:42:24.944+0000] {processor.py:183} INFO - Processing /home/airflow/.local/lib/python3.8/site-packages/airflow/example_dags/example_xcomargs.py took 0.220 seconds
[2024-02-14T20:42:55.643+0000] {processor.py:161} INFO - Started process (PID=2607) to work on /home/airflow/.local/lib/python3.8/site-packages/airflow/example_dags/example_xcomargs.py
[2024-02-14T20:42:55.645+0000] {processor.py:830} INFO - Processing file /home/airflow/.local/lib/python3.8/site-packages/airflow/example_dags/example_xcomargs.py for tasks to queue
[2024-02-14T20:42:55.648+0000] {logging_mixin.py:188} INFO - [2024-02-14T20:42:55.647+0000] {dagbag.py:538} INFO - Filling up the DagBag from /home/airflow/.local/lib/python3.8/site-packages/airflow/example_dags/example_xcomargs.py
[2024-02-14T20:42:55.669+0000] {processor.py:840} INFO - DAG(s) 'example_xcom_args', 'example_xcom_args_with_operators' retrieved from /home/airflow/.local/lib/python3.8/site-packages/airflow/example_dags/example_xcomargs.py
[2024-02-14T20:42:55.728+0000] {logging_mixin.py:188} INFO - [2024-02-14T20:42:55.727+0000] {dag.py:3036} INFO - Sync 2 DAGs
[2024-02-14T20:42:55.759+0000] {logging_mixin.py:188} INFO - [2024-02-14T20:42:55.758+0000] {dag.py:3823} INFO - Setting next_dagrun for example_xcom_args to None, run_after=None
[2024-02-14T20:42:55.768+0000] {logging_mixin.py:188} INFO - [2024-02-14T20:42:55.767+0000] {dag.py:3823} INFO - Setting next_dagrun for example_xcom_args_with_operators to None, run_after=None
[2024-02-14T20:42:55.806+0000] {processor.py:183} INFO - Processing /home/airflow/.local/lib/python3.8/site-packages/airflow/example_dags/example_xcomargs.py took 0.172 seconds
[2024-02-14T20:43:26.731+0000] {processor.py:161} INFO - Started process (PID=2856) to work on /home/airflow/.local/lib/python3.8/site-packages/airflow/example_dags/example_xcomargs.py
[2024-02-14T20:43:26.733+0000] {processor.py:830} INFO - Processing file /home/airflow/.local/lib/python3.8/site-packages/airflow/example_dags/example_xcomargs.py for tasks to queue
[2024-02-14T20:43:26.734+0000] {logging_mixin.py:188} INFO - [2024-02-14T20:43:26.734+0000] {dagbag.py:538} INFO - Filling up the DagBag from /home/airflow/.local/lib/python3.8/site-packages/airflow/example_dags/example_xcomargs.py
[2024-02-14T20:43:26.747+0000] {processor.py:840} INFO - DAG(s) 'example_xcom_args', 'example_xcom_args_with_operators' retrieved from /home/airflow/.local/lib/python3.8/site-packages/airflow/example_dags/example_xcomargs.py
[2024-02-14T20:43:26.788+0000] {logging_mixin.py:188} INFO - [2024-02-14T20:43:26.787+0000] {dag.py:3036} INFO - Sync 2 DAGs
[2024-02-14T20:43:26.807+0000] {logging_mixin.py:188} INFO - [2024-02-14T20:43:26.806+0000] {dag.py:3823} INFO - Setting next_dagrun for example_xcom_args to None, run_after=None
[2024-02-14T20:43:26.812+0000] {logging_mixin.py:188} INFO - [2024-02-14T20:43:26.812+0000] {dag.py:3823} INFO - Setting next_dagrun for example_xcom_args_with_operators to None, run_after=None
[2024-02-14T20:43:26.840+0000] {processor.py:183} INFO - Processing /home/airflow/.local/lib/python3.8/site-packages/airflow/example_dags/example_xcomargs.py took 0.113 seconds
[2024-02-14T20:43:57.788+0000] {processor.py:161} INFO - Started process (PID=3100) to work on /home/airflow/.local/lib/python3.8/site-packages/airflow/example_dags/example_xcomargs.py
[2024-02-14T20:43:57.790+0000] {processor.py:830} INFO - Processing file /home/airflow/.local/lib/python3.8/site-packages/airflow/example_dags/example_xcomargs.py for tasks to queue
[2024-02-14T20:43:57.791+0000] {logging_mixin.py:188} INFO - [2024-02-14T20:43:57.791+0000] {dagbag.py:538} INFO - Filling up the DagBag from /home/airflow/.local/lib/python3.8/site-packages/airflow/example_dags/example_xcomargs.py
[2024-02-14T20:43:57.803+0000] {processor.py:840} INFO - DAG(s) 'example_xcom_args', 'example_xcom_args_with_operators' retrieved from /home/airflow/.local/lib/python3.8/site-packages/airflow/example_dags/example_xcomargs.py
[2024-02-14T20:43:57.838+0000] {logging_mixin.py:188} INFO - [2024-02-14T20:43:57.838+0000] {dag.py:3036} INFO - Sync 2 DAGs
[2024-02-14T20:43:57.859+0000] {logging_mixin.py:188} INFO - [2024-02-14T20:43:57.858+0000] {dag.py:3823} INFO - Setting next_dagrun for example_xcom_args to None, run_after=None
[2024-02-14T20:43:57.865+0000] {logging_mixin.py:188} INFO - [2024-02-14T20:43:57.865+0000] {dag.py:3823} INFO - Setting next_dagrun for example_xcom_args_with_operators to None, run_after=None
[2024-02-14T20:43:57.916+0000] {processor.py:183} INFO - Processing /home/airflow/.local/lib/python3.8/site-packages/airflow/example_dags/example_xcomargs.py took 0.132 seconds
[2024-02-14T20:44:28.214+0000] {processor.py:161} INFO - Started process (PID=3353) to work on /home/airflow/.local/lib/python3.8/site-packages/airflow/example_dags/example_xcomargs.py
[2024-02-14T20:44:28.216+0000] {processor.py:830} INFO - Processing file /home/airflow/.local/lib/python3.8/site-packages/airflow/example_dags/example_xcomargs.py for tasks to queue
[2024-02-14T20:44:28.218+0000] {logging_mixin.py:188} INFO - [2024-02-14T20:44:28.217+0000] {dagbag.py:538} INFO - Filling up the DagBag from /home/airflow/.local/lib/python3.8/site-packages/airflow/example_dags/example_xcomargs.py
[2024-02-14T20:44:28.233+0000] {processor.py:840} INFO - DAG(s) 'example_xcom_args_with_operators', 'example_xcom_args' retrieved from /home/airflow/.local/lib/python3.8/site-packages/airflow/example_dags/example_xcomargs.py
[2024-02-14T20:44:28.277+0000] {logging_mixin.py:188} INFO - [2024-02-14T20:44:28.277+0000] {dag.py:3036} INFO - Sync 2 DAGs
[2024-02-14T20:44:28.305+0000] {logging_mixin.py:188} INFO - [2024-02-14T20:44:28.304+0000] {dag.py:3823} INFO - Setting next_dagrun for example_xcom_args to None, run_after=None
[2024-02-14T20:44:28.312+0000] {logging_mixin.py:188} INFO - [2024-02-14T20:44:28.312+0000] {dag.py:3823} INFO - Setting next_dagrun for example_xcom_args_with_operators to None, run_after=None
[2024-02-14T20:44:28.347+0000] {processor.py:183} INFO - Processing /home/airflow/.local/lib/python3.8/site-packages/airflow/example_dags/example_xcomargs.py took 0.140 seconds
[2024-02-14T20:44:59.217+0000] {processor.py:161} INFO - Started process (PID=3595) to work on /home/airflow/.local/lib/python3.8/site-packages/airflow/example_dags/example_xcomargs.py
[2024-02-14T20:44:59.219+0000] {processor.py:830} INFO - Processing file /home/airflow/.local/lib/python3.8/site-packages/airflow/example_dags/example_xcomargs.py for tasks to queue
[2024-02-14T20:44:59.221+0000] {logging_mixin.py:188} INFO - [2024-02-14T20:44:59.220+0000] {dagbag.py:538} INFO - Filling up the DagBag from /home/airflow/.local/lib/python3.8/site-packages/airflow/example_dags/example_xcomargs.py
[2024-02-14T20:44:59.237+0000] {processor.py:840} INFO - DAG(s) 'example_xcom_args_with_operators', 'example_xcom_args' retrieved from /home/airflow/.local/lib/python3.8/site-packages/airflow/example_dags/example_xcomargs.py
[2024-02-14T20:44:59.288+0000] {logging_mixin.py:188} INFO - [2024-02-14T20:44:59.287+0000] {dag.py:3036} INFO - Sync 2 DAGs
[2024-02-14T20:44:59.317+0000] {logging_mixin.py:188} INFO - [2024-02-14T20:44:59.317+0000] {dag.py:3823} INFO - Setting next_dagrun for example_xcom_args to None, run_after=None
[2024-02-14T20:44:59.330+0000] {logging_mixin.py:188} INFO - [2024-02-14T20:44:59.329+0000] {dag.py:3823} INFO - Setting next_dagrun for example_xcom_args_with_operators to None, run_after=None
[2024-02-14T20:44:59.369+0000] {processor.py:183} INFO - Processing /home/airflow/.local/lib/python3.8/site-packages/airflow/example_dags/example_xcomargs.py took 0.157 seconds
[2024-02-14T20:45:30.219+0000] {processor.py:161} INFO - Started process (PID=3843) to work on /home/airflow/.local/lib/python3.8/site-packages/airflow/example_dags/example_xcomargs.py
[2024-02-14T20:45:30.221+0000] {processor.py:830} INFO - Processing file /home/airflow/.local/lib/python3.8/site-packages/airflow/example_dags/example_xcomargs.py for tasks to queue
[2024-02-14T20:45:30.224+0000] {logging_mixin.py:188} INFO - [2024-02-14T20:45:30.223+0000] {dagbag.py:538} INFO - Filling up the DagBag from /home/airflow/.local/lib/python3.8/site-packages/airflow/example_dags/example_xcomargs.py
[2024-02-14T20:45:30.243+0000] {processor.py:840} INFO - DAG(s) 'example_xcom_args_with_operators', 'example_xcom_args' retrieved from /home/airflow/.local/lib/python3.8/site-packages/airflow/example_dags/example_xcomargs.py
[2024-02-14T20:45:30.304+0000] {logging_mixin.py:188} INFO - [2024-02-14T20:45:30.304+0000] {dag.py:3036} INFO - Sync 2 DAGs
[2024-02-14T20:45:30.337+0000] {logging_mixin.py:188} INFO - [2024-02-14T20:45:30.337+0000] {dag.py:3823} INFO - Setting next_dagrun for example_xcom_args to None, run_after=None
[2024-02-14T20:45:30.348+0000] {logging_mixin.py:188} INFO - [2024-02-14T20:45:30.347+0000] {dag.py:3823} INFO - Setting next_dagrun for example_xcom_args_with_operators to None, run_after=None
[2024-02-14T20:45:30.387+0000] {processor.py:183} INFO - Processing /home/airflow/.local/lib/python3.8/site-packages/airflow/example_dags/example_xcomargs.py took 0.174 seconds
[2024-02-14T20:46:00.891+0000] {processor.py:161} INFO - Started process (PID=4090) to work on /home/airflow/.local/lib/python3.8/site-packages/airflow/example_dags/example_xcomargs.py
[2024-02-14T20:46:00.893+0000] {processor.py:830} INFO - Processing file /home/airflow/.local/lib/python3.8/site-packages/airflow/example_dags/example_xcomargs.py for tasks to queue
[2024-02-14T20:46:00.895+0000] {logging_mixin.py:188} INFO - [2024-02-14T20:46:00.894+0000] {dagbag.py:538} INFO - Filling up the DagBag from /home/airflow/.local/lib/python3.8/site-packages/airflow/example_dags/example_xcomargs.py
[2024-02-14T20:46:00.913+0000] {processor.py:840} INFO - DAG(s) 'example_xcom_args', 'example_xcom_args_with_operators' retrieved from /home/airflow/.local/lib/python3.8/site-packages/airflow/example_dags/example_xcomargs.py
[2024-02-14T20:46:00.974+0000] {logging_mixin.py:188} INFO - [2024-02-14T20:46:00.974+0000] {dag.py:3036} INFO - Sync 2 DAGs
[2024-02-14T20:46:01.002+0000] {logging_mixin.py:188} INFO - [2024-02-14T20:46:01.002+0000] {dag.py:3823} INFO - Setting next_dagrun for example_xcom_args to None, run_after=None
[2024-02-14T20:46:01.012+0000] {logging_mixin.py:188} INFO - [2024-02-14T20:46:01.011+0000] {dag.py:3823} INFO - Setting next_dagrun for example_xcom_args_with_operators to None, run_after=None
[2024-02-14T20:46:01.053+0000] {processor.py:183} INFO - Processing /home/airflow/.local/lib/python3.8/site-packages/airflow/example_dags/example_xcomargs.py took 0.168 seconds
[2024-02-14T20:46:31.349+0000] {processor.py:161} INFO - Started process (PID=4337) to work on /home/airflow/.local/lib/python3.8/site-packages/airflow/example_dags/example_xcomargs.py
[2024-02-14T20:46:31.351+0000] {processor.py:830} INFO - Processing file /home/airflow/.local/lib/python3.8/site-packages/airflow/example_dags/example_xcomargs.py for tasks to queue
[2024-02-14T20:46:31.354+0000] {logging_mixin.py:188} INFO - [2024-02-14T20:46:31.353+0000] {dagbag.py:538} INFO - Filling up the DagBag from /home/airflow/.local/lib/python3.8/site-packages/airflow/example_dags/example_xcomargs.py
[2024-02-14T20:46:31.385+0000] {processor.py:840} INFO - DAG(s) 'example_xcom_args_with_operators', 'example_xcom_args' retrieved from /home/airflow/.local/lib/python3.8/site-packages/airflow/example_dags/example_xcomargs.py
[2024-02-14T20:46:31.470+0000] {logging_mixin.py:188} INFO - [2024-02-14T20:46:31.469+0000] {dag.py:3036} INFO - Sync 2 DAGs
[2024-02-14T20:46:31.498+0000] {logging_mixin.py:188} INFO - [2024-02-14T20:46:31.498+0000] {dag.py:3823} INFO - Setting next_dagrun for example_xcom_args to None, run_after=None
[2024-02-14T20:46:31.507+0000] {logging_mixin.py:188} INFO - [2024-02-14T20:46:31.506+0000] {dag.py:3823} INFO - Setting next_dagrun for example_xcom_args_with_operators to None, run_after=None
[2024-02-14T20:46:31.541+0000] {processor.py:183} INFO - Processing /home/airflow/.local/lib/python3.8/site-packages/airflow/example_dags/example_xcomargs.py took 0.199 seconds
[2024-02-14T20:47:02.248+0000] {processor.py:161} INFO - Started process (PID=4585) to work on /home/airflow/.local/lib/python3.8/site-packages/airflow/example_dags/example_xcomargs.py
[2024-02-14T20:47:02.250+0000] {processor.py:830} INFO - Processing file /home/airflow/.local/lib/python3.8/site-packages/airflow/example_dags/example_xcomargs.py for tasks to queue
[2024-02-14T20:47:02.252+0000] {logging_mixin.py:188} INFO - [2024-02-14T20:47:02.251+0000] {dagbag.py:538} INFO - Filling up the DagBag from /home/airflow/.local/lib/python3.8/site-packages/airflow/example_dags/example_xcomargs.py
[2024-02-14T20:47:02.266+0000] {processor.py:840} INFO - DAG(s) 'example_xcom_args', 'example_xcom_args_with_operators' retrieved from /home/airflow/.local/lib/python3.8/site-packages/airflow/example_dags/example_xcomargs.py
[2024-02-14T20:47:02.328+0000] {logging_mixin.py:188} INFO - [2024-02-14T20:47:02.327+0000] {dag.py:3036} INFO - Sync 2 DAGs
[2024-02-14T20:47:02.356+0000] {logging_mixin.py:188} INFO - [2024-02-14T20:47:02.356+0000] {dag.py:3823} INFO - Setting next_dagrun for example_xcom_args to None, run_after=None
[2024-02-14T20:47:02.365+0000] {logging_mixin.py:188} INFO - [2024-02-14T20:47:02.364+0000] {dag.py:3823} INFO - Setting next_dagrun for example_xcom_args_with_operators to None, run_after=None
[2024-02-14T20:47:02.414+0000] {processor.py:183} INFO - Processing /home/airflow/.local/lib/python3.8/site-packages/airflow/example_dags/example_xcomargs.py took 0.172 seconds
[2024-02-14T20:47:33.462+0000] {processor.py:161} INFO - Started process (PID=4832) to work on /home/airflow/.local/lib/python3.8/site-packages/airflow/example_dags/example_xcomargs.py
[2024-02-14T20:47:33.466+0000] {processor.py:830} INFO - Processing file /home/airflow/.local/lib/python3.8/site-packages/airflow/example_dags/example_xcomargs.py for tasks to queue
[2024-02-14T20:47:33.470+0000] {logging_mixin.py:188} INFO - [2024-02-14T20:47:33.469+0000] {dagbag.py:538} INFO - Filling up the DagBag from /home/airflow/.local/lib/python3.8/site-packages/airflow/example_dags/example_xcomargs.py
[2024-02-14T20:47:33.502+0000] {processor.py:840} INFO - DAG(s) 'example_xcom_args_with_operators', 'example_xcom_args' retrieved from /home/airflow/.local/lib/python3.8/site-packages/airflow/example_dags/example_xcomargs.py
[2024-02-14T20:47:33.661+0000] {logging_mixin.py:188} INFO - [2024-02-14T20:47:33.660+0000] {dag.py:3036} INFO - Sync 2 DAGs
[2024-02-14T20:47:33.716+0000] {logging_mixin.py:188} INFO - [2024-02-14T20:47:33.715+0000] {dag.py:3823} INFO - Setting next_dagrun for example_xcom_args to None, run_after=None
[2024-02-14T20:47:33.728+0000] {logging_mixin.py:188} INFO - [2024-02-14T20:47:33.728+0000] {dag.py:3823} INFO - Setting next_dagrun for example_xcom_args_with_operators to None, run_after=None
[2024-02-14T20:47:33.762+0000] {processor.py:183} INFO - Processing /home/airflow/.local/lib/python3.8/site-packages/airflow/example_dags/example_xcomargs.py took 0.313 seconds
[2024-02-14T20:48:04.563+0000] {processor.py:161} INFO - Started process (PID=5079) to work on /home/airflow/.local/lib/python3.8/site-packages/airflow/example_dags/example_xcomargs.py
[2024-02-14T20:48:04.566+0000] {processor.py:830} INFO - Processing file /home/airflow/.local/lib/python3.8/site-packages/airflow/example_dags/example_xcomargs.py for tasks to queue
[2024-02-14T20:48:04.568+0000] {logging_mixin.py:188} INFO - [2024-02-14T20:48:04.567+0000] {dagbag.py:538} INFO - Filling up the DagBag from /home/airflow/.local/lib/python3.8/site-packages/airflow/example_dags/example_xcomargs.py
[2024-02-14T20:48:04.592+0000] {processor.py:840} INFO - DAG(s) 'example_xcom_args', 'example_xcom_args_with_operators' retrieved from /home/airflow/.local/lib/python3.8/site-packages/airflow/example_dags/example_xcomargs.py
[2024-02-14T20:48:04.646+0000] {logging_mixin.py:188} INFO - [2024-02-14T20:48:04.645+0000] {dag.py:3036} INFO - Sync 2 DAGs
[2024-02-14T20:48:04.674+0000] {logging_mixin.py:188} INFO - [2024-02-14T20:48:04.674+0000] {dag.py:3823} INFO - Setting next_dagrun for example_xcom_args to None, run_after=None
[2024-02-14T20:48:04.684+0000] {logging_mixin.py:188} INFO - [2024-02-14T20:48:04.684+0000] {dag.py:3823} INFO - Setting next_dagrun for example_xcom_args_with_operators to None, run_after=None
[2024-02-14T20:48:04.724+0000] {processor.py:183} INFO - Processing /home/airflow/.local/lib/python3.8/site-packages/airflow/example_dags/example_xcomargs.py took 0.168 seconds
[2024-02-14T20:48:35.479+0000] {processor.py:161} INFO - Started process (PID=5326) to work on /home/airflow/.local/lib/python3.8/site-packages/airflow/example_dags/example_xcomargs.py
[2024-02-14T20:48:35.483+0000] {processor.py:830} INFO - Processing file /home/airflow/.local/lib/python3.8/site-packages/airflow/example_dags/example_xcomargs.py for tasks to queue
[2024-02-14T20:48:35.486+0000] {logging_mixin.py:188} INFO - [2024-02-14T20:48:35.485+0000] {dagbag.py:538} INFO - Filling up the DagBag from /home/airflow/.local/lib/python3.8/site-packages/airflow/example_dags/example_xcomargs.py
[2024-02-14T20:48:35.510+0000] {processor.py:840} INFO - DAG(s) 'example_xcom_args_with_operators', 'example_xcom_args' retrieved from /home/airflow/.local/lib/python3.8/site-packages/airflow/example_dags/example_xcomargs.py
[2024-02-14T20:48:35.569+0000] {logging_mixin.py:188} INFO - [2024-02-14T20:48:35.568+0000] {dag.py:3036} INFO - Sync 2 DAGs
[2024-02-14T20:48:35.609+0000] {logging_mixin.py:188} INFO - [2024-02-14T20:48:35.609+0000] {dag.py:3823} INFO - Setting next_dagrun for example_xcom_args to None, run_after=None
[2024-02-14T20:48:35.620+0000] {logging_mixin.py:188} INFO - [2024-02-14T20:48:35.619+0000] {dag.py:3823} INFO - Setting next_dagrun for example_xcom_args_with_operators to None, run_after=None
[2024-02-14T20:48:35.667+0000] {processor.py:183} INFO - Processing /home/airflow/.local/lib/python3.8/site-packages/airflow/example_dags/example_xcomargs.py took 0.195 seconds
[2024-02-14T20:49:06.089+0000] {processor.py:161} INFO - Started process (PID=5573) to work on /home/airflow/.local/lib/python3.8/site-packages/airflow/example_dags/example_xcomargs.py
[2024-02-14T20:49:06.091+0000] {processor.py:830} INFO - Processing file /home/airflow/.local/lib/python3.8/site-packages/airflow/example_dags/example_xcomargs.py for tasks to queue
[2024-02-14T20:49:06.092+0000] {logging_mixin.py:188} INFO - [2024-02-14T20:49:06.092+0000] {dagbag.py:538} INFO - Filling up the DagBag from /home/airflow/.local/lib/python3.8/site-packages/airflow/example_dags/example_xcomargs.py
[2024-02-14T20:49:06.106+0000] {processor.py:840} INFO - DAG(s) 'example_xcom_args', 'example_xcom_args_with_operators' retrieved from /home/airflow/.local/lib/python3.8/site-packages/airflow/example_dags/example_xcomargs.py
[2024-02-14T20:49:06.149+0000] {logging_mixin.py:188} INFO - [2024-02-14T20:49:06.149+0000] {dag.py:3036} INFO - Sync 2 DAGs
[2024-02-14T20:49:06.171+0000] {logging_mixin.py:188} INFO - [2024-02-14T20:49:06.171+0000] {dag.py:3823} INFO - Setting next_dagrun for example_xcom_args to None, run_after=None
[2024-02-14T20:49:06.179+0000] {logging_mixin.py:188} INFO - [2024-02-14T20:49:06.179+0000] {dag.py:3823} INFO - Setting next_dagrun for example_xcom_args_with_operators to None, run_after=None
[2024-02-14T20:49:06.209+0000] {processor.py:183} INFO - Processing /home/airflow/.local/lib/python3.8/site-packages/airflow/example_dags/example_xcomargs.py took 0.125 seconds
[2024-02-14T20:49:36.364+0000] {processor.py:161} INFO - Started process (PID=5821) to work on /home/airflow/.local/lib/python3.8/site-packages/airflow/example_dags/example_xcomargs.py
[2024-02-14T20:49:36.365+0000] {processor.py:830} INFO - Processing file /home/airflow/.local/lib/python3.8/site-packages/airflow/example_dags/example_xcomargs.py for tasks to queue
[2024-02-14T20:49:36.367+0000] {logging_mixin.py:188} INFO - [2024-02-14T20:49:36.366+0000] {dagbag.py:538} INFO - Filling up the DagBag from /home/airflow/.local/lib/python3.8/site-packages/airflow/example_dags/example_xcomargs.py
[2024-02-14T20:49:36.379+0000] {processor.py:840} INFO - DAG(s) 'example_xcom_args_with_operators', 'example_xcom_args' retrieved from /home/airflow/.local/lib/python3.8/site-packages/airflow/example_dags/example_xcomargs.py
[2024-02-14T20:49:36.415+0000] {logging_mixin.py:188} INFO - [2024-02-14T20:49:36.414+0000] {dag.py:3036} INFO - Sync 2 DAGs
[2024-02-14T20:49:36.434+0000] {logging_mixin.py:188} INFO - [2024-02-14T20:49:36.434+0000] {dag.py:3823} INFO - Setting next_dagrun for example_xcom_args to None, run_after=None
[2024-02-14T20:49:36.441+0000] {logging_mixin.py:188} INFO - [2024-02-14T20:49:36.440+0000] {dag.py:3823} INFO - Setting next_dagrun for example_xcom_args_with_operators to None, run_after=None
[2024-02-14T20:49:36.471+0000] {processor.py:183} INFO - Processing /home/airflow/.local/lib/python3.8/site-packages/airflow/example_dags/example_xcomargs.py took 0.112 seconds
[2024-02-14T20:50:07.544+0000] {processor.py:161} INFO - Started process (PID=6069) to work on /home/airflow/.local/lib/python3.8/site-packages/airflow/example_dags/example_xcomargs.py
[2024-02-14T20:50:07.546+0000] {processor.py:830} INFO - Processing file /home/airflow/.local/lib/python3.8/site-packages/airflow/example_dags/example_xcomargs.py for tasks to queue
[2024-02-14T20:50:07.548+0000] {logging_mixin.py:188} INFO - [2024-02-14T20:50:07.547+0000] {dagbag.py:538} INFO - Filling up the DagBag from /home/airflow/.local/lib/python3.8/site-packages/airflow/example_dags/example_xcomargs.py
[2024-02-14T20:50:07.563+0000] {processor.py:840} INFO - DAG(s) 'example_xcom_args', 'example_xcom_args_with_operators' retrieved from /home/airflow/.local/lib/python3.8/site-packages/airflow/example_dags/example_xcomargs.py
[2024-02-14T20:50:07.599+0000] {logging_mixin.py:188} INFO - [2024-02-14T20:50:07.599+0000] {dag.py:3036} INFO - Sync 2 DAGs
[2024-02-14T20:50:07.621+0000] {logging_mixin.py:188} INFO - [2024-02-14T20:50:07.620+0000] {dag.py:3823} INFO - Setting next_dagrun for example_xcom_args to None, run_after=None
[2024-02-14T20:50:07.626+0000] {logging_mixin.py:188} INFO - [2024-02-14T20:50:07.626+0000] {dag.py:3823} INFO - Setting next_dagrun for example_xcom_args_with_operators to None, run_after=None
[2024-02-14T20:50:07.664+0000] {processor.py:183} INFO - Processing /home/airflow/.local/lib/python3.8/site-packages/airflow/example_dags/example_xcomargs.py took 0.125 seconds
[2024-02-14T20:50:38.262+0000] {processor.py:161} INFO - Started process (PID=6316) to work on /home/airflow/.local/lib/python3.8/site-packages/airflow/example_dags/example_xcomargs.py
[2024-02-14T20:50:38.264+0000] {processor.py:830} INFO - Processing file /home/airflow/.local/lib/python3.8/site-packages/airflow/example_dags/example_xcomargs.py for tasks to queue
[2024-02-14T20:50:38.266+0000] {logging_mixin.py:188} INFO - [2024-02-14T20:50:38.265+0000] {dagbag.py:538} INFO - Filling up the DagBag from /home/airflow/.local/lib/python3.8/site-packages/airflow/example_dags/example_xcomargs.py
[2024-02-14T20:50:38.283+0000] {processor.py:840} INFO - DAG(s) 'example_xcom_args', 'example_xcom_args_with_operators' retrieved from /home/airflow/.local/lib/python3.8/site-packages/airflow/example_dags/example_xcomargs.py
[2024-02-14T20:50:38.324+0000] {logging_mixin.py:188} INFO - [2024-02-14T20:50:38.324+0000] {dag.py:3036} INFO - Sync 2 DAGs
[2024-02-14T20:50:38.347+0000] {logging_mixin.py:188} INFO - [2024-02-14T20:50:38.346+0000] {dag.py:3823} INFO - Setting next_dagrun for example_xcom_args to None, run_after=None
[2024-02-14T20:50:38.354+0000] {logging_mixin.py:188} INFO - [2024-02-14T20:50:38.353+0000] {dag.py:3823} INFO - Setting next_dagrun for example_xcom_args_with_operators to None, run_after=None
[2024-02-14T20:50:38.383+0000] {processor.py:183} INFO - Processing /home/airflow/.local/lib/python3.8/site-packages/airflow/example_dags/example_xcomargs.py took 0.127 seconds
[2024-02-14T20:51:09.313+0000] {processor.py:161} INFO - Started process (PID=6564) to work on /home/airflow/.local/lib/python3.8/site-packages/airflow/example_dags/example_xcomargs.py
[2024-02-14T20:51:09.315+0000] {processor.py:830} INFO - Processing file /home/airflow/.local/lib/python3.8/site-packages/airflow/example_dags/example_xcomargs.py for tasks to queue
[2024-02-14T20:51:09.318+0000] {logging_mixin.py:188} INFO - [2024-02-14T20:51:09.317+0000] {dagbag.py:538} INFO - Filling up the DagBag from /home/airflow/.local/lib/python3.8/site-packages/airflow/example_dags/example_xcomargs.py
[2024-02-14T20:51:09.339+0000] {processor.py:840} INFO - DAG(s) 'example_xcom_args', 'example_xcom_args_with_operators' retrieved from /home/airflow/.local/lib/python3.8/site-packages/airflow/example_dags/example_xcomargs.py
[2024-02-14T20:51:09.395+0000] {logging_mixin.py:188} INFO - [2024-02-14T20:51:09.395+0000] {dag.py:3036} INFO - Sync 2 DAGs
[2024-02-14T20:51:09.429+0000] {logging_mixin.py:188} INFO - [2024-02-14T20:51:09.429+0000] {dag.py:3823} INFO - Setting next_dagrun for example_xcom_args to None, run_after=None
[2024-02-14T20:51:09.438+0000] {logging_mixin.py:188} INFO - [2024-02-14T20:51:09.438+0000] {dag.py:3823} INFO - Setting next_dagrun for example_xcom_args_with_operators to None, run_after=None
[2024-02-14T20:51:09.480+0000] {processor.py:183} INFO - Processing /home/airflow/.local/lib/python3.8/site-packages/airflow/example_dags/example_xcomargs.py took 0.176 seconds
[2024-02-14T20:51:40.324+0000] {processor.py:161} INFO - Started process (PID=6812) to work on /home/airflow/.local/lib/python3.8/site-packages/airflow/example_dags/example_xcomargs.py
[2024-02-14T20:51:40.326+0000] {processor.py:830} INFO - Processing file /home/airflow/.local/lib/python3.8/site-packages/airflow/example_dags/example_xcomargs.py for tasks to queue
[2024-02-14T20:51:40.328+0000] {logging_mixin.py:188} INFO - [2024-02-14T20:51:40.327+0000] {dagbag.py:538} INFO - Filling up the DagBag from /home/airflow/.local/lib/python3.8/site-packages/airflow/example_dags/example_xcomargs.py
[2024-02-14T20:51:40.343+0000] {processor.py:840} INFO - DAG(s) 'example_xcom_args_with_operators', 'example_xcom_args' retrieved from /home/airflow/.local/lib/python3.8/site-packages/airflow/example_dags/example_xcomargs.py
[2024-02-14T20:51:40.397+0000] {logging_mixin.py:188} INFO - [2024-02-14T20:51:40.396+0000] {dag.py:3036} INFO - Sync 2 DAGs
[2024-02-14T20:51:40.428+0000] {logging_mixin.py:188} INFO - [2024-02-14T20:51:40.427+0000] {dag.py:3823} INFO - Setting next_dagrun for example_xcom_args to None, run_after=None
[2024-02-14T20:51:40.440+0000] {logging_mixin.py:188} INFO - [2024-02-14T20:51:40.439+0000] {dag.py:3823} INFO - Setting next_dagrun for example_xcom_args_with_operators to None, run_after=None
[2024-02-14T20:51:40.492+0000] {processor.py:183} INFO - Processing /home/airflow/.local/lib/python3.8/site-packages/airflow/example_dags/example_xcomargs.py took 0.173 seconds
[2024-02-14T20:52:10.949+0000] {processor.py:161} INFO - Started process (PID=7059) to work on /home/airflow/.local/lib/python3.8/site-packages/airflow/example_dags/example_xcomargs.py
[2024-02-14T20:52:10.951+0000] {processor.py:830} INFO - Processing file /home/airflow/.local/lib/python3.8/site-packages/airflow/example_dags/example_xcomargs.py for tasks to queue
[2024-02-14T20:52:10.953+0000] {logging_mixin.py:188} INFO - [2024-02-14T20:52:10.952+0000] {dagbag.py:538} INFO - Filling up the DagBag from /home/airflow/.local/lib/python3.8/site-packages/airflow/example_dags/example_xcomargs.py
[2024-02-14T20:52:10.966+0000] {processor.py:840} INFO - DAG(s) 'example_xcom_args', 'example_xcom_args_with_operators' retrieved from /home/airflow/.local/lib/python3.8/site-packages/airflow/example_dags/example_xcomargs.py
[2024-02-14T20:52:11.007+0000] {logging_mixin.py:188} INFO - [2024-02-14T20:52:11.006+0000] {dag.py:3036} INFO - Sync 2 DAGs
[2024-02-14T20:52:11.030+0000] {logging_mixin.py:188} INFO - [2024-02-14T20:52:11.030+0000] {dag.py:3823} INFO - Setting next_dagrun for example_xcom_args to None, run_after=None
[2024-02-14T20:52:11.037+0000] {logging_mixin.py:188} INFO - [2024-02-14T20:52:11.037+0000] {dag.py:3823} INFO - Setting next_dagrun for example_xcom_args_with_operators to None, run_after=None
[2024-02-14T20:52:11.080+0000] {processor.py:183} INFO - Processing /home/airflow/.local/lib/python3.8/site-packages/airflow/example_dags/example_xcomargs.py took 0.135 seconds
[2024-02-14T20:52:41.659+0000] {processor.py:161} INFO - Started process (PID=7311) to work on /home/airflow/.local/lib/python3.8/site-packages/airflow/example_dags/example_xcomargs.py
[2024-02-14T20:52:41.661+0000] {processor.py:830} INFO - Processing file /home/airflow/.local/lib/python3.8/site-packages/airflow/example_dags/example_xcomargs.py for tasks to queue
[2024-02-14T20:52:41.663+0000] {logging_mixin.py:188} INFO - [2024-02-14T20:52:41.662+0000] {dagbag.py:538} INFO - Filling up the DagBag from /home/airflow/.local/lib/python3.8/site-packages/airflow/example_dags/example_xcomargs.py
[2024-02-14T20:52:41.676+0000] {processor.py:840} INFO - DAG(s) 'example_xcom_args', 'example_xcom_args_with_operators' retrieved from /home/airflow/.local/lib/python3.8/site-packages/airflow/example_dags/example_xcomargs.py
[2024-02-14T20:52:41.712+0000] {logging_mixin.py:188} INFO - [2024-02-14T20:52:41.712+0000] {dag.py:3036} INFO - Sync 2 DAGs
[2024-02-14T20:52:41.732+0000] {logging_mixin.py:188} INFO - [2024-02-14T20:52:41.732+0000] {dag.py:3823} INFO - Setting next_dagrun for example_xcom_args to None, run_after=None
[2024-02-14T20:52:41.744+0000] {logging_mixin.py:188} INFO - [2024-02-14T20:52:41.744+0000] {dag.py:3823} INFO - Setting next_dagrun for example_xcom_args_with_operators to None, run_after=None
[2024-02-14T20:52:41.773+0000] {processor.py:183} INFO - Processing /home/airflow/.local/lib/python3.8/site-packages/airflow/example_dags/example_xcomargs.py took 0.119 seconds
[2024-02-14T20:53:12.487+0000] {processor.py:161} INFO - Started process (PID=7553) to work on /home/airflow/.local/lib/python3.8/site-packages/airflow/example_dags/example_xcomargs.py
[2024-02-14T20:53:12.489+0000] {processor.py:830} INFO - Processing file /home/airflow/.local/lib/python3.8/site-packages/airflow/example_dags/example_xcomargs.py for tasks to queue
[2024-02-14T20:53:12.492+0000] {logging_mixin.py:188} INFO - [2024-02-14T20:53:12.491+0000] {dagbag.py:538} INFO - Filling up the DagBag from /home/airflow/.local/lib/python3.8/site-packages/airflow/example_dags/example_xcomargs.py
[2024-02-14T20:53:12.509+0000] {processor.py:840} INFO - DAG(s) 'example_xcom_args_with_operators', 'example_xcom_args' retrieved from /home/airflow/.local/lib/python3.8/site-packages/airflow/example_dags/example_xcomargs.py
[2024-02-14T20:53:12.554+0000] {logging_mixin.py:188} INFO - [2024-02-14T20:53:12.553+0000] {dag.py:3036} INFO - Sync 2 DAGs
[2024-02-14T20:53:12.584+0000] {logging_mixin.py:188} INFO - [2024-02-14T20:53:12.583+0000] {dag.py:3823} INFO - Setting next_dagrun for example_xcom_args to None, run_after=None
[2024-02-14T20:53:12.591+0000] {logging_mixin.py:188} INFO - [2024-02-14T20:53:12.590+0000] {dag.py:3823} INFO - Setting next_dagrun for example_xcom_args_with_operators to None, run_after=None
[2024-02-14T20:53:12.627+0000] {processor.py:183} INFO - Processing /home/airflow/.local/lib/python3.8/site-packages/airflow/example_dags/example_xcomargs.py took 0.145 seconds
[2024-02-14T20:53:42.974+0000] {processor.py:161} INFO - Started process (PID=7802) to work on /home/airflow/.local/lib/python3.8/site-packages/airflow/example_dags/example_xcomargs.py
[2024-02-14T20:53:42.976+0000] {processor.py:830} INFO - Processing file /home/airflow/.local/lib/python3.8/site-packages/airflow/example_dags/example_xcomargs.py for tasks to queue
[2024-02-14T20:53:42.979+0000] {logging_mixin.py:188} INFO - [2024-02-14T20:53:42.978+0000] {dagbag.py:538} INFO - Filling up the DagBag from /home/airflow/.local/lib/python3.8/site-packages/airflow/example_dags/example_xcomargs.py
[2024-02-14T20:53:42.994+0000] {processor.py:840} INFO - DAG(s) 'example_xcom_args_with_operators', 'example_xcom_args' retrieved from /home/airflow/.local/lib/python3.8/site-packages/airflow/example_dags/example_xcomargs.py
[2024-02-14T20:53:43.079+0000] {logging_mixin.py:188} INFO - [2024-02-14T20:53:43.078+0000] {dag.py:3036} INFO - Sync 2 DAGs
[2024-02-14T20:53:43.111+0000] {logging_mixin.py:188} INFO - [2024-02-14T20:53:43.110+0000] {dag.py:3823} INFO - Setting next_dagrun for example_xcom_args to None, run_after=None
[2024-02-14T20:53:43.123+0000] {logging_mixin.py:188} INFO - [2024-02-14T20:53:43.122+0000] {dag.py:3823} INFO - Setting next_dagrun for example_xcom_args_with_operators to None, run_after=None
[2024-02-14T20:53:43.167+0000] {processor.py:183} INFO - Processing /home/airflow/.local/lib/python3.8/site-packages/airflow/example_dags/example_xcomargs.py took 0.197 seconds
[2024-02-14T20:54:13.709+0000] {processor.py:161} INFO - Started process (PID=8054) to work on /home/airflow/.local/lib/python3.8/site-packages/airflow/example_dags/example_xcomargs.py
[2024-02-14T20:54:13.711+0000] {processor.py:830} INFO - Processing file /home/airflow/.local/lib/python3.8/site-packages/airflow/example_dags/example_xcomargs.py for tasks to queue
[2024-02-14T20:54:13.713+0000] {logging_mixin.py:188} INFO - [2024-02-14T20:54:13.713+0000] {dagbag.py:538} INFO - Filling up the DagBag from /home/airflow/.local/lib/python3.8/site-packages/airflow/example_dags/example_xcomargs.py
[2024-02-14T20:54:13.735+0000] {processor.py:840} INFO - DAG(s) 'example_xcom_args_with_operators', 'example_xcom_args' retrieved from /home/airflow/.local/lib/python3.8/site-packages/airflow/example_dags/example_xcomargs.py
[2024-02-14T20:54:13.800+0000] {logging_mixin.py:188} INFO - [2024-02-14T20:54:13.800+0000] {dag.py:3036} INFO - Sync 2 DAGs
[2024-02-14T20:54:13.829+0000] {logging_mixin.py:188} INFO - [2024-02-14T20:54:13.828+0000] {dag.py:3823} INFO - Setting next_dagrun for example_xcom_args to None, run_after=None
[2024-02-14T20:54:13.839+0000] {logging_mixin.py:188} INFO - [2024-02-14T20:54:13.838+0000] {dag.py:3823} INFO - Setting next_dagrun for example_xcom_args_with_operators to None, run_after=None
[2024-02-14T20:54:13.879+0000] {processor.py:183} INFO - Processing /home/airflow/.local/lib/python3.8/site-packages/airflow/example_dags/example_xcomargs.py took 0.180 seconds
[2024-02-14T20:54:44.289+0000] {processor.py:161} INFO - Started process (PID=8294) to work on /home/airflow/.local/lib/python3.8/site-packages/airflow/example_dags/example_xcomargs.py
[2024-02-14T20:54:44.291+0000] {processor.py:830} INFO - Processing file /home/airflow/.local/lib/python3.8/site-packages/airflow/example_dags/example_xcomargs.py for tasks to queue
[2024-02-14T20:54:44.293+0000] {logging_mixin.py:188} INFO - [2024-02-14T20:54:44.292+0000] {dagbag.py:538} INFO - Filling up the DagBag from /home/airflow/.local/lib/python3.8/site-packages/airflow/example_dags/example_xcomargs.py
[2024-02-14T20:54:44.306+0000] {processor.py:840} INFO - DAG(s) 'example_xcom_args', 'example_xcom_args_with_operators' retrieved from /home/airflow/.local/lib/python3.8/site-packages/airflow/example_dags/example_xcomargs.py
[2024-02-14T20:54:44.358+0000] {logging_mixin.py:188} INFO - [2024-02-14T20:54:44.357+0000] {dag.py:3036} INFO - Sync 2 DAGs
[2024-02-14T20:54:44.388+0000] {logging_mixin.py:188} INFO - [2024-02-14T20:54:44.388+0000] {dag.py:3823} INFO - Setting next_dagrun for example_xcom_args to None, run_after=None
[2024-02-14T20:54:44.399+0000] {logging_mixin.py:188} INFO - [2024-02-14T20:54:44.399+0000] {dag.py:3823} INFO - Setting next_dagrun for example_xcom_args_with_operators to None, run_after=None
[2024-02-14T20:54:44.440+0000] {processor.py:183} INFO - Processing /home/airflow/.local/lib/python3.8/site-packages/airflow/example_dags/example_xcomargs.py took 0.155 seconds
[2024-02-14T20:55:14.871+0000] {processor.py:161} INFO - Started process (PID=8541) to work on /home/airflow/.local/lib/python3.8/site-packages/airflow/example_dags/example_xcomargs.py
[2024-02-14T20:55:14.876+0000] {processor.py:830} INFO - Processing file /home/airflow/.local/lib/python3.8/site-packages/airflow/example_dags/example_xcomargs.py for tasks to queue
[2024-02-14T20:55:14.880+0000] {logging_mixin.py:188} INFO - [2024-02-14T20:55:14.879+0000] {dagbag.py:538} INFO - Filling up the DagBag from /home/airflow/.local/lib/python3.8/site-packages/airflow/example_dags/example_xcomargs.py
[2024-02-14T20:55:14.917+0000] {processor.py:840} INFO - DAG(s) 'example_xcom_args', 'example_xcom_args_with_operators' retrieved from /home/airflow/.local/lib/python3.8/site-packages/airflow/example_dags/example_xcomargs.py
[2024-02-14T20:55:15.022+0000] {logging_mixin.py:188} INFO - [2024-02-14T20:55:15.021+0000] {dag.py:3036} INFO - Sync 2 DAGs
[2024-02-14T20:55:15.081+0000] {logging_mixin.py:188} INFO - [2024-02-14T20:55:15.080+0000] {dag.py:3823} INFO - Setting next_dagrun for example_xcom_args to None, run_after=None
[2024-02-14T20:55:15.097+0000] {logging_mixin.py:188} INFO - [2024-02-14T20:55:15.097+0000] {dag.py:3823} INFO - Setting next_dagrun for example_xcom_args_with_operators to None, run_after=None
[2024-02-14T20:55:15.172+0000] {processor.py:183} INFO - Processing /home/airflow/.local/lib/python3.8/site-packages/airflow/example_dags/example_xcomargs.py took 0.314 seconds
[2024-02-14T20:55:45.468+0000] {processor.py:161} INFO - Started process (PID=8788) to work on /home/airflow/.local/lib/python3.8/site-packages/airflow/example_dags/example_xcomargs.py
[2024-02-14T20:55:45.472+0000] {processor.py:830} INFO - Processing file /home/airflow/.local/lib/python3.8/site-packages/airflow/example_dags/example_xcomargs.py for tasks to queue
[2024-02-14T20:55:45.475+0000] {logging_mixin.py:188} INFO - [2024-02-14T20:55:45.474+0000] {dagbag.py:538} INFO - Filling up the DagBag from /home/airflow/.local/lib/python3.8/site-packages/airflow/example_dags/example_xcomargs.py
[2024-02-14T20:55:45.507+0000] {processor.py:840} INFO - DAG(s) 'example_xcom_args_with_operators', 'example_xcom_args' retrieved from /home/airflow/.local/lib/python3.8/site-packages/airflow/example_dags/example_xcomargs.py
[2024-02-14T20:55:45.597+0000] {logging_mixin.py:188} INFO - [2024-02-14T20:55:45.596+0000] {dag.py:3036} INFO - Sync 2 DAGs
[2024-02-14T20:55:45.643+0000] {logging_mixin.py:188} INFO - [2024-02-14T20:55:45.643+0000] {dag.py:3823} INFO - Setting next_dagrun for example_xcom_args to None, run_after=None
[2024-02-14T20:55:45.657+0000] {logging_mixin.py:188} INFO - [2024-02-14T20:55:45.656+0000] {dag.py:3823} INFO - Setting next_dagrun for example_xcom_args_with_operators to None, run_after=None
[2024-02-14T20:55:45.741+0000] {processor.py:183} INFO - Processing /home/airflow/.local/lib/python3.8/site-packages/airflow/example_dags/example_xcomargs.py took 0.286 seconds
[2024-02-14T20:56:16.325+0000] {processor.py:161} INFO - Started process (PID=9035) to work on /home/airflow/.local/lib/python3.8/site-packages/airflow/example_dags/example_xcomargs.py
[2024-02-14T20:56:16.329+0000] {processor.py:830} INFO - Processing file /home/airflow/.local/lib/python3.8/site-packages/airflow/example_dags/example_xcomargs.py for tasks to queue
[2024-02-14T20:56:16.332+0000] {logging_mixin.py:188} INFO - [2024-02-14T20:56:16.331+0000] {dagbag.py:538} INFO - Filling up the DagBag from /home/airflow/.local/lib/python3.8/site-packages/airflow/example_dags/example_xcomargs.py
[2024-02-14T20:56:16.358+0000] {processor.py:840} INFO - DAG(s) 'example_xcom_args_with_operators', 'example_xcom_args' retrieved from /home/airflow/.local/lib/python3.8/site-packages/airflow/example_dags/example_xcomargs.py
[2024-02-14T20:56:16.416+0000] {logging_mixin.py:188} INFO - [2024-02-14T20:56:16.416+0000] {dag.py:3036} INFO - Sync 2 DAGs
[2024-02-14T20:56:16.446+0000] {logging_mixin.py:188} INFO - [2024-02-14T20:56:16.445+0000] {dag.py:3823} INFO - Setting next_dagrun for example_xcom_args to None, run_after=None
[2024-02-14T20:56:16.455+0000] {logging_mixin.py:188} INFO - [2024-02-14T20:56:16.455+0000] {dag.py:3823} INFO - Setting next_dagrun for example_xcom_args_with_operators to None, run_after=None
[2024-02-14T20:56:16.491+0000] {processor.py:183} INFO - Processing /home/airflow/.local/lib/python3.8/site-packages/airflow/example_dags/example_xcomargs.py took 0.177 seconds
[2024-02-14T20:56:47.308+0000] {processor.py:161} INFO - Started process (PID=9287) to work on /home/airflow/.local/lib/python3.8/site-packages/airflow/example_dags/example_xcomargs.py
[2024-02-14T20:56:47.311+0000] {processor.py:830} INFO - Processing file /home/airflow/.local/lib/python3.8/site-packages/airflow/example_dags/example_xcomargs.py for tasks to queue
[2024-02-14T20:56:47.313+0000] {logging_mixin.py:188} INFO - [2024-02-14T20:56:47.312+0000] {dagbag.py:538} INFO - Filling up the DagBag from /home/airflow/.local/lib/python3.8/site-packages/airflow/example_dags/example_xcomargs.py
[2024-02-14T20:56:47.341+0000] {processor.py:840} INFO - DAG(s) 'example_xcom_args', 'example_xcom_args_with_operators' retrieved from /home/airflow/.local/lib/python3.8/site-packages/airflow/example_dags/example_xcomargs.py
[2024-02-14T20:56:47.402+0000] {logging_mixin.py:188} INFO - [2024-02-14T20:56:47.402+0000] {dag.py:3036} INFO - Sync 2 DAGs
[2024-02-14T20:56:47.432+0000] {logging_mixin.py:188} INFO - [2024-02-14T20:56:47.432+0000] {dag.py:3823} INFO - Setting next_dagrun for example_xcom_args to None, run_after=None
[2024-02-14T20:56:47.442+0000] {logging_mixin.py:188} INFO - [2024-02-14T20:56:47.441+0000] {dag.py:3823} INFO - Setting next_dagrun for example_xcom_args_with_operators to None, run_after=None
[2024-02-14T20:56:47.482+0000] {processor.py:183} INFO - Processing /home/airflow/.local/lib/python3.8/site-packages/airflow/example_dags/example_xcomargs.py took 0.182 seconds
[2024-02-14T20:57:18.465+0000] {processor.py:161} INFO - Started process (PID=9534) to work on /home/airflow/.local/lib/python3.8/site-packages/airflow/example_dags/example_xcomargs.py
[2024-02-14T20:57:18.468+0000] {processor.py:830} INFO - Processing file /home/airflow/.local/lib/python3.8/site-packages/airflow/example_dags/example_xcomargs.py for tasks to queue
[2024-02-14T20:57:18.471+0000] {logging_mixin.py:188} INFO - [2024-02-14T20:57:18.470+0000] {dagbag.py:538} INFO - Filling up the DagBag from /home/airflow/.local/lib/python3.8/site-packages/airflow/example_dags/example_xcomargs.py
[2024-02-14T20:57:18.494+0000] {processor.py:840} INFO - DAG(s) 'example_xcom_args_with_operators', 'example_xcom_args' retrieved from /home/airflow/.local/lib/python3.8/site-packages/airflow/example_dags/example_xcomargs.py
[2024-02-14T20:57:18.550+0000] {logging_mixin.py:188} INFO - [2024-02-14T20:57:18.550+0000] {dag.py:3036} INFO - Sync 2 DAGs
[2024-02-14T20:57:18.581+0000] {logging_mixin.py:188} INFO - [2024-02-14T20:57:18.581+0000] {dag.py:3823} INFO - Setting next_dagrun for example_xcom_args to None, run_after=None
[2024-02-14T20:57:18.590+0000] {logging_mixin.py:188} INFO - [2024-02-14T20:57:18.590+0000] {dag.py:3823} INFO - Setting next_dagrun for example_xcom_args_with_operators to None, run_after=None
[2024-02-14T20:57:18.631+0000] {processor.py:183} INFO - Processing /home/airflow/.local/lib/python3.8/site-packages/airflow/example_dags/example_xcomargs.py took 0.177 seconds
[2024-02-14T20:57:50.046+0000] {processor.py:161} INFO - Started process (PID=9784) to work on /home/airflow/.local/lib/python3.8/site-packages/airflow/example_dags/example_xcomargs.py
[2024-02-14T20:57:50.047+0000] {processor.py:830} INFO - Processing file /home/airflow/.local/lib/python3.8/site-packages/airflow/example_dags/example_xcomargs.py for tasks to queue
[2024-02-14T20:57:50.049+0000] {logging_mixin.py:188} INFO - [2024-02-14T20:57:50.048+0000] {dagbag.py:538} INFO - Filling up the DagBag from /home/airflow/.local/lib/python3.8/site-packages/airflow/example_dags/example_xcomargs.py
[2024-02-14T20:57:50.065+0000] {processor.py:840} INFO - DAG(s) 'example_xcom_args', 'example_xcom_args_with_operators' retrieved from /home/airflow/.local/lib/python3.8/site-packages/airflow/example_dags/example_xcomargs.py
[2024-02-14T20:57:50.124+0000] {logging_mixin.py:188} INFO - [2024-02-14T20:57:50.123+0000] {dag.py:3036} INFO - Sync 2 DAGs
[2024-02-14T20:57:50.148+0000] {logging_mixin.py:188} INFO - [2024-02-14T20:57:50.148+0000] {dag.py:3823} INFO - Setting next_dagrun for example_xcom_args to None, run_after=None
[2024-02-14T20:57:50.156+0000] {logging_mixin.py:188} INFO - [2024-02-14T20:57:50.155+0000] {dag.py:3823} INFO - Setting next_dagrun for example_xcom_args_with_operators to None, run_after=None
[2024-02-14T20:57:50.214+0000] {processor.py:183} INFO - Processing /home/airflow/.local/lib/python3.8/site-packages/airflow/example_dags/example_xcomargs.py took 0.173 seconds
