[2024-02-14T20:38:01.928+0000] {processor.py:161} INFO - Started process (PID=166) to work on /home/airflow/.local/lib/python3.8/site-packages/airflow/example_dags/example_params_ui_tutorial.py
[2024-02-14T20:38:01.941+0000] {processor.py:830} INFO - Processing file /home/airflow/.local/lib/python3.8/site-packages/airflow/example_dags/example_params_ui_tutorial.py for tasks to queue
[2024-02-14T20:38:01.944+0000] {logging_mixin.py:188} INFO - [2024-02-14T20:38:01.943+0000] {dagbag.py:538} INFO - Filling up the DagBag from /home/airflow/.local/lib/python3.8/site-packages/airflow/example_dags/example_params_ui_tutorial.py
[2024-02-14T20:38:02.049+0000] {processor.py:840} INFO - DAG(s) 'example_params_ui_tutorial' retrieved from /home/airflow/.local/lib/python3.8/site-packages/airflow/example_dags/example_params_ui_tutorial.py
[2024-02-14T20:38:02.772+0000] {logging_mixin.py:188} INFO - [2024-02-14T20:38:02.771+0000] {dag.py:3036} INFO - Sync 1 DAGs
[2024-02-14T20:38:02.808+0000] {logging_mixin.py:188} INFO - [2024-02-14T20:38:02.808+0000] {dag.py:3823} INFO - Setting next_dagrun for example_params_ui_tutorial to None, run_after=None
[2024-02-14T20:38:02.925+0000] {processor.py:183} INFO - Processing /home/airflow/.local/lib/python3.8/site-packages/airflow/example_dags/example_params_ui_tutorial.py took 1.004 seconds
[2024-02-14T20:38:33.308+0000] {processor.py:161} INFO - Started process (PID=413) to work on /home/airflow/.local/lib/python3.8/site-packages/airflow/example_dags/example_params_ui_tutorial.py
[2024-02-14T20:38:33.310+0000] {processor.py:830} INFO - Processing file /home/airflow/.local/lib/python3.8/site-packages/airflow/example_dags/example_params_ui_tutorial.py for tasks to queue
[2024-02-14T20:38:33.312+0000] {logging_mixin.py:188} INFO - [2024-02-14T20:38:33.311+0000] {dagbag.py:538} INFO - Filling up the DagBag from /home/airflow/.local/lib/python3.8/site-packages/airflow/example_dags/example_params_ui_tutorial.py
[2024-02-14T20:38:33.338+0000] {processor.py:840} INFO - DAG(s) 'example_params_ui_tutorial' retrieved from /home/airflow/.local/lib/python3.8/site-packages/airflow/example_dags/example_params_ui_tutorial.py
[2024-02-14T20:38:33.522+0000] {logging_mixin.py:188} INFO - [2024-02-14T20:38:33.520+0000] {dag.py:3036} INFO - Sync 1 DAGs
[2024-02-14T20:38:33.569+0000] {logging_mixin.py:188} INFO - [2024-02-14T20:38:33.568+0000] {dag.py:3823} INFO - Setting next_dagrun for example_params_ui_tutorial to None, run_after=None
[2024-02-14T20:38:33.653+0000] {processor.py:183} INFO - Processing /home/airflow/.local/lib/python3.8/site-packages/airflow/example_dags/example_params_ui_tutorial.py took 0.375 seconds
[2024-02-14T20:39:03.823+0000] {processor.py:161} INFO - Started process (PID=660) to work on /home/airflow/.local/lib/python3.8/site-packages/airflow/example_dags/example_params_ui_tutorial.py
[2024-02-14T20:39:03.825+0000] {processor.py:830} INFO - Processing file /home/airflow/.local/lib/python3.8/site-packages/airflow/example_dags/example_params_ui_tutorial.py for tasks to queue
[2024-02-14T20:39:03.827+0000] {logging_mixin.py:188} INFO - [2024-02-14T20:39:03.826+0000] {dagbag.py:538} INFO - Filling up the DagBag from /home/airflow/.local/lib/python3.8/site-packages/airflow/example_dags/example_params_ui_tutorial.py
[2024-02-14T20:39:03.845+0000] {processor.py:840} INFO - DAG(s) 'example_params_ui_tutorial' retrieved from /home/airflow/.local/lib/python3.8/site-packages/airflow/example_dags/example_params_ui_tutorial.py
[2024-02-14T20:39:03.943+0000] {logging_mixin.py:188} INFO - [2024-02-14T20:39:03.942+0000] {dag.py:3036} INFO - Sync 1 DAGs
[2024-02-14T20:39:03.963+0000] {logging_mixin.py:188} INFO - [2024-02-14T20:39:03.963+0000] {dag.py:3823} INFO - Setting next_dagrun for example_params_ui_tutorial to None, run_after=None
[2024-02-14T20:39:04.010+0000] {processor.py:183} INFO - Processing /home/airflow/.local/lib/python3.8/site-packages/airflow/example_dags/example_params_ui_tutorial.py took 0.193 seconds
[2024-02-14T20:39:34.362+0000] {processor.py:161} INFO - Started process (PID=907) to work on /home/airflow/.local/lib/python3.8/site-packages/airflow/example_dags/example_params_ui_tutorial.py
[2024-02-14T20:39:34.366+0000] {processor.py:830} INFO - Processing file /home/airflow/.local/lib/python3.8/site-packages/airflow/example_dags/example_params_ui_tutorial.py for tasks to queue
[2024-02-14T20:39:34.370+0000] {logging_mixin.py:188} INFO - [2024-02-14T20:39:34.369+0000] {dagbag.py:538} INFO - Filling up the DagBag from /home/airflow/.local/lib/python3.8/site-packages/airflow/example_dags/example_params_ui_tutorial.py
[2024-02-14T20:39:34.420+0000] {processor.py:840} INFO - DAG(s) 'example_params_ui_tutorial' retrieved from /home/airflow/.local/lib/python3.8/site-packages/airflow/example_dags/example_params_ui_tutorial.py
[2024-02-14T20:39:34.636+0000] {logging_mixin.py:188} INFO - [2024-02-14T20:39:34.635+0000] {dag.py:3036} INFO - Sync 1 DAGs
[2024-02-14T20:39:34.671+0000] {logging_mixin.py:188} INFO - [2024-02-14T20:39:34.670+0000] {dag.py:3823} INFO - Setting next_dagrun for example_params_ui_tutorial to None, run_after=None
[2024-02-14T20:39:34.747+0000] {processor.py:183} INFO - Processing /home/airflow/.local/lib/python3.8/site-packages/airflow/example_dags/example_params_ui_tutorial.py took 0.396 seconds
[2024-02-14T20:40:04.976+0000] {processor.py:161} INFO - Started process (PID=1156) to work on /home/airflow/.local/lib/python3.8/site-packages/airflow/example_dags/example_params_ui_tutorial.py
[2024-02-14T20:40:04.979+0000] {processor.py:830} INFO - Processing file /home/airflow/.local/lib/python3.8/site-packages/airflow/example_dags/example_params_ui_tutorial.py for tasks to queue
[2024-02-14T20:40:04.982+0000] {logging_mixin.py:188} INFO - [2024-02-14T20:40:04.981+0000] {dagbag.py:538} INFO - Filling up the DagBag from /home/airflow/.local/lib/python3.8/site-packages/airflow/example_dags/example_params_ui_tutorial.py
[2024-02-14T20:40:05.000+0000] {processor.py:840} INFO - DAG(s) 'example_params_ui_tutorial' retrieved from /home/airflow/.local/lib/python3.8/site-packages/airflow/example_dags/example_params_ui_tutorial.py
[2024-02-14T20:40:05.178+0000] {logging_mixin.py:188} INFO - [2024-02-14T20:40:05.177+0000] {dag.py:3036} INFO - Sync 1 DAGs
[2024-02-14T20:40:05.243+0000] {logging_mixin.py:188} INFO - [2024-02-14T20:40:05.242+0000] {dag.py:3823} INFO - Setting next_dagrun for example_params_ui_tutorial to None, run_after=None
[2024-02-14T20:40:05.380+0000] {processor.py:183} INFO - Processing /home/airflow/.local/lib/python3.8/site-packages/airflow/example_dags/example_params_ui_tutorial.py took 0.410 seconds
[2024-02-14T20:40:36.230+0000] {processor.py:161} INFO - Started process (PID=1404) to work on /home/airflow/.local/lib/python3.8/site-packages/airflow/example_dags/example_params_ui_tutorial.py
[2024-02-14T20:40:36.232+0000] {processor.py:830} INFO - Processing file /home/airflow/.local/lib/python3.8/site-packages/airflow/example_dags/example_params_ui_tutorial.py for tasks to queue
[2024-02-14T20:40:36.236+0000] {logging_mixin.py:188} INFO - [2024-02-14T20:40:36.235+0000] {dagbag.py:538} INFO - Filling up the DagBag from /home/airflow/.local/lib/python3.8/site-packages/airflow/example_dags/example_params_ui_tutorial.py
[2024-02-14T20:40:36.257+0000] {processor.py:840} INFO - DAG(s) 'example_params_ui_tutorial' retrieved from /home/airflow/.local/lib/python3.8/site-packages/airflow/example_dags/example_params_ui_tutorial.py
[2024-02-14T20:40:36.384+0000] {logging_mixin.py:188} INFO - [2024-02-14T20:40:36.384+0000] {dag.py:3036} INFO - Sync 1 DAGs
[2024-02-14T20:40:36.416+0000] {logging_mixin.py:188} INFO - [2024-02-14T20:40:36.416+0000] {dag.py:3823} INFO - Setting next_dagrun for example_params_ui_tutorial to None, run_after=None
[2024-02-14T20:40:36.565+0000] {processor.py:183} INFO - Processing /home/airflow/.local/lib/python3.8/site-packages/airflow/example_dags/example_params_ui_tutorial.py took 0.341 seconds
[2024-02-14T20:41:06.945+0000] {processor.py:161} INFO - Started process (PID=1651) to work on /home/airflow/.local/lib/python3.8/site-packages/airflow/example_dags/example_params_ui_tutorial.py
[2024-02-14T20:41:06.950+0000] {processor.py:830} INFO - Processing file /home/airflow/.local/lib/python3.8/site-packages/airflow/example_dags/example_params_ui_tutorial.py for tasks to queue
[2024-02-14T20:41:06.955+0000] {logging_mixin.py:188} INFO - [2024-02-14T20:41:06.954+0000] {dagbag.py:538} INFO - Filling up the DagBag from /home/airflow/.local/lib/python3.8/site-packages/airflow/example_dags/example_params_ui_tutorial.py
[2024-02-14T20:41:07.014+0000] {processor.py:840} INFO - DAG(s) 'example_params_ui_tutorial' retrieved from /home/airflow/.local/lib/python3.8/site-packages/airflow/example_dags/example_params_ui_tutorial.py
[2024-02-14T20:41:07.423+0000] {logging_mixin.py:188} INFO - [2024-02-14T20:41:07.422+0000] {dag.py:3036} INFO - Sync 1 DAGs
[2024-02-14T20:41:07.452+0000] {logging_mixin.py:188} INFO - [2024-02-14T20:41:07.451+0000] {dag.py:3823} INFO - Setting next_dagrun for example_params_ui_tutorial to None, run_after=None
[2024-02-14T20:41:07.513+0000] {processor.py:183} INFO - Processing /home/airflow/.local/lib/python3.8/site-packages/airflow/example_dags/example_params_ui_tutorial.py took 0.584 seconds
[2024-02-14T20:41:38.025+0000] {processor.py:161} INFO - Started process (PID=1898) to work on /home/airflow/.local/lib/python3.8/site-packages/airflow/example_dags/example_params_ui_tutorial.py
[2024-02-14T20:41:38.028+0000] {processor.py:830} INFO - Processing file /home/airflow/.local/lib/python3.8/site-packages/airflow/example_dags/example_params_ui_tutorial.py for tasks to queue
[2024-02-14T20:41:38.033+0000] {logging_mixin.py:188} INFO - [2024-02-14T20:41:38.031+0000] {dagbag.py:538} INFO - Filling up the DagBag from /home/airflow/.local/lib/python3.8/site-packages/airflow/example_dags/example_params_ui_tutorial.py
[2024-02-14T20:41:38.074+0000] {processor.py:840} INFO - DAG(s) 'example_params_ui_tutorial' retrieved from /home/airflow/.local/lib/python3.8/site-packages/airflow/example_dags/example_params_ui_tutorial.py
[2024-02-14T20:41:38.327+0000] {logging_mixin.py:188} INFO - [2024-02-14T20:41:38.326+0000] {dag.py:3036} INFO - Sync 1 DAGs
[2024-02-14T20:41:38.372+0000] {logging_mixin.py:188} INFO - [2024-02-14T20:41:38.371+0000] {dag.py:3823} INFO - Setting next_dagrun for example_params_ui_tutorial to None, run_after=None
[2024-02-14T20:41:38.439+0000] {processor.py:183} INFO - Processing /home/airflow/.local/lib/python3.8/site-packages/airflow/example_dags/example_params_ui_tutorial.py took 0.428 seconds
[2024-02-14T20:42:08.777+0000] {processor.py:161} INFO - Started process (PID=2145) to work on /home/airflow/.local/lib/python3.8/site-packages/airflow/example_dags/example_params_ui_tutorial.py
[2024-02-14T20:42:08.781+0000] {processor.py:830} INFO - Processing file /home/airflow/.local/lib/python3.8/site-packages/airflow/example_dags/example_params_ui_tutorial.py for tasks to queue
[2024-02-14T20:42:08.786+0000] {logging_mixin.py:188} INFO - [2024-02-14T20:42:08.785+0000] {dagbag.py:538} INFO - Filling up the DagBag from /home/airflow/.local/lib/python3.8/site-packages/airflow/example_dags/example_params_ui_tutorial.py
[2024-02-14T20:42:08.841+0000] {processor.py:840} INFO - DAG(s) 'example_params_ui_tutorial' retrieved from /home/airflow/.local/lib/python3.8/site-packages/airflow/example_dags/example_params_ui_tutorial.py
[2024-02-14T20:42:09.024+0000] {logging_mixin.py:188} INFO - [2024-02-14T20:42:09.024+0000] {dag.py:3036} INFO - Sync 1 DAGs
[2024-02-14T20:42:09.055+0000] {logging_mixin.py:188} INFO - [2024-02-14T20:42:09.054+0000] {dag.py:3823} INFO - Setting next_dagrun for example_params_ui_tutorial to None, run_after=None
[2024-02-14T20:42:09.095+0000] {processor.py:183} INFO - Processing /home/airflow/.local/lib/python3.8/site-packages/airflow/example_dags/example_params_ui_tutorial.py took 0.335 seconds
[2024-02-14T20:42:39.640+0000] {processor.py:161} INFO - Started process (PID=2392) to work on /home/airflow/.local/lib/python3.8/site-packages/airflow/example_dags/example_params_ui_tutorial.py
[2024-02-14T20:42:39.645+0000] {processor.py:830} INFO - Processing file /home/airflow/.local/lib/python3.8/site-packages/airflow/example_dags/example_params_ui_tutorial.py for tasks to queue
[2024-02-14T20:42:39.650+0000] {logging_mixin.py:188} INFO - [2024-02-14T20:42:39.648+0000] {dagbag.py:538} INFO - Filling up the DagBag from /home/airflow/.local/lib/python3.8/site-packages/airflow/example_dags/example_params_ui_tutorial.py
[2024-02-14T20:42:39.713+0000] {processor.py:840} INFO - DAG(s) 'example_params_ui_tutorial' retrieved from /home/airflow/.local/lib/python3.8/site-packages/airflow/example_dags/example_params_ui_tutorial.py
[2024-02-14T20:42:40.107+0000] {logging_mixin.py:188} INFO - [2024-02-14T20:42:40.105+0000] {dag.py:3036} INFO - Sync 1 DAGs
[2024-02-14T20:42:40.174+0000] {logging_mixin.py:188} INFO - [2024-02-14T20:42:40.173+0000] {dag.py:3823} INFO - Setting next_dagrun for example_params_ui_tutorial to None, run_after=None
[2024-02-14T20:42:40.266+0000] {processor.py:183} INFO - Processing /home/airflow/.local/lib/python3.8/site-packages/airflow/example_dags/example_params_ui_tutorial.py took 0.642 seconds
[2024-02-14T20:43:10.578+0000] {processor.py:161} INFO - Started process (PID=2640) to work on /home/airflow/.local/lib/python3.8/site-packages/airflow/example_dags/example_params_ui_tutorial.py
[2024-02-14T20:43:10.582+0000] {processor.py:830} INFO - Processing file /home/airflow/.local/lib/python3.8/site-packages/airflow/example_dags/example_params_ui_tutorial.py for tasks to queue
[2024-02-14T20:43:10.586+0000] {logging_mixin.py:188} INFO - [2024-02-14T20:43:10.585+0000] {dagbag.py:538} INFO - Filling up the DagBag from /home/airflow/.local/lib/python3.8/site-packages/airflow/example_dags/example_params_ui_tutorial.py
[2024-02-14T20:43:10.646+0000] {processor.py:840} INFO - DAG(s) 'example_params_ui_tutorial' retrieved from /home/airflow/.local/lib/python3.8/site-packages/airflow/example_dags/example_params_ui_tutorial.py
[2024-02-14T20:43:10.790+0000] {logging_mixin.py:188} INFO - [2024-02-14T20:43:10.789+0000] {dag.py:3036} INFO - Sync 1 DAGs
[2024-02-14T20:43:10.810+0000] {logging_mixin.py:188} INFO - [2024-02-14T20:43:10.809+0000] {dag.py:3823} INFO - Setting next_dagrun for example_params_ui_tutorial to None, run_after=None
[2024-02-14T20:43:10.839+0000] {processor.py:183} INFO - Processing /home/airflow/.local/lib/python3.8/site-packages/airflow/example_dags/example_params_ui_tutorial.py took 0.276 seconds
[2024-02-14T20:43:41.139+0000] {processor.py:161} INFO - Started process (PID=2887) to work on /home/airflow/.local/lib/python3.8/site-packages/airflow/example_dags/example_params_ui_tutorial.py
[2024-02-14T20:43:41.143+0000] {processor.py:830} INFO - Processing file /home/airflow/.local/lib/python3.8/site-packages/airflow/example_dags/example_params_ui_tutorial.py for tasks to queue
[2024-02-14T20:43:41.146+0000] {logging_mixin.py:188} INFO - [2024-02-14T20:43:41.145+0000] {dagbag.py:538} INFO - Filling up the DagBag from /home/airflow/.local/lib/python3.8/site-packages/airflow/example_dags/example_params_ui_tutorial.py
[2024-02-14T20:43:41.183+0000] {processor.py:840} INFO - DAG(s) 'example_params_ui_tutorial' retrieved from /home/airflow/.local/lib/python3.8/site-packages/airflow/example_dags/example_params_ui_tutorial.py
[2024-02-14T20:43:41.379+0000] {logging_mixin.py:188} INFO - [2024-02-14T20:43:41.379+0000] {dag.py:3036} INFO - Sync 1 DAGs
[2024-02-14T20:43:41.409+0000] {logging_mixin.py:188} INFO - [2024-02-14T20:43:41.409+0000] {dag.py:3823} INFO - Setting next_dagrun for example_params_ui_tutorial to None, run_after=None
[2024-02-14T20:43:41.470+0000] {processor.py:183} INFO - Processing /home/airflow/.local/lib/python3.8/site-packages/airflow/example_dags/example_params_ui_tutorial.py took 0.353 seconds
[2024-02-14T20:44:11.700+0000] {processor.py:161} INFO - Started process (PID=3133) to work on /home/airflow/.local/lib/python3.8/site-packages/airflow/example_dags/example_params_ui_tutorial.py
[2024-02-14T20:44:11.704+0000] {processor.py:830} INFO - Processing file /home/airflow/.local/lib/python3.8/site-packages/airflow/example_dags/example_params_ui_tutorial.py for tasks to queue
[2024-02-14T20:44:11.708+0000] {logging_mixin.py:188} INFO - [2024-02-14T20:44:11.707+0000] {dagbag.py:538} INFO - Filling up the DagBag from /home/airflow/.local/lib/python3.8/site-packages/airflow/example_dags/example_params_ui_tutorial.py
[2024-02-14T20:44:11.756+0000] {processor.py:840} INFO - DAG(s) 'example_params_ui_tutorial' retrieved from /home/airflow/.local/lib/python3.8/site-packages/airflow/example_dags/example_params_ui_tutorial.py
[2024-02-14T20:44:11.940+0000] {logging_mixin.py:188} INFO - [2024-02-14T20:44:11.940+0000] {dag.py:3036} INFO - Sync 1 DAGs
[2024-02-14T20:44:11.962+0000] {logging_mixin.py:188} INFO - [2024-02-14T20:44:11.961+0000] {dag.py:3823} INFO - Setting next_dagrun for example_params_ui_tutorial to None, run_after=None
[2024-02-14T20:44:11.993+0000] {processor.py:183} INFO - Processing /home/airflow/.local/lib/python3.8/site-packages/airflow/example_dags/example_params_ui_tutorial.py took 0.317 seconds
[2024-02-14T20:44:42.739+0000] {processor.py:161} INFO - Started process (PID=3387) to work on /home/airflow/.local/lib/python3.8/site-packages/airflow/example_dags/example_params_ui_tutorial.py
[2024-02-14T20:44:42.743+0000] {processor.py:830} INFO - Processing file /home/airflow/.local/lib/python3.8/site-packages/airflow/example_dags/example_params_ui_tutorial.py for tasks to queue
[2024-02-14T20:44:42.752+0000] {logging_mixin.py:188} INFO - [2024-02-14T20:44:42.751+0000] {dagbag.py:538} INFO - Filling up the DagBag from /home/airflow/.local/lib/python3.8/site-packages/airflow/example_dags/example_params_ui_tutorial.py
[2024-02-14T20:44:42.822+0000] {processor.py:840} INFO - DAG(s) 'example_params_ui_tutorial' retrieved from /home/airflow/.local/lib/python3.8/site-packages/airflow/example_dags/example_params_ui_tutorial.py
[2024-02-14T20:44:43.531+0000] {logging_mixin.py:188} INFO - [2024-02-14T20:44:43.522+0000] {dag.py:3036} INFO - Sync 1 DAGs
[2024-02-14T20:44:43.670+0000] {logging_mixin.py:188} INFO - [2024-02-14T20:44:43.670+0000] {dag.py:3823} INFO - Setting next_dagrun for example_params_ui_tutorial to None, run_after=None
[2024-02-14T20:44:43.808+0000] {processor.py:183} INFO - Processing /home/airflow/.local/lib/python3.8/site-packages/airflow/example_dags/example_params_ui_tutorial.py took 1.079 seconds
[2024-02-14T20:45:14.132+0000] {processor.py:161} INFO - Started process (PID=3640) to work on /home/airflow/.local/lib/python3.8/site-packages/airflow/example_dags/example_params_ui_tutorial.py
[2024-02-14T20:45:14.133+0000] {processor.py:830} INFO - Processing file /home/airflow/.local/lib/python3.8/site-packages/airflow/example_dags/example_params_ui_tutorial.py for tasks to queue
[2024-02-14T20:45:14.135+0000] {logging_mixin.py:188} INFO - [2024-02-14T20:45:14.135+0000] {dagbag.py:538} INFO - Filling up the DagBag from /home/airflow/.local/lib/python3.8/site-packages/airflow/example_dags/example_params_ui_tutorial.py
[2024-02-14T20:45:14.154+0000] {processor.py:840} INFO - DAG(s) 'example_params_ui_tutorial' retrieved from /home/airflow/.local/lib/python3.8/site-packages/airflow/example_dags/example_params_ui_tutorial.py
[2024-02-14T20:45:14.260+0000] {logging_mixin.py:188} INFO - [2024-02-14T20:45:14.260+0000] {dag.py:3036} INFO - Sync 1 DAGs
[2024-02-14T20:45:14.280+0000] {logging_mixin.py:188} INFO - [2024-02-14T20:45:14.279+0000] {dag.py:3823} INFO - Setting next_dagrun for example_params_ui_tutorial to None, run_after=None
[2024-02-14T20:45:14.311+0000] {processor.py:183} INFO - Processing /home/airflow/.local/lib/python3.8/site-packages/airflow/example_dags/example_params_ui_tutorial.py took 0.183 seconds
[2024-02-14T20:45:44.806+0000] {processor.py:161} INFO - Started process (PID=3882) to work on /home/airflow/.local/lib/python3.8/site-packages/airflow/example_dags/example_params_ui_tutorial.py
[2024-02-14T20:45:44.811+0000] {processor.py:830} INFO - Processing file /home/airflow/.local/lib/python3.8/site-packages/airflow/example_dags/example_params_ui_tutorial.py for tasks to queue
[2024-02-14T20:45:44.815+0000] {logging_mixin.py:188} INFO - [2024-02-14T20:45:44.814+0000] {dagbag.py:538} INFO - Filling up the DagBag from /home/airflow/.local/lib/python3.8/site-packages/airflow/example_dags/example_params_ui_tutorial.py
[2024-02-14T20:45:44.876+0000] {processor.py:840} INFO - DAG(s) 'example_params_ui_tutorial' retrieved from /home/airflow/.local/lib/python3.8/site-packages/airflow/example_dags/example_params_ui_tutorial.py
[2024-02-14T20:45:45.115+0000] {logging_mixin.py:188} INFO - [2024-02-14T20:45:45.114+0000] {dag.py:3036} INFO - Sync 1 DAGs
[2024-02-14T20:45:45.146+0000] {logging_mixin.py:188} INFO - [2024-02-14T20:45:45.145+0000] {dag.py:3823} INFO - Setting next_dagrun for example_params_ui_tutorial to None, run_after=None
[2024-02-14T20:45:45.183+0000] {processor.py:183} INFO - Processing /home/airflow/.local/lib/python3.8/site-packages/airflow/example_dags/example_params_ui_tutorial.py took 0.390 seconds
[2024-02-14T20:46:15.610+0000] {processor.py:161} INFO - Started process (PID=4129) to work on /home/airflow/.local/lib/python3.8/site-packages/airflow/example_dags/example_params_ui_tutorial.py
[2024-02-14T20:46:15.614+0000] {processor.py:830} INFO - Processing file /home/airflow/.local/lib/python3.8/site-packages/airflow/example_dags/example_params_ui_tutorial.py for tasks to queue
[2024-02-14T20:46:15.619+0000] {logging_mixin.py:188} INFO - [2024-02-14T20:46:15.618+0000] {dagbag.py:538} INFO - Filling up the DagBag from /home/airflow/.local/lib/python3.8/site-packages/airflow/example_dags/example_params_ui_tutorial.py
[2024-02-14T20:46:15.650+0000] {processor.py:840} INFO - DAG(s) 'example_params_ui_tutorial' retrieved from /home/airflow/.local/lib/python3.8/site-packages/airflow/example_dags/example_params_ui_tutorial.py
[2024-02-14T20:46:15.741+0000] {logging_mixin.py:188} INFO - [2024-02-14T20:46:15.741+0000] {dag.py:3036} INFO - Sync 1 DAGs
[2024-02-14T20:46:15.759+0000] {logging_mixin.py:188} INFO - [2024-02-14T20:46:15.759+0000] {dag.py:3823} INFO - Setting next_dagrun for example_params_ui_tutorial to None, run_after=None
[2024-02-14T20:46:15.787+0000] {processor.py:183} INFO - Processing /home/airflow/.local/lib/python3.8/site-packages/airflow/example_dags/example_params_ui_tutorial.py took 0.195 seconds
[2024-02-14T20:46:45.991+0000] {processor.py:161} INFO - Started process (PID=4377) to work on /home/airflow/.local/lib/python3.8/site-packages/airflow/example_dags/example_params_ui_tutorial.py
[2024-02-14T20:46:45.995+0000] {processor.py:830} INFO - Processing file /home/airflow/.local/lib/python3.8/site-packages/airflow/example_dags/example_params_ui_tutorial.py for tasks to queue
[2024-02-14T20:46:46.000+0000] {logging_mixin.py:188} INFO - [2024-02-14T20:46:45.999+0000] {dagbag.py:538} INFO - Filling up the DagBag from /home/airflow/.local/lib/python3.8/site-packages/airflow/example_dags/example_params_ui_tutorial.py
[2024-02-14T20:46:46.057+0000] {processor.py:840} INFO - DAG(s) 'example_params_ui_tutorial' retrieved from /home/airflow/.local/lib/python3.8/site-packages/airflow/example_dags/example_params_ui_tutorial.py
[2024-02-14T20:46:46.342+0000] {logging_mixin.py:188} INFO - [2024-02-14T20:46:46.341+0000] {dag.py:3036} INFO - Sync 1 DAGs
[2024-02-14T20:46:46.392+0000] {logging_mixin.py:188} INFO - [2024-02-14T20:46:46.392+0000] {dag.py:3823} INFO - Setting next_dagrun for example_params_ui_tutorial to None, run_after=None
[2024-02-14T20:46:46.464+0000] {processor.py:183} INFO - Processing /home/airflow/.local/lib/python3.8/site-packages/airflow/example_dags/example_params_ui_tutorial.py took 0.490 seconds
[2024-02-14T20:47:16.967+0000] {processor.py:161} INFO - Started process (PID=4624) to work on /home/airflow/.local/lib/python3.8/site-packages/airflow/example_dags/example_params_ui_tutorial.py
[2024-02-14T20:47:16.972+0000] {processor.py:830} INFO - Processing file /home/airflow/.local/lib/python3.8/site-packages/airflow/example_dags/example_params_ui_tutorial.py for tasks to queue
[2024-02-14T20:47:16.976+0000] {logging_mixin.py:188} INFO - [2024-02-14T20:47:16.975+0000] {dagbag.py:538} INFO - Filling up the DagBag from /home/airflow/.local/lib/python3.8/site-packages/airflow/example_dags/example_params_ui_tutorial.py
[2024-02-14T20:47:17.033+0000] {processor.py:840} INFO - DAG(s) 'example_params_ui_tutorial' retrieved from /home/airflow/.local/lib/python3.8/site-packages/airflow/example_dags/example_params_ui_tutorial.py
[2024-02-14T20:47:17.285+0000] {logging_mixin.py:188} INFO - [2024-02-14T20:47:17.284+0000] {dag.py:3036} INFO - Sync 1 DAGs
[2024-02-14T20:47:17.321+0000] {logging_mixin.py:188} INFO - [2024-02-14T20:47:17.321+0000] {dag.py:3823} INFO - Setting next_dagrun for example_params_ui_tutorial to None, run_after=None
[2024-02-14T20:47:17.372+0000] {processor.py:183} INFO - Processing /home/airflow/.local/lib/python3.8/site-packages/airflow/example_dags/example_params_ui_tutorial.py took 0.417 seconds
[2024-02-14T20:47:47.553+0000] {processor.py:161} INFO - Started process (PID=4871) to work on /home/airflow/.local/lib/python3.8/site-packages/airflow/example_dags/example_params_ui_tutorial.py
[2024-02-14T20:47:47.558+0000] {processor.py:830} INFO - Processing file /home/airflow/.local/lib/python3.8/site-packages/airflow/example_dags/example_params_ui_tutorial.py for tasks to queue
[2024-02-14T20:47:47.562+0000] {logging_mixin.py:188} INFO - [2024-02-14T20:47:47.561+0000] {dagbag.py:538} INFO - Filling up the DagBag from /home/airflow/.local/lib/python3.8/site-packages/airflow/example_dags/example_params_ui_tutorial.py
[2024-02-14T20:47:47.625+0000] {processor.py:840} INFO - DAG(s) 'example_params_ui_tutorial' retrieved from /home/airflow/.local/lib/python3.8/site-packages/airflow/example_dags/example_params_ui_tutorial.py
[2024-02-14T20:47:47.818+0000] {logging_mixin.py:188} INFO - [2024-02-14T20:47:47.817+0000] {dag.py:3036} INFO - Sync 1 DAGs
[2024-02-14T20:47:47.837+0000] {logging_mixin.py:188} INFO - [2024-02-14T20:47:47.837+0000] {dag.py:3823} INFO - Setting next_dagrun for example_params_ui_tutorial to None, run_after=None
[2024-02-14T20:47:47.874+0000] {processor.py:183} INFO - Processing /home/airflow/.local/lib/python3.8/site-packages/airflow/example_dags/example_params_ui_tutorial.py took 0.338 seconds
[2024-02-14T20:48:18.135+0000] {processor.py:161} INFO - Started process (PID=5118) to work on /home/airflow/.local/lib/python3.8/site-packages/airflow/example_dags/example_params_ui_tutorial.py
[2024-02-14T20:48:18.140+0000] {processor.py:830} INFO - Processing file /home/airflow/.local/lib/python3.8/site-packages/airflow/example_dags/example_params_ui_tutorial.py for tasks to queue
[2024-02-14T20:48:18.144+0000] {logging_mixin.py:188} INFO - [2024-02-14T20:48:18.143+0000] {dagbag.py:538} INFO - Filling up the DagBag from /home/airflow/.local/lib/python3.8/site-packages/airflow/example_dags/example_params_ui_tutorial.py
[2024-02-14T20:48:18.203+0000] {processor.py:840} INFO - DAG(s) 'example_params_ui_tutorial' retrieved from /home/airflow/.local/lib/python3.8/site-packages/airflow/example_dags/example_params_ui_tutorial.py
[2024-02-14T20:48:18.428+0000] {logging_mixin.py:188} INFO - [2024-02-14T20:48:18.427+0000] {dag.py:3036} INFO - Sync 1 DAGs
[2024-02-14T20:48:18.451+0000] {logging_mixin.py:188} INFO - [2024-02-14T20:48:18.451+0000] {dag.py:3823} INFO - Setting next_dagrun for example_params_ui_tutorial to None, run_after=None
[2024-02-14T20:48:18.523+0000] {processor.py:183} INFO - Processing /home/airflow/.local/lib/python3.8/site-packages/airflow/example_dags/example_params_ui_tutorial.py took 0.403 seconds
[2024-02-14T20:48:49.218+0000] {processor.py:161} INFO - Started process (PID=5365) to work on /home/airflow/.local/lib/python3.8/site-packages/airflow/example_dags/example_params_ui_tutorial.py
[2024-02-14T20:48:49.222+0000] {processor.py:830} INFO - Processing file /home/airflow/.local/lib/python3.8/site-packages/airflow/example_dags/example_params_ui_tutorial.py for tasks to queue
[2024-02-14T20:48:49.227+0000] {logging_mixin.py:188} INFO - [2024-02-14T20:48:49.226+0000] {dagbag.py:538} INFO - Filling up the DagBag from /home/airflow/.local/lib/python3.8/site-packages/airflow/example_dags/example_params_ui_tutorial.py
[2024-02-14T20:48:49.272+0000] {processor.py:840} INFO - DAG(s) 'example_params_ui_tutorial' retrieved from /home/airflow/.local/lib/python3.8/site-packages/airflow/example_dags/example_params_ui_tutorial.py
[2024-02-14T20:48:49.545+0000] {logging_mixin.py:188} INFO - [2024-02-14T20:48:49.544+0000] {dag.py:3036} INFO - Sync 1 DAGs
[2024-02-14T20:48:49.598+0000] {logging_mixin.py:188} INFO - [2024-02-14T20:48:49.597+0000] {dag.py:3823} INFO - Setting next_dagrun for example_params_ui_tutorial to None, run_after=None
[2024-02-14T20:48:49.671+0000] {processor.py:183} INFO - Processing /home/airflow/.local/lib/python3.8/site-packages/airflow/example_dags/example_params_ui_tutorial.py took 0.465 seconds
[2024-02-14T20:49:20.278+0000] {processor.py:161} INFO - Started process (PID=5613) to work on /home/airflow/.local/lib/python3.8/site-packages/airflow/example_dags/example_params_ui_tutorial.py
[2024-02-14T20:49:20.281+0000] {processor.py:830} INFO - Processing file /home/airflow/.local/lib/python3.8/site-packages/airflow/example_dags/example_params_ui_tutorial.py for tasks to queue
[2024-02-14T20:49:20.283+0000] {logging_mixin.py:188} INFO - [2024-02-14T20:49:20.283+0000] {dagbag.py:538} INFO - Filling up the DagBag from /home/airflow/.local/lib/python3.8/site-packages/airflow/example_dags/example_params_ui_tutorial.py
[2024-02-14T20:49:20.319+0000] {processor.py:840} INFO - DAG(s) 'example_params_ui_tutorial' retrieved from /home/airflow/.local/lib/python3.8/site-packages/airflow/example_dags/example_params_ui_tutorial.py
[2024-02-14T20:49:20.413+0000] {logging_mixin.py:188} INFO - [2024-02-14T20:49:20.413+0000] {dag.py:3036} INFO - Sync 1 DAGs
[2024-02-14T20:49:20.432+0000] {logging_mixin.py:188} INFO - [2024-02-14T20:49:20.432+0000] {dag.py:3823} INFO - Setting next_dagrun for example_params_ui_tutorial to None, run_after=None
[2024-02-14T20:49:20.458+0000] {processor.py:183} INFO - Processing /home/airflow/.local/lib/python3.8/site-packages/airflow/example_dags/example_params_ui_tutorial.py took 0.184 seconds
[2024-02-14T20:49:50.880+0000] {processor.py:161} INFO - Started process (PID=5861) to work on /home/airflow/.local/lib/python3.8/site-packages/airflow/example_dags/example_params_ui_tutorial.py
[2024-02-14T20:49:50.882+0000] {processor.py:830} INFO - Processing file /home/airflow/.local/lib/python3.8/site-packages/airflow/example_dags/example_params_ui_tutorial.py for tasks to queue
[2024-02-14T20:49:50.884+0000] {logging_mixin.py:188} INFO - [2024-02-14T20:49:50.883+0000] {dagbag.py:538} INFO - Filling up the DagBag from /home/airflow/.local/lib/python3.8/site-packages/airflow/example_dags/example_params_ui_tutorial.py
[2024-02-14T20:49:50.901+0000] {processor.py:840} INFO - DAG(s) 'example_params_ui_tutorial' retrieved from /home/airflow/.local/lib/python3.8/site-packages/airflow/example_dags/example_params_ui_tutorial.py
[2024-02-14T20:49:51.003+0000] {logging_mixin.py:188} INFO - [2024-02-14T20:49:51.003+0000] {dag.py:3036} INFO - Sync 1 DAGs
[2024-02-14T20:49:51.031+0000] {logging_mixin.py:188} INFO - [2024-02-14T20:49:51.030+0000] {dag.py:3823} INFO - Setting next_dagrun for example_params_ui_tutorial to None, run_after=None
[2024-02-14T20:49:51.081+0000] {processor.py:183} INFO - Processing /home/airflow/.local/lib/python3.8/site-packages/airflow/example_dags/example_params_ui_tutorial.py took 0.205 seconds
[2024-02-14T20:50:21.396+0000] {processor.py:161} INFO - Started process (PID=6108) to work on /home/airflow/.local/lib/python3.8/site-packages/airflow/example_dags/example_params_ui_tutorial.py
[2024-02-14T20:50:21.399+0000] {processor.py:830} INFO - Processing file /home/airflow/.local/lib/python3.8/site-packages/airflow/example_dags/example_params_ui_tutorial.py for tasks to queue
[2024-02-14T20:50:21.402+0000] {logging_mixin.py:188} INFO - [2024-02-14T20:50:21.401+0000] {dagbag.py:538} INFO - Filling up the DagBag from /home/airflow/.local/lib/python3.8/site-packages/airflow/example_dags/example_params_ui_tutorial.py
[2024-02-14T20:50:21.431+0000] {processor.py:840} INFO - DAG(s) 'example_params_ui_tutorial' retrieved from /home/airflow/.local/lib/python3.8/site-packages/airflow/example_dags/example_params_ui_tutorial.py
[2024-02-14T20:50:21.610+0000] {logging_mixin.py:188} INFO - [2024-02-14T20:50:21.609+0000] {dag.py:3036} INFO - Sync 1 DAGs
[2024-02-14T20:50:21.641+0000] {logging_mixin.py:188} INFO - [2024-02-14T20:50:21.640+0000] {dag.py:3823} INFO - Setting next_dagrun for example_params_ui_tutorial to None, run_after=None
[2024-02-14T20:50:21.688+0000] {processor.py:183} INFO - Processing /home/airflow/.local/lib/python3.8/site-packages/airflow/example_dags/example_params_ui_tutorial.py took 0.300 seconds
[2024-02-14T20:50:52.263+0000] {processor.py:161} INFO - Started process (PID=6356) to work on /home/airflow/.local/lib/python3.8/site-packages/airflow/example_dags/example_params_ui_tutorial.py
[2024-02-14T20:50:52.271+0000] {processor.py:830} INFO - Processing file /home/airflow/.local/lib/python3.8/site-packages/airflow/example_dags/example_params_ui_tutorial.py for tasks to queue
[2024-02-14T20:50:52.297+0000] {logging_mixin.py:188} INFO - [2024-02-14T20:50:52.295+0000] {dagbag.py:538} INFO - Filling up the DagBag from /home/airflow/.local/lib/python3.8/site-packages/airflow/example_dags/example_params_ui_tutorial.py
[2024-02-14T20:50:52.350+0000] {processor.py:840} INFO - DAG(s) 'example_params_ui_tutorial' retrieved from /home/airflow/.local/lib/python3.8/site-packages/airflow/example_dags/example_params_ui_tutorial.py
[2024-02-14T20:50:52.669+0000] {logging_mixin.py:188} INFO - [2024-02-14T20:50:52.668+0000] {dag.py:3036} INFO - Sync 1 DAGs
[2024-02-14T20:50:52.730+0000] {logging_mixin.py:188} INFO - [2024-02-14T20:50:52.729+0000] {dag.py:3823} INFO - Setting next_dagrun for example_params_ui_tutorial to None, run_after=None
[2024-02-14T20:50:52.809+0000] {processor.py:183} INFO - Processing /home/airflow/.local/lib/python3.8/site-packages/airflow/example_dags/example_params_ui_tutorial.py took 0.559 seconds
[2024-02-14T20:51:23.035+0000] {processor.py:161} INFO - Started process (PID=6604) to work on /home/airflow/.local/lib/python3.8/site-packages/airflow/example_dags/example_params_ui_tutorial.py
[2024-02-14T20:51:23.037+0000] {processor.py:830} INFO - Processing file /home/airflow/.local/lib/python3.8/site-packages/airflow/example_dags/example_params_ui_tutorial.py for tasks to queue
[2024-02-14T20:51:23.038+0000] {logging_mixin.py:188} INFO - [2024-02-14T20:51:23.038+0000] {dagbag.py:538} INFO - Filling up the DagBag from /home/airflow/.local/lib/python3.8/site-packages/airflow/example_dags/example_params_ui_tutorial.py
[2024-02-14T20:51:23.056+0000] {processor.py:840} INFO - DAG(s) 'example_params_ui_tutorial' retrieved from /home/airflow/.local/lib/python3.8/site-packages/airflow/example_dags/example_params_ui_tutorial.py
[2024-02-14T20:51:23.150+0000] {logging_mixin.py:188} INFO - [2024-02-14T20:51:23.150+0000] {dag.py:3036} INFO - Sync 1 DAGs
[2024-02-14T20:51:23.171+0000] {logging_mixin.py:188} INFO - [2024-02-14T20:51:23.171+0000] {dag.py:3823} INFO - Setting next_dagrun for example_params_ui_tutorial to None, run_after=None
[2024-02-14T20:51:23.204+0000] {processor.py:183} INFO - Processing /home/airflow/.local/lib/python3.8/site-packages/airflow/example_dags/example_params_ui_tutorial.py took 0.173 seconds
[2024-02-14T20:51:53.713+0000] {processor.py:161} INFO - Started process (PID=6851) to work on /home/airflow/.local/lib/python3.8/site-packages/airflow/example_dags/example_params_ui_tutorial.py
[2024-02-14T20:51:53.716+0000] {processor.py:830} INFO - Processing file /home/airflow/.local/lib/python3.8/site-packages/airflow/example_dags/example_params_ui_tutorial.py for tasks to queue
[2024-02-14T20:51:53.720+0000] {logging_mixin.py:188} INFO - [2024-02-14T20:51:53.719+0000] {dagbag.py:538} INFO - Filling up the DagBag from /home/airflow/.local/lib/python3.8/site-packages/airflow/example_dags/example_params_ui_tutorial.py
[2024-02-14T20:51:53.754+0000] {processor.py:840} INFO - DAG(s) 'example_params_ui_tutorial' retrieved from /home/airflow/.local/lib/python3.8/site-packages/airflow/example_dags/example_params_ui_tutorial.py
[2024-02-14T20:51:53.857+0000] {logging_mixin.py:188} INFO - [2024-02-14T20:51:53.857+0000] {dag.py:3036} INFO - Sync 1 DAGs
[2024-02-14T20:51:53.874+0000] {logging_mixin.py:188} INFO - [2024-02-14T20:51:53.873+0000] {dag.py:3823} INFO - Setting next_dagrun for example_params_ui_tutorial to None, run_after=None
[2024-02-14T20:51:53.903+0000] {processor.py:183} INFO - Processing /home/airflow/.local/lib/python3.8/site-packages/airflow/example_dags/example_params_ui_tutorial.py took 0.200 seconds
[2024-02-14T20:52:24.436+0000] {processor.py:161} INFO - Started process (PID=7096) to work on /home/airflow/.local/lib/python3.8/site-packages/airflow/example_dags/example_params_ui_tutorial.py
[2024-02-14T20:52:24.440+0000] {processor.py:830} INFO - Processing file /home/airflow/.local/lib/python3.8/site-packages/airflow/example_dags/example_params_ui_tutorial.py for tasks to queue
[2024-02-14T20:52:24.444+0000] {logging_mixin.py:188} INFO - [2024-02-14T20:52:24.443+0000] {dagbag.py:538} INFO - Filling up the DagBag from /home/airflow/.local/lib/python3.8/site-packages/airflow/example_dags/example_params_ui_tutorial.py
[2024-02-14T20:52:24.494+0000] {processor.py:840} INFO - DAG(s) 'example_params_ui_tutorial' retrieved from /home/airflow/.local/lib/python3.8/site-packages/airflow/example_dags/example_params_ui_tutorial.py
[2024-02-14T20:52:24.731+0000] {logging_mixin.py:188} INFO - [2024-02-14T20:52:24.730+0000] {dag.py:3036} INFO - Sync 1 DAGs
[2024-02-14T20:52:24.767+0000] {logging_mixin.py:188} INFO - [2024-02-14T20:52:24.767+0000] {dag.py:3823} INFO - Setting next_dagrun for example_params_ui_tutorial to None, run_after=None
[2024-02-14T20:52:24.825+0000] {processor.py:183} INFO - Processing /home/airflow/.local/lib/python3.8/site-packages/airflow/example_dags/example_params_ui_tutorial.py took 0.404 seconds
[2024-02-14T20:52:55.177+0000] {processor.py:161} INFO - Started process (PID=7339) to work on /home/airflow/.local/lib/python3.8/site-packages/airflow/example_dags/example_params_ui_tutorial.py
[2024-02-14T20:52:55.181+0000] {processor.py:830} INFO - Processing file /home/airflow/.local/lib/python3.8/site-packages/airflow/example_dags/example_params_ui_tutorial.py for tasks to queue
[2024-02-14T20:52:55.186+0000] {logging_mixin.py:188} INFO - [2024-02-14T20:52:55.185+0000] {dagbag.py:538} INFO - Filling up the DagBag from /home/airflow/.local/lib/python3.8/site-packages/airflow/example_dags/example_params_ui_tutorial.py
[2024-02-14T20:52:55.249+0000] {processor.py:840} INFO - DAG(s) 'example_params_ui_tutorial' retrieved from /home/airflow/.local/lib/python3.8/site-packages/airflow/example_dags/example_params_ui_tutorial.py
[2024-02-14T20:52:55.525+0000] {logging_mixin.py:188} INFO - [2024-02-14T20:52:55.525+0000] {dag.py:3036} INFO - Sync 1 DAGs
[2024-02-14T20:52:55.545+0000] {logging_mixin.py:188} INFO - [2024-02-14T20:52:55.545+0000] {dag.py:3823} INFO - Setting next_dagrun for example_params_ui_tutorial to None, run_after=None
[2024-02-14T20:52:55.575+0000] {processor.py:183} INFO - Processing /home/airflow/.local/lib/python3.8/site-packages/airflow/example_dags/example_params_ui_tutorial.py took 0.415 seconds
[2024-02-14T20:53:26.000+0000] {processor.py:161} INFO - Started process (PID=7586) to work on /home/airflow/.local/lib/python3.8/site-packages/airflow/example_dags/example_params_ui_tutorial.py
[2024-02-14T20:53:26.004+0000] {processor.py:830} INFO - Processing file /home/airflow/.local/lib/python3.8/site-packages/airflow/example_dags/example_params_ui_tutorial.py for tasks to queue
[2024-02-14T20:53:26.008+0000] {logging_mixin.py:188} INFO - [2024-02-14T20:53:26.007+0000] {dagbag.py:538} INFO - Filling up the DagBag from /home/airflow/.local/lib/python3.8/site-packages/airflow/example_dags/example_params_ui_tutorial.py
[2024-02-14T20:53:26.059+0000] {processor.py:840} INFO - DAG(s) 'example_params_ui_tutorial' retrieved from /home/airflow/.local/lib/python3.8/site-packages/airflow/example_dags/example_params_ui_tutorial.py
[2024-02-14T20:53:26.216+0000] {logging_mixin.py:188} INFO - [2024-02-14T20:53:26.215+0000] {dag.py:3036} INFO - Sync 1 DAGs
[2024-02-14T20:53:26.235+0000] {logging_mixin.py:188} INFO - [2024-02-14T20:53:26.234+0000] {dag.py:3823} INFO - Setting next_dagrun for example_params_ui_tutorial to None, run_after=None
[2024-02-14T20:53:26.263+0000] {processor.py:183} INFO - Processing /home/airflow/.local/lib/python3.8/site-packages/airflow/example_dags/example_params_ui_tutorial.py took 0.277 seconds
[2024-02-14T20:53:56.522+0000] {processor.py:161} INFO - Started process (PID=7833) to work on /home/airflow/.local/lib/python3.8/site-packages/airflow/example_dags/example_params_ui_tutorial.py
[2024-02-14T20:53:56.525+0000] {processor.py:830} INFO - Processing file /home/airflow/.local/lib/python3.8/site-packages/airflow/example_dags/example_params_ui_tutorial.py for tasks to queue
[2024-02-14T20:53:56.529+0000] {logging_mixin.py:188} INFO - [2024-02-14T20:53:56.528+0000] {dagbag.py:538} INFO - Filling up the DagBag from /home/airflow/.local/lib/python3.8/site-packages/airflow/example_dags/example_params_ui_tutorial.py
[2024-02-14T20:53:56.564+0000] {processor.py:840} INFO - DAG(s) 'example_params_ui_tutorial' retrieved from /home/airflow/.local/lib/python3.8/site-packages/airflow/example_dags/example_params_ui_tutorial.py
[2024-02-14T20:53:56.757+0000] {logging_mixin.py:188} INFO - [2024-02-14T20:53:56.757+0000] {dag.py:3036} INFO - Sync 1 DAGs
[2024-02-14T20:53:56.792+0000] {logging_mixin.py:188} INFO - [2024-02-14T20:53:56.792+0000] {dag.py:3823} INFO - Setting next_dagrun for example_params_ui_tutorial to None, run_after=None
[2024-02-14T20:53:56.855+0000] {processor.py:183} INFO - Processing /home/airflow/.local/lib/python3.8/site-packages/airflow/example_dags/example_params_ui_tutorial.py took 0.342 seconds
[2024-02-14T20:54:27.127+0000] {processor.py:161} INFO - Started process (PID=8080) to work on /home/airflow/.local/lib/python3.8/site-packages/airflow/example_dags/example_params_ui_tutorial.py
[2024-02-14T20:54:27.130+0000] {processor.py:830} INFO - Processing file /home/airflow/.local/lib/python3.8/site-packages/airflow/example_dags/example_params_ui_tutorial.py for tasks to queue
[2024-02-14T20:54:27.134+0000] {logging_mixin.py:188} INFO - [2024-02-14T20:54:27.133+0000] {dagbag.py:538} INFO - Filling up the DagBag from /home/airflow/.local/lib/python3.8/site-packages/airflow/example_dags/example_params_ui_tutorial.py
[2024-02-14T20:54:27.167+0000] {processor.py:840} INFO - DAG(s) 'example_params_ui_tutorial' retrieved from /home/airflow/.local/lib/python3.8/site-packages/airflow/example_dags/example_params_ui_tutorial.py
[2024-02-14T20:54:27.292+0000] {logging_mixin.py:188} INFO - [2024-02-14T20:54:27.291+0000] {dag.py:3036} INFO - Sync 1 DAGs
[2024-02-14T20:54:27.330+0000] {logging_mixin.py:188} INFO - [2024-02-14T20:54:27.329+0000] {dag.py:3823} INFO - Setting next_dagrun for example_params_ui_tutorial to None, run_after=None
[2024-02-14T20:54:27.384+0000] {processor.py:183} INFO - Processing /home/airflow/.local/lib/python3.8/site-packages/airflow/example_dags/example_params_ui_tutorial.py took 0.265 seconds
[2024-02-14T20:54:57.997+0000] {processor.py:161} INFO - Started process (PID=8327) to work on /home/airflow/.local/lib/python3.8/site-packages/airflow/example_dags/example_params_ui_tutorial.py
[2024-02-14T20:54:58.001+0000] {processor.py:830} INFO - Processing file /home/airflow/.local/lib/python3.8/site-packages/airflow/example_dags/example_params_ui_tutorial.py for tasks to queue
[2024-02-14T20:54:58.005+0000] {logging_mixin.py:188} INFO - [2024-02-14T20:54:58.004+0000] {dagbag.py:538} INFO - Filling up the DagBag from /home/airflow/.local/lib/python3.8/site-packages/airflow/example_dags/example_params_ui_tutorial.py
[2024-02-14T20:54:58.052+0000] {processor.py:840} INFO - DAG(s) 'example_params_ui_tutorial' retrieved from /home/airflow/.local/lib/python3.8/site-packages/airflow/example_dags/example_params_ui_tutorial.py
[2024-02-14T20:54:58.328+0000] {logging_mixin.py:188} INFO - [2024-02-14T20:54:58.327+0000] {dag.py:3036} INFO - Sync 1 DAGs
[2024-02-14T20:54:58.351+0000] {logging_mixin.py:188} INFO - [2024-02-14T20:54:58.351+0000] {dag.py:3823} INFO - Setting next_dagrun for example_params_ui_tutorial to None, run_after=None
[2024-02-14T20:54:58.388+0000] {processor.py:183} INFO - Processing /home/airflow/.local/lib/python3.8/site-packages/airflow/example_dags/example_params_ui_tutorial.py took 0.404 seconds
[2024-02-14T20:55:28.788+0000] {processor.py:161} INFO - Started process (PID=8574) to work on /home/airflow/.local/lib/python3.8/site-packages/airflow/example_dags/example_params_ui_tutorial.py
[2024-02-14T20:55:28.793+0000] {processor.py:830} INFO - Processing file /home/airflow/.local/lib/python3.8/site-packages/airflow/example_dags/example_params_ui_tutorial.py for tasks to queue
[2024-02-14T20:55:28.797+0000] {logging_mixin.py:188} INFO - [2024-02-14T20:55:28.796+0000] {dagbag.py:538} INFO - Filling up the DagBag from /home/airflow/.local/lib/python3.8/site-packages/airflow/example_dags/example_params_ui_tutorial.py
[2024-02-14T20:55:28.846+0000] {processor.py:840} INFO - DAG(s) 'example_params_ui_tutorial' retrieved from /home/airflow/.local/lib/python3.8/site-packages/airflow/example_dags/example_params_ui_tutorial.py
[2024-02-14T20:55:29.087+0000] {logging_mixin.py:188} INFO - [2024-02-14T20:55:29.086+0000] {dag.py:3036} INFO - Sync 1 DAGs
[2024-02-14T20:55:29.108+0000] {logging_mixin.py:188} INFO - [2024-02-14T20:55:29.107+0000] {dag.py:3823} INFO - Setting next_dagrun for example_params_ui_tutorial to None, run_after=None
[2024-02-14T20:55:29.150+0000] {processor.py:183} INFO - Processing /home/airflow/.local/lib/python3.8/site-packages/airflow/example_dags/example_params_ui_tutorial.py took 0.376 seconds
[2024-02-14T20:55:59.324+0000] {processor.py:161} INFO - Started process (PID=8821) to work on /home/airflow/.local/lib/python3.8/site-packages/airflow/example_dags/example_params_ui_tutorial.py
[2024-02-14T20:55:59.329+0000] {processor.py:830} INFO - Processing file /home/airflow/.local/lib/python3.8/site-packages/airflow/example_dags/example_params_ui_tutorial.py for tasks to queue
[2024-02-14T20:55:59.333+0000] {logging_mixin.py:188} INFO - [2024-02-14T20:55:59.332+0000] {dagbag.py:538} INFO - Filling up the DagBag from /home/airflow/.local/lib/python3.8/site-packages/airflow/example_dags/example_params_ui_tutorial.py
[2024-02-14T20:55:59.382+0000] {processor.py:840} INFO - DAG(s) 'example_params_ui_tutorial' retrieved from /home/airflow/.local/lib/python3.8/site-packages/airflow/example_dags/example_params_ui_tutorial.py
[2024-02-14T20:55:59.540+0000] {logging_mixin.py:188} INFO - [2024-02-14T20:55:59.539+0000] {dag.py:3036} INFO - Sync 1 DAGs
[2024-02-14T20:55:59.579+0000] {logging_mixin.py:188} INFO - [2024-02-14T20:55:59.578+0000] {dag.py:3823} INFO - Setting next_dagrun for example_params_ui_tutorial to None, run_after=None
[2024-02-14T20:55:59.619+0000] {processor.py:183} INFO - Processing /home/airflow/.local/lib/python3.8/site-packages/airflow/example_dags/example_params_ui_tutorial.py took 0.311 seconds
[2024-02-14T20:56:30.013+0000] {processor.py:161} INFO - Started process (PID=9067) to work on /home/airflow/.local/lib/python3.8/site-packages/airflow/example_dags/example_params_ui_tutorial.py
[2024-02-14T20:56:30.017+0000] {processor.py:830} INFO - Processing file /home/airflow/.local/lib/python3.8/site-packages/airflow/example_dags/example_params_ui_tutorial.py for tasks to queue
[2024-02-14T20:56:30.022+0000] {logging_mixin.py:188} INFO - [2024-02-14T20:56:30.020+0000] {dagbag.py:538} INFO - Filling up the DagBag from /home/airflow/.local/lib/python3.8/site-packages/airflow/example_dags/example_params_ui_tutorial.py
[2024-02-14T20:56:30.073+0000] {processor.py:840} INFO - DAG(s) 'example_params_ui_tutorial' retrieved from /home/airflow/.local/lib/python3.8/site-packages/airflow/example_dags/example_params_ui_tutorial.py
[2024-02-14T20:56:30.249+0000] {logging_mixin.py:188} INFO - [2024-02-14T20:56:30.248+0000] {dag.py:3036} INFO - Sync 1 DAGs
[2024-02-14T20:56:30.269+0000] {logging_mixin.py:188} INFO - [2024-02-14T20:56:30.269+0000] {dag.py:3823} INFO - Setting next_dagrun for example_params_ui_tutorial to None, run_after=None
[2024-02-14T20:56:30.303+0000] {processor.py:183} INFO - Processing /home/airflow/.local/lib/python3.8/site-packages/airflow/example_dags/example_params_ui_tutorial.py took 0.304 seconds
[2024-02-14T20:57:00.848+0000] {processor.py:161} INFO - Started process (PID=9314) to work on /home/airflow/.local/lib/python3.8/site-packages/airflow/example_dags/example_params_ui_tutorial.py
[2024-02-14T20:57:00.850+0000] {processor.py:830} INFO - Processing file /home/airflow/.local/lib/python3.8/site-packages/airflow/example_dags/example_params_ui_tutorial.py for tasks to queue
[2024-02-14T20:57:00.853+0000] {logging_mixin.py:188} INFO - [2024-02-14T20:57:00.852+0000] {dagbag.py:538} INFO - Filling up the DagBag from /home/airflow/.local/lib/python3.8/site-packages/airflow/example_dags/example_params_ui_tutorial.py
[2024-02-14T20:57:00.881+0000] {processor.py:840} INFO - DAG(s) 'example_params_ui_tutorial' retrieved from /home/airflow/.local/lib/python3.8/site-packages/airflow/example_dags/example_params_ui_tutorial.py
[2024-02-14T20:57:01.045+0000] {logging_mixin.py:188} INFO - [2024-02-14T20:57:01.045+0000] {dag.py:3036} INFO - Sync 1 DAGs
[2024-02-14T20:57:01.080+0000] {logging_mixin.py:188} INFO - [2024-02-14T20:57:01.080+0000] {dag.py:3823} INFO - Setting next_dagrun for example_params_ui_tutorial to None, run_after=None
[2024-02-14T20:57:01.127+0000] {processor.py:183} INFO - Processing /home/airflow/.local/lib/python3.8/site-packages/airflow/example_dags/example_params_ui_tutorial.py took 0.287 seconds
[2024-02-14T20:57:31.513+0000] {processor.py:161} INFO - Started process (PID=9561) to work on /home/airflow/.local/lib/python3.8/site-packages/airflow/example_dags/example_params_ui_tutorial.py
[2024-02-14T20:57:31.518+0000] {processor.py:830} INFO - Processing file /home/airflow/.local/lib/python3.8/site-packages/airflow/example_dags/example_params_ui_tutorial.py for tasks to queue
[2024-02-14T20:57:31.523+0000] {logging_mixin.py:188} INFO - [2024-02-14T20:57:31.522+0000] {dagbag.py:538} INFO - Filling up the DagBag from /home/airflow/.local/lib/python3.8/site-packages/airflow/example_dags/example_params_ui_tutorial.py
[2024-02-14T20:57:31.580+0000] {processor.py:840} INFO - DAG(s) 'example_params_ui_tutorial' retrieved from /home/airflow/.local/lib/python3.8/site-packages/airflow/example_dags/example_params_ui_tutorial.py
[2024-02-14T20:57:31.940+0000] {logging_mixin.py:188} INFO - [2024-02-14T20:57:31.938+0000] {dag.py:3036} INFO - Sync 1 DAGs
[2024-02-14T20:57:32.007+0000] {logging_mixin.py:188} INFO - [2024-02-14T20:57:32.006+0000] {dag.py:3823} INFO - Setting next_dagrun for example_params_ui_tutorial to None, run_after=None
[2024-02-14T20:57:32.063+0000] {processor.py:183} INFO - Processing /home/airflow/.local/lib/python3.8/site-packages/airflow/example_dags/example_params_ui_tutorial.py took 0.565 seconds
