[2024-02-14T20:38:10.839+0000] {processor.py:161} INFO - Started process (PID=277) to work on /home/airflow/.local/lib/python3.8/site-packages/airflow/example_dags/example_short_circuit_decorator.py
[2024-02-14T20:38:10.845+0000] {processor.py:830} INFO - Processing file /home/airflow/.local/lib/python3.8/site-packages/airflow/example_dags/example_short_circuit_decorator.py for tasks to queue
[2024-02-14T20:38:10.848+0000] {logging_mixin.py:188} INFO - [2024-02-14T20:38:10.847+0000] {dagbag.py:538} INFO - Filling up the DagBag from /home/airflow/.local/lib/python3.8/site-packages/airflow/example_dags/example_short_circuit_decorator.py
[2024-02-14T20:38:10.914+0000] {processor.py:840} INFO - DAG(s) 'example_short_circuit_decorator' retrieved from /home/airflow/.local/lib/python3.8/site-packages/airflow/example_dags/example_short_circuit_decorator.py
[2024-02-14T20:38:11.404+0000] {logging_mixin.py:188} INFO - [2024-02-14T20:38:11.403+0000] {dag.py:3036} INFO - Sync 1 DAGs
[2024-02-14T20:38:11.543+0000] {logging_mixin.py:188} INFO - [2024-02-14T20:38:11.543+0000] {dag.py:3823} INFO - Setting next_dagrun for example_short_circuit_decorator to 2024-02-13 00:00:00+00:00, run_after=2024-02-14 00:00:00+00:00
[2024-02-14T20:38:11.703+0000] {processor.py:183} INFO - Processing /home/airflow/.local/lib/python3.8/site-packages/airflow/example_dags/example_short_circuit_decorator.py took 0.880 seconds
[2024-02-14T20:38:42.742+0000] {processor.py:161} INFO - Started process (PID=524) to work on /home/airflow/.local/lib/python3.8/site-packages/airflow/example_dags/example_short_circuit_decorator.py
[2024-02-14T20:38:42.744+0000] {processor.py:830} INFO - Processing file /home/airflow/.local/lib/python3.8/site-packages/airflow/example_dags/example_short_circuit_decorator.py for tasks to queue
[2024-02-14T20:38:42.746+0000] {logging_mixin.py:188} INFO - [2024-02-14T20:38:42.745+0000] {dagbag.py:538} INFO - Filling up the DagBag from /home/airflow/.local/lib/python3.8/site-packages/airflow/example_dags/example_short_circuit_decorator.py
[2024-02-14T20:38:42.766+0000] {processor.py:840} INFO - DAG(s) 'example_short_circuit_decorator' retrieved from /home/airflow/.local/lib/python3.8/site-packages/airflow/example_dags/example_short_circuit_decorator.py
[2024-02-14T20:38:42.810+0000] {logging_mixin.py:188} INFO - [2024-02-14T20:38:42.810+0000] {dag.py:3036} INFO - Sync 1 DAGs
[2024-02-14T20:38:42.851+0000] {logging_mixin.py:188} INFO - [2024-02-14T20:38:42.851+0000] {dag.py:3823} INFO - Setting next_dagrun for example_short_circuit_decorator to 2024-02-13 00:00:00+00:00, run_after=2024-02-14 00:00:00+00:00
[2024-02-14T20:38:42.887+0000] {processor.py:183} INFO - Processing /home/airflow/.local/lib/python3.8/site-packages/airflow/example_dags/example_short_circuit_decorator.py took 0.149 seconds
[2024-02-14T20:39:13.247+0000] {processor.py:161} INFO - Started process (PID=771) to work on /home/airflow/.local/lib/python3.8/site-packages/airflow/example_dags/example_short_circuit_decorator.py
[2024-02-14T20:39:13.252+0000] {processor.py:830} INFO - Processing file /home/airflow/.local/lib/python3.8/site-packages/airflow/example_dags/example_short_circuit_decorator.py for tasks to queue
[2024-02-14T20:39:13.256+0000] {logging_mixin.py:188} INFO - [2024-02-14T20:39:13.255+0000] {dagbag.py:538} INFO - Filling up the DagBag from /home/airflow/.local/lib/python3.8/site-packages/airflow/example_dags/example_short_circuit_decorator.py
[2024-02-14T20:39:13.282+0000] {processor.py:840} INFO - DAG(s) 'example_short_circuit_decorator' retrieved from /home/airflow/.local/lib/python3.8/site-packages/airflow/example_dags/example_short_circuit_decorator.py
[2024-02-14T20:39:13.367+0000] {logging_mixin.py:188} INFO - [2024-02-14T20:39:13.366+0000] {dag.py:3036} INFO - Sync 1 DAGs
[2024-02-14T20:39:13.431+0000] {logging_mixin.py:188} INFO - [2024-02-14T20:39:13.430+0000] {dag.py:3823} INFO - Setting next_dagrun for example_short_circuit_decorator to 2024-02-13 00:00:00+00:00, run_after=2024-02-14 00:00:00+00:00
[2024-02-14T20:39:13.484+0000] {processor.py:183} INFO - Processing /home/airflow/.local/lib/python3.8/site-packages/airflow/example_dags/example_short_circuit_decorator.py took 0.244 seconds
[2024-02-14T20:39:43.977+0000] {processor.py:161} INFO - Started process (PID=1018) to work on /home/airflow/.local/lib/python3.8/site-packages/airflow/example_dags/example_short_circuit_decorator.py
[2024-02-14T20:39:43.981+0000] {processor.py:830} INFO - Processing file /home/airflow/.local/lib/python3.8/site-packages/airflow/example_dags/example_short_circuit_decorator.py for tasks to queue
[2024-02-14T20:39:43.985+0000] {logging_mixin.py:188} INFO - [2024-02-14T20:39:43.984+0000] {dagbag.py:538} INFO - Filling up the DagBag from /home/airflow/.local/lib/python3.8/site-packages/airflow/example_dags/example_short_circuit_decorator.py
[2024-02-14T20:39:44.025+0000] {processor.py:840} INFO - DAG(s) 'example_short_circuit_decorator' retrieved from /home/airflow/.local/lib/python3.8/site-packages/airflow/example_dags/example_short_circuit_decorator.py
[2024-02-14T20:39:44.119+0000] {logging_mixin.py:188} INFO - [2024-02-14T20:39:44.118+0000] {dag.py:3036} INFO - Sync 1 DAGs
[2024-02-14T20:39:44.235+0000] {logging_mixin.py:188} INFO - [2024-02-14T20:39:44.234+0000] {dag.py:3823} INFO - Setting next_dagrun for example_short_circuit_decorator to 2024-02-13 00:00:00+00:00, run_after=2024-02-14 00:00:00+00:00
[2024-02-14T20:39:44.314+0000] {processor.py:183} INFO - Processing /home/airflow/.local/lib/python3.8/site-packages/airflow/example_dags/example_short_circuit_decorator.py took 0.349 seconds
[2024-02-14T20:40:15.207+0000] {processor.py:161} INFO - Started process (PID=1266) to work on /home/airflow/.local/lib/python3.8/site-packages/airflow/example_dags/example_short_circuit_decorator.py
[2024-02-14T20:40:15.213+0000] {processor.py:830} INFO - Processing file /home/airflow/.local/lib/python3.8/site-packages/airflow/example_dags/example_short_circuit_decorator.py for tasks to queue
[2024-02-14T20:40:15.222+0000] {logging_mixin.py:188} INFO - [2024-02-14T20:40:15.220+0000] {dagbag.py:538} INFO - Filling up the DagBag from /home/airflow/.local/lib/python3.8/site-packages/airflow/example_dags/example_short_circuit_decorator.py
[2024-02-14T20:40:15.276+0000] {processor.py:840} INFO - DAG(s) 'example_short_circuit_decorator' retrieved from /home/airflow/.local/lib/python3.8/site-packages/airflow/example_dags/example_short_circuit_decorator.py
[2024-02-14T20:40:15.387+0000] {logging_mixin.py:188} INFO - [2024-02-14T20:40:15.386+0000] {dag.py:3036} INFO - Sync 1 DAGs
[2024-02-14T20:40:15.503+0000] {logging_mixin.py:188} INFO - [2024-02-14T20:40:15.502+0000] {dag.py:3823} INFO - Setting next_dagrun for example_short_circuit_decorator to 2024-02-13 00:00:00+00:00, run_after=2024-02-14 00:00:00+00:00
[2024-02-14T20:40:15.652+0000] {processor.py:183} INFO - Processing /home/airflow/.local/lib/python3.8/site-packages/airflow/example_dags/example_short_circuit_decorator.py took 0.458 seconds
[2024-02-14T20:40:45.826+0000] {processor.py:161} INFO - Started process (PID=1513) to work on /home/airflow/.local/lib/python3.8/site-packages/airflow/example_dags/example_short_circuit_decorator.py
[2024-02-14T20:40:45.828+0000] {processor.py:830} INFO - Processing file /home/airflow/.local/lib/python3.8/site-packages/airflow/example_dags/example_short_circuit_decorator.py for tasks to queue
[2024-02-14T20:40:45.829+0000] {logging_mixin.py:188} INFO - [2024-02-14T20:40:45.829+0000] {dagbag.py:538} INFO - Filling up the DagBag from /home/airflow/.local/lib/python3.8/site-packages/airflow/example_dags/example_short_circuit_decorator.py
[2024-02-14T20:40:45.857+0000] {processor.py:840} INFO - DAG(s) 'example_short_circuit_decorator' retrieved from /home/airflow/.local/lib/python3.8/site-packages/airflow/example_dags/example_short_circuit_decorator.py
[2024-02-14T20:40:45.913+0000] {logging_mixin.py:188} INFO - [2024-02-14T20:40:45.913+0000] {dag.py:3036} INFO - Sync 1 DAGs
[2024-02-14T20:40:45.961+0000] {logging_mixin.py:188} INFO - [2024-02-14T20:40:45.960+0000] {dag.py:3823} INFO - Setting next_dagrun for example_short_circuit_decorator to 2024-02-13 00:00:00+00:00, run_after=2024-02-14 00:00:00+00:00
[2024-02-14T20:40:46.020+0000] {processor.py:183} INFO - Processing /home/airflow/.local/lib/python3.8/site-packages/airflow/example_dags/example_short_circuit_decorator.py took 0.202 seconds
[2024-02-14T20:41:16.329+0000] {processor.py:161} INFO - Started process (PID=1760) to work on /home/airflow/.local/lib/python3.8/site-packages/airflow/example_dags/example_short_circuit_decorator.py
[2024-02-14T20:41:16.335+0000] {processor.py:830} INFO - Processing file /home/airflow/.local/lib/python3.8/site-packages/airflow/example_dags/example_short_circuit_decorator.py for tasks to queue
[2024-02-14T20:41:16.340+0000] {logging_mixin.py:188} INFO - [2024-02-14T20:41:16.338+0000] {dagbag.py:538} INFO - Filling up the DagBag from /home/airflow/.local/lib/python3.8/site-packages/airflow/example_dags/example_short_circuit_decorator.py
[2024-02-14T20:41:16.395+0000] {processor.py:840} INFO - DAG(s) 'example_short_circuit_decorator' retrieved from /home/airflow/.local/lib/python3.8/site-packages/airflow/example_dags/example_short_circuit_decorator.py
[2024-02-14T20:41:16.529+0000] {logging_mixin.py:188} INFO - [2024-02-14T20:41:16.528+0000] {dag.py:3036} INFO - Sync 1 DAGs
[2024-02-14T20:41:16.655+0000] {logging_mixin.py:188} INFO - [2024-02-14T20:41:16.654+0000] {dag.py:3823} INFO - Setting next_dagrun for example_short_circuit_decorator to 2024-02-13 00:00:00+00:00, run_after=2024-02-14 00:00:00+00:00
[2024-02-14T20:41:16.744+0000] {processor.py:183} INFO - Processing /home/airflow/.local/lib/python3.8/site-packages/airflow/example_dags/example_short_circuit_decorator.py took 0.429 seconds
[2024-02-14T20:41:47.409+0000] {processor.py:161} INFO - Started process (PID=2006) to work on /home/airflow/.local/lib/python3.8/site-packages/airflow/example_dags/example_short_circuit_decorator.py
[2024-02-14T20:41:47.412+0000] {processor.py:830} INFO - Processing file /home/airflow/.local/lib/python3.8/site-packages/airflow/example_dags/example_short_circuit_decorator.py for tasks to queue
[2024-02-14T20:41:47.415+0000] {logging_mixin.py:188} INFO - [2024-02-14T20:41:47.414+0000] {dagbag.py:538} INFO - Filling up the DagBag from /home/airflow/.local/lib/python3.8/site-packages/airflow/example_dags/example_short_circuit_decorator.py
[2024-02-14T20:41:47.454+0000] {processor.py:840} INFO - DAG(s) 'example_short_circuit_decorator' retrieved from /home/airflow/.local/lib/python3.8/site-packages/airflow/example_dags/example_short_circuit_decorator.py
[2024-02-14T20:41:47.516+0000] {logging_mixin.py:188} INFO - [2024-02-14T20:41:47.515+0000] {dag.py:3036} INFO - Sync 1 DAGs
[2024-02-14T20:41:47.583+0000] {logging_mixin.py:188} INFO - [2024-02-14T20:41:47.583+0000] {dag.py:3823} INFO - Setting next_dagrun for example_short_circuit_decorator to 2024-02-13 00:00:00+00:00, run_after=2024-02-14 00:00:00+00:00
[2024-02-14T20:41:47.638+0000] {processor.py:183} INFO - Processing /home/airflow/.local/lib/python3.8/site-packages/airflow/example_dags/example_short_circuit_decorator.py took 0.237 seconds
[2024-02-14T20:42:17.863+0000] {processor.py:161} INFO - Started process (PID=2254) to work on /home/airflow/.local/lib/python3.8/site-packages/airflow/example_dags/example_short_circuit_decorator.py
[2024-02-14T20:42:17.865+0000] {processor.py:830} INFO - Processing file /home/airflow/.local/lib/python3.8/site-packages/airflow/example_dags/example_short_circuit_decorator.py for tasks to queue
[2024-02-14T20:42:17.867+0000] {logging_mixin.py:188} INFO - [2024-02-14T20:42:17.866+0000] {dagbag.py:538} INFO - Filling up the DagBag from /home/airflow/.local/lib/python3.8/site-packages/airflow/example_dags/example_short_circuit_decorator.py
[2024-02-14T20:42:17.889+0000] {processor.py:840} INFO - DAG(s) 'example_short_circuit_decorator' retrieved from /home/airflow/.local/lib/python3.8/site-packages/airflow/example_dags/example_short_circuit_decorator.py
[2024-02-14T20:42:17.941+0000] {logging_mixin.py:188} INFO - [2024-02-14T20:42:17.941+0000] {dag.py:3036} INFO - Sync 1 DAGs
[2024-02-14T20:42:17.993+0000] {logging_mixin.py:188} INFO - [2024-02-14T20:42:17.992+0000] {dag.py:3823} INFO - Setting next_dagrun for example_short_circuit_decorator to 2024-02-13 00:00:00+00:00, run_after=2024-02-14 00:00:00+00:00
[2024-02-14T20:42:18.111+0000] {processor.py:183} INFO - Processing /home/airflow/.local/lib/python3.8/site-packages/airflow/example_dags/example_short_circuit_decorator.py took 0.256 seconds
[2024-02-14T20:42:48.774+0000] {processor.py:161} INFO - Started process (PID=2502) to work on /home/airflow/.local/lib/python3.8/site-packages/airflow/example_dags/example_short_circuit_decorator.py
[2024-02-14T20:42:48.778+0000] {processor.py:830} INFO - Processing file /home/airflow/.local/lib/python3.8/site-packages/airflow/example_dags/example_short_circuit_decorator.py for tasks to queue
[2024-02-14T20:42:48.782+0000] {logging_mixin.py:188} INFO - [2024-02-14T20:42:48.781+0000] {dagbag.py:538} INFO - Filling up the DagBag from /home/airflow/.local/lib/python3.8/site-packages/airflow/example_dags/example_short_circuit_decorator.py
[2024-02-14T20:42:48.827+0000] {processor.py:840} INFO - DAG(s) 'example_short_circuit_decorator' retrieved from /home/airflow/.local/lib/python3.8/site-packages/airflow/example_dags/example_short_circuit_decorator.py
[2024-02-14T20:42:48.981+0000] {logging_mixin.py:188} INFO - [2024-02-14T20:42:48.980+0000] {dag.py:3036} INFO - Sync 1 DAGs
[2024-02-14T20:42:49.065+0000] {logging_mixin.py:188} INFO - [2024-02-14T20:42:49.065+0000] {dag.py:3823} INFO - Setting next_dagrun for example_short_circuit_decorator to 2024-02-13 00:00:00+00:00, run_after=2024-02-14 00:00:00+00:00
[2024-02-14T20:42:49.101+0000] {processor.py:183} INFO - Processing /home/airflow/.local/lib/python3.8/site-packages/airflow/example_dags/example_short_circuit_decorator.py took 0.341 seconds
[2024-02-14T20:43:19.437+0000] {processor.py:161} INFO - Started process (PID=2751) to work on /home/airflow/.local/lib/python3.8/site-packages/airflow/example_dags/example_short_circuit_decorator.py
[2024-02-14T20:43:19.439+0000] {processor.py:830} INFO - Processing file /home/airflow/.local/lib/python3.8/site-packages/airflow/example_dags/example_short_circuit_decorator.py for tasks to queue
[2024-02-14T20:43:19.441+0000] {logging_mixin.py:188} INFO - [2024-02-14T20:43:19.440+0000] {dagbag.py:538} INFO - Filling up the DagBag from /home/airflow/.local/lib/python3.8/site-packages/airflow/example_dags/example_short_circuit_decorator.py
[2024-02-14T20:43:19.461+0000] {processor.py:840} INFO - DAG(s) 'example_short_circuit_decorator' retrieved from /home/airflow/.local/lib/python3.8/site-packages/airflow/example_dags/example_short_circuit_decorator.py
[2024-02-14T20:43:19.507+0000] {logging_mixin.py:188} INFO - [2024-02-14T20:43:19.507+0000] {dag.py:3036} INFO - Sync 1 DAGs
[2024-02-14T20:43:19.548+0000] {logging_mixin.py:188} INFO - [2024-02-14T20:43:19.548+0000] {dag.py:3823} INFO - Setting next_dagrun for example_short_circuit_decorator to 2024-02-13 00:00:00+00:00, run_after=2024-02-14 00:00:00+00:00
[2024-02-14T20:43:19.603+0000] {processor.py:183} INFO - Processing /home/airflow/.local/lib/python3.8/site-packages/airflow/example_dags/example_short_circuit_decorator.py took 0.171 seconds
[2024-02-14T20:43:49.807+0000] {processor.py:161} INFO - Started process (PID=2995) to work on /home/airflow/.local/lib/python3.8/site-packages/airflow/example_dags/example_short_circuit_decorator.py
[2024-02-14T20:43:49.811+0000] {processor.py:830} INFO - Processing file /home/airflow/.local/lib/python3.8/site-packages/airflow/example_dags/example_short_circuit_decorator.py for tasks to queue
[2024-02-14T20:43:49.816+0000] {logging_mixin.py:188} INFO - [2024-02-14T20:43:49.815+0000] {dagbag.py:538} INFO - Filling up the DagBag from /home/airflow/.local/lib/python3.8/site-packages/airflow/example_dags/example_short_circuit_decorator.py
[2024-02-14T20:43:49.861+0000] {processor.py:840} INFO - DAG(s) 'example_short_circuit_decorator' retrieved from /home/airflow/.local/lib/python3.8/site-packages/airflow/example_dags/example_short_circuit_decorator.py
[2024-02-14T20:43:49.990+0000] {logging_mixin.py:188} INFO - [2024-02-14T20:43:49.990+0000] {dag.py:3036} INFO - Sync 1 DAGs
[2024-02-14T20:43:50.071+0000] {logging_mixin.py:188} INFO - [2024-02-14T20:43:50.070+0000] {dag.py:3823} INFO - Setting next_dagrun for example_short_circuit_decorator to 2024-02-13 00:00:00+00:00, run_after=2024-02-14 00:00:00+00:00
[2024-02-14T20:43:50.128+0000] {processor.py:183} INFO - Processing /home/airflow/.local/lib/python3.8/site-packages/airflow/example_dags/example_short_circuit_decorator.py took 0.341 seconds
[2024-02-14T20:44:20.416+0000] {processor.py:161} INFO - Started process (PID=3243) to work on /home/airflow/.local/lib/python3.8/site-packages/airflow/example_dags/example_short_circuit_decorator.py
[2024-02-14T20:44:20.422+0000] {processor.py:830} INFO - Processing file /home/airflow/.local/lib/python3.8/site-packages/airflow/example_dags/example_short_circuit_decorator.py for tasks to queue
[2024-02-14T20:44:20.426+0000] {logging_mixin.py:188} INFO - [2024-02-14T20:44:20.425+0000] {dagbag.py:538} INFO - Filling up the DagBag from /home/airflow/.local/lib/python3.8/site-packages/airflow/example_dags/example_short_circuit_decorator.py
[2024-02-14T20:44:20.476+0000] {processor.py:840} INFO - DAG(s) 'example_short_circuit_decorator' retrieved from /home/airflow/.local/lib/python3.8/site-packages/airflow/example_dags/example_short_circuit_decorator.py
[2024-02-14T20:44:20.550+0000] {logging_mixin.py:188} INFO - [2024-02-14T20:44:20.550+0000] {dag.py:3036} INFO - Sync 1 DAGs
[2024-02-14T20:44:20.592+0000] {logging_mixin.py:188} INFO - [2024-02-14T20:44:20.592+0000] {dag.py:3823} INFO - Setting next_dagrun for example_short_circuit_decorator to 2024-02-13 00:00:00+00:00, run_after=2024-02-14 00:00:00+00:00
[2024-02-14T20:44:20.650+0000] {processor.py:183} INFO - Processing /home/airflow/.local/lib/python3.8/site-packages/airflow/example_dags/example_short_circuit_decorator.py took 0.248 seconds
[2024-02-14T20:44:51.247+0000] {processor.py:161} INFO - Started process (PID=3490) to work on /home/airflow/.local/lib/python3.8/site-packages/airflow/example_dags/example_short_circuit_decorator.py
[2024-02-14T20:44:51.278+0000] {processor.py:830} INFO - Processing file /home/airflow/.local/lib/python3.8/site-packages/airflow/example_dags/example_short_circuit_decorator.py for tasks to queue
[2024-02-14T20:44:51.292+0000] {logging_mixin.py:188} INFO - [2024-02-14T20:44:51.291+0000] {dagbag.py:538} INFO - Filling up the DagBag from /home/airflow/.local/lib/python3.8/site-packages/airflow/example_dags/example_short_circuit_decorator.py
[2024-02-14T20:44:51.383+0000] {processor.py:840} INFO - DAG(s) 'example_short_circuit_decorator' retrieved from /home/airflow/.local/lib/python3.8/site-packages/airflow/example_dags/example_short_circuit_decorator.py
[2024-02-14T20:44:51.526+0000] {logging_mixin.py:188} INFO - [2024-02-14T20:44:51.526+0000] {dag.py:3036} INFO - Sync 1 DAGs
[2024-02-14T20:44:51.621+0000] {logging_mixin.py:188} INFO - [2024-02-14T20:44:51.621+0000] {dag.py:3823} INFO - Setting next_dagrun for example_short_circuit_decorator to 2024-02-13 00:00:00+00:00, run_after=2024-02-14 00:00:00+00:00
[2024-02-14T20:44:51.730+0000] {processor.py:183} INFO - Processing /home/airflow/.local/lib/python3.8/site-packages/airflow/example_dags/example_short_circuit_decorator.py took 0.506 seconds
[2024-02-14T20:45:21.857+0000] {processor.py:161} INFO - Started process (PID=3740) to work on /home/airflow/.local/lib/python3.8/site-packages/airflow/example_dags/example_short_circuit_decorator.py
[2024-02-14T20:45:21.859+0000] {processor.py:830} INFO - Processing file /home/airflow/.local/lib/python3.8/site-packages/airflow/example_dags/example_short_circuit_decorator.py for tasks to queue
[2024-02-14T20:45:21.860+0000] {logging_mixin.py:188} INFO - [2024-02-14T20:45:21.860+0000] {dagbag.py:538} INFO - Filling up the DagBag from /home/airflow/.local/lib/python3.8/site-packages/airflow/example_dags/example_short_circuit_decorator.py
[2024-02-14T20:45:21.875+0000] {processor.py:840} INFO - DAG(s) 'example_short_circuit_decorator' retrieved from /home/airflow/.local/lib/python3.8/site-packages/airflow/example_dags/example_short_circuit_decorator.py
[2024-02-14T20:45:21.912+0000] {logging_mixin.py:188} INFO - [2024-02-14T20:45:21.911+0000] {dag.py:3036} INFO - Sync 1 DAGs
[2024-02-14T20:45:21.967+0000] {logging_mixin.py:188} INFO - [2024-02-14T20:45:21.966+0000] {dag.py:3823} INFO - Setting next_dagrun for example_short_circuit_decorator to 2024-02-13 00:00:00+00:00, run_after=2024-02-14 00:00:00+00:00
[2024-02-14T20:45:22.012+0000] {processor.py:183} INFO - Processing /home/airflow/.local/lib/python3.8/site-packages/airflow/example_dags/example_short_circuit_decorator.py took 0.160 seconds
[2024-02-14T20:45:52.707+0000] {processor.py:161} INFO - Started process (PID=3987) to work on /home/airflow/.local/lib/python3.8/site-packages/airflow/example_dags/example_short_circuit_decorator.py
[2024-02-14T20:45:52.711+0000] {processor.py:830} INFO - Processing file /home/airflow/.local/lib/python3.8/site-packages/airflow/example_dags/example_short_circuit_decorator.py for tasks to queue
[2024-02-14T20:45:52.714+0000] {logging_mixin.py:188} INFO - [2024-02-14T20:45:52.713+0000] {dagbag.py:538} INFO - Filling up the DagBag from /home/airflow/.local/lib/python3.8/site-packages/airflow/example_dags/example_short_circuit_decorator.py
[2024-02-14T20:45:52.743+0000] {processor.py:840} INFO - DAG(s) 'example_short_circuit_decorator' retrieved from /home/airflow/.local/lib/python3.8/site-packages/airflow/example_dags/example_short_circuit_decorator.py
[2024-02-14T20:45:52.812+0000] {logging_mixin.py:188} INFO - [2024-02-14T20:45:52.812+0000] {dag.py:3036} INFO - Sync 1 DAGs
[2024-02-14T20:45:52.903+0000] {logging_mixin.py:188} INFO - [2024-02-14T20:45:52.902+0000] {dag.py:3823} INFO - Setting next_dagrun for example_short_circuit_decorator to 2024-02-13 00:00:00+00:00, run_after=2024-02-14 00:00:00+00:00
[2024-02-14T20:45:52.953+0000] {processor.py:183} INFO - Processing /home/airflow/.local/lib/python3.8/site-packages/airflow/example_dags/example_short_circuit_decorator.py took 0.254 seconds
[2024-02-14T20:46:23.311+0000] {processor.py:161} INFO - Started process (PID=4232) to work on /home/airflow/.local/lib/python3.8/site-packages/airflow/example_dags/example_short_circuit_decorator.py
[2024-02-14T20:46:23.315+0000] {processor.py:830} INFO - Processing file /home/airflow/.local/lib/python3.8/site-packages/airflow/example_dags/example_short_circuit_decorator.py for tasks to queue
[2024-02-14T20:46:23.317+0000] {logging_mixin.py:188} INFO - [2024-02-14T20:46:23.316+0000] {dagbag.py:538} INFO - Filling up the DagBag from /home/airflow/.local/lib/python3.8/site-packages/airflow/example_dags/example_short_circuit_decorator.py
[2024-02-14T20:46:23.332+0000] {processor.py:840} INFO - DAG(s) 'example_short_circuit_decorator' retrieved from /home/airflow/.local/lib/python3.8/site-packages/airflow/example_dags/example_short_circuit_decorator.py
[2024-02-14T20:46:23.366+0000] {logging_mixin.py:188} INFO - [2024-02-14T20:46:23.365+0000] {dag.py:3036} INFO - Sync 1 DAGs
[2024-02-14T20:46:23.398+0000] {logging_mixin.py:188} INFO - [2024-02-14T20:46:23.398+0000] {dag.py:3823} INFO - Setting next_dagrun for example_short_circuit_decorator to 2024-02-13 00:00:00+00:00, run_after=2024-02-14 00:00:00+00:00
[2024-02-14T20:46:23.425+0000] {processor.py:183} INFO - Processing /home/airflow/.local/lib/python3.8/site-packages/airflow/example_dags/example_short_circuit_decorator.py took 0.119 seconds
[2024-02-14T20:46:54.018+0000] {processor.py:161} INFO - Started process (PID=4480) to work on /home/airflow/.local/lib/python3.8/site-packages/airflow/example_dags/example_short_circuit_decorator.py
[2024-02-14T20:46:54.020+0000] {processor.py:830} INFO - Processing file /home/airflow/.local/lib/python3.8/site-packages/airflow/example_dags/example_short_circuit_decorator.py for tasks to queue
[2024-02-14T20:46:54.021+0000] {logging_mixin.py:188} INFO - [2024-02-14T20:46:54.021+0000] {dagbag.py:538} INFO - Filling up the DagBag from /home/airflow/.local/lib/python3.8/site-packages/airflow/example_dags/example_short_circuit_decorator.py
[2024-02-14T20:46:54.037+0000] {processor.py:840} INFO - DAG(s) 'example_short_circuit_decorator' retrieved from /home/airflow/.local/lib/python3.8/site-packages/airflow/example_dags/example_short_circuit_decorator.py
[2024-02-14T20:46:54.072+0000] {logging_mixin.py:188} INFO - [2024-02-14T20:46:54.072+0000] {dag.py:3036} INFO - Sync 1 DAGs
[2024-02-14T20:46:54.108+0000] {logging_mixin.py:188} INFO - [2024-02-14T20:46:54.108+0000] {dag.py:3823} INFO - Setting next_dagrun for example_short_circuit_decorator to 2024-02-13 00:00:00+00:00, run_after=2024-02-14 00:00:00+00:00
[2024-02-14T20:46:54.138+0000] {processor.py:183} INFO - Processing /home/airflow/.local/lib/python3.8/site-packages/airflow/example_dags/example_short_circuit_decorator.py took 0.125 seconds
[2024-02-14T20:47:24.935+0000] {processor.py:161} INFO - Started process (PID=4727) to work on /home/airflow/.local/lib/python3.8/site-packages/airflow/example_dags/example_short_circuit_decorator.py
[2024-02-14T20:47:24.937+0000] {processor.py:830} INFO - Processing file /home/airflow/.local/lib/python3.8/site-packages/airflow/example_dags/example_short_circuit_decorator.py for tasks to queue
[2024-02-14T20:47:24.940+0000] {logging_mixin.py:188} INFO - [2024-02-14T20:47:24.939+0000] {dagbag.py:538} INFO - Filling up the DagBag from /home/airflow/.local/lib/python3.8/site-packages/airflow/example_dags/example_short_circuit_decorator.py
[2024-02-14T20:47:24.969+0000] {processor.py:840} INFO - DAG(s) 'example_short_circuit_decorator' retrieved from /home/airflow/.local/lib/python3.8/site-packages/airflow/example_dags/example_short_circuit_decorator.py
[2024-02-14T20:47:25.019+0000] {logging_mixin.py:188} INFO - [2024-02-14T20:47:25.018+0000] {dag.py:3036} INFO - Sync 1 DAGs
[2024-02-14T20:47:25.085+0000] {logging_mixin.py:188} INFO - [2024-02-14T20:47:25.084+0000] {dag.py:3823} INFO - Setting next_dagrun for example_short_circuit_decorator to 2024-02-13 00:00:00+00:00, run_after=2024-02-14 00:00:00+00:00
[2024-02-14T20:47:25.166+0000] {processor.py:183} INFO - Processing /home/airflow/.local/lib/python3.8/site-packages/airflow/example_dags/example_short_circuit_decorator.py took 0.238 seconds
[2024-02-14T20:47:56.279+0000] {processor.py:161} INFO - Started process (PID=4974) to work on /home/airflow/.local/lib/python3.8/site-packages/airflow/example_dags/example_short_circuit_decorator.py
[2024-02-14T20:47:56.285+0000] {processor.py:830} INFO - Processing file /home/airflow/.local/lib/python3.8/site-packages/airflow/example_dags/example_short_circuit_decorator.py for tasks to queue
[2024-02-14T20:47:56.289+0000] {logging_mixin.py:188} INFO - [2024-02-14T20:47:56.288+0000] {dagbag.py:538} INFO - Filling up the DagBag from /home/airflow/.local/lib/python3.8/site-packages/airflow/example_dags/example_short_circuit_decorator.py
[2024-02-14T20:47:56.340+0000] {processor.py:840} INFO - DAG(s) 'example_short_circuit_decorator' retrieved from /home/airflow/.local/lib/python3.8/site-packages/airflow/example_dags/example_short_circuit_decorator.py
[2024-02-14T20:47:56.435+0000] {logging_mixin.py:188} INFO - [2024-02-14T20:47:56.434+0000] {dag.py:3036} INFO - Sync 1 DAGs
[2024-02-14T20:47:56.539+0000] {logging_mixin.py:188} INFO - [2024-02-14T20:47:56.538+0000] {dag.py:3823} INFO - Setting next_dagrun for example_short_circuit_decorator to 2024-02-13 00:00:00+00:00, run_after=2024-02-14 00:00:00+00:00
[2024-02-14T20:47:56.618+0000] {processor.py:183} INFO - Processing /home/airflow/.local/lib/python3.8/site-packages/airflow/example_dags/example_short_circuit_decorator.py took 0.352 seconds
[2024-02-14T20:48:26.814+0000] {processor.py:161} INFO - Started process (PID=5221) to work on /home/airflow/.local/lib/python3.8/site-packages/airflow/example_dags/example_short_circuit_decorator.py
[2024-02-14T20:48:26.818+0000] {processor.py:830} INFO - Processing file /home/airflow/.local/lib/python3.8/site-packages/airflow/example_dags/example_short_circuit_decorator.py for tasks to queue
[2024-02-14T20:48:26.822+0000] {logging_mixin.py:188} INFO - [2024-02-14T20:48:26.821+0000] {dagbag.py:538} INFO - Filling up the DagBag from /home/airflow/.local/lib/python3.8/site-packages/airflow/example_dags/example_short_circuit_decorator.py
[2024-02-14T20:48:26.863+0000] {processor.py:840} INFO - DAG(s) 'example_short_circuit_decorator' retrieved from /home/airflow/.local/lib/python3.8/site-packages/airflow/example_dags/example_short_circuit_decorator.py
[2024-02-14T20:48:26.942+0000] {logging_mixin.py:188} INFO - [2024-02-14T20:48:26.942+0000] {dag.py:3036} INFO - Sync 1 DAGs
[2024-02-14T20:48:26.986+0000] {logging_mixin.py:188} INFO - [2024-02-14T20:48:26.986+0000] {dag.py:3823} INFO - Setting next_dagrun for example_short_circuit_decorator to 2024-02-13 00:00:00+00:00, run_after=2024-02-14 00:00:00+00:00
[2024-02-14T20:48:27.056+0000] {processor.py:183} INFO - Processing /home/airflow/.local/lib/python3.8/site-packages/airflow/example_dags/example_short_circuit_decorator.py took 0.255 seconds
[2024-02-14T20:48:57.398+0000] {processor.py:161} INFO - Started process (PID=5468) to work on /home/airflow/.local/lib/python3.8/site-packages/airflow/example_dags/example_short_circuit_decorator.py
[2024-02-14T20:48:57.400+0000] {processor.py:830} INFO - Processing file /home/airflow/.local/lib/python3.8/site-packages/airflow/example_dags/example_short_circuit_decorator.py for tasks to queue
[2024-02-14T20:48:57.402+0000] {logging_mixin.py:188} INFO - [2024-02-14T20:48:57.401+0000] {dagbag.py:538} INFO - Filling up the DagBag from /home/airflow/.local/lib/python3.8/site-packages/airflow/example_dags/example_short_circuit_decorator.py
[2024-02-14T20:48:57.417+0000] {processor.py:840} INFO - DAG(s) 'example_short_circuit_decorator' retrieved from /home/airflow/.local/lib/python3.8/site-packages/airflow/example_dags/example_short_circuit_decorator.py
[2024-02-14T20:48:57.451+0000] {logging_mixin.py:188} INFO - [2024-02-14T20:48:57.451+0000] {dag.py:3036} INFO - Sync 1 DAGs
[2024-02-14T20:48:57.485+0000] {logging_mixin.py:188} INFO - [2024-02-14T20:48:57.485+0000] {dag.py:3823} INFO - Setting next_dagrun for example_short_circuit_decorator to 2024-02-13 00:00:00+00:00, run_after=2024-02-14 00:00:00+00:00
[2024-02-14T20:48:57.521+0000] {processor.py:183} INFO - Processing /home/airflow/.local/lib/python3.8/site-packages/airflow/example_dags/example_short_circuit_decorator.py took 0.128 seconds
[2024-02-14T20:49:28.092+0000] {processor.py:161} INFO - Started process (PID=5716) to work on /home/airflow/.local/lib/python3.8/site-packages/airflow/example_dags/example_short_circuit_decorator.py
[2024-02-14T20:49:28.095+0000] {processor.py:830} INFO - Processing file /home/airflow/.local/lib/python3.8/site-packages/airflow/example_dags/example_short_circuit_decorator.py for tasks to queue
[2024-02-14T20:49:28.097+0000] {logging_mixin.py:188} INFO - [2024-02-14T20:49:28.096+0000] {dagbag.py:538} INFO - Filling up the DagBag from /home/airflow/.local/lib/python3.8/site-packages/airflow/example_dags/example_short_circuit_decorator.py
[2024-02-14T20:49:28.119+0000] {processor.py:840} INFO - DAG(s) 'example_short_circuit_decorator' retrieved from /home/airflow/.local/lib/python3.8/site-packages/airflow/example_dags/example_short_circuit_decorator.py
[2024-02-14T20:49:28.188+0000] {logging_mixin.py:188} INFO - [2024-02-14T20:49:28.188+0000] {dag.py:3036} INFO - Sync 1 DAGs
[2024-02-14T20:49:28.237+0000] {logging_mixin.py:188} INFO - [2024-02-14T20:49:28.236+0000] {dag.py:3823} INFO - Setting next_dagrun for example_short_circuit_decorator to 2024-02-13 00:00:00+00:00, run_after=2024-02-14 00:00:00+00:00
[2024-02-14T20:49:28.279+0000] {processor.py:183} INFO - Processing /home/airflow/.local/lib/python3.8/site-packages/airflow/example_dags/example_short_circuit_decorator.py took 0.194 seconds
[2024-02-14T20:49:58.465+0000] {processor.py:161} INFO - Started process (PID=5961) to work on /home/airflow/.local/lib/python3.8/site-packages/airflow/example_dags/example_short_circuit_decorator.py
[2024-02-14T20:49:58.467+0000] {processor.py:830} INFO - Processing file /home/airflow/.local/lib/python3.8/site-packages/airflow/example_dags/example_short_circuit_decorator.py for tasks to queue
[2024-02-14T20:49:58.469+0000] {logging_mixin.py:188} INFO - [2024-02-14T20:49:58.468+0000] {dagbag.py:538} INFO - Filling up the DagBag from /home/airflow/.local/lib/python3.8/site-packages/airflow/example_dags/example_short_circuit_decorator.py
[2024-02-14T20:49:58.500+0000] {processor.py:840} INFO - DAG(s) 'example_short_circuit_decorator' retrieved from /home/airflow/.local/lib/python3.8/site-packages/airflow/example_dags/example_short_circuit_decorator.py
[2024-02-14T20:49:58.564+0000] {logging_mixin.py:188} INFO - [2024-02-14T20:49:58.563+0000] {dag.py:3036} INFO - Sync 1 DAGs
[2024-02-14T20:49:58.619+0000] {logging_mixin.py:188} INFO - [2024-02-14T20:49:58.619+0000] {dag.py:3823} INFO - Setting next_dagrun for example_short_circuit_decorator to 2024-02-13 00:00:00+00:00, run_after=2024-02-14 00:00:00+00:00
[2024-02-14T20:49:58.663+0000] {processor.py:183} INFO - Processing /home/airflow/.local/lib/python3.8/site-packages/airflow/example_dags/example_short_circuit_decorator.py took 0.209 seconds
[2024-02-14T20:50:29.496+0000] {processor.py:161} INFO - Started process (PID=6211) to work on /home/airflow/.local/lib/python3.8/site-packages/airflow/example_dags/example_short_circuit_decorator.py
[2024-02-14T20:50:29.497+0000] {processor.py:830} INFO - Processing file /home/airflow/.local/lib/python3.8/site-packages/airflow/example_dags/example_short_circuit_decorator.py for tasks to queue
[2024-02-14T20:50:29.499+0000] {logging_mixin.py:188} INFO - [2024-02-14T20:50:29.499+0000] {dagbag.py:538} INFO - Filling up the DagBag from /home/airflow/.local/lib/python3.8/site-packages/airflow/example_dags/example_short_circuit_decorator.py
[2024-02-14T20:50:29.513+0000] {processor.py:840} INFO - DAG(s) 'example_short_circuit_decorator' retrieved from /home/airflow/.local/lib/python3.8/site-packages/airflow/example_dags/example_short_circuit_decorator.py
[2024-02-14T20:50:29.546+0000] {logging_mixin.py:188} INFO - [2024-02-14T20:50:29.545+0000] {dag.py:3036} INFO - Sync 1 DAGs
[2024-02-14T20:50:29.578+0000] {logging_mixin.py:188} INFO - [2024-02-14T20:50:29.578+0000] {dag.py:3823} INFO - Setting next_dagrun for example_short_circuit_decorator to 2024-02-13 00:00:00+00:00, run_after=2024-02-14 00:00:00+00:00
[2024-02-14T20:50:29.604+0000] {processor.py:183} INFO - Processing /home/airflow/.local/lib/python3.8/site-packages/airflow/example_dags/example_short_circuit_decorator.py took 0.114 seconds
[2024-02-14T20:50:59.926+0000] {processor.py:161} INFO - Started process (PID=6456) to work on /home/airflow/.local/lib/python3.8/site-packages/airflow/example_dags/example_short_circuit_decorator.py
[2024-02-14T20:50:59.929+0000] {processor.py:830} INFO - Processing file /home/airflow/.local/lib/python3.8/site-packages/airflow/example_dags/example_short_circuit_decorator.py for tasks to queue
[2024-02-14T20:50:59.931+0000] {logging_mixin.py:188} INFO - [2024-02-14T20:50:59.931+0000] {dagbag.py:538} INFO - Filling up the DagBag from /home/airflow/.local/lib/python3.8/site-packages/airflow/example_dags/example_short_circuit_decorator.py
[2024-02-14T20:50:59.953+0000] {processor.py:840} INFO - DAG(s) 'example_short_circuit_decorator' retrieved from /home/airflow/.local/lib/python3.8/site-packages/airflow/example_dags/example_short_circuit_decorator.py
[2024-02-14T20:50:59.987+0000] {logging_mixin.py:188} INFO - [2024-02-14T20:50:59.987+0000] {dag.py:3036} INFO - Sync 1 DAGs
[2024-02-14T20:51:00.030+0000] {logging_mixin.py:188} INFO - [2024-02-14T20:51:00.030+0000] {dag.py:3823} INFO - Setting next_dagrun for example_short_circuit_decorator to 2024-02-13 00:00:00+00:00, run_after=2024-02-14 00:00:00+00:00
[2024-02-14T20:51:00.105+0000] {processor.py:183} INFO - Processing /home/airflow/.local/lib/python3.8/site-packages/airflow/example_dags/example_short_circuit_decorator.py took 0.187 seconds
[2024-02-14T20:51:30.384+0000] {processor.py:161} INFO - Started process (PID=6704) to work on /home/airflow/.local/lib/python3.8/site-packages/airflow/example_dags/example_short_circuit_decorator.py
[2024-02-14T20:51:30.390+0000] {processor.py:830} INFO - Processing file /home/airflow/.local/lib/python3.8/site-packages/airflow/example_dags/example_short_circuit_decorator.py for tasks to queue
[2024-02-14T20:51:30.395+0000] {logging_mixin.py:188} INFO - [2024-02-14T20:51:30.393+0000] {dagbag.py:538} INFO - Filling up the DagBag from /home/airflow/.local/lib/python3.8/site-packages/airflow/example_dags/example_short_circuit_decorator.py
[2024-02-14T20:51:30.449+0000] {processor.py:840} INFO - DAG(s) 'example_short_circuit_decorator' retrieved from /home/airflow/.local/lib/python3.8/site-packages/airflow/example_dags/example_short_circuit_decorator.py
[2024-02-14T20:51:30.576+0000] {logging_mixin.py:188} INFO - [2024-02-14T20:51:30.574+0000] {dag.py:3036} INFO - Sync 1 DAGs
[2024-02-14T20:51:30.696+0000] {logging_mixin.py:188} INFO - [2024-02-14T20:51:30.695+0000] {dag.py:3823} INFO - Setting next_dagrun for example_short_circuit_decorator to 2024-02-13 00:00:00+00:00, run_after=2024-02-14 00:00:00+00:00
[2024-02-14T20:51:30.820+0000] {processor.py:183} INFO - Processing /home/airflow/.local/lib/python3.8/site-packages/airflow/example_dags/example_short_circuit_decorator.py took 0.454 seconds
[2024-02-14T20:52:01.061+0000] {processor.py:161} INFO - Started process (PID=6951) to work on /home/airflow/.local/lib/python3.8/site-packages/airflow/example_dags/example_short_circuit_decorator.py
[2024-02-14T20:52:01.064+0000] {processor.py:830} INFO - Processing file /home/airflow/.local/lib/python3.8/site-packages/airflow/example_dags/example_short_circuit_decorator.py for tasks to queue
[2024-02-14T20:52:01.068+0000] {logging_mixin.py:188} INFO - [2024-02-14T20:52:01.067+0000] {dagbag.py:538} INFO - Filling up the DagBag from /home/airflow/.local/lib/python3.8/site-packages/airflow/example_dags/example_short_circuit_decorator.py
[2024-02-14T20:52:01.090+0000] {processor.py:840} INFO - DAG(s) 'example_short_circuit_decorator' retrieved from /home/airflow/.local/lib/python3.8/site-packages/airflow/example_dags/example_short_circuit_decorator.py
[2024-02-14T20:52:01.123+0000] {logging_mixin.py:188} INFO - [2024-02-14T20:52:01.123+0000] {dag.py:3036} INFO - Sync 1 DAGs
[2024-02-14T20:52:01.157+0000] {logging_mixin.py:188} INFO - [2024-02-14T20:52:01.157+0000] {dag.py:3823} INFO - Setting next_dagrun for example_short_circuit_decorator to 2024-02-13 00:00:00+00:00, run_after=2024-02-14 00:00:00+00:00
[2024-02-14T20:52:01.191+0000] {processor.py:183} INFO - Processing /home/airflow/.local/lib/python3.8/site-packages/airflow/example_dags/example_short_circuit_decorator.py took 0.143 seconds
[2024-02-14T20:52:31.473+0000] {processor.py:161} INFO - Started process (PID=7198) to work on /home/airflow/.local/lib/python3.8/site-packages/airflow/example_dags/example_short_circuit_decorator.py
[2024-02-14T20:52:31.490+0000] {processor.py:830} INFO - Processing file /home/airflow/.local/lib/python3.8/site-packages/airflow/example_dags/example_short_circuit_decorator.py for tasks to queue
[2024-02-14T20:52:31.500+0000] {logging_mixin.py:188} INFO - [2024-02-14T20:52:31.493+0000] {dagbag.py:538} INFO - Filling up the DagBag from /home/airflow/.local/lib/python3.8/site-packages/airflow/example_dags/example_short_circuit_decorator.py
[2024-02-14T20:52:31.535+0000] {processor.py:840} INFO - DAG(s) 'example_short_circuit_decorator' retrieved from /home/airflow/.local/lib/python3.8/site-packages/airflow/example_dags/example_short_circuit_decorator.py
[2024-02-14T20:52:31.588+0000] {logging_mixin.py:188} INFO - [2024-02-14T20:52:31.587+0000] {dag.py:3036} INFO - Sync 1 DAGs
[2024-02-14T20:52:31.649+0000] {logging_mixin.py:188} INFO - [2024-02-14T20:52:31.649+0000] {dag.py:3823} INFO - Setting next_dagrun for example_short_circuit_decorator to 2024-02-13 00:00:00+00:00, run_after=2024-02-14 00:00:00+00:00
[2024-02-14T20:52:31.711+0000] {processor.py:183} INFO - Processing /home/airflow/.local/lib/python3.8/site-packages/airflow/example_dags/example_short_circuit_decorator.py took 0.246 seconds
[2024-02-14T20:53:02.649+0000] {processor.py:161} INFO - Started process (PID=7445) to work on /home/airflow/.local/lib/python3.8/site-packages/airflow/example_dags/example_short_circuit_decorator.py
[2024-02-14T20:53:02.653+0000] {processor.py:830} INFO - Processing file /home/airflow/.local/lib/python3.8/site-packages/airflow/example_dags/example_short_circuit_decorator.py for tasks to queue
[2024-02-14T20:53:02.657+0000] {logging_mixin.py:188} INFO - [2024-02-14T20:53:02.656+0000] {dagbag.py:538} INFO - Filling up the DagBag from /home/airflow/.local/lib/python3.8/site-packages/airflow/example_dags/example_short_circuit_decorator.py
[2024-02-14T20:53:02.694+0000] {processor.py:840} INFO - DAG(s) 'example_short_circuit_decorator' retrieved from /home/airflow/.local/lib/python3.8/site-packages/airflow/example_dags/example_short_circuit_decorator.py
[2024-02-14T20:53:02.782+0000] {logging_mixin.py:188} INFO - [2024-02-14T20:53:02.782+0000] {dag.py:3036} INFO - Sync 1 DAGs
[2024-02-14T20:53:02.876+0000] {logging_mixin.py:188} INFO - [2024-02-14T20:53:02.875+0000] {dag.py:3823} INFO - Setting next_dagrun for example_short_circuit_decorator to 2024-02-13 00:00:00+00:00, run_after=2024-02-14 00:00:00+00:00
[2024-02-14T20:53:02.943+0000] {processor.py:183} INFO - Processing /home/airflow/.local/lib/python3.8/site-packages/airflow/example_dags/example_short_circuit_decorator.py took 0.306 seconds
[2024-02-14T20:53:33.805+0000] {processor.py:161} INFO - Started process (PID=7692) to work on /home/airflow/.local/lib/python3.8/site-packages/airflow/example_dags/example_short_circuit_decorator.py
[2024-02-14T20:53:33.810+0000] {processor.py:830} INFO - Processing file /home/airflow/.local/lib/python3.8/site-packages/airflow/example_dags/example_short_circuit_decorator.py for tasks to queue
[2024-02-14T20:53:33.814+0000] {logging_mixin.py:188} INFO - [2024-02-14T20:53:33.813+0000] {dagbag.py:538} INFO - Filling up the DagBag from /home/airflow/.local/lib/python3.8/site-packages/airflow/example_dags/example_short_circuit_decorator.py
[2024-02-14T20:53:33.861+0000] {processor.py:840} INFO - DAG(s) 'example_short_circuit_decorator' retrieved from /home/airflow/.local/lib/python3.8/site-packages/airflow/example_dags/example_short_circuit_decorator.py
[2024-02-14T20:53:33.960+0000] {logging_mixin.py:188} INFO - [2024-02-14T20:53:33.959+0000] {dag.py:3036} INFO - Sync 1 DAGs
[2024-02-14T20:53:34.054+0000] {logging_mixin.py:188} INFO - [2024-02-14T20:53:34.053+0000] {dag.py:3823} INFO - Setting next_dagrun for example_short_circuit_decorator to 2024-02-13 00:00:00+00:00, run_after=2024-02-14 00:00:00+00:00
[2024-02-14T20:53:34.121+0000] {processor.py:183} INFO - Processing /home/airflow/.local/lib/python3.8/site-packages/airflow/example_dags/example_short_circuit_decorator.py took 0.330 seconds
[2024-02-14T20:54:04.393+0000] {processor.py:161} INFO - Started process (PID=7939) to work on /home/airflow/.local/lib/python3.8/site-packages/airflow/example_dags/example_short_circuit_decorator.py
[2024-02-14T20:54:04.396+0000] {processor.py:830} INFO - Processing file /home/airflow/.local/lib/python3.8/site-packages/airflow/example_dags/example_short_circuit_decorator.py for tasks to queue
[2024-02-14T20:54:04.399+0000] {logging_mixin.py:188} INFO - [2024-02-14T20:54:04.398+0000] {dagbag.py:538} INFO - Filling up the DagBag from /home/airflow/.local/lib/python3.8/site-packages/airflow/example_dags/example_short_circuit_decorator.py
[2024-02-14T20:54:04.436+0000] {processor.py:840} INFO - DAG(s) 'example_short_circuit_decorator' retrieved from /home/airflow/.local/lib/python3.8/site-packages/airflow/example_dags/example_short_circuit_decorator.py
[2024-02-14T20:54:04.626+0000] {logging_mixin.py:188} INFO - [2024-02-14T20:54:04.626+0000] {dag.py:3036} INFO - Sync 1 DAGs
[2024-02-14T20:54:04.739+0000] {logging_mixin.py:188} INFO - [2024-02-14T20:54:04.737+0000] {dag.py:3823} INFO - Setting next_dagrun for example_short_circuit_decorator to 2024-02-13 00:00:00+00:00, run_after=2024-02-14 00:00:00+00:00
[2024-02-14T20:54:04.808+0000] {processor.py:183} INFO - Processing /home/airflow/.local/lib/python3.8/site-packages/airflow/example_dags/example_short_circuit_decorator.py took 0.426 seconds
[2024-02-14T20:54:34.936+0000] {processor.py:161} INFO - Started process (PID=8186) to work on /home/airflow/.local/lib/python3.8/site-packages/airflow/example_dags/example_short_circuit_decorator.py
[2024-02-14T20:54:34.939+0000] {processor.py:830} INFO - Processing file /home/airflow/.local/lib/python3.8/site-packages/airflow/example_dags/example_short_circuit_decorator.py for tasks to queue
[2024-02-14T20:54:34.942+0000] {logging_mixin.py:188} INFO - [2024-02-14T20:54:34.941+0000] {dagbag.py:538} INFO - Filling up the DagBag from /home/airflow/.local/lib/python3.8/site-packages/airflow/example_dags/example_short_circuit_decorator.py
[2024-02-14T20:54:34.963+0000] {processor.py:840} INFO - DAG(s) 'example_short_circuit_decorator' retrieved from /home/airflow/.local/lib/python3.8/site-packages/airflow/example_dags/example_short_circuit_decorator.py
[2024-02-14T20:54:35.025+0000] {logging_mixin.py:188} INFO - [2024-02-14T20:54:35.023+0000] {dag.py:3036} INFO - Sync 1 DAGs
[2024-02-14T20:54:35.076+0000] {logging_mixin.py:188} INFO - [2024-02-14T20:54:35.076+0000] {dag.py:3823} INFO - Setting next_dagrun for example_short_circuit_decorator to 2024-02-13 00:00:00+00:00, run_after=2024-02-14 00:00:00+00:00
[2024-02-14T20:54:35.117+0000] {processor.py:183} INFO - Processing /home/airflow/.local/lib/python3.8/site-packages/airflow/example_dags/example_short_circuit_decorator.py took 0.188 seconds
[2024-02-14T20:55:06.036+0000] {processor.py:161} INFO - Started process (PID=8433) to work on /home/airflow/.local/lib/python3.8/site-packages/airflow/example_dags/example_short_circuit_decorator.py
[2024-02-14T20:55:06.045+0000] {processor.py:830} INFO - Processing file /home/airflow/.local/lib/python3.8/site-packages/airflow/example_dags/example_short_circuit_decorator.py for tasks to queue
[2024-02-14T20:55:06.050+0000] {logging_mixin.py:188} INFO - [2024-02-14T20:55:06.049+0000] {dagbag.py:538} INFO - Filling up the DagBag from /home/airflow/.local/lib/python3.8/site-packages/airflow/example_dags/example_short_circuit_decorator.py
[2024-02-14T20:55:06.121+0000] {processor.py:840} INFO - DAG(s) 'example_short_circuit_decorator' retrieved from /home/airflow/.local/lib/python3.8/site-packages/airflow/example_dags/example_short_circuit_decorator.py
[2024-02-14T20:55:06.232+0000] {logging_mixin.py:188} INFO - [2024-02-14T20:55:06.231+0000] {dag.py:3036} INFO - Sync 1 DAGs
[2024-02-14T20:55:06.334+0000] {logging_mixin.py:188} INFO - [2024-02-14T20:55:06.333+0000] {dag.py:3823} INFO - Setting next_dagrun for example_short_circuit_decorator to 2024-02-13 00:00:00+00:00, run_after=2024-02-14 00:00:00+00:00
[2024-02-14T20:55:06.420+0000] {processor.py:183} INFO - Processing /home/airflow/.local/lib/python3.8/site-packages/airflow/example_dags/example_short_circuit_decorator.py took 0.396 seconds
[2024-02-14T20:55:37.115+0000] {processor.py:161} INFO - Started process (PID=8680) to work on /home/airflow/.local/lib/python3.8/site-packages/airflow/example_dags/example_short_circuit_decorator.py
[2024-02-14T20:55:37.120+0000] {processor.py:830} INFO - Processing file /home/airflow/.local/lib/python3.8/site-packages/airflow/example_dags/example_short_circuit_decorator.py for tasks to queue
[2024-02-14T20:55:37.124+0000] {logging_mixin.py:188} INFO - [2024-02-14T20:55:37.123+0000] {dagbag.py:538} INFO - Filling up the DagBag from /home/airflow/.local/lib/python3.8/site-packages/airflow/example_dags/example_short_circuit_decorator.py
[2024-02-14T20:55:37.163+0000] {processor.py:840} INFO - DAG(s) 'example_short_circuit_decorator' retrieved from /home/airflow/.local/lib/python3.8/site-packages/airflow/example_dags/example_short_circuit_decorator.py
[2024-02-14T20:55:37.241+0000] {logging_mixin.py:188} INFO - [2024-02-14T20:55:37.240+0000] {dag.py:3036} INFO - Sync 1 DAGs
[2024-02-14T20:55:37.303+0000] {logging_mixin.py:188} INFO - [2024-02-14T20:55:37.302+0000] {dag.py:3823} INFO - Setting next_dagrun for example_short_circuit_decorator to 2024-02-13 00:00:00+00:00, run_after=2024-02-14 00:00:00+00:00
[2024-02-14T20:55:37.361+0000] {processor.py:183} INFO - Processing /home/airflow/.local/lib/python3.8/site-packages/airflow/example_dags/example_short_circuit_decorator.py took 0.259 seconds
[2024-02-14T20:56:07.466+0000] {processor.py:161} INFO - Started process (PID=8927) to work on /home/airflow/.local/lib/python3.8/site-packages/airflow/example_dags/example_short_circuit_decorator.py
[2024-02-14T20:56:07.468+0000] {processor.py:830} INFO - Processing file /home/airflow/.local/lib/python3.8/site-packages/airflow/example_dags/example_short_circuit_decorator.py for tasks to queue
[2024-02-14T20:56:07.470+0000] {logging_mixin.py:188} INFO - [2024-02-14T20:56:07.470+0000] {dagbag.py:538} INFO - Filling up the DagBag from /home/airflow/.local/lib/python3.8/site-packages/airflow/example_dags/example_short_circuit_decorator.py
[2024-02-14T20:56:07.491+0000] {processor.py:840} INFO - DAG(s) 'example_short_circuit_decorator' retrieved from /home/airflow/.local/lib/python3.8/site-packages/airflow/example_dags/example_short_circuit_decorator.py
[2024-02-14T20:56:07.556+0000] {logging_mixin.py:188} INFO - [2024-02-14T20:56:07.555+0000] {dag.py:3036} INFO - Sync 1 DAGs
[2024-02-14T20:56:07.607+0000] {logging_mixin.py:188} INFO - [2024-02-14T20:56:07.606+0000] {dag.py:3823} INFO - Setting next_dagrun for example_short_circuit_decorator to 2024-02-13 00:00:00+00:00, run_after=2024-02-14 00:00:00+00:00
[2024-02-14T20:56:07.652+0000] {processor.py:183} INFO - Processing /home/airflow/.local/lib/python3.8/site-packages/airflow/example_dags/example_short_circuit_decorator.py took 0.192 seconds
[2024-02-14T20:56:38.538+0000] {processor.py:161} INFO - Started process (PID=9173) to work on /home/airflow/.local/lib/python3.8/site-packages/airflow/example_dags/example_short_circuit_decorator.py
[2024-02-14T20:56:38.542+0000] {processor.py:830} INFO - Processing file /home/airflow/.local/lib/python3.8/site-packages/airflow/example_dags/example_short_circuit_decorator.py for tasks to queue
[2024-02-14T20:56:38.547+0000] {logging_mixin.py:188} INFO - [2024-02-14T20:56:38.545+0000] {dagbag.py:538} INFO - Filling up the DagBag from /home/airflow/.local/lib/python3.8/site-packages/airflow/example_dags/example_short_circuit_decorator.py
[2024-02-14T20:56:38.597+0000] {processor.py:840} INFO - DAG(s) 'example_short_circuit_decorator' retrieved from /home/airflow/.local/lib/python3.8/site-packages/airflow/example_dags/example_short_circuit_decorator.py
[2024-02-14T20:56:38.707+0000] {logging_mixin.py:188} INFO - [2024-02-14T20:56:38.706+0000] {dag.py:3036} INFO - Sync 1 DAGs
[2024-02-14T20:56:38.803+0000] {logging_mixin.py:188} INFO - [2024-02-14T20:56:38.802+0000] {dag.py:3823} INFO - Setting next_dagrun for example_short_circuit_decorator to 2024-02-13 00:00:00+00:00, run_after=2024-02-14 00:00:00+00:00
[2024-02-14T20:56:38.901+0000] {processor.py:183} INFO - Processing /home/airflow/.local/lib/python3.8/site-packages/airflow/example_dags/example_short_circuit_decorator.py took 0.377 seconds
[2024-02-14T20:57:09.848+0000] {processor.py:161} INFO - Started process (PID=9420) to work on /home/airflow/.local/lib/python3.8/site-packages/airflow/example_dags/example_short_circuit_decorator.py
[2024-02-14T20:57:09.853+0000] {processor.py:830} INFO - Processing file /home/airflow/.local/lib/python3.8/site-packages/airflow/example_dags/example_short_circuit_decorator.py for tasks to queue
[2024-02-14T20:57:09.859+0000] {logging_mixin.py:188} INFO - [2024-02-14T20:57:09.857+0000] {dagbag.py:538} INFO - Filling up the DagBag from /home/airflow/.local/lib/python3.8/site-packages/airflow/example_dags/example_short_circuit_decorator.py
[2024-02-14T20:57:09.917+0000] {processor.py:840} INFO - DAG(s) 'example_short_circuit_decorator' retrieved from /home/airflow/.local/lib/python3.8/site-packages/airflow/example_dags/example_short_circuit_decorator.py
[2024-02-14T20:57:10.022+0000] {logging_mixin.py:188} INFO - [2024-02-14T20:57:10.021+0000] {dag.py:3036} INFO - Sync 1 DAGs
[2024-02-14T20:57:10.095+0000] {logging_mixin.py:188} INFO - [2024-02-14T20:57:10.095+0000] {dag.py:3823} INFO - Setting next_dagrun for example_short_circuit_decorator to 2024-02-13 00:00:00+00:00, run_after=2024-02-14 00:00:00+00:00
[2024-02-14T20:57:10.158+0000] {processor.py:183} INFO - Processing /home/airflow/.local/lib/python3.8/site-packages/airflow/example_dags/example_short_circuit_decorator.py took 0.328 seconds
[2024-02-14T20:57:40.412+0000] {processor.py:161} INFO - Started process (PID=9667) to work on /home/airflow/.local/lib/python3.8/site-packages/airflow/example_dags/example_short_circuit_decorator.py
[2024-02-14T20:57:40.417+0000] {processor.py:830} INFO - Processing file /home/airflow/.local/lib/python3.8/site-packages/airflow/example_dags/example_short_circuit_decorator.py for tasks to queue
[2024-02-14T20:57:40.421+0000] {logging_mixin.py:188} INFO - [2024-02-14T20:57:40.420+0000] {dagbag.py:538} INFO - Filling up the DagBag from /home/airflow/.local/lib/python3.8/site-packages/airflow/example_dags/example_short_circuit_decorator.py
[2024-02-14T20:57:40.474+0000] {processor.py:840} INFO - DAG(s) 'example_short_circuit_decorator' retrieved from /home/airflow/.local/lib/python3.8/site-packages/airflow/example_dags/example_short_circuit_decorator.py
[2024-02-14T20:57:40.580+0000] {logging_mixin.py:188} INFO - [2024-02-14T20:57:40.579+0000] {dag.py:3036} INFO - Sync 1 DAGs
[2024-02-14T20:57:40.648+0000] {logging_mixin.py:188} INFO - [2024-02-14T20:57:40.648+0000] {dag.py:3823} INFO - Setting next_dagrun for example_short_circuit_decorator to 2024-02-13 00:00:00+00:00, run_after=2024-02-14 00:00:00+00:00
[2024-02-14T20:57:40.716+0000] {processor.py:183} INFO - Processing /home/airflow/.local/lib/python3.8/site-packages/airflow/example_dags/example_short_circuit_decorator.py took 0.320 seconds
