[2024-02-14T20:38:16.259+0000] {processor.py:161} INFO - Started process (PID=352) to work on /home/airflow/.local/lib/python3.8/site-packages/airflow/example_dags/example_dynamic_task_mapping.py
[2024-02-14T20:38:16.261+0000] {processor.py:830} INFO - Processing file /home/airflow/.local/lib/python3.8/site-packages/airflow/example_dags/example_dynamic_task_mapping.py for tasks to queue
[2024-02-14T20:38:16.262+0000] {logging_mixin.py:188} INFO - [2024-02-14T20:38:16.262+0000] {dagbag.py:538} INFO - Filling up the DagBag from /home/airflow/.local/lib/python3.8/site-packages/airflow/example_dags/example_dynamic_task_mapping.py
[2024-02-14T20:38:16.279+0000] {processor.py:840} INFO - DAG(s) 'example_dynamic_task_mapping' retrieved from /home/airflow/.local/lib/python3.8/site-packages/airflow/example_dags/example_dynamic_task_mapping.py
[2024-02-14T20:38:16.476+0000] {logging_mixin.py:188} INFO - [2024-02-14T20:38:16.475+0000] {dag.py:3036} INFO - Sync 1 DAGs
[2024-02-14T20:38:16.522+0000] {logging_mixin.py:188} INFO - [2024-02-14T20:38:16.522+0000] {dag.py:3823} INFO - Setting next_dagrun for example_dynamic_task_mapping to 2022-03-04 00:00:00+00:00, run_after=2022-03-05 00:00:00+00:00
[2024-02-14T20:38:16.566+0000] {processor.py:183} INFO - Processing /home/airflow/.local/lib/python3.8/site-packages/airflow/example_dags/example_dynamic_task_mapping.py took 0.312 seconds
[2024-02-14T20:38:47.191+0000] {processor.py:161} INFO - Started process (PID=599) to work on /home/airflow/.local/lib/python3.8/site-packages/airflow/example_dags/example_dynamic_task_mapping.py
[2024-02-14T20:38:47.194+0000] {processor.py:830} INFO - Processing file /home/airflow/.local/lib/python3.8/site-packages/airflow/example_dags/example_dynamic_task_mapping.py for tasks to queue
[2024-02-14T20:38:47.202+0000] {logging_mixin.py:188} INFO - [2024-02-14T20:38:47.200+0000] {dagbag.py:538} INFO - Filling up the DagBag from /home/airflow/.local/lib/python3.8/site-packages/airflow/example_dags/example_dynamic_task_mapping.py
[2024-02-14T20:38:47.234+0000] {processor.py:840} INFO - DAG(s) 'example_dynamic_task_mapping' retrieved from /home/airflow/.local/lib/python3.8/site-packages/airflow/example_dags/example_dynamic_task_mapping.py
[2024-02-14T20:38:47.341+0000] {logging_mixin.py:188} INFO - [2024-02-14T20:38:47.340+0000] {dag.py:3036} INFO - Sync 1 DAGs
[2024-02-14T20:38:47.792+0000] {logging_mixin.py:188} INFO - [2024-02-14T20:38:47.790+0000] {dag.py:3823} INFO - Setting next_dagrun for example_dynamic_task_mapping to 2022-03-04 00:00:00+00:00, run_after=2022-03-05 00:00:00+00:00
[2024-02-14T20:38:47.901+0000] {processor.py:183} INFO - Processing /home/airflow/.local/lib/python3.8/site-packages/airflow/example_dags/example_dynamic_task_mapping.py took 0.720 seconds
[2024-02-14T20:39:18.560+0000] {processor.py:161} INFO - Started process (PID=845) to work on /home/airflow/.local/lib/python3.8/site-packages/airflow/example_dags/example_dynamic_task_mapping.py
[2024-02-14T20:39:18.564+0000] {processor.py:830} INFO - Processing file /home/airflow/.local/lib/python3.8/site-packages/airflow/example_dags/example_dynamic_task_mapping.py for tasks to queue
[2024-02-14T20:39:18.568+0000] {logging_mixin.py:188} INFO - [2024-02-14T20:39:18.567+0000] {dagbag.py:538} INFO - Filling up the DagBag from /home/airflow/.local/lib/python3.8/site-packages/airflow/example_dags/example_dynamic_task_mapping.py
[2024-02-14T20:39:18.609+0000] {processor.py:840} INFO - DAG(s) 'example_dynamic_task_mapping' retrieved from /home/airflow/.local/lib/python3.8/site-packages/airflow/example_dags/example_dynamic_task_mapping.py
[2024-02-14T20:39:18.643+0000] {logging_mixin.py:188} INFO - [2024-02-14T20:39:18.643+0000] {dag.py:3036} INFO - Sync 1 DAGs
[2024-02-14T20:39:18.681+0000] {logging_mixin.py:188} INFO - [2024-02-14T20:39:18.680+0000] {dag.py:3823} INFO - Setting next_dagrun for example_dynamic_task_mapping to 2022-03-04 00:00:00+00:00, run_after=2022-03-05 00:00:00+00:00
[2024-02-14T20:39:18.760+0000] {processor.py:183} INFO - Processing /home/airflow/.local/lib/python3.8/site-packages/airflow/example_dags/example_dynamic_task_mapping.py took 0.218 seconds
[2024-02-14T20:39:49.047+0000] {processor.py:161} INFO - Started process (PID=1093) to work on /home/airflow/.local/lib/python3.8/site-packages/airflow/example_dags/example_dynamic_task_mapping.py
[2024-02-14T20:39:49.051+0000] {processor.py:830} INFO - Processing file /home/airflow/.local/lib/python3.8/site-packages/airflow/example_dags/example_dynamic_task_mapping.py for tasks to queue
[2024-02-14T20:39:49.055+0000] {logging_mixin.py:188} INFO - [2024-02-14T20:39:49.054+0000] {dagbag.py:538} INFO - Filling up the DagBag from /home/airflow/.local/lib/python3.8/site-packages/airflow/example_dags/example_dynamic_task_mapping.py
[2024-02-14T20:39:49.082+0000] {processor.py:840} INFO - DAG(s) 'example_dynamic_task_mapping' retrieved from /home/airflow/.local/lib/python3.8/site-packages/airflow/example_dags/example_dynamic_task_mapping.py
[2024-02-14T20:39:49.160+0000] {logging_mixin.py:188} INFO - [2024-02-14T20:39:49.159+0000] {dag.py:3036} INFO - Sync 1 DAGs
[2024-02-14T20:39:49.257+0000] {logging_mixin.py:188} INFO - [2024-02-14T20:39:49.256+0000] {dag.py:3823} INFO - Setting next_dagrun for example_dynamic_task_mapping to 2022-03-04 00:00:00+00:00, run_after=2022-03-05 00:00:00+00:00
[2024-02-14T20:39:49.335+0000] {processor.py:183} INFO - Processing /home/airflow/.local/lib/python3.8/site-packages/airflow/example_dags/example_dynamic_task_mapping.py took 0.300 seconds
[2024-02-14T20:40:19.886+0000] {processor.py:161} INFO - Started process (PID=1341) to work on /home/airflow/.local/lib/python3.8/site-packages/airflow/example_dags/example_dynamic_task_mapping.py
[2024-02-14T20:40:19.891+0000] {processor.py:830} INFO - Processing file /home/airflow/.local/lib/python3.8/site-packages/airflow/example_dags/example_dynamic_task_mapping.py for tasks to queue
[2024-02-14T20:40:19.897+0000] {logging_mixin.py:188} INFO - [2024-02-14T20:40:19.895+0000] {dagbag.py:538} INFO - Filling up the DagBag from /home/airflow/.local/lib/python3.8/site-packages/airflow/example_dags/example_dynamic_task_mapping.py
[2024-02-14T20:40:19.957+0000] {processor.py:840} INFO - DAG(s) 'example_dynamic_task_mapping' retrieved from /home/airflow/.local/lib/python3.8/site-packages/airflow/example_dags/example_dynamic_task_mapping.py
[2024-02-14T20:40:20.048+0000] {logging_mixin.py:188} INFO - [2024-02-14T20:40:20.048+0000] {dag.py:3036} INFO - Sync 1 DAGs
[2024-02-14T20:40:20.106+0000] {logging_mixin.py:188} INFO - [2024-02-14T20:40:20.106+0000] {dag.py:3823} INFO - Setting next_dagrun for example_dynamic_task_mapping to 2022-03-04 00:00:00+00:00, run_after=2022-03-05 00:00:00+00:00
[2024-02-14T20:40:20.149+0000] {processor.py:183} INFO - Processing /home/airflow/.local/lib/python3.8/site-packages/airflow/example_dags/example_dynamic_task_mapping.py took 0.285 seconds
[2024-02-14T20:40:50.295+0000] {processor.py:161} INFO - Started process (PID=1590) to work on /home/airflow/.local/lib/python3.8/site-packages/airflow/example_dags/example_dynamic_task_mapping.py
[2024-02-14T20:40:50.298+0000] {processor.py:830} INFO - Processing file /home/airflow/.local/lib/python3.8/site-packages/airflow/example_dags/example_dynamic_task_mapping.py for tasks to queue
[2024-02-14T20:40:50.302+0000] {logging_mixin.py:188} INFO - [2024-02-14T20:40:50.301+0000] {dagbag.py:538} INFO - Filling up the DagBag from /home/airflow/.local/lib/python3.8/site-packages/airflow/example_dags/example_dynamic_task_mapping.py
[2024-02-14T20:40:50.322+0000] {processor.py:840} INFO - DAG(s) 'example_dynamic_task_mapping' retrieved from /home/airflow/.local/lib/python3.8/site-packages/airflow/example_dags/example_dynamic_task_mapping.py
[2024-02-14T20:40:50.378+0000] {logging_mixin.py:188} INFO - [2024-02-14T20:40:50.378+0000] {dag.py:3036} INFO - Sync 1 DAGs
[2024-02-14T20:40:50.458+0000] {logging_mixin.py:188} INFO - [2024-02-14T20:40:50.457+0000] {dag.py:3823} INFO - Setting next_dagrun for example_dynamic_task_mapping to 2022-03-04 00:00:00+00:00, run_after=2022-03-05 00:00:00+00:00
[2024-02-14T20:40:50.516+0000] {processor.py:183} INFO - Processing /home/airflow/.local/lib/python3.8/site-packages/airflow/example_dags/example_dynamic_task_mapping.py took 0.231 seconds
[2024-02-14T20:41:21.938+0000] {processor.py:161} INFO - Started process (PID=1837) to work on /home/airflow/.local/lib/python3.8/site-packages/airflow/example_dags/example_dynamic_task_mapping.py
[2024-02-14T20:41:21.940+0000] {processor.py:830} INFO - Processing file /home/airflow/.local/lib/python3.8/site-packages/airflow/example_dags/example_dynamic_task_mapping.py for tasks to queue
[2024-02-14T20:41:21.942+0000] {logging_mixin.py:188} INFO - [2024-02-14T20:41:21.942+0000] {dagbag.py:538} INFO - Filling up the DagBag from /home/airflow/.local/lib/python3.8/site-packages/airflow/example_dags/example_dynamic_task_mapping.py
[2024-02-14T20:41:21.958+0000] {processor.py:840} INFO - DAG(s) 'example_dynamic_task_mapping' retrieved from /home/airflow/.local/lib/python3.8/site-packages/airflow/example_dags/example_dynamic_task_mapping.py
[2024-02-14T20:41:22.002+0000] {logging_mixin.py:188} INFO - [2024-02-14T20:41:22.001+0000] {dag.py:3036} INFO - Sync 1 DAGs
[2024-02-14T20:41:22.053+0000] {logging_mixin.py:188} INFO - [2024-02-14T20:41:22.052+0000] {dag.py:3823} INFO - Setting next_dagrun for example_dynamic_task_mapping to 2022-03-04 00:00:00+00:00, run_after=2022-03-05 00:00:00+00:00
[2024-02-14T20:41:22.092+0000] {processor.py:183} INFO - Processing /home/airflow/.local/lib/python3.8/site-packages/airflow/example_dags/example_dynamic_task_mapping.py took 0.162 seconds
[2024-02-14T20:41:52.380+0000] {processor.py:161} INFO - Started process (PID=2082) to work on /home/airflow/.local/lib/python3.8/site-packages/airflow/example_dags/example_dynamic_task_mapping.py
[2024-02-14T20:41:52.383+0000] {processor.py:830} INFO - Processing file /home/airflow/.local/lib/python3.8/site-packages/airflow/example_dags/example_dynamic_task_mapping.py for tasks to queue
[2024-02-14T20:41:52.385+0000] {logging_mixin.py:188} INFO - [2024-02-14T20:41:52.384+0000] {dagbag.py:538} INFO - Filling up the DagBag from /home/airflow/.local/lib/python3.8/site-packages/airflow/example_dags/example_dynamic_task_mapping.py
[2024-02-14T20:41:52.402+0000] {processor.py:840} INFO - DAG(s) 'example_dynamic_task_mapping' retrieved from /home/airflow/.local/lib/python3.8/site-packages/airflow/example_dags/example_dynamic_task_mapping.py
[2024-02-14T20:41:52.452+0000] {logging_mixin.py:188} INFO - [2024-02-14T20:41:52.452+0000] {dag.py:3036} INFO - Sync 1 DAGs
[2024-02-14T20:41:52.503+0000] {logging_mixin.py:188} INFO - [2024-02-14T20:41:52.503+0000] {dag.py:3823} INFO - Setting next_dagrun for example_dynamic_task_mapping to 2022-03-04 00:00:00+00:00, run_after=2022-03-05 00:00:00+00:00
[2024-02-14T20:41:52.564+0000] {processor.py:183} INFO - Processing /home/airflow/.local/lib/python3.8/site-packages/airflow/example_dags/example_dynamic_task_mapping.py took 0.207 seconds
[2024-02-14T20:42:23.520+0000] {processor.py:161} INFO - Started process (PID=2329) to work on /home/airflow/.local/lib/python3.8/site-packages/airflow/example_dags/example_dynamic_task_mapping.py
[2024-02-14T20:42:23.522+0000] {processor.py:830} INFO - Processing file /home/airflow/.local/lib/python3.8/site-packages/airflow/example_dags/example_dynamic_task_mapping.py for tasks to queue
[2024-02-14T20:42:23.525+0000] {logging_mixin.py:188} INFO - [2024-02-14T20:42:23.524+0000] {dagbag.py:538} INFO - Filling up the DagBag from /home/airflow/.local/lib/python3.8/site-packages/airflow/example_dags/example_dynamic_task_mapping.py
[2024-02-14T20:42:23.539+0000] {processor.py:840} INFO - DAG(s) 'example_dynamic_task_mapping' retrieved from /home/airflow/.local/lib/python3.8/site-packages/airflow/example_dags/example_dynamic_task_mapping.py
[2024-02-14T20:42:23.602+0000] {logging_mixin.py:188} INFO - [2024-02-14T20:42:23.602+0000] {dag.py:3036} INFO - Sync 1 DAGs
[2024-02-14T20:42:23.676+0000] {logging_mixin.py:188} INFO - [2024-02-14T20:42:23.675+0000] {dag.py:3823} INFO - Setting next_dagrun for example_dynamic_task_mapping to 2022-03-04 00:00:00+00:00, run_after=2022-03-05 00:00:00+00:00
[2024-02-14T20:42:23.737+0000] {processor.py:183} INFO - Processing /home/airflow/.local/lib/python3.8/site-packages/airflow/example_dags/example_dynamic_task_mapping.py took 0.224 seconds
[2024-02-14T20:42:54.587+0000] {processor.py:161} INFO - Started process (PID=2579) to work on /home/airflow/.local/lib/python3.8/site-packages/airflow/example_dags/example_dynamic_task_mapping.py
[2024-02-14T20:42:54.589+0000] {processor.py:830} INFO - Processing file /home/airflow/.local/lib/python3.8/site-packages/airflow/example_dags/example_dynamic_task_mapping.py for tasks to queue
[2024-02-14T20:42:54.593+0000] {logging_mixin.py:188} INFO - [2024-02-14T20:42:54.592+0000] {dagbag.py:538} INFO - Filling up the DagBag from /home/airflow/.local/lib/python3.8/site-packages/airflow/example_dags/example_dynamic_task_mapping.py
[2024-02-14T20:42:54.622+0000] {processor.py:840} INFO - DAG(s) 'example_dynamic_task_mapping' retrieved from /home/airflow/.local/lib/python3.8/site-packages/airflow/example_dags/example_dynamic_task_mapping.py
[2024-02-14T20:42:54.695+0000] {logging_mixin.py:188} INFO - [2024-02-14T20:42:54.695+0000] {dag.py:3036} INFO - Sync 1 DAGs
[2024-02-14T20:42:54.744+0000] {logging_mixin.py:188} INFO - [2024-02-14T20:42:54.744+0000] {dag.py:3823} INFO - Setting next_dagrun for example_dynamic_task_mapping to 2022-03-04 00:00:00+00:00, run_after=2022-03-05 00:00:00+00:00
[2024-02-14T20:42:54.784+0000] {processor.py:183} INFO - Processing /home/airflow/.local/lib/python3.8/site-packages/airflow/example_dags/example_dynamic_task_mapping.py took 0.206 seconds
[2024-02-14T20:43:25.712+0000] {processor.py:161} INFO - Started process (PID=2826) to work on /home/airflow/.local/lib/python3.8/site-packages/airflow/example_dags/example_dynamic_task_mapping.py
[2024-02-14T20:43:25.716+0000] {processor.py:830} INFO - Processing file /home/airflow/.local/lib/python3.8/site-packages/airflow/example_dags/example_dynamic_task_mapping.py for tasks to queue
[2024-02-14T20:43:25.719+0000] {logging_mixin.py:188} INFO - [2024-02-14T20:43:25.718+0000] {dagbag.py:538} INFO - Filling up the DagBag from /home/airflow/.local/lib/python3.8/site-packages/airflow/example_dags/example_dynamic_task_mapping.py
[2024-02-14T20:43:25.742+0000] {processor.py:840} INFO - DAG(s) 'example_dynamic_task_mapping' retrieved from /home/airflow/.local/lib/python3.8/site-packages/airflow/example_dags/example_dynamic_task_mapping.py
[2024-02-14T20:43:25.804+0000] {logging_mixin.py:188} INFO - [2024-02-14T20:43:25.803+0000] {dag.py:3036} INFO - Sync 1 DAGs
[2024-02-14T20:43:25.872+0000] {logging_mixin.py:188} INFO - [2024-02-14T20:43:25.872+0000] {dag.py:3823} INFO - Setting next_dagrun for example_dynamic_task_mapping to 2022-03-04 00:00:00+00:00, run_after=2022-03-05 00:00:00+00:00
[2024-02-14T20:43:25.938+0000] {processor.py:183} INFO - Processing /home/airflow/.local/lib/python3.8/site-packages/airflow/example_dags/example_dynamic_task_mapping.py took 0.236 seconds
[2024-02-14T20:43:57.186+0000] {processor.py:161} INFO - Started process (PID=3072) to work on /home/airflow/.local/lib/python3.8/site-packages/airflow/example_dags/example_dynamic_task_mapping.py
[2024-02-14T20:43:57.189+0000] {processor.py:830} INFO - Processing file /home/airflow/.local/lib/python3.8/site-packages/airflow/example_dags/example_dynamic_task_mapping.py for tasks to queue
[2024-02-14T20:43:57.191+0000] {logging_mixin.py:188} INFO - [2024-02-14T20:43:57.190+0000] {dagbag.py:538} INFO - Filling up the DagBag from /home/airflow/.local/lib/python3.8/site-packages/airflow/example_dags/example_dynamic_task_mapping.py
[2024-02-14T20:43:57.203+0000] {processor.py:840} INFO - DAG(s) 'example_dynamic_task_mapping' retrieved from /home/airflow/.local/lib/python3.8/site-packages/airflow/example_dags/example_dynamic_task_mapping.py
[2024-02-14T20:43:57.244+0000] {logging_mixin.py:188} INFO - [2024-02-14T20:43:57.243+0000] {dag.py:3036} INFO - Sync 1 DAGs
[2024-02-14T20:43:57.283+0000] {logging_mixin.py:188} INFO - [2024-02-14T20:43:57.283+0000] {dag.py:3823} INFO - Setting next_dagrun for example_dynamic_task_mapping to 2022-03-04 00:00:00+00:00, run_after=2022-03-05 00:00:00+00:00
[2024-02-14T20:43:57.319+0000] {processor.py:183} INFO - Processing /home/airflow/.local/lib/python3.8/site-packages/airflow/example_dags/example_dynamic_task_mapping.py took 0.139 seconds
[2024-02-14T20:44:27.563+0000] {processor.py:161} INFO - Started process (PID=3320) to work on /home/airflow/.local/lib/python3.8/site-packages/airflow/example_dags/example_dynamic_task_mapping.py
[2024-02-14T20:44:27.565+0000] {processor.py:830} INFO - Processing file /home/airflow/.local/lib/python3.8/site-packages/airflow/example_dags/example_dynamic_task_mapping.py for tasks to queue
[2024-02-14T20:44:27.567+0000] {logging_mixin.py:188} INFO - [2024-02-14T20:44:27.566+0000] {dagbag.py:538} INFO - Filling up the DagBag from /home/airflow/.local/lib/python3.8/site-packages/airflow/example_dags/example_dynamic_task_mapping.py
[2024-02-14T20:44:27.577+0000] {processor.py:840} INFO - DAG(s) 'example_dynamic_task_mapping' retrieved from /home/airflow/.local/lib/python3.8/site-packages/airflow/example_dags/example_dynamic_task_mapping.py
[2024-02-14T20:44:27.606+0000] {logging_mixin.py:188} INFO - [2024-02-14T20:44:27.606+0000] {dag.py:3036} INFO - Sync 1 DAGs
[2024-02-14T20:44:27.641+0000] {logging_mixin.py:188} INFO - [2024-02-14T20:44:27.641+0000] {dag.py:3823} INFO - Setting next_dagrun for example_dynamic_task_mapping to 2022-03-04 00:00:00+00:00, run_after=2022-03-05 00:00:00+00:00
[2024-02-14T20:44:27.688+0000] {processor.py:183} INFO - Processing /home/airflow/.local/lib/python3.8/site-packages/airflow/example_dags/example_dynamic_task_mapping.py took 0.129 seconds
[2024-02-14T20:44:58.019+0000] {processor.py:161} INFO - Started process (PID=3567) to work on /home/airflow/.local/lib/python3.8/site-packages/airflow/example_dags/example_dynamic_task_mapping.py
[2024-02-14T20:44:58.023+0000] {processor.py:830} INFO - Processing file /home/airflow/.local/lib/python3.8/site-packages/airflow/example_dags/example_dynamic_task_mapping.py for tasks to queue
[2024-02-14T20:44:58.027+0000] {logging_mixin.py:188} INFO - [2024-02-14T20:44:58.026+0000] {dagbag.py:538} INFO - Filling up the DagBag from /home/airflow/.local/lib/python3.8/site-packages/airflow/example_dags/example_dynamic_task_mapping.py
[2024-02-14T20:44:58.054+0000] {processor.py:840} INFO - DAG(s) 'example_dynamic_task_mapping' retrieved from /home/airflow/.local/lib/python3.8/site-packages/airflow/example_dags/example_dynamic_task_mapping.py
[2024-02-14T20:44:58.139+0000] {logging_mixin.py:188} INFO - [2024-02-14T20:44:58.138+0000] {dag.py:3036} INFO - Sync 1 DAGs
[2024-02-14T20:44:58.239+0000] {logging_mixin.py:188} INFO - [2024-02-14T20:44:58.238+0000] {dag.py:3823} INFO - Setting next_dagrun for example_dynamic_task_mapping to 2022-03-04 00:00:00+00:00, run_after=2022-03-05 00:00:00+00:00
[2024-02-14T20:44:58.330+0000] {processor.py:183} INFO - Processing /home/airflow/.local/lib/python3.8/site-packages/airflow/example_dags/example_dynamic_task_mapping.py took 0.325 seconds
[2024-02-14T20:45:29.173+0000] {processor.py:161} INFO - Started process (PID=3815) to work on /home/airflow/.local/lib/python3.8/site-packages/airflow/example_dags/example_dynamic_task_mapping.py
[2024-02-14T20:45:29.177+0000] {processor.py:830} INFO - Processing file /home/airflow/.local/lib/python3.8/site-packages/airflow/example_dags/example_dynamic_task_mapping.py for tasks to queue
[2024-02-14T20:45:29.182+0000] {logging_mixin.py:188} INFO - [2024-02-14T20:45:29.180+0000] {dagbag.py:538} INFO - Filling up the DagBag from /home/airflow/.local/lib/python3.8/site-packages/airflow/example_dags/example_dynamic_task_mapping.py
[2024-02-14T20:45:29.217+0000] {processor.py:840} INFO - DAG(s) 'example_dynamic_task_mapping' retrieved from /home/airflow/.local/lib/python3.8/site-packages/airflow/example_dags/example_dynamic_task_mapping.py
[2024-02-14T20:45:29.293+0000] {logging_mixin.py:188} INFO - [2024-02-14T20:45:29.292+0000] {dag.py:3036} INFO - Sync 1 DAGs
[2024-02-14T20:45:29.381+0000] {logging_mixin.py:188} INFO - [2024-02-14T20:45:29.381+0000] {dag.py:3823} INFO - Setting next_dagrun for example_dynamic_task_mapping to 2022-03-04 00:00:00+00:00, run_after=2022-03-05 00:00:00+00:00
[2024-02-14T20:45:29.471+0000] {processor.py:183} INFO - Processing /home/airflow/.local/lib/python3.8/site-packages/airflow/example_dags/example_dynamic_task_mapping.py took 0.315 seconds
[2024-02-14T20:46:00.105+0000] {processor.py:161} INFO - Started process (PID=4062) to work on /home/airflow/.local/lib/python3.8/site-packages/airflow/example_dags/example_dynamic_task_mapping.py
[2024-02-14T20:46:00.120+0000] {processor.py:830} INFO - Processing file /home/airflow/.local/lib/python3.8/site-packages/airflow/example_dags/example_dynamic_task_mapping.py for tasks to queue
[2024-02-14T20:46:00.133+0000] {logging_mixin.py:188} INFO - [2024-02-14T20:46:00.132+0000] {dagbag.py:538} INFO - Filling up the DagBag from /home/airflow/.local/lib/python3.8/site-packages/airflow/example_dags/example_dynamic_task_mapping.py
[2024-02-14T20:46:00.157+0000] {processor.py:840} INFO - DAG(s) 'example_dynamic_task_mapping' retrieved from /home/airflow/.local/lib/python3.8/site-packages/airflow/example_dags/example_dynamic_task_mapping.py
[2024-02-14T20:46:00.200+0000] {logging_mixin.py:188} INFO - [2024-02-14T20:46:00.199+0000] {dag.py:3036} INFO - Sync 1 DAGs
[2024-02-14T20:46:00.241+0000] {logging_mixin.py:188} INFO - [2024-02-14T20:46:00.240+0000] {dag.py:3823} INFO - Setting next_dagrun for example_dynamic_task_mapping to 2022-03-04 00:00:00+00:00, run_after=2022-03-05 00:00:00+00:00
[2024-02-14T20:46:00.275+0000] {processor.py:183} INFO - Processing /home/airflow/.local/lib/python3.8/site-packages/airflow/example_dags/example_dynamic_task_mapping.py took 0.186 seconds
[2024-02-14T20:46:30.422+0000] {processor.py:161} INFO - Started process (PID=4309) to work on /home/airflow/.local/lib/python3.8/site-packages/airflow/example_dags/example_dynamic_task_mapping.py
[2024-02-14T20:46:30.424+0000] {processor.py:830} INFO - Processing file /home/airflow/.local/lib/python3.8/site-packages/airflow/example_dags/example_dynamic_task_mapping.py for tasks to queue
[2024-02-14T20:46:30.428+0000] {logging_mixin.py:188} INFO - [2024-02-14T20:46:30.426+0000] {dagbag.py:538} INFO - Filling up the DagBag from /home/airflow/.local/lib/python3.8/site-packages/airflow/example_dags/example_dynamic_task_mapping.py
[2024-02-14T20:46:30.440+0000] {processor.py:840} INFO - DAG(s) 'example_dynamic_task_mapping' retrieved from /home/airflow/.local/lib/python3.8/site-packages/airflow/example_dags/example_dynamic_task_mapping.py
[2024-02-14T20:46:30.480+0000] {logging_mixin.py:188} INFO - [2024-02-14T20:46:30.480+0000] {dag.py:3036} INFO - Sync 1 DAGs
[2024-02-14T20:46:30.523+0000] {logging_mixin.py:188} INFO - [2024-02-14T20:46:30.522+0000] {dag.py:3823} INFO - Setting next_dagrun for example_dynamic_task_mapping to 2022-03-04 00:00:00+00:00, run_after=2022-03-05 00:00:00+00:00
[2024-02-14T20:46:30.581+0000] {processor.py:183} INFO - Processing /home/airflow/.local/lib/python3.8/site-packages/airflow/example_dags/example_dynamic_task_mapping.py took 0.165 seconds
[2024-02-14T20:47:01.435+0000] {processor.py:161} INFO - Started process (PID=4557) to work on /home/airflow/.local/lib/python3.8/site-packages/airflow/example_dags/example_dynamic_task_mapping.py
[2024-02-14T20:47:01.437+0000] {processor.py:830} INFO - Processing file /home/airflow/.local/lib/python3.8/site-packages/airflow/example_dags/example_dynamic_task_mapping.py for tasks to queue
[2024-02-14T20:47:01.440+0000] {logging_mixin.py:188} INFO - [2024-02-14T20:47:01.439+0000] {dagbag.py:538} INFO - Filling up the DagBag from /home/airflow/.local/lib/python3.8/site-packages/airflow/example_dags/example_dynamic_task_mapping.py
[2024-02-14T20:47:01.467+0000] {processor.py:840} INFO - DAG(s) 'example_dynamic_task_mapping' retrieved from /home/airflow/.local/lib/python3.8/site-packages/airflow/example_dags/example_dynamic_task_mapping.py
[2024-02-14T20:47:01.525+0000] {logging_mixin.py:188} INFO - [2024-02-14T20:47:01.523+0000] {dag.py:3036} INFO - Sync 1 DAGs
[2024-02-14T20:47:01.623+0000] {logging_mixin.py:188} INFO - [2024-02-14T20:47:01.621+0000] {dag.py:3823} INFO - Setting next_dagrun for example_dynamic_task_mapping to 2022-03-04 00:00:00+00:00, run_after=2022-03-05 00:00:00+00:00
[2024-02-14T20:47:01.671+0000] {processor.py:183} INFO - Processing /home/airflow/.local/lib/python3.8/site-packages/airflow/example_dags/example_dynamic_task_mapping.py took 0.243 seconds
[2024-02-14T20:47:32.557+0000] {processor.py:161} INFO - Started process (PID=4804) to work on /home/airflow/.local/lib/python3.8/site-packages/airflow/example_dags/example_dynamic_task_mapping.py
[2024-02-14T20:47:32.563+0000] {processor.py:830} INFO - Processing file /home/airflow/.local/lib/python3.8/site-packages/airflow/example_dags/example_dynamic_task_mapping.py for tasks to queue
[2024-02-14T20:47:32.568+0000] {logging_mixin.py:188} INFO - [2024-02-14T20:47:32.567+0000] {dagbag.py:538} INFO - Filling up the DagBag from /home/airflow/.local/lib/python3.8/site-packages/airflow/example_dags/example_dynamic_task_mapping.py
[2024-02-14T20:47:32.597+0000] {processor.py:840} INFO - DAG(s) 'example_dynamic_task_mapping' retrieved from /home/airflow/.local/lib/python3.8/site-packages/airflow/example_dags/example_dynamic_task_mapping.py
[2024-02-14T20:47:32.680+0000] {logging_mixin.py:188} INFO - [2024-02-14T20:47:32.679+0000] {dag.py:3036} INFO - Sync 1 DAGs
[2024-02-14T20:47:32.819+0000] {logging_mixin.py:188} INFO - [2024-02-14T20:47:32.818+0000] {dag.py:3823} INFO - Setting next_dagrun for example_dynamic_task_mapping to 2022-03-04 00:00:00+00:00, run_after=2022-03-05 00:00:00+00:00
[2024-02-14T20:47:32.906+0000] {processor.py:183} INFO - Processing /home/airflow/.local/lib/python3.8/site-packages/airflow/example_dags/example_dynamic_task_mapping.py took 0.365 seconds
[2024-02-14T20:48:03.840+0000] {processor.py:161} INFO - Started process (PID=5051) to work on /home/airflow/.local/lib/python3.8/site-packages/airflow/example_dags/example_dynamic_task_mapping.py
[2024-02-14T20:48:03.851+0000] {processor.py:830} INFO - Processing file /home/airflow/.local/lib/python3.8/site-packages/airflow/example_dags/example_dynamic_task_mapping.py for tasks to queue
[2024-02-14T20:48:03.853+0000] {logging_mixin.py:188} INFO - [2024-02-14T20:48:03.852+0000] {dagbag.py:538} INFO - Filling up the DagBag from /home/airflow/.local/lib/python3.8/site-packages/airflow/example_dags/example_dynamic_task_mapping.py
[2024-02-14T20:48:03.877+0000] {processor.py:840} INFO - DAG(s) 'example_dynamic_task_mapping' retrieved from /home/airflow/.local/lib/python3.8/site-packages/airflow/example_dags/example_dynamic_task_mapping.py
[2024-02-14T20:48:03.917+0000] {logging_mixin.py:188} INFO - [2024-02-14T20:48:03.916+0000] {dag.py:3036} INFO - Sync 1 DAGs
[2024-02-14T20:48:03.990+0000] {logging_mixin.py:188} INFO - [2024-02-14T20:48:03.989+0000] {dag.py:3823} INFO - Setting next_dagrun for example_dynamic_task_mapping to 2022-03-04 00:00:00+00:00, run_after=2022-03-05 00:00:00+00:00
[2024-02-14T20:48:04.028+0000] {processor.py:183} INFO - Processing /home/airflow/.local/lib/python3.8/site-packages/airflow/example_dags/example_dynamic_task_mapping.py took 0.199 seconds
[2024-02-14T20:48:34.252+0000] {processor.py:161} INFO - Started process (PID=5298) to work on /home/airflow/.local/lib/python3.8/site-packages/airflow/example_dags/example_dynamic_task_mapping.py
[2024-02-14T20:48:34.256+0000] {processor.py:830} INFO - Processing file /home/airflow/.local/lib/python3.8/site-packages/airflow/example_dags/example_dynamic_task_mapping.py for tasks to queue
[2024-02-14T20:48:34.262+0000] {logging_mixin.py:188} INFO - [2024-02-14T20:48:34.260+0000] {dagbag.py:538} INFO - Filling up the DagBag from /home/airflow/.local/lib/python3.8/site-packages/airflow/example_dags/example_dynamic_task_mapping.py
[2024-02-14T20:48:34.291+0000] {processor.py:840} INFO - DAG(s) 'example_dynamic_task_mapping' retrieved from /home/airflow/.local/lib/python3.8/site-packages/airflow/example_dags/example_dynamic_task_mapping.py
[2024-02-14T20:48:34.375+0000] {logging_mixin.py:188} INFO - [2024-02-14T20:48:34.374+0000] {dag.py:3036} INFO - Sync 1 DAGs
[2024-02-14T20:48:34.467+0000] {logging_mixin.py:188} INFO - [2024-02-14T20:48:34.466+0000] {dag.py:3823} INFO - Setting next_dagrun for example_dynamic_task_mapping to 2022-03-04 00:00:00+00:00, run_after=2022-03-05 00:00:00+00:00
[2024-02-14T20:48:34.537+0000] {processor.py:183} INFO - Processing /home/airflow/.local/lib/python3.8/site-packages/airflow/example_dags/example_dynamic_task_mapping.py took 0.299 seconds
[2024-02-14T20:49:05.208+0000] {processor.py:161} INFO - Started process (PID=5545) to work on /home/airflow/.local/lib/python3.8/site-packages/airflow/example_dags/example_dynamic_task_mapping.py
[2024-02-14T20:49:05.214+0000] {processor.py:830} INFO - Processing file /home/airflow/.local/lib/python3.8/site-packages/airflow/example_dags/example_dynamic_task_mapping.py for tasks to queue
[2024-02-14T20:49:05.227+0000] {logging_mixin.py:188} INFO - [2024-02-14T20:49:05.224+0000] {dagbag.py:538} INFO - Filling up the DagBag from /home/airflow/.local/lib/python3.8/site-packages/airflow/example_dags/example_dynamic_task_mapping.py
[2024-02-14T20:49:05.269+0000] {processor.py:840} INFO - DAG(s) 'example_dynamic_task_mapping' retrieved from /home/airflow/.local/lib/python3.8/site-packages/airflow/example_dags/example_dynamic_task_mapping.py
[2024-02-14T20:49:05.353+0000] {logging_mixin.py:188} INFO - [2024-02-14T20:49:05.353+0000] {dag.py:3036} INFO - Sync 1 DAGs
[2024-02-14T20:49:05.403+0000] {logging_mixin.py:188} INFO - [2024-02-14T20:49:05.403+0000] {dag.py:3823} INFO - Setting next_dagrun for example_dynamic_task_mapping to 2022-03-04 00:00:00+00:00, run_after=2022-03-05 00:00:00+00:00
[2024-02-14T20:49:05.475+0000] {processor.py:183} INFO - Processing /home/airflow/.local/lib/python3.8/site-packages/airflow/example_dags/example_dynamic_task_mapping.py took 0.288 seconds
[2024-02-14T20:49:35.637+0000] {processor.py:161} INFO - Started process (PID=5793) to work on /home/airflow/.local/lib/python3.8/site-packages/airflow/example_dags/example_dynamic_task_mapping.py
[2024-02-14T20:49:35.640+0000] {processor.py:830} INFO - Processing file /home/airflow/.local/lib/python3.8/site-packages/airflow/example_dags/example_dynamic_task_mapping.py for tasks to queue
[2024-02-14T20:49:35.643+0000] {logging_mixin.py:188} INFO - [2024-02-14T20:49:35.643+0000] {dagbag.py:538} INFO - Filling up the DagBag from /home/airflow/.local/lib/python3.8/site-packages/airflow/example_dags/example_dynamic_task_mapping.py
[2024-02-14T20:49:35.662+0000] {processor.py:840} INFO - DAG(s) 'example_dynamic_task_mapping' retrieved from /home/airflow/.local/lib/python3.8/site-packages/airflow/example_dags/example_dynamic_task_mapping.py
[2024-02-14T20:49:35.716+0000] {logging_mixin.py:188} INFO - [2024-02-14T20:49:35.715+0000] {dag.py:3036} INFO - Sync 1 DAGs
[2024-02-14T20:49:35.787+0000] {logging_mixin.py:188} INFO - [2024-02-14T20:49:35.787+0000] {dag.py:3823} INFO - Setting next_dagrun for example_dynamic_task_mapping to 2022-03-04 00:00:00+00:00, run_after=2022-03-05 00:00:00+00:00
[2024-02-14T20:49:35.837+0000] {processor.py:183} INFO - Processing /home/airflow/.local/lib/python3.8/site-packages/airflow/example_dags/example_dynamic_task_mapping.py took 0.209 seconds
[2024-02-14T20:50:06.407+0000] {processor.py:161} INFO - Started process (PID=6039) to work on /home/airflow/.local/lib/python3.8/site-packages/airflow/example_dags/example_dynamic_task_mapping.py
[2024-02-14T20:50:06.411+0000] {processor.py:830} INFO - Processing file /home/airflow/.local/lib/python3.8/site-packages/airflow/example_dags/example_dynamic_task_mapping.py for tasks to queue
[2024-02-14T20:50:06.415+0000] {logging_mixin.py:188} INFO - [2024-02-14T20:50:06.414+0000] {dagbag.py:538} INFO - Filling up the DagBag from /home/airflow/.local/lib/python3.8/site-packages/airflow/example_dags/example_dynamic_task_mapping.py
[2024-02-14T20:50:06.442+0000] {processor.py:840} INFO - DAG(s) 'example_dynamic_task_mapping' retrieved from /home/airflow/.local/lib/python3.8/site-packages/airflow/example_dags/example_dynamic_task_mapping.py
[2024-02-14T20:50:06.508+0000] {logging_mixin.py:188} INFO - [2024-02-14T20:50:06.507+0000] {dag.py:3036} INFO - Sync 1 DAGs
[2024-02-14T20:50:06.545+0000] {logging_mixin.py:188} INFO - [2024-02-14T20:50:06.545+0000] {dag.py:3823} INFO - Setting next_dagrun for example_dynamic_task_mapping to 2022-03-04 00:00:00+00:00, run_after=2022-03-05 00:00:00+00:00
[2024-02-14T20:50:06.609+0000] {processor.py:183} INFO - Processing /home/airflow/.local/lib/python3.8/site-packages/airflow/example_dags/example_dynamic_task_mapping.py took 0.214 seconds
[2024-02-14T20:50:37.309+0000] {processor.py:161} INFO - Started process (PID=6286) to work on /home/airflow/.local/lib/python3.8/site-packages/airflow/example_dags/example_dynamic_task_mapping.py
[2024-02-14T20:50:37.313+0000] {processor.py:830} INFO - Processing file /home/airflow/.local/lib/python3.8/site-packages/airflow/example_dags/example_dynamic_task_mapping.py for tasks to queue
[2024-02-14T20:50:37.317+0000] {logging_mixin.py:188} INFO - [2024-02-14T20:50:37.316+0000] {dagbag.py:538} INFO - Filling up the DagBag from /home/airflow/.local/lib/python3.8/site-packages/airflow/example_dags/example_dynamic_task_mapping.py
[2024-02-14T20:50:37.344+0000] {processor.py:840} INFO - DAG(s) 'example_dynamic_task_mapping' retrieved from /home/airflow/.local/lib/python3.8/site-packages/airflow/example_dags/example_dynamic_task_mapping.py
[2024-02-14T20:50:37.398+0000] {logging_mixin.py:188} INFO - [2024-02-14T20:50:37.398+0000] {dag.py:3036} INFO - Sync 1 DAGs
[2024-02-14T20:50:37.446+0000] {logging_mixin.py:188} INFO - [2024-02-14T20:50:37.446+0000] {dag.py:3823} INFO - Setting next_dagrun for example_dynamic_task_mapping to 2022-03-04 00:00:00+00:00, run_after=2022-03-05 00:00:00+00:00
[2024-02-14T20:50:37.502+0000] {processor.py:183} INFO - Processing /home/airflow/.local/lib/python3.8/site-packages/airflow/example_dags/example_dynamic_task_mapping.py took 0.206 seconds
[2024-02-14T20:51:07.991+0000] {processor.py:161} INFO - Started process (PID=6534) to work on /home/airflow/.local/lib/python3.8/site-packages/airflow/example_dags/example_dynamic_task_mapping.py
[2024-02-14T20:51:07.996+0000] {processor.py:830} INFO - Processing file /home/airflow/.local/lib/python3.8/site-packages/airflow/example_dags/example_dynamic_task_mapping.py for tasks to queue
[2024-02-14T20:51:08.001+0000] {logging_mixin.py:188} INFO - [2024-02-14T20:51:07.999+0000] {dagbag.py:538} INFO - Filling up the DagBag from /home/airflow/.local/lib/python3.8/site-packages/airflow/example_dags/example_dynamic_task_mapping.py
[2024-02-14T20:51:08.031+0000] {processor.py:840} INFO - DAG(s) 'example_dynamic_task_mapping' retrieved from /home/airflow/.local/lib/python3.8/site-packages/airflow/example_dags/example_dynamic_task_mapping.py
[2024-02-14T20:51:08.074+0000] {logging_mixin.py:188} INFO - [2024-02-14T20:51:08.073+0000] {dag.py:3036} INFO - Sync 1 DAGs
[2024-02-14T20:51:08.115+0000] {logging_mixin.py:188} INFO - [2024-02-14T20:51:08.115+0000] {dag.py:3823} INFO - Setting next_dagrun for example_dynamic_task_mapping to 2022-03-04 00:00:00+00:00, run_after=2022-03-05 00:00:00+00:00
[2024-02-14T20:51:08.193+0000] {processor.py:183} INFO - Processing /home/airflow/.local/lib/python3.8/site-packages/airflow/example_dags/example_dynamic_task_mapping.py took 0.214 seconds
[2024-02-14T20:51:38.584+0000] {processor.py:161} INFO - Started process (PID=6782) to work on /home/airflow/.local/lib/python3.8/site-packages/airflow/example_dags/example_dynamic_task_mapping.py
[2024-02-14T20:51:38.586+0000] {processor.py:830} INFO - Processing file /home/airflow/.local/lib/python3.8/site-packages/airflow/example_dags/example_dynamic_task_mapping.py for tasks to queue
[2024-02-14T20:51:38.588+0000] {logging_mixin.py:188} INFO - [2024-02-14T20:51:38.587+0000] {dagbag.py:538} INFO - Filling up the DagBag from /home/airflow/.local/lib/python3.8/site-packages/airflow/example_dags/example_dynamic_task_mapping.py
[2024-02-14T20:51:38.600+0000] {processor.py:840} INFO - DAG(s) 'example_dynamic_task_mapping' retrieved from /home/airflow/.local/lib/python3.8/site-packages/airflow/example_dags/example_dynamic_task_mapping.py
[2024-02-14T20:51:38.631+0000] {logging_mixin.py:188} INFO - [2024-02-14T20:51:38.631+0000] {dag.py:3036} INFO - Sync 1 DAGs
[2024-02-14T20:51:38.681+0000] {logging_mixin.py:188} INFO - [2024-02-14T20:51:38.680+0000] {dag.py:3823} INFO - Setting next_dagrun for example_dynamic_task_mapping to 2022-03-04 00:00:00+00:00, run_after=2022-03-05 00:00:00+00:00
[2024-02-14T20:51:38.718+0000] {processor.py:183} INFO - Processing /home/airflow/.local/lib/python3.8/site-packages/airflow/example_dags/example_dynamic_task_mapping.py took 0.139 seconds
[2024-02-14T20:52:09.481+0000] {processor.py:161} INFO - Started process (PID=7031) to work on /home/airflow/.local/lib/python3.8/site-packages/airflow/example_dags/example_dynamic_task_mapping.py
[2024-02-14T20:52:09.485+0000] {processor.py:830} INFO - Processing file /home/airflow/.local/lib/python3.8/site-packages/airflow/example_dags/example_dynamic_task_mapping.py for tasks to queue
[2024-02-14T20:52:09.489+0000] {logging_mixin.py:188} INFO - [2024-02-14T20:52:09.488+0000] {dagbag.py:538} INFO - Filling up the DagBag from /home/airflow/.local/lib/python3.8/site-packages/airflow/example_dags/example_dynamic_task_mapping.py
[2024-02-14T20:52:09.527+0000] {processor.py:840} INFO - DAG(s) 'example_dynamic_task_mapping' retrieved from /home/airflow/.local/lib/python3.8/site-packages/airflow/example_dags/example_dynamic_task_mapping.py
[2024-02-14T20:52:09.605+0000] {logging_mixin.py:188} INFO - [2024-02-14T20:52:09.604+0000] {dag.py:3036} INFO - Sync 1 DAGs
[2024-02-14T20:52:09.699+0000] {logging_mixin.py:188} INFO - [2024-02-14T20:52:09.698+0000] {dag.py:3823} INFO - Setting next_dagrun for example_dynamic_task_mapping to 2022-03-04 00:00:00+00:00, run_after=2022-03-05 00:00:00+00:00
[2024-02-14T20:52:09.730+0000] {processor.py:183} INFO - Processing /home/airflow/.local/lib/python3.8/site-packages/airflow/example_dags/example_dynamic_task_mapping.py took 0.263 seconds
[2024-02-14T20:52:40.767+0000] {processor.py:161} INFO - Started process (PID=7278) to work on /home/airflow/.local/lib/python3.8/site-packages/airflow/example_dags/example_dynamic_task_mapping.py
[2024-02-14T20:52:40.771+0000] {processor.py:830} INFO - Processing file /home/airflow/.local/lib/python3.8/site-packages/airflow/example_dags/example_dynamic_task_mapping.py for tasks to queue
[2024-02-14T20:52:40.775+0000] {logging_mixin.py:188} INFO - [2024-02-14T20:52:40.774+0000] {dagbag.py:538} INFO - Filling up the DagBag from /home/airflow/.local/lib/python3.8/site-packages/airflow/example_dags/example_dynamic_task_mapping.py
[2024-02-14T20:52:40.809+0000] {processor.py:840} INFO - DAG(s) 'example_dynamic_task_mapping' retrieved from /home/airflow/.local/lib/python3.8/site-packages/airflow/example_dags/example_dynamic_task_mapping.py
[2024-02-14T20:52:40.893+0000] {logging_mixin.py:188} INFO - [2024-02-14T20:52:40.892+0000] {dag.py:3036} INFO - Sync 1 DAGs
[2024-02-14T20:52:40.990+0000] {logging_mixin.py:188} INFO - [2024-02-14T20:52:40.989+0000] {dag.py:3823} INFO - Setting next_dagrun for example_dynamic_task_mapping to 2022-03-04 00:00:00+00:00, run_after=2022-03-05 00:00:00+00:00
[2024-02-14T20:52:41.057+0000] {processor.py:183} INFO - Processing /home/airflow/.local/lib/python3.8/site-packages/airflow/example_dags/example_dynamic_task_mapping.py took 0.303 seconds
[2024-02-14T20:53:11.594+0000] {processor.py:161} INFO - Started process (PID=7525) to work on /home/airflow/.local/lib/python3.8/site-packages/airflow/example_dags/example_dynamic_task_mapping.py
[2024-02-14T20:53:11.598+0000] {processor.py:830} INFO - Processing file /home/airflow/.local/lib/python3.8/site-packages/airflow/example_dags/example_dynamic_task_mapping.py for tasks to queue
[2024-02-14T20:53:11.602+0000] {logging_mixin.py:188} INFO - [2024-02-14T20:53:11.601+0000] {dagbag.py:538} INFO - Filling up the DagBag from /home/airflow/.local/lib/python3.8/site-packages/airflow/example_dags/example_dynamic_task_mapping.py
[2024-02-14T20:53:11.630+0000] {processor.py:840} INFO - DAG(s) 'example_dynamic_task_mapping' retrieved from /home/airflow/.local/lib/python3.8/site-packages/airflow/example_dags/example_dynamic_task_mapping.py
[2024-02-14T20:53:11.711+0000] {logging_mixin.py:188} INFO - [2024-02-14T20:53:11.710+0000] {dag.py:3036} INFO - Sync 1 DAGs
[2024-02-14T20:53:11.793+0000] {logging_mixin.py:188} INFO - [2024-02-14T20:53:11.792+0000] {dag.py:3823} INFO - Setting next_dagrun for example_dynamic_task_mapping to 2022-03-04 00:00:00+00:00, run_after=2022-03-05 00:00:00+00:00
[2024-02-14T20:53:11.849+0000] {processor.py:183} INFO - Processing /home/airflow/.local/lib/python3.8/site-packages/airflow/example_dags/example_dynamic_task_mapping.py took 0.268 seconds
[2024-02-14T20:53:41.932+0000] {processor.py:161} INFO - Started process (PID=7772) to work on /home/airflow/.local/lib/python3.8/site-packages/airflow/example_dags/example_dynamic_task_mapping.py
[2024-02-14T20:53:41.933+0000] {processor.py:830} INFO - Processing file /home/airflow/.local/lib/python3.8/site-packages/airflow/example_dags/example_dynamic_task_mapping.py for tasks to queue
[2024-02-14T20:53:41.935+0000] {logging_mixin.py:188} INFO - [2024-02-14T20:53:41.934+0000] {dagbag.py:538} INFO - Filling up the DagBag from /home/airflow/.local/lib/python3.8/site-packages/airflow/example_dags/example_dynamic_task_mapping.py
[2024-02-14T20:53:41.945+0000] {processor.py:840} INFO - DAG(s) 'example_dynamic_task_mapping' retrieved from /home/airflow/.local/lib/python3.8/site-packages/airflow/example_dags/example_dynamic_task_mapping.py
[2024-02-14T20:53:41.974+0000] {logging_mixin.py:188} INFO - [2024-02-14T20:53:41.973+0000] {dag.py:3036} INFO - Sync 1 DAGs
[2024-02-14T20:53:42.007+0000] {logging_mixin.py:188} INFO - [2024-02-14T20:53:42.007+0000] {dag.py:3823} INFO - Setting next_dagrun for example_dynamic_task_mapping to 2022-03-04 00:00:00+00:00, run_after=2022-03-05 00:00:00+00:00
[2024-02-14T20:53:42.038+0000] {processor.py:183} INFO - Processing /home/airflow/.local/lib/python3.8/site-packages/airflow/example_dags/example_dynamic_task_mapping.py took 0.111 seconds
[2024-02-14T20:54:12.249+0000] {processor.py:161} INFO - Started process (PID=8019) to work on /home/airflow/.local/lib/python3.8/site-packages/airflow/example_dags/example_dynamic_task_mapping.py
[2024-02-14T20:54:12.252+0000] {processor.py:830} INFO - Processing file /home/airflow/.local/lib/python3.8/site-packages/airflow/example_dags/example_dynamic_task_mapping.py for tasks to queue
[2024-02-14T20:54:12.255+0000] {logging_mixin.py:188} INFO - [2024-02-14T20:54:12.254+0000] {dagbag.py:538} INFO - Filling up the DagBag from /home/airflow/.local/lib/python3.8/site-packages/airflow/example_dags/example_dynamic_task_mapping.py
[2024-02-14T20:54:12.270+0000] {processor.py:840} INFO - DAG(s) 'example_dynamic_task_mapping' retrieved from /home/airflow/.local/lib/python3.8/site-packages/airflow/example_dags/example_dynamic_task_mapping.py
[2024-02-14T20:54:12.311+0000] {logging_mixin.py:188} INFO - [2024-02-14T20:54:12.310+0000] {dag.py:3036} INFO - Sync 1 DAGs
[2024-02-14T20:54:12.361+0000] {logging_mixin.py:188} INFO - [2024-02-14T20:54:12.360+0000] {dag.py:3823} INFO - Setting next_dagrun for example_dynamic_task_mapping to 2022-03-04 00:00:00+00:00, run_after=2022-03-05 00:00:00+00:00
[2024-02-14T20:54:12.425+0000] {processor.py:183} INFO - Processing /home/airflow/.local/lib/python3.8/site-packages/airflow/example_dags/example_dynamic_task_mapping.py took 0.183 seconds
[2024-02-14T20:54:42.577+0000] {processor.py:161} INFO - Started process (PID=8266) to work on /home/airflow/.local/lib/python3.8/site-packages/airflow/example_dags/example_dynamic_task_mapping.py
[2024-02-14T20:54:42.578+0000] {processor.py:830} INFO - Processing file /home/airflow/.local/lib/python3.8/site-packages/airflow/example_dags/example_dynamic_task_mapping.py for tasks to queue
[2024-02-14T20:54:42.579+0000] {logging_mixin.py:188} INFO - [2024-02-14T20:54:42.579+0000] {dagbag.py:538} INFO - Filling up the DagBag from /home/airflow/.local/lib/python3.8/site-packages/airflow/example_dags/example_dynamic_task_mapping.py
[2024-02-14T20:54:42.590+0000] {processor.py:840} INFO - DAG(s) 'example_dynamic_task_mapping' retrieved from /home/airflow/.local/lib/python3.8/site-packages/airflow/example_dags/example_dynamic_task_mapping.py
[2024-02-14T20:54:42.632+0000] {logging_mixin.py:188} INFO - [2024-02-14T20:54:42.631+0000] {dag.py:3036} INFO - Sync 1 DAGs
[2024-02-14T20:54:42.688+0000] {logging_mixin.py:188} INFO - [2024-02-14T20:54:42.688+0000] {dag.py:3823} INFO - Setting next_dagrun for example_dynamic_task_mapping to 2022-03-04 00:00:00+00:00, run_after=2022-03-05 00:00:00+00:00
[2024-02-14T20:54:42.736+0000] {processor.py:183} INFO - Processing /home/airflow/.local/lib/python3.8/site-packages/airflow/example_dags/example_dynamic_task_mapping.py took 0.164 seconds
[2024-02-14T20:55:13.246+0000] {processor.py:161} INFO - Started process (PID=8513) to work on /home/airflow/.local/lib/python3.8/site-packages/airflow/example_dags/example_dynamic_task_mapping.py
[2024-02-14T20:55:13.248+0000] {processor.py:830} INFO - Processing file /home/airflow/.local/lib/python3.8/site-packages/airflow/example_dags/example_dynamic_task_mapping.py for tasks to queue
[2024-02-14T20:55:13.250+0000] {logging_mixin.py:188} INFO - [2024-02-14T20:55:13.249+0000] {dagbag.py:538} INFO - Filling up the DagBag from /home/airflow/.local/lib/python3.8/site-packages/airflow/example_dags/example_dynamic_task_mapping.py
[2024-02-14T20:55:13.268+0000] {processor.py:840} INFO - DAG(s) 'example_dynamic_task_mapping' retrieved from /home/airflow/.local/lib/python3.8/site-packages/airflow/example_dags/example_dynamic_task_mapping.py
[2024-02-14T20:55:13.315+0000] {logging_mixin.py:188} INFO - [2024-02-14T20:55:13.314+0000] {dag.py:3036} INFO - Sync 1 DAGs
[2024-02-14T20:55:13.369+0000] {logging_mixin.py:188} INFO - [2024-02-14T20:55:13.368+0000] {dag.py:3823} INFO - Setting next_dagrun for example_dynamic_task_mapping to 2022-03-04 00:00:00+00:00, run_after=2022-03-05 00:00:00+00:00
[2024-02-14T20:55:13.420+0000] {processor.py:183} INFO - Processing /home/airflow/.local/lib/python3.8/site-packages/airflow/example_dags/example_dynamic_task_mapping.py took 0.183 seconds
[2024-02-14T20:55:44.033+0000] {processor.py:161} INFO - Started process (PID=8760) to work on /home/airflow/.local/lib/python3.8/site-packages/airflow/example_dags/example_dynamic_task_mapping.py
[2024-02-14T20:55:44.035+0000] {processor.py:830} INFO - Processing file /home/airflow/.local/lib/python3.8/site-packages/airflow/example_dags/example_dynamic_task_mapping.py for tasks to queue
[2024-02-14T20:55:44.036+0000] {logging_mixin.py:188} INFO - [2024-02-14T20:55:44.036+0000] {dagbag.py:538} INFO - Filling up the DagBag from /home/airflow/.local/lib/python3.8/site-packages/airflow/example_dags/example_dynamic_task_mapping.py
[2024-02-14T20:55:44.045+0000] {processor.py:840} INFO - DAG(s) 'example_dynamic_task_mapping' retrieved from /home/airflow/.local/lib/python3.8/site-packages/airflow/example_dags/example_dynamic_task_mapping.py
[2024-02-14T20:55:44.078+0000] {logging_mixin.py:188} INFO - [2024-02-14T20:55:44.077+0000] {dag.py:3036} INFO - Sync 1 DAGs
[2024-02-14T20:55:44.118+0000] {logging_mixin.py:188} INFO - [2024-02-14T20:55:44.118+0000] {dag.py:3823} INFO - Setting next_dagrun for example_dynamic_task_mapping to 2022-03-04 00:00:00+00:00, run_after=2022-03-05 00:00:00+00:00
[2024-02-14T20:55:44.153+0000] {processor.py:183} INFO - Processing /home/airflow/.local/lib/python3.8/site-packages/airflow/example_dags/example_dynamic_task_mapping.py took 0.124 seconds
[2024-02-14T20:56:15.282+0000] {processor.py:161} INFO - Started process (PID=9005) to work on /home/airflow/.local/lib/python3.8/site-packages/airflow/example_dags/example_dynamic_task_mapping.py
[2024-02-14T20:56:15.285+0000] {processor.py:830} INFO - Processing file /home/airflow/.local/lib/python3.8/site-packages/airflow/example_dags/example_dynamic_task_mapping.py for tasks to queue
[2024-02-14T20:56:15.289+0000] {logging_mixin.py:188} INFO - [2024-02-14T20:56:15.288+0000] {dagbag.py:538} INFO - Filling up the DagBag from /home/airflow/.local/lib/python3.8/site-packages/airflow/example_dags/example_dynamic_task_mapping.py
[2024-02-14T20:56:15.314+0000] {processor.py:840} INFO - DAG(s) 'example_dynamic_task_mapping' retrieved from /home/airflow/.local/lib/python3.8/site-packages/airflow/example_dags/example_dynamic_task_mapping.py
[2024-02-14T20:56:15.389+0000] {logging_mixin.py:188} INFO - [2024-02-14T20:56:15.389+0000] {dag.py:3036} INFO - Sync 1 DAGs
[2024-02-14T20:56:15.477+0000] {logging_mixin.py:188} INFO - [2024-02-14T20:56:15.475+0000] {dag.py:3823} INFO - Setting next_dagrun for example_dynamic_task_mapping to 2022-03-04 00:00:00+00:00, run_after=2022-03-05 00:00:00+00:00
[2024-02-14T20:56:15.559+0000] {processor.py:183} INFO - Processing /home/airflow/.local/lib/python3.8/site-packages/airflow/example_dags/example_dynamic_task_mapping.py took 0.287 seconds
[2024-02-14T20:56:46.589+0000] {processor.py:161} INFO - Started process (PID=9253) to work on /home/airflow/.local/lib/python3.8/site-packages/airflow/example_dags/example_dynamic_task_mapping.py
[2024-02-14T20:56:46.591+0000] {processor.py:830} INFO - Processing file /home/airflow/.local/lib/python3.8/site-packages/airflow/example_dags/example_dynamic_task_mapping.py for tasks to queue
[2024-02-14T20:56:46.594+0000] {logging_mixin.py:188} INFO - [2024-02-14T20:56:46.593+0000] {dagbag.py:538} INFO - Filling up the DagBag from /home/airflow/.local/lib/python3.8/site-packages/airflow/example_dags/example_dynamic_task_mapping.py
[2024-02-14T20:56:46.606+0000] {processor.py:840} INFO - DAG(s) 'example_dynamic_task_mapping' retrieved from /home/airflow/.local/lib/python3.8/site-packages/airflow/example_dags/example_dynamic_task_mapping.py
[2024-02-14T20:56:46.639+0000] {logging_mixin.py:188} INFO - [2024-02-14T20:56:46.638+0000] {dag.py:3036} INFO - Sync 1 DAGs
[2024-02-14T20:56:46.675+0000] {logging_mixin.py:188} INFO - [2024-02-14T20:56:46.674+0000] {dag.py:3823} INFO - Setting next_dagrun for example_dynamic_task_mapping to 2022-03-04 00:00:00+00:00, run_after=2022-03-05 00:00:00+00:00
[2024-02-14T20:56:46.705+0000] {processor.py:183} INFO - Processing /home/airflow/.local/lib/python3.8/site-packages/airflow/example_dags/example_dynamic_task_mapping.py took 0.122 seconds
[2024-02-14T20:57:17.396+0000] {processor.py:161} INFO - Started process (PID=9506) to work on /home/airflow/.local/lib/python3.8/site-packages/airflow/example_dags/example_dynamic_task_mapping.py
[2024-02-14T20:57:17.409+0000] {processor.py:830} INFO - Processing file /home/airflow/.local/lib/python3.8/site-packages/airflow/example_dags/example_dynamic_task_mapping.py for tasks to queue
[2024-02-14T20:57:17.415+0000] {logging_mixin.py:188} INFO - [2024-02-14T20:57:17.414+0000] {dagbag.py:538} INFO - Filling up the DagBag from /home/airflow/.local/lib/python3.8/site-packages/airflow/example_dags/example_dynamic_task_mapping.py
[2024-02-14T20:57:17.458+0000] {processor.py:840} INFO - DAG(s) 'example_dynamic_task_mapping' retrieved from /home/airflow/.local/lib/python3.8/site-packages/airflow/example_dags/example_dynamic_task_mapping.py
[2024-02-14T20:57:17.551+0000] {logging_mixin.py:188} INFO - [2024-02-14T20:57:17.550+0000] {dag.py:3036} INFO - Sync 1 DAGs
[2024-02-14T20:57:17.669+0000] {logging_mixin.py:188} INFO - [2024-02-14T20:57:17.668+0000] {dag.py:3823} INFO - Setting next_dagrun for example_dynamic_task_mapping to 2022-03-04 00:00:00+00:00, run_after=2022-03-05 00:00:00+00:00
[2024-02-14T20:57:17.780+0000] {processor.py:183} INFO - Processing /home/airflow/.local/lib/python3.8/site-packages/airflow/example_dags/example_dynamic_task_mapping.py took 0.394 seconds
[2024-02-14T20:57:48.795+0000] {processor.py:161} INFO - Started process (PID=9754) to work on /home/airflow/.local/lib/python3.8/site-packages/airflow/example_dags/example_dynamic_task_mapping.py
[2024-02-14T20:57:48.797+0000] {processor.py:830} INFO - Processing file /home/airflow/.local/lib/python3.8/site-packages/airflow/example_dags/example_dynamic_task_mapping.py for tasks to queue
[2024-02-14T20:57:48.803+0000] {logging_mixin.py:188} INFO - [2024-02-14T20:57:48.803+0000] {dagbag.py:538} INFO - Filling up the DagBag from /home/airflow/.local/lib/python3.8/site-packages/airflow/example_dags/example_dynamic_task_mapping.py
[2024-02-14T20:57:48.838+0000] {processor.py:840} INFO - DAG(s) 'example_dynamic_task_mapping' retrieved from /home/airflow/.local/lib/python3.8/site-packages/airflow/example_dags/example_dynamic_task_mapping.py
[2024-02-14T20:57:48.895+0000] {logging_mixin.py:188} INFO - [2024-02-14T20:57:48.895+0000] {dag.py:3036} INFO - Sync 1 DAGs
[2024-02-14T20:57:48.931+0000] {logging_mixin.py:188} INFO - [2024-02-14T20:57:48.930+0000] {dag.py:3823} INFO - Setting next_dagrun for example_dynamic_task_mapping to 2022-03-04 00:00:00+00:00, run_after=2022-03-05 00:00:00+00:00
[2024-02-14T20:57:49.003+0000] {processor.py:183} INFO - Processing /home/airflow/.local/lib/python3.8/site-packages/airflow/example_dags/example_dynamic_task_mapping.py took 0.217 seconds
