[2024-02-14T20:38:17.470+0000] {processor.py:161} INFO - Started process (PID=377) to work on /home/airflow/.local/lib/python3.8/site-packages/airflow/example_dags/example_external_task_marker_dag.py
[2024-02-14T20:38:17.472+0000] {processor.py:830} INFO - Processing file /home/airflow/.local/lib/python3.8/site-packages/airflow/example_dags/example_external_task_marker_dag.py for tasks to queue
[2024-02-14T20:38:17.476+0000] {logging_mixin.py:188} INFO - [2024-02-14T20:38:17.475+0000] {dagbag.py:538} INFO - Filling up the DagBag from /home/airflow/.local/lib/python3.8/site-packages/airflow/example_dags/example_external_task_marker_dag.py
[2024-02-14T20:38:17.492+0000] {processor.py:840} INFO - DAG(s) 'example_external_task_marker_child', 'example_external_task_marker_parent' retrieved from /home/airflow/.local/lib/python3.8/site-packages/airflow/example_dags/example_external_task_marker_dag.py
[2024-02-14T20:38:17.747+0000] {logging_mixin.py:188} INFO - [2024-02-14T20:38:17.747+0000] {dag.py:3036} INFO - Sync 2 DAGs
[2024-02-14T20:38:17.774+0000] {logging_mixin.py:188} INFO - [2024-02-14T20:38:17.774+0000] {dag.py:3823} INFO - Setting next_dagrun for example_external_task_marker_child to None, run_after=None
[2024-02-14T20:38:17.780+0000] {logging_mixin.py:188} INFO - [2024-02-14T20:38:17.780+0000] {dag.py:3823} INFO - Setting next_dagrun for example_external_task_marker_parent to None, run_after=None
[2024-02-14T20:38:17.809+0000] {processor.py:183} INFO - Processing /home/airflow/.local/lib/python3.8/site-packages/airflow/example_dags/example_external_task_marker_dag.py took 0.346 seconds
[2024-02-14T20:38:48.688+0000] {processor.py:161} INFO - Started process (PID=624) to work on /home/airflow/.local/lib/python3.8/site-packages/airflow/example_dags/example_external_task_marker_dag.py
[2024-02-14T20:38:48.691+0000] {processor.py:830} INFO - Processing file /home/airflow/.local/lib/python3.8/site-packages/airflow/example_dags/example_external_task_marker_dag.py for tasks to queue
[2024-02-14T20:38:48.695+0000] {logging_mixin.py:188} INFO - [2024-02-14T20:38:48.694+0000] {dagbag.py:538} INFO - Filling up the DagBag from /home/airflow/.local/lib/python3.8/site-packages/airflow/example_dags/example_external_task_marker_dag.py
[2024-02-14T20:38:48.716+0000] {processor.py:840} INFO - DAG(s) 'example_external_task_marker_parent', 'example_external_task_marker_child' retrieved from /home/airflow/.local/lib/python3.8/site-packages/airflow/example_dags/example_external_task_marker_dag.py
[2024-02-14T20:38:48.824+0000] {logging_mixin.py:188} INFO - [2024-02-14T20:38:48.823+0000] {dag.py:3036} INFO - Sync 2 DAGs
[2024-02-14T20:38:48.871+0000] {logging_mixin.py:188} INFO - [2024-02-14T20:38:48.870+0000] {dag.py:3823} INFO - Setting next_dagrun for example_external_task_marker_child to None, run_after=None
[2024-02-14T20:38:48.900+0000] {logging_mixin.py:188} INFO - [2024-02-14T20:38:48.900+0000] {dag.py:3823} INFO - Setting next_dagrun for example_external_task_marker_parent to None, run_after=None
[2024-02-14T20:38:48.968+0000] {processor.py:183} INFO - Processing /home/airflow/.local/lib/python3.8/site-packages/airflow/example_dags/example_external_task_marker_dag.py took 0.294 seconds
[2024-02-14T20:39:19.397+0000] {processor.py:161} INFO - Started process (PID=871) to work on /home/airflow/.local/lib/python3.8/site-packages/airflow/example_dags/example_external_task_marker_dag.py
[2024-02-14T20:39:19.401+0000] {processor.py:830} INFO - Processing file /home/airflow/.local/lib/python3.8/site-packages/airflow/example_dags/example_external_task_marker_dag.py for tasks to queue
[2024-02-14T20:39:19.404+0000] {logging_mixin.py:188} INFO - [2024-02-14T20:39:19.403+0000] {dagbag.py:538} INFO - Filling up the DagBag from /home/airflow/.local/lib/python3.8/site-packages/airflow/example_dags/example_external_task_marker_dag.py
[2024-02-14T20:39:19.435+0000] {processor.py:840} INFO - DAG(s) 'example_external_task_marker_parent', 'example_external_task_marker_child' retrieved from /home/airflow/.local/lib/python3.8/site-packages/airflow/example_dags/example_external_task_marker_dag.py
[2024-02-14T20:39:19.592+0000] {logging_mixin.py:188} INFO - [2024-02-14T20:39:19.591+0000] {dag.py:3036} INFO - Sync 2 DAGs
[2024-02-14T20:39:19.646+0000] {logging_mixin.py:188} INFO - [2024-02-14T20:39:19.645+0000] {dag.py:3823} INFO - Setting next_dagrun for example_external_task_marker_child to None, run_after=None
[2024-02-14T20:39:19.658+0000] {logging_mixin.py:188} INFO - [2024-02-14T20:39:19.658+0000] {dag.py:3823} INFO - Setting next_dagrun for example_external_task_marker_parent to None, run_after=None
[2024-02-14T20:39:19.713+0000] {processor.py:183} INFO - Processing /home/airflow/.local/lib/python3.8/site-packages/airflow/example_dags/example_external_task_marker_dag.py took 0.332 seconds
[2024-02-14T20:39:50.101+0000] {processor.py:161} INFO - Started process (PID=1118) to work on /home/airflow/.local/lib/python3.8/site-packages/airflow/example_dags/example_external_task_marker_dag.py
[2024-02-14T20:39:50.103+0000] {processor.py:830} INFO - Processing file /home/airflow/.local/lib/python3.8/site-packages/airflow/example_dags/example_external_task_marker_dag.py for tasks to queue
[2024-02-14T20:39:50.104+0000] {logging_mixin.py:188} INFO - [2024-02-14T20:39:50.104+0000] {dagbag.py:538} INFO - Filling up the DagBag from /home/airflow/.local/lib/python3.8/site-packages/airflow/example_dags/example_external_task_marker_dag.py
[2024-02-14T20:39:50.113+0000] {processor.py:840} INFO - DAG(s) 'example_external_task_marker_parent', 'example_external_task_marker_child' retrieved from /home/airflow/.local/lib/python3.8/site-packages/airflow/example_dags/example_external_task_marker_dag.py
[2024-02-14T20:39:50.152+0000] {logging_mixin.py:188} INFO - [2024-02-14T20:39:50.151+0000] {dag.py:3036} INFO - Sync 2 DAGs
[2024-02-14T20:39:50.170+0000] {logging_mixin.py:188} INFO - [2024-02-14T20:39:50.170+0000] {dag.py:3823} INFO - Setting next_dagrun for example_external_task_marker_child to None, run_after=None
[2024-02-14T20:39:50.176+0000] {logging_mixin.py:188} INFO - [2024-02-14T20:39:50.176+0000] {dag.py:3823} INFO - Setting next_dagrun for example_external_task_marker_parent to None, run_after=None
[2024-02-14T20:39:50.207+0000] {processor.py:183} INFO - Processing /home/airflow/.local/lib/python3.8/site-packages/airflow/example_dags/example_external_task_marker_dag.py took 0.110 seconds
[2024-02-14T20:40:20.551+0000] {processor.py:161} INFO - Started process (PID=1366) to work on /home/airflow/.local/lib/python3.8/site-packages/airflow/example_dags/example_external_task_marker_dag.py
[2024-02-14T20:40:20.554+0000] {processor.py:830} INFO - Processing file /home/airflow/.local/lib/python3.8/site-packages/airflow/example_dags/example_external_task_marker_dag.py for tasks to queue
[2024-02-14T20:40:20.557+0000] {logging_mixin.py:188} INFO - [2024-02-14T20:40:20.556+0000] {dagbag.py:538} INFO - Filling up the DagBag from /home/airflow/.local/lib/python3.8/site-packages/airflow/example_dags/example_external_task_marker_dag.py
[2024-02-14T20:40:20.571+0000] {processor.py:840} INFO - DAG(s) 'example_external_task_marker_child', 'example_external_task_marker_parent' retrieved from /home/airflow/.local/lib/python3.8/site-packages/airflow/example_dags/example_external_task_marker_dag.py
[2024-02-14T20:40:20.621+0000] {logging_mixin.py:188} INFO - [2024-02-14T20:40:20.620+0000] {dag.py:3036} INFO - Sync 2 DAGs
[2024-02-14T20:40:20.650+0000] {logging_mixin.py:188} INFO - [2024-02-14T20:40:20.649+0000] {dag.py:3823} INFO - Setting next_dagrun for example_external_task_marker_child to None, run_after=None
[2024-02-14T20:40:20.658+0000] {logging_mixin.py:188} INFO - [2024-02-14T20:40:20.657+0000] {dag.py:3823} INFO - Setting next_dagrun for example_external_task_marker_parent to None, run_after=None
[2024-02-14T20:40:20.693+0000] {processor.py:183} INFO - Processing /home/airflow/.local/lib/python3.8/site-packages/airflow/example_dags/example_external_task_marker_dag.py took 0.149 seconds
[2024-02-14T20:40:51.130+0000] {processor.py:161} INFO - Started process (PID=1613) to work on /home/airflow/.local/lib/python3.8/site-packages/airflow/example_dags/example_external_task_marker_dag.py
[2024-02-14T20:40:51.134+0000] {processor.py:830} INFO - Processing file /home/airflow/.local/lib/python3.8/site-packages/airflow/example_dags/example_external_task_marker_dag.py for tasks to queue
[2024-02-14T20:40:51.137+0000] {logging_mixin.py:188} INFO - [2024-02-14T20:40:51.136+0000] {dagbag.py:538} INFO - Filling up the DagBag from /home/airflow/.local/lib/python3.8/site-packages/airflow/example_dags/example_external_task_marker_dag.py
[2024-02-14T20:40:51.154+0000] {processor.py:840} INFO - DAG(s) 'example_external_task_marker_parent', 'example_external_task_marker_child' retrieved from /home/airflow/.local/lib/python3.8/site-packages/airflow/example_dags/example_external_task_marker_dag.py
[2024-02-14T20:40:51.213+0000] {logging_mixin.py:188} INFO - [2024-02-14T20:40:51.213+0000] {dag.py:3036} INFO - Sync 2 DAGs
[2024-02-14T20:40:51.247+0000] {logging_mixin.py:188} INFO - [2024-02-14T20:40:51.247+0000] {dag.py:3823} INFO - Setting next_dagrun for example_external_task_marker_child to None, run_after=None
[2024-02-14T20:40:51.259+0000] {logging_mixin.py:188} INFO - [2024-02-14T20:40:51.259+0000] {dag.py:3823} INFO - Setting next_dagrun for example_external_task_marker_parent to None, run_after=None
[2024-02-14T20:40:51.320+0000] {processor.py:183} INFO - Processing /home/airflow/.local/lib/python3.8/site-packages/airflow/example_dags/example_external_task_marker_dag.py took 0.199 seconds
[2024-02-14T20:41:22.419+0000] {processor.py:161} INFO - Started process (PID=1860) to work on /home/airflow/.local/lib/python3.8/site-packages/airflow/example_dags/example_external_task_marker_dag.py
[2024-02-14T20:41:22.421+0000] {processor.py:830} INFO - Processing file /home/airflow/.local/lib/python3.8/site-packages/airflow/example_dags/example_external_task_marker_dag.py for tasks to queue
[2024-02-14T20:41:22.423+0000] {logging_mixin.py:188} INFO - [2024-02-14T20:41:22.422+0000] {dagbag.py:538} INFO - Filling up the DagBag from /home/airflow/.local/lib/python3.8/site-packages/airflow/example_dags/example_external_task_marker_dag.py
[2024-02-14T20:41:22.436+0000] {processor.py:840} INFO - DAG(s) 'example_external_task_marker_child', 'example_external_task_marker_parent' retrieved from /home/airflow/.local/lib/python3.8/site-packages/airflow/example_dags/example_external_task_marker_dag.py
[2024-02-14T20:41:22.494+0000] {logging_mixin.py:188} INFO - [2024-02-14T20:41:22.493+0000] {dag.py:3036} INFO - Sync 2 DAGs
[2024-02-14T20:41:22.528+0000] {logging_mixin.py:188} INFO - [2024-02-14T20:41:22.528+0000] {dag.py:3823} INFO - Setting next_dagrun for example_external_task_marker_child to None, run_after=None
[2024-02-14T20:41:22.540+0000] {logging_mixin.py:188} INFO - [2024-02-14T20:41:22.540+0000] {dag.py:3823} INFO - Setting next_dagrun for example_external_task_marker_parent to None, run_after=None
[2024-02-14T20:41:22.586+0000] {processor.py:183} INFO - Processing /home/airflow/.local/lib/python3.8/site-packages/airflow/example_dags/example_external_task_marker_dag.py took 0.176 seconds
[2024-02-14T20:41:53.021+0000] {processor.py:161} INFO - Started process (PID=2107) to work on /home/airflow/.local/lib/python3.8/site-packages/airflow/example_dags/example_external_task_marker_dag.py
[2024-02-14T20:41:53.023+0000] {processor.py:830} INFO - Processing file /home/airflow/.local/lib/python3.8/site-packages/airflow/example_dags/example_external_task_marker_dag.py for tasks to queue
[2024-02-14T20:41:53.025+0000] {logging_mixin.py:188} INFO - [2024-02-14T20:41:53.024+0000] {dagbag.py:538} INFO - Filling up the DagBag from /home/airflow/.local/lib/python3.8/site-packages/airflow/example_dags/example_external_task_marker_dag.py
[2024-02-14T20:41:53.039+0000] {processor.py:840} INFO - DAG(s) 'example_external_task_marker_parent', 'example_external_task_marker_child' retrieved from /home/airflow/.local/lib/python3.8/site-packages/airflow/example_dags/example_external_task_marker_dag.py
[2024-02-14T20:41:53.093+0000] {logging_mixin.py:188} INFO - [2024-02-14T20:41:53.092+0000] {dag.py:3036} INFO - Sync 2 DAGs
[2024-02-14T20:41:53.123+0000] {logging_mixin.py:188} INFO - [2024-02-14T20:41:53.122+0000] {dag.py:3823} INFO - Setting next_dagrun for example_external_task_marker_child to None, run_after=None
[2024-02-14T20:41:53.132+0000] {logging_mixin.py:188} INFO - [2024-02-14T20:41:53.131+0000] {dag.py:3823} INFO - Setting next_dagrun for example_external_task_marker_parent to None, run_after=None
[2024-02-14T20:41:53.166+0000] {processor.py:183} INFO - Processing /home/airflow/.local/lib/python3.8/site-packages/airflow/example_dags/example_external_task_marker_dag.py took 0.151 seconds
[2024-02-14T20:42:24.735+0000] {processor.py:161} INFO - Started process (PID=2356) to work on /home/airflow/.local/lib/python3.8/site-packages/airflow/example_dags/example_external_task_marker_dag.py
[2024-02-14T20:42:24.738+0000] {processor.py:830} INFO - Processing file /home/airflow/.local/lib/python3.8/site-packages/airflow/example_dags/example_external_task_marker_dag.py for tasks to queue
[2024-02-14T20:42:24.744+0000] {logging_mixin.py:188} INFO - [2024-02-14T20:42:24.742+0000] {dagbag.py:538} INFO - Filling up the DagBag from /home/airflow/.local/lib/python3.8/site-packages/airflow/example_dags/example_external_task_marker_dag.py
[2024-02-14T20:42:24.772+0000] {processor.py:840} INFO - DAG(s) 'example_external_task_marker_child', 'example_external_task_marker_parent' retrieved from /home/airflow/.local/lib/python3.8/site-packages/airflow/example_dags/example_external_task_marker_dag.py
[2024-02-14T20:42:24.845+0000] {logging_mixin.py:188} INFO - [2024-02-14T20:42:24.845+0000] {dag.py:3036} INFO - Sync 2 DAGs
[2024-02-14T20:42:24.870+0000] {logging_mixin.py:188} INFO - [2024-02-14T20:42:24.869+0000] {dag.py:3823} INFO - Setting next_dagrun for example_external_task_marker_child to None, run_after=None
[2024-02-14T20:42:24.880+0000] {logging_mixin.py:188} INFO - [2024-02-14T20:42:24.880+0000] {dag.py:3823} INFO - Setting next_dagrun for example_external_task_marker_parent to None, run_after=None
[2024-02-14T20:42:24.939+0000] {processor.py:183} INFO - Processing /home/airflow/.local/lib/python3.8/site-packages/airflow/example_dags/example_external_task_marker_dag.py took 0.218 seconds
[2024-02-14T20:42:55.385+0000] {processor.py:161} INFO - Started process (PID=2602) to work on /home/airflow/.local/lib/python3.8/site-packages/airflow/example_dags/example_external_task_marker_dag.py
[2024-02-14T20:42:55.388+0000] {processor.py:830} INFO - Processing file /home/airflow/.local/lib/python3.8/site-packages/airflow/example_dags/example_external_task_marker_dag.py for tasks to queue
[2024-02-14T20:42:55.391+0000] {logging_mixin.py:188} INFO - [2024-02-14T20:42:55.390+0000] {dagbag.py:538} INFO - Filling up the DagBag from /home/airflow/.local/lib/python3.8/site-packages/airflow/example_dags/example_external_task_marker_dag.py
[2024-02-14T20:42:55.407+0000] {processor.py:840} INFO - DAG(s) 'example_external_task_marker_child', 'example_external_task_marker_parent' retrieved from /home/airflow/.local/lib/python3.8/site-packages/airflow/example_dags/example_external_task_marker_dag.py
[2024-02-14T20:42:55.476+0000] {logging_mixin.py:188} INFO - [2024-02-14T20:42:55.475+0000] {dag.py:3036} INFO - Sync 2 DAGs
[2024-02-14T20:42:55.504+0000] {logging_mixin.py:188} INFO - [2024-02-14T20:42:55.503+0000] {dag.py:3823} INFO - Setting next_dagrun for example_external_task_marker_child to None, run_after=None
[2024-02-14T20:42:55.518+0000] {logging_mixin.py:188} INFO - [2024-02-14T20:42:55.517+0000] {dag.py:3823} INFO - Setting next_dagrun for example_external_task_marker_parent to None, run_after=None
[2024-02-14T20:42:55.568+0000] {processor.py:183} INFO - Processing /home/airflow/.local/lib/python3.8/site-packages/airflow/example_dags/example_external_task_marker_dag.py took 0.192 seconds
[2024-02-14T20:43:26.359+0000] {processor.py:161} INFO - Started process (PID=2844) to work on /home/airflow/.local/lib/python3.8/site-packages/airflow/example_dags/example_external_task_marker_dag.py
[2024-02-14T20:43:26.361+0000] {processor.py:830} INFO - Processing file /home/airflow/.local/lib/python3.8/site-packages/airflow/example_dags/example_external_task_marker_dag.py for tasks to queue
[2024-02-14T20:43:26.362+0000] {logging_mixin.py:188} INFO - [2024-02-14T20:43:26.362+0000] {dagbag.py:538} INFO - Filling up the DagBag from /home/airflow/.local/lib/python3.8/site-packages/airflow/example_dags/example_external_task_marker_dag.py
[2024-02-14T20:43:26.370+0000] {processor.py:840} INFO - DAG(s) 'example_external_task_marker_child', 'example_external_task_marker_parent' retrieved from /home/airflow/.local/lib/python3.8/site-packages/airflow/example_dags/example_external_task_marker_dag.py
[2024-02-14T20:43:26.404+0000] {logging_mixin.py:188} INFO - [2024-02-14T20:43:26.404+0000] {dag.py:3036} INFO - Sync 2 DAGs
[2024-02-14T20:43:26.422+0000] {logging_mixin.py:188} INFO - [2024-02-14T20:43:26.422+0000] {dag.py:3823} INFO - Setting next_dagrun for example_external_task_marker_child to None, run_after=None
[2024-02-14T20:43:26.430+0000] {logging_mixin.py:188} INFO - [2024-02-14T20:43:26.430+0000] {dag.py:3823} INFO - Setting next_dagrun for example_external_task_marker_parent to None, run_after=None
[2024-02-14T20:43:26.456+0000] {processor.py:183} INFO - Processing /home/airflow/.local/lib/python3.8/site-packages/airflow/example_dags/example_external_task_marker_dag.py took 0.102 seconds
[2024-02-14T20:43:57.564+0000] {processor.py:161} INFO - Started process (PID=3095) to work on /home/airflow/.local/lib/python3.8/site-packages/airflow/example_dags/example_external_task_marker_dag.py
[2024-02-14T20:43:57.565+0000] {processor.py:830} INFO - Processing file /home/airflow/.local/lib/python3.8/site-packages/airflow/example_dags/example_external_task_marker_dag.py for tasks to queue
[2024-02-14T20:43:57.567+0000] {logging_mixin.py:188} INFO - [2024-02-14T20:43:57.567+0000] {dagbag.py:538} INFO - Filling up the DagBag from /home/airflow/.local/lib/python3.8/site-packages/airflow/example_dags/example_external_task_marker_dag.py
[2024-02-14T20:43:57.576+0000] {processor.py:840} INFO - DAG(s) 'example_external_task_marker_parent', 'example_external_task_marker_child' retrieved from /home/airflow/.local/lib/python3.8/site-packages/airflow/example_dags/example_external_task_marker_dag.py
[2024-02-14T20:43:57.611+0000] {logging_mixin.py:188} INFO - [2024-02-14T20:43:57.610+0000] {dag.py:3036} INFO - Sync 2 DAGs
[2024-02-14T20:43:57.630+0000] {logging_mixin.py:188} INFO - [2024-02-14T20:43:57.629+0000] {dag.py:3823} INFO - Setting next_dagrun for example_external_task_marker_child to None, run_after=None
[2024-02-14T20:43:57.635+0000] {logging_mixin.py:188} INFO - [2024-02-14T20:43:57.635+0000] {dag.py:3823} INFO - Setting next_dagrun for example_external_task_marker_parent to None, run_after=None
[2024-02-14T20:43:57.737+0000] {processor.py:183} INFO - Processing /home/airflow/.local/lib/python3.8/site-packages/airflow/example_dags/example_external_task_marker_dag.py took 0.178 seconds
[2024-02-14T20:44:28.095+0000] {processor.py:161} INFO - Started process (PID=3343) to work on /home/airflow/.local/lib/python3.8/site-packages/airflow/example_dags/example_external_task_marker_dag.py
[2024-02-14T20:44:28.097+0000] {processor.py:830} INFO - Processing file /home/airflow/.local/lib/python3.8/site-packages/airflow/example_dags/example_external_task_marker_dag.py for tasks to queue
[2024-02-14T20:44:28.099+0000] {logging_mixin.py:188} INFO - [2024-02-14T20:44:28.099+0000] {dagbag.py:538} INFO - Filling up the DagBag from /home/airflow/.local/lib/python3.8/site-packages/airflow/example_dags/example_external_task_marker_dag.py
[2024-02-14T20:44:28.109+0000] {processor.py:840} INFO - DAG(s) 'example_external_task_marker_parent', 'example_external_task_marker_child' retrieved from /home/airflow/.local/lib/python3.8/site-packages/airflow/example_dags/example_external_task_marker_dag.py
[2024-02-14T20:44:28.149+0000] {logging_mixin.py:188} INFO - [2024-02-14T20:44:28.149+0000] {dag.py:3036} INFO - Sync 2 DAGs
[2024-02-14T20:44:28.171+0000] {logging_mixin.py:188} INFO - [2024-02-14T20:44:28.170+0000] {dag.py:3823} INFO - Setting next_dagrun for example_external_task_marker_child to None, run_after=None
[2024-02-14T20:44:28.177+0000] {logging_mixin.py:188} INFO - [2024-02-14T20:44:28.177+0000] {dag.py:3823} INFO - Setting next_dagrun for example_external_task_marker_parent to None, run_after=None
[2024-02-14T20:44:28.210+0000] {processor.py:183} INFO - Processing /home/airflow/.local/lib/python3.8/site-packages/airflow/example_dags/example_external_task_marker_dag.py took 0.120 seconds
[2024-02-14T20:44:59.151+0000] {processor.py:161} INFO - Started process (PID=3590) to work on /home/airflow/.local/lib/python3.8/site-packages/airflow/example_dags/example_external_task_marker_dag.py
[2024-02-14T20:44:59.153+0000] {processor.py:830} INFO - Processing file /home/airflow/.local/lib/python3.8/site-packages/airflow/example_dags/example_external_task_marker_dag.py for tasks to queue
[2024-02-14T20:44:59.156+0000] {logging_mixin.py:188} INFO - [2024-02-14T20:44:59.155+0000] {dagbag.py:538} INFO - Filling up the DagBag from /home/airflow/.local/lib/python3.8/site-packages/airflow/example_dags/example_external_task_marker_dag.py
[2024-02-14T20:44:59.172+0000] {processor.py:840} INFO - DAG(s) 'example_external_task_marker_parent', 'example_external_task_marker_child' retrieved from /home/airflow/.local/lib/python3.8/site-packages/airflow/example_dags/example_external_task_marker_dag.py
[2024-02-14T20:44:59.221+0000] {logging_mixin.py:188} INFO - [2024-02-14T20:44:59.220+0000] {dag.py:3036} INFO - Sync 2 DAGs
[2024-02-14T20:44:59.248+0000] {logging_mixin.py:188} INFO - [2024-02-14T20:44:59.247+0000] {dag.py:3823} INFO - Setting next_dagrun for example_external_task_marker_child to None, run_after=None
[2024-02-14T20:44:59.255+0000] {logging_mixin.py:188} INFO - [2024-02-14T20:44:59.255+0000] {dag.py:3823} INFO - Setting next_dagrun for example_external_task_marker_parent to None, run_after=None
[2024-02-14T20:44:59.295+0000] {processor.py:183} INFO - Processing /home/airflow/.local/lib/python3.8/site-packages/airflow/example_dags/example_external_task_marker_dag.py took 0.151 seconds
[2024-02-14T20:45:30.160+0000] {processor.py:161} INFO - Started process (PID=3838) to work on /home/airflow/.local/lib/python3.8/site-packages/airflow/example_dags/example_external_task_marker_dag.py
[2024-02-14T20:45:30.163+0000] {processor.py:830} INFO - Processing file /home/airflow/.local/lib/python3.8/site-packages/airflow/example_dags/example_external_task_marker_dag.py for tasks to queue
[2024-02-14T20:45:30.165+0000] {logging_mixin.py:188} INFO - [2024-02-14T20:45:30.164+0000] {dagbag.py:538} INFO - Filling up the DagBag from /home/airflow/.local/lib/python3.8/site-packages/airflow/example_dags/example_external_task_marker_dag.py
[2024-02-14T20:45:30.179+0000] {processor.py:840} INFO - DAG(s) 'example_external_task_marker_parent', 'example_external_task_marker_child' retrieved from /home/airflow/.local/lib/python3.8/site-packages/airflow/example_dags/example_external_task_marker_dag.py
[2024-02-14T20:45:30.236+0000] {logging_mixin.py:188} INFO - [2024-02-14T20:45:30.235+0000] {dag.py:3036} INFO - Sync 2 DAGs
[2024-02-14T20:45:30.264+0000] {logging_mixin.py:188} INFO - [2024-02-14T20:45:30.263+0000] {dag.py:3823} INFO - Setting next_dagrun for example_external_task_marker_child to None, run_after=None
[2024-02-14T20:45:30.272+0000] {logging_mixin.py:188} INFO - [2024-02-14T20:45:30.271+0000] {dag.py:3823} INFO - Setting next_dagrun for example_external_task_marker_parent to None, run_after=None
[2024-02-14T20:45:30.312+0000] {processor.py:183} INFO - Processing /home/airflow/.local/lib/python3.8/site-packages/airflow/example_dags/example_external_task_marker_dag.py took 0.160 seconds
[2024-02-14T20:46:00.819+0000] {processor.py:161} INFO - Started process (PID=4085) to work on /home/airflow/.local/lib/python3.8/site-packages/airflow/example_dags/example_external_task_marker_dag.py
[2024-02-14T20:46:00.822+0000] {processor.py:830} INFO - Processing file /home/airflow/.local/lib/python3.8/site-packages/airflow/example_dags/example_external_task_marker_dag.py for tasks to queue
[2024-02-14T20:46:00.827+0000] {logging_mixin.py:188} INFO - [2024-02-14T20:46:00.825+0000] {dagbag.py:538} INFO - Filling up the DagBag from /home/airflow/.local/lib/python3.8/site-packages/airflow/example_dags/example_external_task_marker_dag.py
[2024-02-14T20:46:00.844+0000] {processor.py:840} INFO - DAG(s) 'example_external_task_marker_parent', 'example_external_task_marker_child' retrieved from /home/airflow/.local/lib/python3.8/site-packages/airflow/example_dags/example_external_task_marker_dag.py
[2024-02-14T20:46:00.897+0000] {logging_mixin.py:188} INFO - [2024-02-14T20:46:00.897+0000] {dag.py:3036} INFO - Sync 2 DAGs
[2024-02-14T20:46:00.926+0000] {logging_mixin.py:188} INFO - [2024-02-14T20:46:00.925+0000] {dag.py:3823} INFO - Setting next_dagrun for example_external_task_marker_child to None, run_after=None
[2024-02-14T20:46:00.939+0000] {logging_mixin.py:188} INFO - [2024-02-14T20:46:00.938+0000] {dag.py:3823} INFO - Setting next_dagrun for example_external_task_marker_parent to None, run_after=None
[2024-02-14T20:46:00.981+0000] {processor.py:183} INFO - Processing /home/airflow/.local/lib/python3.8/site-packages/airflow/example_dags/example_external_task_marker_dag.py took 0.169 seconds
[2024-02-14T20:46:31.112+0000] {processor.py:161} INFO - Started process (PID=4332) to work on /home/airflow/.local/lib/python3.8/site-packages/airflow/example_dags/example_external_task_marker_dag.py
[2024-02-14T20:46:31.115+0000] {processor.py:830} INFO - Processing file /home/airflow/.local/lib/python3.8/site-packages/airflow/example_dags/example_external_task_marker_dag.py for tasks to queue
[2024-02-14T20:46:31.117+0000] {logging_mixin.py:188} INFO - [2024-02-14T20:46:31.116+0000] {dagbag.py:538} INFO - Filling up the DagBag from /home/airflow/.local/lib/python3.8/site-packages/airflow/example_dags/example_external_task_marker_dag.py
[2024-02-14T20:46:31.130+0000] {processor.py:840} INFO - DAG(s) 'example_external_task_marker_parent', 'example_external_task_marker_child' retrieved from /home/airflow/.local/lib/python3.8/site-packages/airflow/example_dags/example_external_task_marker_dag.py
[2024-02-14T20:46:31.188+0000] {logging_mixin.py:188} INFO - [2024-02-14T20:46:31.187+0000] {dag.py:3036} INFO - Sync 2 DAGs
[2024-02-14T20:46:31.218+0000] {logging_mixin.py:188} INFO - [2024-02-14T20:46:31.217+0000] {dag.py:3823} INFO - Setting next_dagrun for example_external_task_marker_child to None, run_after=None
[2024-02-14T20:46:31.229+0000] {logging_mixin.py:188} INFO - [2024-02-14T20:46:31.228+0000] {dag.py:3823} INFO - Setting next_dagrun for example_external_task_marker_parent to None, run_after=None
[2024-02-14T20:46:31.298+0000] {processor.py:183} INFO - Processing /home/airflow/.local/lib/python3.8/site-packages/airflow/example_dags/example_external_task_marker_dag.py took 0.192 seconds
[2024-02-14T20:47:02.015+0000] {processor.py:161} INFO - Started process (PID=4580) to work on /home/airflow/.local/lib/python3.8/site-packages/airflow/example_dags/example_external_task_marker_dag.py
[2024-02-14T20:47:02.017+0000] {processor.py:830} INFO - Processing file /home/airflow/.local/lib/python3.8/site-packages/airflow/example_dags/example_external_task_marker_dag.py for tasks to queue
[2024-02-14T20:47:02.021+0000] {logging_mixin.py:188} INFO - [2024-02-14T20:47:02.019+0000] {dagbag.py:538} INFO - Filling up the DagBag from /home/airflow/.local/lib/python3.8/site-packages/airflow/example_dags/example_external_task_marker_dag.py
[2024-02-14T20:47:02.033+0000] {processor.py:840} INFO - DAG(s) 'example_external_task_marker_child', 'example_external_task_marker_parent' retrieved from /home/airflow/.local/lib/python3.8/site-packages/airflow/example_dags/example_external_task_marker_dag.py
[2024-02-14T20:47:02.078+0000] {logging_mixin.py:188} INFO - [2024-02-14T20:47:02.077+0000] {dag.py:3036} INFO - Sync 2 DAGs
[2024-02-14T20:47:02.098+0000] {logging_mixin.py:188} INFO - [2024-02-14T20:47:02.098+0000] {dag.py:3823} INFO - Setting next_dagrun for example_external_task_marker_child to None, run_after=None
[2024-02-14T20:47:02.105+0000] {logging_mixin.py:188} INFO - [2024-02-14T20:47:02.105+0000] {dag.py:3823} INFO - Setting next_dagrun for example_external_task_marker_parent to None, run_after=None
[2024-02-14T20:47:02.134+0000] {processor.py:183} INFO - Processing /home/airflow/.local/lib/python3.8/site-packages/airflow/example_dags/example_external_task_marker_dag.py took 0.123 seconds
[2024-02-14T20:47:33.369+0000] {processor.py:161} INFO - Started process (PID=4827) to work on /home/airflow/.local/lib/python3.8/site-packages/airflow/example_dags/example_external_task_marker_dag.py
[2024-02-14T20:47:33.372+0000] {processor.py:830} INFO - Processing file /home/airflow/.local/lib/python3.8/site-packages/airflow/example_dags/example_external_task_marker_dag.py for tasks to queue
[2024-02-14T20:47:33.376+0000] {logging_mixin.py:188} INFO - [2024-02-14T20:47:33.375+0000] {dagbag.py:538} INFO - Filling up the DagBag from /home/airflow/.local/lib/python3.8/site-packages/airflow/example_dags/example_external_task_marker_dag.py
[2024-02-14T20:47:33.403+0000] {processor.py:840} INFO - DAG(s) 'example_external_task_marker_child', 'example_external_task_marker_parent' retrieved from /home/airflow/.local/lib/python3.8/site-packages/airflow/example_dags/example_external_task_marker_dag.py
[2024-02-14T20:47:33.494+0000] {logging_mixin.py:188} INFO - [2024-02-14T20:47:33.493+0000] {dag.py:3036} INFO - Sync 2 DAGs
[2024-02-14T20:47:33.547+0000] {logging_mixin.py:188} INFO - [2024-02-14T20:47:33.546+0000] {dag.py:3823} INFO - Setting next_dagrun for example_external_task_marker_child to None, run_after=None
[2024-02-14T20:47:33.573+0000] {logging_mixin.py:188} INFO - [2024-02-14T20:47:33.572+0000] {dag.py:3823} INFO - Setting next_dagrun for example_external_task_marker_parent to None, run_after=None
[2024-02-14T20:47:33.708+0000] {processor.py:183} INFO - Processing /home/airflow/.local/lib/python3.8/site-packages/airflow/example_dags/example_external_task_marker_dag.py took 0.353 seconds
[2024-02-14T20:48:04.505+0000] {processor.py:161} INFO - Started process (PID=5074) to work on /home/airflow/.local/lib/python3.8/site-packages/airflow/example_dags/example_external_task_marker_dag.py
[2024-02-14T20:48:04.509+0000] {processor.py:830} INFO - Processing file /home/airflow/.local/lib/python3.8/site-packages/airflow/example_dags/example_external_task_marker_dag.py for tasks to queue
[2024-02-14T20:48:04.513+0000] {logging_mixin.py:188} INFO - [2024-02-14T20:48:04.512+0000] {dagbag.py:538} INFO - Filling up the DagBag from /home/airflow/.local/lib/python3.8/site-packages/airflow/example_dags/example_external_task_marker_dag.py
[2024-02-14T20:48:04.527+0000] {processor.py:840} INFO - DAG(s) 'example_external_task_marker_parent', 'example_external_task_marker_child' retrieved from /home/airflow/.local/lib/python3.8/site-packages/airflow/example_dags/example_external_task_marker_dag.py
[2024-02-14T20:48:04.588+0000] {logging_mixin.py:188} INFO - [2024-02-14T20:48:04.587+0000] {dag.py:3036} INFO - Sync 2 DAGs
[2024-02-14T20:48:04.620+0000] {logging_mixin.py:188} INFO - [2024-02-14T20:48:04.620+0000] {dag.py:3823} INFO - Setting next_dagrun for example_external_task_marker_child to None, run_after=None
[2024-02-14T20:48:04.629+0000] {logging_mixin.py:188} INFO - [2024-02-14T20:48:04.628+0000] {dag.py:3823} INFO - Setting next_dagrun for example_external_task_marker_parent to None, run_after=None
[2024-02-14T20:48:04.662+0000] {processor.py:183} INFO - Processing /home/airflow/.local/lib/python3.8/site-packages/airflow/example_dags/example_external_task_marker_dag.py took 0.168 seconds
[2024-02-14T20:48:35.394+0000] {processor.py:161} INFO - Started process (PID=5321) to work on /home/airflow/.local/lib/python3.8/site-packages/airflow/example_dags/example_external_task_marker_dag.py
[2024-02-14T20:48:35.399+0000] {processor.py:830} INFO - Processing file /home/airflow/.local/lib/python3.8/site-packages/airflow/example_dags/example_external_task_marker_dag.py for tasks to queue
[2024-02-14T20:48:35.403+0000] {logging_mixin.py:188} INFO - [2024-02-14T20:48:35.403+0000] {dagbag.py:538} INFO - Filling up the DagBag from /home/airflow/.local/lib/python3.8/site-packages/airflow/example_dags/example_external_task_marker_dag.py
[2024-02-14T20:48:35.417+0000] {processor.py:840} INFO - DAG(s) 'example_external_task_marker_child', 'example_external_task_marker_parent' retrieved from /home/airflow/.local/lib/python3.8/site-packages/airflow/example_dags/example_external_task_marker_dag.py
[2024-02-14T20:48:35.481+0000] {logging_mixin.py:188} INFO - [2024-02-14T20:48:35.480+0000] {dag.py:3036} INFO - Sync 2 DAGs
[2024-02-14T20:48:35.519+0000] {logging_mixin.py:188} INFO - [2024-02-14T20:48:35.518+0000] {dag.py:3823} INFO - Setting next_dagrun for example_external_task_marker_child to None, run_after=None
[2024-02-14T20:48:35.526+0000] {logging_mixin.py:188} INFO - [2024-02-14T20:48:35.526+0000] {dag.py:3823} INFO - Setting next_dagrun for example_external_task_marker_parent to None, run_after=None
[2024-02-14T20:48:35.568+0000] {processor.py:183} INFO - Processing /home/airflow/.local/lib/python3.8/site-packages/airflow/example_dags/example_external_task_marker_dag.py took 0.181 seconds
[2024-02-14T20:49:06.049+0000] {processor.py:161} INFO - Started process (PID=5568) to work on /home/airflow/.local/lib/python3.8/site-packages/airflow/example_dags/example_external_task_marker_dag.py
[2024-02-14T20:49:06.051+0000] {processor.py:830} INFO - Processing file /home/airflow/.local/lib/python3.8/site-packages/airflow/example_dags/example_external_task_marker_dag.py for tasks to queue
[2024-02-14T20:49:06.053+0000] {logging_mixin.py:188} INFO - [2024-02-14T20:49:06.052+0000] {dagbag.py:538} INFO - Filling up the DagBag from /home/airflow/.local/lib/python3.8/site-packages/airflow/example_dags/example_external_task_marker_dag.py
[2024-02-14T20:49:06.063+0000] {processor.py:840} INFO - DAG(s) 'example_external_task_marker_child', 'example_external_task_marker_parent' retrieved from /home/airflow/.local/lib/python3.8/site-packages/airflow/example_dags/example_external_task_marker_dag.py
[2024-02-14T20:49:06.103+0000] {logging_mixin.py:188} INFO - [2024-02-14T20:49:06.102+0000] {dag.py:3036} INFO - Sync 2 DAGs
[2024-02-14T20:49:06.124+0000] {logging_mixin.py:188} INFO - [2024-02-14T20:49:06.124+0000] {dag.py:3823} INFO - Setting next_dagrun for example_external_task_marker_child to None, run_after=None
[2024-02-14T20:49:06.131+0000] {logging_mixin.py:188} INFO - [2024-02-14T20:49:06.130+0000] {dag.py:3823} INFO - Setting next_dagrun for example_external_task_marker_parent to None, run_after=None
[2024-02-14T20:49:06.159+0000] {processor.py:183} INFO - Processing /home/airflow/.local/lib/python3.8/site-packages/airflow/example_dags/example_external_task_marker_dag.py took 0.116 seconds
[2024-02-14T20:49:36.209+0000] {processor.py:161} INFO - Started process (PID=5816) to work on /home/airflow/.local/lib/python3.8/site-packages/airflow/example_dags/example_external_task_marker_dag.py
[2024-02-14T20:49:36.211+0000] {processor.py:830} INFO - Processing file /home/airflow/.local/lib/python3.8/site-packages/airflow/example_dags/example_external_task_marker_dag.py for tasks to queue
[2024-02-14T20:49:36.212+0000] {logging_mixin.py:188} INFO - [2024-02-14T20:49:36.212+0000] {dagbag.py:538} INFO - Filling up the DagBag from /home/airflow/.local/lib/python3.8/site-packages/airflow/example_dags/example_external_task_marker_dag.py
[2024-02-14T20:49:36.221+0000] {processor.py:840} INFO - DAG(s) 'example_external_task_marker_child', 'example_external_task_marker_parent' retrieved from /home/airflow/.local/lib/python3.8/site-packages/airflow/example_dags/example_external_task_marker_dag.py
[2024-02-14T20:49:36.256+0000] {logging_mixin.py:188} INFO - [2024-02-14T20:49:36.256+0000] {dag.py:3036} INFO - Sync 2 DAGs
[2024-02-14T20:49:36.275+0000] {logging_mixin.py:188} INFO - [2024-02-14T20:49:36.274+0000] {dag.py:3823} INFO - Setting next_dagrun for example_external_task_marker_child to None, run_after=None
[2024-02-14T20:49:36.280+0000] {logging_mixin.py:188} INFO - [2024-02-14T20:49:36.280+0000] {dag.py:3823} INFO - Setting next_dagrun for example_external_task_marker_parent to None, run_after=None
[2024-02-14T20:49:36.320+0000] {processor.py:183} INFO - Processing /home/airflow/.local/lib/python3.8/site-packages/airflow/example_dags/example_external_task_marker_dag.py took 0.115 seconds
[2024-02-14T20:50:07.544+0000] {processor.py:161} INFO - Started process (PID=6066) to work on /home/airflow/.local/lib/python3.8/site-packages/airflow/example_dags/example_external_task_marker_dag.py
[2024-02-14T20:50:07.546+0000] {processor.py:830} INFO - Processing file /home/airflow/.local/lib/python3.8/site-packages/airflow/example_dags/example_external_task_marker_dag.py for tasks to queue
[2024-02-14T20:50:07.548+0000] {logging_mixin.py:188} INFO - [2024-02-14T20:50:07.547+0000] {dagbag.py:538} INFO - Filling up the DagBag from /home/airflow/.local/lib/python3.8/site-packages/airflow/example_dags/example_external_task_marker_dag.py
[2024-02-14T20:50:07.556+0000] {processor.py:840} INFO - DAG(s) 'example_external_task_marker_parent', 'example_external_task_marker_child' retrieved from /home/airflow/.local/lib/python3.8/site-packages/airflow/example_dags/example_external_task_marker_dag.py
[2024-02-14T20:50:07.593+0000] {logging_mixin.py:188} INFO - [2024-02-14T20:50:07.593+0000] {dag.py:3036} INFO - Sync 2 DAGs
[2024-02-14T20:50:07.612+0000] {logging_mixin.py:188} INFO - [2024-02-14T20:50:07.612+0000] {dag.py:3823} INFO - Setting next_dagrun for example_external_task_marker_child to None, run_after=None
[2024-02-14T20:50:07.618+0000] {logging_mixin.py:188} INFO - [2024-02-14T20:50:07.617+0000] {dag.py:3823} INFO - Setting next_dagrun for example_external_task_marker_parent to None, run_after=None
[2024-02-14T20:50:07.658+0000] {processor.py:183} INFO - Processing /home/airflow/.local/lib/python3.8/site-packages/airflow/example_dags/example_external_task_marker_dag.py took 0.119 seconds
[2024-02-14T20:50:38.108+0000] {processor.py:161} INFO - Started process (PID=6311) to work on /home/airflow/.local/lib/python3.8/site-packages/airflow/example_dags/example_external_task_marker_dag.py
[2024-02-14T20:50:38.110+0000] {processor.py:830} INFO - Processing file /home/airflow/.local/lib/python3.8/site-packages/airflow/example_dags/example_external_task_marker_dag.py for tasks to queue
[2024-02-14T20:50:38.112+0000] {logging_mixin.py:188} INFO - [2024-02-14T20:50:38.111+0000] {dagbag.py:538} INFO - Filling up the DagBag from /home/airflow/.local/lib/python3.8/site-packages/airflow/example_dags/example_external_task_marker_dag.py
[2024-02-14T20:50:38.121+0000] {processor.py:840} INFO - DAG(s) 'example_external_task_marker_child', 'example_external_task_marker_parent' retrieved from /home/airflow/.local/lib/python3.8/site-packages/airflow/example_dags/example_external_task_marker_dag.py
[2024-02-14T20:50:38.159+0000] {logging_mixin.py:188} INFO - [2024-02-14T20:50:38.158+0000] {dag.py:3036} INFO - Sync 2 DAGs
[2024-02-14T20:50:38.178+0000] {logging_mixin.py:188} INFO - [2024-02-14T20:50:38.178+0000] {dag.py:3823} INFO - Setting next_dagrun for example_external_task_marker_child to None, run_after=None
[2024-02-14T20:50:38.184+0000] {logging_mixin.py:188} INFO - [2024-02-14T20:50:38.184+0000] {dag.py:3823} INFO - Setting next_dagrun for example_external_task_marker_parent to None, run_after=None
[2024-02-14T20:50:38.211+0000] {processor.py:183} INFO - Processing /home/airflow/.local/lib/python3.8/site-packages/airflow/example_dags/example_external_task_marker_dag.py took 0.107 seconds
[2024-02-14T20:51:09.110+0000] {processor.py:161} INFO - Started process (PID=6559) to work on /home/airflow/.local/lib/python3.8/site-packages/airflow/example_dags/example_external_task_marker_dag.py
[2024-02-14T20:51:09.112+0000] {processor.py:830} INFO - Processing file /home/airflow/.local/lib/python3.8/site-packages/airflow/example_dags/example_external_task_marker_dag.py for tasks to queue
[2024-02-14T20:51:09.114+0000] {logging_mixin.py:188} INFO - [2024-02-14T20:51:09.113+0000] {dagbag.py:538} INFO - Filling up the DagBag from /home/airflow/.local/lib/python3.8/site-packages/airflow/example_dags/example_external_task_marker_dag.py
[2024-02-14T20:51:09.124+0000] {processor.py:840} INFO - DAG(s) 'example_external_task_marker_parent', 'example_external_task_marker_child' retrieved from /home/airflow/.local/lib/python3.8/site-packages/airflow/example_dags/example_external_task_marker_dag.py
[2024-02-14T20:51:09.164+0000] {logging_mixin.py:188} INFO - [2024-02-14T20:51:09.163+0000] {dag.py:3036} INFO - Sync 2 DAGs
[2024-02-14T20:51:09.187+0000] {logging_mixin.py:188} INFO - [2024-02-14T20:51:09.187+0000] {dag.py:3823} INFO - Setting next_dagrun for example_external_task_marker_child to None, run_after=None
[2024-02-14T20:51:09.198+0000] {logging_mixin.py:188} INFO - [2024-02-14T20:51:09.197+0000] {dag.py:3823} INFO - Setting next_dagrun for example_external_task_marker_parent to None, run_after=None
[2024-02-14T20:51:09.244+0000] {processor.py:183} INFO - Processing /home/airflow/.local/lib/python3.8/site-packages/airflow/example_dags/example_external_task_marker_dag.py took 0.139 seconds
[2024-02-14T20:51:40.125+0000] {processor.py:161} INFO - Started process (PID=6807) to work on /home/airflow/.local/lib/python3.8/site-packages/airflow/example_dags/example_external_task_marker_dag.py
[2024-02-14T20:51:40.128+0000] {processor.py:830} INFO - Processing file /home/airflow/.local/lib/python3.8/site-packages/airflow/example_dags/example_external_task_marker_dag.py for tasks to queue
[2024-02-14T20:51:40.131+0000] {logging_mixin.py:188} INFO - [2024-02-14T20:51:40.130+0000] {dagbag.py:538} INFO - Filling up the DagBag from /home/airflow/.local/lib/python3.8/site-packages/airflow/example_dags/example_external_task_marker_dag.py
[2024-02-14T20:51:40.145+0000] {processor.py:840} INFO - DAG(s) 'example_external_task_marker_child', 'example_external_task_marker_parent' retrieved from /home/airflow/.local/lib/python3.8/site-packages/airflow/example_dags/example_external_task_marker_dag.py
[2024-02-14T20:51:40.203+0000] {logging_mixin.py:188} INFO - [2024-02-14T20:51:40.203+0000] {dag.py:3036} INFO - Sync 2 DAGs
[2024-02-14T20:51:40.235+0000] {logging_mixin.py:188} INFO - [2024-02-14T20:51:40.235+0000] {dag.py:3823} INFO - Setting next_dagrun for example_external_task_marker_child to None, run_after=None
[2024-02-14T20:51:40.242+0000] {logging_mixin.py:188} INFO - [2024-02-14T20:51:40.242+0000] {dag.py:3823} INFO - Setting next_dagrun for example_external_task_marker_parent to None, run_after=None
[2024-02-14T20:51:40.275+0000] {processor.py:183} INFO - Processing /home/airflow/.local/lib/python3.8/site-packages/airflow/example_dags/example_external_task_marker_dag.py took 0.162 seconds
[2024-02-14T20:52:10.757+0000] {processor.py:161} INFO - Started process (PID=7054) to work on /home/airflow/.local/lib/python3.8/site-packages/airflow/example_dags/example_external_task_marker_dag.py
[2024-02-14T20:52:10.759+0000] {processor.py:830} INFO - Processing file /home/airflow/.local/lib/python3.8/site-packages/airflow/example_dags/example_external_task_marker_dag.py for tasks to queue
[2024-02-14T20:52:10.768+0000] {logging_mixin.py:188} INFO - [2024-02-14T20:52:10.767+0000] {dagbag.py:538} INFO - Filling up the DagBag from /home/airflow/.local/lib/python3.8/site-packages/airflow/example_dags/example_external_task_marker_dag.py
[2024-02-14T20:52:10.782+0000] {processor.py:840} INFO - DAG(s) 'example_external_task_marker_child', 'example_external_task_marker_parent' retrieved from /home/airflow/.local/lib/python3.8/site-packages/airflow/example_dags/example_external_task_marker_dag.py
[2024-02-14T20:52:10.823+0000] {logging_mixin.py:188} INFO - [2024-02-14T20:52:10.823+0000] {dag.py:3036} INFO - Sync 2 DAGs
[2024-02-14T20:52:10.855+0000] {logging_mixin.py:188} INFO - [2024-02-14T20:52:10.855+0000] {dag.py:3823} INFO - Setting next_dagrun for example_external_task_marker_child to None, run_after=None
[2024-02-14T20:52:10.870+0000] {logging_mixin.py:188} INFO - [2024-02-14T20:52:10.870+0000] {dag.py:3823} INFO - Setting next_dagrun for example_external_task_marker_parent to None, run_after=None
[2024-02-14T20:52:10.897+0000] {processor.py:183} INFO - Processing /home/airflow/.local/lib/python3.8/site-packages/airflow/example_dags/example_external_task_marker_dag.py took 0.146 seconds
[2024-02-14T20:52:41.544+0000] {processor.py:161} INFO - Started process (PID=7301) to work on /home/airflow/.local/lib/python3.8/site-packages/airflow/example_dags/example_external_task_marker_dag.py
[2024-02-14T20:52:41.546+0000] {processor.py:830} INFO - Processing file /home/airflow/.local/lib/python3.8/site-packages/airflow/example_dags/example_external_task_marker_dag.py for tasks to queue
[2024-02-14T20:52:41.548+0000] {logging_mixin.py:188} INFO - [2024-02-14T20:52:41.548+0000] {dagbag.py:538} INFO - Filling up the DagBag from /home/airflow/.local/lib/python3.8/site-packages/airflow/example_dags/example_external_task_marker_dag.py
[2024-02-14T20:52:41.558+0000] {processor.py:840} INFO - DAG(s) 'example_external_task_marker_parent', 'example_external_task_marker_child' retrieved from /home/airflow/.local/lib/python3.8/site-packages/airflow/example_dags/example_external_task_marker_dag.py
[2024-02-14T20:52:41.598+0000] {logging_mixin.py:188} INFO - [2024-02-14T20:52:41.597+0000] {dag.py:3036} INFO - Sync 2 DAGs
[2024-02-14T20:52:41.619+0000] {logging_mixin.py:188} INFO - [2024-02-14T20:52:41.618+0000] {dag.py:3823} INFO - Setting next_dagrun for example_external_task_marker_child to None, run_after=None
[2024-02-14T20:52:41.625+0000] {logging_mixin.py:188} INFO - [2024-02-14T20:52:41.625+0000] {dag.py:3823} INFO - Setting next_dagrun for example_external_task_marker_parent to None, run_after=None
[2024-02-14T20:52:41.656+0000] {processor.py:183} INFO - Processing /home/airflow/.local/lib/python3.8/site-packages/airflow/example_dags/example_external_task_marker_dag.py took 0.117 seconds
[2024-02-14T20:53:12.332+0000] {processor.py:161} INFO - Started process (PID=7548) to work on /home/airflow/.local/lib/python3.8/site-packages/airflow/example_dags/example_external_task_marker_dag.py
[2024-02-14T20:53:12.333+0000] {processor.py:830} INFO - Processing file /home/airflow/.local/lib/python3.8/site-packages/airflow/example_dags/example_external_task_marker_dag.py for tasks to queue
[2024-02-14T20:53:12.335+0000] {logging_mixin.py:188} INFO - [2024-02-14T20:53:12.335+0000] {dagbag.py:538} INFO - Filling up the DagBag from /home/airflow/.local/lib/python3.8/site-packages/airflow/example_dags/example_external_task_marker_dag.py
[2024-02-14T20:53:12.343+0000] {processor.py:840} INFO - DAG(s) 'example_external_task_marker_child', 'example_external_task_marker_parent' retrieved from /home/airflow/.local/lib/python3.8/site-packages/airflow/example_dags/example_external_task_marker_dag.py
[2024-02-14T20:53:12.379+0000] {logging_mixin.py:188} INFO - [2024-02-14T20:53:12.379+0000] {dag.py:3036} INFO - Sync 2 DAGs
[2024-02-14T20:53:12.401+0000] {logging_mixin.py:188} INFO - [2024-02-14T20:53:12.400+0000] {dag.py:3823} INFO - Setting next_dagrun for example_external_task_marker_child to None, run_after=None
[2024-02-14T20:53:12.407+0000] {logging_mixin.py:188} INFO - [2024-02-14T20:53:12.406+0000] {dag.py:3823} INFO - Setting next_dagrun for example_external_task_marker_parent to None, run_after=None
[2024-02-14T20:53:12.434+0000] {processor.py:183} INFO - Processing /home/airflow/.local/lib/python3.8/site-packages/airflow/example_dags/example_external_task_marker_dag.py took 0.107 seconds
[2024-02-14T20:53:42.501+0000] {processor.py:161} INFO - Started process (PID=7790) to work on /home/airflow/.local/lib/python3.8/site-packages/airflow/example_dags/example_external_task_marker_dag.py
[2024-02-14T20:53:42.503+0000] {processor.py:830} INFO - Processing file /home/airflow/.local/lib/python3.8/site-packages/airflow/example_dags/example_external_task_marker_dag.py for tasks to queue
[2024-02-14T20:53:42.505+0000] {logging_mixin.py:188} INFO - [2024-02-14T20:53:42.505+0000] {dagbag.py:538} INFO - Filling up the DagBag from /home/airflow/.local/lib/python3.8/site-packages/airflow/example_dags/example_external_task_marker_dag.py
[2024-02-14T20:53:42.519+0000] {processor.py:840} INFO - DAG(s) 'example_external_task_marker_child', 'example_external_task_marker_parent' retrieved from /home/airflow/.local/lib/python3.8/site-packages/airflow/example_dags/example_external_task_marker_dag.py
[2024-02-14T20:53:42.578+0000] {logging_mixin.py:188} INFO - [2024-02-14T20:53:42.577+0000] {dag.py:3036} INFO - Sync 2 DAGs
[2024-02-14T20:53:42.610+0000] {logging_mixin.py:188} INFO - [2024-02-14T20:53:42.609+0000] {dag.py:3823} INFO - Setting next_dagrun for example_external_task_marker_child to None, run_after=None
[2024-02-14T20:53:42.623+0000] {logging_mixin.py:188} INFO - [2024-02-14T20:53:42.622+0000] {dag.py:3823} INFO - Setting next_dagrun for example_external_task_marker_parent to None, run_after=None
[2024-02-14T20:53:42.671+0000] {processor.py:183} INFO - Processing /home/airflow/.local/lib/python3.8/site-packages/airflow/example_dags/example_external_task_marker_dag.py took 0.177 seconds
[2024-02-14T20:54:12.832+0000] {processor.py:161} INFO - Started process (PID=8037) to work on /home/airflow/.local/lib/python3.8/site-packages/airflow/example_dags/example_external_task_marker_dag.py
[2024-02-14T20:54:12.835+0000] {processor.py:830} INFO - Processing file /home/airflow/.local/lib/python3.8/site-packages/airflow/example_dags/example_external_task_marker_dag.py for tasks to queue
[2024-02-14T20:54:12.838+0000] {logging_mixin.py:188} INFO - [2024-02-14T20:54:12.837+0000] {dagbag.py:538} INFO - Filling up the DagBag from /home/airflow/.local/lib/python3.8/site-packages/airflow/example_dags/example_external_task_marker_dag.py
[2024-02-14T20:54:12.851+0000] {processor.py:840} INFO - DAG(s) 'example_external_task_marker_child', 'example_external_task_marker_parent' retrieved from /home/airflow/.local/lib/python3.8/site-packages/airflow/example_dags/example_external_task_marker_dag.py
[2024-02-14T20:54:12.922+0000] {logging_mixin.py:188} INFO - [2024-02-14T20:54:12.920+0000] {dag.py:3036} INFO - Sync 2 DAGs
[2024-02-14T20:54:12.966+0000] {logging_mixin.py:188} INFO - [2024-02-14T20:54:12.965+0000] {dag.py:3823} INFO - Setting next_dagrun for example_external_task_marker_child to None, run_after=None
[2024-02-14T20:54:12.979+0000] {logging_mixin.py:188} INFO - [2024-02-14T20:54:12.978+0000] {dag.py:3823} INFO - Setting next_dagrun for example_external_task_marker_parent to None, run_after=None
[2024-02-14T20:54:13.030+0000] {processor.py:183} INFO - Processing /home/airflow/.local/lib/python3.8/site-packages/airflow/example_dags/example_external_task_marker_dag.py took 0.205 seconds
[2024-02-14T20:54:43.247+0000] {processor.py:161} INFO - Started process (PID=8284) to work on /home/airflow/.local/lib/python3.8/site-packages/airflow/example_dags/example_external_task_marker_dag.py
[2024-02-14T20:54:43.250+0000] {processor.py:830} INFO - Processing file /home/airflow/.local/lib/python3.8/site-packages/airflow/example_dags/example_external_task_marker_dag.py for tasks to queue
[2024-02-14T20:54:43.252+0000] {logging_mixin.py:188} INFO - [2024-02-14T20:54:43.252+0000] {dagbag.py:538} INFO - Filling up the DagBag from /home/airflow/.local/lib/python3.8/site-packages/airflow/example_dags/example_external_task_marker_dag.py
[2024-02-14T20:54:43.266+0000] {processor.py:840} INFO - DAG(s) 'example_external_task_marker_child', 'example_external_task_marker_parent' retrieved from /home/airflow/.local/lib/python3.8/site-packages/airflow/example_dags/example_external_task_marker_dag.py
[2024-02-14T20:54:43.321+0000] {logging_mixin.py:188} INFO - [2024-02-14T20:54:43.321+0000] {dag.py:3036} INFO - Sync 2 DAGs
[2024-02-14T20:54:43.385+0000] {logging_mixin.py:188} INFO - [2024-02-14T20:54:43.384+0000] {dag.py:3823} INFO - Setting next_dagrun for example_external_task_marker_child to None, run_after=None
[2024-02-14T20:54:43.400+0000] {logging_mixin.py:188} INFO - [2024-02-14T20:54:43.399+0000] {dag.py:3823} INFO - Setting next_dagrun for example_external_task_marker_parent to None, run_after=None
[2024-02-14T20:54:43.443+0000] {processor.py:183} INFO - Processing /home/airflow/.local/lib/python3.8/site-packages/airflow/example_dags/example_external_task_marker_dag.py took 0.203 seconds
[2024-02-14T20:55:13.798+0000] {processor.py:161} INFO - Started process (PID=8531) to work on /home/airflow/.local/lib/python3.8/site-packages/airflow/example_dags/example_external_task_marker_dag.py
[2024-02-14T20:55:13.800+0000] {processor.py:830} INFO - Processing file /home/airflow/.local/lib/python3.8/site-packages/airflow/example_dags/example_external_task_marker_dag.py for tasks to queue
[2024-02-14T20:55:13.802+0000] {logging_mixin.py:188} INFO - [2024-02-14T20:55:13.801+0000] {dagbag.py:538} INFO - Filling up the DagBag from /home/airflow/.local/lib/python3.8/site-packages/airflow/example_dags/example_external_task_marker_dag.py
[2024-02-14T20:55:13.814+0000] {processor.py:840} INFO - DAG(s) 'example_external_task_marker_parent', 'example_external_task_marker_child' retrieved from /home/airflow/.local/lib/python3.8/site-packages/airflow/example_dags/example_external_task_marker_dag.py
[2024-02-14T20:55:13.881+0000] {logging_mixin.py:188} INFO - [2024-02-14T20:55:13.880+0000] {dag.py:3036} INFO - Sync 2 DAGs
[2024-02-14T20:55:13.938+0000] {logging_mixin.py:188} INFO - [2024-02-14T20:55:13.937+0000] {dag.py:3823} INFO - Setting next_dagrun for example_external_task_marker_child to None, run_after=None
[2024-02-14T20:55:13.956+0000] {logging_mixin.py:188} INFO - [2024-02-14T20:55:13.955+0000] {dag.py:3823} INFO - Setting next_dagrun for example_external_task_marker_parent to None, run_after=None
[2024-02-14T20:55:14.010+0000] {processor.py:183} INFO - Processing /home/airflow/.local/lib/python3.8/site-packages/airflow/example_dags/example_external_task_marker_dag.py took 0.219 seconds
[2024-02-14T20:55:44.386+0000] {processor.py:161} INFO - Started process (PID=8778) to work on /home/airflow/.local/lib/python3.8/site-packages/airflow/example_dags/example_external_task_marker_dag.py
[2024-02-14T20:55:44.387+0000] {processor.py:830} INFO - Processing file /home/airflow/.local/lib/python3.8/site-packages/airflow/example_dags/example_external_task_marker_dag.py for tasks to queue
[2024-02-14T20:55:44.389+0000] {logging_mixin.py:188} INFO - [2024-02-14T20:55:44.388+0000] {dagbag.py:538} INFO - Filling up the DagBag from /home/airflow/.local/lib/python3.8/site-packages/airflow/example_dags/example_external_task_marker_dag.py
[2024-02-14T20:55:44.397+0000] {processor.py:840} INFO - DAG(s) 'example_external_task_marker_child', 'example_external_task_marker_parent' retrieved from /home/airflow/.local/lib/python3.8/site-packages/airflow/example_dags/example_external_task_marker_dag.py
[2024-02-14T20:55:44.434+0000] {logging_mixin.py:188} INFO - [2024-02-14T20:55:44.433+0000] {dag.py:3036} INFO - Sync 2 DAGs
[2024-02-14T20:55:44.452+0000] {logging_mixin.py:188} INFO - [2024-02-14T20:55:44.452+0000] {dag.py:3823} INFO - Setting next_dagrun for example_external_task_marker_child to None, run_after=None
[2024-02-14T20:55:44.458+0000] {logging_mixin.py:188} INFO - [2024-02-14T20:55:44.457+0000] {dag.py:3823} INFO - Setting next_dagrun for example_external_task_marker_parent to None, run_after=None
[2024-02-14T20:55:44.489+0000] {processor.py:183} INFO - Processing /home/airflow/.local/lib/python3.8/site-packages/airflow/example_dags/example_external_task_marker_dag.py took 0.108 seconds
[2024-02-14T20:56:16.038+0000] {processor.py:161} INFO - Started process (PID=9027) to work on /home/airflow/.local/lib/python3.8/site-packages/airflow/example_dags/example_external_task_marker_dag.py
[2024-02-14T20:56:16.040+0000] {processor.py:830} INFO - Processing file /home/airflow/.local/lib/python3.8/site-packages/airflow/example_dags/example_external_task_marker_dag.py for tasks to queue
[2024-02-14T20:56:16.041+0000] {logging_mixin.py:188} INFO - [2024-02-14T20:56:16.041+0000] {dagbag.py:538} INFO - Filling up the DagBag from /home/airflow/.local/lib/python3.8/site-packages/airflow/example_dags/example_external_task_marker_dag.py
[2024-02-14T20:56:16.051+0000] {processor.py:840} INFO - DAG(s) 'example_external_task_marker_parent', 'example_external_task_marker_child' retrieved from /home/airflow/.local/lib/python3.8/site-packages/airflow/example_dags/example_external_task_marker_dag.py
[2024-02-14T20:56:16.095+0000] {logging_mixin.py:188} INFO - [2024-02-14T20:56:16.095+0000] {dag.py:3036} INFO - Sync 2 DAGs
[2024-02-14T20:56:16.123+0000] {logging_mixin.py:188} INFO - [2024-02-14T20:56:16.122+0000] {dag.py:3823} INFO - Setting next_dagrun for example_external_task_marker_child to None, run_after=None
[2024-02-14T20:56:16.131+0000] {logging_mixin.py:188} INFO - [2024-02-14T20:56:16.131+0000] {dag.py:3823} INFO - Setting next_dagrun for example_external_task_marker_parent to None, run_after=None
[2024-02-14T20:56:16.204+0000] {processor.py:183} INFO - Processing /home/airflow/.local/lib/python3.8/site-packages/airflow/example_dags/example_external_task_marker_dag.py took 0.172 seconds
[2024-02-14T20:56:47.133+0000] {processor.py:161} INFO - Started process (PID=9282) to work on /home/airflow/.local/lib/python3.8/site-packages/airflow/example_dags/example_external_task_marker_dag.py
[2024-02-14T20:56:47.135+0000] {processor.py:830} INFO - Processing file /home/airflow/.local/lib/python3.8/site-packages/airflow/example_dags/example_external_task_marker_dag.py for tasks to queue
[2024-02-14T20:56:47.136+0000] {logging_mixin.py:188} INFO - [2024-02-14T20:56:47.136+0000] {dagbag.py:538} INFO - Filling up the DagBag from /home/airflow/.local/lib/python3.8/site-packages/airflow/example_dags/example_external_task_marker_dag.py
[2024-02-14T20:56:47.149+0000] {processor.py:840} INFO - DAG(s) 'example_external_task_marker_parent', 'example_external_task_marker_child' retrieved from /home/airflow/.local/lib/python3.8/site-packages/airflow/example_dags/example_external_task_marker_dag.py
[2024-02-14T20:56:47.187+0000] {logging_mixin.py:188} INFO - [2024-02-14T20:56:47.187+0000] {dag.py:3036} INFO - Sync 2 DAGs
[2024-02-14T20:56:47.210+0000] {logging_mixin.py:188} INFO - [2024-02-14T20:56:47.209+0000] {dag.py:3823} INFO - Setting next_dagrun for example_external_task_marker_child to None, run_after=None
[2024-02-14T20:56:47.216+0000] {logging_mixin.py:188} INFO - [2024-02-14T20:56:47.216+0000] {dag.py:3823} INFO - Setting next_dagrun for example_external_task_marker_parent to None, run_after=None
[2024-02-14T20:56:47.251+0000] {processor.py:183} INFO - Processing /home/airflow/.local/lib/python3.8/site-packages/airflow/example_dags/example_external_task_marker_dag.py took 0.122 seconds
[2024-02-14T20:57:18.212+0000] {processor.py:161} INFO - Started process (PID=9529) to work on /home/airflow/.local/lib/python3.8/site-packages/airflow/example_dags/example_external_task_marker_dag.py
[2024-02-14T20:57:18.215+0000] {processor.py:830} INFO - Processing file /home/airflow/.local/lib/python3.8/site-packages/airflow/example_dags/example_external_task_marker_dag.py for tasks to queue
[2024-02-14T20:57:18.217+0000] {logging_mixin.py:188} INFO - [2024-02-14T20:57:18.217+0000] {dagbag.py:538} INFO - Filling up the DagBag from /home/airflow/.local/lib/python3.8/site-packages/airflow/example_dags/example_external_task_marker_dag.py
[2024-02-14T20:57:18.233+0000] {processor.py:840} INFO - DAG(s) 'example_external_task_marker_parent', 'example_external_task_marker_child' retrieved from /home/airflow/.local/lib/python3.8/site-packages/airflow/example_dags/example_external_task_marker_dag.py
[2024-02-14T20:57:18.289+0000] {logging_mixin.py:188} INFO - [2024-02-14T20:57:18.289+0000] {dag.py:3036} INFO - Sync 2 DAGs
[2024-02-14T20:57:18.322+0000] {logging_mixin.py:188} INFO - [2024-02-14T20:57:18.322+0000] {dag.py:3823} INFO - Setting next_dagrun for example_external_task_marker_child to None, run_after=None
[2024-02-14T20:57:18.332+0000] {logging_mixin.py:188} INFO - [2024-02-14T20:57:18.331+0000] {dag.py:3823} INFO - Setting next_dagrun for example_external_task_marker_parent to None, run_after=None
[2024-02-14T20:57:18.382+0000] {processor.py:183} INFO - Processing /home/airflow/.local/lib/python3.8/site-packages/airflow/example_dags/example_external_task_marker_dag.py took 0.178 seconds
[2024-02-14T20:57:49.824+0000] {processor.py:161} INFO - Started process (PID=9779) to work on /home/airflow/.local/lib/python3.8/site-packages/airflow/example_dags/example_external_task_marker_dag.py
[2024-02-14T20:57:49.826+0000] {processor.py:830} INFO - Processing file /home/airflow/.local/lib/python3.8/site-packages/airflow/example_dags/example_external_task_marker_dag.py for tasks to queue
[2024-02-14T20:57:49.827+0000] {logging_mixin.py:188} INFO - [2024-02-14T20:57:49.827+0000] {dagbag.py:538} INFO - Filling up the DagBag from /home/airflow/.local/lib/python3.8/site-packages/airflow/example_dags/example_external_task_marker_dag.py
[2024-02-14T20:57:49.839+0000] {processor.py:840} INFO - DAG(s) 'example_external_task_marker_parent', 'example_external_task_marker_child' retrieved from /home/airflow/.local/lib/python3.8/site-packages/airflow/example_dags/example_external_task_marker_dag.py
[2024-02-14T20:57:49.898+0000] {logging_mixin.py:188} INFO - [2024-02-14T20:57:49.898+0000] {dag.py:3036} INFO - Sync 2 DAGs
[2024-02-14T20:57:49.920+0000] {logging_mixin.py:188} INFO - [2024-02-14T20:57:49.920+0000] {dag.py:3823} INFO - Setting next_dagrun for example_external_task_marker_child to None, run_after=None
[2024-02-14T20:57:49.926+0000] {logging_mixin.py:188} INFO - [2024-02-14T20:57:49.926+0000] {dag.py:3823} INFO - Setting next_dagrun for example_external_task_marker_parent to None, run_after=None
[2024-02-14T20:57:49.978+0000] {processor.py:183} INFO - Processing /home/airflow/.local/lib/python3.8/site-packages/airflow/example_dags/example_external_task_marker_dag.py took 0.159 seconds
