[2024-02-14T20:38:16.606+0000] {processor.py:161} INFO - Started process (PID=357) to work on /home/airflow/.local/lib/python3.8/site-packages/airflow/example_dags/example_latest_only_with_trigger.py
[2024-02-14T20:38:16.608+0000] {processor.py:830} INFO - Processing file /home/airflow/.local/lib/python3.8/site-packages/airflow/example_dags/example_latest_only_with_trigger.py for tasks to queue
[2024-02-14T20:38:16.609+0000] {logging_mixin.py:188} INFO - [2024-02-14T20:38:16.609+0000] {dagbag.py:538} INFO - Filling up the DagBag from /home/airflow/.local/lib/python3.8/site-packages/airflow/example_dags/example_latest_only_with_trigger.py
[2024-02-14T20:38:16.628+0000] {processor.py:840} INFO - DAG(s) 'latest_only_with_trigger' retrieved from /home/airflow/.local/lib/python3.8/site-packages/airflow/example_dags/example_latest_only_with_trigger.py
[2024-02-14T20:38:16.906+0000] {logging_mixin.py:188} INFO - [2024-02-14T20:38:16.905+0000] {dag.py:3036} INFO - Sync 1 DAGs
[2024-02-14T20:38:16.981+0000] {logging_mixin.py:188} INFO - [2024-02-14T20:38:16.981+0000] {dag.py:3823} INFO - Setting next_dagrun for latest_only_with_trigger to 2024-02-14 16:00:00+00:00, run_after=2024-02-14 20:00:00+00:00
[2024-02-14T20:38:17.019+0000] {processor.py:183} INFO - Processing /home/airflow/.local/lib/python3.8/site-packages/airflow/example_dags/example_latest_only_with_trigger.py took 0.427 seconds
[2024-02-14T20:38:48.005+0000] {processor.py:161} INFO - Started process (PID=606) to work on /home/airflow/.local/lib/python3.8/site-packages/airflow/example_dags/example_latest_only_with_trigger.py
[2024-02-14T20:38:48.009+0000] {processor.py:830} INFO - Processing file /home/airflow/.local/lib/python3.8/site-packages/airflow/example_dags/example_latest_only_with_trigger.py for tasks to queue
[2024-02-14T20:38:48.015+0000] {logging_mixin.py:188} INFO - [2024-02-14T20:38:48.013+0000] {dagbag.py:538} INFO - Filling up the DagBag from /home/airflow/.local/lib/python3.8/site-packages/airflow/example_dags/example_latest_only_with_trigger.py
[2024-02-14T20:38:48.039+0000] {processor.py:840} INFO - DAG(s) 'latest_only_with_trigger' retrieved from /home/airflow/.local/lib/python3.8/site-packages/airflow/example_dags/example_latest_only_with_trigger.py
[2024-02-14T20:38:48.134+0000] {logging_mixin.py:188} INFO - [2024-02-14T20:38:48.133+0000] {dag.py:3036} INFO - Sync 1 DAGs
[2024-02-14T20:38:48.204+0000] {logging_mixin.py:188} INFO - [2024-02-14T20:38:48.203+0000] {dag.py:3823} INFO - Setting next_dagrun for latest_only_with_trigger to 2024-02-14 16:00:00+00:00, run_after=2024-02-14 20:00:00+00:00
[2024-02-14T20:38:48.262+0000] {processor.py:183} INFO - Processing /home/airflow/.local/lib/python3.8/site-packages/airflow/example_dags/example_latest_only_with_trigger.py took 0.271 seconds
[2024-02-14T20:39:18.845+0000] {processor.py:161} INFO - Started process (PID=853) to work on /home/airflow/.local/lib/python3.8/site-packages/airflow/example_dags/example_latest_only_with_trigger.py
[2024-02-14T20:39:18.847+0000] {processor.py:830} INFO - Processing file /home/airflow/.local/lib/python3.8/site-packages/airflow/example_dags/example_latest_only_with_trigger.py for tasks to queue
[2024-02-14T20:39:18.849+0000] {logging_mixin.py:188} INFO - [2024-02-14T20:39:18.848+0000] {dagbag.py:538} INFO - Filling up the DagBag from /home/airflow/.local/lib/python3.8/site-packages/airflow/example_dags/example_latest_only_with_trigger.py
[2024-02-14T20:39:18.861+0000] {processor.py:840} INFO - DAG(s) 'latest_only_with_trigger' retrieved from /home/airflow/.local/lib/python3.8/site-packages/airflow/example_dags/example_latest_only_with_trigger.py
[2024-02-14T20:39:18.896+0000] {logging_mixin.py:188} INFO - [2024-02-14T20:39:18.896+0000] {dag.py:3036} INFO - Sync 1 DAGs
[2024-02-14T20:39:18.938+0000] {logging_mixin.py:188} INFO - [2024-02-14T20:39:18.937+0000] {dag.py:3823} INFO - Setting next_dagrun for latest_only_with_trigger to 2024-02-14 16:00:00+00:00, run_after=2024-02-14 20:00:00+00:00
[2024-02-14T20:39:18.972+0000] {processor.py:183} INFO - Processing /home/airflow/.local/lib/python3.8/site-packages/airflow/example_dags/example_latest_only_with_trigger.py took 0.133 seconds
[2024-02-14T20:39:49.454+0000] {processor.py:161} INFO - Started process (PID=1098) to work on /home/airflow/.local/lib/python3.8/site-packages/airflow/example_dags/example_latest_only_with_trigger.py
[2024-02-14T20:39:49.457+0000] {processor.py:830} INFO - Processing file /home/airflow/.local/lib/python3.8/site-packages/airflow/example_dags/example_latest_only_with_trigger.py for tasks to queue
[2024-02-14T20:39:49.460+0000] {logging_mixin.py:188} INFO - [2024-02-14T20:39:49.459+0000] {dagbag.py:538} INFO - Filling up the DagBag from /home/airflow/.local/lib/python3.8/site-packages/airflow/example_dags/example_latest_only_with_trigger.py
[2024-02-14T20:39:49.479+0000] {processor.py:840} INFO - DAG(s) 'latest_only_with_trigger' retrieved from /home/airflow/.local/lib/python3.8/site-packages/airflow/example_dags/example_latest_only_with_trigger.py
[2024-02-14T20:39:49.535+0000] {logging_mixin.py:188} INFO - [2024-02-14T20:39:49.535+0000] {dag.py:3036} INFO - Sync 1 DAGs
[2024-02-14T20:39:49.598+0000] {logging_mixin.py:188} INFO - [2024-02-14T20:39:49.597+0000] {dag.py:3823} INFO - Setting next_dagrun for latest_only_with_trigger to 2024-02-14 16:00:00+00:00, run_after=2024-02-14 20:00:00+00:00
[2024-02-14T20:39:49.656+0000] {processor.py:183} INFO - Processing /home/airflow/.local/lib/python3.8/site-packages/airflow/example_dags/example_latest_only_with_trigger.py took 0.217 seconds
[2024-02-14T20:40:20.102+0000] {processor.py:161} INFO - Started process (PID=1346) to work on /home/airflow/.local/lib/python3.8/site-packages/airflow/example_dags/example_latest_only_with_trigger.py
[2024-02-14T20:40:20.108+0000] {processor.py:830} INFO - Processing file /home/airflow/.local/lib/python3.8/site-packages/airflow/example_dags/example_latest_only_with_trigger.py for tasks to queue
[2024-02-14T20:40:20.110+0000] {logging_mixin.py:188} INFO - [2024-02-14T20:40:20.109+0000] {dagbag.py:538} INFO - Filling up the DagBag from /home/airflow/.local/lib/python3.8/site-packages/airflow/example_dags/example_latest_only_with_trigger.py
[2024-02-14T20:40:20.126+0000] {processor.py:840} INFO - DAG(s) 'latest_only_with_trigger' retrieved from /home/airflow/.local/lib/python3.8/site-packages/airflow/example_dags/example_latest_only_with_trigger.py
[2024-02-14T20:40:20.180+0000] {logging_mixin.py:188} INFO - [2024-02-14T20:40:20.179+0000] {dag.py:3036} INFO - Sync 1 DAGs
[2024-02-14T20:40:20.224+0000] {logging_mixin.py:188} INFO - [2024-02-14T20:40:20.224+0000] {dag.py:3823} INFO - Setting next_dagrun for latest_only_with_trigger to 2024-02-14 16:00:00+00:00, run_after=2024-02-14 20:00:00+00:00
[2024-02-14T20:40:20.264+0000] {processor.py:183} INFO - Processing /home/airflow/.local/lib/python3.8/site-packages/airflow/example_dags/example_latest_only_with_trigger.py took 0.168 seconds
[2024-02-14T20:40:50.653+0000] {processor.py:161} INFO - Started process (PID=1595) to work on /home/airflow/.local/lib/python3.8/site-packages/airflow/example_dags/example_latest_only_with_trigger.py
[2024-02-14T20:40:50.656+0000] {processor.py:830} INFO - Processing file /home/airflow/.local/lib/python3.8/site-packages/airflow/example_dags/example_latest_only_with_trigger.py for tasks to queue
[2024-02-14T20:40:50.659+0000] {logging_mixin.py:188} INFO - [2024-02-14T20:40:50.658+0000] {dagbag.py:538} INFO - Filling up the DagBag from /home/airflow/.local/lib/python3.8/site-packages/airflow/example_dags/example_latest_only_with_trigger.py
[2024-02-14T20:40:50.678+0000] {processor.py:840} INFO - DAG(s) 'latest_only_with_trigger' retrieved from /home/airflow/.local/lib/python3.8/site-packages/airflow/example_dags/example_latest_only_with_trigger.py
[2024-02-14T20:40:50.753+0000] {logging_mixin.py:188} INFO - [2024-02-14T20:40:50.752+0000] {dag.py:3036} INFO - Sync 1 DAGs
[2024-02-14T20:40:50.820+0000] {logging_mixin.py:188} INFO - [2024-02-14T20:40:50.819+0000] {dag.py:3823} INFO - Setting next_dagrun for latest_only_with_trigger to 2024-02-14 16:00:00+00:00, run_after=2024-02-14 20:00:00+00:00
[2024-02-14T20:40:50.874+0000] {processor.py:183} INFO - Processing /home/airflow/.local/lib/python3.8/site-packages/airflow/example_dags/example_latest_only_with_trigger.py took 0.228 seconds
[2024-02-14T20:41:21.937+0000] {processor.py:161} INFO - Started process (PID=1840) to work on /home/airflow/.local/lib/python3.8/site-packages/airflow/example_dags/example_latest_only_with_trigger.py
[2024-02-14T20:41:21.939+0000] {processor.py:830} INFO - Processing file /home/airflow/.local/lib/python3.8/site-packages/airflow/example_dags/example_latest_only_with_trigger.py for tasks to queue
[2024-02-14T20:41:21.942+0000] {logging_mixin.py:188} INFO - [2024-02-14T20:41:21.941+0000] {dagbag.py:538} INFO - Filling up the DagBag from /home/airflow/.local/lib/python3.8/site-packages/airflow/example_dags/example_latest_only_with_trigger.py
[2024-02-14T20:41:21.956+0000] {processor.py:840} INFO - DAG(s) 'latest_only_with_trigger' retrieved from /home/airflow/.local/lib/python3.8/site-packages/airflow/example_dags/example_latest_only_with_trigger.py
[2024-02-14T20:41:22.003+0000] {logging_mixin.py:188} INFO - [2024-02-14T20:41:22.003+0000] {dag.py:3036} INFO - Sync 1 DAGs
[2024-02-14T20:41:22.052+0000] {logging_mixin.py:188} INFO - [2024-02-14T20:41:22.051+0000] {dag.py:3823} INFO - Setting next_dagrun for latest_only_with_trigger to 2024-02-14 16:00:00+00:00, run_after=2024-02-14 20:00:00+00:00
[2024-02-14T20:41:22.092+0000] {processor.py:183} INFO - Processing /home/airflow/.local/lib/python3.8/site-packages/airflow/example_dags/example_latest_only_with_trigger.py took 0.164 seconds
[2024-02-14T20:41:52.600+0000] {processor.py:161} INFO - Started process (PID=2087) to work on /home/airflow/.local/lib/python3.8/site-packages/airflow/example_dags/example_latest_only_with_trigger.py
[2024-02-14T20:41:52.602+0000] {processor.py:830} INFO - Processing file /home/airflow/.local/lib/python3.8/site-packages/airflow/example_dags/example_latest_only_with_trigger.py for tasks to queue
[2024-02-14T20:41:52.604+0000] {logging_mixin.py:188} INFO - [2024-02-14T20:41:52.603+0000] {dagbag.py:538} INFO - Filling up the DagBag from /home/airflow/.local/lib/python3.8/site-packages/airflow/example_dags/example_latest_only_with_trigger.py
[2024-02-14T20:41:52.618+0000] {processor.py:840} INFO - DAG(s) 'latest_only_with_trigger' retrieved from /home/airflow/.local/lib/python3.8/site-packages/airflow/example_dags/example_latest_only_with_trigger.py
[2024-02-14T20:41:52.659+0000] {logging_mixin.py:188} INFO - [2024-02-14T20:41:52.658+0000] {dag.py:3036} INFO - Sync 1 DAGs
[2024-02-14T20:41:52.704+0000] {logging_mixin.py:188} INFO - [2024-02-14T20:41:52.703+0000] {dag.py:3823} INFO - Setting next_dagrun for latest_only_with_trigger to 2024-02-14 16:00:00+00:00, run_after=2024-02-14 20:00:00+00:00
[2024-02-14T20:41:52.746+0000] {processor.py:183} INFO - Processing /home/airflow/.local/lib/python3.8/site-packages/airflow/example_dags/example_latest_only_with_trigger.py took 0.154 seconds
[2024-02-14T20:42:23.795+0000] {processor.py:161} INFO - Started process (PID=2336) to work on /home/airflow/.local/lib/python3.8/site-packages/airflow/example_dags/example_latest_only_with_trigger.py
[2024-02-14T20:42:23.797+0000] {processor.py:830} INFO - Processing file /home/airflow/.local/lib/python3.8/site-packages/airflow/example_dags/example_latest_only_with_trigger.py for tasks to queue
[2024-02-14T20:42:23.799+0000] {logging_mixin.py:188} INFO - [2024-02-14T20:42:23.798+0000] {dagbag.py:538} INFO - Filling up the DagBag from /home/airflow/.local/lib/python3.8/site-packages/airflow/example_dags/example_latest_only_with_trigger.py
[2024-02-14T20:42:23.812+0000] {processor.py:840} INFO - DAG(s) 'latest_only_with_trigger' retrieved from /home/airflow/.local/lib/python3.8/site-packages/airflow/example_dags/example_latest_only_with_trigger.py
[2024-02-14T20:42:23.861+0000] {logging_mixin.py:188} INFO - [2024-02-14T20:42:23.860+0000] {dag.py:3036} INFO - Sync 1 DAGs
[2024-02-14T20:42:23.909+0000] {logging_mixin.py:188} INFO - [2024-02-14T20:42:23.908+0000] {dag.py:3823} INFO - Setting next_dagrun for latest_only_with_trigger to 2024-02-14 16:00:00+00:00, run_after=2024-02-14 20:00:00+00:00
[2024-02-14T20:42:23.949+0000] {processor.py:183} INFO - Processing /home/airflow/.local/lib/python3.8/site-packages/airflow/example_dags/example_latest_only_with_trigger.py took 0.160 seconds
[2024-02-14T20:42:54.588+0000] {processor.py:161} INFO - Started process (PID=2582) to work on /home/airflow/.local/lib/python3.8/site-packages/airflow/example_dags/example_latest_only_with_trigger.py
[2024-02-14T20:42:54.591+0000] {processor.py:830} INFO - Processing file /home/airflow/.local/lib/python3.8/site-packages/airflow/example_dags/example_latest_only_with_trigger.py for tasks to queue
[2024-02-14T20:42:54.598+0000] {logging_mixin.py:188} INFO - [2024-02-14T20:42:54.594+0000] {dagbag.py:538} INFO - Filling up the DagBag from /home/airflow/.local/lib/python3.8/site-packages/airflow/example_dags/example_latest_only_with_trigger.py
[2024-02-14T20:42:54.624+0000] {processor.py:840} INFO - DAG(s) 'latest_only_with_trigger' retrieved from /home/airflow/.local/lib/python3.8/site-packages/airflow/example_dags/example_latest_only_with_trigger.py
[2024-02-14T20:42:54.697+0000] {logging_mixin.py:188} INFO - [2024-02-14T20:42:54.697+0000] {dag.py:3036} INFO - Sync 1 DAGs
[2024-02-14T20:42:54.746+0000] {logging_mixin.py:188} INFO - [2024-02-14T20:42:54.746+0000] {dag.py:3823} INFO - Setting next_dagrun for latest_only_with_trigger to 2024-02-14 16:00:00+00:00, run_after=2024-02-14 20:00:00+00:00
[2024-02-14T20:42:54.789+0000] {processor.py:183} INFO - Processing /home/airflow/.local/lib/python3.8/site-packages/airflow/example_dags/example_latest_only_with_trigger.py took 0.209 seconds
[2024-02-14T20:43:25.712+0000] {processor.py:161} INFO - Started process (PID=2829) to work on /home/airflow/.local/lib/python3.8/site-packages/airflow/example_dags/example_latest_only_with_trigger.py
[2024-02-14T20:43:25.716+0000] {processor.py:830} INFO - Processing file /home/airflow/.local/lib/python3.8/site-packages/airflow/example_dags/example_latest_only_with_trigger.py for tasks to queue
[2024-02-14T20:43:25.719+0000] {logging_mixin.py:188} INFO - [2024-02-14T20:43:25.718+0000] {dagbag.py:538} INFO - Filling up the DagBag from /home/airflow/.local/lib/python3.8/site-packages/airflow/example_dags/example_latest_only_with_trigger.py
[2024-02-14T20:43:25.740+0000] {processor.py:840} INFO - DAG(s) 'latest_only_with_trigger' retrieved from /home/airflow/.local/lib/python3.8/site-packages/airflow/example_dags/example_latest_only_with_trigger.py
[2024-02-14T20:43:25.810+0000] {logging_mixin.py:188} INFO - [2024-02-14T20:43:25.809+0000] {dag.py:3036} INFO - Sync 1 DAGs
[2024-02-14T20:43:25.875+0000] {logging_mixin.py:188} INFO - [2024-02-14T20:43:25.875+0000] {dag.py:3823} INFO - Setting next_dagrun for latest_only_with_trigger to 2024-02-14 16:00:00+00:00, run_after=2024-02-14 20:00:00+00:00
[2024-02-14T20:43:25.941+0000] {processor.py:183} INFO - Processing /home/airflow/.local/lib/python3.8/site-packages/airflow/example_dags/example_latest_only_with_trigger.py took 0.240 seconds
[2024-02-14T20:43:57.186+0000] {processor.py:161} INFO - Started process (PID=3075) to work on /home/airflow/.local/lib/python3.8/site-packages/airflow/example_dags/example_latest_only_with_trigger.py
[2024-02-14T20:43:57.188+0000] {processor.py:830} INFO - Processing file /home/airflow/.local/lib/python3.8/site-packages/airflow/example_dags/example_latest_only_with_trigger.py for tasks to queue
[2024-02-14T20:43:57.190+0000] {logging_mixin.py:188} INFO - [2024-02-14T20:43:57.189+0000] {dagbag.py:538} INFO - Filling up the DagBag from /home/airflow/.local/lib/python3.8/site-packages/airflow/example_dags/example_latest_only_with_trigger.py
[2024-02-14T20:43:57.204+0000] {processor.py:840} INFO - DAG(s) 'latest_only_with_trigger' retrieved from /home/airflow/.local/lib/python3.8/site-packages/airflow/example_dags/example_latest_only_with_trigger.py
[2024-02-14T20:43:57.245+0000] {logging_mixin.py:188} INFO - [2024-02-14T20:43:57.245+0000] {dag.py:3036} INFO - Sync 1 DAGs
[2024-02-14T20:43:57.293+0000] {logging_mixin.py:188} INFO - [2024-02-14T20:43:57.293+0000] {dag.py:3823} INFO - Setting next_dagrun for latest_only_with_trigger to 2024-02-14 16:00:00+00:00, run_after=2024-02-14 20:00:00+00:00
[2024-02-14T20:43:57.333+0000] {processor.py:183} INFO - Processing /home/airflow/.local/lib/python3.8/site-packages/airflow/example_dags/example_latest_only_with_trigger.py took 0.153 seconds
[2024-02-14T20:44:27.563+0000] {processor.py:161} INFO - Started process (PID=3323) to work on /home/airflow/.local/lib/python3.8/site-packages/airflow/example_dags/example_latest_only_with_trigger.py
[2024-02-14T20:44:27.565+0000] {processor.py:830} INFO - Processing file /home/airflow/.local/lib/python3.8/site-packages/airflow/example_dags/example_latest_only_with_trigger.py for tasks to queue
[2024-02-14T20:44:27.567+0000] {logging_mixin.py:188} INFO - [2024-02-14T20:44:27.567+0000] {dagbag.py:538} INFO - Filling up the DagBag from /home/airflow/.local/lib/python3.8/site-packages/airflow/example_dags/example_latest_only_with_trigger.py
[2024-02-14T20:44:27.576+0000] {processor.py:840} INFO - DAG(s) 'latest_only_with_trigger' retrieved from /home/airflow/.local/lib/python3.8/site-packages/airflow/example_dags/example_latest_only_with_trigger.py
[2024-02-14T20:44:27.608+0000] {logging_mixin.py:188} INFO - [2024-02-14T20:44:27.608+0000] {dag.py:3036} INFO - Sync 1 DAGs
[2024-02-14T20:44:27.642+0000] {logging_mixin.py:188} INFO - [2024-02-14T20:44:27.641+0000] {dag.py:3823} INFO - Setting next_dagrun for latest_only_with_trigger to 2024-02-14 16:00:00+00:00, run_after=2024-02-14 20:00:00+00:00
[2024-02-14T20:44:27.692+0000] {processor.py:183} INFO - Processing /home/airflow/.local/lib/python3.8/site-packages/airflow/example_dags/example_latest_only_with_trigger.py took 0.133 seconds
[2024-02-14T20:44:58.024+0000] {processor.py:161} INFO - Started process (PID=3570) to work on /home/airflow/.local/lib/python3.8/site-packages/airflow/example_dags/example_latest_only_with_trigger.py
[2024-02-14T20:44:58.028+0000] {processor.py:830} INFO - Processing file /home/airflow/.local/lib/python3.8/site-packages/airflow/example_dags/example_latest_only_with_trigger.py for tasks to queue
[2024-02-14T20:44:58.032+0000] {logging_mixin.py:188} INFO - [2024-02-14T20:44:58.031+0000] {dagbag.py:538} INFO - Filling up the DagBag from /home/airflow/.local/lib/python3.8/site-packages/airflow/example_dags/example_latest_only_with_trigger.py
[2024-02-14T20:44:58.057+0000] {processor.py:840} INFO - DAG(s) 'latest_only_with_trigger' retrieved from /home/airflow/.local/lib/python3.8/site-packages/airflow/example_dags/example_latest_only_with_trigger.py
[2024-02-14T20:44:58.147+0000] {logging_mixin.py:188} INFO - [2024-02-14T20:44:58.146+0000] {dag.py:3036} INFO - Sync 1 DAGs
[2024-02-14T20:44:58.252+0000] {logging_mixin.py:188} INFO - [2024-02-14T20:44:58.252+0000] {dag.py:3823} INFO - Setting next_dagrun for latest_only_with_trigger to 2024-02-14 16:00:00+00:00, run_after=2024-02-14 20:00:00+00:00
[2024-02-14T20:44:58.348+0000] {processor.py:183} INFO - Processing /home/airflow/.local/lib/python3.8/site-packages/airflow/example_dags/example_latest_only_with_trigger.py took 0.339 seconds
[2024-02-14T20:45:29.171+0000] {processor.py:161} INFO - Started process (PID=3818) to work on /home/airflow/.local/lib/python3.8/site-packages/airflow/example_dags/example_latest_only_with_trigger.py
[2024-02-14T20:45:29.176+0000] {processor.py:830} INFO - Processing file /home/airflow/.local/lib/python3.8/site-packages/airflow/example_dags/example_latest_only_with_trigger.py for tasks to queue
[2024-02-14T20:45:29.180+0000] {logging_mixin.py:188} INFO - [2024-02-14T20:45:29.179+0000] {dagbag.py:538} INFO - Filling up the DagBag from /home/airflow/.local/lib/python3.8/site-packages/airflow/example_dags/example_latest_only_with_trigger.py
[2024-02-14T20:45:29.213+0000] {processor.py:840} INFO - DAG(s) 'latest_only_with_trigger' retrieved from /home/airflow/.local/lib/python3.8/site-packages/airflow/example_dags/example_latest_only_with_trigger.py
[2024-02-14T20:45:29.299+0000] {logging_mixin.py:188} INFO - [2024-02-14T20:45:29.298+0000] {dag.py:3036} INFO - Sync 1 DAGs
[2024-02-14T20:45:29.384+0000] {logging_mixin.py:188} INFO - [2024-02-14T20:45:29.383+0000] {dag.py:3823} INFO - Setting next_dagrun for latest_only_with_trigger to 2024-02-14 16:00:00+00:00, run_after=2024-02-14 20:00:00+00:00
[2024-02-14T20:45:29.482+0000] {processor.py:183} INFO - Processing /home/airflow/.local/lib/python3.8/site-packages/airflow/example_dags/example_latest_only_with_trigger.py took 0.325 seconds
[2024-02-14T20:46:00.137+0000] {processor.py:161} INFO - Started process (PID=4065) to work on /home/airflow/.local/lib/python3.8/site-packages/airflow/example_dags/example_latest_only_with_trigger.py
[2024-02-14T20:46:00.149+0000] {processor.py:830} INFO - Processing file /home/airflow/.local/lib/python3.8/site-packages/airflow/example_dags/example_latest_only_with_trigger.py for tasks to queue
[2024-02-14T20:46:00.152+0000] {logging_mixin.py:188} INFO - [2024-02-14T20:46:00.151+0000] {dagbag.py:538} INFO - Filling up the DagBag from /home/airflow/.local/lib/python3.8/site-packages/airflow/example_dags/example_latest_only_with_trigger.py
[2024-02-14T20:46:00.169+0000] {processor.py:840} INFO - DAG(s) 'latest_only_with_trigger' retrieved from /home/airflow/.local/lib/python3.8/site-packages/airflow/example_dags/example_latest_only_with_trigger.py
[2024-02-14T20:46:00.208+0000] {logging_mixin.py:188} INFO - [2024-02-14T20:46:00.207+0000] {dag.py:3036} INFO - Sync 1 DAGs
[2024-02-14T20:46:00.248+0000] {logging_mixin.py:188} INFO - [2024-02-14T20:46:00.248+0000] {dag.py:3823} INFO - Setting next_dagrun for latest_only_with_trigger to 2024-02-14 16:00:00+00:00, run_after=2024-02-14 20:00:00+00:00
[2024-02-14T20:46:00.275+0000] {processor.py:183} INFO - Processing /home/airflow/.local/lib/python3.8/site-packages/airflow/example_dags/example_latest_only_with_trigger.py took 0.163 seconds
[2024-02-14T20:46:30.425+0000] {processor.py:161} INFO - Started process (PID=4312) to work on /home/airflow/.local/lib/python3.8/site-packages/airflow/example_dags/example_latest_only_with_trigger.py
[2024-02-14T20:46:30.427+0000] {processor.py:830} INFO - Processing file /home/airflow/.local/lib/python3.8/site-packages/airflow/example_dags/example_latest_only_with_trigger.py for tasks to queue
[2024-02-14T20:46:30.430+0000] {logging_mixin.py:188} INFO - [2024-02-14T20:46:30.430+0000] {dagbag.py:538} INFO - Filling up the DagBag from /home/airflow/.local/lib/python3.8/site-packages/airflow/example_dags/example_latest_only_with_trigger.py
[2024-02-14T20:46:30.441+0000] {processor.py:840} INFO - DAG(s) 'latest_only_with_trigger' retrieved from /home/airflow/.local/lib/python3.8/site-packages/airflow/example_dags/example_latest_only_with_trigger.py
[2024-02-14T20:46:30.484+0000] {logging_mixin.py:188} INFO - [2024-02-14T20:46:30.484+0000] {dag.py:3036} INFO - Sync 1 DAGs
[2024-02-14T20:46:30.530+0000] {logging_mixin.py:188} INFO - [2024-02-14T20:46:30.529+0000] {dag.py:3823} INFO - Setting next_dagrun for latest_only_with_trigger to 2024-02-14 16:00:00+00:00, run_after=2024-02-14 20:00:00+00:00
[2024-02-14T20:46:30.580+0000] {processor.py:183} INFO - Processing /home/airflow/.local/lib/python3.8/site-packages/airflow/example_dags/example_latest_only_with_trigger.py took 0.163 seconds
[2024-02-14T20:47:01.444+0000] {processor.py:161} INFO - Started process (PID=4558) to work on /home/airflow/.local/lib/python3.8/site-packages/airflow/example_dags/example_latest_only_with_trigger.py
[2024-02-14T20:47:01.447+0000] {processor.py:830} INFO - Processing file /home/airflow/.local/lib/python3.8/site-packages/airflow/example_dags/example_latest_only_with_trigger.py for tasks to queue
[2024-02-14T20:47:01.459+0000] {logging_mixin.py:188} INFO - [2024-02-14T20:47:01.456+0000] {dagbag.py:538} INFO - Filling up the DagBag from /home/airflow/.local/lib/python3.8/site-packages/airflow/example_dags/example_latest_only_with_trigger.py
[2024-02-14T20:47:01.484+0000] {processor.py:840} INFO - DAG(s) 'latest_only_with_trigger' retrieved from /home/airflow/.local/lib/python3.8/site-packages/airflow/example_dags/example_latest_only_with_trigger.py
[2024-02-14T20:47:01.592+0000] {logging_mixin.py:188} INFO - [2024-02-14T20:47:01.591+0000] {dag.py:3036} INFO - Sync 1 DAGs
[2024-02-14T20:47:01.666+0000] {logging_mixin.py:188} INFO - [2024-02-14T20:47:01.665+0000] {dag.py:3823} INFO - Setting next_dagrun for latest_only_with_trigger to 2024-02-14 16:00:00+00:00, run_after=2024-02-14 20:00:00+00:00
[2024-02-14T20:47:01.717+0000] {processor.py:183} INFO - Processing /home/airflow/.local/lib/python3.8/site-packages/airflow/example_dags/example_latest_only_with_trigger.py took 0.280 seconds
[2024-02-14T20:47:32.557+0000] {processor.py:161} INFO - Started process (PID=4807) to work on /home/airflow/.local/lib/python3.8/site-packages/airflow/example_dags/example_latest_only_with_trigger.py
[2024-02-14T20:47:32.563+0000] {processor.py:830} INFO - Processing file /home/airflow/.local/lib/python3.8/site-packages/airflow/example_dags/example_latest_only_with_trigger.py for tasks to queue
[2024-02-14T20:47:32.569+0000] {logging_mixin.py:188} INFO - [2024-02-14T20:47:32.567+0000] {dagbag.py:538} INFO - Filling up the DagBag from /home/airflow/.local/lib/python3.8/site-packages/airflow/example_dags/example_latest_only_with_trigger.py
[2024-02-14T20:47:32.601+0000] {processor.py:840} INFO - DAG(s) 'latest_only_with_trigger' retrieved from /home/airflow/.local/lib/python3.8/site-packages/airflow/example_dags/example_latest_only_with_trigger.py
[2024-02-14T20:47:32.699+0000] {logging_mixin.py:188} INFO - [2024-02-14T20:47:32.698+0000] {dag.py:3036} INFO - Sync 1 DAGs
[2024-02-14T20:47:32.843+0000] {logging_mixin.py:188} INFO - [2024-02-14T20:47:32.841+0000] {dag.py:3823} INFO - Setting next_dagrun for latest_only_with_trigger to 2024-02-14 16:00:00+00:00, run_after=2024-02-14 20:00:00+00:00
[2024-02-14T20:47:32.896+0000] {processor.py:183} INFO - Processing /home/airflow/.local/lib/python3.8/site-packages/airflow/example_dags/example_latest_only_with_trigger.py took 0.355 seconds
[2024-02-14T20:48:03.837+0000] {processor.py:161} INFO - Started process (PID=5054) to work on /home/airflow/.local/lib/python3.8/site-packages/airflow/example_dags/example_latest_only_with_trigger.py
[2024-02-14T20:48:03.863+0000] {processor.py:830} INFO - Processing file /home/airflow/.local/lib/python3.8/site-packages/airflow/example_dags/example_latest_only_with_trigger.py for tasks to queue
[2024-02-14T20:48:03.884+0000] {logging_mixin.py:188} INFO - [2024-02-14T20:48:03.883+0000] {dagbag.py:538} INFO - Filling up the DagBag from /home/airflow/.local/lib/python3.8/site-packages/airflow/example_dags/example_latest_only_with_trigger.py
[2024-02-14T20:48:03.896+0000] {processor.py:840} INFO - DAG(s) 'latest_only_with_trigger' retrieved from /home/airflow/.local/lib/python3.8/site-packages/airflow/example_dags/example_latest_only_with_trigger.py
[2024-02-14T20:48:03.934+0000] {logging_mixin.py:188} INFO - [2024-02-14T20:48:03.933+0000] {dag.py:3036} INFO - Sync 1 DAGs
[2024-02-14T20:48:04.004+0000] {logging_mixin.py:188} INFO - [2024-02-14T20:48:04.004+0000] {dag.py:3823} INFO - Setting next_dagrun for latest_only_with_trigger to 2024-02-14 16:00:00+00:00, run_after=2024-02-14 20:00:00+00:00
[2024-02-14T20:48:04.045+0000] {processor.py:183} INFO - Processing /home/airflow/.local/lib/python3.8/site-packages/airflow/example_dags/example_latest_only_with_trigger.py took 0.215 seconds
[2024-02-14T20:48:34.254+0000] {processor.py:161} INFO - Started process (PID=5301) to work on /home/airflow/.local/lib/python3.8/site-packages/airflow/example_dags/example_latest_only_with_trigger.py
[2024-02-14T20:48:34.258+0000] {processor.py:830} INFO - Processing file /home/airflow/.local/lib/python3.8/site-packages/airflow/example_dags/example_latest_only_with_trigger.py for tasks to queue
[2024-02-14T20:48:34.263+0000] {logging_mixin.py:188} INFO - [2024-02-14T20:48:34.262+0000] {dagbag.py:538} INFO - Filling up the DagBag from /home/airflow/.local/lib/python3.8/site-packages/airflow/example_dags/example_latest_only_with_trigger.py
[2024-02-14T20:48:34.292+0000] {processor.py:840} INFO - DAG(s) 'latest_only_with_trigger' retrieved from /home/airflow/.local/lib/python3.8/site-packages/airflow/example_dags/example_latest_only_with_trigger.py
[2024-02-14T20:48:34.380+0000] {logging_mixin.py:188} INFO - [2024-02-14T20:48:34.379+0000] {dag.py:3036} INFO - Sync 1 DAGs
[2024-02-14T20:48:34.470+0000] {logging_mixin.py:188} INFO - [2024-02-14T20:48:34.469+0000] {dag.py:3823} INFO - Setting next_dagrun for latest_only_with_trigger to 2024-02-14 16:00:00+00:00, run_after=2024-02-14 20:00:00+00:00
[2024-02-14T20:48:34.537+0000] {processor.py:183} INFO - Processing /home/airflow/.local/lib/python3.8/site-packages/airflow/example_dags/example_latest_only_with_trigger.py took 0.298 seconds
[2024-02-14T20:49:05.213+0000] {processor.py:161} INFO - Started process (PID=5548) to work on /home/airflow/.local/lib/python3.8/site-packages/airflow/example_dags/example_latest_only_with_trigger.py
[2024-02-14T20:49:05.222+0000] {processor.py:830} INFO - Processing file /home/airflow/.local/lib/python3.8/site-packages/airflow/example_dags/example_latest_only_with_trigger.py for tasks to queue
[2024-02-14T20:49:05.233+0000] {logging_mixin.py:188} INFO - [2024-02-14T20:49:05.231+0000] {dagbag.py:538} INFO - Filling up the DagBag from /home/airflow/.local/lib/python3.8/site-packages/airflow/example_dags/example_latest_only_with_trigger.py
[2024-02-14T20:49:05.273+0000] {processor.py:840} INFO - DAG(s) 'latest_only_with_trigger' retrieved from /home/airflow/.local/lib/python3.8/site-packages/airflow/example_dags/example_latest_only_with_trigger.py
[2024-02-14T20:49:05.361+0000] {logging_mixin.py:188} INFO - [2024-02-14T20:49:05.361+0000] {dag.py:3036} INFO - Sync 1 DAGs
[2024-02-14T20:49:05.410+0000] {logging_mixin.py:188} INFO - [2024-02-14T20:49:05.410+0000] {dag.py:3823} INFO - Setting next_dagrun for latest_only_with_trigger to 2024-02-14 16:00:00+00:00, run_after=2024-02-14 20:00:00+00:00
[2024-02-14T20:49:05.484+0000] {processor.py:183} INFO - Processing /home/airflow/.local/lib/python3.8/site-packages/airflow/example_dags/example_latest_only_with_trigger.py took 0.297 seconds
[2024-02-14T20:49:35.638+0000] {processor.py:161} INFO - Started process (PID=5796) to work on /home/airflow/.local/lib/python3.8/site-packages/airflow/example_dags/example_latest_only_with_trigger.py
[2024-02-14T20:49:35.641+0000] {processor.py:830} INFO - Processing file /home/airflow/.local/lib/python3.8/site-packages/airflow/example_dags/example_latest_only_with_trigger.py for tasks to queue
[2024-02-14T20:49:35.644+0000] {logging_mixin.py:188} INFO - [2024-02-14T20:49:35.643+0000] {dagbag.py:538} INFO - Filling up the DagBag from /home/airflow/.local/lib/python3.8/site-packages/airflow/example_dags/example_latest_only_with_trigger.py
[2024-02-14T20:49:35.661+0000] {processor.py:840} INFO - DAG(s) 'latest_only_with_trigger' retrieved from /home/airflow/.local/lib/python3.8/site-packages/airflow/example_dags/example_latest_only_with_trigger.py
[2024-02-14T20:49:35.722+0000] {logging_mixin.py:188} INFO - [2024-02-14T20:49:35.722+0000] {dag.py:3036} INFO - Sync 1 DAGs
[2024-02-14T20:49:35.783+0000] {logging_mixin.py:188} INFO - [2024-02-14T20:49:35.782+0000] {dag.py:3823} INFO - Setting next_dagrun for latest_only_with_trigger to 2024-02-14 16:00:00+00:00, run_after=2024-02-14 20:00:00+00:00
[2024-02-14T20:49:35.834+0000] {processor.py:183} INFO - Processing /home/airflow/.local/lib/python3.8/site-packages/airflow/example_dags/example_latest_only_with_trigger.py took 0.204 seconds
[2024-02-14T20:50:06.756+0000] {processor.py:161} INFO - Started process (PID=6046) to work on /home/airflow/.local/lib/python3.8/site-packages/airflow/example_dags/example_latest_only_with_trigger.py
[2024-02-14T20:50:06.760+0000] {processor.py:830} INFO - Processing file /home/airflow/.local/lib/python3.8/site-packages/airflow/example_dags/example_latest_only_with_trigger.py for tasks to queue
[2024-02-14T20:50:06.764+0000] {logging_mixin.py:188} INFO - [2024-02-14T20:50:06.763+0000] {dagbag.py:538} INFO - Filling up the DagBag from /home/airflow/.local/lib/python3.8/site-packages/airflow/example_dags/example_latest_only_with_trigger.py
[2024-02-14T20:50:06.789+0000] {processor.py:840} INFO - DAG(s) 'latest_only_with_trigger' retrieved from /home/airflow/.local/lib/python3.8/site-packages/airflow/example_dags/example_latest_only_with_trigger.py
[2024-02-14T20:50:06.863+0000] {logging_mixin.py:188} INFO - [2024-02-14T20:50:06.862+0000] {dag.py:3036} INFO - Sync 1 DAGs
[2024-02-14T20:50:06.937+0000] {logging_mixin.py:188} INFO - [2024-02-14T20:50:06.937+0000] {dag.py:3823} INFO - Setting next_dagrun for latest_only_with_trigger to 2024-02-14 16:00:00+00:00, run_after=2024-02-14 20:00:00+00:00
[2024-02-14T20:50:07.015+0000] {processor.py:183} INFO - Processing /home/airflow/.local/lib/python3.8/site-packages/airflow/example_dags/example_latest_only_with_trigger.py took 0.271 seconds
[2024-02-14T20:50:37.658+0000] {processor.py:161} INFO - Started process (PID=6293) to work on /home/airflow/.local/lib/python3.8/site-packages/airflow/example_dags/example_latest_only_with_trigger.py
[2024-02-14T20:50:37.662+0000] {processor.py:830} INFO - Processing file /home/airflow/.local/lib/python3.8/site-packages/airflow/example_dags/example_latest_only_with_trigger.py for tasks to queue
[2024-02-14T20:50:37.667+0000] {logging_mixin.py:188} INFO - [2024-02-14T20:50:37.665+0000] {dagbag.py:538} INFO - Filling up the DagBag from /home/airflow/.local/lib/python3.8/site-packages/airflow/example_dags/example_latest_only_with_trigger.py
[2024-02-14T20:50:37.690+0000] {processor.py:840} INFO - DAG(s) 'latest_only_with_trigger' retrieved from /home/airflow/.local/lib/python3.8/site-packages/airflow/example_dags/example_latest_only_with_trigger.py
[2024-02-14T20:50:37.761+0000] {logging_mixin.py:188} INFO - [2024-02-14T20:50:37.761+0000] {dag.py:3036} INFO - Sync 1 DAGs
[2024-02-14T20:50:37.839+0000] {logging_mixin.py:188} INFO - [2024-02-14T20:50:37.838+0000] {dag.py:3823} INFO - Setting next_dagrun for latest_only_with_trigger to 2024-02-14 16:00:00+00:00, run_after=2024-02-14 20:00:00+00:00
[2024-02-14T20:50:37.903+0000] {processor.py:183} INFO - Processing /home/airflow/.local/lib/python3.8/site-packages/airflow/example_dags/example_latest_only_with_trigger.py took 0.257 seconds
[2024-02-14T20:51:08.345+0000] {processor.py:161} INFO - Started process (PID=6541) to work on /home/airflow/.local/lib/python3.8/site-packages/airflow/example_dags/example_latest_only_with_trigger.py
[2024-02-14T20:51:08.349+0000] {processor.py:830} INFO - Processing file /home/airflow/.local/lib/python3.8/site-packages/airflow/example_dags/example_latest_only_with_trigger.py for tasks to queue
[2024-02-14T20:51:08.354+0000] {logging_mixin.py:188} INFO - [2024-02-14T20:51:08.353+0000] {dagbag.py:538} INFO - Filling up the DagBag from /home/airflow/.local/lib/python3.8/site-packages/airflow/example_dags/example_latest_only_with_trigger.py
[2024-02-14T20:51:08.377+0000] {processor.py:840} INFO - DAG(s) 'latest_only_with_trigger' retrieved from /home/airflow/.local/lib/python3.8/site-packages/airflow/example_dags/example_latest_only_with_trigger.py
[2024-02-14T20:51:08.465+0000] {logging_mixin.py:188} INFO - [2024-02-14T20:51:08.465+0000] {dag.py:3036} INFO - Sync 1 DAGs
[2024-02-14T20:51:08.583+0000] {logging_mixin.py:188} INFO - [2024-02-14T20:51:08.582+0000] {dag.py:3823} INFO - Setting next_dagrun for latest_only_with_trigger to 2024-02-14 16:00:00+00:00, run_after=2024-02-14 20:00:00+00:00
[2024-02-14T20:51:08.660+0000] {processor.py:183} INFO - Processing /home/airflow/.local/lib/python3.8/site-packages/airflow/example_dags/example_latest_only_with_trigger.py took 0.328 seconds
[2024-02-14T20:51:38.783+0000] {processor.py:161} INFO - Started process (PID=6789) to work on /home/airflow/.local/lib/python3.8/site-packages/airflow/example_dags/example_latest_only_with_trigger.py
[2024-02-14T20:51:38.785+0000] {processor.py:830} INFO - Processing file /home/airflow/.local/lib/python3.8/site-packages/airflow/example_dags/example_latest_only_with_trigger.py for tasks to queue
[2024-02-14T20:51:38.787+0000] {logging_mixin.py:188} INFO - [2024-02-14T20:51:38.786+0000] {dagbag.py:538} INFO - Filling up the DagBag from /home/airflow/.local/lib/python3.8/site-packages/airflow/example_dags/example_latest_only_with_trigger.py
[2024-02-14T20:51:38.796+0000] {processor.py:840} INFO - DAG(s) 'latest_only_with_trigger' retrieved from /home/airflow/.local/lib/python3.8/site-packages/airflow/example_dags/example_latest_only_with_trigger.py
[2024-02-14T20:51:38.826+0000] {logging_mixin.py:188} INFO - [2024-02-14T20:51:38.826+0000] {dag.py:3036} INFO - Sync 1 DAGs
[2024-02-14T20:51:38.856+0000] {logging_mixin.py:188} INFO - [2024-02-14T20:51:38.856+0000] {dag.py:3823} INFO - Setting next_dagrun for latest_only_with_trigger to 2024-02-14 16:00:00+00:00, run_after=2024-02-14 20:00:00+00:00
[2024-02-14T20:51:38.881+0000] {processor.py:183} INFO - Processing /home/airflow/.local/lib/python3.8/site-packages/airflow/example_dags/example_latest_only_with_trigger.py took 0.103 seconds
[2024-02-14T20:52:09.481+0000] {processor.py:161} INFO - Started process (PID=7034) to work on /home/airflow/.local/lib/python3.8/site-packages/airflow/example_dags/example_latest_only_with_trigger.py
[2024-02-14T20:52:09.485+0000] {processor.py:830} INFO - Processing file /home/airflow/.local/lib/python3.8/site-packages/airflow/example_dags/example_latest_only_with_trigger.py for tasks to queue
[2024-02-14T20:52:09.492+0000] {logging_mixin.py:188} INFO - [2024-02-14T20:52:09.491+0000] {dagbag.py:538} INFO - Filling up the DagBag from /home/airflow/.local/lib/python3.8/site-packages/airflow/example_dags/example_latest_only_with_trigger.py
[2024-02-14T20:52:09.522+0000] {processor.py:840} INFO - DAG(s) 'latest_only_with_trigger' retrieved from /home/airflow/.local/lib/python3.8/site-packages/airflow/example_dags/example_latest_only_with_trigger.py
[2024-02-14T20:52:09.622+0000] {logging_mixin.py:188} INFO - [2024-02-14T20:52:09.620+0000] {dag.py:3036} INFO - Sync 1 DAGs
[2024-02-14T20:52:09.703+0000] {logging_mixin.py:188} INFO - [2024-02-14T20:52:09.703+0000] {dag.py:3823} INFO - Setting next_dagrun for latest_only_with_trigger to 2024-02-14 16:00:00+00:00, run_after=2024-02-14 20:00:00+00:00
[2024-02-14T20:52:09.734+0000] {processor.py:183} INFO - Processing /home/airflow/.local/lib/python3.8/site-packages/airflow/example_dags/example_latest_only_with_trigger.py took 0.266 seconds
[2024-02-14T20:52:40.767+0000] {processor.py:161} INFO - Started process (PID=7281) to work on /home/airflow/.local/lib/python3.8/site-packages/airflow/example_dags/example_latest_only_with_trigger.py
[2024-02-14T20:52:40.771+0000] {processor.py:830} INFO - Processing file /home/airflow/.local/lib/python3.8/site-packages/airflow/example_dags/example_latest_only_with_trigger.py for tasks to queue
[2024-02-14T20:52:40.775+0000] {logging_mixin.py:188} INFO - [2024-02-14T20:52:40.774+0000] {dagbag.py:538} INFO - Filling up the DagBag from /home/airflow/.local/lib/python3.8/site-packages/airflow/example_dags/example_latest_only_with_trigger.py
[2024-02-14T20:52:40.806+0000] {processor.py:840} INFO - DAG(s) 'latest_only_with_trigger' retrieved from /home/airflow/.local/lib/python3.8/site-packages/airflow/example_dags/example_latest_only_with_trigger.py
[2024-02-14T20:52:40.899+0000] {logging_mixin.py:188} INFO - [2024-02-14T20:52:40.899+0000] {dag.py:3036} INFO - Sync 1 DAGs
[2024-02-14T20:52:40.992+0000] {logging_mixin.py:188} INFO - [2024-02-14T20:52:40.991+0000] {dag.py:3823} INFO - Setting next_dagrun for latest_only_with_trigger to 2024-02-14 16:00:00+00:00, run_after=2024-02-14 20:00:00+00:00
[2024-02-14T20:52:41.060+0000] {processor.py:183} INFO - Processing /home/airflow/.local/lib/python3.8/site-packages/airflow/example_dags/example_latest_only_with_trigger.py took 0.306 seconds
[2024-02-14T20:53:11.595+0000] {processor.py:161} INFO - Started process (PID=7528) to work on /home/airflow/.local/lib/python3.8/site-packages/airflow/example_dags/example_latest_only_with_trigger.py
[2024-02-14T20:53:11.599+0000] {processor.py:830} INFO - Processing file /home/airflow/.local/lib/python3.8/site-packages/airflow/example_dags/example_latest_only_with_trigger.py for tasks to queue
[2024-02-14T20:53:11.603+0000] {logging_mixin.py:188} INFO - [2024-02-14T20:53:11.602+0000] {dagbag.py:538} INFO - Filling up the DagBag from /home/airflow/.local/lib/python3.8/site-packages/airflow/example_dags/example_latest_only_with_trigger.py
[2024-02-14T20:53:11.629+0000] {processor.py:840} INFO - DAG(s) 'latest_only_with_trigger' retrieved from /home/airflow/.local/lib/python3.8/site-packages/airflow/example_dags/example_latest_only_with_trigger.py
[2024-02-14T20:53:11.713+0000] {logging_mixin.py:188} INFO - [2024-02-14T20:53:11.712+0000] {dag.py:3036} INFO - Sync 1 DAGs
[2024-02-14T20:53:11.792+0000] {logging_mixin.py:188} INFO - [2024-02-14T20:53:11.792+0000] {dag.py:3823} INFO - Setting next_dagrun for latest_only_with_trigger to 2024-02-14 16:00:00+00:00, run_after=2024-02-14 20:00:00+00:00
[2024-02-14T20:53:11.850+0000] {processor.py:183} INFO - Processing /home/airflow/.local/lib/python3.8/site-packages/airflow/example_dags/example_latest_only_with_trigger.py took 0.267 seconds
[2024-02-14T20:53:42.100+0000] {processor.py:161} INFO - Started process (PID=7777) to work on /home/airflow/.local/lib/python3.8/site-packages/airflow/example_dags/example_latest_only_with_trigger.py
[2024-02-14T20:53:42.102+0000] {processor.py:830} INFO - Processing file /home/airflow/.local/lib/python3.8/site-packages/airflow/example_dags/example_latest_only_with_trigger.py for tasks to queue
[2024-02-14T20:53:42.104+0000] {logging_mixin.py:188} INFO - [2024-02-14T20:53:42.103+0000] {dagbag.py:538} INFO - Filling up the DagBag from /home/airflow/.local/lib/python3.8/site-packages/airflow/example_dags/example_latest_only_with_trigger.py
[2024-02-14T20:53:42.113+0000] {processor.py:840} INFO - DAG(s) 'latest_only_with_trigger' retrieved from /home/airflow/.local/lib/python3.8/site-packages/airflow/example_dags/example_latest_only_with_trigger.py
[2024-02-14T20:53:42.146+0000] {logging_mixin.py:188} INFO - [2024-02-14T20:53:42.145+0000] {dag.py:3036} INFO - Sync 1 DAGs
[2024-02-14T20:53:42.184+0000] {logging_mixin.py:188} INFO - [2024-02-14T20:53:42.184+0000] {dag.py:3823} INFO - Setting next_dagrun for latest_only_with_trigger to 2024-02-14 16:00:00+00:00, run_after=2024-02-14 20:00:00+00:00
[2024-02-14T20:53:42.231+0000] {processor.py:183} INFO - Processing /home/airflow/.local/lib/python3.8/site-packages/airflow/example_dags/example_latest_only_with_trigger.py took 0.136 seconds
[2024-02-14T20:54:12.514+0000] {processor.py:161} INFO - Started process (PID=8024) to work on /home/airflow/.local/lib/python3.8/site-packages/airflow/example_dags/example_latest_only_with_trigger.py
[2024-02-14T20:54:12.521+0000] {processor.py:830} INFO - Processing file /home/airflow/.local/lib/python3.8/site-packages/airflow/example_dags/example_latest_only_with_trigger.py for tasks to queue
[2024-02-14T20:54:12.524+0000] {logging_mixin.py:188} INFO - [2024-02-14T20:54:12.523+0000] {dagbag.py:538} INFO - Filling up the DagBag from /home/airflow/.local/lib/python3.8/site-packages/airflow/example_dags/example_latest_only_with_trigger.py
[2024-02-14T20:54:12.567+0000] {processor.py:840} INFO - DAG(s) 'latest_only_with_trigger' retrieved from /home/airflow/.local/lib/python3.8/site-packages/airflow/example_dags/example_latest_only_with_trigger.py
[2024-02-14T20:54:12.626+0000] {logging_mixin.py:188} INFO - [2024-02-14T20:54:12.626+0000] {dag.py:3036} INFO - Sync 1 DAGs
[2024-02-14T20:54:12.697+0000] {logging_mixin.py:188} INFO - [2024-02-14T20:54:12.697+0000] {dag.py:3823} INFO - Setting next_dagrun for latest_only_with_trigger to 2024-02-14 16:00:00+00:00, run_after=2024-02-14 20:00:00+00:00
[2024-02-14T20:54:12.747+0000] {processor.py:183} INFO - Processing /home/airflow/.local/lib/python3.8/site-packages/airflow/example_dags/example_latest_only_with_trigger.py took 0.242 seconds
[2024-02-14T20:54:43.025+0000] {processor.py:161} INFO - Started process (PID=8276) to work on /home/airflow/.local/lib/python3.8/site-packages/airflow/example_dags/example_latest_only_with_trigger.py
[2024-02-14T20:54:43.028+0000] {processor.py:830} INFO - Processing file /home/airflow/.local/lib/python3.8/site-packages/airflow/example_dags/example_latest_only_with_trigger.py for tasks to queue
[2024-02-14T20:54:43.030+0000] {logging_mixin.py:188} INFO - [2024-02-14T20:54:43.029+0000] {dagbag.py:538} INFO - Filling up the DagBag from /home/airflow/.local/lib/python3.8/site-packages/airflow/example_dags/example_latest_only_with_trigger.py
[2024-02-14T20:54:43.042+0000] {processor.py:840} INFO - DAG(s) 'latest_only_with_trigger' retrieved from /home/airflow/.local/lib/python3.8/site-packages/airflow/example_dags/example_latest_only_with_trigger.py
[2024-02-14T20:54:43.083+0000] {logging_mixin.py:188} INFO - [2024-02-14T20:54:43.083+0000] {dag.py:3036} INFO - Sync 1 DAGs
[2024-02-14T20:54:43.127+0000] {logging_mixin.py:188} INFO - [2024-02-14T20:54:43.127+0000] {dag.py:3823} INFO - Setting next_dagrun for latest_only_with_trigger to 2024-02-14 16:00:00+00:00, run_after=2024-02-14 20:00:00+00:00
[2024-02-14T20:54:43.164+0000] {processor.py:183} INFO - Processing /home/airflow/.local/lib/python3.8/site-packages/airflow/example_dags/example_latest_only_with_trigger.py took 0.145 seconds
[2024-02-14T20:55:13.508+0000] {processor.py:161} INFO - Started process (PID=8518) to work on /home/airflow/.local/lib/python3.8/site-packages/airflow/example_dags/example_latest_only_with_trigger.py
[2024-02-14T20:55:13.511+0000] {processor.py:830} INFO - Processing file /home/airflow/.local/lib/python3.8/site-packages/airflow/example_dags/example_latest_only_with_trigger.py for tasks to queue
[2024-02-14T20:55:13.513+0000] {logging_mixin.py:188} INFO - [2024-02-14T20:55:13.513+0000] {dagbag.py:538} INFO - Filling up the DagBag from /home/airflow/.local/lib/python3.8/site-packages/airflow/example_dags/example_latest_only_with_trigger.py
[2024-02-14T20:55:13.533+0000] {processor.py:840} INFO - DAG(s) 'latest_only_with_trigger' retrieved from /home/airflow/.local/lib/python3.8/site-packages/airflow/example_dags/example_latest_only_with_trigger.py
[2024-02-14T20:55:13.586+0000] {logging_mixin.py:188} INFO - [2024-02-14T20:55:13.585+0000] {dag.py:3036} INFO - Sync 1 DAGs
[2024-02-14T20:55:13.645+0000] {logging_mixin.py:188} INFO - [2024-02-14T20:55:13.644+0000] {dag.py:3823} INFO - Setting next_dagrun for latest_only_with_trigger to 2024-02-14 16:00:00+00:00, run_after=2024-02-14 20:00:00+00:00
[2024-02-14T20:55:13.691+0000] {processor.py:183} INFO - Processing /home/airflow/.local/lib/python3.8/site-packages/airflow/example_dags/example_latest_only_with_trigger.py took 0.191 seconds
[2024-02-14T20:55:44.215+0000] {processor.py:161} INFO - Started process (PID=8765) to work on /home/airflow/.local/lib/python3.8/site-packages/airflow/example_dags/example_latest_only_with_trigger.py
[2024-02-14T20:55:44.216+0000] {processor.py:830} INFO - Processing file /home/airflow/.local/lib/python3.8/site-packages/airflow/example_dags/example_latest_only_with_trigger.py for tasks to queue
[2024-02-14T20:55:44.218+0000] {logging_mixin.py:188} INFO - [2024-02-14T20:55:44.218+0000] {dagbag.py:538} INFO - Filling up the DagBag from /home/airflow/.local/lib/python3.8/site-packages/airflow/example_dags/example_latest_only_with_trigger.py
[2024-02-14T20:55:44.226+0000] {processor.py:840} INFO - DAG(s) 'latest_only_with_trigger' retrieved from /home/airflow/.local/lib/python3.8/site-packages/airflow/example_dags/example_latest_only_with_trigger.py
[2024-02-14T20:55:44.261+0000] {logging_mixin.py:188} INFO - [2024-02-14T20:55:44.260+0000] {dag.py:3036} INFO - Sync 1 DAGs
[2024-02-14T20:55:44.296+0000] {logging_mixin.py:188} INFO - [2024-02-14T20:55:44.295+0000] {dag.py:3823} INFO - Setting next_dagrun for latest_only_with_trigger to 2024-02-14 16:00:00+00:00, run_after=2024-02-14 20:00:00+00:00
[2024-02-14T20:55:44.328+0000] {processor.py:183} INFO - Processing /home/airflow/.local/lib/python3.8/site-packages/airflow/example_dags/example_latest_only_with_trigger.py took 0.118 seconds
[2024-02-14T20:56:15.648+0000] {processor.py:161} INFO - Started process (PID=9012) to work on /home/airflow/.local/lib/python3.8/site-packages/airflow/example_dags/example_latest_only_with_trigger.py
[2024-02-14T20:56:15.651+0000] {processor.py:830} INFO - Processing file /home/airflow/.local/lib/python3.8/site-packages/airflow/example_dags/example_latest_only_with_trigger.py for tasks to queue
[2024-02-14T20:56:15.656+0000] {logging_mixin.py:188} INFO - [2024-02-14T20:56:15.655+0000] {dagbag.py:538} INFO - Filling up the DagBag from /home/airflow/.local/lib/python3.8/site-packages/airflow/example_dags/example_latest_only_with_trigger.py
[2024-02-14T20:56:15.670+0000] {processor.py:840} INFO - DAG(s) 'latest_only_with_trigger' retrieved from /home/airflow/.local/lib/python3.8/site-packages/airflow/example_dags/example_latest_only_with_trigger.py
[2024-02-14T20:56:15.714+0000] {logging_mixin.py:188} INFO - [2024-02-14T20:56:15.714+0000] {dag.py:3036} INFO - Sync 1 DAGs
[2024-02-14T20:56:15.766+0000] {logging_mixin.py:188} INFO - [2024-02-14T20:56:15.766+0000] {dag.py:3823} INFO - Setting next_dagrun for latest_only_with_trigger to 2024-02-14 16:00:00+00:00, run_after=2024-02-14 20:00:00+00:00
[2024-02-14T20:56:15.796+0000] {processor.py:183} INFO - Processing /home/airflow/.local/lib/python3.8/site-packages/airflow/example_dags/example_latest_only_with_trigger.py took 0.155 seconds
[2024-02-14T20:56:46.594+0000] {processor.py:161} INFO - Started process (PID=9256) to work on /home/airflow/.local/lib/python3.8/site-packages/airflow/example_dags/example_latest_only_with_trigger.py
[2024-02-14T20:56:46.596+0000] {processor.py:830} INFO - Processing file /home/airflow/.local/lib/python3.8/site-packages/airflow/example_dags/example_latest_only_with_trigger.py for tasks to queue
[2024-02-14T20:56:46.598+0000] {logging_mixin.py:188} INFO - [2024-02-14T20:56:46.598+0000] {dagbag.py:538} INFO - Filling up the DagBag from /home/airflow/.local/lib/python3.8/site-packages/airflow/example_dags/example_latest_only_with_trigger.py
[2024-02-14T20:56:46.612+0000] {processor.py:840} INFO - DAG(s) 'latest_only_with_trigger' retrieved from /home/airflow/.local/lib/python3.8/site-packages/airflow/example_dags/example_latest_only_with_trigger.py
[2024-02-14T20:56:46.648+0000] {logging_mixin.py:188} INFO - [2024-02-14T20:56:46.647+0000] {dag.py:3036} INFO - Sync 1 DAGs
[2024-02-14T20:56:46.686+0000] {logging_mixin.py:188} INFO - [2024-02-14T20:56:46.685+0000] {dag.py:3823} INFO - Setting next_dagrun for latest_only_with_trigger to 2024-02-14 16:00:00+00:00, run_after=2024-02-14 20:00:00+00:00
[2024-02-14T20:56:46.718+0000] {processor.py:183} INFO - Processing /home/airflow/.local/lib/python3.8/site-packages/airflow/example_dags/example_latest_only_with_trigger.py took 0.129 seconds
[2024-02-14T20:57:17.418+0000] {processor.py:161} INFO - Started process (PID=9509) to work on /home/airflow/.local/lib/python3.8/site-packages/airflow/example_dags/example_latest_only_with_trigger.py
[2024-02-14T20:57:17.439+0000] {processor.py:830} INFO - Processing file /home/airflow/.local/lib/python3.8/site-packages/airflow/example_dags/example_latest_only_with_trigger.py for tasks to queue
[2024-02-14T20:57:17.444+0000] {logging_mixin.py:188} INFO - [2024-02-14T20:57:17.443+0000] {dagbag.py:538} INFO - Filling up the DagBag from /home/airflow/.local/lib/python3.8/site-packages/airflow/example_dags/example_latest_only_with_trigger.py
[2024-02-14T20:57:17.462+0000] {processor.py:840} INFO - DAG(s) 'latest_only_with_trigger' retrieved from /home/airflow/.local/lib/python3.8/site-packages/airflow/example_dags/example_latest_only_with_trigger.py
[2024-02-14T20:57:17.558+0000] {logging_mixin.py:188} INFO - [2024-02-14T20:57:17.557+0000] {dag.py:3036} INFO - Sync 1 DAGs
[2024-02-14T20:57:17.664+0000] {logging_mixin.py:188} INFO - [2024-02-14T20:57:17.662+0000] {dag.py:3823} INFO - Setting next_dagrun for latest_only_with_trigger to 2024-02-14 16:00:00+00:00, run_after=2024-02-14 20:00:00+00:00
[2024-02-14T20:57:17.781+0000] {processor.py:183} INFO - Processing /home/airflow/.local/lib/python3.8/site-packages/airflow/example_dags/example_latest_only_with_trigger.py took 0.395 seconds
[2024-02-14T20:57:48.796+0000] {processor.py:161} INFO - Started process (PID=9757) to work on /home/airflow/.local/lib/python3.8/site-packages/airflow/example_dags/example_latest_only_with_trigger.py
[2024-02-14T20:57:48.802+0000] {processor.py:830} INFO - Processing file /home/airflow/.local/lib/python3.8/site-packages/airflow/example_dags/example_latest_only_with_trigger.py for tasks to queue
[2024-02-14T20:57:48.804+0000] {logging_mixin.py:188} INFO - [2024-02-14T20:57:48.804+0000] {dagbag.py:538} INFO - Filling up the DagBag from /home/airflow/.local/lib/python3.8/site-packages/airflow/example_dags/example_latest_only_with_trigger.py
[2024-02-14T20:57:48.830+0000] {processor.py:840} INFO - DAG(s) 'latest_only_with_trigger' retrieved from /home/airflow/.local/lib/python3.8/site-packages/airflow/example_dags/example_latest_only_with_trigger.py
[2024-02-14T20:57:48.897+0000] {logging_mixin.py:188} INFO - [2024-02-14T20:57:48.896+0000] {dag.py:3036} INFO - Sync 1 DAGs
[2024-02-14T20:57:48.931+0000] {logging_mixin.py:188} INFO - [2024-02-14T20:57:48.930+0000] {dag.py:3823} INFO - Setting next_dagrun for latest_only_with_trigger to 2024-02-14 16:00:00+00:00, run_after=2024-02-14 20:00:00+00:00
[2024-02-14T20:57:49.004+0000] {processor.py:183} INFO - Processing /home/airflow/.local/lib/python3.8/site-packages/airflow/example_dags/example_latest_only_with_trigger.py took 0.219 seconds
