[2024-02-14T20:38:12.480+0000] {processor.py:161} INFO - Started process (PID=297) to work on /home/airflow/.local/lib/python3.8/site-packages/airflow/example_dags/example_python_operator.py
[2024-02-14T20:38:12.482+0000] {processor.py:830} INFO - Processing file /home/airflow/.local/lib/python3.8/site-packages/airflow/example_dags/example_python_operator.py for tasks to queue
[2024-02-14T20:38:12.483+0000] {logging_mixin.py:188} INFO - [2024-02-14T20:38:12.483+0000] {dagbag.py:538} INFO - Filling up the DagBag from /home/airflow/.local/lib/python3.8/site-packages/airflow/example_dags/example_python_operator.py
[2024-02-14T20:38:12.503+0000] {processor.py:840} INFO - DAG(s) 'example_python_operator' retrieved from /home/airflow/.local/lib/python3.8/site-packages/airflow/example_dags/example_python_operator.py
[2024-02-14T20:38:12.748+0000] {logging_mixin.py:188} INFO - [2024-02-14T20:38:12.748+0000] {dag.py:3036} INFO - Sync 1 DAGs
[2024-02-14T20:38:12.801+0000] {logging_mixin.py:188} INFO - [2024-02-14T20:38:12.801+0000] {dag.py:3823} INFO - Setting next_dagrun for example_python_operator to None, run_after=None
[2024-02-14T20:38:12.894+0000] {processor.py:183} INFO - Processing /home/airflow/.local/lib/python3.8/site-packages/airflow/example_dags/example_python_operator.py took 0.419 seconds
[2024-02-14T20:38:43.428+0000] {processor.py:161} INFO - Started process (PID=544) to work on /home/airflow/.local/lib/python3.8/site-packages/airflow/example_dags/example_python_operator.py
[2024-02-14T20:38:43.441+0000] {processor.py:830} INFO - Processing file /home/airflow/.local/lib/python3.8/site-packages/airflow/example_dags/example_python_operator.py for tasks to queue
[2024-02-14T20:38:43.445+0000] {logging_mixin.py:188} INFO - [2024-02-14T20:38:43.444+0000] {dagbag.py:538} INFO - Filling up the DagBag from /home/airflow/.local/lib/python3.8/site-packages/airflow/example_dags/example_python_operator.py
[2024-02-14T20:38:43.480+0000] {processor.py:840} INFO - DAG(s) 'example_python_operator' retrieved from /home/airflow/.local/lib/python3.8/site-packages/airflow/example_dags/example_python_operator.py
[2024-02-14T20:38:43.544+0000] {logging_mixin.py:188} INFO - [2024-02-14T20:38:43.544+0000] {dag.py:3036} INFO - Sync 1 DAGs
[2024-02-14T20:38:43.586+0000] {logging_mixin.py:188} INFO - [2024-02-14T20:38:43.586+0000] {dag.py:3823} INFO - Setting next_dagrun for example_python_operator to None, run_after=None
[2024-02-14T20:38:43.669+0000] {processor.py:183} INFO - Processing /home/airflow/.local/lib/python3.8/site-packages/airflow/example_dags/example_python_operator.py took 0.258 seconds
[2024-02-14T20:39:14.725+0000] {processor.py:161} INFO - Started process (PID=791) to work on /home/airflow/.local/lib/python3.8/site-packages/airflow/example_dags/example_python_operator.py
[2024-02-14T20:39:14.726+0000] {processor.py:830} INFO - Processing file /home/airflow/.local/lib/python3.8/site-packages/airflow/example_dags/example_python_operator.py for tasks to queue
[2024-02-14T20:39:14.728+0000] {logging_mixin.py:188} INFO - [2024-02-14T20:39:14.728+0000] {dagbag.py:538} INFO - Filling up the DagBag from /home/airflow/.local/lib/python3.8/site-packages/airflow/example_dags/example_python_operator.py
[2024-02-14T20:39:14.748+0000] {processor.py:840} INFO - DAG(s) 'example_python_operator' retrieved from /home/airflow/.local/lib/python3.8/site-packages/airflow/example_dags/example_python_operator.py
[2024-02-14T20:39:14.783+0000] {logging_mixin.py:188} INFO - [2024-02-14T20:39:14.783+0000] {dag.py:3036} INFO - Sync 1 DAGs
[2024-02-14T20:39:14.806+0000] {logging_mixin.py:188} INFO - [2024-02-14T20:39:14.806+0000] {dag.py:3823} INFO - Setting next_dagrun for example_python_operator to None, run_after=None
[2024-02-14T20:39:14.839+0000] {processor.py:183} INFO - Processing /home/airflow/.local/lib/python3.8/site-packages/airflow/example_dags/example_python_operator.py took 0.119 seconds
[2024-02-14T20:39:45.835+0000] {processor.py:161} INFO - Started process (PID=1038) to work on /home/airflow/.local/lib/python3.8/site-packages/airflow/example_dags/example_python_operator.py
[2024-02-14T20:39:45.837+0000] {processor.py:830} INFO - Processing file /home/airflow/.local/lib/python3.8/site-packages/airflow/example_dags/example_python_operator.py for tasks to queue
[2024-02-14T20:39:45.841+0000] {logging_mixin.py:188} INFO - [2024-02-14T20:39:45.839+0000] {dagbag.py:538} INFO - Filling up the DagBag from /home/airflow/.local/lib/python3.8/site-packages/airflow/example_dags/example_python_operator.py
[2024-02-14T20:39:45.870+0000] {processor.py:840} INFO - DAG(s) 'example_python_operator' retrieved from /home/airflow/.local/lib/python3.8/site-packages/airflow/example_dags/example_python_operator.py
[2024-02-14T20:39:45.909+0000] {logging_mixin.py:188} INFO - [2024-02-14T20:39:45.908+0000] {dag.py:3036} INFO - Sync 1 DAGs
[2024-02-14T20:39:45.930+0000] {logging_mixin.py:188} INFO - [2024-02-14T20:39:45.929+0000] {dag.py:3823} INFO - Setting next_dagrun for example_python_operator to None, run_after=None
[2024-02-14T20:39:45.968+0000] {processor.py:183} INFO - Processing /home/airflow/.local/lib/python3.8/site-packages/airflow/example_dags/example_python_operator.py took 0.142 seconds
[2024-02-14T20:40:16.720+0000] {processor.py:161} INFO - Started process (PID=1288) to work on /home/airflow/.local/lib/python3.8/site-packages/airflow/example_dags/example_python_operator.py
[2024-02-14T20:40:16.724+0000] {processor.py:830} INFO - Processing file /home/airflow/.local/lib/python3.8/site-packages/airflow/example_dags/example_python_operator.py for tasks to queue
[2024-02-14T20:40:16.729+0000] {logging_mixin.py:188} INFO - [2024-02-14T20:40:16.728+0000] {dagbag.py:538} INFO - Filling up the DagBag from /home/airflow/.local/lib/python3.8/site-packages/airflow/example_dags/example_python_operator.py
[2024-02-14T20:40:16.779+0000] {processor.py:840} INFO - DAG(s) 'example_python_operator' retrieved from /home/airflow/.local/lib/python3.8/site-packages/airflow/example_dags/example_python_operator.py
[2024-02-14T20:40:16.884+0000] {logging_mixin.py:188} INFO - [2024-02-14T20:40:16.883+0000] {dag.py:3036} INFO - Sync 1 DAGs
[2024-02-14T20:40:16.933+0000] {logging_mixin.py:188} INFO - [2024-02-14T20:40:16.933+0000] {dag.py:3823} INFO - Setting next_dagrun for example_python_operator to None, run_after=None
[2024-02-14T20:40:17.017+0000] {processor.py:183} INFO - Processing /home/airflow/.local/lib/python3.8/site-packages/airflow/example_dags/example_python_operator.py took 0.319 seconds
[2024-02-14T20:40:47.614+0000] {processor.py:161} INFO - Started process (PID=1533) to work on /home/airflow/.local/lib/python3.8/site-packages/airflow/example_dags/example_python_operator.py
[2024-02-14T20:40:47.620+0000] {processor.py:830} INFO - Processing file /home/airflow/.local/lib/python3.8/site-packages/airflow/example_dags/example_python_operator.py for tasks to queue
[2024-02-14T20:40:47.628+0000] {logging_mixin.py:188} INFO - [2024-02-14T20:40:47.626+0000] {dagbag.py:538} INFO - Filling up the DagBag from /home/airflow/.local/lib/python3.8/site-packages/airflow/example_dags/example_python_operator.py
[2024-02-14T20:40:47.689+0000] {processor.py:840} INFO - DAG(s) 'example_python_operator' retrieved from /home/airflow/.local/lib/python3.8/site-packages/airflow/example_dags/example_python_operator.py
[2024-02-14T20:40:47.777+0000] {logging_mixin.py:188} INFO - [2024-02-14T20:40:47.776+0000] {dag.py:3036} INFO - Sync 1 DAGs
[2024-02-14T20:40:47.827+0000] {logging_mixin.py:188} INFO - [2024-02-14T20:40:47.827+0000] {dag.py:3823} INFO - Setting next_dagrun for example_python_operator to None, run_after=None
[2024-02-14T20:40:47.917+0000] {processor.py:183} INFO - Processing /home/airflow/.local/lib/python3.8/site-packages/airflow/example_dags/example_python_operator.py took 0.322 seconds
[2024-02-14T20:41:18.416+0000] {processor.py:161} INFO - Started process (PID=1780) to work on /home/airflow/.local/lib/python3.8/site-packages/airflow/example_dags/example_python_operator.py
[2024-02-14T20:41:18.420+0000] {processor.py:830} INFO - Processing file /home/airflow/.local/lib/python3.8/site-packages/airflow/example_dags/example_python_operator.py for tasks to queue
[2024-02-14T20:41:18.424+0000] {logging_mixin.py:188} INFO - [2024-02-14T20:41:18.423+0000] {dagbag.py:538} INFO - Filling up the DagBag from /home/airflow/.local/lib/python3.8/site-packages/airflow/example_dags/example_python_operator.py
[2024-02-14T20:41:18.458+0000] {processor.py:840} INFO - DAG(s) 'example_python_operator' retrieved from /home/airflow/.local/lib/python3.8/site-packages/airflow/example_dags/example_python_operator.py
[2024-02-14T20:41:18.513+0000] {logging_mixin.py:188} INFO - [2024-02-14T20:41:18.513+0000] {dag.py:3036} INFO - Sync 1 DAGs
[2024-02-14T20:41:18.546+0000] {logging_mixin.py:188} INFO - [2024-02-14T20:41:18.545+0000] {dag.py:3823} INFO - Setting next_dagrun for example_python_operator to None, run_after=None
[2024-02-14T20:41:18.604+0000] {processor.py:183} INFO - Processing /home/airflow/.local/lib/python3.8/site-packages/airflow/example_dags/example_python_operator.py took 0.198 seconds
[2024-02-14T20:41:49.018+0000] {processor.py:161} INFO - Started process (PID=2027) to work on /home/airflow/.local/lib/python3.8/site-packages/airflow/example_dags/example_python_operator.py
[2024-02-14T20:41:49.020+0000] {processor.py:830} INFO - Processing file /home/airflow/.local/lib/python3.8/site-packages/airflow/example_dags/example_python_operator.py for tasks to queue
[2024-02-14T20:41:49.023+0000] {logging_mixin.py:188} INFO - [2024-02-14T20:41:49.023+0000] {dagbag.py:538} INFO - Filling up the DagBag from /home/airflow/.local/lib/python3.8/site-packages/airflow/example_dags/example_python_operator.py
[2024-02-14T20:41:49.062+0000] {processor.py:840} INFO - DAG(s) 'example_python_operator' retrieved from /home/airflow/.local/lib/python3.8/site-packages/airflow/example_dags/example_python_operator.py
[2024-02-14T20:41:49.134+0000] {logging_mixin.py:188} INFO - [2024-02-14T20:41:49.134+0000] {dag.py:3036} INFO - Sync 1 DAGs
[2024-02-14T20:41:49.176+0000] {logging_mixin.py:188} INFO - [2024-02-14T20:41:49.175+0000] {dag.py:3823} INFO - Setting next_dagrun for example_python_operator to None, run_after=None
[2024-02-14T20:41:49.228+0000] {processor.py:183} INFO - Processing /home/airflow/.local/lib/python3.8/site-packages/airflow/example_dags/example_python_operator.py took 0.221 seconds
[2024-02-14T20:42:19.736+0000] {processor.py:161} INFO - Started process (PID=2274) to work on /home/airflow/.local/lib/python3.8/site-packages/airflow/example_dags/example_python_operator.py
[2024-02-14T20:42:19.740+0000] {processor.py:830} INFO - Processing file /home/airflow/.local/lib/python3.8/site-packages/airflow/example_dags/example_python_operator.py for tasks to queue
[2024-02-14T20:42:19.745+0000] {logging_mixin.py:188} INFO - [2024-02-14T20:42:19.744+0000] {dagbag.py:538} INFO - Filling up the DagBag from /home/airflow/.local/lib/python3.8/site-packages/airflow/example_dags/example_python_operator.py
[2024-02-14T20:42:19.800+0000] {processor.py:840} INFO - DAG(s) 'example_python_operator' retrieved from /home/airflow/.local/lib/python3.8/site-packages/airflow/example_dags/example_python_operator.py
[2024-02-14T20:42:19.905+0000] {logging_mixin.py:188} INFO - [2024-02-14T20:42:19.904+0000] {dag.py:3036} INFO - Sync 1 DAGs
[2024-02-14T20:42:19.976+0000] {logging_mixin.py:188} INFO - [2024-02-14T20:42:19.974+0000] {dag.py:3823} INFO - Setting next_dagrun for example_python_operator to None, run_after=None
[2024-02-14T20:42:20.077+0000] {processor.py:183} INFO - Processing /home/airflow/.local/lib/python3.8/site-packages/airflow/example_dags/example_python_operator.py took 0.357 seconds
[2024-02-14T20:42:50.434+0000] {processor.py:161} INFO - Started process (PID=2522) to work on /home/airflow/.local/lib/python3.8/site-packages/airflow/example_dags/example_python_operator.py
[2024-02-14T20:42:50.436+0000] {processor.py:830} INFO - Processing file /home/airflow/.local/lib/python3.8/site-packages/airflow/example_dags/example_python_operator.py for tasks to queue
[2024-02-14T20:42:50.438+0000] {logging_mixin.py:188} INFO - [2024-02-14T20:42:50.437+0000] {dagbag.py:538} INFO - Filling up the DagBag from /home/airflow/.local/lib/python3.8/site-packages/airflow/example_dags/example_python_operator.py
[2024-02-14T20:42:50.465+0000] {processor.py:840} INFO - DAG(s) 'example_python_operator' retrieved from /home/airflow/.local/lib/python3.8/site-packages/airflow/example_dags/example_python_operator.py
[2024-02-14T20:42:50.519+0000] {logging_mixin.py:188} INFO - [2024-02-14T20:42:50.518+0000] {dag.py:3036} INFO - Sync 1 DAGs
[2024-02-14T20:42:50.553+0000] {logging_mixin.py:188} INFO - [2024-02-14T20:42:50.552+0000] {dag.py:3823} INFO - Setting next_dagrun for example_python_operator to None, run_after=None
[2024-02-14T20:42:50.613+0000] {processor.py:183} INFO - Processing /home/airflow/.local/lib/python3.8/site-packages/airflow/example_dags/example_python_operator.py took 0.185 seconds
[2024-02-14T20:43:20.944+0000] {processor.py:161} INFO - Started process (PID=2769) to work on /home/airflow/.local/lib/python3.8/site-packages/airflow/example_dags/example_python_operator.py
[2024-02-14T20:43:20.948+0000] {processor.py:830} INFO - Processing file /home/airflow/.local/lib/python3.8/site-packages/airflow/example_dags/example_python_operator.py for tasks to queue
[2024-02-14T20:43:20.952+0000] {logging_mixin.py:188} INFO - [2024-02-14T20:43:20.951+0000] {dagbag.py:538} INFO - Filling up the DagBag from /home/airflow/.local/lib/python3.8/site-packages/airflow/example_dags/example_python_operator.py
[2024-02-14T20:43:20.996+0000] {processor.py:840} INFO - DAG(s) 'example_python_operator' retrieved from /home/airflow/.local/lib/python3.8/site-packages/airflow/example_dags/example_python_operator.py
[2024-02-14T20:43:21.084+0000] {logging_mixin.py:188} INFO - [2024-02-14T20:43:21.083+0000] {dag.py:3036} INFO - Sync 1 DAGs
[2024-02-14T20:43:21.136+0000] {logging_mixin.py:188} INFO - [2024-02-14T20:43:21.134+0000] {dag.py:3823} INFO - Setting next_dagrun for example_python_operator to None, run_after=None
[2024-02-14T20:43:21.215+0000] {processor.py:183} INFO - Processing /home/airflow/.local/lib/python3.8/site-packages/airflow/example_dags/example_python_operator.py took 0.285 seconds
[2024-02-14T20:43:51.392+0000] {processor.py:161} INFO - Started process (PID=3015) to work on /home/airflow/.local/lib/python3.8/site-packages/airflow/example_dags/example_python_operator.py
[2024-02-14T20:43:51.394+0000] {processor.py:830} INFO - Processing file /home/airflow/.local/lib/python3.8/site-packages/airflow/example_dags/example_python_operator.py for tasks to queue
[2024-02-14T20:43:51.401+0000] {logging_mixin.py:188} INFO - [2024-02-14T20:43:51.396+0000] {dagbag.py:538} INFO - Filling up the DagBag from /home/airflow/.local/lib/python3.8/site-packages/airflow/example_dags/example_python_operator.py
[2024-02-14T20:43:51.436+0000] {processor.py:840} INFO - DAG(s) 'example_python_operator' retrieved from /home/airflow/.local/lib/python3.8/site-packages/airflow/example_dags/example_python_operator.py
[2024-02-14T20:43:51.509+0000] {logging_mixin.py:188} INFO - [2024-02-14T20:43:51.508+0000] {dag.py:3036} INFO - Sync 1 DAGs
[2024-02-14T20:43:51.543+0000] {logging_mixin.py:188} INFO - [2024-02-14T20:43:51.543+0000] {dag.py:3823} INFO - Setting next_dagrun for example_python_operator to None, run_after=None
[2024-02-14T20:43:51.591+0000] {processor.py:183} INFO - Processing /home/airflow/.local/lib/python3.8/site-packages/airflow/example_dags/example_python_operator.py took 0.206 seconds
[2024-02-14T20:44:22.232+0000] {processor.py:161} INFO - Started process (PID=3263) to work on /home/airflow/.local/lib/python3.8/site-packages/airflow/example_dags/example_python_operator.py
[2024-02-14T20:44:22.236+0000] {processor.py:830} INFO - Processing file /home/airflow/.local/lib/python3.8/site-packages/airflow/example_dags/example_python_operator.py for tasks to queue
[2024-02-14T20:44:22.241+0000] {logging_mixin.py:188} INFO - [2024-02-14T20:44:22.239+0000] {dagbag.py:538} INFO - Filling up the DagBag from /home/airflow/.local/lib/python3.8/site-packages/airflow/example_dags/example_python_operator.py
[2024-02-14T20:44:22.288+0000] {processor.py:840} INFO - DAG(s) 'example_python_operator' retrieved from /home/airflow/.local/lib/python3.8/site-packages/airflow/example_dags/example_python_operator.py
[2024-02-14T20:44:22.374+0000] {logging_mixin.py:188} INFO - [2024-02-14T20:44:22.373+0000] {dag.py:3036} INFO - Sync 1 DAGs
[2024-02-14T20:44:22.425+0000] {logging_mixin.py:188} INFO - [2024-02-14T20:44:22.424+0000] {dag.py:3823} INFO - Setting next_dagrun for example_python_operator to None, run_after=None
[2024-02-14T20:44:22.512+0000] {processor.py:183} INFO - Processing /home/airflow/.local/lib/python3.8/site-packages/airflow/example_dags/example_python_operator.py took 0.297 seconds
[2024-02-14T20:44:53.154+0000] {processor.py:161} INFO - Started process (PID=3510) to work on /home/airflow/.local/lib/python3.8/site-packages/airflow/example_dags/example_python_operator.py
[2024-02-14T20:44:53.158+0000] {processor.py:830} INFO - Processing file /home/airflow/.local/lib/python3.8/site-packages/airflow/example_dags/example_python_operator.py for tasks to queue
[2024-02-14T20:44:53.164+0000] {logging_mixin.py:188} INFO - [2024-02-14T20:44:53.162+0000] {dagbag.py:538} INFO - Filling up the DagBag from /home/airflow/.local/lib/python3.8/site-packages/airflow/example_dags/example_python_operator.py
[2024-02-14T20:44:53.205+0000] {processor.py:840} INFO - DAG(s) 'example_python_operator' retrieved from /home/airflow/.local/lib/python3.8/site-packages/airflow/example_dags/example_python_operator.py
[2024-02-14T20:44:53.295+0000] {logging_mixin.py:188} INFO - [2024-02-14T20:44:53.293+0000] {dag.py:3036} INFO - Sync 1 DAGs
[2024-02-14T20:44:53.350+0000] {logging_mixin.py:188} INFO - [2024-02-14T20:44:53.350+0000] {dag.py:3823} INFO - Setting next_dagrun for example_python_operator to None, run_after=None
[2024-02-14T20:44:53.443+0000] {processor.py:183} INFO - Processing /home/airflow/.local/lib/python3.8/site-packages/airflow/example_dags/example_python_operator.py took 0.310 seconds
[2024-02-14T20:45:23.696+0000] {processor.py:161} INFO - Started process (PID=3758) to work on /home/airflow/.local/lib/python3.8/site-packages/airflow/example_dags/example_python_operator.py
[2024-02-14T20:45:23.698+0000] {processor.py:830} INFO - Processing file /home/airflow/.local/lib/python3.8/site-packages/airflow/example_dags/example_python_operator.py for tasks to queue
[2024-02-14T20:45:23.701+0000] {logging_mixin.py:188} INFO - [2024-02-14T20:45:23.700+0000] {dagbag.py:538} INFO - Filling up the DagBag from /home/airflow/.local/lib/python3.8/site-packages/airflow/example_dags/example_python_operator.py
[2024-02-14T20:45:23.721+0000] {processor.py:840} INFO - DAG(s) 'example_python_operator' retrieved from /home/airflow/.local/lib/python3.8/site-packages/airflow/example_dags/example_python_operator.py
[2024-02-14T20:45:23.766+0000] {logging_mixin.py:188} INFO - [2024-02-14T20:45:23.765+0000] {dag.py:3036} INFO - Sync 1 DAGs
[2024-02-14T20:45:23.788+0000] {logging_mixin.py:188} INFO - [2024-02-14T20:45:23.787+0000] {dag.py:3823} INFO - Setting next_dagrun for example_python_operator to None, run_after=None
[2024-02-14T20:45:23.845+0000] {processor.py:183} INFO - Processing /home/airflow/.local/lib/python3.8/site-packages/airflow/example_dags/example_python_operator.py took 0.155 seconds
[2024-02-14T20:45:54.332+0000] {processor.py:161} INFO - Started process (PID=4007) to work on /home/airflow/.local/lib/python3.8/site-packages/airflow/example_dags/example_python_operator.py
[2024-02-14T20:45:54.334+0000] {processor.py:830} INFO - Processing file /home/airflow/.local/lib/python3.8/site-packages/airflow/example_dags/example_python_operator.py for tasks to queue
[2024-02-14T20:45:54.336+0000] {logging_mixin.py:188} INFO - [2024-02-14T20:45:54.335+0000] {dagbag.py:538} INFO - Filling up the DagBag from /home/airflow/.local/lib/python3.8/site-packages/airflow/example_dags/example_python_operator.py
[2024-02-14T20:45:54.368+0000] {processor.py:840} INFO - DAG(s) 'example_python_operator' retrieved from /home/airflow/.local/lib/python3.8/site-packages/airflow/example_dags/example_python_operator.py
[2024-02-14T20:45:54.416+0000] {logging_mixin.py:188} INFO - [2024-02-14T20:45:54.416+0000] {dag.py:3036} INFO - Sync 1 DAGs
[2024-02-14T20:45:54.444+0000] {logging_mixin.py:188} INFO - [2024-02-14T20:45:54.444+0000] {dag.py:3823} INFO - Setting next_dagrun for example_python_operator to None, run_after=None
[2024-02-14T20:45:54.486+0000] {processor.py:183} INFO - Processing /home/airflow/.local/lib/python3.8/site-packages/airflow/example_dags/example_python_operator.py took 0.163 seconds
[2024-02-14T20:46:24.652+0000] {processor.py:161} INFO - Started process (PID=4252) to work on /home/airflow/.local/lib/python3.8/site-packages/airflow/example_dags/example_python_operator.py
[2024-02-14T20:46:24.654+0000] {processor.py:830} INFO - Processing file /home/airflow/.local/lib/python3.8/site-packages/airflow/example_dags/example_python_operator.py for tasks to queue
[2024-02-14T20:46:24.655+0000] {logging_mixin.py:188} INFO - [2024-02-14T20:46:24.655+0000] {dagbag.py:538} INFO - Filling up the DagBag from /home/airflow/.local/lib/python3.8/site-packages/airflow/example_dags/example_python_operator.py
[2024-02-14T20:46:24.674+0000] {processor.py:840} INFO - DAG(s) 'example_python_operator' retrieved from /home/airflow/.local/lib/python3.8/site-packages/airflow/example_dags/example_python_operator.py
[2024-02-14T20:46:24.711+0000] {logging_mixin.py:188} INFO - [2024-02-14T20:46:24.711+0000] {dag.py:3036} INFO - Sync 1 DAGs
[2024-02-14T20:46:24.732+0000] {logging_mixin.py:188} INFO - [2024-02-14T20:46:24.732+0000] {dag.py:3823} INFO - Setting next_dagrun for example_python_operator to None, run_after=None
[2024-02-14T20:46:24.768+0000] {processor.py:183} INFO - Processing /home/airflow/.local/lib/python3.8/site-packages/airflow/example_dags/example_python_operator.py took 0.121 seconds
[2024-02-14T20:46:55.645+0000] {processor.py:161} INFO - Started process (PID=4500) to work on /home/airflow/.local/lib/python3.8/site-packages/airflow/example_dags/example_python_operator.py
[2024-02-14T20:46:55.648+0000] {processor.py:830} INFO - Processing file /home/airflow/.local/lib/python3.8/site-packages/airflow/example_dags/example_python_operator.py for tasks to queue
[2024-02-14T20:46:55.650+0000] {logging_mixin.py:188} INFO - [2024-02-14T20:46:55.650+0000] {dagbag.py:538} INFO - Filling up the DagBag from /home/airflow/.local/lib/python3.8/site-packages/airflow/example_dags/example_python_operator.py
[2024-02-14T20:46:55.682+0000] {processor.py:840} INFO - DAG(s) 'example_python_operator' retrieved from /home/airflow/.local/lib/python3.8/site-packages/airflow/example_dags/example_python_operator.py
[2024-02-14T20:46:55.747+0000] {logging_mixin.py:188} INFO - [2024-02-14T20:46:55.747+0000] {dag.py:3036} INFO - Sync 1 DAGs
[2024-02-14T20:46:55.786+0000] {logging_mixin.py:188} INFO - [2024-02-14T20:46:55.785+0000] {dag.py:3823} INFO - Setting next_dagrun for example_python_operator to None, run_after=None
[2024-02-14T20:46:55.843+0000] {processor.py:183} INFO - Processing /home/airflow/.local/lib/python3.8/site-packages/airflow/example_dags/example_python_operator.py took 0.209 seconds
[2024-02-14T20:47:26.471+0000] {processor.py:161} INFO - Started process (PID=4747) to work on /home/airflow/.local/lib/python3.8/site-packages/airflow/example_dags/example_python_operator.py
[2024-02-14T20:47:26.475+0000] {processor.py:830} INFO - Processing file /home/airflow/.local/lib/python3.8/site-packages/airflow/example_dags/example_python_operator.py for tasks to queue
[2024-02-14T20:47:26.479+0000] {logging_mixin.py:188} INFO - [2024-02-14T20:47:26.478+0000] {dagbag.py:538} INFO - Filling up the DagBag from /home/airflow/.local/lib/python3.8/site-packages/airflow/example_dags/example_python_operator.py
[2024-02-14T20:47:26.524+0000] {processor.py:840} INFO - DAG(s) 'example_python_operator' retrieved from /home/airflow/.local/lib/python3.8/site-packages/airflow/example_dags/example_python_operator.py
[2024-02-14T20:47:26.620+0000] {logging_mixin.py:188} INFO - [2024-02-14T20:47:26.619+0000] {dag.py:3036} INFO - Sync 1 DAGs
[2024-02-14T20:47:26.676+0000] {logging_mixin.py:188} INFO - [2024-02-14T20:47:26.675+0000] {dag.py:3823} INFO - Setting next_dagrun for example_python_operator to None, run_after=None
[2024-02-14T20:47:26.750+0000] {processor.py:183} INFO - Processing /home/airflow/.local/lib/python3.8/site-packages/airflow/example_dags/example_python_operator.py took 0.292 seconds
[2024-02-14T20:47:57.431+0000] {processor.py:161} INFO - Started process (PID=4996) to work on /home/airflow/.local/lib/python3.8/site-packages/airflow/example_dags/example_python_operator.py
[2024-02-14T20:47:57.434+0000] {processor.py:830} INFO - Processing file /home/airflow/.local/lib/python3.8/site-packages/airflow/example_dags/example_python_operator.py for tasks to queue
[2024-02-14T20:47:57.438+0000] {logging_mixin.py:188} INFO - [2024-02-14T20:47:57.437+0000] {dagbag.py:538} INFO - Filling up the DagBag from /home/airflow/.local/lib/python3.8/site-packages/airflow/example_dags/example_python_operator.py
[2024-02-14T20:47:57.477+0000] {processor.py:840} INFO - DAG(s) 'example_python_operator' retrieved from /home/airflow/.local/lib/python3.8/site-packages/airflow/example_dags/example_python_operator.py
[2024-02-14T20:47:57.590+0000] {logging_mixin.py:188} INFO - [2024-02-14T20:47:57.588+0000] {dag.py:3036} INFO - Sync 1 DAGs
[2024-02-14T20:47:57.652+0000] {logging_mixin.py:188} INFO - [2024-02-14T20:47:57.651+0000] {dag.py:3823} INFO - Setting next_dagrun for example_python_operator to None, run_after=None
[2024-02-14T20:47:57.703+0000] {processor.py:183} INFO - Processing /home/airflow/.local/lib/python3.8/site-packages/airflow/example_dags/example_python_operator.py took 0.279 seconds
[2024-02-14T20:48:28.468+0000] {processor.py:161} INFO - Started process (PID=5243) to work on /home/airflow/.local/lib/python3.8/site-packages/airflow/example_dags/example_python_operator.py
[2024-02-14T20:48:28.473+0000] {processor.py:830} INFO - Processing file /home/airflow/.local/lib/python3.8/site-packages/airflow/example_dags/example_python_operator.py for tasks to queue
[2024-02-14T20:48:28.477+0000] {logging_mixin.py:188} INFO - [2024-02-14T20:48:28.476+0000] {dagbag.py:538} INFO - Filling up the DagBag from /home/airflow/.local/lib/python3.8/site-packages/airflow/example_dags/example_python_operator.py
[2024-02-14T20:48:28.504+0000] {processor.py:840} INFO - DAG(s) 'example_python_operator' retrieved from /home/airflow/.local/lib/python3.8/site-packages/airflow/example_dags/example_python_operator.py
[2024-02-14T20:48:28.548+0000] {logging_mixin.py:188} INFO - [2024-02-14T20:48:28.548+0000] {dag.py:3036} INFO - Sync 1 DAGs
[2024-02-14T20:48:28.582+0000] {logging_mixin.py:188} INFO - [2024-02-14T20:48:28.582+0000] {dag.py:3823} INFO - Setting next_dagrun for example_python_operator to None, run_after=None
[2024-02-14T20:48:28.661+0000] {processor.py:183} INFO - Processing /home/airflow/.local/lib/python3.8/site-packages/airflow/example_dags/example_python_operator.py took 0.206 seconds
[2024-02-14T20:48:58.889+0000] {processor.py:161} INFO - Started process (PID=5490) to work on /home/airflow/.local/lib/python3.8/site-packages/airflow/example_dags/example_python_operator.py
[2024-02-14T20:48:58.893+0000] {processor.py:830} INFO - Processing file /home/airflow/.local/lib/python3.8/site-packages/airflow/example_dags/example_python_operator.py for tasks to queue
[2024-02-14T20:48:58.897+0000] {logging_mixin.py:188} INFO - [2024-02-14T20:48:58.896+0000] {dagbag.py:538} INFO - Filling up the DagBag from /home/airflow/.local/lib/python3.8/site-packages/airflow/example_dags/example_python_operator.py
[2024-02-14T20:48:58.941+0000] {processor.py:840} INFO - DAG(s) 'example_python_operator' retrieved from /home/airflow/.local/lib/python3.8/site-packages/airflow/example_dags/example_python_operator.py
[2024-02-14T20:48:59.037+0000] {logging_mixin.py:188} INFO - [2024-02-14T20:48:59.036+0000] {dag.py:3036} INFO - Sync 1 DAGs
[2024-02-14T20:48:59.085+0000] {logging_mixin.py:188} INFO - [2024-02-14T20:48:59.084+0000] {dag.py:3823} INFO - Setting next_dagrun for example_python_operator to None, run_after=None
[2024-02-14T20:48:59.146+0000] {processor.py:183} INFO - Processing /home/airflow/.local/lib/python3.8/site-packages/airflow/example_dags/example_python_operator.py took 0.271 seconds
[2024-02-14T20:49:29.759+0000] {processor.py:161} INFO - Started process (PID=5738) to work on /home/airflow/.local/lib/python3.8/site-packages/airflow/example_dags/example_python_operator.py
[2024-02-14T20:49:29.760+0000] {processor.py:830} INFO - Processing file /home/airflow/.local/lib/python3.8/site-packages/airflow/example_dags/example_python_operator.py for tasks to queue
[2024-02-14T20:49:29.762+0000] {logging_mixin.py:188} INFO - [2024-02-14T20:49:29.761+0000] {dagbag.py:538} INFO - Filling up the DagBag from /home/airflow/.local/lib/python3.8/site-packages/airflow/example_dags/example_python_operator.py
[2024-02-14T20:49:29.778+0000] {processor.py:840} INFO - DAG(s) 'example_python_operator' retrieved from /home/airflow/.local/lib/python3.8/site-packages/airflow/example_dags/example_python_operator.py
[2024-02-14T20:49:29.815+0000] {logging_mixin.py:188} INFO - [2024-02-14T20:49:29.814+0000] {dag.py:3036} INFO - Sync 1 DAGs
[2024-02-14T20:49:29.841+0000] {logging_mixin.py:188} INFO - [2024-02-14T20:49:29.841+0000] {dag.py:3823} INFO - Setting next_dagrun for example_python_operator to None, run_after=None
[2024-02-14T20:49:29.884+0000] {processor.py:183} INFO - Processing /home/airflow/.local/lib/python3.8/site-packages/airflow/example_dags/example_python_operator.py took 0.131 seconds
[2024-02-14T20:50:00.219+0000] {processor.py:161} INFO - Started process (PID=5986) to work on /home/airflow/.local/lib/python3.8/site-packages/airflow/example_dags/example_python_operator.py
[2024-02-14T20:50:00.220+0000] {processor.py:830} INFO - Processing file /home/airflow/.local/lib/python3.8/site-packages/airflow/example_dags/example_python_operator.py for tasks to queue
[2024-02-14T20:50:00.222+0000] {logging_mixin.py:188} INFO - [2024-02-14T20:50:00.221+0000] {dagbag.py:538} INFO - Filling up the DagBag from /home/airflow/.local/lib/python3.8/site-packages/airflow/example_dags/example_python_operator.py
[2024-02-14T20:50:00.236+0000] {processor.py:840} INFO - DAG(s) 'example_python_operator' retrieved from /home/airflow/.local/lib/python3.8/site-packages/airflow/example_dags/example_python_operator.py
[2024-02-14T20:50:00.278+0000] {logging_mixin.py:188} INFO - [2024-02-14T20:50:00.278+0000] {dag.py:3036} INFO - Sync 1 DAGs
[2024-02-14T20:50:00.296+0000] {logging_mixin.py:188} INFO - [2024-02-14T20:50:00.295+0000] {dag.py:3823} INFO - Setting next_dagrun for example_python_operator to None, run_after=None
[2024-02-14T20:50:00.325+0000] {processor.py:183} INFO - Processing /home/airflow/.local/lib/python3.8/site-packages/airflow/example_dags/example_python_operator.py took 0.111 seconds
[2024-02-14T20:50:31.053+0000] {processor.py:161} INFO - Started process (PID=6233) to work on /home/airflow/.local/lib/python3.8/site-packages/airflow/example_dags/example_python_operator.py
[2024-02-14T20:50:31.055+0000] {processor.py:830} INFO - Processing file /home/airflow/.local/lib/python3.8/site-packages/airflow/example_dags/example_python_operator.py for tasks to queue
[2024-02-14T20:50:31.057+0000] {logging_mixin.py:188} INFO - [2024-02-14T20:50:31.056+0000] {dagbag.py:538} INFO - Filling up the DagBag from /home/airflow/.local/lib/python3.8/site-packages/airflow/example_dags/example_python_operator.py
[2024-02-14T20:50:31.077+0000] {processor.py:840} INFO - DAG(s) 'example_python_operator' retrieved from /home/airflow/.local/lib/python3.8/site-packages/airflow/example_dags/example_python_operator.py
[2024-02-14T20:50:31.118+0000] {logging_mixin.py:188} INFO - [2024-02-14T20:50:31.117+0000] {dag.py:3036} INFO - Sync 1 DAGs
[2024-02-14T20:50:31.136+0000] {logging_mixin.py:188} INFO - [2024-02-14T20:50:31.136+0000] {dag.py:3823} INFO - Setting next_dagrun for example_python_operator to None, run_after=None
[2024-02-14T20:50:31.184+0000] {processor.py:183} INFO - Processing /home/airflow/.local/lib/python3.8/site-packages/airflow/example_dags/example_python_operator.py took 0.138 seconds
[2024-02-14T20:51:01.434+0000] {processor.py:161} INFO - Started process (PID=6481) to work on /home/airflow/.local/lib/python3.8/site-packages/airflow/example_dags/example_python_operator.py
[2024-02-14T20:51:01.440+0000] {processor.py:830} INFO - Processing file /home/airflow/.local/lib/python3.8/site-packages/airflow/example_dags/example_python_operator.py for tasks to queue
[2024-02-14T20:51:01.445+0000] {logging_mixin.py:188} INFO - [2024-02-14T20:51:01.444+0000] {dagbag.py:538} INFO - Filling up the DagBag from /home/airflow/.local/lib/python3.8/site-packages/airflow/example_dags/example_python_operator.py
[2024-02-14T20:51:01.488+0000] {processor.py:840} INFO - DAG(s) 'example_python_operator' retrieved from /home/airflow/.local/lib/python3.8/site-packages/airflow/example_dags/example_python_operator.py
[2024-02-14T20:51:01.621+0000] {logging_mixin.py:188} INFO - [2024-02-14T20:51:01.621+0000] {dag.py:3036} INFO - Sync 1 DAGs
[2024-02-14T20:51:01.675+0000] {logging_mixin.py:188} INFO - [2024-02-14T20:51:01.675+0000] {dag.py:3823} INFO - Setting next_dagrun for example_python_operator to None, run_after=None
[2024-02-14T20:51:01.718+0000] {processor.py:183} INFO - Processing /home/airflow/.local/lib/python3.8/site-packages/airflow/example_dags/example_python_operator.py took 0.293 seconds
[2024-02-14T20:51:32.673+0000] {processor.py:161} INFO - Started process (PID=6729) to work on /home/airflow/.local/lib/python3.8/site-packages/airflow/example_dags/example_python_operator.py
[2024-02-14T20:51:32.676+0000] {processor.py:830} INFO - Processing file /home/airflow/.local/lib/python3.8/site-packages/airflow/example_dags/example_python_operator.py for tasks to queue
[2024-02-14T20:51:32.681+0000] {logging_mixin.py:188} INFO - [2024-02-14T20:51:32.679+0000] {dagbag.py:538} INFO - Filling up the DagBag from /home/airflow/.local/lib/python3.8/site-packages/airflow/example_dags/example_python_operator.py
[2024-02-14T20:51:32.719+0000] {processor.py:840} INFO - DAG(s) 'example_python_operator' retrieved from /home/airflow/.local/lib/python3.8/site-packages/airflow/example_dags/example_python_operator.py
[2024-02-14T20:51:32.768+0000] {logging_mixin.py:188} INFO - [2024-02-14T20:51:32.768+0000] {dag.py:3036} INFO - Sync 1 DAGs
[2024-02-14T20:51:32.795+0000] {logging_mixin.py:188} INFO - [2024-02-14T20:51:32.794+0000] {dag.py:3823} INFO - Setting next_dagrun for example_python_operator to None, run_after=None
[2024-02-14T20:51:32.852+0000] {processor.py:183} INFO - Processing /home/airflow/.local/lib/python3.8/site-packages/airflow/example_dags/example_python_operator.py took 0.192 seconds
[2024-02-14T20:52:02.968+0000] {processor.py:161} INFO - Started process (PID=6974) to work on /home/airflow/.local/lib/python3.8/site-packages/airflow/example_dags/example_python_operator.py
[2024-02-14T20:52:02.970+0000] {processor.py:830} INFO - Processing file /home/airflow/.local/lib/python3.8/site-packages/airflow/example_dags/example_python_operator.py for tasks to queue
[2024-02-14T20:52:02.971+0000] {logging_mixin.py:188} INFO - [2024-02-14T20:52:02.971+0000] {dagbag.py:538} INFO - Filling up the DagBag from /home/airflow/.local/lib/python3.8/site-packages/airflow/example_dags/example_python_operator.py
[2024-02-14T20:52:02.988+0000] {processor.py:840} INFO - DAG(s) 'example_python_operator' retrieved from /home/airflow/.local/lib/python3.8/site-packages/airflow/example_dags/example_python_operator.py
[2024-02-14T20:52:03.020+0000] {logging_mixin.py:188} INFO - [2024-02-14T20:52:03.020+0000] {dag.py:3036} INFO - Sync 1 DAGs
[2024-02-14T20:52:03.039+0000] {logging_mixin.py:188} INFO - [2024-02-14T20:52:03.039+0000] {dag.py:3823} INFO - Setting next_dagrun for example_python_operator to None, run_after=None
[2024-02-14T20:52:03.067+0000] {processor.py:183} INFO - Processing /home/airflow/.local/lib/python3.8/site-packages/airflow/example_dags/example_python_operator.py took 0.103 seconds
[2024-02-14T20:52:34.225+0000] {processor.py:161} INFO - Started process (PID=7221) to work on /home/airflow/.local/lib/python3.8/site-packages/airflow/example_dags/example_python_operator.py
[2024-02-14T20:52:34.227+0000] {processor.py:830} INFO - Processing file /home/airflow/.local/lib/python3.8/site-packages/airflow/example_dags/example_python_operator.py for tasks to queue
[2024-02-14T20:52:34.230+0000] {logging_mixin.py:188} INFO - [2024-02-14T20:52:34.229+0000] {dagbag.py:538} INFO - Filling up the DagBag from /home/airflow/.local/lib/python3.8/site-packages/airflow/example_dags/example_python_operator.py
[2024-02-14T20:52:34.254+0000] {processor.py:840} INFO - DAG(s) 'example_python_operator' retrieved from /home/airflow/.local/lib/python3.8/site-packages/airflow/example_dags/example_python_operator.py
[2024-02-14T20:52:34.343+0000] {logging_mixin.py:188} INFO - [2024-02-14T20:52:34.343+0000] {dag.py:3036} INFO - Sync 1 DAGs
[2024-02-14T20:52:34.390+0000] {logging_mixin.py:188} INFO - [2024-02-14T20:52:34.390+0000] {dag.py:3823} INFO - Setting next_dagrun for example_python_operator to None, run_after=None
[2024-02-14T20:52:34.460+0000] {processor.py:183} INFO - Processing /home/airflow/.local/lib/python3.8/site-packages/airflow/example_dags/example_python_operator.py took 0.243 seconds
[2024-02-14T20:53:04.771+0000] {processor.py:161} INFO - Started process (PID=7465) to work on /home/airflow/.local/lib/python3.8/site-packages/airflow/example_dags/example_python_operator.py
[2024-02-14T20:53:04.773+0000] {processor.py:830} INFO - Processing file /home/airflow/.local/lib/python3.8/site-packages/airflow/example_dags/example_python_operator.py for tasks to queue
[2024-02-14T20:53:04.775+0000] {logging_mixin.py:188} INFO - [2024-02-14T20:53:04.774+0000] {dagbag.py:538} INFO - Filling up the DagBag from /home/airflow/.local/lib/python3.8/site-packages/airflow/example_dags/example_python_operator.py
[2024-02-14T20:53:04.791+0000] {processor.py:840} INFO - DAG(s) 'example_python_operator' retrieved from /home/airflow/.local/lib/python3.8/site-packages/airflow/example_dags/example_python_operator.py
[2024-02-14T20:53:04.826+0000] {logging_mixin.py:188} INFO - [2024-02-14T20:53:04.825+0000] {dag.py:3036} INFO - Sync 1 DAGs
[2024-02-14T20:53:04.846+0000] {logging_mixin.py:188} INFO - [2024-02-14T20:53:04.845+0000] {dag.py:3823} INFO - Setting next_dagrun for example_python_operator to None, run_after=None
[2024-02-14T20:53:04.879+0000] {processor.py:183} INFO - Processing /home/airflow/.local/lib/python3.8/site-packages/airflow/example_dags/example_python_operator.py took 0.113 seconds
[2024-02-14T20:53:35.286+0000] {processor.py:161} INFO - Started process (PID=7710) to work on /home/airflow/.local/lib/python3.8/site-packages/airflow/example_dags/example_python_operator.py
[2024-02-14T20:53:35.290+0000] {processor.py:830} INFO - Processing file /home/airflow/.local/lib/python3.8/site-packages/airflow/example_dags/example_python_operator.py for tasks to queue
[2024-02-14T20:53:35.295+0000] {logging_mixin.py:188} INFO - [2024-02-14T20:53:35.294+0000] {dagbag.py:538} INFO - Filling up the DagBag from /home/airflow/.local/lib/python3.8/site-packages/airflow/example_dags/example_python_operator.py
[2024-02-14T20:53:35.346+0000] {processor.py:840} INFO - DAG(s) 'example_python_operator' retrieved from /home/airflow/.local/lib/python3.8/site-packages/airflow/example_dags/example_python_operator.py
[2024-02-14T20:53:35.441+0000] {logging_mixin.py:188} INFO - [2024-02-14T20:53:35.440+0000] {dag.py:3036} INFO - Sync 1 DAGs
[2024-02-14T20:53:35.493+0000] {logging_mixin.py:188} INFO - [2024-02-14T20:53:35.492+0000] {dag.py:3823} INFO - Setting next_dagrun for example_python_operator to None, run_after=None
[2024-02-14T20:53:35.582+0000] {processor.py:183} INFO - Processing /home/airflow/.local/lib/python3.8/site-packages/airflow/example_dags/example_python_operator.py took 0.310 seconds
[2024-02-14T20:54:05.956+0000] {processor.py:161} INFO - Started process (PID=7957) to work on /home/airflow/.local/lib/python3.8/site-packages/airflow/example_dags/example_python_operator.py
[2024-02-14T20:54:05.962+0000] {processor.py:830} INFO - Processing file /home/airflow/.local/lib/python3.8/site-packages/airflow/example_dags/example_python_operator.py for tasks to queue
[2024-02-14T20:54:05.969+0000] {logging_mixin.py:188} INFO - [2024-02-14T20:54:05.966+0000] {dagbag.py:538} INFO - Filling up the DagBag from /home/airflow/.local/lib/python3.8/site-packages/airflow/example_dags/example_python_operator.py
[2024-02-14T20:54:06.005+0000] {processor.py:840} INFO - DAG(s) 'example_python_operator' retrieved from /home/airflow/.local/lib/python3.8/site-packages/airflow/example_dags/example_python_operator.py
[2024-02-14T20:54:06.053+0000] {logging_mixin.py:188} INFO - [2024-02-14T20:54:06.051+0000] {dag.py:3036} INFO - Sync 1 DAGs
[2024-02-14T20:54:06.086+0000] {logging_mixin.py:188} INFO - [2024-02-14T20:54:06.086+0000] {dag.py:3823} INFO - Setting next_dagrun for example_python_operator to None, run_after=None
[2024-02-14T20:54:06.131+0000] {processor.py:183} INFO - Processing /home/airflow/.local/lib/python3.8/site-packages/airflow/example_dags/example_python_operator.py took 0.195 seconds
[2024-02-14T20:54:36.269+0000] {processor.py:161} INFO - Started process (PID=8204) to work on /home/airflow/.local/lib/python3.8/site-packages/airflow/example_dags/example_python_operator.py
[2024-02-14T20:54:36.273+0000] {processor.py:830} INFO - Processing file /home/airflow/.local/lib/python3.8/site-packages/airflow/example_dags/example_python_operator.py for tasks to queue
[2024-02-14T20:54:36.277+0000] {logging_mixin.py:188} INFO - [2024-02-14T20:54:36.276+0000] {dagbag.py:538} INFO - Filling up the DagBag from /home/airflow/.local/lib/python3.8/site-packages/airflow/example_dags/example_python_operator.py
[2024-02-14T20:54:36.327+0000] {processor.py:840} INFO - DAG(s) 'example_python_operator' retrieved from /home/airflow/.local/lib/python3.8/site-packages/airflow/example_dags/example_python_operator.py
[2024-02-14T20:54:36.393+0000] {logging_mixin.py:188} INFO - [2024-02-14T20:54:36.393+0000] {dag.py:3036} INFO - Sync 1 DAGs
[2024-02-14T20:54:36.417+0000] {logging_mixin.py:188} INFO - [2024-02-14T20:54:36.417+0000] {dag.py:3823} INFO - Setting next_dagrun for example_python_operator to None, run_after=None
[2024-02-14T20:54:36.477+0000] {processor.py:183} INFO - Processing /home/airflow/.local/lib/python3.8/site-packages/airflow/example_dags/example_python_operator.py took 0.222 seconds
[2024-02-14T20:55:06.653+0000] {processor.py:161} INFO - Started process (PID=8451) to work on /home/airflow/.local/lib/python3.8/site-packages/airflow/example_dags/example_python_operator.py
[2024-02-14T20:55:06.655+0000] {processor.py:830} INFO - Processing file /home/airflow/.local/lib/python3.8/site-packages/airflow/example_dags/example_python_operator.py for tasks to queue
[2024-02-14T20:55:06.657+0000] {logging_mixin.py:188} INFO - [2024-02-14T20:55:06.656+0000] {dagbag.py:538} INFO - Filling up the DagBag from /home/airflow/.local/lib/python3.8/site-packages/airflow/example_dags/example_python_operator.py
[2024-02-14T20:55:06.684+0000] {processor.py:840} INFO - DAG(s) 'example_python_operator' retrieved from /home/airflow/.local/lib/python3.8/site-packages/airflow/example_dags/example_python_operator.py
[2024-02-14T20:55:06.765+0000] {logging_mixin.py:188} INFO - [2024-02-14T20:55:06.765+0000] {dag.py:3036} INFO - Sync 1 DAGs
[2024-02-14T20:55:06.802+0000] {logging_mixin.py:188} INFO - [2024-02-14T20:55:06.802+0000] {dag.py:3823} INFO - Setting next_dagrun for example_python_operator to None, run_after=None
[2024-02-14T20:55:06.853+0000] {processor.py:183} INFO - Processing /home/airflow/.local/lib/python3.8/site-packages/airflow/example_dags/example_python_operator.py took 0.207 seconds
[2024-02-14T20:55:37.606+0000] {processor.py:161} INFO - Started process (PID=8698) to work on /home/airflow/.local/lib/python3.8/site-packages/airflow/example_dags/example_python_operator.py
[2024-02-14T20:55:37.608+0000] {processor.py:830} INFO - Processing file /home/airflow/.local/lib/python3.8/site-packages/airflow/example_dags/example_python_operator.py for tasks to queue
[2024-02-14T20:55:37.610+0000] {logging_mixin.py:188} INFO - [2024-02-14T20:55:37.610+0000] {dagbag.py:538} INFO - Filling up the DagBag from /home/airflow/.local/lib/python3.8/site-packages/airflow/example_dags/example_python_operator.py
[2024-02-14T20:55:37.631+0000] {processor.py:840} INFO - DAG(s) 'example_python_operator' retrieved from /home/airflow/.local/lib/python3.8/site-packages/airflow/example_dags/example_python_operator.py
[2024-02-14T20:55:37.682+0000] {logging_mixin.py:188} INFO - [2024-02-14T20:55:37.681+0000] {dag.py:3036} INFO - Sync 1 DAGs
[2024-02-14T20:55:37.705+0000] {logging_mixin.py:188} INFO - [2024-02-14T20:55:37.704+0000] {dag.py:3823} INFO - Setting next_dagrun for example_python_operator to None, run_after=None
[2024-02-14T20:55:37.740+0000] {processor.py:183} INFO - Processing /home/airflow/.local/lib/python3.8/site-packages/airflow/example_dags/example_python_operator.py took 0.142 seconds
[2024-02-14T20:56:08.069+0000] {processor.py:161} INFO - Started process (PID=8945) to work on /home/airflow/.local/lib/python3.8/site-packages/airflow/example_dags/example_python_operator.py
[2024-02-14T20:56:08.072+0000] {processor.py:830} INFO - Processing file /home/airflow/.local/lib/python3.8/site-packages/airflow/example_dags/example_python_operator.py for tasks to queue
[2024-02-14T20:56:08.077+0000] {logging_mixin.py:188} INFO - [2024-02-14T20:56:08.075+0000] {dagbag.py:538} INFO - Filling up the DagBag from /home/airflow/.local/lib/python3.8/site-packages/airflow/example_dags/example_python_operator.py
[2024-02-14T20:56:08.108+0000] {processor.py:840} INFO - DAG(s) 'example_python_operator' retrieved from /home/airflow/.local/lib/python3.8/site-packages/airflow/example_dags/example_python_operator.py
[2024-02-14T20:56:08.187+0000] {logging_mixin.py:188} INFO - [2024-02-14T20:56:08.186+0000] {dag.py:3036} INFO - Sync 1 DAGs
[2024-02-14T20:56:08.242+0000] {logging_mixin.py:188} INFO - [2024-02-14T20:56:08.241+0000] {dag.py:3823} INFO - Setting next_dagrun for example_python_operator to None, run_after=None
[2024-02-14T20:56:08.331+0000] {processor.py:183} INFO - Processing /home/airflow/.local/lib/python3.8/site-packages/airflow/example_dags/example_python_operator.py took 0.273 seconds
[2024-02-14T20:56:39.533+0000] {processor.py:161} INFO - Started process (PID=9191) to work on /home/airflow/.local/lib/python3.8/site-packages/airflow/example_dags/example_python_operator.py
[2024-02-14T20:56:39.535+0000] {processor.py:830} INFO - Processing file /home/airflow/.local/lib/python3.8/site-packages/airflow/example_dags/example_python_operator.py for tasks to queue
[2024-02-14T20:56:39.537+0000] {logging_mixin.py:188} INFO - [2024-02-14T20:56:39.537+0000] {dagbag.py:538} INFO - Filling up the DagBag from /home/airflow/.local/lib/python3.8/site-packages/airflow/example_dags/example_python_operator.py
[2024-02-14T20:56:39.560+0000] {processor.py:840} INFO - DAG(s) 'example_python_operator' retrieved from /home/airflow/.local/lib/python3.8/site-packages/airflow/example_dags/example_python_operator.py
[2024-02-14T20:56:39.603+0000] {logging_mixin.py:188} INFO - [2024-02-14T20:56:39.603+0000] {dag.py:3036} INFO - Sync 1 DAGs
[2024-02-14T20:56:39.628+0000] {logging_mixin.py:188} INFO - [2024-02-14T20:56:39.627+0000] {dag.py:3823} INFO - Setting next_dagrun for example_python_operator to None, run_after=None
[2024-02-14T20:56:39.665+0000] {processor.py:183} INFO - Processing /home/airflow/.local/lib/python3.8/site-packages/airflow/example_dags/example_python_operator.py took 0.141 seconds
[2024-02-14T20:57:10.535+0000] {processor.py:161} INFO - Started process (PID=9438) to work on /home/airflow/.local/lib/python3.8/site-packages/airflow/example_dags/example_python_operator.py
[2024-02-14T20:57:10.538+0000] {processor.py:830} INFO - Processing file /home/airflow/.local/lib/python3.8/site-packages/airflow/example_dags/example_python_operator.py for tasks to queue
[2024-02-14T20:57:10.542+0000] {logging_mixin.py:188} INFO - [2024-02-14T20:57:10.541+0000] {dagbag.py:538} INFO - Filling up the DagBag from /home/airflow/.local/lib/python3.8/site-packages/airflow/example_dags/example_python_operator.py
[2024-02-14T20:57:10.574+0000] {processor.py:840} INFO - DAG(s) 'example_python_operator' retrieved from /home/airflow/.local/lib/python3.8/site-packages/airflow/example_dags/example_python_operator.py
[2024-02-14T20:57:10.644+0000] {logging_mixin.py:188} INFO - [2024-02-14T20:57:10.643+0000] {dag.py:3036} INFO - Sync 1 DAGs
[2024-02-14T20:57:10.685+0000] {logging_mixin.py:188} INFO - [2024-02-14T20:57:10.684+0000] {dag.py:3823} INFO - Setting next_dagrun for example_python_operator to None, run_after=None
[2024-02-14T20:57:10.778+0000] {processor.py:183} INFO - Processing /home/airflow/.local/lib/python3.8/site-packages/airflow/example_dags/example_python_operator.py took 0.252 seconds
[2024-02-14T20:57:41.396+0000] {processor.py:161} INFO - Started process (PID=9687) to work on /home/airflow/.local/lib/python3.8/site-packages/airflow/example_dags/example_python_operator.py
[2024-02-14T20:57:41.399+0000] {processor.py:830} INFO - Processing file /home/airflow/.local/lib/python3.8/site-packages/airflow/example_dags/example_python_operator.py for tasks to queue
[2024-02-14T20:57:41.401+0000] {logging_mixin.py:188} INFO - [2024-02-14T20:57:41.400+0000] {dagbag.py:538} INFO - Filling up the DagBag from /home/airflow/.local/lib/python3.8/site-packages/airflow/example_dags/example_python_operator.py
[2024-02-14T20:57:41.426+0000] {processor.py:840} INFO - DAG(s) 'example_python_operator' retrieved from /home/airflow/.local/lib/python3.8/site-packages/airflow/example_dags/example_python_operator.py
[2024-02-14T20:57:41.485+0000] {logging_mixin.py:188} INFO - [2024-02-14T20:57:41.485+0000] {dag.py:3036} INFO - Sync 1 DAGs
[2024-02-14T20:57:41.519+0000] {logging_mixin.py:188} INFO - [2024-02-14T20:57:41.519+0000] {dag.py:3823} INFO - Setting next_dagrun for example_python_operator to None, run_after=None
[2024-02-14T20:57:41.572+0000] {processor.py:183} INFO - Processing /home/airflow/.local/lib/python3.8/site-packages/airflow/example_dags/example_python_operator.py took 0.187 seconds
