[2024-02-14T20:38:13.084+0000] {processor.py:161} INFO - Started process (PID=302) to work on /home/airflow/.local/lib/python3.8/site-packages/airflow/example_dags/example_sla_dag.py
[2024-02-14T20:38:13.091+0000] {processor.py:830} INFO - Processing file /home/airflow/.local/lib/python3.8/site-packages/airflow/example_dags/example_sla_dag.py for tasks to queue
[2024-02-14T20:38:13.098+0000] {logging_mixin.py:188} INFO - [2024-02-14T20:38:13.097+0000] {dagbag.py:538} INFO - Filling up the DagBag from /home/airflow/.local/lib/python3.8/site-packages/airflow/example_dags/example_sla_dag.py
[2024-02-14T20:38:13.161+0000] {processor.py:840} INFO - DAG(s) 'example_sla_dag' retrieved from /home/airflow/.local/lib/python3.8/site-packages/airflow/example_dags/example_sla_dag.py
[2024-02-14T20:38:13.435+0000] {logging_mixin.py:188} INFO - [2024-02-14T20:38:13.435+0000] {dag.py:3036} INFO - Sync 1 DAGs
[2024-02-14T20:38:13.501+0000] {logging_mixin.py:188} INFO - [2024-02-14T20:38:13.500+0000] {dag.py:3823} INFO - Setting next_dagrun for example_sla_dag to 2024-02-14 20:36:00+00:00, run_after=2024-02-14 20:38:00+00:00
[2024-02-14T20:38:13.561+0000] {processor.py:183} INFO - Processing /home/airflow/.local/lib/python3.8/site-packages/airflow/example_dags/example_sla_dag.py took 0.493 seconds
[2024-02-14T20:38:43.813+0000] {processor.py:161} INFO - Started process (PID=551) to work on /home/airflow/.local/lib/python3.8/site-packages/airflow/example_dags/example_sla_dag.py
[2024-02-14T20:38:43.817+0000] {processor.py:830} INFO - Processing file /home/airflow/.local/lib/python3.8/site-packages/airflow/example_dags/example_sla_dag.py for tasks to queue
[2024-02-14T20:38:43.820+0000] {logging_mixin.py:188} INFO - [2024-02-14T20:38:43.819+0000] {dagbag.py:538} INFO - Filling up the DagBag from /home/airflow/.local/lib/python3.8/site-packages/airflow/example_dags/example_sla_dag.py
[2024-02-14T20:38:43.854+0000] {processor.py:840} INFO - DAG(s) 'example_sla_dag' retrieved from /home/airflow/.local/lib/python3.8/site-packages/airflow/example_dags/example_sla_dag.py
[2024-02-14T20:38:43.900+0000] {logging_mixin.py:188} INFO - [2024-02-14T20:38:43.899+0000] {dag.py:3036} INFO - Sync 1 DAGs
[2024-02-14T20:38:43.944+0000] {logging_mixin.py:188} INFO - [2024-02-14T20:38:43.944+0000] {dag.py:3823} INFO - Setting next_dagrun for example_sla_dag to 2024-02-14 20:36:00+00:00, run_after=2024-02-14 20:38:00+00:00
[2024-02-14T20:38:43.972+0000] {processor.py:183} INFO - Processing /home/airflow/.local/lib/python3.8/site-packages/airflow/example_dags/example_sla_dag.py took 0.172 seconds
[2024-02-14T20:39:14.894+0000] {processor.py:161} INFO - Started process (PID=798) to work on /home/airflow/.local/lib/python3.8/site-packages/airflow/example_dags/example_sla_dag.py
[2024-02-14T20:39:14.896+0000] {processor.py:830} INFO - Processing file /home/airflow/.local/lib/python3.8/site-packages/airflow/example_dags/example_sla_dag.py for tasks to queue
[2024-02-14T20:39:14.897+0000] {logging_mixin.py:188} INFO - [2024-02-14T20:39:14.897+0000] {dagbag.py:538} INFO - Filling up the DagBag from /home/airflow/.local/lib/python3.8/site-packages/airflow/example_dags/example_sla_dag.py
[2024-02-14T20:39:14.910+0000] {processor.py:840} INFO - DAG(s) 'example_sla_dag' retrieved from /home/airflow/.local/lib/python3.8/site-packages/airflow/example_dags/example_sla_dag.py
[2024-02-14T20:39:14.940+0000] {logging_mixin.py:188} INFO - [2024-02-14T20:39:14.940+0000] {dag.py:3036} INFO - Sync 1 DAGs
[2024-02-14T20:39:14.977+0000] {logging_mixin.py:188} INFO - [2024-02-14T20:39:14.977+0000] {dag.py:3823} INFO - Setting next_dagrun for example_sla_dag to 2024-02-14 20:36:00+00:00, run_after=2024-02-14 20:38:00+00:00
[2024-02-14T20:39:15.005+0000] {processor.py:183} INFO - Processing /home/airflow/.local/lib/python3.8/site-packages/airflow/example_dags/example_sla_dag.py took 0.115 seconds
[2024-02-14T20:39:46.034+0000] {processor.py:161} INFO - Started process (PID=1045) to work on /home/airflow/.local/lib/python3.8/site-packages/airflow/example_dags/example_sla_dag.py
[2024-02-14T20:39:46.035+0000] {processor.py:830} INFO - Processing file /home/airflow/.local/lib/python3.8/site-packages/airflow/example_dags/example_sla_dag.py for tasks to queue
[2024-02-14T20:39:46.037+0000] {logging_mixin.py:188} INFO - [2024-02-14T20:39:46.036+0000] {dagbag.py:538} INFO - Filling up the DagBag from /home/airflow/.local/lib/python3.8/site-packages/airflow/example_dags/example_sla_dag.py
[2024-02-14T20:39:46.055+0000] {processor.py:840} INFO - DAG(s) 'example_sla_dag' retrieved from /home/airflow/.local/lib/python3.8/site-packages/airflow/example_dags/example_sla_dag.py
[2024-02-14T20:39:46.119+0000] {logging_mixin.py:188} INFO - [2024-02-14T20:39:46.119+0000] {dag.py:3036} INFO - Sync 1 DAGs
[2024-02-14T20:39:46.230+0000] {logging_mixin.py:188} INFO - [2024-02-14T20:39:46.229+0000] {dag.py:3823} INFO - Setting next_dagrun for example_sla_dag to 2024-02-14 20:36:00+00:00, run_after=2024-02-14 20:38:00+00:00
[2024-02-14T20:39:46.300+0000] {processor.py:183} INFO - Processing /home/airflow/.local/lib/python3.8/site-packages/airflow/example_dags/example_sla_dag.py took 0.271 seconds
[2024-02-14T20:40:17.172+0000] {processor.py:161} INFO - Started process (PID=1293) to work on /home/airflow/.local/lib/python3.8/site-packages/airflow/example_dags/example_sla_dag.py
[2024-02-14T20:40:17.176+0000] {processor.py:830} INFO - Processing file /home/airflow/.local/lib/python3.8/site-packages/airflow/example_dags/example_sla_dag.py for tasks to queue
[2024-02-14T20:40:17.181+0000] {logging_mixin.py:188} INFO - [2024-02-14T20:40:17.179+0000] {dagbag.py:538} INFO - Filling up the DagBag from /home/airflow/.local/lib/python3.8/site-packages/airflow/example_dags/example_sla_dag.py
[2024-02-14T20:40:17.217+0000] {processor.py:840} INFO - DAG(s) 'example_sla_dag' retrieved from /home/airflow/.local/lib/python3.8/site-packages/airflow/example_dags/example_sla_dag.py
[2024-02-14T20:40:17.300+0000] {logging_mixin.py:188} INFO - [2024-02-14T20:40:17.299+0000] {dag.py:3036} INFO - Sync 1 DAGs
[2024-02-14T20:40:17.425+0000] {logging_mixin.py:188} INFO - [2024-02-14T20:40:17.424+0000] {dag.py:3823} INFO - Setting next_dagrun for example_sla_dag to 2024-02-14 20:38:00+00:00, run_after=2024-02-14 20:40:00+00:00
[2024-02-14T20:40:17.560+0000] {processor.py:183} INFO - Processing /home/airflow/.local/lib/python3.8/site-packages/airflow/example_dags/example_sla_dag.py took 0.408 seconds
[2024-02-14T20:40:47.974+0000] {processor.py:161} INFO - Started process (PID=1538) to work on /home/airflow/.local/lib/python3.8/site-packages/airflow/example_dags/example_sla_dag.py
[2024-02-14T20:40:47.978+0000] {processor.py:830} INFO - Processing file /home/airflow/.local/lib/python3.8/site-packages/airflow/example_dags/example_sla_dag.py for tasks to queue
[2024-02-14T20:40:47.981+0000] {logging_mixin.py:188} INFO - [2024-02-14T20:40:47.980+0000] {dagbag.py:538} INFO - Filling up the DagBag from /home/airflow/.local/lib/python3.8/site-packages/airflow/example_dags/example_sla_dag.py
[2024-02-14T20:40:48.021+0000] {processor.py:840} INFO - DAG(s) 'example_sla_dag' retrieved from /home/airflow/.local/lib/python3.8/site-packages/airflow/example_dags/example_sla_dag.py
[2024-02-14T20:40:48.104+0000] {logging_mixin.py:188} INFO - [2024-02-14T20:40:48.104+0000] {dag.py:3036} INFO - Sync 1 DAGs
[2024-02-14T20:40:48.207+0000] {logging_mixin.py:188} INFO - [2024-02-14T20:40:48.205+0000] {dag.py:3823} INFO - Setting next_dagrun for example_sla_dag to 2024-02-14 20:38:00+00:00, run_after=2024-02-14 20:40:00+00:00
[2024-02-14T20:40:48.319+0000] {processor.py:183} INFO - Processing /home/airflow/.local/lib/python3.8/site-packages/airflow/example_dags/example_sla_dag.py took 0.360 seconds
[2024-02-14T20:41:18.629+0000] {processor.py:161} INFO - Started process (PID=1785) to work on /home/airflow/.local/lib/python3.8/site-packages/airflow/example_dags/example_sla_dag.py
[2024-02-14T20:41:18.633+0000] {processor.py:830} INFO - Processing file /home/airflow/.local/lib/python3.8/site-packages/airflow/example_dags/example_sla_dag.py for tasks to queue
[2024-02-14T20:41:18.636+0000] {logging_mixin.py:188} INFO - [2024-02-14T20:41:18.635+0000] {dagbag.py:538} INFO - Filling up the DagBag from /home/airflow/.local/lib/python3.8/site-packages/airflow/example_dags/example_sla_dag.py
[2024-02-14T20:41:18.658+0000] {processor.py:840} INFO - DAG(s) 'example_sla_dag' retrieved from /home/airflow/.local/lib/python3.8/site-packages/airflow/example_dags/example_sla_dag.py
[2024-02-14T20:41:18.707+0000] {logging_mixin.py:188} INFO - [2024-02-14T20:41:18.706+0000] {dag.py:3036} INFO - Sync 1 DAGs
[2024-02-14T20:41:18.788+0000] {logging_mixin.py:188} INFO - [2024-02-14T20:41:18.788+0000] {dag.py:3823} INFO - Setting next_dagrun for example_sla_dag to 2024-02-14 20:38:00+00:00, run_after=2024-02-14 20:40:00+00:00
[2024-02-14T20:41:18.837+0000] {processor.py:183} INFO - Processing /home/airflow/.local/lib/python3.8/site-packages/airflow/example_dags/example_sla_dag.py took 0.217 seconds
[2024-02-14T20:41:49.271+0000] {processor.py:161} INFO - Started process (PID=2032) to work on /home/airflow/.local/lib/python3.8/site-packages/airflow/example_dags/example_sla_dag.py
[2024-02-14T20:41:49.273+0000] {processor.py:830} INFO - Processing file /home/airflow/.local/lib/python3.8/site-packages/airflow/example_dags/example_sla_dag.py for tasks to queue
[2024-02-14T20:41:49.275+0000] {logging_mixin.py:188} INFO - [2024-02-14T20:41:49.274+0000] {dagbag.py:538} INFO - Filling up the DagBag from /home/airflow/.local/lib/python3.8/site-packages/airflow/example_dags/example_sla_dag.py
[2024-02-14T20:41:49.293+0000] {processor.py:840} INFO - DAG(s) 'example_sla_dag' retrieved from /home/airflow/.local/lib/python3.8/site-packages/airflow/example_dags/example_sla_dag.py
[2024-02-14T20:41:49.335+0000] {logging_mixin.py:188} INFO - [2024-02-14T20:41:49.334+0000] {dag.py:3036} INFO - Sync 1 DAGs
[2024-02-14T20:41:49.388+0000] {logging_mixin.py:188} INFO - [2024-02-14T20:41:49.387+0000] {dag.py:3823} INFO - Setting next_dagrun for example_sla_dag to 2024-02-14 20:38:00+00:00, run_after=2024-02-14 20:40:00+00:00
[2024-02-14T20:41:49.427+0000] {processor.py:183} INFO - Processing /home/airflow/.local/lib/python3.8/site-packages/airflow/example_dags/example_sla_dag.py took 0.164 seconds
[2024-02-14T20:42:20.135+0000] {processor.py:161} INFO - Started process (PID=2279) to work on /home/airflow/.local/lib/python3.8/site-packages/airflow/example_dags/example_sla_dag.py
[2024-02-14T20:42:20.138+0000] {processor.py:830} INFO - Processing file /home/airflow/.local/lib/python3.8/site-packages/airflow/example_dags/example_sla_dag.py for tasks to queue
[2024-02-14T20:42:20.143+0000] {logging_mixin.py:188} INFO - [2024-02-14T20:42:20.142+0000] {dagbag.py:538} INFO - Filling up the DagBag from /home/airflow/.local/lib/python3.8/site-packages/airflow/example_dags/example_sla_dag.py
[2024-02-14T20:42:20.185+0000] {processor.py:840} INFO - DAG(s) 'example_sla_dag' retrieved from /home/airflow/.local/lib/python3.8/site-packages/airflow/example_dags/example_sla_dag.py
[2024-02-14T20:42:20.277+0000] {logging_mixin.py:188} INFO - [2024-02-14T20:42:20.276+0000] {dag.py:3036} INFO - Sync 1 DAGs
[2024-02-14T20:42:20.342+0000] {logging_mixin.py:188} INFO - [2024-02-14T20:42:20.341+0000] {dag.py:3823} INFO - Setting next_dagrun for example_sla_dag to 2024-02-14 20:40:00+00:00, run_after=2024-02-14 20:42:00+00:00
[2024-02-14T20:42:20.379+0000] {processor.py:183} INFO - Processing /home/airflow/.local/lib/python3.8/site-packages/airflow/example_dags/example_sla_dag.py took 0.259 seconds
[2024-02-14T20:42:50.660+0000] {processor.py:161} INFO - Started process (PID=2527) to work on /home/airflow/.local/lib/python3.8/site-packages/airflow/example_dags/example_sla_dag.py
[2024-02-14T20:42:50.662+0000] {processor.py:830} INFO - Processing file /home/airflow/.local/lib/python3.8/site-packages/airflow/example_dags/example_sla_dag.py for tasks to queue
[2024-02-14T20:42:50.665+0000] {logging_mixin.py:188} INFO - [2024-02-14T20:42:50.664+0000] {dagbag.py:538} INFO - Filling up the DagBag from /home/airflow/.local/lib/python3.8/site-packages/airflow/example_dags/example_sla_dag.py
[2024-02-14T20:42:50.690+0000] {processor.py:840} INFO - DAG(s) 'example_sla_dag' retrieved from /home/airflow/.local/lib/python3.8/site-packages/airflow/example_dags/example_sla_dag.py
[2024-02-14T20:42:50.743+0000] {logging_mixin.py:188} INFO - [2024-02-14T20:42:50.742+0000] {dag.py:3036} INFO - Sync 1 DAGs
[2024-02-14T20:42:50.810+0000] {logging_mixin.py:188} INFO - [2024-02-14T20:42:50.810+0000] {dag.py:3823} INFO - Setting next_dagrun for example_sla_dag to 2024-02-14 20:40:00+00:00, run_after=2024-02-14 20:42:00+00:00
[2024-02-14T20:42:50.861+0000] {processor.py:183} INFO - Processing /home/airflow/.local/lib/python3.8/site-packages/airflow/example_dags/example_sla_dag.py took 0.211 seconds
[2024-02-14T20:43:21.253+0000] {processor.py:161} INFO - Started process (PID=2774) to work on /home/airflow/.local/lib/python3.8/site-packages/airflow/example_dags/example_sla_dag.py
[2024-02-14T20:43:21.257+0000] {processor.py:830} INFO - Processing file /home/airflow/.local/lib/python3.8/site-packages/airflow/example_dags/example_sla_dag.py for tasks to queue
[2024-02-14T20:43:21.261+0000] {logging_mixin.py:188} INFO - [2024-02-14T20:43:21.260+0000] {dagbag.py:538} INFO - Filling up the DagBag from /home/airflow/.local/lib/python3.8/site-packages/airflow/example_dags/example_sla_dag.py
[2024-02-14T20:43:21.295+0000] {processor.py:840} INFO - DAG(s) 'example_sla_dag' retrieved from /home/airflow/.local/lib/python3.8/site-packages/airflow/example_dags/example_sla_dag.py
[2024-02-14T20:43:21.367+0000] {logging_mixin.py:188} INFO - [2024-02-14T20:43:21.366+0000] {dag.py:3036} INFO - Sync 1 DAGs
[2024-02-14T20:43:21.481+0000] {logging_mixin.py:188} INFO - [2024-02-14T20:43:21.481+0000] {dag.py:3823} INFO - Setting next_dagrun for example_sla_dag to 2024-02-14 20:40:00+00:00, run_after=2024-02-14 20:42:00+00:00
[2024-02-14T20:43:21.551+0000] {processor.py:183} INFO - Processing /home/airflow/.local/lib/python3.8/site-packages/airflow/example_dags/example_sla_dag.py took 0.311 seconds
[2024-02-14T20:43:51.676+0000] {processor.py:161} INFO - Started process (PID=3022) to work on /home/airflow/.local/lib/python3.8/site-packages/airflow/example_dags/example_sla_dag.py
[2024-02-14T20:43:51.678+0000] {processor.py:830} INFO - Processing file /home/airflow/.local/lib/python3.8/site-packages/airflow/example_dags/example_sla_dag.py for tasks to queue
[2024-02-14T20:43:51.681+0000] {logging_mixin.py:188} INFO - [2024-02-14T20:43:51.680+0000] {dagbag.py:538} INFO - Filling up the DagBag from /home/airflow/.local/lib/python3.8/site-packages/airflow/example_dags/example_sla_dag.py
[2024-02-14T20:43:51.699+0000] {processor.py:840} INFO - DAG(s) 'example_sla_dag' retrieved from /home/airflow/.local/lib/python3.8/site-packages/airflow/example_dags/example_sla_dag.py
[2024-02-14T20:43:51.738+0000] {logging_mixin.py:188} INFO - [2024-02-14T20:43:51.738+0000] {dag.py:3036} INFO - Sync 1 DAGs
[2024-02-14T20:43:51.788+0000] {logging_mixin.py:188} INFO - [2024-02-14T20:43:51.787+0000] {dag.py:3823} INFO - Setting next_dagrun for example_sla_dag to 2024-02-14 20:40:00+00:00, run_after=2024-02-14 20:42:00+00:00
[2024-02-14T20:43:51.823+0000] {processor.py:183} INFO - Processing /home/airflow/.local/lib/python3.8/site-packages/airflow/example_dags/example_sla_dag.py took 0.153 seconds
[2024-02-14T20:44:22.621+0000] {processor.py:161} INFO - Started process (PID=3269) to work on /home/airflow/.local/lib/python3.8/site-packages/airflow/example_dags/example_sla_dag.py
[2024-02-14T20:44:22.626+0000] {processor.py:830} INFO - Processing file /home/airflow/.local/lib/python3.8/site-packages/airflow/example_dags/example_sla_dag.py for tasks to queue
[2024-02-14T20:44:22.630+0000] {logging_mixin.py:188} INFO - [2024-02-14T20:44:22.629+0000] {dagbag.py:538} INFO - Filling up the DagBag from /home/airflow/.local/lib/python3.8/site-packages/airflow/example_dags/example_sla_dag.py
[2024-02-14T20:44:22.665+0000] {processor.py:840} INFO - DAG(s) 'example_sla_dag' retrieved from /home/airflow/.local/lib/python3.8/site-packages/airflow/example_dags/example_sla_dag.py
[2024-02-14T20:44:22.741+0000] {logging_mixin.py:188} INFO - [2024-02-14T20:44:22.740+0000] {dag.py:3036} INFO - Sync 1 DAGs
[2024-02-14T20:44:22.846+0000] {logging_mixin.py:188} INFO - [2024-02-14T20:44:22.845+0000] {dag.py:3823} INFO - Setting next_dagrun for example_sla_dag to 2024-02-14 20:42:00+00:00, run_after=2024-02-14 20:44:00+00:00
[2024-02-14T20:44:22.911+0000] {processor.py:183} INFO - Processing /home/airflow/.local/lib/python3.8/site-packages/airflow/example_dags/example_sla_dag.py took 0.305 seconds
[2024-02-14T20:44:53.501+0000] {processor.py:161} INFO - Started process (PID=3515) to work on /home/airflow/.local/lib/python3.8/site-packages/airflow/example_dags/example_sla_dag.py
[2024-02-14T20:44:53.505+0000] {processor.py:830} INFO - Processing file /home/airflow/.local/lib/python3.8/site-packages/airflow/example_dags/example_sla_dag.py for tasks to queue
[2024-02-14T20:44:53.509+0000] {logging_mixin.py:188} INFO - [2024-02-14T20:44:53.508+0000] {dagbag.py:538} INFO - Filling up the DagBag from /home/airflow/.local/lib/python3.8/site-packages/airflow/example_dags/example_sla_dag.py
[2024-02-14T20:44:53.556+0000] {processor.py:840} INFO - DAG(s) 'example_sla_dag' retrieved from /home/airflow/.local/lib/python3.8/site-packages/airflow/example_dags/example_sla_dag.py
[2024-02-14T20:44:53.632+0000] {logging_mixin.py:188} INFO - [2024-02-14T20:44:53.632+0000] {dag.py:3036} INFO - Sync 1 DAGs
[2024-02-14T20:44:53.693+0000] {logging_mixin.py:188} INFO - [2024-02-14T20:44:53.692+0000] {dag.py:3823} INFO - Setting next_dagrun for example_sla_dag to 2024-02-14 20:42:00+00:00, run_after=2024-02-14 20:44:00+00:00
[2024-02-14T20:44:53.726+0000] {processor.py:183} INFO - Processing /home/airflow/.local/lib/python3.8/site-packages/airflow/example_dags/example_sla_dag.py took 0.239 seconds
[2024-02-14T20:45:23.921+0000] {processor.py:161} INFO - Started process (PID=3765) to work on /home/airflow/.local/lib/python3.8/site-packages/airflow/example_dags/example_sla_dag.py
[2024-02-14T20:45:23.923+0000] {processor.py:830} INFO - Processing file /home/airflow/.local/lib/python3.8/site-packages/airflow/example_dags/example_sla_dag.py for tasks to queue
[2024-02-14T20:45:23.924+0000] {logging_mixin.py:188} INFO - [2024-02-14T20:45:23.924+0000] {dagbag.py:538} INFO - Filling up the DagBag from /home/airflow/.local/lib/python3.8/site-packages/airflow/example_dags/example_sla_dag.py
[2024-02-14T20:45:23.938+0000] {processor.py:840} INFO - DAG(s) 'example_sla_dag' retrieved from /home/airflow/.local/lib/python3.8/site-packages/airflow/example_dags/example_sla_dag.py
[2024-02-14T20:45:23.971+0000] {logging_mixin.py:188} INFO - [2024-02-14T20:45:23.970+0000] {dag.py:3036} INFO - Sync 1 DAGs
[2024-02-14T20:45:24.012+0000] {logging_mixin.py:188} INFO - [2024-02-14T20:45:24.012+0000] {dag.py:3823} INFO - Setting next_dagrun for example_sla_dag to 2024-02-14 20:42:00+00:00, run_after=2024-02-14 20:44:00+00:00
[2024-02-14T20:45:24.044+0000] {processor.py:183} INFO - Processing /home/airflow/.local/lib/python3.8/site-packages/airflow/example_dags/example_sla_dag.py took 0.128 seconds
[2024-02-14T20:45:54.564+0000] {processor.py:161} INFO - Started process (PID=4012) to work on /home/airflow/.local/lib/python3.8/site-packages/airflow/example_dags/example_sla_dag.py
[2024-02-14T20:45:54.567+0000] {processor.py:830} INFO - Processing file /home/airflow/.local/lib/python3.8/site-packages/airflow/example_dags/example_sla_dag.py for tasks to queue
[2024-02-14T20:45:54.570+0000] {logging_mixin.py:188} INFO - [2024-02-14T20:45:54.569+0000] {dagbag.py:538} INFO - Filling up the DagBag from /home/airflow/.local/lib/python3.8/site-packages/airflow/example_dags/example_sla_dag.py
[2024-02-14T20:45:54.592+0000] {processor.py:840} INFO - DAG(s) 'example_sla_dag' retrieved from /home/airflow/.local/lib/python3.8/site-packages/airflow/example_dags/example_sla_dag.py
[2024-02-14T20:45:54.634+0000] {logging_mixin.py:188} INFO - [2024-02-14T20:45:54.633+0000] {dag.py:3036} INFO - Sync 1 DAGs
[2024-02-14T20:45:54.696+0000] {logging_mixin.py:188} INFO - [2024-02-14T20:45:54.695+0000] {dag.py:3823} INFO - Setting next_dagrun for example_sla_dag to 2024-02-14 20:42:00+00:00, run_after=2024-02-14 20:44:00+00:00
[2024-02-14T20:45:54.750+0000] {processor.py:183} INFO - Processing /home/airflow/.local/lib/python3.8/site-packages/airflow/example_dags/example_sla_dag.py took 0.194 seconds
[2024-02-14T20:46:24.829+0000] {processor.py:161} INFO - Started process (PID=4259) to work on /home/airflow/.local/lib/python3.8/site-packages/airflow/example_dags/example_sla_dag.py
[2024-02-14T20:46:24.830+0000] {processor.py:830} INFO - Processing file /home/airflow/.local/lib/python3.8/site-packages/airflow/example_dags/example_sla_dag.py for tasks to queue
[2024-02-14T20:46:24.832+0000] {logging_mixin.py:188} INFO - [2024-02-14T20:46:24.832+0000] {dagbag.py:538} INFO - Filling up the DagBag from /home/airflow/.local/lib/python3.8/site-packages/airflow/example_dags/example_sla_dag.py
[2024-02-14T20:46:24.844+0000] {processor.py:840} INFO - DAG(s) 'example_sla_dag' retrieved from /home/airflow/.local/lib/python3.8/site-packages/airflow/example_dags/example_sla_dag.py
[2024-02-14T20:46:24.874+0000] {logging_mixin.py:188} INFO - [2024-02-14T20:46:24.874+0000] {dag.py:3036} INFO - Sync 1 DAGs
[2024-02-14T20:46:24.910+0000] {logging_mixin.py:188} INFO - [2024-02-14T20:46:24.910+0000] {dag.py:3823} INFO - Setting next_dagrun for example_sla_dag to 2024-02-14 20:44:00+00:00, run_after=2024-02-14 20:46:00+00:00
[2024-02-14T20:46:24.940+0000] {processor.py:183} INFO - Processing /home/airflow/.local/lib/python3.8/site-packages/airflow/example_dags/example_sla_dag.py took 0.116 seconds
[2024-02-14T20:46:55.883+0000] {processor.py:161} INFO - Started process (PID=4505) to work on /home/airflow/.local/lib/python3.8/site-packages/airflow/example_dags/example_sla_dag.py
[2024-02-14T20:46:55.886+0000] {processor.py:830} INFO - Processing file /home/airflow/.local/lib/python3.8/site-packages/airflow/example_dags/example_sla_dag.py for tasks to queue
[2024-02-14T20:46:55.892+0000] {logging_mixin.py:188} INFO - [2024-02-14T20:46:55.891+0000] {dagbag.py:538} INFO - Filling up the DagBag from /home/airflow/.local/lib/python3.8/site-packages/airflow/example_dags/example_sla_dag.py
[2024-02-14T20:46:55.917+0000] {processor.py:840} INFO - DAG(s) 'example_sla_dag' retrieved from /home/airflow/.local/lib/python3.8/site-packages/airflow/example_dags/example_sla_dag.py
[2024-02-14T20:46:55.971+0000] {logging_mixin.py:188} INFO - [2024-02-14T20:46:55.971+0000] {dag.py:3036} INFO - Sync 1 DAGs
[2024-02-14T20:46:56.051+0000] {logging_mixin.py:188} INFO - [2024-02-14T20:46:56.050+0000] {dag.py:3823} INFO - Setting next_dagrun for example_sla_dag to 2024-02-14 20:44:00+00:00, run_after=2024-02-14 20:46:00+00:00
[2024-02-14T20:46:56.112+0000] {processor.py:183} INFO - Processing /home/airflow/.local/lib/python3.8/site-packages/airflow/example_dags/example_sla_dag.py took 0.241 seconds
[2024-02-14T20:47:26.853+0000] {processor.py:161} INFO - Started process (PID=4752) to work on /home/airflow/.local/lib/python3.8/site-packages/airflow/example_dags/example_sla_dag.py
[2024-02-14T20:47:26.857+0000] {processor.py:830} INFO - Processing file /home/airflow/.local/lib/python3.8/site-packages/airflow/example_dags/example_sla_dag.py for tasks to queue
[2024-02-14T20:47:26.861+0000] {logging_mixin.py:188} INFO - [2024-02-14T20:47:26.860+0000] {dagbag.py:538} INFO - Filling up the DagBag from /home/airflow/.local/lib/python3.8/site-packages/airflow/example_dags/example_sla_dag.py
[2024-02-14T20:47:26.894+0000] {processor.py:840} INFO - DAG(s) 'example_sla_dag' retrieved from /home/airflow/.local/lib/python3.8/site-packages/airflow/example_dags/example_sla_dag.py
[2024-02-14T20:47:26.968+0000] {logging_mixin.py:188} INFO - [2024-02-14T20:47:26.967+0000] {dag.py:3036} INFO - Sync 1 DAGs
[2024-02-14T20:47:27.076+0000] {logging_mixin.py:188} INFO - [2024-02-14T20:47:27.075+0000] {dag.py:3823} INFO - Setting next_dagrun for example_sla_dag to 2024-02-14 20:44:00+00:00, run_after=2024-02-14 20:46:00+00:00
[2024-02-14T20:47:27.138+0000] {processor.py:183} INFO - Processing /home/airflow/.local/lib/python3.8/site-packages/airflow/example_dags/example_sla_dag.py took 0.298 seconds
[2024-02-14T20:47:57.773+0000] {processor.py:161} INFO - Started process (PID=5001) to work on /home/airflow/.local/lib/python3.8/site-packages/airflow/example_dags/example_sla_dag.py
[2024-02-14T20:47:57.775+0000] {processor.py:830} INFO - Processing file /home/airflow/.local/lib/python3.8/site-packages/airflow/example_dags/example_sla_dag.py for tasks to queue
[2024-02-14T20:47:57.778+0000] {logging_mixin.py:188} INFO - [2024-02-14T20:47:57.777+0000] {dagbag.py:538} INFO - Filling up the DagBag from /home/airflow/.local/lib/python3.8/site-packages/airflow/example_dags/example_sla_dag.py
[2024-02-14T20:47:57.795+0000] {processor.py:840} INFO - DAG(s) 'example_sla_dag' retrieved from /home/airflow/.local/lib/python3.8/site-packages/airflow/example_dags/example_sla_dag.py
[2024-02-14T20:47:57.839+0000] {logging_mixin.py:188} INFO - [2024-02-14T20:47:57.839+0000] {dag.py:3036} INFO - Sync 1 DAGs
[2024-02-14T20:47:57.900+0000] {logging_mixin.py:188} INFO - [2024-02-14T20:47:57.899+0000] {dag.py:3823} INFO - Setting next_dagrun for example_sla_dag to 2024-02-14 20:44:00+00:00, run_after=2024-02-14 20:46:00+00:00
[2024-02-14T20:47:57.947+0000] {processor.py:183} INFO - Processing /home/airflow/.local/lib/python3.8/site-packages/airflow/example_dags/example_sla_dag.py took 0.180 seconds
[2024-02-14T20:48:28.468+0000] {processor.py:161} INFO - Started process (PID=5246) to work on /home/airflow/.local/lib/python3.8/site-packages/airflow/example_dags/example_sla_dag.py
[2024-02-14T20:48:28.473+0000] {processor.py:830} INFO - Processing file /home/airflow/.local/lib/python3.8/site-packages/airflow/example_dags/example_sla_dag.py for tasks to queue
[2024-02-14T20:48:28.477+0000] {logging_mixin.py:188} INFO - [2024-02-14T20:48:28.476+0000] {dagbag.py:538} INFO - Filling up the DagBag from /home/airflow/.local/lib/python3.8/site-packages/airflow/example_dags/example_sla_dag.py
[2024-02-14T20:48:28.500+0000] {processor.py:840} INFO - DAG(s) 'example_sla_dag' retrieved from /home/airflow/.local/lib/python3.8/site-packages/airflow/example_dags/example_sla_dag.py
[2024-02-14T20:48:28.541+0000] {logging_mixin.py:188} INFO - [2024-02-14T20:48:28.541+0000] {dag.py:3036} INFO - Sync 1 DAGs
[2024-02-14T20:48:28.615+0000] {logging_mixin.py:188} INFO - [2024-02-14T20:48:28.614+0000] {dag.py:3823} INFO - Setting next_dagrun for example_sla_dag to 2024-02-14 20:46:00+00:00, run_after=2024-02-14 20:48:00+00:00
[2024-02-14T20:48:28.680+0000] {processor.py:183} INFO - Processing /home/airflow/.local/lib/python3.8/site-packages/airflow/example_dags/example_sla_dag.py took 0.225 seconds
[2024-02-14T20:48:58.889+0000] {processor.py:161} INFO - Started process (PID=5493) to work on /home/airflow/.local/lib/python3.8/site-packages/airflow/example_dags/example_sla_dag.py
[2024-02-14T20:48:58.893+0000] {processor.py:830} INFO - Processing file /home/airflow/.local/lib/python3.8/site-packages/airflow/example_dags/example_sla_dag.py for tasks to queue
[2024-02-14T20:48:58.897+0000] {logging_mixin.py:188} INFO - [2024-02-14T20:48:58.896+0000] {dagbag.py:538} INFO - Filling up the DagBag from /home/airflow/.local/lib/python3.8/site-packages/airflow/example_dags/example_sla_dag.py
[2024-02-14T20:48:58.933+0000] {processor.py:840} INFO - DAG(s) 'example_sla_dag' retrieved from /home/airflow/.local/lib/python3.8/site-packages/airflow/example_dags/example_sla_dag.py
[2024-02-14T20:48:59.017+0000] {logging_mixin.py:188} INFO - [2024-02-14T20:48:59.016+0000] {dag.py:3036} INFO - Sync 1 DAGs
[2024-02-14T20:48:59.105+0000] {logging_mixin.py:188} INFO - [2024-02-14T20:48:59.104+0000] {dag.py:3823} INFO - Setting next_dagrun for example_sla_dag to 2024-02-14 20:46:00+00:00, run_after=2024-02-14 20:48:00+00:00
[2024-02-14T20:48:59.147+0000] {processor.py:183} INFO - Processing /home/airflow/.local/lib/python3.8/site-packages/airflow/example_dags/example_sla_dag.py took 0.272 seconds
[2024-02-14T20:49:29.759+0000] {processor.py:161} INFO - Started process (PID=5741) to work on /home/airflow/.local/lib/python3.8/site-packages/airflow/example_dags/example_sla_dag.py
[2024-02-14T20:49:29.761+0000] {processor.py:830} INFO - Processing file /home/airflow/.local/lib/python3.8/site-packages/airflow/example_dags/example_sla_dag.py for tasks to queue
[2024-02-14T20:49:29.762+0000] {logging_mixin.py:188} INFO - [2024-02-14T20:49:29.762+0000] {dagbag.py:538} INFO - Filling up the DagBag from /home/airflow/.local/lib/python3.8/site-packages/airflow/example_dags/example_sla_dag.py
[2024-02-14T20:49:29.775+0000] {processor.py:840} INFO - DAG(s) 'example_sla_dag' retrieved from /home/airflow/.local/lib/python3.8/site-packages/airflow/example_dags/example_sla_dag.py
[2024-02-14T20:49:29.810+0000] {logging_mixin.py:188} INFO - [2024-02-14T20:49:29.810+0000] {dag.py:3036} INFO - Sync 1 DAGs
[2024-02-14T20:49:29.862+0000] {logging_mixin.py:188} INFO - [2024-02-14T20:49:29.862+0000] {dag.py:3823} INFO - Setting next_dagrun for example_sla_dag to 2024-02-14 20:46:00+00:00, run_after=2024-02-14 20:48:00+00:00
[2024-02-14T20:49:29.899+0000] {processor.py:183} INFO - Processing /home/airflow/.local/lib/python3.8/site-packages/airflow/example_dags/example_sla_dag.py took 0.145 seconds
[2024-02-14T20:50:00.219+0000] {processor.py:161} INFO - Started process (PID=5989) to work on /home/airflow/.local/lib/python3.8/site-packages/airflow/example_dags/example_sla_dag.py
[2024-02-14T20:50:00.220+0000] {processor.py:830} INFO - Processing file /home/airflow/.local/lib/python3.8/site-packages/airflow/example_dags/example_sla_dag.py for tasks to queue
[2024-02-14T20:50:00.222+0000] {logging_mixin.py:188} INFO - [2024-02-14T20:50:00.221+0000] {dagbag.py:538} INFO - Filling up the DagBag from /home/airflow/.local/lib/python3.8/site-packages/airflow/example_dags/example_sla_dag.py
[2024-02-14T20:50:00.234+0000] {processor.py:840} INFO - DAG(s) 'example_sla_dag' retrieved from /home/airflow/.local/lib/python3.8/site-packages/airflow/example_dags/example_sla_dag.py
[2024-02-14T20:50:00.278+0000] {logging_mixin.py:188} INFO - [2024-02-14T20:50:00.277+0000] {dag.py:3036} INFO - Sync 1 DAGs
[2024-02-14T20:50:00.314+0000] {logging_mixin.py:188} INFO - [2024-02-14T20:50:00.314+0000] {dag.py:3823} INFO - Setting next_dagrun for example_sla_dag to 2024-02-14 20:48:00+00:00, run_after=2024-02-14 20:50:00+00:00
[2024-02-14T20:50:00.343+0000] {processor.py:183} INFO - Processing /home/airflow/.local/lib/python3.8/site-packages/airflow/example_dags/example_sla_dag.py took 0.129 seconds
[2024-02-14T20:50:31.053+0000] {processor.py:161} INFO - Started process (PID=6236) to work on /home/airflow/.local/lib/python3.8/site-packages/airflow/example_dags/example_sla_dag.py
[2024-02-14T20:50:31.055+0000] {processor.py:830} INFO - Processing file /home/airflow/.local/lib/python3.8/site-packages/airflow/example_dags/example_sla_dag.py for tasks to queue
[2024-02-14T20:50:31.057+0000] {logging_mixin.py:188} INFO - [2024-02-14T20:50:31.056+0000] {dagbag.py:538} INFO - Filling up the DagBag from /home/airflow/.local/lib/python3.8/site-packages/airflow/example_dags/example_sla_dag.py
[2024-02-14T20:50:31.072+0000] {processor.py:840} INFO - DAG(s) 'example_sla_dag' retrieved from /home/airflow/.local/lib/python3.8/site-packages/airflow/example_dags/example_sla_dag.py
[2024-02-14T20:50:31.122+0000] {logging_mixin.py:188} INFO - [2024-02-14T20:50:31.122+0000] {dag.py:3036} INFO - Sync 1 DAGs
[2024-02-14T20:50:31.160+0000] {logging_mixin.py:188} INFO - [2024-02-14T20:50:31.160+0000] {dag.py:3823} INFO - Setting next_dagrun for example_sla_dag to 2024-02-14 20:48:00+00:00, run_after=2024-02-14 20:50:00+00:00
[2024-02-14T20:50:31.188+0000] {processor.py:183} INFO - Processing /home/airflow/.local/lib/python3.8/site-packages/airflow/example_dags/example_sla_dag.py took 0.141 seconds
[2024-02-14T20:51:01.443+0000] {processor.py:161} INFO - Started process (PID=6484) to work on /home/airflow/.local/lib/python3.8/site-packages/airflow/example_dags/example_sla_dag.py
[2024-02-14T20:51:01.446+0000] {processor.py:830} INFO - Processing file /home/airflow/.local/lib/python3.8/site-packages/airflow/example_dags/example_sla_dag.py for tasks to queue
[2024-02-14T20:51:01.449+0000] {logging_mixin.py:188} INFO - [2024-02-14T20:51:01.447+0000] {dagbag.py:538} INFO - Filling up the DagBag from /home/airflow/.local/lib/python3.8/site-packages/airflow/example_dags/example_sla_dag.py
[2024-02-14T20:51:01.475+0000] {processor.py:840} INFO - DAG(s) 'example_sla_dag' retrieved from /home/airflow/.local/lib/python3.8/site-packages/airflow/example_dags/example_sla_dag.py
[2024-02-14T20:51:01.629+0000] {logging_mixin.py:188} INFO - [2024-02-14T20:51:01.628+0000] {dag.py:3036} INFO - Sync 1 DAGs
[2024-02-14T20:51:01.694+0000] {logging_mixin.py:188} INFO - [2024-02-14T20:51:01.694+0000] {dag.py:3823} INFO - Setting next_dagrun for example_sla_dag to 2024-02-14 20:48:00+00:00, run_after=2024-02-14 20:50:00+00:00
[2024-02-14T20:51:01.734+0000] {processor.py:183} INFO - Processing /home/airflow/.local/lib/python3.8/site-packages/airflow/example_dags/example_sla_dag.py took 0.303 seconds
[2024-02-14T20:51:32.673+0000] {processor.py:161} INFO - Started process (PID=6732) to work on /home/airflow/.local/lib/python3.8/site-packages/airflow/example_dags/example_sla_dag.py
[2024-02-14T20:51:32.676+0000] {processor.py:830} INFO - Processing file /home/airflow/.local/lib/python3.8/site-packages/airflow/example_dags/example_sla_dag.py for tasks to queue
[2024-02-14T20:51:32.681+0000] {logging_mixin.py:188} INFO - [2024-02-14T20:51:32.680+0000] {dagbag.py:538} INFO - Filling up the DagBag from /home/airflow/.local/lib/python3.8/site-packages/airflow/example_dags/example_sla_dag.py
[2024-02-14T20:51:32.716+0000] {processor.py:840} INFO - DAG(s) 'example_sla_dag' retrieved from /home/airflow/.local/lib/python3.8/site-packages/airflow/example_dags/example_sla_dag.py
[2024-02-14T20:51:32.765+0000] {logging_mixin.py:188} INFO - [2024-02-14T20:51:32.764+0000] {dag.py:3036} INFO - Sync 1 DAGs
[2024-02-14T20:51:32.822+0000] {logging_mixin.py:188} INFO - [2024-02-14T20:51:32.822+0000] {dag.py:3823} INFO - Setting next_dagrun for example_sla_dag to 2024-02-14 20:48:00+00:00, run_after=2024-02-14 20:50:00+00:00
[2024-02-14T20:51:32.867+0000] {processor.py:183} INFO - Processing /home/airflow/.local/lib/python3.8/site-packages/airflow/example_dags/example_sla_dag.py took 0.208 seconds
[2024-02-14T20:52:03.104+0000] {processor.py:161} INFO - Started process (PID=6981) to work on /home/airflow/.local/lib/python3.8/site-packages/airflow/example_dags/example_sla_dag.py
[2024-02-14T20:52:03.106+0000] {processor.py:830} INFO - Processing file /home/airflow/.local/lib/python3.8/site-packages/airflow/example_dags/example_sla_dag.py for tasks to queue
[2024-02-14T20:52:03.107+0000] {logging_mixin.py:188} INFO - [2024-02-14T20:52:03.107+0000] {dagbag.py:538} INFO - Filling up the DagBag from /home/airflow/.local/lib/python3.8/site-packages/airflow/example_dags/example_sla_dag.py
[2024-02-14T20:52:03.121+0000] {processor.py:840} INFO - DAG(s) 'example_sla_dag' retrieved from /home/airflow/.local/lib/python3.8/site-packages/airflow/example_dags/example_sla_dag.py
[2024-02-14T20:52:03.149+0000] {logging_mixin.py:188} INFO - [2024-02-14T20:52:03.149+0000] {dag.py:3036} INFO - Sync 1 DAGs
[2024-02-14T20:52:03.190+0000] {logging_mixin.py:188} INFO - [2024-02-14T20:52:03.190+0000] {dag.py:3823} INFO - Setting next_dagrun for example_sla_dag to 2024-02-14 20:50:00+00:00, run_after=2024-02-14 20:52:00+00:00
[2024-02-14T20:52:03.223+0000] {processor.py:183} INFO - Processing /home/airflow/.local/lib/python3.8/site-packages/airflow/example_dags/example_sla_dag.py took 0.123 seconds
[2024-02-14T20:52:34.551+0000] {processor.py:161} INFO - Started process (PID=7226) to work on /home/airflow/.local/lib/python3.8/site-packages/airflow/example_dags/example_sla_dag.py
[2024-02-14T20:52:34.555+0000] {processor.py:830} INFO - Processing file /home/airflow/.local/lib/python3.8/site-packages/airflow/example_dags/example_sla_dag.py for tasks to queue
[2024-02-14T20:52:34.559+0000] {logging_mixin.py:188} INFO - [2024-02-14T20:52:34.558+0000] {dagbag.py:538} INFO - Filling up the DagBag from /home/airflow/.local/lib/python3.8/site-packages/airflow/example_dags/example_sla_dag.py
[2024-02-14T20:52:34.590+0000] {processor.py:840} INFO - DAG(s) 'example_sla_dag' retrieved from /home/airflow/.local/lib/python3.8/site-packages/airflow/example_dags/example_sla_dag.py
[2024-02-14T20:52:34.660+0000] {logging_mixin.py:188} INFO - [2024-02-14T20:52:34.659+0000] {dag.py:3036} INFO - Sync 1 DAGs
[2024-02-14T20:52:34.764+0000] {logging_mixin.py:188} INFO - [2024-02-14T20:52:34.763+0000] {dag.py:3823} INFO - Setting next_dagrun for example_sla_dag to 2024-02-14 20:50:00+00:00, run_after=2024-02-14 20:52:00+00:00
[2024-02-14T20:52:34.822+0000] {processor.py:183} INFO - Processing /home/airflow/.local/lib/python3.8/site-packages/airflow/example_dags/example_sla_dag.py took 0.282 seconds
[2024-02-14T20:53:04.941+0000] {processor.py:161} INFO - Started process (PID=7473) to work on /home/airflow/.local/lib/python3.8/site-packages/airflow/example_dags/example_sla_dag.py
[2024-02-14T20:53:04.947+0000] {processor.py:830} INFO - Processing file /home/airflow/.local/lib/python3.8/site-packages/airflow/example_dags/example_sla_dag.py for tasks to queue
[2024-02-14T20:53:04.951+0000] {logging_mixin.py:188} INFO - [2024-02-14T20:53:04.951+0000] {dagbag.py:538} INFO - Filling up the DagBag from /home/airflow/.local/lib/python3.8/site-packages/airflow/example_dags/example_sla_dag.py
[2024-02-14T20:53:04.967+0000] {processor.py:840} INFO - DAG(s) 'example_sla_dag' retrieved from /home/airflow/.local/lib/python3.8/site-packages/airflow/example_dags/example_sla_dag.py
[2024-02-14T20:53:05.011+0000] {logging_mixin.py:188} INFO - [2024-02-14T20:53:05.010+0000] {dag.py:3036} INFO - Sync 1 DAGs
[2024-02-14T20:53:05.060+0000] {logging_mixin.py:188} INFO - [2024-02-14T20:53:05.059+0000] {dag.py:3823} INFO - Setting next_dagrun for example_sla_dag to 2024-02-14 20:50:00+00:00, run_after=2024-02-14 20:52:00+00:00
[2024-02-14T20:53:05.098+0000] {processor.py:183} INFO - Processing /home/airflow/.local/lib/python3.8/site-packages/airflow/example_dags/example_sla_dag.py took 0.163 seconds
[2024-02-14T20:53:35.724+0000] {processor.py:161} INFO - Started process (PID=7717) to work on /home/airflow/.local/lib/python3.8/site-packages/airflow/example_dags/example_sla_dag.py
[2024-02-14T20:53:35.728+0000] {processor.py:830} INFO - Processing file /home/airflow/.local/lib/python3.8/site-packages/airflow/example_dags/example_sla_dag.py for tasks to queue
[2024-02-14T20:53:35.733+0000] {logging_mixin.py:188} INFO - [2024-02-14T20:53:35.731+0000] {dagbag.py:538} INFO - Filling up the DagBag from /home/airflow/.local/lib/python3.8/site-packages/airflow/example_dags/example_sla_dag.py
[2024-02-14T20:53:35.769+0000] {processor.py:840} INFO - DAG(s) 'example_sla_dag' retrieved from /home/airflow/.local/lib/python3.8/site-packages/airflow/example_dags/example_sla_dag.py
[2024-02-14T20:53:35.850+0000] {logging_mixin.py:188} INFO - [2024-02-14T20:53:35.849+0000] {dag.py:3036} INFO - Sync 1 DAGs
[2024-02-14T20:53:35.953+0000] {logging_mixin.py:188} INFO - [2024-02-14T20:53:35.952+0000] {dag.py:3823} INFO - Setting next_dagrun for example_sla_dag to 2024-02-14 20:50:00+00:00, run_after=2024-02-14 20:52:00+00:00
[2024-02-14T20:53:36.036+0000] {processor.py:183} INFO - Processing /home/airflow/.local/lib/python3.8/site-packages/airflow/example_dags/example_sla_dag.py took 0.326 seconds
[2024-02-14T20:54:06.200+0000] {processor.py:161} INFO - Started process (PID=7964) to work on /home/airflow/.local/lib/python3.8/site-packages/airflow/example_dags/example_sla_dag.py
[2024-02-14T20:54:06.203+0000] {processor.py:830} INFO - Processing file /home/airflow/.local/lib/python3.8/site-packages/airflow/example_dags/example_sla_dag.py for tasks to queue
[2024-02-14T20:54:06.204+0000] {logging_mixin.py:188} INFO - [2024-02-14T20:54:06.204+0000] {dagbag.py:538} INFO - Filling up the DagBag from /home/airflow/.local/lib/python3.8/site-packages/airflow/example_dags/example_sla_dag.py
[2024-02-14T20:54:06.218+0000] {processor.py:840} INFO - DAG(s) 'example_sla_dag' retrieved from /home/airflow/.local/lib/python3.8/site-packages/airflow/example_dags/example_sla_dag.py
[2024-02-14T20:54:06.259+0000] {logging_mixin.py:188} INFO - [2024-02-14T20:54:06.259+0000] {dag.py:3036} INFO - Sync 1 DAGs
[2024-02-14T20:54:06.309+0000] {logging_mixin.py:188} INFO - [2024-02-14T20:54:06.309+0000] {dag.py:3823} INFO - Setting next_dagrun for example_sla_dag to 2024-02-14 20:52:00+00:00, run_after=2024-02-14 20:54:00+00:00
[2024-02-14T20:54:06.358+0000] {processor.py:183} INFO - Processing /home/airflow/.local/lib/python3.8/site-packages/airflow/example_dags/example_sla_dag.py took 0.165 seconds
[2024-02-14T20:54:36.588+0000] {processor.py:161} INFO - Started process (PID=8211) to work on /home/airflow/.local/lib/python3.8/site-packages/airflow/example_dags/example_sla_dag.py
[2024-02-14T20:54:36.590+0000] {processor.py:830} INFO - Processing file /home/airflow/.local/lib/python3.8/site-packages/airflow/example_dags/example_sla_dag.py for tasks to queue
[2024-02-14T20:54:36.593+0000] {logging_mixin.py:188} INFO - [2024-02-14T20:54:36.592+0000] {dagbag.py:538} INFO - Filling up the DagBag from /home/airflow/.local/lib/python3.8/site-packages/airflow/example_dags/example_sla_dag.py
[2024-02-14T20:54:36.630+0000] {processor.py:840} INFO - DAG(s) 'example_sla_dag' retrieved from /home/airflow/.local/lib/python3.8/site-packages/airflow/example_dags/example_sla_dag.py
[2024-02-14T20:54:36.675+0000] {logging_mixin.py:188} INFO - [2024-02-14T20:54:36.675+0000] {dag.py:3036} INFO - Sync 1 DAGs
[2024-02-14T20:54:36.712+0000] {logging_mixin.py:188} INFO - [2024-02-14T20:54:36.712+0000] {dag.py:3823} INFO - Setting next_dagrun for example_sla_dag to 2024-02-14 20:52:00+00:00, run_after=2024-02-14 20:54:00+00:00
[2024-02-14T20:54:36.741+0000] {processor.py:183} INFO - Processing /home/airflow/.local/lib/python3.8/site-packages/airflow/example_dags/example_sla_dag.py took 0.170 seconds
[2024-02-14T20:55:06.918+0000] {processor.py:161} INFO - Started process (PID=8458) to work on /home/airflow/.local/lib/python3.8/site-packages/airflow/example_dags/example_sla_dag.py
[2024-02-14T20:55:06.920+0000] {processor.py:830} INFO - Processing file /home/airflow/.local/lib/python3.8/site-packages/airflow/example_dags/example_sla_dag.py for tasks to queue
[2024-02-14T20:55:06.922+0000] {logging_mixin.py:188} INFO - [2024-02-14T20:55:06.921+0000] {dagbag.py:538} INFO - Filling up the DagBag from /home/airflow/.local/lib/python3.8/site-packages/airflow/example_dags/example_sla_dag.py
[2024-02-14T20:55:06.938+0000] {processor.py:840} INFO - DAG(s) 'example_sla_dag' retrieved from /home/airflow/.local/lib/python3.8/site-packages/airflow/example_dags/example_sla_dag.py
[2024-02-14T20:55:06.969+0000] {logging_mixin.py:188} INFO - [2024-02-14T20:55:06.969+0000] {dag.py:3036} INFO - Sync 1 DAGs
[2024-02-14T20:55:07.022+0000] {logging_mixin.py:188} INFO - [2024-02-14T20:55:07.022+0000] {dag.py:3823} INFO - Setting next_dagrun for example_sla_dag to 2024-02-14 20:52:00+00:00, run_after=2024-02-14 20:54:00+00:00
[2024-02-14T20:55:07.065+0000] {processor.py:183} INFO - Processing /home/airflow/.local/lib/python3.8/site-packages/airflow/example_dags/example_sla_dag.py took 0.153 seconds
[2024-02-14T20:55:37.802+0000] {processor.py:161} INFO - Started process (PID=8705) to work on /home/airflow/.local/lib/python3.8/site-packages/airflow/example_dags/example_sla_dag.py
[2024-02-14T20:55:37.804+0000] {processor.py:830} INFO - Processing file /home/airflow/.local/lib/python3.8/site-packages/airflow/example_dags/example_sla_dag.py for tasks to queue
[2024-02-14T20:55:37.806+0000] {logging_mixin.py:188} INFO - [2024-02-14T20:55:37.805+0000] {dagbag.py:538} INFO - Filling up the DagBag from /home/airflow/.local/lib/python3.8/site-packages/airflow/example_dags/example_sla_dag.py
[2024-02-14T20:55:37.818+0000] {processor.py:840} INFO - DAG(s) 'example_sla_dag' retrieved from /home/airflow/.local/lib/python3.8/site-packages/airflow/example_dags/example_sla_dag.py
[2024-02-14T20:55:37.846+0000] {logging_mixin.py:188} INFO - [2024-02-14T20:55:37.845+0000] {dag.py:3036} INFO - Sync 1 DAGs
[2024-02-14T20:55:37.882+0000] {logging_mixin.py:188} INFO - [2024-02-14T20:55:37.881+0000] {dag.py:3823} INFO - Setting next_dagrun for example_sla_dag to 2024-02-14 20:52:00+00:00, run_after=2024-02-14 20:54:00+00:00
[2024-02-14T20:55:37.909+0000] {processor.py:183} INFO - Processing /home/airflow/.local/lib/python3.8/site-packages/airflow/example_dags/example_sla_dag.py took 0.111 seconds
[2024-02-14T20:56:08.503+0000] {processor.py:161} INFO - Started process (PID=8952) to work on /home/airflow/.local/lib/python3.8/site-packages/airflow/example_dags/example_sla_dag.py
[2024-02-14T20:56:08.507+0000] {processor.py:830} INFO - Processing file /home/airflow/.local/lib/python3.8/site-packages/airflow/example_dags/example_sla_dag.py for tasks to queue
[2024-02-14T20:56:08.513+0000] {logging_mixin.py:188} INFO - [2024-02-14T20:56:08.512+0000] {dagbag.py:538} INFO - Filling up the DagBag from /home/airflow/.local/lib/python3.8/site-packages/airflow/example_dags/example_sla_dag.py
[2024-02-14T20:56:08.552+0000] {processor.py:840} INFO - DAG(s) 'example_sla_dag' retrieved from /home/airflow/.local/lib/python3.8/site-packages/airflow/example_dags/example_sla_dag.py
[2024-02-14T20:56:08.648+0000] {logging_mixin.py:188} INFO - [2024-02-14T20:56:08.647+0000] {dag.py:3036} INFO - Sync 1 DAGs
[2024-02-14T20:56:08.767+0000] {logging_mixin.py:188} INFO - [2024-02-14T20:56:08.766+0000] {dag.py:3823} INFO - Setting next_dagrun for example_sla_dag to 2024-02-14 20:54:00+00:00, run_after=2024-02-14 20:56:00+00:00
[2024-02-14T20:56:08.859+0000] {processor.py:183} INFO - Processing /home/airflow/.local/lib/python3.8/site-packages/airflow/example_dags/example_sla_dag.py took 0.372 seconds
[2024-02-14T20:56:39.747+0000] {processor.py:161} INFO - Started process (PID=9198) to work on /home/airflow/.local/lib/python3.8/site-packages/airflow/example_dags/example_sla_dag.py
[2024-02-14T20:56:39.749+0000] {processor.py:830} INFO - Processing file /home/airflow/.local/lib/python3.8/site-packages/airflow/example_dags/example_sla_dag.py for tasks to queue
[2024-02-14T20:56:39.752+0000] {logging_mixin.py:188} INFO - [2024-02-14T20:56:39.751+0000] {dagbag.py:538} INFO - Filling up the DagBag from /home/airflow/.local/lib/python3.8/site-packages/airflow/example_dags/example_sla_dag.py
[2024-02-14T20:56:39.771+0000] {processor.py:840} INFO - DAG(s) 'example_sla_dag' retrieved from /home/airflow/.local/lib/python3.8/site-packages/airflow/example_dags/example_sla_dag.py
[2024-02-14T20:56:39.849+0000] {logging_mixin.py:188} INFO - [2024-02-14T20:56:39.848+0000] {dag.py:3036} INFO - Sync 1 DAGs
[2024-02-14T20:56:39.991+0000] {logging_mixin.py:188} INFO - [2024-02-14T20:56:39.990+0000] {dag.py:3823} INFO - Setting next_dagrun for example_sla_dag to 2024-02-14 20:54:00+00:00, run_after=2024-02-14 20:56:00+00:00
[2024-02-14T20:56:40.240+0000] {processor.py:183} INFO - Processing /home/airflow/.local/lib/python3.8/site-packages/airflow/example_dags/example_sla_dag.py took 0.500 seconds
[2024-02-14T20:57:10.595+0000] {processor.py:161} INFO - Started process (PID=9443) to work on /home/airflow/.local/lib/python3.8/site-packages/airflow/example_dags/example_sla_dag.py
[2024-02-14T20:57:10.598+0000] {processor.py:830} INFO - Processing file /home/airflow/.local/lib/python3.8/site-packages/airflow/example_dags/example_sla_dag.py for tasks to queue
[2024-02-14T20:57:10.601+0000] {logging_mixin.py:188} INFO - [2024-02-14T20:57:10.600+0000] {dagbag.py:538} INFO - Filling up the DagBag from /home/airflow/.local/lib/python3.8/site-packages/airflow/example_dags/example_sla_dag.py
[2024-02-14T20:57:10.631+0000] {processor.py:840} INFO - DAG(s) 'example_sla_dag' retrieved from /home/airflow/.local/lib/python3.8/site-packages/airflow/example_dags/example_sla_dag.py
[2024-02-14T20:57:10.690+0000] {logging_mixin.py:188} INFO - [2024-02-14T20:57:10.689+0000] {dag.py:3036} INFO - Sync 1 DAGs
[2024-02-14T20:57:10.803+0000] {logging_mixin.py:188} INFO - [2024-02-14T20:57:10.802+0000] {dag.py:3823} INFO - Setting next_dagrun for example_sla_dag to 2024-02-14 20:54:00+00:00, run_after=2024-02-14 20:56:00+00:00
[2024-02-14T20:57:10.880+0000] {processor.py:183} INFO - Processing /home/airflow/.local/lib/python3.8/site-packages/airflow/example_dags/example_sla_dag.py took 0.297 seconds
[2024-02-14T20:57:41.396+0000] {processor.py:161} INFO - Started process (PID=9690) to work on /home/airflow/.local/lib/python3.8/site-packages/airflow/example_dags/example_sla_dag.py
[2024-02-14T20:57:41.399+0000] {processor.py:830} INFO - Processing file /home/airflow/.local/lib/python3.8/site-packages/airflow/example_dags/example_sla_dag.py for tasks to queue
[2024-02-14T20:57:41.402+0000] {logging_mixin.py:188} INFO - [2024-02-14T20:57:41.401+0000] {dagbag.py:538} INFO - Filling up the DagBag from /home/airflow/.local/lib/python3.8/site-packages/airflow/example_dags/example_sla_dag.py
[2024-02-14T20:57:41.422+0000] {processor.py:840} INFO - DAG(s) 'example_sla_dag' retrieved from /home/airflow/.local/lib/python3.8/site-packages/airflow/example_dags/example_sla_dag.py
[2024-02-14T20:57:41.478+0000] {logging_mixin.py:188} INFO - [2024-02-14T20:57:41.477+0000] {dag.py:3036} INFO - Sync 1 DAGs
[2024-02-14T20:57:41.546+0000] {logging_mixin.py:188} INFO - [2024-02-14T20:57:41.546+0000] {dag.py:3823} INFO - Setting next_dagrun for example_sla_dag to 2024-02-14 20:54:00+00:00, run_after=2024-02-14 20:56:00+00:00
[2024-02-14T20:57:41.598+0000] {processor.py:183} INFO - Processing /home/airflow/.local/lib/python3.8/site-packages/airflow/example_dags/example_sla_dag.py took 0.212 seconds
