[2024-02-14T20:38:15.759+0000] {processor.py:161} INFO - Started process (PID=339) to work on /home/airflow/.local/lib/python3.8/site-packages/airflow/example_dags/example_branch_python_dop_operator_3.py
[2024-02-14T20:38:15.761+0000] {processor.py:830} INFO - Processing file /home/airflow/.local/lib/python3.8/site-packages/airflow/example_dags/example_branch_python_dop_operator_3.py for tasks to queue
[2024-02-14T20:38:15.763+0000] {logging_mixin.py:188} INFO - [2024-02-14T20:38:15.762+0000] {dagbag.py:538} INFO - Filling up the DagBag from /home/airflow/.local/lib/python3.8/site-packages/airflow/example_dags/example_branch_python_dop_operator_3.py
[2024-02-14T20:38:15.785+0000] {processor.py:840} INFO - DAG(s) 'example_branch_dop_operator_v3' retrieved from /home/airflow/.local/lib/python3.8/site-packages/airflow/example_dags/example_branch_python_dop_operator_3.py
[2024-02-14T20:38:16.081+0000] {logging_mixin.py:188} INFO - [2024-02-14T20:38:16.080+0000] {dag.py:3036} INFO - Sync 1 DAGs
[2024-02-14T20:38:16.128+0000] {logging_mixin.py:188} INFO - [2024-02-14T20:38:16.128+0000] {dag.py:3823} INFO - Setting next_dagrun for example_branch_dop_operator_v3 to 2024-02-14 20:37:00+00:00, run_after=2024-02-14 20:38:00+00:00
[2024-02-14T20:38:16.158+0000] {processor.py:183} INFO - Processing /home/airflow/.local/lib/python3.8/site-packages/airflow/example_dags/example_branch_python_dop_operator_3.py took 0.406 seconds
[2024-02-14T20:38:46.570+0000] {processor.py:161} INFO - Started process (PID=586) to work on /home/airflow/.local/lib/python3.8/site-packages/airflow/example_dags/example_branch_python_dop_operator_3.py
[2024-02-14T20:38:46.571+0000] {processor.py:830} INFO - Processing file /home/airflow/.local/lib/python3.8/site-packages/airflow/example_dags/example_branch_python_dop_operator_3.py for tasks to queue
[2024-02-14T20:38:46.573+0000] {logging_mixin.py:188} INFO - [2024-02-14T20:38:46.572+0000] {dagbag.py:538} INFO - Filling up the DagBag from /home/airflow/.local/lib/python3.8/site-packages/airflow/example_dags/example_branch_python_dop_operator_3.py
[2024-02-14T20:38:46.586+0000] {processor.py:840} INFO - DAG(s) 'example_branch_dop_operator_v3' retrieved from /home/airflow/.local/lib/python3.8/site-packages/airflow/example_dags/example_branch_python_dop_operator_3.py
[2024-02-14T20:38:46.615+0000] {logging_mixin.py:188} INFO - [2024-02-14T20:38:46.615+0000] {dag.py:3036} INFO - Sync 1 DAGs
[2024-02-14T20:38:46.656+0000] {logging_mixin.py:188} INFO - [2024-02-14T20:38:46.655+0000] {dag.py:3823} INFO - Setting next_dagrun for example_branch_dop_operator_v3 to 2024-02-14 20:37:00+00:00, run_after=2024-02-14 20:38:00+00:00
[2024-02-14T20:38:46.685+0000] {processor.py:183} INFO - Processing /home/airflow/.local/lib/python3.8/site-packages/airflow/example_dags/example_branch_python_dop_operator_3.py took 0.121 seconds
[2024-02-14T20:39:17.033+0000] {processor.py:161} INFO - Started process (PID=831) to work on /home/airflow/.local/lib/python3.8/site-packages/airflow/example_dags/example_branch_python_dop_operator_3.py
[2024-02-14T20:39:17.035+0000] {processor.py:830} INFO - Processing file /home/airflow/.local/lib/python3.8/site-packages/airflow/example_dags/example_branch_python_dop_operator_3.py for tasks to queue
[2024-02-14T20:39:17.037+0000] {logging_mixin.py:188} INFO - [2024-02-14T20:39:17.036+0000] {dagbag.py:538} INFO - Filling up the DagBag from /home/airflow/.local/lib/python3.8/site-packages/airflow/example_dags/example_branch_python_dop_operator_3.py
[2024-02-14T20:39:17.063+0000] {processor.py:840} INFO - DAG(s) 'example_branch_dop_operator_v3' retrieved from /home/airflow/.local/lib/python3.8/site-packages/airflow/example_dags/example_branch_python_dop_operator_3.py
[2024-02-14T20:39:17.173+0000] {logging_mixin.py:188} INFO - [2024-02-14T20:39:17.171+0000] {dag.py:3036} INFO - Sync 1 DAGs
[2024-02-14T20:39:17.296+0000] {logging_mixin.py:188} INFO - [2024-02-14T20:39:17.295+0000] {dag.py:3823} INFO - Setting next_dagrun for example_branch_dop_operator_v3 to 2024-02-14 20:38:00+00:00, run_after=2024-02-14 20:39:00+00:00
[2024-02-14T20:39:17.370+0000] {processor.py:183} INFO - Processing /home/airflow/.local/lib/python3.8/site-packages/airflow/example_dags/example_branch_python_dop_operator_3.py took 0.350 seconds
[2024-02-14T20:39:47.483+0000] {processor.py:161} INFO - Started process (PID=1080) to work on /home/airflow/.local/lib/python3.8/site-packages/airflow/example_dags/example_branch_python_dop_operator_3.py
[2024-02-14T20:39:47.485+0000] {processor.py:830} INFO - Processing file /home/airflow/.local/lib/python3.8/site-packages/airflow/example_dags/example_branch_python_dop_operator_3.py for tasks to queue
[2024-02-14T20:39:47.486+0000] {logging_mixin.py:188} INFO - [2024-02-14T20:39:47.486+0000] {dagbag.py:538} INFO - Filling up the DagBag from /home/airflow/.local/lib/python3.8/site-packages/airflow/example_dags/example_branch_python_dop_operator_3.py
[2024-02-14T20:39:47.502+0000] {processor.py:840} INFO - DAG(s) 'example_branch_dop_operator_v3' retrieved from /home/airflow/.local/lib/python3.8/site-packages/airflow/example_dags/example_branch_python_dop_operator_3.py
[2024-02-14T20:39:47.539+0000] {logging_mixin.py:188} INFO - [2024-02-14T20:39:47.538+0000] {dag.py:3036} INFO - Sync 1 DAGs
[2024-02-14T20:39:47.580+0000] {logging_mixin.py:188} INFO - [2024-02-14T20:39:47.579+0000] {dag.py:3823} INFO - Setting next_dagrun for example_branch_dop_operator_v3 to 2024-02-14 20:38:00+00:00, run_after=2024-02-14 20:39:00+00:00
[2024-02-14T20:39:47.612+0000] {processor.py:183} INFO - Processing /home/airflow/.local/lib/python3.8/site-packages/airflow/example_dags/example_branch_python_dop_operator_3.py took 0.134 seconds
[2024-02-14T20:40:18.282+0000] {processor.py:161} INFO - Started process (PID=1328) to work on /home/airflow/.local/lib/python3.8/site-packages/airflow/example_dags/example_branch_python_dop_operator_3.py
[2024-02-14T20:40:18.284+0000] {processor.py:830} INFO - Processing file /home/airflow/.local/lib/python3.8/site-packages/airflow/example_dags/example_branch_python_dop_operator_3.py for tasks to queue
[2024-02-14T20:40:18.286+0000] {logging_mixin.py:188} INFO - [2024-02-14T20:40:18.285+0000] {dagbag.py:538} INFO - Filling up the DagBag from /home/airflow/.local/lib/python3.8/site-packages/airflow/example_dags/example_branch_python_dop_operator_3.py
[2024-02-14T20:40:18.298+0000] {processor.py:840} INFO - DAG(s) 'example_branch_dop_operator_v3' retrieved from /home/airflow/.local/lib/python3.8/site-packages/airflow/example_dags/example_branch_python_dop_operator_3.py
[2024-02-14T20:40:18.328+0000] {logging_mixin.py:188} INFO - [2024-02-14T20:40:18.327+0000] {dag.py:3036} INFO - Sync 1 DAGs
[2024-02-14T20:40:18.366+0000] {logging_mixin.py:188} INFO - [2024-02-14T20:40:18.366+0000] {dag.py:3823} INFO - Setting next_dagrun for example_branch_dop_operator_v3 to 2024-02-14 20:39:00+00:00, run_after=2024-02-14 20:40:00+00:00
[2024-02-14T20:40:18.397+0000] {processor.py:183} INFO - Processing /home/airflow/.local/lib/python3.8/site-packages/airflow/example_dags/example_branch_python_dop_operator_3.py took 0.119 seconds
[2024-02-14T20:40:49.638+0000] {processor.py:161} INFO - Started process (PID=1573) to work on /home/airflow/.local/lib/python3.8/site-packages/airflow/example_dags/example_branch_python_dop_operator_3.py
[2024-02-14T20:40:49.643+0000] {processor.py:830} INFO - Processing file /home/airflow/.local/lib/python3.8/site-packages/airflow/example_dags/example_branch_python_dop_operator_3.py for tasks to queue
[2024-02-14T20:40:49.646+0000] {logging_mixin.py:188} INFO - [2024-02-14T20:40:49.645+0000] {dagbag.py:538} INFO - Filling up the DagBag from /home/airflow/.local/lib/python3.8/site-packages/airflow/example_dags/example_branch_python_dop_operator_3.py
[2024-02-14T20:40:49.678+0000] {processor.py:840} INFO - DAG(s) 'example_branch_dop_operator_v3' retrieved from /home/airflow/.local/lib/python3.8/site-packages/airflow/example_dags/example_branch_python_dop_operator_3.py
[2024-02-14T20:40:49.747+0000] {logging_mixin.py:188} INFO - [2024-02-14T20:40:49.746+0000] {dag.py:3036} INFO - Sync 1 DAGs
[2024-02-14T20:40:49.843+0000] {logging_mixin.py:188} INFO - [2024-02-14T20:40:49.843+0000] {dag.py:3823} INFO - Setting next_dagrun for example_branch_dop_operator_v3 to 2024-02-14 20:39:00+00:00, run_after=2024-02-14 20:40:00+00:00
[2024-02-14T20:40:49.908+0000] {processor.py:183} INFO - Processing /home/airflow/.local/lib/python3.8/site-packages/airflow/example_dags/example_branch_python_dop_operator_3.py took 0.284 seconds
[2024-02-14T20:41:21.175+0000] {processor.py:161} INFO - Started process (PID=1822) to work on /home/airflow/.local/lib/python3.8/site-packages/airflow/example_dags/example_branch_python_dop_operator_3.py
[2024-02-14T20:41:21.181+0000] {processor.py:830} INFO - Processing file /home/airflow/.local/lib/python3.8/site-packages/airflow/example_dags/example_branch_python_dop_operator_3.py for tasks to queue
[2024-02-14T20:41:21.188+0000] {logging_mixin.py:188} INFO - [2024-02-14T20:41:21.186+0000] {dagbag.py:538} INFO - Filling up the DagBag from /home/airflow/.local/lib/python3.8/site-packages/airflow/example_dags/example_branch_python_dop_operator_3.py
[2024-02-14T20:41:21.219+0000] {processor.py:840} INFO - DAG(s) 'example_branch_dop_operator_v3' retrieved from /home/airflow/.local/lib/python3.8/site-packages/airflow/example_dags/example_branch_python_dop_operator_3.py
[2024-02-14T20:41:21.254+0000] {logging_mixin.py:188} INFO - [2024-02-14T20:41:21.254+0000] {dag.py:3036} INFO - Sync 1 DAGs
[2024-02-14T20:41:21.321+0000] {logging_mixin.py:188} INFO - [2024-02-14T20:41:21.321+0000] {dag.py:3823} INFO - Setting next_dagrun for example_branch_dop_operator_v3 to 2024-02-14 20:40:00+00:00, run_after=2024-02-14 20:41:00+00:00
[2024-02-14T20:41:21.392+0000] {processor.py:183} INFO - Processing /home/airflow/.local/lib/python3.8/site-packages/airflow/example_dags/example_branch_python_dop_operator_3.py took 0.238 seconds
[2024-02-14T20:41:51.713+0000] {processor.py:161} INFO - Started process (PID=2067) to work on /home/airflow/.local/lib/python3.8/site-packages/airflow/example_dags/example_branch_python_dop_operator_3.py
[2024-02-14T20:41:51.718+0000] {processor.py:830} INFO - Processing file /home/airflow/.local/lib/python3.8/site-packages/airflow/example_dags/example_branch_python_dop_operator_3.py for tasks to queue
[2024-02-14T20:41:51.723+0000] {logging_mixin.py:188} INFO - [2024-02-14T20:41:51.721+0000] {dagbag.py:538} INFO - Filling up the DagBag from /home/airflow/.local/lib/python3.8/site-packages/airflow/example_dags/example_branch_python_dop_operator_3.py
[2024-02-14T20:41:51.780+0000] {processor.py:840} INFO - DAG(s) 'example_branch_dop_operator_v3' retrieved from /home/airflow/.local/lib/python3.8/site-packages/airflow/example_dags/example_branch_python_dop_operator_3.py
[2024-02-14T20:41:51.876+0000] {logging_mixin.py:188} INFO - [2024-02-14T20:41:51.875+0000] {dag.py:3036} INFO - Sync 1 DAGs
[2024-02-14T20:41:52.010+0000] {logging_mixin.py:188} INFO - [2024-02-14T20:41:52.009+0000] {dag.py:3823} INFO - Setting next_dagrun for example_branch_dop_operator_v3 to 2024-02-14 20:40:00+00:00, run_after=2024-02-14 20:41:00+00:00
[2024-02-14T20:41:52.100+0000] {processor.py:183} INFO - Processing /home/airflow/.local/lib/python3.8/site-packages/airflow/example_dags/example_branch_python_dop_operator_3.py took 0.402 seconds
[2024-02-14T20:42:23.121+0000] {processor.py:161} INFO - Started process (PID=2316) to work on /home/airflow/.local/lib/python3.8/site-packages/airflow/example_dags/example_branch_python_dop_operator_3.py
[2024-02-14T20:42:23.139+0000] {processor.py:830} INFO - Processing file /home/airflow/.local/lib/python3.8/site-packages/airflow/example_dags/example_branch_python_dop_operator_3.py for tasks to queue
[2024-02-14T20:42:23.143+0000] {logging_mixin.py:188} INFO - [2024-02-14T20:42:23.142+0000] {dagbag.py:538} INFO - Filling up the DagBag from /home/airflow/.local/lib/python3.8/site-packages/airflow/example_dags/example_branch_python_dop_operator_3.py
[2024-02-14T20:42:23.182+0000] {processor.py:840} INFO - DAG(s) 'example_branch_dop_operator_v3' retrieved from /home/airflow/.local/lib/python3.8/site-packages/airflow/example_dags/example_branch_python_dop_operator_3.py
[2024-02-14T20:42:23.254+0000] {logging_mixin.py:188} INFO - [2024-02-14T20:42:23.254+0000] {dag.py:3036} INFO - Sync 1 DAGs
[2024-02-14T20:42:23.343+0000] {logging_mixin.py:188} INFO - [2024-02-14T20:42:23.343+0000] {dag.py:3823} INFO - Setting next_dagrun for example_branch_dop_operator_v3 to 2024-02-14 20:41:00+00:00, run_after=2024-02-14 20:42:00+00:00
[2024-02-14T20:42:23.431+0000] {processor.py:183} INFO - Processing /home/airflow/.local/lib/python3.8/site-packages/airflow/example_dags/example_branch_python_dop_operator_3.py took 0.319 seconds
[2024-02-14T20:42:53.702+0000] {processor.py:161} INFO - Started process (PID=2564) to work on /home/airflow/.local/lib/python3.8/site-packages/airflow/example_dags/example_branch_python_dop_operator_3.py
[2024-02-14T20:42:53.706+0000] {processor.py:830} INFO - Processing file /home/airflow/.local/lib/python3.8/site-packages/airflow/example_dags/example_branch_python_dop_operator_3.py for tasks to queue
[2024-02-14T20:42:53.710+0000] {logging_mixin.py:188} INFO - [2024-02-14T20:42:53.709+0000] {dagbag.py:538} INFO - Filling up the DagBag from /home/airflow/.local/lib/python3.8/site-packages/airflow/example_dags/example_branch_python_dop_operator_3.py
[2024-02-14T20:42:53.749+0000] {processor.py:840} INFO - DAG(s) 'example_branch_dop_operator_v3' retrieved from /home/airflow/.local/lib/python3.8/site-packages/airflow/example_dags/example_branch_python_dop_operator_3.py
[2024-02-14T20:42:53.837+0000] {logging_mixin.py:188} INFO - [2024-02-14T20:42:53.836+0000] {dag.py:3036} INFO - Sync 1 DAGs
[2024-02-14T20:42:53.957+0000] {logging_mixin.py:188} INFO - [2024-02-14T20:42:53.956+0000] {dag.py:3823} INFO - Setting next_dagrun for example_branch_dop_operator_v3 to 2024-02-14 20:41:00+00:00, run_after=2024-02-14 20:42:00+00:00
[2024-02-14T20:42:54.140+0000] {processor.py:183} INFO - Processing /home/airflow/.local/lib/python3.8/site-packages/airflow/example_dags/example_branch_python_dop_operator_3.py took 0.451 seconds
[2024-02-14T20:43:24.827+0000] {processor.py:161} INFO - Started process (PID=2811) to work on /home/airflow/.local/lib/python3.8/site-packages/airflow/example_dags/example_branch_python_dop_operator_3.py
[2024-02-14T20:43:24.831+0000] {processor.py:830} INFO - Processing file /home/airflow/.local/lib/python3.8/site-packages/airflow/example_dags/example_branch_python_dop_operator_3.py for tasks to queue
[2024-02-14T20:43:24.841+0000] {logging_mixin.py:188} INFO - [2024-02-14T20:43:24.840+0000] {dagbag.py:538} INFO - Filling up the DagBag from /home/airflow/.local/lib/python3.8/site-packages/airflow/example_dags/example_branch_python_dop_operator_3.py
[2024-02-14T20:43:24.881+0000] {processor.py:840} INFO - DAG(s) 'example_branch_dop_operator_v3' retrieved from /home/airflow/.local/lib/python3.8/site-packages/airflow/example_dags/example_branch_python_dop_operator_3.py
[2024-02-14T20:43:24.995+0000] {logging_mixin.py:188} INFO - [2024-02-14T20:43:24.994+0000] {dag.py:3036} INFO - Sync 1 DAGs
[2024-02-14T20:43:25.138+0000] {logging_mixin.py:188} INFO - [2024-02-14T20:43:25.137+0000] {dag.py:3823} INFO - Setting next_dagrun for example_branch_dop_operator_v3 to 2024-02-14 20:42:00+00:00, run_after=2024-02-14 20:43:00+00:00
[2024-02-14T20:43:25.234+0000] {processor.py:183} INFO - Processing /home/airflow/.local/lib/python3.8/site-packages/airflow/example_dags/example_branch_python_dop_operator_3.py took 0.442 seconds
[2024-02-14T20:43:56.242+0000] {processor.py:161} INFO - Started process (PID=3057) to work on /home/airflow/.local/lib/python3.8/site-packages/airflow/example_dags/example_branch_python_dop_operator_3.py
[2024-02-14T20:43:56.246+0000] {processor.py:830} INFO - Processing file /home/airflow/.local/lib/python3.8/site-packages/airflow/example_dags/example_branch_python_dop_operator_3.py for tasks to queue
[2024-02-14T20:43:56.251+0000] {logging_mixin.py:188} INFO - [2024-02-14T20:43:56.249+0000] {dagbag.py:538} INFO - Filling up the DagBag from /home/airflow/.local/lib/python3.8/site-packages/airflow/example_dags/example_branch_python_dop_operator_3.py
[2024-02-14T20:43:56.287+0000] {processor.py:840} INFO - DAG(s) 'example_branch_dop_operator_v3' retrieved from /home/airflow/.local/lib/python3.8/site-packages/airflow/example_dags/example_branch_python_dop_operator_3.py
[2024-02-14T20:43:56.377+0000] {logging_mixin.py:188} INFO - [2024-02-14T20:43:56.376+0000] {dag.py:3036} INFO - Sync 1 DAGs
[2024-02-14T20:43:56.489+0000] {logging_mixin.py:188} INFO - [2024-02-14T20:43:56.488+0000] {dag.py:3823} INFO - Setting next_dagrun for example_branch_dop_operator_v3 to 2024-02-14 20:42:00+00:00, run_after=2024-02-14 20:43:00+00:00
[2024-02-14T20:43:56.564+0000] {processor.py:183} INFO - Processing /home/airflow/.local/lib/python3.8/site-packages/airflow/example_dags/example_branch_python_dop_operator_3.py took 0.335 seconds
[2024-02-14T20:44:26.984+0000] {processor.py:161} INFO - Started process (PID=3305) to work on /home/airflow/.local/lib/python3.8/site-packages/airflow/example_dags/example_branch_python_dop_operator_3.py
[2024-02-14T20:44:26.988+0000] {processor.py:830} INFO - Processing file /home/airflow/.local/lib/python3.8/site-packages/airflow/example_dags/example_branch_python_dop_operator_3.py for tasks to queue
[2024-02-14T20:44:26.992+0000] {logging_mixin.py:188} INFO - [2024-02-14T20:44:26.991+0000] {dagbag.py:538} INFO - Filling up the DagBag from /home/airflow/.local/lib/python3.8/site-packages/airflow/example_dags/example_branch_python_dop_operator_3.py
[2024-02-14T20:44:27.028+0000] {processor.py:840} INFO - DAG(s) 'example_branch_dop_operator_v3' retrieved from /home/airflow/.local/lib/python3.8/site-packages/airflow/example_dags/example_branch_python_dop_operator_3.py
[2024-02-14T20:44:27.079+0000] {logging_mixin.py:188} INFO - [2024-02-14T20:44:27.079+0000] {dag.py:3036} INFO - Sync 1 DAGs
[2024-02-14T20:44:27.122+0000] {logging_mixin.py:188} INFO - [2024-02-14T20:44:27.122+0000] {dag.py:3823} INFO - Setting next_dagrun for example_branch_dop_operator_v3 to 2024-02-14 20:43:00+00:00, run_after=2024-02-14 20:44:00+00:00
[2024-02-14T20:44:27.192+0000] {processor.py:183} INFO - Processing /home/airflow/.local/lib/python3.8/site-packages/airflow/example_dags/example_branch_python_dop_operator_3.py took 0.220 seconds
[2024-02-14T20:44:57.369+0000] {processor.py:161} INFO - Started process (PID=3552) to work on /home/airflow/.local/lib/python3.8/site-packages/airflow/example_dags/example_branch_python_dop_operator_3.py
[2024-02-14T20:44:57.373+0000] {processor.py:830} INFO - Processing file /home/airflow/.local/lib/python3.8/site-packages/airflow/example_dags/example_branch_python_dop_operator_3.py for tasks to queue
[2024-02-14T20:44:57.378+0000] {logging_mixin.py:188} INFO - [2024-02-14T20:44:57.377+0000] {dagbag.py:538} INFO - Filling up the DagBag from /home/airflow/.local/lib/python3.8/site-packages/airflow/example_dags/example_branch_python_dop_operator_3.py
[2024-02-14T20:44:57.403+0000] {processor.py:840} INFO - DAG(s) 'example_branch_dop_operator_v3' retrieved from /home/airflow/.local/lib/python3.8/site-packages/airflow/example_dags/example_branch_python_dop_operator_3.py
[2024-02-14T20:44:57.445+0000] {logging_mixin.py:188} INFO - [2024-02-14T20:44:57.445+0000] {dag.py:3036} INFO - Sync 1 DAGs
[2024-02-14T20:44:57.548+0000] {logging_mixin.py:188} INFO - [2024-02-14T20:44:57.547+0000] {dag.py:3823} INFO - Setting next_dagrun for example_branch_dop_operator_v3 to 2024-02-14 20:43:00+00:00, run_after=2024-02-14 20:44:00+00:00
[2024-02-14T20:44:57.655+0000] {processor.py:183} INFO - Processing /home/airflow/.local/lib/python3.8/site-packages/airflow/example_dags/example_branch_python_dop_operator_3.py took 0.299 seconds
[2024-02-14T20:45:27.813+0000] {processor.py:161} INFO - Started process (PID=3800) to work on /home/airflow/.local/lib/python3.8/site-packages/airflow/example_dags/example_branch_python_dop_operator_3.py
[2024-02-14T20:45:27.817+0000] {processor.py:830} INFO - Processing file /home/airflow/.local/lib/python3.8/site-packages/airflow/example_dags/example_branch_python_dop_operator_3.py for tasks to queue
[2024-02-14T20:45:27.821+0000] {logging_mixin.py:188} INFO - [2024-02-14T20:45:27.820+0000] {dagbag.py:538} INFO - Filling up the DagBag from /home/airflow/.local/lib/python3.8/site-packages/airflow/example_dags/example_branch_python_dop_operator_3.py
[2024-02-14T20:45:27.857+0000] {processor.py:840} INFO - DAG(s) 'example_branch_dop_operator_v3' retrieved from /home/airflow/.local/lib/python3.8/site-packages/airflow/example_dags/example_branch_python_dop_operator_3.py
[2024-02-14T20:45:27.945+0000] {logging_mixin.py:188} INFO - [2024-02-14T20:45:27.944+0000] {dag.py:3036} INFO - Sync 1 DAGs
[2024-02-14T20:45:28.005+0000] {logging_mixin.py:188} INFO - [2024-02-14T20:45:28.005+0000] {dag.py:3823} INFO - Setting next_dagrun for example_branch_dop_operator_v3 to 2024-02-14 20:44:00+00:00, run_after=2024-02-14 20:45:00+00:00
[2024-02-14T20:45:28.049+0000] {processor.py:183} INFO - Processing /home/airflow/.local/lib/python3.8/site-packages/airflow/example_dags/example_branch_python_dop_operator_3.py took 0.249 seconds
[2024-02-14T20:45:58.657+0000] {processor.py:161} INFO - Started process (PID=4047) to work on /home/airflow/.local/lib/python3.8/site-packages/airflow/example_dags/example_branch_python_dop_operator_3.py
[2024-02-14T20:45:58.661+0000] {processor.py:830} INFO - Processing file /home/airflow/.local/lib/python3.8/site-packages/airflow/example_dags/example_branch_python_dop_operator_3.py for tasks to queue
[2024-02-14T20:45:58.665+0000] {logging_mixin.py:188} INFO - [2024-02-14T20:45:58.664+0000] {dagbag.py:538} INFO - Filling up the DagBag from /home/airflow/.local/lib/python3.8/site-packages/airflow/example_dags/example_branch_python_dop_operator_3.py
[2024-02-14T20:45:58.702+0000] {processor.py:840} INFO - DAG(s) 'example_branch_dop_operator_v3' retrieved from /home/airflow/.local/lib/python3.8/site-packages/airflow/example_dags/example_branch_python_dop_operator_3.py
[2024-02-14T20:45:58.781+0000] {logging_mixin.py:188} INFO - [2024-02-14T20:45:58.780+0000] {dag.py:3036} INFO - Sync 1 DAGs
[2024-02-14T20:45:58.881+0000] {logging_mixin.py:188} INFO - [2024-02-14T20:45:58.880+0000] {dag.py:3823} INFO - Setting next_dagrun for example_branch_dop_operator_v3 to 2024-02-14 20:44:00+00:00, run_after=2024-02-14 20:45:00+00:00
[2024-02-14T20:45:58.945+0000] {processor.py:183} INFO - Processing /home/airflow/.local/lib/python3.8/site-packages/airflow/example_dags/example_branch_python_dop_operator_3.py took 0.300 seconds
[2024-02-14T20:46:29.881+0000] {processor.py:161} INFO - Started process (PID=4294) to work on /home/airflow/.local/lib/python3.8/site-packages/airflow/example_dags/example_branch_python_dop_operator_3.py
[2024-02-14T20:46:29.884+0000] {processor.py:830} INFO - Processing file /home/airflow/.local/lib/python3.8/site-packages/airflow/example_dags/example_branch_python_dop_operator_3.py for tasks to queue
[2024-02-14T20:46:29.888+0000] {logging_mixin.py:188} INFO - [2024-02-14T20:46:29.887+0000] {dagbag.py:538} INFO - Filling up the DagBag from /home/airflow/.local/lib/python3.8/site-packages/airflow/example_dags/example_branch_python_dop_operator_3.py
[2024-02-14T20:46:29.976+0000] {processor.py:840} INFO - DAG(s) 'example_branch_dop_operator_v3' retrieved from /home/airflow/.local/lib/python3.8/site-packages/airflow/example_dags/example_branch_python_dop_operator_3.py
[2024-02-14T20:46:30.036+0000] {logging_mixin.py:188} INFO - [2024-02-14T20:46:30.035+0000] {dag.py:3036} INFO - Sync 1 DAGs
[2024-02-14T20:46:30.114+0000] {logging_mixin.py:188} INFO - [2024-02-14T20:46:30.113+0000] {dag.py:3823} INFO - Setting next_dagrun for example_branch_dop_operator_v3 to 2024-02-14 20:45:00+00:00, run_after=2024-02-14 20:46:00+00:00
[2024-02-14T20:46:30.169+0000] {processor.py:183} INFO - Processing /home/airflow/.local/lib/python3.8/site-packages/airflow/example_dags/example_branch_python_dop_operator_3.py took 0.297 seconds
[2024-02-14T20:47:00.865+0000] {processor.py:161} INFO - Started process (PID=4542) to work on /home/airflow/.local/lib/python3.8/site-packages/airflow/example_dags/example_branch_python_dop_operator_3.py
[2024-02-14T20:47:00.872+0000] {processor.py:830} INFO - Processing file /home/airflow/.local/lib/python3.8/site-packages/airflow/example_dags/example_branch_python_dop_operator_3.py for tasks to queue
[2024-02-14T20:47:00.875+0000] {logging_mixin.py:188} INFO - [2024-02-14T20:47:00.874+0000] {dagbag.py:538} INFO - Filling up the DagBag from /home/airflow/.local/lib/python3.8/site-packages/airflow/example_dags/example_branch_python_dop_operator_3.py
[2024-02-14T20:47:00.900+0000] {processor.py:840} INFO - DAG(s) 'example_branch_dop_operator_v3' retrieved from /home/airflow/.local/lib/python3.8/site-packages/airflow/example_dags/example_branch_python_dop_operator_3.py
[2024-02-14T20:47:00.985+0000] {logging_mixin.py:188} INFO - [2024-02-14T20:47:00.984+0000] {dag.py:3036} INFO - Sync 1 DAGs
[2024-02-14T20:47:01.064+0000] {logging_mixin.py:188} INFO - [2024-02-14T20:47:01.064+0000] {dag.py:3823} INFO - Setting next_dagrun for example_branch_dop_operator_v3 to 2024-02-14 20:46:00+00:00, run_after=2024-02-14 20:47:00+00:00
[2024-02-14T20:47:01.118+0000] {processor.py:183} INFO - Processing /home/airflow/.local/lib/python3.8/site-packages/airflow/example_dags/example_branch_python_dop_operator_3.py took 0.262 seconds
[2024-02-14T20:47:31.253+0000] {processor.py:161} INFO - Started process (PID=4789) to work on /home/airflow/.local/lib/python3.8/site-packages/airflow/example_dags/example_branch_python_dop_operator_3.py
[2024-02-14T20:47:31.255+0000] {processor.py:830} INFO - Processing file /home/airflow/.local/lib/python3.8/site-packages/airflow/example_dags/example_branch_python_dop_operator_3.py for tasks to queue
[2024-02-14T20:47:31.257+0000] {logging_mixin.py:188} INFO - [2024-02-14T20:47:31.256+0000] {dagbag.py:538} INFO - Filling up the DagBag from /home/airflow/.local/lib/python3.8/site-packages/airflow/example_dags/example_branch_python_dop_operator_3.py
[2024-02-14T20:47:31.276+0000] {processor.py:840} INFO - DAG(s) 'example_branch_dop_operator_v3' retrieved from /home/airflow/.local/lib/python3.8/site-packages/airflow/example_dags/example_branch_python_dop_operator_3.py
[2024-02-14T20:47:31.315+0000] {logging_mixin.py:188} INFO - [2024-02-14T20:47:31.314+0000] {dag.py:3036} INFO - Sync 1 DAGs
[2024-02-14T20:47:31.373+0000] {logging_mixin.py:188} INFO - [2024-02-14T20:47:31.372+0000] {dag.py:3823} INFO - Setting next_dagrun for example_branch_dop_operator_v3 to 2024-02-14 20:46:00+00:00, run_after=2024-02-14 20:47:00+00:00
[2024-02-14T20:47:31.412+0000] {processor.py:183} INFO - Processing /home/airflow/.local/lib/python3.8/site-packages/airflow/example_dags/example_branch_python_dop_operator_3.py took 0.167 seconds
[2024-02-14T20:48:02.566+0000] {processor.py:161} INFO - Started process (PID=5036) to work on /home/airflow/.local/lib/python3.8/site-packages/airflow/example_dags/example_branch_python_dop_operator_3.py
[2024-02-14T20:48:02.568+0000] {processor.py:830} INFO - Processing file /home/airflow/.local/lib/python3.8/site-packages/airflow/example_dags/example_branch_python_dop_operator_3.py for tasks to queue
[2024-02-14T20:48:02.570+0000] {logging_mixin.py:188} INFO - [2024-02-14T20:48:02.569+0000] {dagbag.py:538} INFO - Filling up the DagBag from /home/airflow/.local/lib/python3.8/site-packages/airflow/example_dags/example_branch_python_dop_operator_3.py
[2024-02-14T20:48:02.586+0000] {processor.py:840} INFO - DAG(s) 'example_branch_dop_operator_v3' retrieved from /home/airflow/.local/lib/python3.8/site-packages/airflow/example_dags/example_branch_python_dop_operator_3.py
[2024-02-14T20:48:02.623+0000] {logging_mixin.py:188} INFO - [2024-02-14T20:48:02.622+0000] {dag.py:3036} INFO - Sync 1 DAGs
[2024-02-14T20:48:02.666+0000] {logging_mixin.py:188} INFO - [2024-02-14T20:48:02.666+0000] {dag.py:3823} INFO - Setting next_dagrun for example_branch_dop_operator_v3 to 2024-02-14 20:47:00+00:00, run_after=2024-02-14 20:48:00+00:00
[2024-02-14T20:48:02.711+0000] {processor.py:183} INFO - Processing /home/airflow/.local/lib/python3.8/site-packages/airflow/example_dags/example_branch_python_dop_operator_3.py took 0.150 seconds
[2024-02-14T20:48:32.963+0000] {processor.py:161} INFO - Started process (PID=5283) to work on /home/airflow/.local/lib/python3.8/site-packages/airflow/example_dags/example_branch_python_dop_operator_3.py
[2024-02-14T20:48:32.968+0000] {processor.py:830} INFO - Processing file /home/airflow/.local/lib/python3.8/site-packages/airflow/example_dags/example_branch_python_dop_operator_3.py for tasks to queue
[2024-02-14T20:48:32.972+0000] {logging_mixin.py:188} INFO - [2024-02-14T20:48:32.971+0000] {dagbag.py:538} INFO - Filling up the DagBag from /home/airflow/.local/lib/python3.8/site-packages/airflow/example_dags/example_branch_python_dop_operator_3.py
[2024-02-14T20:48:33.003+0000] {processor.py:840} INFO - DAG(s) 'example_branch_dop_operator_v3' retrieved from /home/airflow/.local/lib/python3.8/site-packages/airflow/example_dags/example_branch_python_dop_operator_3.py
[2024-02-14T20:48:33.041+0000] {logging_mixin.py:188} INFO - [2024-02-14T20:48:33.041+0000] {dag.py:3036} INFO - Sync 1 DAGs
[2024-02-14T20:48:33.088+0000] {logging_mixin.py:188} INFO - [2024-02-14T20:48:33.087+0000] {dag.py:3823} INFO - Setting next_dagrun for example_branch_dop_operator_v3 to 2024-02-14 20:47:00+00:00, run_after=2024-02-14 20:48:00+00:00
[2024-02-14T20:48:33.117+0000] {processor.py:183} INFO - Processing /home/airflow/.local/lib/python3.8/site-packages/airflow/example_dags/example_branch_python_dop_operator_3.py took 0.168 seconds
[2024-02-14T20:49:03.938+0000] {processor.py:161} INFO - Started process (PID=5530) to work on /home/airflow/.local/lib/python3.8/site-packages/airflow/example_dags/example_branch_python_dop_operator_3.py
[2024-02-14T20:49:03.940+0000] {processor.py:830} INFO - Processing file /home/airflow/.local/lib/python3.8/site-packages/airflow/example_dags/example_branch_python_dop_operator_3.py for tasks to queue
[2024-02-14T20:49:03.943+0000] {logging_mixin.py:188} INFO - [2024-02-14T20:49:03.942+0000] {dagbag.py:538} INFO - Filling up the DagBag from /home/airflow/.local/lib/python3.8/site-packages/airflow/example_dags/example_branch_python_dop_operator_3.py
[2024-02-14T20:49:03.963+0000] {processor.py:840} INFO - DAG(s) 'example_branch_dop_operator_v3' retrieved from /home/airflow/.local/lib/python3.8/site-packages/airflow/example_dags/example_branch_python_dop_operator_3.py
[2024-02-14T20:49:04.005+0000] {logging_mixin.py:188} INFO - [2024-02-14T20:49:04.005+0000] {dag.py:3036} INFO - Sync 1 DAGs
[2024-02-14T20:49:04.061+0000] {logging_mixin.py:188} INFO - [2024-02-14T20:49:04.061+0000] {dag.py:3823} INFO - Setting next_dagrun for example_branch_dop_operator_v3 to 2024-02-14 20:48:00+00:00, run_after=2024-02-14 20:49:00+00:00
[2024-02-14T20:49:04.100+0000] {processor.py:183} INFO - Processing /home/airflow/.local/lib/python3.8/site-packages/airflow/example_dags/example_branch_python_dop_operator_3.py took 0.169 seconds
[2024-02-14T20:49:34.859+0000] {processor.py:161} INFO - Started process (PID=5778) to work on /home/airflow/.local/lib/python3.8/site-packages/airflow/example_dags/example_branch_python_dop_operator_3.py
[2024-02-14T20:49:34.863+0000] {processor.py:830} INFO - Processing file /home/airflow/.local/lib/python3.8/site-packages/airflow/example_dags/example_branch_python_dop_operator_3.py for tasks to queue
[2024-02-14T20:49:34.868+0000] {logging_mixin.py:188} INFO - [2024-02-14T20:49:34.867+0000] {dagbag.py:538} INFO - Filling up the DagBag from /home/airflow/.local/lib/python3.8/site-packages/airflow/example_dags/example_branch_python_dop_operator_3.py
[2024-02-14T20:49:34.907+0000] {processor.py:840} INFO - DAG(s) 'example_branch_dop_operator_v3' retrieved from /home/airflow/.local/lib/python3.8/site-packages/airflow/example_dags/example_branch_python_dop_operator_3.py
[2024-02-14T20:49:34.990+0000] {logging_mixin.py:188} INFO - [2024-02-14T20:49:34.989+0000] {dag.py:3036} INFO - Sync 1 DAGs
[2024-02-14T20:49:35.096+0000] {logging_mixin.py:188} INFO - [2024-02-14T20:49:35.095+0000] {dag.py:3823} INFO - Setting next_dagrun for example_branch_dop_operator_v3 to 2024-02-14 20:48:00+00:00, run_after=2024-02-14 20:49:00+00:00
[2024-02-14T20:49:35.187+0000] {processor.py:183} INFO - Processing /home/airflow/.local/lib/python3.8/site-packages/airflow/example_dags/example_branch_python_dop_operator_3.py took 0.340 seconds
[2024-02-14T20:50:05.336+0000] {processor.py:161} INFO - Started process (PID=6026) to work on /home/airflow/.local/lib/python3.8/site-packages/airflow/example_dags/example_branch_python_dop_operator_3.py
[2024-02-14T20:50:05.340+0000] {processor.py:830} INFO - Processing file /home/airflow/.local/lib/python3.8/site-packages/airflow/example_dags/example_branch_python_dop_operator_3.py for tasks to queue
[2024-02-14T20:50:05.345+0000] {logging_mixin.py:188} INFO - [2024-02-14T20:50:05.344+0000] {dagbag.py:538} INFO - Filling up the DagBag from /home/airflow/.local/lib/python3.8/site-packages/airflow/example_dags/example_branch_python_dop_operator_3.py
[2024-02-14T20:50:05.381+0000] {processor.py:840} INFO - DAG(s) 'example_branch_dop_operator_v3' retrieved from /home/airflow/.local/lib/python3.8/site-packages/airflow/example_dags/example_branch_python_dop_operator_3.py
[2024-02-14T20:50:05.453+0000] {logging_mixin.py:188} INFO - [2024-02-14T20:50:05.453+0000] {dag.py:3036} INFO - Sync 1 DAGs
[2024-02-14T20:50:05.493+0000] {logging_mixin.py:188} INFO - [2024-02-14T20:50:05.493+0000] {dag.py:3823} INFO - Setting next_dagrun for example_branch_dop_operator_v3 to 2024-02-14 20:49:00+00:00, run_after=2024-02-14 20:50:00+00:00
[2024-02-14T20:50:05.520+0000] {processor.py:183} INFO - Processing /home/airflow/.local/lib/python3.8/site-packages/airflow/example_dags/example_branch_python_dop_operator_3.py took 0.197 seconds
[2024-02-14T20:50:36.242+0000] {processor.py:161} INFO - Started process (PID=6273) to work on /home/airflow/.local/lib/python3.8/site-packages/airflow/example_dags/example_branch_python_dop_operator_3.py
[2024-02-14T20:50:36.246+0000] {processor.py:830} INFO - Processing file /home/airflow/.local/lib/python3.8/site-packages/airflow/example_dags/example_branch_python_dop_operator_3.py for tasks to queue
[2024-02-14T20:50:36.250+0000] {logging_mixin.py:188} INFO - [2024-02-14T20:50:36.249+0000] {dagbag.py:538} INFO - Filling up the DagBag from /home/airflow/.local/lib/python3.8/site-packages/airflow/example_dags/example_branch_python_dop_operator_3.py
[2024-02-14T20:50:36.279+0000] {processor.py:840} INFO - DAG(s) 'example_branch_dop_operator_v3' retrieved from /home/airflow/.local/lib/python3.8/site-packages/airflow/example_dags/example_branch_python_dop_operator_3.py
[2024-02-14T20:50:36.311+0000] {logging_mixin.py:188} INFO - [2024-02-14T20:50:36.311+0000] {dag.py:3036} INFO - Sync 1 DAGs
[2024-02-14T20:50:36.348+0000] {logging_mixin.py:188} INFO - [2024-02-14T20:50:36.348+0000] {dag.py:3823} INFO - Setting next_dagrun for example_branch_dop_operator_v3 to 2024-02-14 20:49:00+00:00, run_after=2024-02-14 20:50:00+00:00
[2024-02-14T20:50:36.377+0000] {processor.py:183} INFO - Processing /home/airflow/.local/lib/python3.8/site-packages/airflow/example_dags/example_branch_python_dop_operator_3.py took 0.148 seconds
[2024-02-14T20:51:06.632+0000] {processor.py:161} INFO - Started process (PID=6521) to work on /home/airflow/.local/lib/python3.8/site-packages/airflow/example_dags/example_branch_python_dop_operator_3.py
[2024-02-14T20:51:06.636+0000] {processor.py:830} INFO - Processing file /home/airflow/.local/lib/python3.8/site-packages/airflow/example_dags/example_branch_python_dop_operator_3.py for tasks to queue
[2024-02-14T20:51:06.640+0000] {logging_mixin.py:188} INFO - [2024-02-14T20:51:06.639+0000] {dagbag.py:538} INFO - Filling up the DagBag from /home/airflow/.local/lib/python3.8/site-packages/airflow/example_dags/example_branch_python_dop_operator_3.py
[2024-02-14T20:51:06.676+0000] {processor.py:840} INFO - DAG(s) 'example_branch_dop_operator_v3' retrieved from /home/airflow/.local/lib/python3.8/site-packages/airflow/example_dags/example_branch_python_dop_operator_3.py
[2024-02-14T20:51:06.752+0000] {logging_mixin.py:188} INFO - [2024-02-14T20:51:06.751+0000] {dag.py:3036} INFO - Sync 1 DAGs
[2024-02-14T20:51:06.817+0000] {logging_mixin.py:188} INFO - [2024-02-14T20:51:06.816+0000] {dag.py:3823} INFO - Setting next_dagrun for example_branch_dop_operator_v3 to 2024-02-14 20:50:00+00:00, run_after=2024-02-14 20:51:00+00:00
[2024-02-14T20:51:06.873+0000] {processor.py:183} INFO - Processing /home/airflow/.local/lib/python3.8/site-packages/airflow/example_dags/example_branch_python_dop_operator_3.py took 0.254 seconds
[2024-02-14T20:51:37.569+0000] {processor.py:161} INFO - Started process (PID=6769) to work on /home/airflow/.local/lib/python3.8/site-packages/airflow/example_dags/example_branch_python_dop_operator_3.py
[2024-02-14T20:51:37.570+0000] {processor.py:830} INFO - Processing file /home/airflow/.local/lib/python3.8/site-packages/airflow/example_dags/example_branch_python_dop_operator_3.py for tasks to queue
[2024-02-14T20:51:37.572+0000] {logging_mixin.py:188} INFO - [2024-02-14T20:51:37.572+0000] {dagbag.py:538} INFO - Filling up the DagBag from /home/airflow/.local/lib/python3.8/site-packages/airflow/example_dags/example_branch_python_dop_operator_3.py
[2024-02-14T20:51:37.585+0000] {processor.py:840} INFO - DAG(s) 'example_branch_dop_operator_v3' retrieved from /home/airflow/.local/lib/python3.8/site-packages/airflow/example_dags/example_branch_python_dop_operator_3.py
[2024-02-14T20:51:37.622+0000] {logging_mixin.py:188} INFO - [2024-02-14T20:51:37.622+0000] {dag.py:3036} INFO - Sync 1 DAGs
[2024-02-14T20:51:37.675+0000] {logging_mixin.py:188} INFO - [2024-02-14T20:51:37.675+0000] {dag.py:3823} INFO - Setting next_dagrun for example_branch_dop_operator_v3 to 2024-02-14 20:50:00+00:00, run_after=2024-02-14 20:51:00+00:00
[2024-02-14T20:51:37.716+0000] {processor.py:183} INFO - Processing /home/airflow/.local/lib/python3.8/site-packages/airflow/example_dags/example_branch_python_dop_operator_3.py took 0.151 seconds
[2024-02-14T20:52:08.579+0000] {processor.py:161} INFO - Started process (PID=7016) to work on /home/airflow/.local/lib/python3.8/site-packages/airflow/example_dags/example_branch_python_dop_operator_3.py
[2024-02-14T20:52:08.583+0000] {processor.py:830} INFO - Processing file /home/airflow/.local/lib/python3.8/site-packages/airflow/example_dags/example_branch_python_dop_operator_3.py for tasks to queue
[2024-02-14T20:52:08.587+0000] {logging_mixin.py:188} INFO - [2024-02-14T20:52:08.586+0000] {dagbag.py:538} INFO - Filling up the DagBag from /home/airflow/.local/lib/python3.8/site-packages/airflow/example_dags/example_branch_python_dop_operator_3.py
[2024-02-14T20:52:08.633+0000] {processor.py:840} INFO - DAG(s) 'example_branch_dop_operator_v3' retrieved from /home/airflow/.local/lib/python3.8/site-packages/airflow/example_dags/example_branch_python_dop_operator_3.py
[2024-02-14T20:52:08.711+0000] {logging_mixin.py:188} INFO - [2024-02-14T20:52:08.710+0000] {dag.py:3036} INFO - Sync 1 DAGs
[2024-02-14T20:52:08.841+0000] {logging_mixin.py:188} INFO - [2024-02-14T20:52:08.840+0000] {dag.py:3823} INFO - Setting next_dagrun for example_branch_dop_operator_v3 to 2024-02-14 20:51:00+00:00, run_after=2024-02-14 20:52:00+00:00
[2024-02-14T20:52:08.928+0000] {processor.py:183} INFO - Processing /home/airflow/.local/lib/python3.8/site-packages/airflow/example_dags/example_branch_python_dop_operator_3.py took 0.364 seconds
[2024-02-14T20:52:39.923+0000] {processor.py:161} INFO - Started process (PID=7263) to work on /home/airflow/.local/lib/python3.8/site-packages/airflow/example_dags/example_branch_python_dop_operator_3.py
[2024-02-14T20:52:39.927+0000] {processor.py:830} INFO - Processing file /home/airflow/.local/lib/python3.8/site-packages/airflow/example_dags/example_branch_python_dop_operator_3.py for tasks to queue
[2024-02-14T20:52:39.931+0000] {logging_mixin.py:188} INFO - [2024-02-14T20:52:39.930+0000] {dagbag.py:538} INFO - Filling up the DagBag from /home/airflow/.local/lib/python3.8/site-packages/airflow/example_dags/example_branch_python_dop_operator_3.py
[2024-02-14T20:52:39.969+0000] {processor.py:840} INFO - DAG(s) 'example_branch_dop_operator_v3' retrieved from /home/airflow/.local/lib/python3.8/site-packages/airflow/example_dags/example_branch_python_dop_operator_3.py
[2024-02-14T20:52:40.027+0000] {logging_mixin.py:188} INFO - [2024-02-14T20:52:40.026+0000] {dag.py:3036} INFO - Sync 1 DAGs
[2024-02-14T20:52:40.075+0000] {logging_mixin.py:188} INFO - [2024-02-14T20:52:40.075+0000] {dag.py:3823} INFO - Setting next_dagrun for example_branch_dop_operator_v3 to 2024-02-14 20:51:00+00:00, run_after=2024-02-14 20:52:00+00:00
[2024-02-14T20:52:40.164+0000] {processor.py:183} INFO - Processing /home/airflow/.local/lib/python3.8/site-packages/airflow/example_dags/example_branch_python_dop_operator_3.py took 0.256 seconds
[2024-02-14T20:53:10.647+0000] {processor.py:161} INFO - Started process (PID=7510) to work on /home/airflow/.local/lib/python3.8/site-packages/airflow/example_dags/example_branch_python_dop_operator_3.py
[2024-02-14T20:53:10.651+0000] {processor.py:830} INFO - Processing file /home/airflow/.local/lib/python3.8/site-packages/airflow/example_dags/example_branch_python_dop_operator_3.py for tasks to queue
[2024-02-14T20:53:10.656+0000] {logging_mixin.py:188} INFO - [2024-02-14T20:53:10.655+0000] {dagbag.py:538} INFO - Filling up the DagBag from /home/airflow/.local/lib/python3.8/site-packages/airflow/example_dags/example_branch_python_dop_operator_3.py
[2024-02-14T20:53:10.700+0000] {processor.py:840} INFO - DAG(s) 'example_branch_dop_operator_v3' retrieved from /home/airflow/.local/lib/python3.8/site-packages/airflow/example_dags/example_branch_python_dop_operator_3.py
[2024-02-14T20:53:10.795+0000] {logging_mixin.py:188} INFO - [2024-02-14T20:53:10.794+0000] {dag.py:3036} INFO - Sync 1 DAGs
[2024-02-14T20:53:10.921+0000] {logging_mixin.py:188} INFO - [2024-02-14T20:53:10.919+0000] {dag.py:3823} INFO - Setting next_dagrun for example_branch_dop_operator_v3 to 2024-02-14 20:52:00+00:00, run_after=2024-02-14 20:53:00+00:00
[2024-02-14T20:53:11.009+0000] {processor.py:183} INFO - Processing /home/airflow/.local/lib/python3.8/site-packages/airflow/example_dags/example_branch_python_dop_operator_3.py took 0.379 seconds
[2024-02-14T20:53:41.350+0000] {processor.py:161} INFO - Started process (PID=7757) to work on /home/airflow/.local/lib/python3.8/site-packages/airflow/example_dags/example_branch_python_dop_operator_3.py
[2024-02-14T20:53:41.354+0000] {processor.py:830} INFO - Processing file /home/airflow/.local/lib/python3.8/site-packages/airflow/example_dags/example_branch_python_dop_operator_3.py for tasks to queue
[2024-02-14T20:53:41.358+0000] {logging_mixin.py:188} INFO - [2024-02-14T20:53:41.357+0000] {dagbag.py:538} INFO - Filling up the DagBag from /home/airflow/.local/lib/python3.8/site-packages/airflow/example_dags/example_branch_python_dop_operator_3.py
[2024-02-14T20:53:41.400+0000] {processor.py:840} INFO - DAG(s) 'example_branch_dop_operator_v3' retrieved from /home/airflow/.local/lib/python3.8/site-packages/airflow/example_dags/example_branch_python_dop_operator_3.py
[2024-02-14T20:53:41.475+0000] {logging_mixin.py:188} INFO - [2024-02-14T20:53:41.475+0000] {dag.py:3036} INFO - Sync 1 DAGs
[2024-02-14T20:53:41.529+0000] {logging_mixin.py:188} INFO - [2024-02-14T20:53:41.529+0000] {dag.py:3823} INFO - Setting next_dagrun for example_branch_dop_operator_v3 to 2024-02-14 20:52:00+00:00, run_after=2024-02-14 20:53:00+00:00
[2024-02-14T20:53:41.574+0000] {processor.py:183} INFO - Processing /home/airflow/.local/lib/python3.8/site-packages/airflow/example_dags/example_branch_python_dop_operator_3.py took 0.237 seconds
[2024-02-14T20:54:11.668+0000] {processor.py:161} INFO - Started process (PID=8004) to work on /home/airflow/.local/lib/python3.8/site-packages/airflow/example_dags/example_branch_python_dop_operator_3.py
[2024-02-14T20:54:11.671+0000] {processor.py:830} INFO - Processing file /home/airflow/.local/lib/python3.8/site-packages/airflow/example_dags/example_branch_python_dop_operator_3.py for tasks to queue
[2024-02-14T20:54:11.675+0000] {logging_mixin.py:188} INFO - [2024-02-14T20:54:11.674+0000] {dagbag.py:538} INFO - Filling up the DagBag from /home/airflow/.local/lib/python3.8/site-packages/airflow/example_dags/example_branch_python_dop_operator_3.py
[2024-02-14T20:54:11.695+0000] {processor.py:840} INFO - DAG(s) 'example_branch_dop_operator_v3' retrieved from /home/airflow/.local/lib/python3.8/site-packages/airflow/example_dags/example_branch_python_dop_operator_3.py
[2024-02-14T20:54:11.744+0000] {logging_mixin.py:188} INFO - [2024-02-14T20:54:11.744+0000] {dag.py:3036} INFO - Sync 1 DAGs
[2024-02-14T20:54:11.806+0000] {logging_mixin.py:188} INFO - [2024-02-14T20:54:11.805+0000] {dag.py:3823} INFO - Setting next_dagrun for example_branch_dop_operator_v3 to 2024-02-14 20:53:00+00:00, run_after=2024-02-14 20:54:00+00:00
[2024-02-14T20:54:11.854+0000] {processor.py:183} INFO - Processing /home/airflow/.local/lib/python3.8/site-packages/airflow/example_dags/example_branch_python_dop_operator_3.py took 0.197 seconds
[2024-02-14T20:54:42.069+0000] {processor.py:161} INFO - Started process (PID=8251) to work on /home/airflow/.local/lib/python3.8/site-packages/airflow/example_dags/example_branch_python_dop_operator_3.py
[2024-02-14T20:54:42.072+0000] {processor.py:830} INFO - Processing file /home/airflow/.local/lib/python3.8/site-packages/airflow/example_dags/example_branch_python_dop_operator_3.py for tasks to queue
[2024-02-14T20:54:42.074+0000] {logging_mixin.py:188} INFO - [2024-02-14T20:54:42.073+0000] {dagbag.py:538} INFO - Filling up the DagBag from /home/airflow/.local/lib/python3.8/site-packages/airflow/example_dags/example_branch_python_dop_operator_3.py
[2024-02-14T20:54:42.103+0000] {processor.py:840} INFO - DAG(s) 'example_branch_dop_operator_v3' retrieved from /home/airflow/.local/lib/python3.8/site-packages/airflow/example_dags/example_branch_python_dop_operator_3.py
[2024-02-14T20:54:42.150+0000] {logging_mixin.py:188} INFO - [2024-02-14T20:54:42.149+0000] {dag.py:3036} INFO - Sync 1 DAGs
[2024-02-14T20:54:42.235+0000] {logging_mixin.py:188} INFO - [2024-02-14T20:54:42.235+0000] {dag.py:3823} INFO - Setting next_dagrun for example_branch_dop_operator_v3 to 2024-02-14 20:53:00+00:00, run_after=2024-02-14 20:54:00+00:00
[2024-02-14T20:54:42.299+0000] {processor.py:183} INFO - Processing /home/airflow/.local/lib/python3.8/site-packages/airflow/example_dags/example_branch_python_dop_operator_3.py took 0.239 seconds
[2024-02-14T20:55:12.450+0000] {processor.py:161} INFO - Started process (PID=8498) to work on /home/airflow/.local/lib/python3.8/site-packages/airflow/example_dags/example_branch_python_dop_operator_3.py
[2024-02-14T20:55:12.454+0000] {processor.py:830} INFO - Processing file /home/airflow/.local/lib/python3.8/site-packages/airflow/example_dags/example_branch_python_dop_operator_3.py for tasks to queue
[2024-02-14T20:55:12.459+0000] {logging_mixin.py:188} INFO - [2024-02-14T20:55:12.457+0000] {dagbag.py:538} INFO - Filling up the DagBag from /home/airflow/.local/lib/python3.8/site-packages/airflow/example_dags/example_branch_python_dop_operator_3.py
[2024-02-14T20:55:12.501+0000] {processor.py:840} INFO - DAG(s) 'example_branch_dop_operator_v3' retrieved from /home/airflow/.local/lib/python3.8/site-packages/airflow/example_dags/example_branch_python_dop_operator_3.py
[2024-02-14T20:55:12.598+0000] {logging_mixin.py:188} INFO - [2024-02-14T20:55:12.597+0000] {dag.py:3036} INFO - Sync 1 DAGs
[2024-02-14T20:55:12.719+0000] {logging_mixin.py:188} INFO - [2024-02-14T20:55:12.718+0000] {dag.py:3823} INFO - Setting next_dagrun for example_branch_dop_operator_v3 to 2024-02-14 20:54:00+00:00, run_after=2024-02-14 20:55:00+00:00
[2024-02-14T20:55:12.803+0000] {processor.py:183} INFO - Processing /home/airflow/.local/lib/python3.8/site-packages/airflow/example_dags/example_branch_python_dop_operator_3.py took 0.366 seconds
[2024-02-14T20:55:43.660+0000] {processor.py:161} INFO - Started process (PID=8745) to work on /home/airflow/.local/lib/python3.8/site-packages/airflow/example_dags/example_branch_python_dop_operator_3.py
[2024-02-14T20:55:43.664+0000] {processor.py:830} INFO - Processing file /home/airflow/.local/lib/python3.8/site-packages/airflow/example_dags/example_branch_python_dop_operator_3.py for tasks to queue
[2024-02-14T20:55:43.668+0000] {logging_mixin.py:188} INFO - [2024-02-14T20:55:43.667+0000] {dagbag.py:538} INFO - Filling up the DagBag from /home/airflow/.local/lib/python3.8/site-packages/airflow/example_dags/example_branch_python_dop_operator_3.py
[2024-02-14T20:55:43.701+0000] {processor.py:840} INFO - DAG(s) 'example_branch_dop_operator_v3' retrieved from /home/airflow/.local/lib/python3.8/site-packages/airflow/example_dags/example_branch_python_dop_operator_3.py
[2024-02-14T20:55:43.768+0000] {logging_mixin.py:188} INFO - [2024-02-14T20:55:43.768+0000] {dag.py:3036} INFO - Sync 1 DAGs
[2024-02-14T20:55:43.806+0000] {logging_mixin.py:188} INFO - [2024-02-14T20:55:43.806+0000] {dag.py:3823} INFO - Setting next_dagrun for example_branch_dop_operator_v3 to 2024-02-14 20:54:00+00:00, run_after=2024-02-14 20:55:00+00:00
[2024-02-14T20:55:43.833+0000] {processor.py:183} INFO - Processing /home/airflow/.local/lib/python3.8/site-packages/airflow/example_dags/example_branch_python_dop_operator_3.py took 0.186 seconds
[2024-02-14T20:56:14.896+0000] {processor.py:161} INFO - Started process (PID=8992) to work on /home/airflow/.local/lib/python3.8/site-packages/airflow/example_dags/example_branch_python_dop_operator_3.py
[2024-02-14T20:56:14.904+0000] {processor.py:830} INFO - Processing file /home/airflow/.local/lib/python3.8/site-packages/airflow/example_dags/example_branch_python_dop_operator_3.py for tasks to queue
[2024-02-14T20:56:14.908+0000] {logging_mixin.py:188} INFO - [2024-02-14T20:56:14.907+0000] {dagbag.py:538} INFO - Filling up the DagBag from /home/airflow/.local/lib/python3.8/site-packages/airflow/example_dags/example_branch_python_dop_operator_3.py
[2024-02-14T20:56:14.957+0000] {processor.py:840} INFO - DAG(s) 'example_branch_dop_operator_v3' retrieved from /home/airflow/.local/lib/python3.8/site-packages/airflow/example_dags/example_branch_python_dop_operator_3.py
[2024-02-14T20:56:15.032+0000] {logging_mixin.py:188} INFO - [2024-02-14T20:56:15.031+0000] {dag.py:3036} INFO - Sync 1 DAGs
[2024-02-14T20:56:15.093+0000] {logging_mixin.py:188} INFO - [2024-02-14T20:56:15.092+0000] {dag.py:3823} INFO - Setting next_dagrun for example_branch_dop_operator_v3 to 2024-02-14 20:55:00+00:00, run_after=2024-02-14 20:56:00+00:00
[2024-02-14T20:56:15.162+0000] {processor.py:183} INFO - Processing /home/airflow/.local/lib/python3.8/site-packages/airflow/example_dags/example_branch_python_dop_operator_3.py took 0.284 seconds
[2024-02-14T20:56:46.159+0000] {processor.py:161} INFO - Started process (PID=9238) to work on /home/airflow/.local/lib/python3.8/site-packages/airflow/example_dags/example_branch_python_dop_operator_3.py
[2024-02-14T20:56:46.161+0000] {processor.py:830} INFO - Processing file /home/airflow/.local/lib/python3.8/site-packages/airflow/example_dags/example_branch_python_dop_operator_3.py for tasks to queue
[2024-02-14T20:56:46.162+0000] {logging_mixin.py:188} INFO - [2024-02-14T20:56:46.162+0000] {dagbag.py:538} INFO - Filling up the DagBag from /home/airflow/.local/lib/python3.8/site-packages/airflow/example_dags/example_branch_python_dop_operator_3.py
[2024-02-14T20:56:46.176+0000] {processor.py:840} INFO - DAG(s) 'example_branch_dop_operator_v3' retrieved from /home/airflow/.local/lib/python3.8/site-packages/airflow/example_dags/example_branch_python_dop_operator_3.py
[2024-02-14T20:56:46.222+0000] {logging_mixin.py:188} INFO - [2024-02-14T20:56:46.222+0000] {dag.py:3036} INFO - Sync 1 DAGs
[2024-02-14T20:56:46.281+0000] {logging_mixin.py:188} INFO - [2024-02-14T20:56:46.281+0000] {dag.py:3823} INFO - Setting next_dagrun for example_branch_dop_operator_v3 to 2024-02-14 20:55:00+00:00, run_after=2024-02-14 20:56:00+00:00
[2024-02-14T20:56:46.317+0000] {processor.py:183} INFO - Processing /home/airflow/.local/lib/python3.8/site-packages/airflow/example_dags/example_branch_python_dop_operator_3.py took 0.163 seconds
[2024-02-14T20:57:16.465+0000] {processor.py:161} INFO - Started process (PID=9485) to work on /home/airflow/.local/lib/python3.8/site-packages/airflow/example_dags/example_branch_python_dop_operator_3.py
[2024-02-14T20:57:16.470+0000] {processor.py:830} INFO - Processing file /home/airflow/.local/lib/python3.8/site-packages/airflow/example_dags/example_branch_python_dop_operator_3.py for tasks to queue
[2024-02-14T20:57:16.474+0000] {logging_mixin.py:188} INFO - [2024-02-14T20:57:16.473+0000] {dagbag.py:538} INFO - Filling up the DagBag from /home/airflow/.local/lib/python3.8/site-packages/airflow/example_dags/example_branch_python_dop_operator_3.py
[2024-02-14T20:57:16.529+0000] {processor.py:840} INFO - DAG(s) 'example_branch_dop_operator_v3' retrieved from /home/airflow/.local/lib/python3.8/site-packages/airflow/example_dags/example_branch_python_dop_operator_3.py
[2024-02-14T20:57:16.672+0000] {logging_mixin.py:188} INFO - [2024-02-14T20:57:16.671+0000] {dag.py:3036} INFO - Sync 1 DAGs
[2024-02-14T20:57:16.741+0000] {logging_mixin.py:188} INFO - [2024-02-14T20:57:16.740+0000] {dag.py:3823} INFO - Setting next_dagrun for example_branch_dop_operator_v3 to 2024-02-14 20:56:00+00:00, run_after=2024-02-14 20:57:00+00:00
[2024-02-14T20:57:16.789+0000] {processor.py:183} INFO - Processing /home/airflow/.local/lib/python3.8/site-packages/airflow/example_dags/example_branch_python_dop_operator_3.py took 0.338 seconds
[2024-02-14T20:57:47.155+0000] {processor.py:161} INFO - Started process (PID=9732) to work on /home/airflow/.local/lib/python3.8/site-packages/airflow/example_dags/example_branch_python_dop_operator_3.py
[2024-02-14T20:57:47.160+0000] {processor.py:830} INFO - Processing file /home/airflow/.local/lib/python3.8/site-packages/airflow/example_dags/example_branch_python_dop_operator_3.py for tasks to queue
[2024-02-14T20:57:47.164+0000] {logging_mixin.py:188} INFO - [2024-02-14T20:57:47.163+0000] {dagbag.py:538} INFO - Filling up the DagBag from /home/airflow/.local/lib/python3.8/site-packages/airflow/example_dags/example_branch_python_dop_operator_3.py
[2024-02-14T20:57:47.206+0000] {processor.py:840} INFO - DAG(s) 'example_branch_dop_operator_v3' retrieved from /home/airflow/.local/lib/python3.8/site-packages/airflow/example_dags/example_branch_python_dop_operator_3.py
[2024-02-14T20:57:47.394+0000] {logging_mixin.py:188} INFO - [2024-02-14T20:57:47.393+0000] {dag.py:3036} INFO - Sync 1 DAGs
[2024-02-14T20:57:47.554+0000] {logging_mixin.py:188} INFO - [2024-02-14T20:57:47.553+0000] {dag.py:3823} INFO - Setting next_dagrun for example_branch_dop_operator_v3 to 2024-02-14 20:56:00+00:00, run_after=2024-02-14 20:57:00+00:00
[2024-02-14T20:57:47.638+0000] {processor.py:183} INFO - Processing /home/airflow/.local/lib/python3.8/site-packages/airflow/example_dags/example_branch_python_dop_operator_3.py took 0.497 seconds
