[2024-02-14T20:38:12.466+0000] {processor.py:161} INFO - Started process (PID=292) to work on /home/airflow/.local/lib/python3.8/site-packages/airflow/example_dags/example_latest_only.py
[2024-02-14T20:38:12.468+0000] {processor.py:830} INFO - Processing file /home/airflow/.local/lib/python3.8/site-packages/airflow/example_dags/example_latest_only.py for tasks to queue
[2024-02-14T20:38:12.471+0000] {logging_mixin.py:188} INFO - [2024-02-14T20:38:12.471+0000] {dagbag.py:538} INFO - Filling up the DagBag from /home/airflow/.local/lib/python3.8/site-packages/airflow/example_dags/example_latest_only.py
[2024-02-14T20:38:12.520+0000] {processor.py:840} INFO - DAG(s) 'latest_only' retrieved from /home/airflow/.local/lib/python3.8/site-packages/airflow/example_dags/example_latest_only.py
[2024-02-14T20:38:12.947+0000] {logging_mixin.py:188} INFO - [2024-02-14T20:38:12.947+0000] {dag.py:3036} INFO - Sync 1 DAGs
[2024-02-14T20:38:13.097+0000] {logging_mixin.py:188} INFO - [2024-02-14T20:38:13.096+0000] {dag.py:3823} INFO - Setting next_dagrun for latest_only to 2024-02-14 16:00:00+00:00, run_after=2024-02-14 20:00:00+00:00
[2024-02-14T20:38:13.281+0000] {processor.py:183} INFO - Processing /home/airflow/.local/lib/python3.8/site-packages/airflow/example_dags/example_latest_only.py took 0.821 seconds
[2024-02-14T20:38:43.438+0000] {processor.py:161} INFO - Started process (PID=541) to work on /home/airflow/.local/lib/python3.8/site-packages/airflow/example_dags/example_latest_only.py
[2024-02-14T20:38:43.441+0000] {processor.py:830} INFO - Processing file /home/airflow/.local/lib/python3.8/site-packages/airflow/example_dags/example_latest_only.py for tasks to queue
[2024-02-14T20:38:43.447+0000] {logging_mixin.py:188} INFO - [2024-02-14T20:38:43.446+0000] {dagbag.py:538} INFO - Filling up the DagBag from /home/airflow/.local/lib/python3.8/site-packages/airflow/example_dags/example_latest_only.py
[2024-02-14T20:38:43.464+0000] {processor.py:840} INFO - DAG(s) 'latest_only' retrieved from /home/airflow/.local/lib/python3.8/site-packages/airflow/example_dags/example_latest_only.py
[2024-02-14T20:38:43.519+0000] {logging_mixin.py:188} INFO - [2024-02-14T20:38:43.519+0000] {dag.py:3036} INFO - Sync 1 DAGs
[2024-02-14T20:38:43.579+0000] {logging_mixin.py:188} INFO - [2024-02-14T20:38:43.579+0000] {dag.py:3823} INFO - Setting next_dagrun for latest_only to 2024-02-14 16:00:00+00:00, run_after=2024-02-14 20:00:00+00:00
[2024-02-14T20:38:43.662+0000] {processor.py:183} INFO - Processing /home/airflow/.local/lib/python3.8/site-packages/airflow/example_dags/example_latest_only.py took 0.248 seconds
[2024-02-14T20:39:14.725+0000] {processor.py:161} INFO - Started process (PID=788) to work on /home/airflow/.local/lib/python3.8/site-packages/airflow/example_dags/example_latest_only.py
[2024-02-14T20:39:14.726+0000] {processor.py:830} INFO - Processing file /home/airflow/.local/lib/python3.8/site-packages/airflow/example_dags/example_latest_only.py for tasks to queue
[2024-02-14T20:39:14.728+0000] {logging_mixin.py:188} INFO - [2024-02-14T20:39:14.728+0000] {dagbag.py:538} INFO - Filling up the DagBag from /home/airflow/.local/lib/python3.8/site-packages/airflow/example_dags/example_latest_only.py
[2024-02-14T20:39:14.737+0000] {processor.py:840} INFO - DAG(s) 'latest_only' retrieved from /home/airflow/.local/lib/python3.8/site-packages/airflow/example_dags/example_latest_only.py
[2024-02-14T20:39:14.768+0000] {logging_mixin.py:188} INFO - [2024-02-14T20:39:14.768+0000] {dag.py:3036} INFO - Sync 1 DAGs
[2024-02-14T20:39:14.807+0000] {logging_mixin.py:188} INFO - [2024-02-14T20:39:14.807+0000] {dag.py:3823} INFO - Setting next_dagrun for latest_only to 2024-02-14 16:00:00+00:00, run_after=2024-02-14 20:00:00+00:00
[2024-02-14T20:39:14.837+0000] {processor.py:183} INFO - Processing /home/airflow/.local/lib/python3.8/site-packages/airflow/example_dags/example_latest_only.py took 0.117 seconds
[2024-02-14T20:39:45.833+0000] {processor.py:161} INFO - Started process (PID=1035) to work on /home/airflow/.local/lib/python3.8/site-packages/airflow/example_dags/example_latest_only.py
[2024-02-14T20:39:45.837+0000] {processor.py:830} INFO - Processing file /home/airflow/.local/lib/python3.8/site-packages/airflow/example_dags/example_latest_only.py for tasks to queue
[2024-02-14T20:39:45.843+0000] {logging_mixin.py:188} INFO - [2024-02-14T20:39:45.843+0000] {dagbag.py:538} INFO - Filling up the DagBag from /home/airflow/.local/lib/python3.8/site-packages/airflow/example_dags/example_latest_only.py
[2024-02-14T20:39:45.857+0000] {processor.py:840} INFO - DAG(s) 'latest_only' retrieved from /home/airflow/.local/lib/python3.8/site-packages/airflow/example_dags/example_latest_only.py
[2024-02-14T20:39:45.894+0000] {logging_mixin.py:188} INFO - [2024-02-14T20:39:45.894+0000] {dag.py:3036} INFO - Sync 1 DAGs
[2024-02-14T20:39:45.933+0000] {logging_mixin.py:188} INFO - [2024-02-14T20:39:45.932+0000] {dag.py:3823} INFO - Setting next_dagrun for latest_only to 2024-02-14 16:00:00+00:00, run_after=2024-02-14 20:00:00+00:00
[2024-02-14T20:39:45.969+0000] {processor.py:183} INFO - Processing /home/airflow/.local/lib/python3.8/site-packages/airflow/example_dags/example_latest_only.py took 0.142 seconds
[2024-02-14T20:40:16.270+0000] {processor.py:161} INFO - Started process (PID=1283) to work on /home/airflow/.local/lib/python3.8/site-packages/airflow/example_dags/example_latest_only.py
[2024-02-14T20:40:16.274+0000] {processor.py:830} INFO - Processing file /home/airflow/.local/lib/python3.8/site-packages/airflow/example_dags/example_latest_only.py for tasks to queue
[2024-02-14T20:40:16.279+0000] {logging_mixin.py:188} INFO - [2024-02-14T20:40:16.277+0000] {dagbag.py:538} INFO - Filling up the DagBag from /home/airflow/.local/lib/python3.8/site-packages/airflow/example_dags/example_latest_only.py
[2024-02-14T20:40:16.305+0000] {processor.py:840} INFO - DAG(s) 'latest_only' retrieved from /home/airflow/.local/lib/python3.8/site-packages/airflow/example_dags/example_latest_only.py
[2024-02-14T20:40:16.393+0000] {logging_mixin.py:188} INFO - [2024-02-14T20:40:16.392+0000] {dag.py:3036} INFO - Sync 1 DAGs
[2024-02-14T20:40:16.490+0000] {logging_mixin.py:188} INFO - [2024-02-14T20:40:16.489+0000] {dag.py:3823} INFO - Setting next_dagrun for latest_only to 2024-02-14 16:00:00+00:00, run_after=2024-02-14 20:00:00+00:00
[2024-02-14T20:40:16.566+0000] {processor.py:183} INFO - Processing /home/airflow/.local/lib/python3.8/site-packages/airflow/example_dags/example_latest_only.py took 0.313 seconds
[2024-02-14T20:40:47.522+0000] {processor.py:161} INFO - Started process (PID=1528) to work on /home/airflow/.local/lib/python3.8/site-packages/airflow/example_dags/example_latest_only.py
[2024-02-14T20:40:47.527+0000] {processor.py:830} INFO - Processing file /home/airflow/.local/lib/python3.8/site-packages/airflow/example_dags/example_latest_only.py for tasks to queue
[2024-02-14T20:40:47.531+0000] {logging_mixin.py:188} INFO - [2024-02-14T20:40:47.530+0000] {dagbag.py:538} INFO - Filling up the DagBag from /home/airflow/.local/lib/python3.8/site-packages/airflow/example_dags/example_latest_only.py
[2024-02-14T20:40:47.561+0000] {processor.py:840} INFO - DAG(s) 'latest_only' retrieved from /home/airflow/.local/lib/python3.8/site-packages/airflow/example_dags/example_latest_only.py
[2024-02-14T20:40:47.664+0000] {logging_mixin.py:188} INFO - [2024-02-14T20:40:47.663+0000] {dag.py:3036} INFO - Sync 1 DAGs
[2024-02-14T20:40:47.765+0000] {logging_mixin.py:188} INFO - [2024-02-14T20:40:47.764+0000] {dag.py:3823} INFO - Setting next_dagrun for latest_only to 2024-02-14 16:00:00+00:00, run_after=2024-02-14 20:00:00+00:00
[2024-02-14T20:40:47.843+0000] {processor.py:183} INFO - Processing /home/airflow/.local/lib/python3.8/site-packages/airflow/example_dags/example_latest_only.py took 0.341 seconds
[2024-02-14T20:41:18.339+0000] {processor.py:161} INFO - Started process (PID=1775) to work on /home/airflow/.local/lib/python3.8/site-packages/airflow/example_dags/example_latest_only.py
[2024-02-14T20:41:18.344+0000] {processor.py:830} INFO - Processing file /home/airflow/.local/lib/python3.8/site-packages/airflow/example_dags/example_latest_only.py for tasks to queue
[2024-02-14T20:41:18.352+0000] {logging_mixin.py:188} INFO - [2024-02-14T20:41:18.350+0000] {dagbag.py:538} INFO - Filling up the DagBag from /home/airflow/.local/lib/python3.8/site-packages/airflow/example_dags/example_latest_only.py
[2024-02-14T20:41:18.383+0000] {processor.py:840} INFO - DAG(s) 'latest_only' retrieved from /home/airflow/.local/lib/python3.8/site-packages/airflow/example_dags/example_latest_only.py
[2024-02-14T20:41:18.444+0000] {logging_mixin.py:188} INFO - [2024-02-14T20:41:18.444+0000] {dag.py:3036} INFO - Sync 1 DAGs
[2024-02-14T20:41:18.506+0000] {logging_mixin.py:188} INFO - [2024-02-14T20:41:18.506+0000] {dag.py:3823} INFO - Setting next_dagrun for latest_only to 2024-02-14 16:00:00+00:00, run_after=2024-02-14 20:00:00+00:00
[2024-02-14T20:41:18.561+0000] {processor.py:183} INFO - Processing /home/airflow/.local/lib/python3.8/site-packages/airflow/example_dags/example_latest_only.py took 0.237 seconds
[2024-02-14T20:41:48.886+0000] {processor.py:161} INFO - Started process (PID=2022) to work on /home/airflow/.local/lib/python3.8/site-packages/airflow/example_dags/example_latest_only.py
[2024-02-14T20:41:48.889+0000] {processor.py:830} INFO - Processing file /home/airflow/.local/lib/python3.8/site-packages/airflow/example_dags/example_latest_only.py for tasks to queue
[2024-02-14T20:41:48.893+0000] {logging_mixin.py:188} INFO - [2024-02-14T20:41:48.892+0000] {dagbag.py:538} INFO - Filling up the DagBag from /home/airflow/.local/lib/python3.8/site-packages/airflow/example_dags/example_latest_only.py
[2024-02-14T20:41:48.920+0000] {processor.py:840} INFO - DAG(s) 'latest_only' retrieved from /home/airflow/.local/lib/python3.8/site-packages/airflow/example_dags/example_latest_only.py
[2024-02-14T20:41:48.981+0000] {logging_mixin.py:188} INFO - [2024-02-14T20:41:48.980+0000] {dag.py:3036} INFO - Sync 1 DAGs
[2024-02-14T20:41:49.055+0000] {logging_mixin.py:188} INFO - [2024-02-14T20:41:49.055+0000] {dag.py:3823} INFO - Setting next_dagrun for latest_only to 2024-02-14 16:00:00+00:00, run_after=2024-02-14 20:00:00+00:00
[2024-02-14T20:41:49.116+0000] {processor.py:183} INFO - Processing /home/airflow/.local/lib/python3.8/site-packages/airflow/example_dags/example_latest_only.py took 0.237 seconds
[2024-02-14T20:42:19.671+0000] {processor.py:161} INFO - Started process (PID=2269) to work on /home/airflow/.local/lib/python3.8/site-packages/airflow/example_dags/example_latest_only.py
[2024-02-14T20:42:19.676+0000] {processor.py:830} INFO - Processing file /home/airflow/.local/lib/python3.8/site-packages/airflow/example_dags/example_latest_only.py for tasks to queue
[2024-02-14T20:42:19.681+0000] {logging_mixin.py:188} INFO - [2024-02-14T20:42:19.679+0000] {dagbag.py:538} INFO - Filling up the DagBag from /home/airflow/.local/lib/python3.8/site-packages/airflow/example_dags/example_latest_only.py
[2024-02-14T20:42:19.704+0000] {processor.py:840} INFO - DAG(s) 'latest_only' retrieved from /home/airflow/.local/lib/python3.8/site-packages/airflow/example_dags/example_latest_only.py
[2024-02-14T20:42:19.790+0000] {logging_mixin.py:188} INFO - [2024-02-14T20:42:19.789+0000] {dag.py:3036} INFO - Sync 1 DAGs
[2024-02-14T20:42:19.893+0000] {logging_mixin.py:188} INFO - [2024-02-14T20:42:19.891+0000] {dag.py:3823} INFO - Setting next_dagrun for latest_only to 2024-02-14 16:00:00+00:00, run_after=2024-02-14 20:00:00+00:00
[2024-02-14T20:42:20.005+0000] {processor.py:183} INFO - Processing /home/airflow/.local/lib/python3.8/site-packages/airflow/example_dags/example_latest_only.py took 0.346 seconds
[2024-02-14T20:42:50.394+0000] {processor.py:161} INFO - Started process (PID=2517) to work on /home/airflow/.local/lib/python3.8/site-packages/airflow/example_dags/example_latest_only.py
[2024-02-14T20:42:50.396+0000] {processor.py:830} INFO - Processing file /home/airflow/.local/lib/python3.8/site-packages/airflow/example_dags/example_latest_only.py for tasks to queue
[2024-02-14T20:42:50.399+0000] {logging_mixin.py:188} INFO - [2024-02-14T20:42:50.398+0000] {dagbag.py:538} INFO - Filling up the DagBag from /home/airflow/.local/lib/python3.8/site-packages/airflow/example_dags/example_latest_only.py
[2024-02-14T20:42:50.410+0000] {processor.py:840} INFO - DAG(s) 'latest_only' retrieved from /home/airflow/.local/lib/python3.8/site-packages/airflow/example_dags/example_latest_only.py
[2024-02-14T20:42:50.451+0000] {logging_mixin.py:188} INFO - [2024-02-14T20:42:50.451+0000] {dag.py:3036} INFO - Sync 1 DAGs
[2024-02-14T20:42:50.506+0000] {logging_mixin.py:188} INFO - [2024-02-14T20:42:50.505+0000] {dag.py:3823} INFO - Setting next_dagrun for latest_only to 2024-02-14 16:00:00+00:00, run_after=2024-02-14 20:00:00+00:00
[2024-02-14T20:42:50.568+0000] {processor.py:183} INFO - Processing /home/airflow/.local/lib/python3.8/site-packages/airflow/example_dags/example_latest_only.py took 0.181 seconds
[2024-02-14T20:43:20.867+0000] {processor.py:161} INFO - Started process (PID=2764) to work on /home/airflow/.local/lib/python3.8/site-packages/airflow/example_dags/example_latest_only.py
[2024-02-14T20:43:20.871+0000] {processor.py:830} INFO - Processing file /home/airflow/.local/lib/python3.8/site-packages/airflow/example_dags/example_latest_only.py for tasks to queue
[2024-02-14T20:43:20.875+0000] {logging_mixin.py:188} INFO - [2024-02-14T20:43:20.874+0000] {dagbag.py:538} INFO - Filling up the DagBag from /home/airflow/.local/lib/python3.8/site-packages/airflow/example_dags/example_latest_only.py
[2024-02-14T20:43:20.898+0000] {processor.py:840} INFO - DAG(s) 'latest_only' retrieved from /home/airflow/.local/lib/python3.8/site-packages/airflow/example_dags/example_latest_only.py
[2024-02-14T20:43:20.970+0000] {logging_mixin.py:188} INFO - [2024-02-14T20:43:20.969+0000] {dag.py:3036} INFO - Sync 1 DAGs
[2024-02-14T20:43:21.059+0000] {logging_mixin.py:188} INFO - [2024-02-14T20:43:21.059+0000] {dag.py:3823} INFO - Setting next_dagrun for latest_only to 2024-02-14 16:00:00+00:00, run_after=2024-02-14 20:00:00+00:00
[2024-02-14T20:43:21.131+0000] {processor.py:183} INFO - Processing /home/airflow/.local/lib/python3.8/site-packages/airflow/example_dags/example_latest_only.py took 0.277 seconds
[2024-02-14T20:43:51.305+0000] {processor.py:161} INFO - Started process (PID=3010) to work on /home/airflow/.local/lib/python3.8/site-packages/airflow/example_dags/example_latest_only.py
[2024-02-14T20:43:51.308+0000] {processor.py:830} INFO - Processing file /home/airflow/.local/lib/python3.8/site-packages/airflow/example_dags/example_latest_only.py for tasks to queue
[2024-02-14T20:43:51.310+0000] {logging_mixin.py:188} INFO - [2024-02-14T20:43:51.310+0000] {dagbag.py:538} INFO - Filling up the DagBag from /home/airflow/.local/lib/python3.8/site-packages/airflow/example_dags/example_latest_only.py
[2024-02-14T20:43:51.335+0000] {processor.py:840} INFO - DAG(s) 'latest_only' retrieved from /home/airflow/.local/lib/python3.8/site-packages/airflow/example_dags/example_latest_only.py
[2024-02-14T20:43:51.429+0000] {logging_mixin.py:188} INFO - [2024-02-14T20:43:51.428+0000] {dag.py:3036} INFO - Sync 1 DAGs
[2024-02-14T20:43:51.513+0000] {logging_mixin.py:188} INFO - [2024-02-14T20:43:51.512+0000] {dag.py:3823} INFO - Setting next_dagrun for latest_only to 2024-02-14 16:00:00+00:00, run_after=2024-02-14 20:00:00+00:00
[2024-02-14T20:43:51.554+0000] {processor.py:183} INFO - Processing /home/airflow/.local/lib/python3.8/site-packages/airflow/example_dags/example_latest_only.py took 0.258 seconds
[2024-02-14T20:44:22.197+0000] {processor.py:161} INFO - Started process (PID=3258) to work on /home/airflow/.local/lib/python3.8/site-packages/airflow/example_dags/example_latest_only.py
[2024-02-14T20:44:22.202+0000] {processor.py:830} INFO - Processing file /home/airflow/.local/lib/python3.8/site-packages/airflow/example_dags/example_latest_only.py for tasks to queue
[2024-02-14T20:44:22.209+0000] {logging_mixin.py:188} INFO - [2024-02-14T20:44:22.207+0000] {dagbag.py:538} INFO - Filling up the DagBag from /home/airflow/.local/lib/python3.8/site-packages/airflow/example_dags/example_latest_only.py
[2024-02-14T20:44:22.236+0000] {processor.py:840} INFO - DAG(s) 'latest_only' retrieved from /home/airflow/.local/lib/python3.8/site-packages/airflow/example_dags/example_latest_only.py
[2024-02-14T20:44:22.308+0000] {logging_mixin.py:188} INFO - [2024-02-14T20:44:22.308+0000] {dag.py:3036} INFO - Sync 1 DAGs
[2024-02-14T20:44:22.396+0000] {logging_mixin.py:188} INFO - [2024-02-14T20:44:22.396+0000] {dag.py:3823} INFO - Setting next_dagrun for latest_only to 2024-02-14 16:00:00+00:00, run_after=2024-02-14 20:00:00+00:00
[2024-02-14T20:44:22.472+0000] {processor.py:183} INFO - Processing /home/airflow/.local/lib/python3.8/site-packages/airflow/example_dags/example_latest_only.py took 0.306 seconds
[2024-02-14T20:44:53.085+0000] {processor.py:161} INFO - Started process (PID=3505) to work on /home/airflow/.local/lib/python3.8/site-packages/airflow/example_dags/example_latest_only.py
[2024-02-14T20:44:53.089+0000] {processor.py:830} INFO - Processing file /home/airflow/.local/lib/python3.8/site-packages/airflow/example_dags/example_latest_only.py for tasks to queue
[2024-02-14T20:44:53.094+0000] {logging_mixin.py:188} INFO - [2024-02-14T20:44:53.092+0000] {dagbag.py:538} INFO - Filling up the DagBag from /home/airflow/.local/lib/python3.8/site-packages/airflow/example_dags/example_latest_only.py
[2024-02-14T20:44:53.117+0000] {processor.py:840} INFO - DAG(s) 'latest_only' retrieved from /home/airflow/.local/lib/python3.8/site-packages/airflow/example_dags/example_latest_only.py
[2024-02-14T20:44:53.194+0000] {logging_mixin.py:188} INFO - [2024-02-14T20:44:53.193+0000] {dag.py:3036} INFO - Sync 1 DAGs
[2024-02-14T20:44:53.286+0000] {logging_mixin.py:188} INFO - [2024-02-14T20:44:53.284+0000] {dag.py:3823} INFO - Setting next_dagrun for latest_only to 2024-02-14 16:00:00+00:00, run_after=2024-02-14 20:00:00+00:00
[2024-02-14T20:44:53.379+0000] {processor.py:183} INFO - Processing /home/airflow/.local/lib/python3.8/site-packages/airflow/example_dags/example_latest_only.py took 0.308 seconds
[2024-02-14T20:45:23.696+0000] {processor.py:161} INFO - Started process (PID=3755) to work on /home/airflow/.local/lib/python3.8/site-packages/airflow/example_dags/example_latest_only.py
[2024-02-14T20:45:23.698+0000] {processor.py:830} INFO - Processing file /home/airflow/.local/lib/python3.8/site-packages/airflow/example_dags/example_latest_only.py for tasks to queue
[2024-02-14T20:45:23.701+0000] {logging_mixin.py:188} INFO - [2024-02-14T20:45:23.700+0000] {dagbag.py:538} INFO - Filling up the DagBag from /home/airflow/.local/lib/python3.8/site-packages/airflow/example_dags/example_latest_only.py
[2024-02-14T20:45:23.711+0000] {processor.py:840} INFO - DAG(s) 'latest_only' retrieved from /home/airflow/.local/lib/python3.8/site-packages/airflow/example_dags/example_latest_only.py
[2024-02-14T20:45:23.750+0000] {logging_mixin.py:188} INFO - [2024-02-14T20:45:23.750+0000] {dag.py:3036} INFO - Sync 1 DAGs
[2024-02-14T20:45:23.791+0000] {logging_mixin.py:188} INFO - [2024-02-14T20:45:23.791+0000] {dag.py:3823} INFO - Setting next_dagrun for latest_only to 2024-02-14 16:00:00+00:00, run_after=2024-02-14 20:00:00+00:00
[2024-02-14T20:45:23.846+0000] {processor.py:183} INFO - Processing /home/airflow/.local/lib/python3.8/site-packages/airflow/example_dags/example_latest_only.py took 0.156 seconds
[2024-02-14T20:45:54.107+0000] {processor.py:161} INFO - Started process (PID=4002) to work on /home/airflow/.local/lib/python3.8/site-packages/airflow/example_dags/example_latest_only.py
[2024-02-14T20:45:54.109+0000] {processor.py:830} INFO - Processing file /home/airflow/.local/lib/python3.8/site-packages/airflow/example_dags/example_latest_only.py for tasks to queue
[2024-02-14T20:45:54.112+0000] {logging_mixin.py:188} INFO - [2024-02-14T20:45:54.111+0000] {dagbag.py:538} INFO - Filling up the DagBag from /home/airflow/.local/lib/python3.8/site-packages/airflow/example_dags/example_latest_only.py
[2024-02-14T20:45:54.128+0000] {processor.py:840} INFO - DAG(s) 'latest_only' retrieved from /home/airflow/.local/lib/python3.8/site-packages/airflow/example_dags/example_latest_only.py
[2024-02-14T20:45:54.173+0000] {logging_mixin.py:188} INFO - [2024-02-14T20:45:54.172+0000] {dag.py:3036} INFO - Sync 1 DAGs
[2024-02-14T20:45:54.222+0000] {logging_mixin.py:188} INFO - [2024-02-14T20:45:54.222+0000] {dag.py:3823} INFO - Setting next_dagrun for latest_only to 2024-02-14 16:00:00+00:00, run_after=2024-02-14 20:00:00+00:00
[2024-02-14T20:45:54.257+0000] {processor.py:183} INFO - Processing /home/airflow/.local/lib/python3.8/site-packages/airflow/example_dags/example_latest_only.py took 0.156 seconds
[2024-02-14T20:46:24.625+0000] {processor.py:161} INFO - Started process (PID=4247) to work on /home/airflow/.local/lib/python3.8/site-packages/airflow/example_dags/example_latest_only.py
[2024-02-14T20:46:24.627+0000] {processor.py:830} INFO - Processing file /home/airflow/.local/lib/python3.8/site-packages/airflow/example_dags/example_latest_only.py for tasks to queue
[2024-02-14T20:46:24.629+0000] {logging_mixin.py:188} INFO - [2024-02-14T20:46:24.628+0000] {dagbag.py:538} INFO - Filling up the DagBag from /home/airflow/.local/lib/python3.8/site-packages/airflow/example_dags/example_latest_only.py
[2024-02-14T20:46:24.638+0000] {processor.py:840} INFO - DAG(s) 'latest_only' retrieved from /home/airflow/.local/lib/python3.8/site-packages/airflow/example_dags/example_latest_only.py
[2024-02-14T20:46:24.673+0000] {logging_mixin.py:188} INFO - [2024-02-14T20:46:24.672+0000] {dag.py:3036} INFO - Sync 1 DAGs
[2024-02-14T20:46:24.711+0000] {logging_mixin.py:188} INFO - [2024-02-14T20:46:24.710+0000] {dag.py:3823} INFO - Setting next_dagrun for latest_only to 2024-02-14 16:00:00+00:00, run_after=2024-02-14 20:00:00+00:00
[2024-02-14T20:46:24.744+0000] {processor.py:183} INFO - Processing /home/airflow/.local/lib/python3.8/site-packages/airflow/example_dags/example_latest_only.py took 0.123 seconds
[2024-02-14T20:46:55.584+0000] {processor.py:161} INFO - Started process (PID=4495) to work on /home/airflow/.local/lib/python3.8/site-packages/airflow/example_dags/example_latest_only.py
[2024-02-14T20:46:55.588+0000] {processor.py:830} INFO - Processing file /home/airflow/.local/lib/python3.8/site-packages/airflow/example_dags/example_latest_only.py for tasks to queue
[2024-02-14T20:46:55.591+0000] {logging_mixin.py:188} INFO - [2024-02-14T20:46:55.591+0000] {dagbag.py:538} INFO - Filling up the DagBag from /home/airflow/.local/lib/python3.8/site-packages/airflow/example_dags/example_latest_only.py
[2024-02-14T20:46:55.612+0000] {processor.py:840} INFO - DAG(s) 'latest_only' retrieved from /home/airflow/.local/lib/python3.8/site-packages/airflow/example_dags/example_latest_only.py
[2024-02-14T20:46:55.672+0000] {logging_mixin.py:188} INFO - [2024-02-14T20:46:55.671+0000] {dag.py:3036} INFO - Sync 1 DAGs
[2024-02-14T20:46:55.737+0000] {logging_mixin.py:188} INFO - [2024-02-14T20:46:55.736+0000] {dag.py:3823} INFO - Setting next_dagrun for latest_only to 2024-02-14 16:00:00+00:00, run_after=2024-02-14 20:00:00+00:00
[2024-02-14T20:46:55.794+0000] {processor.py:183} INFO - Processing /home/airflow/.local/lib/python3.8/site-packages/airflow/example_dags/example_latest_only.py took 0.219 seconds
[2024-02-14T20:47:26.418+0000] {processor.py:161} INFO - Started process (PID=4743) to work on /home/airflow/.local/lib/python3.8/site-packages/airflow/example_dags/example_latest_only.py
[2024-02-14T20:47:26.421+0000] {processor.py:830} INFO - Processing file /home/airflow/.local/lib/python3.8/site-packages/airflow/example_dags/example_latest_only.py for tasks to queue
[2024-02-14T20:47:26.425+0000] {logging_mixin.py:188} INFO - [2024-02-14T20:47:26.424+0000] {dagbag.py:538} INFO - Filling up the DagBag from /home/airflow/.local/lib/python3.8/site-packages/airflow/example_dags/example_latest_only.py
[2024-02-14T20:47:26.447+0000] {processor.py:840} INFO - DAG(s) 'latest_only' retrieved from /home/airflow/.local/lib/python3.8/site-packages/airflow/example_dags/example_latest_only.py
[2024-02-14T20:47:26.523+0000] {logging_mixin.py:188} INFO - [2024-02-14T20:47:26.522+0000] {dag.py:3036} INFO - Sync 1 DAGs
[2024-02-14T20:47:26.618+0000] {logging_mixin.py:188} INFO - [2024-02-14T20:47:26.617+0000] {dag.py:3823} INFO - Setting next_dagrun for latest_only to 2024-02-14 16:00:00+00:00, run_after=2024-02-14 20:00:00+00:00
[2024-02-14T20:47:26.707+0000] {processor.py:183} INFO - Processing /home/airflow/.local/lib/python3.8/site-packages/airflow/example_dags/example_latest_only.py took 0.300 seconds
[2024-02-14T20:47:57.087+0000] {processor.py:161} INFO - Started process (PID=4991) to work on /home/airflow/.local/lib/python3.8/site-packages/airflow/example_dags/example_latest_only.py
[2024-02-14T20:47:57.091+0000] {processor.py:830} INFO - Processing file /home/airflow/.local/lib/python3.8/site-packages/airflow/example_dags/example_latest_only.py for tasks to queue
[2024-02-14T20:47:57.094+0000] {logging_mixin.py:188} INFO - [2024-02-14T20:47:57.093+0000] {dagbag.py:538} INFO - Filling up the DagBag from /home/airflow/.local/lib/python3.8/site-packages/airflow/example_dags/example_latest_only.py
[2024-02-14T20:47:57.109+0000] {processor.py:840} INFO - DAG(s) 'latest_only' retrieved from /home/airflow/.local/lib/python3.8/site-packages/airflow/example_dags/example_latest_only.py
[2024-02-14T20:47:57.149+0000] {logging_mixin.py:188} INFO - [2024-02-14T20:47:57.149+0000] {dag.py:3036} INFO - Sync 1 DAGs
[2024-02-14T20:47:57.206+0000] {logging_mixin.py:188} INFO - [2024-02-14T20:47:57.206+0000] {dag.py:3823} INFO - Setting next_dagrun for latest_only to 2024-02-14 16:00:00+00:00, run_after=2024-02-14 20:00:00+00:00
[2024-02-14T20:47:57.240+0000] {processor.py:183} INFO - Processing /home/airflow/.local/lib/python3.8/site-packages/airflow/example_dags/example_latest_only.py took 0.163 seconds
[2024-02-14T20:48:27.361+0000] {processor.py:161} INFO - Started process (PID=5236) to work on /home/airflow/.local/lib/python3.8/site-packages/airflow/example_dags/example_latest_only.py
[2024-02-14T20:48:27.362+0000] {processor.py:830} INFO - Processing file /home/airflow/.local/lib/python3.8/site-packages/airflow/example_dags/example_latest_only.py for tasks to queue
[2024-02-14T20:48:27.364+0000] {logging_mixin.py:188} INFO - [2024-02-14T20:48:27.364+0000] {dagbag.py:538} INFO - Filling up the DagBag from /home/airflow/.local/lib/python3.8/site-packages/airflow/example_dags/example_latest_only.py
[2024-02-14T20:48:27.373+0000] {processor.py:840} INFO - DAG(s) 'latest_only' retrieved from /home/airflow/.local/lib/python3.8/site-packages/airflow/example_dags/example_latest_only.py
[2024-02-14T20:48:27.402+0000] {logging_mixin.py:188} INFO - [2024-02-14T20:48:27.402+0000] {dag.py:3036} INFO - Sync 1 DAGs
[2024-02-14T20:48:27.436+0000] {logging_mixin.py:188} INFO - [2024-02-14T20:48:27.435+0000] {dag.py:3823} INFO - Setting next_dagrun for latest_only to 2024-02-14 16:00:00+00:00, run_after=2024-02-14 20:00:00+00:00
[2024-02-14T20:48:27.466+0000] {processor.py:183} INFO - Processing /home/airflow/.local/lib/python3.8/site-packages/airflow/example_dags/example_latest_only.py took 0.111 seconds
[2024-02-14T20:48:57.742+0000] {processor.py:161} INFO - Started process (PID=5483) to work on /home/airflow/.local/lib/python3.8/site-packages/airflow/example_dags/example_latest_only.py
[2024-02-14T20:48:57.744+0000] {processor.py:830} INFO - Processing file /home/airflow/.local/lib/python3.8/site-packages/airflow/example_dags/example_latest_only.py for tasks to queue
[2024-02-14T20:48:57.746+0000] {logging_mixin.py:188} INFO - [2024-02-14T20:48:57.745+0000] {dagbag.py:538} INFO - Filling up the DagBag from /home/airflow/.local/lib/python3.8/site-packages/airflow/example_dags/example_latest_only.py
[2024-02-14T20:48:57.755+0000] {processor.py:840} INFO - DAG(s) 'latest_only' retrieved from /home/airflow/.local/lib/python3.8/site-packages/airflow/example_dags/example_latest_only.py
[2024-02-14T20:48:57.789+0000] {logging_mixin.py:188} INFO - [2024-02-14T20:48:57.788+0000] {dag.py:3036} INFO - Sync 1 DAGs
[2024-02-14T20:48:57.822+0000] {logging_mixin.py:188} INFO - [2024-02-14T20:48:57.822+0000] {dag.py:3823} INFO - Setting next_dagrun for latest_only to 2024-02-14 16:00:00+00:00, run_after=2024-02-14 20:00:00+00:00
[2024-02-14T20:48:57.918+0000] {processor.py:183} INFO - Processing /home/airflow/.local/lib/python3.8/site-packages/airflow/example_dags/example_latest_only.py took 0.180 seconds
[2024-02-14T20:49:28.613+0000] {processor.py:161} INFO - Started process (PID=5731) to work on /home/airflow/.local/lib/python3.8/site-packages/airflow/example_dags/example_latest_only.py
[2024-02-14T20:49:28.616+0000] {processor.py:830} INFO - Processing file /home/airflow/.local/lib/python3.8/site-packages/airflow/example_dags/example_latest_only.py for tasks to queue
[2024-02-14T20:49:28.619+0000] {logging_mixin.py:188} INFO - [2024-02-14T20:49:28.618+0000] {dagbag.py:538} INFO - Filling up the DagBag from /home/airflow/.local/lib/python3.8/site-packages/airflow/example_dags/example_latest_only.py
[2024-02-14T20:49:28.645+0000] {processor.py:840} INFO - DAG(s) 'latest_only' retrieved from /home/airflow/.local/lib/python3.8/site-packages/airflow/example_dags/example_latest_only.py
[2024-02-14T20:49:28.706+0000] {logging_mixin.py:188} INFO - [2024-02-14T20:49:28.705+0000] {dag.py:3036} INFO - Sync 1 DAGs
[2024-02-14T20:49:28.767+0000] {logging_mixin.py:188} INFO - [2024-02-14T20:49:28.766+0000] {dag.py:3823} INFO - Setting next_dagrun for latest_only to 2024-02-14 16:00:00+00:00, run_after=2024-02-14 20:00:00+00:00
[2024-02-14T20:49:28.822+0000] {processor.py:183} INFO - Processing /home/airflow/.local/lib/python3.8/site-packages/airflow/example_dags/example_latest_only.py took 0.222 seconds
[2024-02-14T20:49:59.094+0000] {processor.py:161} INFO - Started process (PID=5979) to work on /home/airflow/.local/lib/python3.8/site-packages/airflow/example_dags/example_latest_only.py
[2024-02-14T20:49:59.096+0000] {processor.py:830} INFO - Processing file /home/airflow/.local/lib/python3.8/site-packages/airflow/example_dags/example_latest_only.py for tasks to queue
[2024-02-14T20:49:59.097+0000] {logging_mixin.py:188} INFO - [2024-02-14T20:49:59.097+0000] {dagbag.py:538} INFO - Filling up the DagBag from /home/airflow/.local/lib/python3.8/site-packages/airflow/example_dags/example_latest_only.py
[2024-02-14T20:49:59.105+0000] {processor.py:840} INFO - DAG(s) 'latest_only' retrieved from /home/airflow/.local/lib/python3.8/site-packages/airflow/example_dags/example_latest_only.py
[2024-02-14T20:49:59.136+0000] {logging_mixin.py:188} INFO - [2024-02-14T20:49:59.135+0000] {dag.py:3036} INFO - Sync 1 DAGs
[2024-02-14T20:49:59.179+0000] {logging_mixin.py:188} INFO - [2024-02-14T20:49:59.178+0000] {dag.py:3823} INFO - Setting next_dagrun for latest_only to 2024-02-14 16:00:00+00:00, run_after=2024-02-14 20:00:00+00:00
[2024-02-14T20:49:59.206+0000] {processor.py:183} INFO - Processing /home/airflow/.local/lib/python3.8/site-packages/airflow/example_dags/example_latest_only.py took 0.117 seconds
[2024-02-14T20:50:29.958+0000] {processor.py:161} INFO - Started process (PID=6226) to work on /home/airflow/.local/lib/python3.8/site-packages/airflow/example_dags/example_latest_only.py
[2024-02-14T20:50:29.960+0000] {processor.py:830} INFO - Processing file /home/airflow/.local/lib/python3.8/site-packages/airflow/example_dags/example_latest_only.py for tasks to queue
[2024-02-14T20:50:29.961+0000] {logging_mixin.py:188} INFO - [2024-02-14T20:50:29.961+0000] {dagbag.py:538} INFO - Filling up the DagBag from /home/airflow/.local/lib/python3.8/site-packages/airflow/example_dags/example_latest_only.py
[2024-02-14T20:50:29.970+0000] {processor.py:840} INFO - DAG(s) 'latest_only' retrieved from /home/airflow/.local/lib/python3.8/site-packages/airflow/example_dags/example_latest_only.py
[2024-02-14T20:50:29.999+0000] {logging_mixin.py:188} INFO - [2024-02-14T20:50:29.998+0000] {dag.py:3036} INFO - Sync 1 DAGs
[2024-02-14T20:50:30.041+0000] {logging_mixin.py:188} INFO - [2024-02-14T20:50:30.040+0000] {dag.py:3823} INFO - Setting next_dagrun for latest_only to 2024-02-14 16:00:00+00:00, run_after=2024-02-14 20:00:00+00:00
[2024-02-14T20:50:30.080+0000] {processor.py:183} INFO - Processing /home/airflow/.local/lib/python3.8/site-packages/airflow/example_dags/example_latest_only.py took 0.126 seconds
[2024-02-14T20:51:01.060+0000] {processor.py:161} INFO - Started process (PID=6476) to work on /home/airflow/.local/lib/python3.8/site-packages/airflow/example_dags/example_latest_only.py
[2024-02-14T20:51:01.064+0000] {processor.py:830} INFO - Processing file /home/airflow/.local/lib/python3.8/site-packages/airflow/example_dags/example_latest_only.py for tasks to queue
[2024-02-14T20:51:01.067+0000] {logging_mixin.py:188} INFO - [2024-02-14T20:51:01.066+0000] {dagbag.py:538} INFO - Filling up the DagBag from /home/airflow/.local/lib/python3.8/site-packages/airflow/example_dags/example_latest_only.py
[2024-02-14T20:51:01.095+0000] {processor.py:840} INFO - DAG(s) 'latest_only' retrieved from /home/airflow/.local/lib/python3.8/site-packages/airflow/example_dags/example_latest_only.py
[2024-02-14T20:51:01.211+0000] {logging_mixin.py:188} INFO - [2024-02-14T20:51:01.210+0000] {dag.py:3036} INFO - Sync 1 DAGs
[2024-02-14T20:51:01.298+0000] {logging_mixin.py:188} INFO - [2024-02-14T20:51:01.298+0000] {dag.py:3823} INFO - Setting next_dagrun for latest_only to 2024-02-14 16:00:00+00:00, run_after=2024-02-14 20:00:00+00:00
[2024-02-14T20:51:01.360+0000] {processor.py:183} INFO - Processing /home/airflow/.local/lib/python3.8/site-packages/airflow/example_dags/example_latest_only.py took 0.312 seconds
[2024-02-14T20:51:31.448+0000] {processor.py:161} INFO - Started process (PID=6722) to work on /home/airflow/.local/lib/python3.8/site-packages/airflow/example_dags/example_latest_only.py
[2024-02-14T20:51:31.449+0000] {processor.py:830} INFO - Processing file /home/airflow/.local/lib/python3.8/site-packages/airflow/example_dags/example_latest_only.py for tasks to queue
[2024-02-14T20:51:31.451+0000] {logging_mixin.py:188} INFO - [2024-02-14T20:51:31.450+0000] {dagbag.py:538} INFO - Filling up the DagBag from /home/airflow/.local/lib/python3.8/site-packages/airflow/example_dags/example_latest_only.py
[2024-02-14T20:51:31.458+0000] {processor.py:840} INFO - DAG(s) 'latest_only' retrieved from /home/airflow/.local/lib/python3.8/site-packages/airflow/example_dags/example_latest_only.py
[2024-02-14T20:51:31.499+0000] {logging_mixin.py:188} INFO - [2024-02-14T20:51:31.498+0000] {dag.py:3036} INFO - Sync 1 DAGs
[2024-02-14T20:51:31.529+0000] {logging_mixin.py:188} INFO - [2024-02-14T20:51:31.529+0000] {dag.py:3823} INFO - Setting next_dagrun for latest_only to 2024-02-14 16:00:00+00:00, run_after=2024-02-14 20:00:00+00:00
[2024-02-14T20:51:31.562+0000] {processor.py:183} INFO - Processing /home/airflow/.local/lib/python3.8/site-packages/airflow/example_dags/example_latest_only.py took 0.119 seconds
[2024-02-14T20:52:02.673+0000] {processor.py:161} INFO - Started process (PID=6969) to work on /home/airflow/.local/lib/python3.8/site-packages/airflow/example_dags/example_latest_only.py
[2024-02-14T20:52:02.677+0000] {processor.py:830} INFO - Processing file /home/airflow/.local/lib/python3.8/site-packages/airflow/example_dags/example_latest_only.py for tasks to queue
[2024-02-14T20:52:02.681+0000] {logging_mixin.py:188} INFO - [2024-02-14T20:52:02.680+0000] {dagbag.py:538} INFO - Filling up the DagBag from /home/airflow/.local/lib/python3.8/site-packages/airflow/example_dags/example_latest_only.py
[2024-02-14T20:52:02.703+0000] {processor.py:840} INFO - DAG(s) 'latest_only' retrieved from /home/airflow/.local/lib/python3.8/site-packages/airflow/example_dags/example_latest_only.py
[2024-02-14T20:52:02.783+0000] {logging_mixin.py:188} INFO - [2024-02-14T20:52:02.782+0000] {dag.py:3036} INFO - Sync 1 DAGs
[2024-02-14T20:52:02.869+0000] {logging_mixin.py:188} INFO - [2024-02-14T20:52:02.869+0000] {dag.py:3823} INFO - Setting next_dagrun for latest_only to 2024-02-14 16:00:00+00:00, run_after=2024-02-14 20:00:00+00:00
[2024-02-14T20:52:02.924+0000] {processor.py:183} INFO - Processing /home/airflow/.local/lib/python3.8/site-packages/airflow/example_dags/example_latest_only.py took 0.264 seconds
[2024-02-14T20:52:33.879+0000] {processor.py:161} INFO - Started process (PID=7216) to work on /home/airflow/.local/lib/python3.8/site-packages/airflow/example_dags/example_latest_only.py
[2024-02-14T20:52:33.884+0000] {processor.py:830} INFO - Processing file /home/airflow/.local/lib/python3.8/site-packages/airflow/example_dags/example_latest_only.py for tasks to queue
[2024-02-14T20:52:33.889+0000] {logging_mixin.py:188} INFO - [2024-02-14T20:52:33.887+0000] {dagbag.py:538} INFO - Filling up the DagBag from /home/airflow/.local/lib/python3.8/site-packages/airflow/example_dags/example_latest_only.py
[2024-02-14T20:52:33.919+0000] {processor.py:840} INFO - DAG(s) 'latest_only' retrieved from /home/airflow/.local/lib/python3.8/site-packages/airflow/example_dags/example_latest_only.py
[2024-02-14T20:52:34.022+0000] {logging_mixin.py:188} INFO - [2024-02-14T20:52:34.021+0000] {dag.py:3036} INFO - Sync 1 DAGs
[2024-02-14T20:52:34.106+0000] {logging_mixin.py:188} INFO - [2024-02-14T20:52:34.106+0000] {dag.py:3823} INFO - Setting next_dagrun for latest_only to 2024-02-14 16:00:00+00:00, run_after=2024-02-14 20:00:00+00:00
[2024-02-14T20:52:34.156+0000] {processor.py:183} INFO - Processing /home/airflow/.local/lib/python3.8/site-packages/airflow/example_dags/example_latest_only.py took 0.299 seconds
[2024-02-14T20:53:04.352+0000] {processor.py:161} INFO - Started process (PID=7460) to work on /home/airflow/.local/lib/python3.8/site-packages/airflow/example_dags/example_latest_only.py
[2024-02-14T20:53:04.356+0000] {processor.py:830} INFO - Processing file /home/airflow/.local/lib/python3.8/site-packages/airflow/example_dags/example_latest_only.py for tasks to queue
[2024-02-14T20:53:04.362+0000] {logging_mixin.py:188} INFO - [2024-02-14T20:53:04.360+0000] {dagbag.py:538} INFO - Filling up the DagBag from /home/airflow/.local/lib/python3.8/site-packages/airflow/example_dags/example_latest_only.py
[2024-02-14T20:53:04.385+0000] {processor.py:840} INFO - DAG(s) 'latest_only' retrieved from /home/airflow/.local/lib/python3.8/site-packages/airflow/example_dags/example_latest_only.py
[2024-02-14T20:53:04.471+0000] {logging_mixin.py:188} INFO - [2024-02-14T20:53:04.470+0000] {dag.py:3036} INFO - Sync 1 DAGs
[2024-02-14T20:53:04.564+0000] {logging_mixin.py:188} INFO - [2024-02-14T20:53:04.563+0000] {dag.py:3823} INFO - Setting next_dagrun for latest_only to 2024-02-14 16:00:00+00:00, run_after=2024-02-14 20:00:00+00:00
[2024-02-14T20:53:04.654+0000] {processor.py:183} INFO - Processing /home/airflow/.local/lib/python3.8/site-packages/airflow/example_dags/example_latest_only.py took 0.317 seconds
[2024-02-14T20:53:35.286+0000] {processor.py:161} INFO - Started process (PID=7707) to work on /home/airflow/.local/lib/python3.8/site-packages/airflow/example_dags/example_latest_only.py
[2024-02-14T20:53:35.290+0000] {processor.py:830} INFO - Processing file /home/airflow/.local/lib/python3.8/site-packages/airflow/example_dags/example_latest_only.py for tasks to queue
[2024-02-14T20:53:35.295+0000] {logging_mixin.py:188} INFO - [2024-02-14T20:53:35.294+0000] {dagbag.py:538} INFO - Filling up the DagBag from /home/airflow/.local/lib/python3.8/site-packages/airflow/example_dags/example_latest_only.py
[2024-02-14T20:53:35.320+0000] {processor.py:840} INFO - DAG(s) 'latest_only' retrieved from /home/airflow/.local/lib/python3.8/site-packages/airflow/example_dags/example_latest_only.py
[2024-02-14T20:53:35.402+0000] {logging_mixin.py:188} INFO - [2024-02-14T20:53:35.402+0000] {dag.py:3036} INFO - Sync 1 DAGs
[2024-02-14T20:53:35.503+0000] {logging_mixin.py:188} INFO - [2024-02-14T20:53:35.502+0000] {dag.py:3823} INFO - Setting next_dagrun for latest_only to 2024-02-14 16:00:00+00:00, run_after=2024-02-14 20:00:00+00:00
[2024-02-14T20:53:35.591+0000] {processor.py:183} INFO - Processing /home/airflow/.local/lib/python3.8/site-packages/airflow/example_dags/example_latest_only.py took 0.318 seconds
[2024-02-14T20:54:05.956+0000] {processor.py:161} INFO - Started process (PID=7954) to work on /home/airflow/.local/lib/python3.8/site-packages/airflow/example_dags/example_latest_only.py
[2024-02-14T20:54:05.962+0000] {processor.py:830} INFO - Processing file /home/airflow/.local/lib/python3.8/site-packages/airflow/example_dags/example_latest_only.py for tasks to queue
[2024-02-14T20:54:05.968+0000] {logging_mixin.py:188} INFO - [2024-02-14T20:54:05.966+0000] {dagbag.py:538} INFO - Filling up the DagBag from /home/airflow/.local/lib/python3.8/site-packages/airflow/example_dags/example_latest_only.py
[2024-02-14T20:54:05.993+0000] {processor.py:840} INFO - DAG(s) 'latest_only' retrieved from /home/airflow/.local/lib/python3.8/site-packages/airflow/example_dags/example_latest_only.py
[2024-02-14T20:54:06.033+0000] {logging_mixin.py:188} INFO - [2024-02-14T20:54:06.032+0000] {dag.py:3036} INFO - Sync 1 DAGs
[2024-02-14T20:54:06.087+0000] {logging_mixin.py:188} INFO - [2024-02-14T20:54:06.087+0000] {dag.py:3823} INFO - Setting next_dagrun for latest_only to 2024-02-14 16:00:00+00:00, run_after=2024-02-14 20:00:00+00:00
[2024-02-14T20:54:06.131+0000] {processor.py:183} INFO - Processing /home/airflow/.local/lib/python3.8/site-packages/airflow/example_dags/example_latest_only.py took 0.196 seconds
[2024-02-14T20:54:36.267+0000] {processor.py:161} INFO - Started process (PID=8201) to work on /home/airflow/.local/lib/python3.8/site-packages/airflow/example_dags/example_latest_only.py
[2024-02-14T20:54:36.272+0000] {processor.py:830} INFO - Processing file /home/airflow/.local/lib/python3.8/site-packages/airflow/example_dags/example_latest_only.py for tasks to queue
[2024-02-14T20:54:36.276+0000] {logging_mixin.py:188} INFO - [2024-02-14T20:54:36.275+0000] {dagbag.py:538} INFO - Filling up the DagBag from /home/airflow/.local/lib/python3.8/site-packages/airflow/example_dags/example_latest_only.py
[2024-02-14T20:54:36.300+0000] {processor.py:840} INFO - DAG(s) 'latest_only' retrieved from /home/airflow/.local/lib/python3.8/site-packages/airflow/example_dags/example_latest_only.py
[2024-02-14T20:54:36.372+0000] {logging_mixin.py:188} INFO - [2024-02-14T20:54:36.372+0000] {dag.py:3036} INFO - Sync 1 DAGs
[2024-02-14T20:54:36.422+0000] {logging_mixin.py:188} INFO - [2024-02-14T20:54:36.422+0000] {dag.py:3823} INFO - Setting next_dagrun for latest_only to 2024-02-14 16:00:00+00:00, run_after=2024-02-14 20:00:00+00:00
[2024-02-14T20:54:36.483+0000] {processor.py:183} INFO - Processing /home/airflow/.local/lib/python3.8/site-packages/airflow/example_dags/example_latest_only.py took 0.229 seconds
[2024-02-14T20:55:06.653+0000] {processor.py:161} INFO - Started process (PID=8448) to work on /home/airflow/.local/lib/python3.8/site-packages/airflow/example_dags/example_latest_only.py
[2024-02-14T20:55:06.655+0000] {processor.py:830} INFO - Processing file /home/airflow/.local/lib/python3.8/site-packages/airflow/example_dags/example_latest_only.py for tasks to queue
[2024-02-14T20:55:06.657+0000] {logging_mixin.py:188} INFO - [2024-02-14T20:55:06.656+0000] {dagbag.py:538} INFO - Filling up the DagBag from /home/airflow/.local/lib/python3.8/site-packages/airflow/example_dags/example_latest_only.py
[2024-02-14T20:55:06.668+0000] {processor.py:840} INFO - DAG(s) 'latest_only' retrieved from /home/airflow/.local/lib/python3.8/site-packages/airflow/example_dags/example_latest_only.py
[2024-02-14T20:55:06.738+0000] {logging_mixin.py:188} INFO - [2024-02-14T20:55:06.724+0000] {dag.py:3036} INFO - Sync 1 DAGs
[2024-02-14T20:55:06.813+0000] {logging_mixin.py:188} INFO - [2024-02-14T20:55:06.813+0000] {dag.py:3823} INFO - Setting next_dagrun for latest_only to 2024-02-14 16:00:00+00:00, run_after=2024-02-14 20:00:00+00:00
[2024-02-14T20:55:06.856+0000] {processor.py:183} INFO - Processing /home/airflow/.local/lib/python3.8/site-packages/airflow/example_dags/example_latest_only.py took 0.209 seconds
[2024-02-14T20:55:37.606+0000] {processor.py:161} INFO - Started process (PID=8695) to work on /home/airflow/.local/lib/python3.8/site-packages/airflow/example_dags/example_latest_only.py
[2024-02-14T20:55:37.608+0000] {processor.py:830} INFO - Processing file /home/airflow/.local/lib/python3.8/site-packages/airflow/example_dags/example_latest_only.py for tasks to queue
[2024-02-14T20:55:37.610+0000] {logging_mixin.py:188} INFO - [2024-02-14T20:55:37.609+0000] {dagbag.py:538} INFO - Filling up the DagBag from /home/airflow/.local/lib/python3.8/site-packages/airflow/example_dags/example_latest_only.py
[2024-02-14T20:55:37.619+0000] {processor.py:840} INFO - DAG(s) 'latest_only' retrieved from /home/airflow/.local/lib/python3.8/site-packages/airflow/example_dags/example_latest_only.py
[2024-02-14T20:55:37.658+0000] {logging_mixin.py:188} INFO - [2024-02-14T20:55:37.657+0000] {dag.py:3036} INFO - Sync 1 DAGs
[2024-02-14T20:55:37.701+0000] {logging_mixin.py:188} INFO - [2024-02-14T20:55:37.700+0000] {dag.py:3823} INFO - Setting next_dagrun for latest_only to 2024-02-14 16:00:00+00:00, run_after=2024-02-14 20:00:00+00:00
[2024-02-14T20:55:37.736+0000] {processor.py:183} INFO - Processing /home/airflow/.local/lib/python3.8/site-packages/airflow/example_dags/example_latest_only.py took 0.137 seconds
[2024-02-14T20:56:08.067+0000] {processor.py:161} INFO - Started process (PID=8942) to work on /home/airflow/.local/lib/python3.8/site-packages/airflow/example_dags/example_latest_only.py
[2024-02-14T20:56:08.070+0000] {processor.py:830} INFO - Processing file /home/airflow/.local/lib/python3.8/site-packages/airflow/example_dags/example_latest_only.py for tasks to queue
[2024-02-14T20:56:08.073+0000] {logging_mixin.py:188} INFO - [2024-02-14T20:56:08.072+0000] {dagbag.py:538} INFO - Filling up the DagBag from /home/airflow/.local/lib/python3.8/site-packages/airflow/example_dags/example_latest_only.py
[2024-02-14T20:56:08.090+0000] {processor.py:840} INFO - DAG(s) 'latest_only' retrieved from /home/airflow/.local/lib/python3.8/site-packages/airflow/example_dags/example_latest_only.py
[2024-02-14T20:56:08.155+0000] {logging_mixin.py:188} INFO - [2024-02-14T20:56:08.154+0000] {dag.py:3036} INFO - Sync 1 DAGs
[2024-02-14T20:56:08.235+0000] {logging_mixin.py:188} INFO - [2024-02-14T20:56:08.234+0000] {dag.py:3823} INFO - Setting next_dagrun for latest_only to 2024-02-14 16:00:00+00:00, run_after=2024-02-14 20:00:00+00:00
[2024-02-14T20:56:08.359+0000] {processor.py:183} INFO - Processing /home/airflow/.local/lib/python3.8/site-packages/airflow/example_dags/example_latest_only.py took 0.306 seconds
[2024-02-14T20:56:39.531+0000] {processor.py:161} INFO - Started process (PID=9188) to work on /home/airflow/.local/lib/python3.8/site-packages/airflow/example_dags/example_latest_only.py
[2024-02-14T20:56:39.534+0000] {processor.py:830} INFO - Processing file /home/airflow/.local/lib/python3.8/site-packages/airflow/example_dags/example_latest_only.py for tasks to queue
[2024-02-14T20:56:39.536+0000] {logging_mixin.py:188} INFO - [2024-02-14T20:56:39.535+0000] {dagbag.py:538} INFO - Filling up the DagBag from /home/airflow/.local/lib/python3.8/site-packages/airflow/example_dags/example_latest_only.py
[2024-02-14T20:56:39.548+0000] {processor.py:840} INFO - DAG(s) 'latest_only' retrieved from /home/airflow/.local/lib/python3.8/site-packages/airflow/example_dags/example_latest_only.py
[2024-02-14T20:56:39.588+0000] {logging_mixin.py:188} INFO - [2024-02-14T20:56:39.588+0000] {dag.py:3036} INFO - Sync 1 DAGs
[2024-02-14T20:56:39.636+0000] {logging_mixin.py:188} INFO - [2024-02-14T20:56:39.636+0000] {dag.py:3823} INFO - Setting next_dagrun for latest_only to 2024-02-14 16:00:00+00:00, run_after=2024-02-14 20:00:00+00:00
[2024-02-14T20:56:39.674+0000] {processor.py:183} INFO - Processing /home/airflow/.local/lib/python3.8/site-packages/airflow/example_dags/example_latest_only.py took 0.151 seconds
[2024-02-14T20:57:10.277+0000] {processor.py:161} INFO - Started process (PID=9433) to work on /home/airflow/.local/lib/python3.8/site-packages/airflow/example_dags/example_latest_only.py
[2024-02-14T20:57:10.280+0000] {processor.py:830} INFO - Processing file /home/airflow/.local/lib/python3.8/site-packages/airflow/example_dags/example_latest_only.py for tasks to queue
[2024-02-14T20:57:10.283+0000] {logging_mixin.py:188} INFO - [2024-02-14T20:57:10.282+0000] {dagbag.py:538} INFO - Filling up the DagBag from /home/airflow/.local/lib/python3.8/site-packages/airflow/example_dags/example_latest_only.py
[2024-02-14T20:57:10.301+0000] {processor.py:840} INFO - DAG(s) 'latest_only' retrieved from /home/airflow/.local/lib/python3.8/site-packages/airflow/example_dags/example_latest_only.py
[2024-02-14T20:57:10.362+0000] {logging_mixin.py:188} INFO - [2024-02-14T20:57:10.361+0000] {dag.py:3036} INFO - Sync 1 DAGs
[2024-02-14T20:57:10.436+0000] {logging_mixin.py:188} INFO - [2024-02-14T20:57:10.435+0000] {dag.py:3823} INFO - Setting next_dagrun for latest_only to 2024-02-14 16:00:00+00:00, run_after=2024-02-14 20:00:00+00:00
[2024-02-14T20:57:10.503+0000] {processor.py:183} INFO - Processing /home/airflow/.local/lib/python3.8/site-packages/airflow/example_dags/example_latest_only.py took 0.237 seconds
[2024-02-14T20:57:41.120+0000] {processor.py:161} INFO - Started process (PID=9682) to work on /home/airflow/.local/lib/python3.8/site-packages/airflow/example_dags/example_latest_only.py
[2024-02-14T20:57:41.123+0000] {processor.py:830} INFO - Processing file /home/airflow/.local/lib/python3.8/site-packages/airflow/example_dags/example_latest_only.py for tasks to queue
[2024-02-14T20:57:41.127+0000] {logging_mixin.py:188} INFO - [2024-02-14T20:57:41.126+0000] {dagbag.py:538} INFO - Filling up the DagBag from /home/airflow/.local/lib/python3.8/site-packages/airflow/example_dags/example_latest_only.py
[2024-02-14T20:57:41.144+0000] {processor.py:840} INFO - DAG(s) 'latest_only' retrieved from /home/airflow/.local/lib/python3.8/site-packages/airflow/example_dags/example_latest_only.py
[2024-02-14T20:57:41.207+0000] {logging_mixin.py:188} INFO - [2024-02-14T20:57:41.206+0000] {dag.py:3036} INFO - Sync 1 DAGs
[2024-02-14T20:57:41.259+0000] {logging_mixin.py:188} INFO - [2024-02-14T20:57:41.259+0000] {dag.py:3823} INFO - Setting next_dagrun for latest_only to 2024-02-14 16:00:00+00:00, run_after=2024-02-14 20:00:00+00:00
[2024-02-14T20:57:41.311+0000] {processor.py:183} INFO - Processing /home/airflow/.local/lib/python3.8/site-packages/airflow/example_dags/example_latest_only.py took 0.201 seconds
