[2024-02-14T20:38:13.395+0000] {processor.py:161} INFO - Started process (PID=307) to work on /home/airflow/.local/lib/python3.8/site-packages/airflow/example_dags/example_branch_operator.py
[2024-02-14T20:38:13.398+0000] {processor.py:830} INFO - Processing file /home/airflow/.local/lib/python3.8/site-packages/airflow/example_dags/example_branch_operator.py for tasks to queue
[2024-02-14T20:38:13.407+0000] {logging_mixin.py:188} INFO - [2024-02-14T20:38:13.407+0000] {dagbag.py:538} INFO - Filling up the DagBag from /home/airflow/.local/lib/python3.8/site-packages/airflow/example_dags/example_branch_operator.py
[2024-02-14T20:38:13.478+0000] {processor.py:840} INFO - DAG(s) 'example_branch_operator' retrieved from /home/airflow/.local/lib/python3.8/site-packages/airflow/example_dags/example_branch_operator.py
[2024-02-14T20:38:13.800+0000] {logging_mixin.py:188} INFO - [2024-02-14T20:38:13.799+0000] {dag.py:3036} INFO - Sync 1 DAGs
[2024-02-14T20:38:13.893+0000] {logging_mixin.py:188} INFO - [2024-02-14T20:38:13.893+0000] {dag.py:3823} INFO - Setting next_dagrun for example_branch_operator to 2024-02-13 00:00:00+00:00, run_after=2024-02-14 00:00:00+00:00
[2024-02-14T20:38:13.980+0000] {processor.py:183} INFO - Processing /home/airflow/.local/lib/python3.8/site-packages/airflow/example_dags/example_branch_operator.py took 0.590 seconds
[2024-02-14T20:38:44.873+0000] {processor.py:161} INFO - Started process (PID=556) to work on /home/airflow/.local/lib/python3.8/site-packages/airflow/example_dags/example_branch_operator.py
[2024-02-14T20:38:44.879+0000] {processor.py:830} INFO - Processing file /home/airflow/.local/lib/python3.8/site-packages/airflow/example_dags/example_branch_operator.py for tasks to queue
[2024-02-14T20:38:44.883+0000] {logging_mixin.py:188} INFO - [2024-02-14T20:38:44.882+0000] {dagbag.py:538} INFO - Filling up the DagBag from /home/airflow/.local/lib/python3.8/site-packages/airflow/example_dags/example_branch_operator.py
[2024-02-14T20:38:44.959+0000] {processor.py:840} INFO - DAG(s) 'example_branch_operator' retrieved from /home/airflow/.local/lib/python3.8/site-packages/airflow/example_dags/example_branch_operator.py
[2024-02-14T20:38:45.007+0000] {logging_mixin.py:188} INFO - [2024-02-14T20:38:45.006+0000] {dag.py:3036} INFO - Sync 1 DAGs
[2024-02-14T20:38:45.046+0000] {logging_mixin.py:188} INFO - [2024-02-14T20:38:45.045+0000] {dag.py:3823} INFO - Setting next_dagrun for example_branch_operator to 2024-02-13 00:00:00+00:00, run_after=2024-02-14 00:00:00+00:00
[2024-02-14T20:38:45.081+0000] {processor.py:183} INFO - Processing /home/airflow/.local/lib/python3.8/site-packages/airflow/example_dags/example_branch_operator.py took 0.242 seconds
[2024-02-14T20:39:15.963+0000] {processor.py:161} INFO - Started process (PID=803) to work on /home/airflow/.local/lib/python3.8/site-packages/airflow/example_dags/example_branch_operator.py
[2024-02-14T20:39:15.967+0000] {processor.py:830} INFO - Processing file /home/airflow/.local/lib/python3.8/site-packages/airflow/example_dags/example_branch_operator.py for tasks to queue
[2024-02-14T20:39:15.972+0000] {logging_mixin.py:188} INFO - [2024-02-14T20:39:15.970+0000] {dagbag.py:538} INFO - Filling up the DagBag from /home/airflow/.local/lib/python3.8/site-packages/airflow/example_dags/example_branch_operator.py
[2024-02-14T20:39:16.065+0000] {processor.py:840} INFO - DAG(s) 'example_branch_operator' retrieved from /home/airflow/.local/lib/python3.8/site-packages/airflow/example_dags/example_branch_operator.py
[2024-02-14T20:39:16.154+0000] {logging_mixin.py:188} INFO - [2024-02-14T20:39:16.153+0000] {dag.py:3036} INFO - Sync 1 DAGs
[2024-02-14T20:39:16.218+0000] {logging_mixin.py:188} INFO - [2024-02-14T20:39:16.217+0000] {dag.py:3823} INFO - Setting next_dagrun for example_branch_operator to 2024-02-13 00:00:00+00:00, run_after=2024-02-14 00:00:00+00:00
[2024-02-14T20:39:16.268+0000] {processor.py:183} INFO - Processing /home/airflow/.local/lib/python3.8/site-packages/airflow/example_dags/example_branch_operator.py took 0.321 seconds
[2024-02-14T20:39:46.444+0000] {processor.py:161} INFO - Started process (PID=1050) to work on /home/airflow/.local/lib/python3.8/site-packages/airflow/example_dags/example_branch_operator.py
[2024-02-14T20:39:46.448+0000] {processor.py:830} INFO - Processing file /home/airflow/.local/lib/python3.8/site-packages/airflow/example_dags/example_branch_operator.py for tasks to queue
[2024-02-14T20:39:46.452+0000] {logging_mixin.py:188} INFO - [2024-02-14T20:39:46.451+0000] {dagbag.py:538} INFO - Filling up the DagBag from /home/airflow/.local/lib/python3.8/site-packages/airflow/example_dags/example_branch_operator.py
[2024-02-14T20:39:46.530+0000] {processor.py:840} INFO - DAG(s) 'example_branch_operator' retrieved from /home/airflow/.local/lib/python3.8/site-packages/airflow/example_dags/example_branch_operator.py
[2024-02-14T20:39:46.645+0000] {logging_mixin.py:188} INFO - [2024-02-14T20:39:46.644+0000] {dag.py:3036} INFO - Sync 1 DAGs
[2024-02-14T20:39:46.738+0000] {logging_mixin.py:188} INFO - [2024-02-14T20:39:46.737+0000] {dag.py:3823} INFO - Setting next_dagrun for example_branch_operator to 2024-02-13 00:00:00+00:00, run_after=2024-02-14 00:00:00+00:00
[2024-02-14T20:39:46.816+0000] {processor.py:183} INFO - Processing /home/airflow/.local/lib/python3.8/site-packages/airflow/example_dags/example_branch_operator.py took 0.387 seconds
[2024-02-14T20:40:17.167+0000] {processor.py:161} INFO - Started process (PID=1296) to work on /home/airflow/.local/lib/python3.8/site-packages/airflow/example_dags/example_branch_operator.py
[2024-02-14T20:40:17.172+0000] {processor.py:830} INFO - Processing file /home/airflow/.local/lib/python3.8/site-packages/airflow/example_dags/example_branch_operator.py for tasks to queue
[2024-02-14T20:40:17.177+0000] {logging_mixin.py:188} INFO - [2024-02-14T20:40:17.175+0000] {dagbag.py:538} INFO - Filling up the DagBag from /home/airflow/.local/lib/python3.8/site-packages/airflow/example_dags/example_branch_operator.py
[2024-02-14T20:40:17.257+0000] {processor.py:840} INFO - DAG(s) 'example_branch_operator' retrieved from /home/airflow/.local/lib/python3.8/site-packages/airflow/example_dags/example_branch_operator.py
[2024-02-14T20:40:17.390+0000] {logging_mixin.py:188} INFO - [2024-02-14T20:40:17.389+0000] {dag.py:3036} INFO - Sync 1 DAGs
[2024-02-14T20:40:17.576+0000] {logging_mixin.py:188} INFO - [2024-02-14T20:40:17.564+0000] {dag.py:3823} INFO - Setting next_dagrun for example_branch_operator to 2024-02-13 00:00:00+00:00, run_after=2024-02-14 00:00:00+00:00
[2024-02-14T20:40:17.617+0000] {processor.py:183} INFO - Processing /home/airflow/.local/lib/python3.8/site-packages/airflow/example_dags/example_branch_operator.py took 0.465 seconds
[2024-02-14T20:40:48.045+0000] {processor.py:161} INFO - Started process (PID=1543) to work on /home/airflow/.local/lib/python3.8/site-packages/airflow/example_dags/example_branch_operator.py
[2024-02-14T20:40:48.048+0000] {processor.py:830} INFO - Processing file /home/airflow/.local/lib/python3.8/site-packages/airflow/example_dags/example_branch_operator.py for tasks to queue
[2024-02-14T20:40:48.051+0000] {logging_mixin.py:188} INFO - [2024-02-14T20:40:48.050+0000] {dagbag.py:538} INFO - Filling up the DagBag from /home/airflow/.local/lib/python3.8/site-packages/airflow/example_dags/example_branch_operator.py
[2024-02-14T20:40:48.118+0000] {processor.py:840} INFO - DAG(s) 'example_branch_operator' retrieved from /home/airflow/.local/lib/python3.8/site-packages/airflow/example_dags/example_branch_operator.py
[2024-02-14T20:40:48.262+0000] {logging_mixin.py:188} INFO - [2024-02-14T20:40:48.260+0000] {dag.py:3036} INFO - Sync 1 DAGs
[2024-02-14T20:40:48.406+0000] {logging_mixin.py:188} INFO - [2024-02-14T20:40:48.405+0000] {dag.py:3823} INFO - Setting next_dagrun for example_branch_operator to 2024-02-13 00:00:00+00:00, run_after=2024-02-14 00:00:00+00:00
[2024-02-14T20:40:48.518+0000] {processor.py:183} INFO - Processing /home/airflow/.local/lib/python3.8/site-packages/airflow/example_dags/example_branch_operator.py took 0.488 seconds
[2024-02-14T20:41:18.675+0000] {processor.py:161} INFO - Started process (PID=1790) to work on /home/airflow/.local/lib/python3.8/site-packages/airflow/example_dags/example_branch_operator.py
[2024-02-14T20:41:18.678+0000] {processor.py:830} INFO - Processing file /home/airflow/.local/lib/python3.8/site-packages/airflow/example_dags/example_branch_operator.py for tasks to queue
[2024-02-14T20:41:18.680+0000] {logging_mixin.py:188} INFO - [2024-02-14T20:41:18.679+0000] {dagbag.py:538} INFO - Filling up the DagBag from /home/airflow/.local/lib/python3.8/site-packages/airflow/example_dags/example_branch_operator.py
[2024-02-14T20:41:18.725+0000] {processor.py:840} INFO - DAG(s) 'example_branch_operator' retrieved from /home/airflow/.local/lib/python3.8/site-packages/airflow/example_dags/example_branch_operator.py
[2024-02-14T20:41:18.805+0000] {logging_mixin.py:188} INFO - [2024-02-14T20:41:18.805+0000] {dag.py:3036} INFO - Sync 1 DAGs
[2024-02-14T20:41:18.862+0000] {logging_mixin.py:188} INFO - [2024-02-14T20:41:18.862+0000] {dag.py:3823} INFO - Setting next_dagrun for example_branch_operator to 2024-02-13 00:00:00+00:00, run_after=2024-02-14 00:00:00+00:00
[2024-02-14T20:41:18.905+0000] {processor.py:183} INFO - Processing /home/airflow/.local/lib/python3.8/site-packages/airflow/example_dags/example_branch_operator.py took 0.238 seconds
[2024-02-14T20:41:49.321+0000] {processor.py:161} INFO - Started process (PID=2037) to work on /home/airflow/.local/lib/python3.8/site-packages/airflow/example_dags/example_branch_operator.py
[2024-02-14T20:41:49.322+0000] {processor.py:830} INFO - Processing file /home/airflow/.local/lib/python3.8/site-packages/airflow/example_dags/example_branch_operator.py for tasks to queue
[2024-02-14T20:41:49.324+0000] {logging_mixin.py:188} INFO - [2024-02-14T20:41:49.324+0000] {dagbag.py:538} INFO - Filling up the DagBag from /home/airflow/.local/lib/python3.8/site-packages/airflow/example_dags/example_branch_operator.py
[2024-02-14T20:41:49.359+0000] {processor.py:840} INFO - DAG(s) 'example_branch_operator' retrieved from /home/airflow/.local/lib/python3.8/site-packages/airflow/example_dags/example_branch_operator.py
[2024-02-14T20:41:49.426+0000] {logging_mixin.py:188} INFO - [2024-02-14T20:41:49.425+0000] {dag.py:3036} INFO - Sync 1 DAGs
[2024-02-14T20:41:49.507+0000] {logging_mixin.py:188} INFO - [2024-02-14T20:41:49.506+0000] {dag.py:3823} INFO - Setting next_dagrun for example_branch_operator to 2024-02-13 00:00:00+00:00, run_after=2024-02-14 00:00:00+00:00
[2024-02-14T20:41:49.553+0000] {processor.py:183} INFO - Processing /home/airflow/.local/lib/python3.8/site-packages/airflow/example_dags/example_branch_operator.py took 0.239 seconds
[2024-02-14T20:42:20.211+0000] {processor.py:161} INFO - Started process (PID=2284) to work on /home/airflow/.local/lib/python3.8/site-packages/airflow/example_dags/example_branch_operator.py
[2024-02-14T20:42:20.215+0000] {processor.py:830} INFO - Processing file /home/airflow/.local/lib/python3.8/site-packages/airflow/example_dags/example_branch_operator.py for tasks to queue
[2024-02-14T20:42:20.221+0000] {logging_mixin.py:188} INFO - [2024-02-14T20:42:20.219+0000] {dagbag.py:538} INFO - Filling up the DagBag from /home/airflow/.local/lib/python3.8/site-packages/airflow/example_dags/example_branch_operator.py
[2024-02-14T20:42:20.304+0000] {processor.py:840} INFO - DAG(s) 'example_branch_operator' retrieved from /home/airflow/.local/lib/python3.8/site-packages/airflow/example_dags/example_branch_operator.py
[2024-02-14T20:42:20.356+0000] {logging_mixin.py:188} INFO - [2024-02-14T20:42:20.356+0000] {dag.py:3036} INFO - Sync 1 DAGs
[2024-02-14T20:42:20.414+0000] {logging_mixin.py:188} INFO - [2024-02-14T20:42:20.413+0000] {dag.py:3823} INFO - Setting next_dagrun for example_branch_operator to 2024-02-13 00:00:00+00:00, run_after=2024-02-14 00:00:00+00:00
[2024-02-14T20:42:20.468+0000] {processor.py:183} INFO - Processing /home/airflow/.local/lib/python3.8/site-packages/airflow/example_dags/example_branch_operator.py took 0.279 seconds
[2024-02-14T20:42:50.706+0000] {processor.py:161} INFO - Started process (PID=2532) to work on /home/airflow/.local/lib/python3.8/site-packages/airflow/example_dags/example_branch_operator.py
[2024-02-14T20:42:50.710+0000] {processor.py:830} INFO - Processing file /home/airflow/.local/lib/python3.8/site-packages/airflow/example_dags/example_branch_operator.py for tasks to queue
[2024-02-14T20:42:50.713+0000] {logging_mixin.py:188} INFO - [2024-02-14T20:42:50.712+0000] {dagbag.py:538} INFO - Filling up the DagBag from /home/airflow/.local/lib/python3.8/site-packages/airflow/example_dags/example_branch_operator.py
[2024-02-14T20:42:50.761+0000] {processor.py:840} INFO - DAG(s) 'example_branch_operator' retrieved from /home/airflow/.local/lib/python3.8/site-packages/airflow/example_dags/example_branch_operator.py
[2024-02-14T20:42:50.833+0000] {logging_mixin.py:188} INFO - [2024-02-14T20:42:50.833+0000] {dag.py:3036} INFO - Sync 1 DAGs
[2024-02-14T20:42:50.907+0000] {logging_mixin.py:188} INFO - [2024-02-14T20:42:50.907+0000] {dag.py:3823} INFO - Setting next_dagrun for example_branch_operator to 2024-02-13 00:00:00+00:00, run_after=2024-02-14 00:00:00+00:00
[2024-02-14T20:42:50.960+0000] {processor.py:183} INFO - Processing /home/airflow/.local/lib/python3.8/site-packages/airflow/example_dags/example_branch_operator.py took 0.261 seconds
[2024-02-14T20:43:21.327+0000] {processor.py:161} INFO - Started process (PID=2779) to work on /home/airflow/.local/lib/python3.8/site-packages/airflow/example_dags/example_branch_operator.py
[2024-02-14T20:43:21.331+0000] {processor.py:830} INFO - Processing file /home/airflow/.local/lib/python3.8/site-packages/airflow/example_dags/example_branch_operator.py for tasks to queue
[2024-02-14T20:43:21.335+0000] {logging_mixin.py:188} INFO - [2024-02-14T20:43:21.334+0000] {dagbag.py:538} INFO - Filling up the DagBag from /home/airflow/.local/lib/python3.8/site-packages/airflow/example_dags/example_branch_operator.py
[2024-02-14T20:43:21.415+0000] {processor.py:840} INFO - DAG(s) 'example_branch_operator' retrieved from /home/airflow/.local/lib/python3.8/site-packages/airflow/example_dags/example_branch_operator.py
[2024-02-14T20:43:21.541+0000] {logging_mixin.py:188} INFO - [2024-02-14T20:43:21.540+0000] {dag.py:3036} INFO - Sync 1 DAGs
[2024-02-14T20:43:21.640+0000] {logging_mixin.py:188} INFO - [2024-02-14T20:43:21.640+0000] {dag.py:3823} INFO - Setting next_dagrun for example_branch_operator to 2024-02-13 00:00:00+00:00, run_after=2024-02-14 00:00:00+00:00
[2024-02-14T20:43:21.710+0000] {processor.py:183} INFO - Processing /home/airflow/.local/lib/python3.8/site-packages/airflow/example_dags/example_branch_operator.py took 0.397 seconds
[2024-02-14T20:43:51.897+0000] {processor.py:161} INFO - Started process (PID=3027) to work on /home/airflow/.local/lib/python3.8/site-packages/airflow/example_dags/example_branch_operator.py
[2024-02-14T20:43:51.899+0000] {processor.py:830} INFO - Processing file /home/airflow/.local/lib/python3.8/site-packages/airflow/example_dags/example_branch_operator.py for tasks to queue
[2024-02-14T20:43:51.900+0000] {logging_mixin.py:188} INFO - [2024-02-14T20:43:51.900+0000] {dagbag.py:538} INFO - Filling up the DagBag from /home/airflow/.local/lib/python3.8/site-packages/airflow/example_dags/example_branch_operator.py
[2024-02-14T20:43:51.931+0000] {processor.py:840} INFO - DAG(s) 'example_branch_operator' retrieved from /home/airflow/.local/lib/python3.8/site-packages/airflow/example_dags/example_branch_operator.py
[2024-02-14T20:43:51.998+0000] {logging_mixin.py:188} INFO - [2024-02-14T20:43:51.997+0000] {dag.py:3036} INFO - Sync 1 DAGs
[2024-02-14T20:43:52.037+0000] {logging_mixin.py:188} INFO - [2024-02-14T20:43:52.037+0000] {dag.py:3823} INFO - Setting next_dagrun for example_branch_operator to 2024-02-13 00:00:00+00:00, run_after=2024-02-14 00:00:00+00:00
[2024-02-14T20:43:52.079+0000] {processor.py:183} INFO - Processing /home/airflow/.local/lib/python3.8/site-packages/airflow/example_dags/example_branch_operator.py took 0.188 seconds
[2024-02-14T20:44:22.656+0000] {processor.py:161} INFO - Started process (PID=3273) to work on /home/airflow/.local/lib/python3.8/site-packages/airflow/example_dags/example_branch_operator.py
[2024-02-14T20:44:22.660+0000] {processor.py:830} INFO - Processing file /home/airflow/.local/lib/python3.8/site-packages/airflow/example_dags/example_branch_operator.py for tasks to queue
[2024-02-14T20:44:22.664+0000] {logging_mixin.py:188} INFO - [2024-02-14T20:44:22.663+0000] {dagbag.py:538} INFO - Filling up the DagBag from /home/airflow/.local/lib/python3.8/site-packages/airflow/example_dags/example_branch_operator.py
[2024-02-14T20:44:22.741+0000] {processor.py:840} INFO - DAG(s) 'example_branch_operator' retrieved from /home/airflow/.local/lib/python3.8/site-packages/airflow/example_dags/example_branch_operator.py
[2024-02-14T20:44:22.859+0000] {logging_mixin.py:188} INFO - [2024-02-14T20:44:22.858+0000] {dag.py:3036} INFO - Sync 1 DAGs
[2024-02-14T20:44:22.905+0000] {logging_mixin.py:188} INFO - [2024-02-14T20:44:22.905+0000] {dag.py:3823} INFO - Setting next_dagrun for example_branch_operator to 2024-02-13 00:00:00+00:00, run_after=2024-02-14 00:00:00+00:00
[2024-02-14T20:44:22.957+0000] {processor.py:183} INFO - Processing /home/airflow/.local/lib/python3.8/site-packages/airflow/example_dags/example_branch_operator.py took 0.315 seconds
[2024-02-14T20:44:53.577+0000] {processor.py:161} INFO - Started process (PID=3520) to work on /home/airflow/.local/lib/python3.8/site-packages/airflow/example_dags/example_branch_operator.py
[2024-02-14T20:44:53.582+0000] {processor.py:830} INFO - Processing file /home/airflow/.local/lib/python3.8/site-packages/airflow/example_dags/example_branch_operator.py for tasks to queue
[2024-02-14T20:44:53.587+0000] {logging_mixin.py:188} INFO - [2024-02-14T20:44:53.586+0000] {dagbag.py:538} INFO - Filling up the DagBag from /home/airflow/.local/lib/python3.8/site-packages/airflow/example_dags/example_branch_operator.py
[2024-02-14T20:44:53.657+0000] {processor.py:840} INFO - DAG(s) 'example_branch_operator' retrieved from /home/airflow/.local/lib/python3.8/site-packages/airflow/example_dags/example_branch_operator.py
[2024-02-14T20:44:53.710+0000] {logging_mixin.py:188} INFO - [2024-02-14T20:44:53.709+0000] {dag.py:3036} INFO - Sync 1 DAGs
[2024-02-14T20:44:53.759+0000] {logging_mixin.py:188} INFO - [2024-02-14T20:44:53.759+0000] {dag.py:3823} INFO - Setting next_dagrun for example_branch_operator to 2024-02-13 00:00:00+00:00, run_after=2024-02-14 00:00:00+00:00
[2024-02-14T20:44:53.801+0000] {processor.py:183} INFO - Processing /home/airflow/.local/lib/python3.8/site-packages/airflow/example_dags/example_branch_operator.py took 0.237 seconds
[2024-02-14T20:45:24.102+0000] {processor.py:161} INFO - Started process (PID=3770) to work on /home/airflow/.local/lib/python3.8/site-packages/airflow/example_dags/example_branch_operator.py
[2024-02-14T20:45:24.103+0000] {processor.py:830} INFO - Processing file /home/airflow/.local/lib/python3.8/site-packages/airflow/example_dags/example_branch_operator.py for tasks to queue
[2024-02-14T20:45:24.105+0000] {logging_mixin.py:188} INFO - [2024-02-14T20:45:24.105+0000] {dagbag.py:538} INFO - Filling up the DagBag from /home/airflow/.local/lib/python3.8/site-packages/airflow/example_dags/example_branch_operator.py
[2024-02-14T20:45:24.130+0000] {processor.py:840} INFO - DAG(s) 'example_branch_operator' retrieved from /home/airflow/.local/lib/python3.8/site-packages/airflow/example_dags/example_branch_operator.py
[2024-02-14T20:45:24.173+0000] {logging_mixin.py:188} INFO - [2024-02-14T20:45:24.172+0000] {dag.py:3036} INFO - Sync 1 DAGs
[2024-02-14T20:45:24.210+0000] {logging_mixin.py:188} INFO - [2024-02-14T20:45:24.210+0000] {dag.py:3823} INFO - Setting next_dagrun for example_branch_operator to 2024-02-13 00:00:00+00:00, run_after=2024-02-14 00:00:00+00:00
[2024-02-14T20:45:24.237+0000] {processor.py:183} INFO - Processing /home/airflow/.local/lib/python3.8/site-packages/airflow/example_dags/example_branch_operator.py took 0.140 seconds
[2024-02-14T20:45:54.566+0000] {processor.py:161} INFO - Started process (PID=4015) to work on /home/airflow/.local/lib/python3.8/site-packages/airflow/example_dags/example_branch_operator.py
[2024-02-14T20:45:54.569+0000] {processor.py:830} INFO - Processing file /home/airflow/.local/lib/python3.8/site-packages/airflow/example_dags/example_branch_operator.py for tasks to queue
[2024-02-14T20:45:54.571+0000] {logging_mixin.py:188} INFO - [2024-02-14T20:45:54.570+0000] {dagbag.py:538} INFO - Filling up the DagBag from /home/airflow/.local/lib/python3.8/site-packages/airflow/example_dags/example_branch_operator.py
[2024-02-14T20:45:54.614+0000] {processor.py:840} INFO - DAG(s) 'example_branch_operator' retrieved from /home/airflow/.local/lib/python3.8/site-packages/airflow/example_dags/example_branch_operator.py
[2024-02-14T20:45:54.680+0000] {logging_mixin.py:188} INFO - [2024-02-14T20:45:54.679+0000] {dag.py:3036} INFO - Sync 1 DAGs
[2024-02-14T20:45:54.738+0000] {logging_mixin.py:188} INFO - [2024-02-14T20:45:54.738+0000] {dag.py:3823} INFO - Setting next_dagrun for example_branch_operator to 2024-02-13 00:00:00+00:00, run_after=2024-02-14 00:00:00+00:00
[2024-02-14T20:45:54.797+0000] {processor.py:183} INFO - Processing /home/airflow/.local/lib/python3.8/site-packages/airflow/example_dags/example_branch_operator.py took 0.238 seconds
[2024-02-14T20:46:24.999+0000] {processor.py:161} INFO - Started process (PID=4264) to work on /home/airflow/.local/lib/python3.8/site-packages/airflow/example_dags/example_branch_operator.py
[2024-02-14T20:46:25.000+0000] {processor.py:830} INFO - Processing file /home/airflow/.local/lib/python3.8/site-packages/airflow/example_dags/example_branch_operator.py for tasks to queue
[2024-02-14T20:46:25.003+0000] {logging_mixin.py:188} INFO - [2024-02-14T20:46:25.002+0000] {dagbag.py:538} INFO - Filling up the DagBag from /home/airflow/.local/lib/python3.8/site-packages/airflow/example_dags/example_branch_operator.py
[2024-02-14T20:46:25.030+0000] {processor.py:840} INFO - DAG(s) 'example_branch_operator' retrieved from /home/airflow/.local/lib/python3.8/site-packages/airflow/example_dags/example_branch_operator.py
[2024-02-14T20:46:25.073+0000] {logging_mixin.py:188} INFO - [2024-02-14T20:46:25.073+0000] {dag.py:3036} INFO - Sync 1 DAGs
[2024-02-14T20:46:25.109+0000] {logging_mixin.py:188} INFO - [2024-02-14T20:46:25.108+0000] {dag.py:3823} INFO - Setting next_dagrun for example_branch_operator to 2024-02-13 00:00:00+00:00, run_after=2024-02-14 00:00:00+00:00
[2024-02-14T20:46:25.140+0000] {processor.py:183} INFO - Processing /home/airflow/.local/lib/python3.8/site-packages/airflow/example_dags/example_branch_operator.py took 0.145 seconds
[2024-02-14T20:46:55.940+0000] {processor.py:161} INFO - Started process (PID=4510) to work on /home/airflow/.local/lib/python3.8/site-packages/airflow/example_dags/example_branch_operator.py
[2024-02-14T20:46:55.943+0000] {processor.py:830} INFO - Processing file /home/airflow/.local/lib/python3.8/site-packages/airflow/example_dags/example_branch_operator.py for tasks to queue
[2024-02-14T20:46:55.946+0000] {logging_mixin.py:188} INFO - [2024-02-14T20:46:55.945+0000] {dagbag.py:538} INFO - Filling up the DagBag from /home/airflow/.local/lib/python3.8/site-packages/airflow/example_dags/example_branch_operator.py
[2024-02-14T20:46:55.999+0000] {processor.py:840} INFO - DAG(s) 'example_branch_operator' retrieved from /home/airflow/.local/lib/python3.8/site-packages/airflow/example_dags/example_branch_operator.py
[2024-02-14T20:46:56.091+0000] {logging_mixin.py:188} INFO - [2024-02-14T20:46:56.090+0000] {dag.py:3036} INFO - Sync 1 DAGs
[2024-02-14T20:46:56.134+0000] {logging_mixin.py:188} INFO - [2024-02-14T20:46:56.134+0000] {dag.py:3823} INFO - Setting next_dagrun for example_branch_operator to 2024-02-13 00:00:00+00:00, run_after=2024-02-14 00:00:00+00:00
[2024-02-14T20:46:56.172+0000] {processor.py:183} INFO - Processing /home/airflow/.local/lib/python3.8/site-packages/airflow/example_dags/example_branch_operator.py took 0.242 seconds
[2024-02-14T20:47:26.878+0000] {processor.py:161} INFO - Started process (PID=4757) to work on /home/airflow/.local/lib/python3.8/site-packages/airflow/example_dags/example_branch_operator.py
[2024-02-14T20:47:26.882+0000] {processor.py:830} INFO - Processing file /home/airflow/.local/lib/python3.8/site-packages/airflow/example_dags/example_branch_operator.py for tasks to queue
[2024-02-14T20:47:26.886+0000] {logging_mixin.py:188} INFO - [2024-02-14T20:47:26.885+0000] {dagbag.py:538} INFO - Filling up the DagBag from /home/airflow/.local/lib/python3.8/site-packages/airflow/example_dags/example_branch_operator.py
[2024-02-14T20:47:26.959+0000] {processor.py:840} INFO - DAG(s) 'example_branch_operator' retrieved from /home/airflow/.local/lib/python3.8/site-packages/airflow/example_dags/example_branch_operator.py
[2024-02-14T20:47:27.075+0000] {logging_mixin.py:188} INFO - [2024-02-14T20:47:27.074+0000] {dag.py:3036} INFO - Sync 1 DAGs
[2024-02-14T20:47:27.173+0000] {logging_mixin.py:188} INFO - [2024-02-14T20:47:27.172+0000] {dag.py:3823} INFO - Setting next_dagrun for example_branch_operator to 2024-02-13 00:00:00+00:00, run_after=2024-02-14 00:00:00+00:00
[2024-02-14T20:47:27.246+0000] {processor.py:183} INFO - Processing /home/airflow/.local/lib/python3.8/site-packages/airflow/example_dags/example_branch_operator.py took 0.381 seconds
[2024-02-14T20:47:57.775+0000] {processor.py:161} INFO - Started process (PID=5004) to work on /home/airflow/.local/lib/python3.8/site-packages/airflow/example_dags/example_branch_operator.py
[2024-02-14T20:47:57.778+0000] {processor.py:830} INFO - Processing file /home/airflow/.local/lib/python3.8/site-packages/airflow/example_dags/example_branch_operator.py for tasks to queue
[2024-02-14T20:47:57.781+0000] {logging_mixin.py:188} INFO - [2024-02-14T20:47:57.780+0000] {dagbag.py:538} INFO - Filling up the DagBag from /home/airflow/.local/lib/python3.8/site-packages/airflow/example_dags/example_branch_operator.py
[2024-02-14T20:47:57.821+0000] {processor.py:840} INFO - DAG(s) 'example_branch_operator' retrieved from /home/airflow/.local/lib/python3.8/site-packages/airflow/example_dags/example_branch_operator.py
[2024-02-14T20:47:57.883+0000] {logging_mixin.py:188} INFO - [2024-02-14T20:47:57.882+0000] {dag.py:3036} INFO - Sync 1 DAGs
[2024-02-14T20:47:57.946+0000] {logging_mixin.py:188} INFO - [2024-02-14T20:47:57.946+0000] {dag.py:3823} INFO - Setting next_dagrun for example_branch_operator to 2024-02-13 00:00:00+00:00, run_after=2024-02-14 00:00:00+00:00
[2024-02-14T20:47:57.990+0000] {processor.py:183} INFO - Processing /home/airflow/.local/lib/python3.8/site-packages/airflow/example_dags/example_branch_operator.py took 0.221 seconds
[2024-02-14T20:48:28.756+0000] {processor.py:161} INFO - Started process (PID=5253) to work on /home/airflow/.local/lib/python3.8/site-packages/airflow/example_dags/example_branch_operator.py
[2024-02-14T20:48:28.758+0000] {processor.py:830} INFO - Processing file /home/airflow/.local/lib/python3.8/site-packages/airflow/example_dags/example_branch_operator.py for tasks to queue
[2024-02-14T20:48:28.759+0000] {logging_mixin.py:188} INFO - [2024-02-14T20:48:28.759+0000] {dagbag.py:538} INFO - Filling up the DagBag from /home/airflow/.local/lib/python3.8/site-packages/airflow/example_dags/example_branch_operator.py
[2024-02-14T20:48:28.793+0000] {processor.py:840} INFO - DAG(s) 'example_branch_operator' retrieved from /home/airflow/.local/lib/python3.8/site-packages/airflow/example_dags/example_branch_operator.py
[2024-02-14T20:48:28.840+0000] {logging_mixin.py:188} INFO - [2024-02-14T20:48:28.840+0000] {dag.py:3036} INFO - Sync 1 DAGs
[2024-02-14T20:48:28.874+0000] {logging_mixin.py:188} INFO - [2024-02-14T20:48:28.874+0000] {dag.py:3823} INFO - Setting next_dagrun for example_branch_operator to 2024-02-13 00:00:00+00:00, run_after=2024-02-14 00:00:00+00:00
[2024-02-14T20:48:28.899+0000] {processor.py:183} INFO - Processing /home/airflow/.local/lib/python3.8/site-packages/airflow/example_dags/example_branch_operator.py took 0.150 seconds
[2024-02-14T20:48:59.216+0000] {processor.py:161} INFO - Started process (PID=5500) to work on /home/airflow/.local/lib/python3.8/site-packages/airflow/example_dags/example_branch_operator.py
[2024-02-14T20:48:59.218+0000] {processor.py:830} INFO - Processing file /home/airflow/.local/lib/python3.8/site-packages/airflow/example_dags/example_branch_operator.py for tasks to queue
[2024-02-14T20:48:59.219+0000] {logging_mixin.py:188} INFO - [2024-02-14T20:48:59.219+0000] {dagbag.py:538} INFO - Filling up the DagBag from /home/airflow/.local/lib/python3.8/site-packages/airflow/example_dags/example_branch_operator.py
[2024-02-14T20:48:59.250+0000] {processor.py:840} INFO - DAG(s) 'example_branch_operator' retrieved from /home/airflow/.local/lib/python3.8/site-packages/airflow/example_dags/example_branch_operator.py
[2024-02-14T20:48:59.302+0000] {logging_mixin.py:188} INFO - [2024-02-14T20:48:59.301+0000] {dag.py:3036} INFO - Sync 1 DAGs
[2024-02-14T20:48:59.336+0000] {logging_mixin.py:188} INFO - [2024-02-14T20:48:59.336+0000] {dag.py:3823} INFO - Setting next_dagrun for example_branch_operator to 2024-02-13 00:00:00+00:00, run_after=2024-02-14 00:00:00+00:00
[2024-02-14T20:48:59.362+0000] {processor.py:183} INFO - Processing /home/airflow/.local/lib/python3.8/site-packages/airflow/example_dags/example_branch_operator.py took 0.150 seconds
[2024-02-14T20:49:29.965+0000] {processor.py:161} INFO - Started process (PID=5748) to work on /home/airflow/.local/lib/python3.8/site-packages/airflow/example_dags/example_branch_operator.py
[2024-02-14T20:49:29.969+0000] {processor.py:830} INFO - Processing file /home/airflow/.local/lib/python3.8/site-packages/airflow/example_dags/example_branch_operator.py for tasks to queue
[2024-02-14T20:49:29.971+0000] {logging_mixin.py:188} INFO - [2024-02-14T20:49:29.970+0000] {dagbag.py:538} INFO - Filling up the DagBag from /home/airflow/.local/lib/python3.8/site-packages/airflow/example_dags/example_branch_operator.py
[2024-02-14T20:49:30.010+0000] {processor.py:840} INFO - DAG(s) 'example_branch_operator' retrieved from /home/airflow/.local/lib/python3.8/site-packages/airflow/example_dags/example_branch_operator.py
[2024-02-14T20:49:30.071+0000] {logging_mixin.py:188} INFO - [2024-02-14T20:49:30.070+0000] {dag.py:3036} INFO - Sync 1 DAGs
[2024-02-14T20:49:30.119+0000] {logging_mixin.py:188} INFO - [2024-02-14T20:49:30.118+0000] {dag.py:3823} INFO - Setting next_dagrun for example_branch_operator to 2024-02-13 00:00:00+00:00, run_after=2024-02-14 00:00:00+00:00
[2024-02-14T20:49:30.161+0000] {processor.py:183} INFO - Processing /home/airflow/.local/lib/python3.8/site-packages/airflow/example_dags/example_branch_operator.py took 0.201 seconds
[2024-02-14T20:50:00.415+0000] {processor.py:161} INFO - Started process (PID=5996) to work on /home/airflow/.local/lib/python3.8/site-packages/airflow/example_dags/example_branch_operator.py
[2024-02-14T20:50:00.419+0000] {processor.py:830} INFO - Processing file /home/airflow/.local/lib/python3.8/site-packages/airflow/example_dags/example_branch_operator.py for tasks to queue
[2024-02-14T20:50:00.420+0000] {logging_mixin.py:188} INFO - [2024-02-14T20:50:00.420+0000] {dagbag.py:538} INFO - Filling up the DagBag from /home/airflow/.local/lib/python3.8/site-packages/airflow/example_dags/example_branch_operator.py
[2024-02-14T20:50:00.455+0000] {processor.py:840} INFO - DAG(s) 'example_branch_operator' retrieved from /home/airflow/.local/lib/python3.8/site-packages/airflow/example_dags/example_branch_operator.py
[2024-02-14T20:50:00.510+0000] {logging_mixin.py:188} INFO - [2024-02-14T20:50:00.509+0000] {dag.py:3036} INFO - Sync 1 DAGs
[2024-02-14T20:50:00.558+0000] {logging_mixin.py:188} INFO - [2024-02-14T20:50:00.558+0000] {dag.py:3823} INFO - Setting next_dagrun for example_branch_operator to 2024-02-13 00:00:00+00:00, run_after=2024-02-14 00:00:00+00:00
[2024-02-14T20:50:00.604+0000] {processor.py:183} INFO - Processing /home/airflow/.local/lib/python3.8/site-packages/airflow/example_dags/example_branch_operator.py took 0.196 seconds
[2024-02-14T20:50:31.242+0000] {processor.py:161} INFO - Started process (PID=6243) to work on /home/airflow/.local/lib/python3.8/site-packages/airflow/example_dags/example_branch_operator.py
[2024-02-14T20:50:31.243+0000] {processor.py:830} INFO - Processing file /home/airflow/.local/lib/python3.8/site-packages/airflow/example_dags/example_branch_operator.py for tasks to queue
[2024-02-14T20:50:31.245+0000] {logging_mixin.py:188} INFO - [2024-02-14T20:50:31.244+0000] {dagbag.py:538} INFO - Filling up the DagBag from /home/airflow/.local/lib/python3.8/site-packages/airflow/example_dags/example_branch_operator.py
[2024-02-14T20:50:31.270+0000] {processor.py:840} INFO - DAG(s) 'example_branch_operator' retrieved from /home/airflow/.local/lib/python3.8/site-packages/airflow/example_dags/example_branch_operator.py
[2024-02-14T20:50:31.309+0000] {logging_mixin.py:188} INFO - [2024-02-14T20:50:31.308+0000] {dag.py:3036} INFO - Sync 1 DAGs
[2024-02-14T20:50:31.340+0000] {logging_mixin.py:188} INFO - [2024-02-14T20:50:31.340+0000] {dag.py:3823} INFO - Setting next_dagrun for example_branch_operator to 2024-02-13 00:00:00+00:00, run_after=2024-02-14 00:00:00+00:00
[2024-02-14T20:50:31.366+0000] {processor.py:183} INFO - Processing /home/airflow/.local/lib/python3.8/site-packages/airflow/example_dags/example_branch_operator.py took 0.129 seconds
[2024-02-14T20:51:01.785+0000] {processor.py:161} INFO - Started process (PID=6491) to work on /home/airflow/.local/lib/python3.8/site-packages/airflow/example_dags/example_branch_operator.py
[2024-02-14T20:51:01.787+0000] {processor.py:830} INFO - Processing file /home/airflow/.local/lib/python3.8/site-packages/airflow/example_dags/example_branch_operator.py for tasks to queue
[2024-02-14T20:51:01.795+0000] {logging_mixin.py:188} INFO - [2024-02-14T20:51:01.789+0000] {dagbag.py:538} INFO - Filling up the DagBag from /home/airflow/.local/lib/python3.8/site-packages/airflow/example_dags/example_branch_operator.py
[2024-02-14T20:51:01.833+0000] {processor.py:840} INFO - DAG(s) 'example_branch_operator' retrieved from /home/airflow/.local/lib/python3.8/site-packages/airflow/example_dags/example_branch_operator.py
[2024-02-14T20:51:01.897+0000] {logging_mixin.py:188} INFO - [2024-02-14T20:51:01.897+0000] {dag.py:3036} INFO - Sync 1 DAGs
[2024-02-14T20:51:01.936+0000] {logging_mixin.py:188} INFO - [2024-02-14T20:51:01.935+0000] {dag.py:3823} INFO - Setting next_dagrun for example_branch_operator to 2024-02-13 00:00:00+00:00, run_after=2024-02-14 00:00:00+00:00
[2024-02-14T20:51:01.968+0000] {processor.py:183} INFO - Processing /home/airflow/.local/lib/python3.8/site-packages/airflow/example_dags/example_branch_operator.py took 0.189 seconds
[2024-02-14T20:51:32.937+0000] {processor.py:161} INFO - Started process (PID=6739) to work on /home/airflow/.local/lib/python3.8/site-packages/airflow/example_dags/example_branch_operator.py
[2024-02-14T20:51:32.940+0000] {processor.py:830} INFO - Processing file /home/airflow/.local/lib/python3.8/site-packages/airflow/example_dags/example_branch_operator.py for tasks to queue
[2024-02-14T20:51:32.942+0000] {logging_mixin.py:188} INFO - [2024-02-14T20:51:32.941+0000] {dagbag.py:538} INFO - Filling up the DagBag from /home/airflow/.local/lib/python3.8/site-packages/airflow/example_dags/example_branch_operator.py
[2024-02-14T20:51:32.983+0000] {processor.py:840} INFO - DAG(s) 'example_branch_operator' retrieved from /home/airflow/.local/lib/python3.8/site-packages/airflow/example_dags/example_branch_operator.py
[2024-02-14T20:51:33.044+0000] {logging_mixin.py:188} INFO - [2024-02-14T20:51:33.044+0000] {dag.py:3036} INFO - Sync 1 DAGs
[2024-02-14T20:51:33.095+0000] {logging_mixin.py:188} INFO - [2024-02-14T20:51:33.095+0000] {dag.py:3823} INFO - Setting next_dagrun for example_branch_operator to 2024-02-13 00:00:00+00:00, run_after=2024-02-14 00:00:00+00:00
[2024-02-14T20:51:33.127+0000] {processor.py:183} INFO - Processing /home/airflow/.local/lib/python3.8/site-packages/airflow/example_dags/example_branch_operator.py took 0.197 seconds
[2024-02-14T20:52:03.292+0000] {processor.py:161} INFO - Started process (PID=6986) to work on /home/airflow/.local/lib/python3.8/site-packages/airflow/example_dags/example_branch_operator.py
[2024-02-14T20:52:03.294+0000] {processor.py:830} INFO - Processing file /home/airflow/.local/lib/python3.8/site-packages/airflow/example_dags/example_branch_operator.py for tasks to queue
[2024-02-14T20:52:03.295+0000] {logging_mixin.py:188} INFO - [2024-02-14T20:52:03.295+0000] {dagbag.py:538} INFO - Filling up the DagBag from /home/airflow/.local/lib/python3.8/site-packages/airflow/example_dags/example_branch_operator.py
[2024-02-14T20:52:03.323+0000] {processor.py:840} INFO - DAG(s) 'example_branch_operator' retrieved from /home/airflow/.local/lib/python3.8/site-packages/airflow/example_dags/example_branch_operator.py
[2024-02-14T20:52:03.366+0000] {logging_mixin.py:188} INFO - [2024-02-14T20:52:03.365+0000] {dag.py:3036} INFO - Sync 1 DAGs
[2024-02-14T20:52:03.407+0000] {logging_mixin.py:188} INFO - [2024-02-14T20:52:03.406+0000] {dag.py:3823} INFO - Setting next_dagrun for example_branch_operator to 2024-02-13 00:00:00+00:00, run_after=2024-02-14 00:00:00+00:00
[2024-02-14T20:52:03.448+0000] {processor.py:183} INFO - Processing /home/airflow/.local/lib/python3.8/site-packages/airflow/example_dags/example_branch_operator.py took 0.161 seconds
[2024-02-14T20:52:34.818+0000] {processor.py:161} INFO - Started process (PID=7231) to work on /home/airflow/.local/lib/python3.8/site-packages/airflow/example_dags/example_branch_operator.py
[2024-02-14T20:52:34.820+0000] {processor.py:830} INFO - Processing file /home/airflow/.local/lib/python3.8/site-packages/airflow/example_dags/example_branch_operator.py for tasks to queue
[2024-02-14T20:52:34.822+0000] {logging_mixin.py:188} INFO - [2024-02-14T20:52:34.821+0000] {dagbag.py:538} INFO - Filling up the DagBag from /home/airflow/.local/lib/python3.8/site-packages/airflow/example_dags/example_branch_operator.py
[2024-02-14T20:52:34.868+0000] {processor.py:840} INFO - DAG(s) 'example_branch_operator' retrieved from /home/airflow/.local/lib/python3.8/site-packages/airflow/example_dags/example_branch_operator.py
[2024-02-14T20:52:34.935+0000] {logging_mixin.py:188} INFO - [2024-02-14T20:52:34.934+0000] {dag.py:3036} INFO - Sync 1 DAGs
[2024-02-14T20:52:34.988+0000] {logging_mixin.py:188} INFO - [2024-02-14T20:52:34.988+0000] {dag.py:3823} INFO - Setting next_dagrun for example_branch_operator to 2024-02-13 00:00:00+00:00, run_after=2024-02-14 00:00:00+00:00
[2024-02-14T20:52:35.035+0000] {processor.py:183} INFO - Processing /home/airflow/.local/lib/python3.8/site-packages/airflow/example_dags/example_branch_operator.py took 0.225 seconds
[2024-02-14T20:53:05.162+0000] {processor.py:161} INFO - Started process (PID=7478) to work on /home/airflow/.local/lib/python3.8/site-packages/airflow/example_dags/example_branch_operator.py
[2024-02-14T20:53:05.165+0000] {processor.py:830} INFO - Processing file /home/airflow/.local/lib/python3.8/site-packages/airflow/example_dags/example_branch_operator.py for tasks to queue
[2024-02-14T20:53:05.167+0000] {logging_mixin.py:188} INFO - [2024-02-14T20:53:05.166+0000] {dagbag.py:538} INFO - Filling up the DagBag from /home/airflow/.local/lib/python3.8/site-packages/airflow/example_dags/example_branch_operator.py
[2024-02-14T20:53:05.201+0000] {processor.py:840} INFO - DAG(s) 'example_branch_operator' retrieved from /home/airflow/.local/lib/python3.8/site-packages/airflow/example_dags/example_branch_operator.py
[2024-02-14T20:53:05.269+0000] {logging_mixin.py:188} INFO - [2024-02-14T20:53:05.269+0000] {dag.py:3036} INFO - Sync 1 DAGs
[2024-02-14T20:53:05.369+0000] {logging_mixin.py:188} INFO - [2024-02-14T20:53:05.368+0000] {dag.py:3823} INFO - Setting next_dagrun for example_branch_operator to 2024-02-13 00:00:00+00:00, run_after=2024-02-14 00:00:00+00:00
[2024-02-14T20:53:05.443+0000] {processor.py:183} INFO - Processing /home/airflow/.local/lib/python3.8/site-packages/airflow/example_dags/example_branch_operator.py took 0.288 seconds
[2024-02-14T20:53:36.125+0000] {processor.py:161} INFO - Started process (PID=7725) to work on /home/airflow/.local/lib/python3.8/site-packages/airflow/example_dags/example_branch_operator.py
[2024-02-14T20:53:36.127+0000] {processor.py:830} INFO - Processing file /home/airflow/.local/lib/python3.8/site-packages/airflow/example_dags/example_branch_operator.py for tasks to queue
[2024-02-14T20:53:36.128+0000] {logging_mixin.py:188} INFO - [2024-02-14T20:53:36.128+0000] {dagbag.py:538} INFO - Filling up the DagBag from /home/airflow/.local/lib/python3.8/site-packages/airflow/example_dags/example_branch_operator.py
[2024-02-14T20:53:36.162+0000] {processor.py:840} INFO - DAG(s) 'example_branch_operator' retrieved from /home/airflow/.local/lib/python3.8/site-packages/airflow/example_dags/example_branch_operator.py
[2024-02-14T20:53:36.215+0000] {logging_mixin.py:188} INFO - [2024-02-14T20:53:36.215+0000] {dag.py:3036} INFO - Sync 1 DAGs
[2024-02-14T20:53:36.265+0000] {logging_mixin.py:188} INFO - [2024-02-14T20:53:36.265+0000] {dag.py:3823} INFO - Setting next_dagrun for example_branch_operator to 2024-02-13 00:00:00+00:00, run_after=2024-02-14 00:00:00+00:00
[2024-02-14T20:53:36.304+0000] {processor.py:183} INFO - Processing /home/airflow/.local/lib/python3.8/site-packages/airflow/example_dags/example_branch_operator.py took 0.185 seconds
[2024-02-14T20:54:06.426+0000] {processor.py:161} INFO - Started process (PID=7969) to work on /home/airflow/.local/lib/python3.8/site-packages/airflow/example_dags/example_branch_operator.py
[2024-02-14T20:54:06.428+0000] {processor.py:830} INFO - Processing file /home/airflow/.local/lib/python3.8/site-packages/airflow/example_dags/example_branch_operator.py for tasks to queue
[2024-02-14T20:54:06.429+0000] {logging_mixin.py:188} INFO - [2024-02-14T20:54:06.429+0000] {dagbag.py:538} INFO - Filling up the DagBag from /home/airflow/.local/lib/python3.8/site-packages/airflow/example_dags/example_branch_operator.py
[2024-02-14T20:54:06.478+0000] {processor.py:840} INFO - DAG(s) 'example_branch_operator' retrieved from /home/airflow/.local/lib/python3.8/site-packages/airflow/example_dags/example_branch_operator.py
[2024-02-14T20:54:06.541+0000] {logging_mixin.py:188} INFO - [2024-02-14T20:54:06.540+0000] {dag.py:3036} INFO - Sync 1 DAGs
[2024-02-14T20:54:06.582+0000] {logging_mixin.py:188} INFO - [2024-02-14T20:54:06.582+0000] {dag.py:3823} INFO - Setting next_dagrun for example_branch_operator to 2024-02-13 00:00:00+00:00, run_after=2024-02-14 00:00:00+00:00
[2024-02-14T20:54:06.619+0000] {processor.py:183} INFO - Processing /home/airflow/.local/lib/python3.8/site-packages/airflow/example_dags/example_branch_operator.py took 0.198 seconds
[2024-02-14T20:54:36.801+0000] {processor.py:161} INFO - Started process (PID=8216) to work on /home/airflow/.local/lib/python3.8/site-packages/airflow/example_dags/example_branch_operator.py
[2024-02-14T20:54:36.803+0000] {processor.py:830} INFO - Processing file /home/airflow/.local/lib/python3.8/site-packages/airflow/example_dags/example_branch_operator.py for tasks to queue
[2024-02-14T20:54:36.805+0000] {logging_mixin.py:188} INFO - [2024-02-14T20:54:36.805+0000] {dagbag.py:538} INFO - Filling up the DagBag from /home/airflow/.local/lib/python3.8/site-packages/airflow/example_dags/example_branch_operator.py
[2024-02-14T20:54:36.832+0000] {processor.py:840} INFO - DAG(s) 'example_branch_operator' retrieved from /home/airflow/.local/lib/python3.8/site-packages/airflow/example_dags/example_branch_operator.py
[2024-02-14T20:54:36.877+0000] {logging_mixin.py:188} INFO - [2024-02-14T20:54:36.877+0000] {dag.py:3036} INFO - Sync 1 DAGs
[2024-02-14T20:54:36.914+0000] {logging_mixin.py:188} INFO - [2024-02-14T20:54:36.914+0000] {dag.py:3823} INFO - Setting next_dagrun for example_branch_operator to 2024-02-13 00:00:00+00:00, run_after=2024-02-14 00:00:00+00:00
[2024-02-14T20:54:36.991+0000] {processor.py:183} INFO - Processing /home/airflow/.local/lib/python3.8/site-packages/airflow/example_dags/example_branch_operator.py took 0.195 seconds
[2024-02-14T20:55:07.151+0000] {processor.py:161} INFO - Started process (PID=8463) to work on /home/airflow/.local/lib/python3.8/site-packages/airflow/example_dags/example_branch_operator.py
[2024-02-14T20:55:07.154+0000] {processor.py:830} INFO - Processing file /home/airflow/.local/lib/python3.8/site-packages/airflow/example_dags/example_branch_operator.py for tasks to queue
[2024-02-14T20:55:07.156+0000] {logging_mixin.py:188} INFO - [2024-02-14T20:55:07.155+0000] {dagbag.py:538} INFO - Filling up the DagBag from /home/airflow/.local/lib/python3.8/site-packages/airflow/example_dags/example_branch_operator.py
[2024-02-14T20:55:07.198+0000] {processor.py:840} INFO - DAG(s) 'example_branch_operator' retrieved from /home/airflow/.local/lib/python3.8/site-packages/airflow/example_dags/example_branch_operator.py
[2024-02-14T20:55:07.262+0000] {logging_mixin.py:188} INFO - [2024-02-14T20:55:07.262+0000] {dag.py:3036} INFO - Sync 1 DAGs
[2024-02-14T20:55:07.304+0000] {logging_mixin.py:188} INFO - [2024-02-14T20:55:07.304+0000] {dag.py:3823} INFO - Setting next_dagrun for example_branch_operator to 2024-02-13 00:00:00+00:00, run_after=2024-02-14 00:00:00+00:00
[2024-02-14T20:55:07.332+0000] {processor.py:183} INFO - Processing /home/airflow/.local/lib/python3.8/site-packages/airflow/example_dags/example_branch_operator.py took 0.188 seconds
[2024-02-14T20:55:37.803+0000] {processor.py:161} INFO - Started process (PID=8708) to work on /home/airflow/.local/lib/python3.8/site-packages/airflow/example_dags/example_branch_operator.py
[2024-02-14T20:55:37.804+0000] {processor.py:830} INFO - Processing file /home/airflow/.local/lib/python3.8/site-packages/airflow/example_dags/example_branch_operator.py for tasks to queue
[2024-02-14T20:55:37.806+0000] {logging_mixin.py:188} INFO - [2024-02-14T20:55:37.805+0000] {dagbag.py:538} INFO - Filling up the DagBag from /home/airflow/.local/lib/python3.8/site-packages/airflow/example_dags/example_branch_operator.py
[2024-02-14T20:55:37.831+0000] {processor.py:840} INFO - DAG(s) 'example_branch_operator' retrieved from /home/airflow/.local/lib/python3.8/site-packages/airflow/example_dags/example_branch_operator.py
[2024-02-14T20:55:37.872+0000] {logging_mixin.py:188} INFO - [2024-02-14T20:55:37.872+0000] {dag.py:3036} INFO - Sync 1 DAGs
[2024-02-14T20:55:37.904+0000] {logging_mixin.py:188} INFO - [2024-02-14T20:55:37.904+0000] {dag.py:3823} INFO - Setting next_dagrun for example_branch_operator to 2024-02-13 00:00:00+00:00, run_after=2024-02-14 00:00:00+00:00
[2024-02-14T20:55:37.935+0000] {processor.py:183} INFO - Processing /home/airflow/.local/lib/python3.8/site-packages/airflow/example_dags/example_branch_operator.py took 0.137 seconds
[2024-02-14T20:56:09.009+0000] {processor.py:161} INFO - Started process (PID=8957) to work on /home/airflow/.local/lib/python3.8/site-packages/airflow/example_dags/example_branch_operator.py
[2024-02-14T20:56:09.013+0000] {processor.py:830} INFO - Processing file /home/airflow/.local/lib/python3.8/site-packages/airflow/example_dags/example_branch_operator.py for tasks to queue
[2024-02-14T20:56:09.017+0000] {logging_mixin.py:188} INFO - [2024-02-14T20:56:09.016+0000] {dagbag.py:538} INFO - Filling up the DagBag from /home/airflow/.local/lib/python3.8/site-packages/airflow/example_dags/example_branch_operator.py
[2024-02-14T20:56:09.152+0000] {processor.py:840} INFO - DAG(s) 'example_branch_operator' retrieved from /home/airflow/.local/lib/python3.8/site-packages/airflow/example_dags/example_branch_operator.py
[2024-02-14T20:56:09.244+0000] {logging_mixin.py:188} INFO - [2024-02-14T20:56:09.244+0000] {dag.py:3036} INFO - Sync 1 DAGs
[2024-02-14T20:56:09.286+0000] {logging_mixin.py:188} INFO - [2024-02-14T20:56:09.285+0000] {dag.py:3823} INFO - Setting next_dagrun for example_branch_operator to 2024-02-13 00:00:00+00:00, run_after=2024-02-14 00:00:00+00:00
[2024-02-14T20:56:09.320+0000] {processor.py:183} INFO - Processing /home/airflow/.local/lib/python3.8/site-packages/airflow/example_dags/example_branch_operator.py took 0.325 seconds
[2024-02-14T20:56:40.316+0000] {processor.py:161} INFO - Started process (PID=9203) to work on /home/airflow/.local/lib/python3.8/site-packages/airflow/example_dags/example_branch_operator.py
[2024-02-14T20:56:40.318+0000] {processor.py:830} INFO - Processing file /home/airflow/.local/lib/python3.8/site-packages/airflow/example_dags/example_branch_operator.py for tasks to queue
[2024-02-14T20:56:40.321+0000] {logging_mixin.py:188} INFO - [2024-02-14T20:56:40.320+0000] {dagbag.py:538} INFO - Filling up the DagBag from /home/airflow/.local/lib/python3.8/site-packages/airflow/example_dags/example_branch_operator.py
[2024-02-14T20:56:40.360+0000] {processor.py:840} INFO - DAG(s) 'example_branch_operator' retrieved from /home/airflow/.local/lib/python3.8/site-packages/airflow/example_dags/example_branch_operator.py
[2024-02-14T20:56:40.404+0000] {logging_mixin.py:188} INFO - [2024-02-14T20:56:40.404+0000] {dag.py:3036} INFO - Sync 1 DAGs
[2024-02-14T20:56:40.441+0000] {logging_mixin.py:188} INFO - [2024-02-14T20:56:40.441+0000] {dag.py:3823} INFO - Setting next_dagrun for example_branch_operator to 2024-02-13 00:00:00+00:00, run_after=2024-02-14 00:00:00+00:00
[2024-02-14T20:56:40.477+0000] {processor.py:183} INFO - Processing /home/airflow/.local/lib/python3.8/site-packages/airflow/example_dags/example_branch_operator.py took 0.171 seconds
[2024-02-14T20:57:10.895+0000] {processor.py:161} INFO - Started process (PID=9448) to work on /home/airflow/.local/lib/python3.8/site-packages/airflow/example_dags/example_branch_operator.py
[2024-02-14T20:57:10.900+0000] {processor.py:830} INFO - Processing file /home/airflow/.local/lib/python3.8/site-packages/airflow/example_dags/example_branch_operator.py for tasks to queue
[2024-02-14T20:57:10.906+0000] {logging_mixin.py:188} INFO - [2024-02-14T20:57:10.904+0000] {dagbag.py:538} INFO - Filling up the DagBag from /home/airflow/.local/lib/python3.8/site-packages/airflow/example_dags/example_branch_operator.py
[2024-02-14T20:57:11.008+0000] {processor.py:840} INFO - DAG(s) 'example_branch_operator' retrieved from /home/airflow/.local/lib/python3.8/site-packages/airflow/example_dags/example_branch_operator.py
[2024-02-14T20:57:11.137+0000] {logging_mixin.py:188} INFO - [2024-02-14T20:57:11.137+0000] {dag.py:3036} INFO - Sync 1 DAGs
[2024-02-14T20:57:11.243+0000] {logging_mixin.py:188} INFO - [2024-02-14T20:57:11.242+0000] {dag.py:3823} INFO - Setting next_dagrun for example_branch_operator to 2024-02-13 00:00:00+00:00, run_after=2024-02-14 00:00:00+00:00
[2024-02-14T20:57:11.320+0000] {processor.py:183} INFO - Processing /home/airflow/.local/lib/python3.8/site-packages/airflow/example_dags/example_branch_operator.py took 0.443 seconds
[2024-02-14T20:57:41.663+0000] {processor.py:161} INFO - Started process (PID=9697) to work on /home/airflow/.local/lib/python3.8/site-packages/airflow/example_dags/example_branch_operator.py
[2024-02-14T20:57:41.666+0000] {processor.py:830} INFO - Processing file /home/airflow/.local/lib/python3.8/site-packages/airflow/example_dags/example_branch_operator.py for tasks to queue
[2024-02-14T20:57:41.668+0000] {logging_mixin.py:188} INFO - [2024-02-14T20:57:41.667+0000] {dagbag.py:538} INFO - Filling up the DagBag from /home/airflow/.local/lib/python3.8/site-packages/airflow/example_dags/example_branch_operator.py
[2024-02-14T20:57:41.716+0000] {processor.py:840} INFO - DAG(s) 'example_branch_operator' retrieved from /home/airflow/.local/lib/python3.8/site-packages/airflow/example_dags/example_branch_operator.py
[2024-02-14T20:57:41.794+0000] {logging_mixin.py:188} INFO - [2024-02-14T20:57:41.794+0000] {dag.py:3036} INFO - Sync 1 DAGs
[2024-02-14T20:57:41.869+0000] {logging_mixin.py:188} INFO - [2024-02-14T20:57:41.868+0000] {dag.py:3823} INFO - Setting next_dagrun for example_branch_operator to 2024-02-13 00:00:00+00:00, run_after=2024-02-14 00:00:00+00:00
[2024-02-14T20:57:41.925+0000] {processor.py:183} INFO - Processing /home/airflow/.local/lib/python3.8/site-packages/airflow/example_dags/example_branch_operator.py took 0.270 seconds
