[2024-02-14T20:38:03.096+0000] {processor.py:161} INFO - Started process (PID=171) to work on /home/airflow/.local/lib/python3.8/site-packages/airflow/example_dags/example_short_circuit_operator.py
[2024-02-14T20:38:03.115+0000] {processor.py:830} INFO - Processing file /home/airflow/.local/lib/python3.8/site-packages/airflow/example_dags/example_short_circuit_operator.py for tasks to queue
[2024-02-14T20:38:03.123+0000] {logging_mixin.py:188} INFO - [2024-02-14T20:38:03.122+0000] {dagbag.py:538} INFO - Filling up the DagBag from /home/airflow/.local/lib/python3.8/site-packages/airflow/example_dags/example_short_circuit_operator.py
[2024-02-14T20:38:03.248+0000] {processor.py:840} INFO - DAG(s) 'example_short_circuit_operator' retrieved from /home/airflow/.local/lib/python3.8/site-packages/airflow/example_dags/example_short_circuit_operator.py
[2024-02-14T20:38:03.832+0000] {logging_mixin.py:188} INFO - [2024-02-14T20:38:03.831+0000] {dag.py:3036} INFO - Sync 1 DAGs
[2024-02-14T20:38:03.860+0000] {logging_mixin.py:188} INFO - [2024-02-14T20:38:03.860+0000] {dag.py:3823} INFO - Setting next_dagrun for example_short_circuit_operator to 2024-02-13 00:00:00+00:00, run_after=2024-02-14 00:00:00+00:00
[2024-02-14T20:38:03.912+0000] {processor.py:183} INFO - Processing /home/airflow/.local/lib/python3.8/site-packages/airflow/example_dags/example_short_circuit_operator.py took 0.840 seconds
[2024-02-14T20:38:34.643+0000] {processor.py:161} INFO - Started process (PID=420) to work on /home/airflow/.local/lib/python3.8/site-packages/airflow/example_dags/example_short_circuit_operator.py
[2024-02-14T20:38:34.645+0000] {processor.py:830} INFO - Processing file /home/airflow/.local/lib/python3.8/site-packages/airflow/example_dags/example_short_circuit_operator.py for tasks to queue
[2024-02-14T20:38:34.647+0000] {logging_mixin.py:188} INFO - [2024-02-14T20:38:34.646+0000] {dagbag.py:538} INFO - Filling up the DagBag from /home/airflow/.local/lib/python3.8/site-packages/airflow/example_dags/example_short_circuit_operator.py
[2024-02-14T20:38:34.664+0000] {processor.py:840} INFO - DAG(s) 'example_short_circuit_operator' retrieved from /home/airflow/.local/lib/python3.8/site-packages/airflow/example_dags/example_short_circuit_operator.py
[2024-02-14T20:38:34.701+0000] {logging_mixin.py:188} INFO - [2024-02-14T20:38:34.701+0000] {dag.py:3036} INFO - Sync 1 DAGs
[2024-02-14T20:38:34.746+0000] {logging_mixin.py:188} INFO - [2024-02-14T20:38:34.746+0000] {dag.py:3823} INFO - Setting next_dagrun for example_short_circuit_operator to 2024-02-13 00:00:00+00:00, run_after=2024-02-14 00:00:00+00:00
[2024-02-14T20:38:34.793+0000] {processor.py:183} INFO - Processing /home/airflow/.local/lib/python3.8/site-packages/airflow/example_dags/example_short_circuit_operator.py took 0.155 seconds
[2024-02-14T20:39:05.095+0000] {processor.py:161} INFO - Started process (PID=667) to work on /home/airflow/.local/lib/python3.8/site-packages/airflow/example_dags/example_short_circuit_operator.py
[2024-02-14T20:39:05.099+0000] {processor.py:830} INFO - Processing file /home/airflow/.local/lib/python3.8/site-packages/airflow/example_dags/example_short_circuit_operator.py for tasks to queue
[2024-02-14T20:39:05.102+0000] {logging_mixin.py:188} INFO - [2024-02-14T20:39:05.101+0000] {dagbag.py:538} INFO - Filling up the DagBag from /home/airflow/.local/lib/python3.8/site-packages/airflow/example_dags/example_short_circuit_operator.py
[2024-02-14T20:39:05.132+0000] {processor.py:840} INFO - DAG(s) 'example_short_circuit_operator' retrieved from /home/airflow/.local/lib/python3.8/site-packages/airflow/example_dags/example_short_circuit_operator.py
[2024-02-14T20:39:05.212+0000] {logging_mixin.py:188} INFO - [2024-02-14T20:39:05.211+0000] {dag.py:3036} INFO - Sync 1 DAGs
[2024-02-14T20:39:05.299+0000] {logging_mixin.py:188} INFO - [2024-02-14T20:39:05.298+0000] {dag.py:3823} INFO - Setting next_dagrun for example_short_circuit_operator to 2024-02-13 00:00:00+00:00, run_after=2024-02-14 00:00:00+00:00
[2024-02-14T20:39:05.363+0000] {processor.py:183} INFO - Processing /home/airflow/.local/lib/python3.8/site-packages/airflow/example_dags/example_short_circuit_operator.py took 0.280 seconds
[2024-02-14T20:39:35.623+0000] {processor.py:161} INFO - Started process (PID=914) to work on /home/airflow/.local/lib/python3.8/site-packages/airflow/example_dags/example_short_circuit_operator.py
[2024-02-14T20:39:35.626+0000] {processor.py:830} INFO - Processing file /home/airflow/.local/lib/python3.8/site-packages/airflow/example_dags/example_short_circuit_operator.py for tasks to queue
[2024-02-14T20:39:35.630+0000] {logging_mixin.py:188} INFO - [2024-02-14T20:39:35.629+0000] {dagbag.py:538} INFO - Filling up the DagBag from /home/airflow/.local/lib/python3.8/site-packages/airflow/example_dags/example_short_circuit_operator.py
[2024-02-14T20:39:35.660+0000] {processor.py:840} INFO - DAG(s) 'example_short_circuit_operator' retrieved from /home/airflow/.local/lib/python3.8/site-packages/airflow/example_dags/example_short_circuit_operator.py
[2024-02-14T20:39:35.711+0000] {logging_mixin.py:188} INFO - [2024-02-14T20:39:35.711+0000] {dag.py:3036} INFO - Sync 1 DAGs
[2024-02-14T20:39:35.758+0000] {logging_mixin.py:188} INFO - [2024-02-14T20:39:35.758+0000] {dag.py:3823} INFO - Setting next_dagrun for example_short_circuit_operator to 2024-02-13 00:00:00+00:00, run_after=2024-02-14 00:00:00+00:00
[2024-02-14T20:39:35.804+0000] {processor.py:183} INFO - Processing /home/airflow/.local/lib/python3.8/site-packages/airflow/example_dags/example_short_circuit_operator.py took 0.202 seconds
[2024-02-14T20:40:06.067+0000] {processor.py:161} INFO - Started process (PID=1161) to work on /home/airflow/.local/lib/python3.8/site-packages/airflow/example_dags/example_short_circuit_operator.py
[2024-02-14T20:40:06.069+0000] {processor.py:830} INFO - Processing file /home/airflow/.local/lib/python3.8/site-packages/airflow/example_dags/example_short_circuit_operator.py for tasks to queue
[2024-02-14T20:40:06.072+0000] {logging_mixin.py:188} INFO - [2024-02-14T20:40:06.071+0000] {dagbag.py:538} INFO - Filling up the DagBag from /home/airflow/.local/lib/python3.8/site-packages/airflow/example_dags/example_short_circuit_operator.py
[2024-02-14T20:40:06.103+0000] {processor.py:840} INFO - DAG(s) 'example_short_circuit_operator' retrieved from /home/airflow/.local/lib/python3.8/site-packages/airflow/example_dags/example_short_circuit_operator.py
[2024-02-14T20:40:06.169+0000] {logging_mixin.py:188} INFO - [2024-02-14T20:40:06.168+0000] {dag.py:3036} INFO - Sync 1 DAGs
[2024-02-14T20:40:06.251+0000] {logging_mixin.py:188} INFO - [2024-02-14T20:40:06.250+0000] {dag.py:3823} INFO - Setting next_dagrun for example_short_circuit_operator to 2024-02-13 00:00:00+00:00, run_after=2024-02-14 00:00:00+00:00
[2024-02-14T20:40:06.321+0000] {processor.py:183} INFO - Processing /home/airflow/.local/lib/python3.8/site-packages/airflow/example_dags/example_short_circuit_operator.py took 0.266 seconds
[2024-02-14T20:40:36.627+0000] {processor.py:161} INFO - Started process (PID=1412) to work on /home/airflow/.local/lib/python3.8/site-packages/airflow/example_dags/example_short_circuit_operator.py
[2024-02-14T20:40:36.629+0000] {processor.py:830} INFO - Processing file /home/airflow/.local/lib/python3.8/site-packages/airflow/example_dags/example_short_circuit_operator.py for tasks to queue
[2024-02-14T20:40:36.630+0000] {logging_mixin.py:188} INFO - [2024-02-14T20:40:36.630+0000] {dagbag.py:538} INFO - Filling up the DagBag from /home/airflow/.local/lib/python3.8/site-packages/airflow/example_dags/example_short_circuit_operator.py
[2024-02-14T20:40:36.643+0000] {processor.py:840} INFO - DAG(s) 'example_short_circuit_operator' retrieved from /home/airflow/.local/lib/python3.8/site-packages/airflow/example_dags/example_short_circuit_operator.py
[2024-02-14T20:40:36.689+0000] {logging_mixin.py:188} INFO - [2024-02-14T20:40:36.689+0000] {dag.py:3036} INFO - Sync 1 DAGs
[2024-02-14T20:40:36.737+0000] {logging_mixin.py:188} INFO - [2024-02-14T20:40:36.737+0000] {dag.py:3823} INFO - Setting next_dagrun for example_short_circuit_operator to 2024-02-13 00:00:00+00:00, run_after=2024-02-14 00:00:00+00:00
[2024-02-14T20:40:36.781+0000] {processor.py:183} INFO - Processing /home/airflow/.local/lib/python3.8/site-packages/airflow/example_dags/example_short_circuit_operator.py took 0.161 seconds
[2024-02-14T20:41:06.946+0000] {processor.py:161} INFO - Started process (PID=1654) to work on /home/airflow/.local/lib/python3.8/site-packages/airflow/example_dags/example_short_circuit_operator.py
[2024-02-14T20:41:06.952+0000] {processor.py:830} INFO - Processing file /home/airflow/.local/lib/python3.8/site-packages/airflow/example_dags/example_short_circuit_operator.py for tasks to queue
[2024-02-14T20:41:06.957+0000] {logging_mixin.py:188} INFO - [2024-02-14T20:41:06.955+0000] {dagbag.py:538} INFO - Filling up the DagBag from /home/airflow/.local/lib/python3.8/site-packages/airflow/example_dags/example_short_circuit_operator.py
[2024-02-14T20:41:06.994+0000] {processor.py:840} INFO - DAG(s) 'example_short_circuit_operator' retrieved from /home/airflow/.local/lib/python3.8/site-packages/airflow/example_dags/example_short_circuit_operator.py
[2024-02-14T20:41:07.108+0000] {logging_mixin.py:188} INFO - [2024-02-14T20:41:07.107+0000] {dag.py:3036} INFO - Sync 1 DAGs
[2024-02-14T20:41:07.382+0000] {logging_mixin.py:188} INFO - [2024-02-14T20:41:07.380+0000] {dag.py:3823} INFO - Setting next_dagrun for example_short_circuit_operator to 2024-02-13 00:00:00+00:00, run_after=2024-02-14 00:00:00+00:00
[2024-02-14T20:41:07.432+0000] {processor.py:183} INFO - Processing /home/airflow/.local/lib/python3.8/site-packages/airflow/example_dags/example_short_circuit_operator.py took 0.501 seconds
[2024-02-14T20:41:38.031+0000] {processor.py:161} INFO - Started process (PID=1901) to work on /home/airflow/.local/lib/python3.8/site-packages/airflow/example_dags/example_short_circuit_operator.py
[2024-02-14T20:41:38.034+0000] {processor.py:830} INFO - Processing file /home/airflow/.local/lib/python3.8/site-packages/airflow/example_dags/example_short_circuit_operator.py for tasks to queue
[2024-02-14T20:41:38.038+0000] {logging_mixin.py:188} INFO - [2024-02-14T20:41:38.037+0000] {dagbag.py:538} INFO - Filling up the DagBag from /home/airflow/.local/lib/python3.8/site-packages/airflow/example_dags/example_short_circuit_operator.py
[2024-02-14T20:41:38.067+0000] {processor.py:840} INFO - DAG(s) 'example_short_circuit_operator' retrieved from /home/airflow/.local/lib/python3.8/site-packages/airflow/example_dags/example_short_circuit_operator.py
[2024-02-14T20:41:38.164+0000] {logging_mixin.py:188} INFO - [2024-02-14T20:41:38.163+0000] {dag.py:3036} INFO - Sync 1 DAGs
[2024-02-14T20:41:38.243+0000] {logging_mixin.py:188} INFO - [2024-02-14T20:41:38.242+0000] {dag.py:3823} INFO - Setting next_dagrun for example_short_circuit_operator to 2024-02-13 00:00:00+00:00, run_after=2024-02-14 00:00:00+00:00
[2024-02-14T20:41:38.310+0000] {processor.py:183} INFO - Processing /home/airflow/.local/lib/python3.8/site-packages/airflow/example_dags/example_short_circuit_operator.py took 0.291 seconds
[2024-02-14T20:42:08.779+0000] {processor.py:161} INFO - Started process (PID=2148) to work on /home/airflow/.local/lib/python3.8/site-packages/airflow/example_dags/example_short_circuit_operator.py
[2024-02-14T20:42:08.783+0000] {processor.py:830} INFO - Processing file /home/airflow/.local/lib/python3.8/site-packages/airflow/example_dags/example_short_circuit_operator.py for tasks to queue
[2024-02-14T20:42:08.788+0000] {logging_mixin.py:188} INFO - [2024-02-14T20:42:08.787+0000] {dagbag.py:538} INFO - Filling up the DagBag from /home/airflow/.local/lib/python3.8/site-packages/airflow/example_dags/example_short_circuit_operator.py
[2024-02-14T20:42:08.824+0000] {processor.py:840} INFO - DAG(s) 'example_short_circuit_operator' retrieved from /home/airflow/.local/lib/python3.8/site-packages/airflow/example_dags/example_short_circuit_operator.py
[2024-02-14T20:42:08.939+0000] {logging_mixin.py:188} INFO - [2024-02-14T20:42:08.939+0000] {dag.py:3036} INFO - Sync 1 DAGs
[2024-02-14T20:42:08.983+0000] {logging_mixin.py:188} INFO - [2024-02-14T20:42:08.982+0000] {dag.py:3823} INFO - Setting next_dagrun for example_short_circuit_operator to 2024-02-13 00:00:00+00:00, run_after=2024-02-14 00:00:00+00:00
[2024-02-14T20:42:09.019+0000] {processor.py:183} INFO - Processing /home/airflow/.local/lib/python3.8/site-packages/airflow/example_dags/example_short_circuit_operator.py took 0.255 seconds
[2024-02-14T20:42:39.640+0000] {processor.py:161} INFO - Started process (PID=2395) to work on /home/airflow/.local/lib/python3.8/site-packages/airflow/example_dags/example_short_circuit_operator.py
[2024-02-14T20:42:39.645+0000] {processor.py:830} INFO - Processing file /home/airflow/.local/lib/python3.8/site-packages/airflow/example_dags/example_short_circuit_operator.py for tasks to queue
[2024-02-14T20:42:39.650+0000] {logging_mixin.py:188} INFO - [2024-02-14T20:42:39.648+0000] {dagbag.py:538} INFO - Filling up the DagBag from /home/airflow/.local/lib/python3.8/site-packages/airflow/example_dags/example_short_circuit_operator.py
[2024-02-14T20:42:39.687+0000] {processor.py:840} INFO - DAG(s) 'example_short_circuit_operator' retrieved from /home/airflow/.local/lib/python3.8/site-packages/airflow/example_dags/example_short_circuit_operator.py
[2024-02-14T20:42:39.853+0000] {logging_mixin.py:188} INFO - [2024-02-14T20:42:39.852+0000] {dag.py:3036} INFO - Sync 1 DAGs
[2024-02-14T20:42:39.965+0000] {logging_mixin.py:188} INFO - [2024-02-14T20:42:39.964+0000] {dag.py:3823} INFO - Setting next_dagrun for example_short_circuit_operator to 2024-02-13 00:00:00+00:00, run_after=2024-02-14 00:00:00+00:00
[2024-02-14T20:42:40.070+0000] {processor.py:183} INFO - Processing /home/airflow/.local/lib/python3.8/site-packages/airflow/example_dags/example_short_circuit_operator.py took 0.445 seconds
[2024-02-14T20:43:10.586+0000] {processor.py:161} INFO - Started process (PID=2643) to work on /home/airflow/.local/lib/python3.8/site-packages/airflow/example_dags/example_short_circuit_operator.py
[2024-02-14T20:43:10.601+0000] {processor.py:830} INFO - Processing file /home/airflow/.local/lib/python3.8/site-packages/airflow/example_dags/example_short_circuit_operator.py for tasks to queue
[2024-02-14T20:43:10.605+0000] {logging_mixin.py:188} INFO - [2024-02-14T20:43:10.604+0000] {dagbag.py:538} INFO - Filling up the DagBag from /home/airflow/.local/lib/python3.8/site-packages/airflow/example_dags/example_short_circuit_operator.py
[2024-02-14T20:43:10.643+0000] {processor.py:840} INFO - DAG(s) 'example_short_circuit_operator' retrieved from /home/airflow/.local/lib/python3.8/site-packages/airflow/example_dags/example_short_circuit_operator.py
[2024-02-14T20:43:10.727+0000] {logging_mixin.py:188} INFO - [2024-02-14T20:43:10.727+0000] {dag.py:3036} INFO - Sync 1 DAGs
[2024-02-14T20:43:10.763+0000] {logging_mixin.py:188} INFO - [2024-02-14T20:43:10.763+0000] {dag.py:3823} INFO - Setting next_dagrun for example_short_circuit_operator to 2024-02-13 00:00:00+00:00, run_after=2024-02-14 00:00:00+00:00
[2024-02-14T20:43:10.790+0000] {processor.py:183} INFO - Processing /home/airflow/.local/lib/python3.8/site-packages/airflow/example_dags/example_short_circuit_operator.py took 0.226 seconds
[2024-02-14T20:43:41.144+0000] {processor.py:161} INFO - Started process (PID=2890) to work on /home/airflow/.local/lib/python3.8/site-packages/airflow/example_dags/example_short_circuit_operator.py
[2024-02-14T20:43:41.146+0000] {processor.py:830} INFO - Processing file /home/airflow/.local/lib/python3.8/site-packages/airflow/example_dags/example_short_circuit_operator.py for tasks to queue
[2024-02-14T20:43:41.149+0000] {logging_mixin.py:188} INFO - [2024-02-14T20:43:41.148+0000] {dagbag.py:538} INFO - Filling up the DagBag from /home/airflow/.local/lib/python3.8/site-packages/airflow/example_dags/example_short_circuit_operator.py
[2024-02-14T20:43:41.176+0000] {processor.py:840} INFO - DAG(s) 'example_short_circuit_operator' retrieved from /home/airflow/.local/lib/python3.8/site-packages/airflow/example_dags/example_short_circuit_operator.py
[2024-02-14T20:43:41.260+0000] {logging_mixin.py:188} INFO - [2024-02-14T20:43:41.259+0000] {dag.py:3036} INFO - Sync 1 DAGs
[2024-02-14T20:43:41.335+0000] {logging_mixin.py:188} INFO - [2024-02-14T20:43:41.334+0000] {dag.py:3823} INFO - Setting next_dagrun for example_short_circuit_operator to 2024-02-13 00:00:00+00:00, run_after=2024-02-14 00:00:00+00:00
[2024-02-14T20:43:41.379+0000] {processor.py:183} INFO - Processing /home/airflow/.local/lib/python3.8/site-packages/airflow/example_dags/example_short_circuit_operator.py took 0.257 seconds
[2024-02-14T20:44:11.691+0000] {processor.py:161} INFO - Started process (PID=3136) to work on /home/airflow/.local/lib/python3.8/site-packages/airflow/example_dags/example_short_circuit_operator.py
[2024-02-14T20:44:11.695+0000] {processor.py:830} INFO - Processing file /home/airflow/.local/lib/python3.8/site-packages/airflow/example_dags/example_short_circuit_operator.py for tasks to queue
[2024-02-14T20:44:11.699+0000] {logging_mixin.py:188} INFO - [2024-02-14T20:44:11.698+0000] {dagbag.py:538} INFO - Filling up the DagBag from /home/airflow/.local/lib/python3.8/site-packages/airflow/example_dags/example_short_circuit_operator.py
[2024-02-14T20:44:11.732+0000] {processor.py:840} INFO - DAG(s) 'example_short_circuit_operator' retrieved from /home/airflow/.local/lib/python3.8/site-packages/airflow/example_dags/example_short_circuit_operator.py
[2024-02-14T20:44:11.829+0000] {logging_mixin.py:188} INFO - [2024-02-14T20:44:11.828+0000] {dag.py:3036} INFO - Sync 1 DAGs
[2024-02-14T20:44:11.896+0000] {logging_mixin.py:188} INFO - [2024-02-14T20:44:11.896+0000] {dag.py:3823} INFO - Setting next_dagrun for example_short_circuit_operator to 2024-02-13 00:00:00+00:00, run_after=2024-02-14 00:00:00+00:00
[2024-02-14T20:44:11.931+0000] {processor.py:183} INFO - Processing /home/airflow/.local/lib/python3.8/site-packages/airflow/example_dags/example_short_circuit_operator.py took 0.254 seconds
[2024-02-14T20:44:42.800+0000] {processor.py:161} INFO - Started process (PID=3390) to work on /home/airflow/.local/lib/python3.8/site-packages/airflow/example_dags/example_short_circuit_operator.py
[2024-02-14T20:44:42.802+0000] {processor.py:830} INFO - Processing file /home/airflow/.local/lib/python3.8/site-packages/airflow/example_dags/example_short_circuit_operator.py for tasks to queue
[2024-02-14T20:44:42.805+0000] {logging_mixin.py:188} INFO - [2024-02-14T20:44:42.804+0000] {dagbag.py:538} INFO - Filling up the DagBag from /home/airflow/.local/lib/python3.8/site-packages/airflow/example_dags/example_short_circuit_operator.py
[2024-02-14T20:44:42.856+0000] {processor.py:840} INFO - DAG(s) 'example_short_circuit_operator' retrieved from /home/airflow/.local/lib/python3.8/site-packages/airflow/example_dags/example_short_circuit_operator.py
[2024-02-14T20:44:43.077+0000] {logging_mixin.py:188} INFO - [2024-02-14T20:44:43.071+0000] {dag.py:3036} INFO - Sync 1 DAGs
[2024-02-14T20:44:43.481+0000] {logging_mixin.py:188} INFO - [2024-02-14T20:44:43.480+0000] {dag.py:3823} INFO - Setting next_dagrun for example_short_circuit_operator to 2024-02-13 00:00:00+00:00, run_after=2024-02-14 00:00:00+00:00
[2024-02-14T20:44:43.669+0000] {processor.py:183} INFO - Processing /home/airflow/.local/lib/python3.8/site-packages/airflow/example_dags/example_short_circuit_operator.py took 0.905 seconds
[2024-02-14T20:45:13.837+0000] {processor.py:161} INFO - Started process (PID=3635) to work on /home/airflow/.local/lib/python3.8/site-packages/airflow/example_dags/example_short_circuit_operator.py
[2024-02-14T20:45:13.841+0000] {processor.py:830} INFO - Processing file /home/airflow/.local/lib/python3.8/site-packages/airflow/example_dags/example_short_circuit_operator.py for tasks to queue
[2024-02-14T20:45:13.845+0000] {logging_mixin.py:188} INFO - [2024-02-14T20:45:13.844+0000] {dagbag.py:538} INFO - Filling up the DagBag from /home/airflow/.local/lib/python3.8/site-packages/airflow/example_dags/example_short_circuit_operator.py
[2024-02-14T20:45:13.895+0000] {processor.py:840} INFO - DAG(s) 'example_short_circuit_operator' retrieved from /home/airflow/.local/lib/python3.8/site-packages/airflow/example_dags/example_short_circuit_operator.py
[2024-02-14T20:45:13.983+0000] {logging_mixin.py:188} INFO - [2024-02-14T20:45:13.982+0000] {dag.py:3036} INFO - Sync 1 DAGs
[2024-02-14T20:45:14.027+0000] {logging_mixin.py:188} INFO - [2024-02-14T20:45:14.027+0000] {dag.py:3823} INFO - Setting next_dagrun for example_short_circuit_operator to 2024-02-13 00:00:00+00:00, run_after=2024-02-14 00:00:00+00:00
[2024-02-14T20:45:14.073+0000] {processor.py:183} INFO - Processing /home/airflow/.local/lib/python3.8/site-packages/airflow/example_dags/example_short_circuit_operator.py took 0.250 seconds
[2024-02-14T20:45:44.807+0000] {processor.py:161} INFO - Started process (PID=3885) to work on /home/airflow/.local/lib/python3.8/site-packages/airflow/example_dags/example_short_circuit_operator.py
[2024-02-14T20:45:44.811+0000] {processor.py:830} INFO - Processing file /home/airflow/.local/lib/python3.8/site-packages/airflow/example_dags/example_short_circuit_operator.py for tasks to queue
[2024-02-14T20:45:44.815+0000] {logging_mixin.py:188} INFO - [2024-02-14T20:45:44.814+0000] {dagbag.py:538} INFO - Filling up the DagBag from /home/airflow/.local/lib/python3.8/site-packages/airflow/example_dags/example_short_circuit_operator.py
[2024-02-14T20:45:44.854+0000] {processor.py:840} INFO - DAG(s) 'example_short_circuit_operator' retrieved from /home/airflow/.local/lib/python3.8/site-packages/airflow/example_dags/example_short_circuit_operator.py
[2024-02-14T20:45:45.012+0000] {logging_mixin.py:188} INFO - [2024-02-14T20:45:45.011+0000] {dag.py:3036} INFO - Sync 1 DAGs
[2024-02-14T20:45:45.065+0000] {logging_mixin.py:188} INFO - [2024-02-14T20:45:45.064+0000] {dag.py:3823} INFO - Setting next_dagrun for example_short_circuit_operator to 2024-02-13 00:00:00+00:00, run_after=2024-02-14 00:00:00+00:00
[2024-02-14T20:45:45.110+0000] {processor.py:183} INFO - Processing /home/airflow/.local/lib/python3.8/site-packages/airflow/example_dags/example_short_circuit_operator.py took 0.316 seconds
[2024-02-14T20:46:15.612+0000] {processor.py:161} INFO - Started process (PID=4132) to work on /home/airflow/.local/lib/python3.8/site-packages/airflow/example_dags/example_short_circuit_operator.py
[2024-02-14T20:46:15.616+0000] {processor.py:830} INFO - Processing file /home/airflow/.local/lib/python3.8/site-packages/airflow/example_dags/example_short_circuit_operator.py for tasks to queue
[2024-02-14T20:46:15.620+0000] {logging_mixin.py:188} INFO - [2024-02-14T20:46:15.619+0000] {dagbag.py:538} INFO - Filling up the DagBag from /home/airflow/.local/lib/python3.8/site-packages/airflow/example_dags/example_short_circuit_operator.py
[2024-02-14T20:46:15.643+0000] {processor.py:840} INFO - DAG(s) 'example_short_circuit_operator' retrieved from /home/airflow/.local/lib/python3.8/site-packages/airflow/example_dags/example_short_circuit_operator.py
[2024-02-14T20:46:15.680+0000] {logging_mixin.py:188} INFO - [2024-02-14T20:46:15.680+0000] {dag.py:3036} INFO - Sync 1 DAGs
[2024-02-14T20:46:15.712+0000] {logging_mixin.py:188} INFO - [2024-02-14T20:46:15.711+0000] {dag.py:3823} INFO - Setting next_dagrun for example_short_circuit_operator to 2024-02-13 00:00:00+00:00, run_after=2024-02-14 00:00:00+00:00
[2024-02-14T20:46:15.740+0000] {processor.py:183} INFO - Processing /home/airflow/.local/lib/python3.8/site-packages/airflow/example_dags/example_short_circuit_operator.py took 0.145 seconds
[2024-02-14T20:46:45.991+0000] {processor.py:161} INFO - Started process (PID=4380) to work on /home/airflow/.local/lib/python3.8/site-packages/airflow/example_dags/example_short_circuit_operator.py
[2024-02-14T20:46:45.995+0000] {processor.py:830} INFO - Processing file /home/airflow/.local/lib/python3.8/site-packages/airflow/example_dags/example_short_circuit_operator.py for tasks to queue
[2024-02-14T20:46:46.000+0000] {logging_mixin.py:188} INFO - [2024-02-14T20:46:45.998+0000] {dagbag.py:538} INFO - Filling up the DagBag from /home/airflow/.local/lib/python3.8/site-packages/airflow/example_dags/example_short_circuit_operator.py
[2024-02-14T20:46:46.038+0000] {processor.py:840} INFO - DAG(s) 'example_short_circuit_operator' retrieved from /home/airflow/.local/lib/python3.8/site-packages/airflow/example_dags/example_short_circuit_operator.py
[2024-02-14T20:46:46.141+0000] {logging_mixin.py:188} INFO - [2024-02-14T20:46:46.140+0000] {dag.py:3036} INFO - Sync 1 DAGs
[2024-02-14T20:46:46.228+0000] {logging_mixin.py:188} INFO - [2024-02-14T20:46:46.227+0000] {dag.py:3823} INFO - Setting next_dagrun for example_short_circuit_operator to 2024-02-13 00:00:00+00:00, run_after=2024-02-14 00:00:00+00:00
[2024-02-14T20:46:46.297+0000] {processor.py:183} INFO - Processing /home/airflow/.local/lib/python3.8/site-packages/airflow/example_dags/example_short_circuit_operator.py took 0.323 seconds
[2024-02-14T20:47:16.972+0000] {processor.py:161} INFO - Started process (PID=4627) to work on /home/airflow/.local/lib/python3.8/site-packages/airflow/example_dags/example_short_circuit_operator.py
[2024-02-14T20:47:16.976+0000] {processor.py:830} INFO - Processing file /home/airflow/.local/lib/python3.8/site-packages/airflow/example_dags/example_short_circuit_operator.py for tasks to queue
[2024-02-14T20:47:16.981+0000] {logging_mixin.py:188} INFO - [2024-02-14T20:47:16.979+0000] {dagbag.py:538} INFO - Filling up the DagBag from /home/airflow/.local/lib/python3.8/site-packages/airflow/example_dags/example_short_circuit_operator.py
[2024-02-14T20:47:17.018+0000] {processor.py:840} INFO - DAG(s) 'example_short_circuit_operator' retrieved from /home/airflow/.local/lib/python3.8/site-packages/airflow/example_dags/example_short_circuit_operator.py
[2024-02-14T20:47:17.137+0000] {logging_mixin.py:188} INFO - [2024-02-14T20:47:17.136+0000] {dag.py:3036} INFO - Sync 1 DAGs
[2024-02-14T20:47:17.208+0000] {logging_mixin.py:188} INFO - [2024-02-14T20:47:17.207+0000] {dag.py:3823} INFO - Setting next_dagrun for example_short_circuit_operator to 2024-02-13 00:00:00+00:00, run_after=2024-02-14 00:00:00+00:00
[2024-02-14T20:47:17.268+0000] {processor.py:183} INFO - Processing /home/airflow/.local/lib/python3.8/site-packages/airflow/example_dags/example_short_circuit_operator.py took 0.313 seconds
[2024-02-14T20:47:47.553+0000] {processor.py:161} INFO - Started process (PID=4874) to work on /home/airflow/.local/lib/python3.8/site-packages/airflow/example_dags/example_short_circuit_operator.py
[2024-02-14T20:47:47.558+0000] {processor.py:830} INFO - Processing file /home/airflow/.local/lib/python3.8/site-packages/airflow/example_dags/example_short_circuit_operator.py for tasks to queue
[2024-02-14T20:47:47.562+0000] {logging_mixin.py:188} INFO - [2024-02-14T20:47:47.561+0000] {dagbag.py:538} INFO - Filling up the DagBag from /home/airflow/.local/lib/python3.8/site-packages/airflow/example_dags/example_short_circuit_operator.py
[2024-02-14T20:47:47.606+0000] {processor.py:840} INFO - DAG(s) 'example_short_circuit_operator' retrieved from /home/airflow/.local/lib/python3.8/site-packages/airflow/example_dags/example_short_circuit_operator.py
[2024-02-14T20:47:47.734+0000] {logging_mixin.py:188} INFO - [2024-02-14T20:47:47.726+0000] {dag.py:3036} INFO - Sync 1 DAGs
[2024-02-14T20:47:47.784+0000] {logging_mixin.py:188} INFO - [2024-02-14T20:47:47.783+0000] {dag.py:3823} INFO - Setting next_dagrun for example_short_circuit_operator to 2024-02-13 00:00:00+00:00, run_after=2024-02-14 00:00:00+00:00
[2024-02-14T20:47:47.813+0000] {processor.py:183} INFO - Processing /home/airflow/.local/lib/python3.8/site-packages/airflow/example_dags/example_short_circuit_operator.py took 0.276 seconds
[2024-02-14T20:48:18.136+0000] {processor.py:161} INFO - Started process (PID=5121) to work on /home/airflow/.local/lib/python3.8/site-packages/airflow/example_dags/example_short_circuit_operator.py
[2024-02-14T20:48:18.140+0000] {processor.py:830} INFO - Processing file /home/airflow/.local/lib/python3.8/site-packages/airflow/example_dags/example_short_circuit_operator.py for tasks to queue
[2024-02-14T20:48:18.144+0000] {logging_mixin.py:188} INFO - [2024-02-14T20:48:18.143+0000] {dagbag.py:538} INFO - Filling up the DagBag from /home/airflow/.local/lib/python3.8/site-packages/airflow/example_dags/example_short_circuit_operator.py
[2024-02-14T20:48:18.183+0000] {processor.py:840} INFO - DAG(s) 'example_short_circuit_operator' retrieved from /home/airflow/.local/lib/python3.8/site-packages/airflow/example_dags/example_short_circuit_operator.py
[2024-02-14T20:48:18.296+0000] {logging_mixin.py:188} INFO - [2024-02-14T20:48:18.295+0000] {dag.py:3036} INFO - Sync 1 DAGs
[2024-02-14T20:48:18.389+0000] {logging_mixin.py:188} INFO - [2024-02-14T20:48:18.388+0000] {dag.py:3823} INFO - Setting next_dagrun for example_short_circuit_operator to 2024-02-13 00:00:00+00:00, run_after=2024-02-14 00:00:00+00:00
[2024-02-14T20:48:18.439+0000] {processor.py:183} INFO - Processing /home/airflow/.local/lib/python3.8/site-packages/airflow/example_dags/example_short_circuit_operator.py took 0.319 seconds
[2024-02-14T20:48:49.220+0000] {processor.py:161} INFO - Started process (PID=5368) to work on /home/airflow/.local/lib/python3.8/site-packages/airflow/example_dags/example_short_circuit_operator.py
[2024-02-14T20:48:49.225+0000] {processor.py:830} INFO - Processing file /home/airflow/.local/lib/python3.8/site-packages/airflow/example_dags/example_short_circuit_operator.py for tasks to queue
[2024-02-14T20:48:49.229+0000] {logging_mixin.py:188} INFO - [2024-02-14T20:48:49.228+0000] {dagbag.py:538} INFO - Filling up the DagBag from /home/airflow/.local/lib/python3.8/site-packages/airflow/example_dags/example_short_circuit_operator.py
[2024-02-14T20:48:49.259+0000] {processor.py:840} INFO - DAG(s) 'example_short_circuit_operator' retrieved from /home/airflow/.local/lib/python3.8/site-packages/airflow/example_dags/example_short_circuit_operator.py
[2024-02-14T20:48:49.348+0000] {logging_mixin.py:188} INFO - [2024-02-14T20:48:49.347+0000] {dag.py:3036} INFO - Sync 1 DAGs
[2024-02-14T20:48:49.435+0000] {logging_mixin.py:188} INFO - [2024-02-14T20:48:49.434+0000] {dag.py:3823} INFO - Setting next_dagrun for example_short_circuit_operator to 2024-02-13 00:00:00+00:00, run_after=2024-02-14 00:00:00+00:00
[2024-02-14T20:48:49.512+0000] {processor.py:183} INFO - Processing /home/airflow/.local/lib/python3.8/site-packages/airflow/example_dags/example_short_circuit_operator.py took 0.304 seconds
[2024-02-14T20:49:20.282+0000] {processor.py:161} INFO - Started process (PID=5616) to work on /home/airflow/.local/lib/python3.8/site-packages/airflow/example_dags/example_short_circuit_operator.py
[2024-02-14T20:49:20.284+0000] {processor.py:830} INFO - Processing file /home/airflow/.local/lib/python3.8/site-packages/airflow/example_dags/example_short_circuit_operator.py for tasks to queue
[2024-02-14T20:49:20.285+0000] {logging_mixin.py:188} INFO - [2024-02-14T20:49:20.285+0000] {dagbag.py:538} INFO - Filling up the DagBag from /home/airflow/.local/lib/python3.8/site-packages/airflow/example_dags/example_short_circuit_operator.py
[2024-02-14T20:49:20.296+0000] {processor.py:840} INFO - DAG(s) 'example_short_circuit_operator' retrieved from /home/airflow/.local/lib/python3.8/site-packages/airflow/example_dags/example_short_circuit_operator.py
[2024-02-14T20:49:20.332+0000] {logging_mixin.py:188} INFO - [2024-02-14T20:49:20.332+0000] {dag.py:3036} INFO - Sync 1 DAGs
[2024-02-14T20:49:20.363+0000] {logging_mixin.py:188} INFO - [2024-02-14T20:49:20.363+0000] {dag.py:3823} INFO - Setting next_dagrun for example_short_circuit_operator to 2024-02-13 00:00:00+00:00, run_after=2024-02-14 00:00:00+00:00
[2024-02-14T20:49:20.388+0000] {processor.py:183} INFO - Processing /home/airflow/.local/lib/python3.8/site-packages/airflow/example_dags/example_short_circuit_operator.py took 0.115 seconds
[2024-02-14T20:49:50.881+0000] {processor.py:161} INFO - Started process (PID=5864) to work on /home/airflow/.local/lib/python3.8/site-packages/airflow/example_dags/example_short_circuit_operator.py
[2024-02-14T20:49:50.882+0000] {processor.py:830} INFO - Processing file /home/airflow/.local/lib/python3.8/site-packages/airflow/example_dags/example_short_circuit_operator.py for tasks to queue
[2024-02-14T20:49:50.884+0000] {logging_mixin.py:188} INFO - [2024-02-14T20:49:50.883+0000] {dagbag.py:538} INFO - Filling up the DagBag from /home/airflow/.local/lib/python3.8/site-packages/airflow/example_dags/example_short_circuit_operator.py
[2024-02-14T20:49:50.896+0000] {processor.py:840} INFO - DAG(s) 'example_short_circuit_operator' retrieved from /home/airflow/.local/lib/python3.8/site-packages/airflow/example_dags/example_short_circuit_operator.py
[2024-02-14T20:49:50.936+0000] {logging_mixin.py:188} INFO - [2024-02-14T20:49:50.936+0000] {dag.py:3036} INFO - Sync 1 DAGs
[2024-02-14T20:49:50.971+0000] {logging_mixin.py:188} INFO - [2024-02-14T20:49:50.971+0000] {dag.py:3823} INFO - Setting next_dagrun for example_short_circuit_operator to 2024-02-13 00:00:00+00:00, run_after=2024-02-14 00:00:00+00:00
[2024-02-14T20:49:51.006+0000] {processor.py:183} INFO - Processing /home/airflow/.local/lib/python3.8/site-packages/airflow/example_dags/example_short_circuit_operator.py took 0.129 seconds
[2024-02-14T20:50:21.397+0000] {processor.py:161} INFO - Started process (PID=6111) to work on /home/airflow/.local/lib/python3.8/site-packages/airflow/example_dags/example_short_circuit_operator.py
[2024-02-14T20:50:21.400+0000] {processor.py:830} INFO - Processing file /home/airflow/.local/lib/python3.8/site-packages/airflow/example_dags/example_short_circuit_operator.py for tasks to queue
[2024-02-14T20:50:21.403+0000] {logging_mixin.py:188} INFO - [2024-02-14T20:50:21.402+0000] {dagbag.py:538} INFO - Filling up the DagBag from /home/airflow/.local/lib/python3.8/site-packages/airflow/example_dags/example_short_circuit_operator.py
[2024-02-14T20:50:21.422+0000] {processor.py:840} INFO - DAG(s) 'example_short_circuit_operator' retrieved from /home/airflow/.local/lib/python3.8/site-packages/airflow/example_dags/example_short_circuit_operator.py
[2024-02-14T20:50:21.482+0000] {logging_mixin.py:188} INFO - [2024-02-14T20:50:21.481+0000] {dag.py:3036} INFO - Sync 1 DAGs
[2024-02-14T20:50:21.548+0000] {logging_mixin.py:188} INFO - [2024-02-14T20:50:21.547+0000] {dag.py:3823} INFO - Setting next_dagrun for example_short_circuit_operator to 2024-02-13 00:00:00+00:00, run_after=2024-02-14 00:00:00+00:00
[2024-02-14T20:50:21.621+0000] {processor.py:183} INFO - Processing /home/airflow/.local/lib/python3.8/site-packages/airflow/example_dags/example_short_circuit_operator.py took 0.232 seconds
[2024-02-14T20:50:52.264+0000] {processor.py:161} INFO - Started process (PID=6359) to work on /home/airflow/.local/lib/python3.8/site-packages/airflow/example_dags/example_short_circuit_operator.py
[2024-02-14T20:50:52.280+0000] {processor.py:830} INFO - Processing file /home/airflow/.local/lib/python3.8/site-packages/airflow/example_dags/example_short_circuit_operator.py for tasks to queue
[2024-02-14T20:50:52.292+0000] {logging_mixin.py:188} INFO - [2024-02-14T20:50:52.290+0000] {dagbag.py:538} INFO - Filling up the DagBag from /home/airflow/.local/lib/python3.8/site-packages/airflow/example_dags/example_short_circuit_operator.py
[2024-02-14T20:50:52.334+0000] {processor.py:840} INFO - DAG(s) 'example_short_circuit_operator' retrieved from /home/airflow/.local/lib/python3.8/site-packages/airflow/example_dags/example_short_circuit_operator.py
[2024-02-14T20:50:52.455+0000] {logging_mixin.py:188} INFO - [2024-02-14T20:50:52.454+0000] {dag.py:3036} INFO - Sync 1 DAGs
[2024-02-14T20:50:52.565+0000] {logging_mixin.py:188} INFO - [2024-02-14T20:50:52.564+0000] {dag.py:3823} INFO - Setting next_dagrun for example_short_circuit_operator to 2024-02-13 00:00:00+00:00, run_after=2024-02-14 00:00:00+00:00
[2024-02-14T20:50:52.657+0000] {processor.py:183} INFO - Processing /home/airflow/.local/lib/python3.8/site-packages/airflow/example_dags/example_short_circuit_operator.py took 0.406 seconds
[2024-02-14T20:51:23.035+0000] {processor.py:161} INFO - Started process (PID=6607) to work on /home/airflow/.local/lib/python3.8/site-packages/airflow/example_dags/example_short_circuit_operator.py
[2024-02-14T20:51:23.037+0000] {processor.py:830} INFO - Processing file /home/airflow/.local/lib/python3.8/site-packages/airflow/example_dags/example_short_circuit_operator.py for tasks to queue
[2024-02-14T20:51:23.038+0000] {logging_mixin.py:188} INFO - [2024-02-14T20:51:23.038+0000] {dagbag.py:538} INFO - Filling up the DagBag from /home/airflow/.local/lib/python3.8/site-packages/airflow/example_dags/example_short_circuit_operator.py
[2024-02-14T20:51:23.051+0000] {processor.py:840} INFO - DAG(s) 'example_short_circuit_operator' retrieved from /home/airflow/.local/lib/python3.8/site-packages/airflow/example_dags/example_short_circuit_operator.py
[2024-02-14T20:51:23.086+0000] {logging_mixin.py:188} INFO - [2024-02-14T20:51:23.086+0000] {dag.py:3036} INFO - Sync 1 DAGs
[2024-02-14T20:51:23.118+0000] {logging_mixin.py:188} INFO - [2024-02-14T20:51:23.118+0000] {dag.py:3823} INFO - Setting next_dagrun for example_short_circuit_operator to 2024-02-13 00:00:00+00:00, run_after=2024-02-14 00:00:00+00:00
[2024-02-14T20:51:23.165+0000] {processor.py:183} INFO - Processing /home/airflow/.local/lib/python3.8/site-packages/airflow/example_dags/example_short_circuit_operator.py took 0.134 seconds
[2024-02-14T20:51:53.713+0000] {processor.py:161} INFO - Started process (PID=6853) to work on /home/airflow/.local/lib/python3.8/site-packages/airflow/example_dags/example_short_circuit_operator.py
[2024-02-14T20:51:53.716+0000] {processor.py:830} INFO - Processing file /home/airflow/.local/lib/python3.8/site-packages/airflow/example_dags/example_short_circuit_operator.py for tasks to queue
[2024-02-14T20:51:53.719+0000] {logging_mixin.py:188} INFO - [2024-02-14T20:51:53.719+0000] {dagbag.py:538} INFO - Filling up the DagBag from /home/airflow/.local/lib/python3.8/site-packages/airflow/example_dags/example_short_circuit_operator.py
[2024-02-14T20:51:53.744+0000] {processor.py:840} INFO - DAG(s) 'example_short_circuit_operator' retrieved from /home/airflow/.local/lib/python3.8/site-packages/airflow/example_dags/example_short_circuit_operator.py
[2024-02-14T20:51:53.797+0000] {logging_mixin.py:188} INFO - [2024-02-14T20:51:53.796+0000] {dag.py:3036} INFO - Sync 1 DAGs
[2024-02-14T20:51:53.826+0000] {logging_mixin.py:188} INFO - [2024-02-14T20:51:53.826+0000] {dag.py:3823} INFO - Setting next_dagrun for example_short_circuit_operator to 2024-02-13 00:00:00+00:00, run_after=2024-02-14 00:00:00+00:00
[2024-02-14T20:51:53.869+0000] {processor.py:183} INFO - Processing /home/airflow/.local/lib/python3.8/site-packages/airflow/example_dags/example_short_circuit_operator.py took 0.166 seconds
[2024-02-14T20:52:24.902+0000] {processor.py:161} INFO - Started process (PID=7101) to work on /home/airflow/.local/lib/python3.8/site-packages/airflow/example_dags/example_short_circuit_operator.py
[2024-02-14T20:52:24.905+0000] {processor.py:830} INFO - Processing file /home/airflow/.local/lib/python3.8/site-packages/airflow/example_dags/example_short_circuit_operator.py for tasks to queue
[2024-02-14T20:52:24.908+0000] {logging_mixin.py:188} INFO - [2024-02-14T20:52:24.907+0000] {dagbag.py:538} INFO - Filling up the DagBag from /home/airflow/.local/lib/python3.8/site-packages/airflow/example_dags/example_short_circuit_operator.py
[2024-02-14T20:52:24.938+0000] {processor.py:840} INFO - DAG(s) 'example_short_circuit_operator' retrieved from /home/airflow/.local/lib/python3.8/site-packages/airflow/example_dags/example_short_circuit_operator.py
[2024-02-14T20:52:25.007+0000] {logging_mixin.py:188} INFO - [2024-02-14T20:52:25.006+0000] {dag.py:3036} INFO - Sync 1 DAGs
[2024-02-14T20:52:25.050+0000] {logging_mixin.py:188} INFO - [2024-02-14T20:52:25.050+0000] {dag.py:3823} INFO - Setting next_dagrun for example_short_circuit_operator to 2024-02-13 00:00:00+00:00, run_after=2024-02-14 00:00:00+00:00
[2024-02-14T20:52:25.093+0000] {processor.py:183} INFO - Processing /home/airflow/.local/lib/python3.8/site-packages/airflow/example_dags/example_short_circuit_operator.py took 0.201 seconds
[2024-02-14T20:52:55.621+0000] {processor.py:161} INFO - Started process (PID=7348) to work on /home/airflow/.local/lib/python3.8/site-packages/airflow/example_dags/example_short_circuit_operator.py
[2024-02-14T20:52:55.623+0000] {processor.py:830} INFO - Processing file /home/airflow/.local/lib/python3.8/site-packages/airflow/example_dags/example_short_circuit_operator.py for tasks to queue
[2024-02-14T20:52:55.625+0000] {logging_mixin.py:188} INFO - [2024-02-14T20:52:55.624+0000] {dagbag.py:538} INFO - Filling up the DagBag from /home/airflow/.local/lib/python3.8/site-packages/airflow/example_dags/example_short_circuit_operator.py
[2024-02-14T20:52:55.638+0000] {processor.py:840} INFO - DAG(s) 'example_short_circuit_operator' retrieved from /home/airflow/.local/lib/python3.8/site-packages/airflow/example_dags/example_short_circuit_operator.py
[2024-02-14T20:52:55.676+0000] {logging_mixin.py:188} INFO - [2024-02-14T20:52:55.676+0000] {dag.py:3036} INFO - Sync 1 DAGs
[2024-02-14T20:52:55.713+0000] {logging_mixin.py:188} INFO - [2024-02-14T20:52:55.712+0000] {dag.py:3823} INFO - Setting next_dagrun for example_short_circuit_operator to 2024-02-13 00:00:00+00:00, run_after=2024-02-14 00:00:00+00:00
[2024-02-14T20:52:55.750+0000] {processor.py:183} INFO - Processing /home/airflow/.local/lib/python3.8/site-packages/airflow/example_dags/example_short_circuit_operator.py took 0.138 seconds
[2024-02-14T20:53:26.000+0000] {processor.py:161} INFO - Started process (PID=7589) to work on /home/airflow/.local/lib/python3.8/site-packages/airflow/example_dags/example_short_circuit_operator.py
[2024-02-14T20:53:26.004+0000] {processor.py:830} INFO - Processing file /home/airflow/.local/lib/python3.8/site-packages/airflow/example_dags/example_short_circuit_operator.py for tasks to queue
[2024-02-14T20:53:26.008+0000] {logging_mixin.py:188} INFO - [2024-02-14T20:53:26.006+0000] {dagbag.py:538} INFO - Filling up the DagBag from /home/airflow/.local/lib/python3.8/site-packages/airflow/example_dags/example_short_circuit_operator.py
[2024-02-14T20:53:26.042+0000] {processor.py:840} INFO - DAG(s) 'example_short_circuit_operator' retrieved from /home/airflow/.local/lib/python3.8/site-packages/airflow/example_dags/example_short_circuit_operator.py
[2024-02-14T20:53:26.119+0000] {logging_mixin.py:188} INFO - [2024-02-14T20:53:26.119+0000] {dag.py:3036} INFO - Sync 1 DAGs
[2024-02-14T20:53:26.182+0000] {logging_mixin.py:188} INFO - [2024-02-14T20:53:26.182+0000] {dag.py:3823} INFO - Setting next_dagrun for example_short_circuit_operator to 2024-02-13 00:00:00+00:00, run_after=2024-02-14 00:00:00+00:00
[2024-02-14T20:53:26.211+0000] {processor.py:183} INFO - Processing /home/airflow/.local/lib/python3.8/site-packages/airflow/example_dags/example_short_circuit_operator.py took 0.225 seconds
[2024-02-14T20:53:56.524+0000] {processor.py:161} INFO - Started process (PID=7836) to work on /home/airflow/.local/lib/python3.8/site-packages/airflow/example_dags/example_short_circuit_operator.py
[2024-02-14T20:53:56.527+0000] {processor.py:830} INFO - Processing file /home/airflow/.local/lib/python3.8/site-packages/airflow/example_dags/example_short_circuit_operator.py for tasks to queue
[2024-02-14T20:53:56.539+0000] {logging_mixin.py:188} INFO - [2024-02-14T20:53:56.538+0000] {dagbag.py:538} INFO - Filling up the DagBag from /home/airflow/.local/lib/python3.8/site-packages/airflow/example_dags/example_short_circuit_operator.py
[2024-02-14T20:53:56.565+0000] {processor.py:840} INFO - DAG(s) 'example_short_circuit_operator' retrieved from /home/airflow/.local/lib/python3.8/site-packages/airflow/example_dags/example_short_circuit_operator.py
[2024-02-14T20:53:56.657+0000] {logging_mixin.py:188} INFO - [2024-02-14T20:53:56.657+0000] {dag.py:3036} INFO - Sync 1 DAGs
[2024-02-14T20:53:56.711+0000] {logging_mixin.py:188} INFO - [2024-02-14T20:53:56.711+0000] {dag.py:3823} INFO - Setting next_dagrun for example_short_circuit_operator to 2024-02-13 00:00:00+00:00, run_after=2024-02-14 00:00:00+00:00
[2024-02-14T20:53:56.773+0000] {processor.py:183} INFO - Processing /home/airflow/.local/lib/python3.8/site-packages/airflow/example_dags/example_short_circuit_operator.py took 0.258 seconds
[2024-02-14T20:54:27.129+0000] {processor.py:161} INFO - Started process (PID=8083) to work on /home/airflow/.local/lib/python3.8/site-packages/airflow/example_dags/example_short_circuit_operator.py
[2024-02-14T20:54:27.132+0000] {processor.py:830} INFO - Processing file /home/airflow/.local/lib/python3.8/site-packages/airflow/example_dags/example_short_circuit_operator.py for tasks to queue
[2024-02-14T20:54:27.135+0000] {logging_mixin.py:188} INFO - [2024-02-14T20:54:27.134+0000] {dagbag.py:538} INFO - Filling up the DagBag from /home/airflow/.local/lib/python3.8/site-packages/airflow/example_dags/example_short_circuit_operator.py
[2024-02-14T20:54:27.156+0000] {processor.py:840} INFO - DAG(s) 'example_short_circuit_operator' retrieved from /home/airflow/.local/lib/python3.8/site-packages/airflow/example_dags/example_short_circuit_operator.py
[2024-02-14T20:54:27.202+0000] {logging_mixin.py:188} INFO - [2024-02-14T20:54:27.202+0000] {dag.py:3036} INFO - Sync 1 DAGs
[2024-02-14T20:54:27.247+0000] {logging_mixin.py:188} INFO - [2024-02-14T20:54:27.247+0000] {dag.py:3823} INFO - Setting next_dagrun for example_short_circuit_operator to 2024-02-13 00:00:00+00:00, run_after=2024-02-14 00:00:00+00:00
[2024-02-14T20:54:27.292+0000] {processor.py:183} INFO - Processing /home/airflow/.local/lib/python3.8/site-packages/airflow/example_dags/example_short_circuit_operator.py took 0.171 seconds
[2024-02-14T20:54:57.997+0000] {processor.py:161} INFO - Started process (PID=8330) to work on /home/airflow/.local/lib/python3.8/site-packages/airflow/example_dags/example_short_circuit_operator.py
[2024-02-14T20:54:58.001+0000] {processor.py:830} INFO - Processing file /home/airflow/.local/lib/python3.8/site-packages/airflow/example_dags/example_short_circuit_operator.py for tasks to queue
[2024-02-14T20:54:58.005+0000] {logging_mixin.py:188} INFO - [2024-02-14T20:54:58.004+0000] {dagbag.py:538} INFO - Filling up the DagBag from /home/airflow/.local/lib/python3.8/site-packages/airflow/example_dags/example_short_circuit_operator.py
[2024-02-14T20:54:58.037+0000] {processor.py:840} INFO - DAG(s) 'example_short_circuit_operator' retrieved from /home/airflow/.local/lib/python3.8/site-packages/airflow/example_dags/example_short_circuit_operator.py
[2024-02-14T20:54:58.136+0000] {logging_mixin.py:188} INFO - [2024-02-14T20:54:58.136+0000] {dag.py:3036} INFO - Sync 1 DAGs
[2024-02-14T20:54:58.234+0000] {logging_mixin.py:188} INFO - [2024-02-14T20:54:58.234+0000] {dag.py:3823} INFO - Setting next_dagrun for example_short_circuit_operator to 2024-02-13 00:00:00+00:00, run_after=2024-02-14 00:00:00+00:00
[2024-02-14T20:54:58.319+0000] {processor.py:183} INFO - Processing /home/airflow/.local/lib/python3.8/site-packages/airflow/example_dags/example_short_circuit_operator.py took 0.335 seconds
[2024-02-14T20:55:28.790+0000] {processor.py:161} INFO - Started process (PID=8577) to work on /home/airflow/.local/lib/python3.8/site-packages/airflow/example_dags/example_short_circuit_operator.py
[2024-02-14T20:55:28.793+0000] {processor.py:830} INFO - Processing file /home/airflow/.local/lib/python3.8/site-packages/airflow/example_dags/example_short_circuit_operator.py for tasks to queue
[2024-02-14T20:55:28.798+0000] {logging_mixin.py:188} INFO - [2024-02-14T20:55:28.796+0000] {dagbag.py:538} INFO - Filling up the DagBag from /home/airflow/.local/lib/python3.8/site-packages/airflow/example_dags/example_short_circuit_operator.py
[2024-02-14T20:55:28.833+0000] {processor.py:840} INFO - DAG(s) 'example_short_circuit_operator' retrieved from /home/airflow/.local/lib/python3.8/site-packages/airflow/example_dags/example_short_circuit_operator.py
[2024-02-14T20:55:28.929+0000] {logging_mixin.py:188} INFO - [2024-02-14T20:55:28.928+0000] {dag.py:3036} INFO - Sync 1 DAGs
[2024-02-14T20:55:29.020+0000] {logging_mixin.py:188} INFO - [2024-02-14T20:55:29.019+0000] {dag.py:3823} INFO - Setting next_dagrun for example_short_circuit_operator to 2024-02-13 00:00:00+00:00, run_after=2024-02-14 00:00:00+00:00
[2024-02-14T20:55:29.095+0000] {processor.py:183} INFO - Processing /home/airflow/.local/lib/python3.8/site-packages/airflow/example_dags/example_short_circuit_operator.py took 0.319 seconds
[2024-02-14T20:55:59.328+0000] {processor.py:161} INFO - Started process (PID=8824) to work on /home/airflow/.local/lib/python3.8/site-packages/airflow/example_dags/example_short_circuit_operator.py
[2024-02-14T20:55:59.332+0000] {processor.py:830} INFO - Processing file /home/airflow/.local/lib/python3.8/site-packages/airflow/example_dags/example_short_circuit_operator.py for tasks to queue
[2024-02-14T20:55:59.336+0000] {logging_mixin.py:188} INFO - [2024-02-14T20:55:59.335+0000] {dagbag.py:538} INFO - Filling up the DagBag from /home/airflow/.local/lib/python3.8/site-packages/airflow/example_dags/example_short_circuit_operator.py
[2024-02-14T20:55:59.372+0000] {processor.py:840} INFO - DAG(s) 'example_short_circuit_operator' retrieved from /home/airflow/.local/lib/python3.8/site-packages/airflow/example_dags/example_short_circuit_operator.py
[2024-02-14T20:55:59.443+0000] {logging_mixin.py:188} INFO - [2024-02-14T20:55:59.442+0000] {dag.py:3036} INFO - Sync 1 DAGs
[2024-02-14T20:55:59.500+0000] {logging_mixin.py:188} INFO - [2024-02-14T20:55:59.499+0000] {dag.py:3823} INFO - Setting next_dagrun for example_short_circuit_operator to 2024-02-13 00:00:00+00:00, run_after=2024-02-14 00:00:00+00:00
[2024-02-14T20:55:59.535+0000] {processor.py:183} INFO - Processing /home/airflow/.local/lib/python3.8/site-packages/airflow/example_dags/example_short_circuit_operator.py took 0.224 seconds
[2024-02-14T20:56:30.013+0000] {processor.py:161} INFO - Started process (PID=9070) to work on /home/airflow/.local/lib/python3.8/site-packages/airflow/example_dags/example_short_circuit_operator.py
[2024-02-14T20:56:30.017+0000] {processor.py:830} INFO - Processing file /home/airflow/.local/lib/python3.8/site-packages/airflow/example_dags/example_short_circuit_operator.py for tasks to queue
[2024-02-14T20:56:30.022+0000] {logging_mixin.py:188} INFO - [2024-02-14T20:56:30.020+0000] {dagbag.py:538} INFO - Filling up the DagBag from /home/airflow/.local/lib/python3.8/site-packages/airflow/example_dags/example_short_circuit_operator.py
[2024-02-14T20:56:30.056+0000] {processor.py:840} INFO - DAG(s) 'example_short_circuit_operator' retrieved from /home/airflow/.local/lib/python3.8/site-packages/airflow/example_dags/example_short_circuit_operator.py
[2024-02-14T20:56:30.154+0000] {logging_mixin.py:188} INFO - [2024-02-14T20:56:30.153+0000] {dag.py:3036} INFO - Sync 1 DAGs
[2024-02-14T20:56:30.213+0000] {logging_mixin.py:188} INFO - [2024-02-14T20:56:30.213+0000] {dag.py:3823} INFO - Setting next_dagrun for example_short_circuit_operator to 2024-02-13 00:00:00+00:00, run_after=2024-02-14 00:00:00+00:00
[2024-02-14T20:56:30.245+0000] {processor.py:183} INFO - Processing /home/airflow/.local/lib/python3.8/site-packages/airflow/example_dags/example_short_circuit_operator.py took 0.246 seconds
[2024-02-14T20:57:00.848+0000] {processor.py:161} INFO - Started process (PID=9317) to work on /home/airflow/.local/lib/python3.8/site-packages/airflow/example_dags/example_short_circuit_operator.py
[2024-02-14T20:57:00.850+0000] {processor.py:830} INFO - Processing file /home/airflow/.local/lib/python3.8/site-packages/airflow/example_dags/example_short_circuit_operator.py for tasks to queue
[2024-02-14T20:57:00.853+0000] {logging_mixin.py:188} INFO - [2024-02-14T20:57:00.852+0000] {dagbag.py:538} INFO - Filling up the DagBag from /home/airflow/.local/lib/python3.8/site-packages/airflow/example_dags/example_short_circuit_operator.py
[2024-02-14T20:57:00.873+0000] {processor.py:840} INFO - DAG(s) 'example_short_circuit_operator' retrieved from /home/airflow/.local/lib/python3.8/site-packages/airflow/example_dags/example_short_circuit_operator.py
[2024-02-14T20:57:00.940+0000] {logging_mixin.py:188} INFO - [2024-02-14T20:57:00.939+0000] {dag.py:3036} INFO - Sync 1 DAGs
[2024-02-14T20:57:00.997+0000] {logging_mixin.py:188} INFO - [2024-02-14T20:57:00.997+0000] {dag.py:3823} INFO - Setting next_dagrun for example_short_circuit_operator to 2024-02-13 00:00:00+00:00, run_after=2024-02-14 00:00:00+00:00
[2024-02-14T20:57:01.045+0000] {processor.py:183} INFO - Processing /home/airflow/.local/lib/python3.8/site-packages/airflow/example_dags/example_short_circuit_operator.py took 0.204 seconds
[2024-02-14T20:57:31.515+0000] {processor.py:161} INFO - Started process (PID=9564) to work on /home/airflow/.local/lib/python3.8/site-packages/airflow/example_dags/example_short_circuit_operator.py
[2024-02-14T20:57:31.520+0000] {processor.py:830} INFO - Processing file /home/airflow/.local/lib/python3.8/site-packages/airflow/example_dags/example_short_circuit_operator.py for tasks to queue
[2024-02-14T20:57:31.525+0000] {logging_mixin.py:188} INFO - [2024-02-14T20:57:31.523+0000] {dagbag.py:538} INFO - Filling up the DagBag from /home/airflow/.local/lib/python3.8/site-packages/airflow/example_dags/example_short_circuit_operator.py
[2024-02-14T20:57:31.565+0000] {processor.py:840} INFO - DAG(s) 'example_short_circuit_operator' retrieved from /home/airflow/.local/lib/python3.8/site-packages/airflow/example_dags/example_short_circuit_operator.py
[2024-02-14T20:57:31.671+0000] {logging_mixin.py:188} INFO - [2024-02-14T20:57:31.670+0000] {dag.py:3036} INFO - Sync 1 DAGs
[2024-02-14T20:57:31.793+0000] {logging_mixin.py:188} INFO - [2024-02-14T20:57:31.792+0000] {dag.py:3823} INFO - Setting next_dagrun for example_short_circuit_operator to 2024-02-13 00:00:00+00:00, run_after=2024-02-14 00:00:00+00:00
[2024-02-14T20:57:31.889+0000] {processor.py:183} INFO - Processing /home/airflow/.local/lib/python3.8/site-packages/airflow/example_dags/example_short_circuit_operator.py took 0.390 seconds
