[2024-02-14T20:38:07.246+0000] {processor.py:161} INFO - Started process (PID=221) to work on /home/airflow/.local/lib/python3.8/site-packages/airflow/example_dags/example_datasets.py
[2024-02-14T20:38:07.248+0000] {processor.py:830} INFO - Processing file /home/airflow/.local/lib/python3.8/site-packages/airflow/example_dags/example_datasets.py for tasks to queue
[2024-02-14T20:38:07.250+0000] {logging_mixin.py:188} INFO - [2024-02-14T20:38:07.250+0000] {dagbag.py:538} INFO - Filling up the DagBag from /home/airflow/.local/lib/python3.8/site-packages/airflow/example_dags/example_datasets.py
[2024-02-14T20:38:07.278+0000] {processor.py:840} INFO - DAG(s) 'dataset_consumes_1_never_scheduled', 'dataset_consumes_1_and_2', 'dataset_produces_1', 'dataset_consumes_1', 'dataset_produces_2', 'dataset_consumes_unknown_never_scheduled' retrieved from /home/airflow/.local/lib/python3.8/site-packages/airflow/example_dags/example_datasets.py
[2024-02-14T20:38:07.536+0000] {logging_mixin.py:188} INFO - [2024-02-14T20:38:07.535+0000] {dag.py:3036} INFO - Sync 6 DAGs
[2024-02-14T20:38:07.579+0000] {logging_mixin.py:188} INFO - [2024-02-14T20:38:07.579+0000] {dag.py:3823} INFO - Setting next_dagrun for dataset_consumes_1 to None, run_after=None
[2024-02-14T20:38:07.586+0000] {logging_mixin.py:188} INFO - [2024-02-14T20:38:07.586+0000] {dag.py:3823} INFO - Setting next_dagrun for dataset_consumes_1_and_2 to None, run_after=None
[2024-02-14T20:38:07.599+0000] {logging_mixin.py:188} INFO - [2024-02-14T20:38:07.599+0000] {dag.py:3823} INFO - Setting next_dagrun for dataset_consumes_1_never_scheduled to None, run_after=None
[2024-02-14T20:38:07.601+0000] {logging_mixin.py:188} INFO - [2024-02-14T20:38:07.601+0000] {dag.py:3823} INFO - Setting next_dagrun for dataset_consumes_unknown_never_scheduled to None, run_after=None
[2024-02-14T20:38:07.606+0000] {logging_mixin.py:188} INFO - [2024-02-14T20:38:07.606+0000] {dag.py:3823} INFO - Setting next_dagrun for dataset_produces_1 to 2024-02-13 00:00:00+00:00, run_after=2024-02-14 00:00:00+00:00
[2024-02-14T20:38:07.608+0000] {logging_mixin.py:188} INFO - [2024-02-14T20:38:07.608+0000] {dag.py:3823} INFO - Setting next_dagrun for dataset_produces_2 to None, run_after=None
[2024-02-14T20:38:07.656+0000] {processor.py:183} INFO - Processing /home/airflow/.local/lib/python3.8/site-packages/airflow/example_dags/example_datasets.py took 0.418 seconds
[2024-02-14T20:38:37.927+0000] {processor.py:161} INFO - Started process (PID=468) to work on /home/airflow/.local/lib/python3.8/site-packages/airflow/example_dags/example_datasets.py
[2024-02-14T20:38:37.929+0000] {processor.py:830} INFO - Processing file /home/airflow/.local/lib/python3.8/site-packages/airflow/example_dags/example_datasets.py for tasks to queue
[2024-02-14T20:38:37.933+0000] {logging_mixin.py:188} INFO - [2024-02-14T20:38:37.933+0000] {dagbag.py:538} INFO - Filling up the DagBag from /home/airflow/.local/lib/python3.8/site-packages/airflow/example_dags/example_datasets.py
[2024-02-14T20:38:37.969+0000] {processor.py:840} INFO - DAG(s) 'dataset_consumes_1_and_2', 'dataset_consumes_1', 'dataset_produces_1', 'dataset_produces_2', 'dataset_consumes_1_never_scheduled', 'dataset_consumes_unknown_never_scheduled' retrieved from /home/airflow/.local/lib/python3.8/site-packages/airflow/example_dags/example_datasets.py
[2024-02-14T20:38:38.029+0000] {logging_mixin.py:188} INFO - [2024-02-14T20:38:38.028+0000] {dag.py:3036} INFO - Sync 6 DAGs
[2024-02-14T20:38:38.066+0000] {logging_mixin.py:188} INFO - [2024-02-14T20:38:38.065+0000] {dag.py:3823} INFO - Setting next_dagrun for dataset_consumes_1 to None, run_after=None
[2024-02-14T20:38:38.073+0000] {logging_mixin.py:188} INFO - [2024-02-14T20:38:38.073+0000] {dag.py:3823} INFO - Setting next_dagrun for dataset_consumes_1_and_2 to None, run_after=None
[2024-02-14T20:38:38.075+0000] {logging_mixin.py:188} INFO - [2024-02-14T20:38:38.075+0000] {dag.py:3823} INFO - Setting next_dagrun for dataset_consumes_1_never_scheduled to None, run_after=None
[2024-02-14T20:38:38.078+0000] {logging_mixin.py:188} INFO - [2024-02-14T20:38:38.077+0000] {dag.py:3823} INFO - Setting next_dagrun for dataset_consumes_unknown_never_scheduled to None, run_after=None
[2024-02-14T20:38:38.083+0000] {logging_mixin.py:188} INFO - [2024-02-14T20:38:38.083+0000] {dag.py:3823} INFO - Setting next_dagrun for dataset_produces_1 to 2024-02-13 00:00:00+00:00, run_after=2024-02-14 00:00:00+00:00
[2024-02-14T20:38:38.086+0000] {logging_mixin.py:188} INFO - [2024-02-14T20:38:38.085+0000] {dag.py:3823} INFO - Setting next_dagrun for dataset_produces_2 to None, run_after=None
[2024-02-14T20:38:38.147+0000] {processor.py:183} INFO - Processing /home/airflow/.local/lib/python3.8/site-packages/airflow/example_dags/example_datasets.py took 0.225 seconds
[2024-02-14T20:39:08.804+0000] {processor.py:161} INFO - Started process (PID=715) to work on /home/airflow/.local/lib/python3.8/site-packages/airflow/example_dags/example_datasets.py
[2024-02-14T20:39:08.805+0000] {processor.py:830} INFO - Processing file /home/airflow/.local/lib/python3.8/site-packages/airflow/example_dags/example_datasets.py for tasks to queue
[2024-02-14T20:39:08.807+0000] {logging_mixin.py:188} INFO - [2024-02-14T20:39:08.806+0000] {dagbag.py:538} INFO - Filling up the DagBag from /home/airflow/.local/lib/python3.8/site-packages/airflow/example_dags/example_datasets.py
[2024-02-14T20:39:08.821+0000] {processor.py:840} INFO - DAG(s) 'dataset_consumes_1', 'dataset_consumes_1_never_scheduled', 'dataset_produces_1', 'dataset_consumes_1_and_2', 'dataset_consumes_unknown_never_scheduled', 'dataset_produces_2' retrieved from /home/airflow/.local/lib/python3.8/site-packages/airflow/example_dags/example_datasets.py
[2024-02-14T20:39:08.877+0000] {logging_mixin.py:188} INFO - [2024-02-14T20:39:08.877+0000] {dag.py:3036} INFO - Sync 6 DAGs
[2024-02-14T20:39:08.911+0000] {logging_mixin.py:188} INFO - [2024-02-14T20:39:08.911+0000] {dag.py:3823} INFO - Setting next_dagrun for dataset_consumes_1 to None, run_after=None
[2024-02-14T20:39:08.917+0000] {logging_mixin.py:188} INFO - [2024-02-14T20:39:08.917+0000] {dag.py:3823} INFO - Setting next_dagrun for dataset_consumes_1_and_2 to None, run_after=None
[2024-02-14T20:39:08.919+0000] {logging_mixin.py:188} INFO - [2024-02-14T20:39:08.919+0000] {dag.py:3823} INFO - Setting next_dagrun for dataset_consumes_1_never_scheduled to None, run_after=None
[2024-02-14T20:39:08.922+0000] {logging_mixin.py:188} INFO - [2024-02-14T20:39:08.922+0000] {dag.py:3823} INFO - Setting next_dagrun for dataset_consumes_unknown_never_scheduled to None, run_after=None
[2024-02-14T20:39:08.927+0000] {logging_mixin.py:188} INFO - [2024-02-14T20:39:08.926+0000] {dag.py:3823} INFO - Setting next_dagrun for dataset_produces_1 to 2024-02-13 00:00:00+00:00, run_after=2024-02-14 00:00:00+00:00
[2024-02-14T20:39:08.929+0000] {logging_mixin.py:188} INFO - [2024-02-14T20:39:08.929+0000] {dag.py:3823} INFO - Setting next_dagrun for dataset_produces_2 to None, run_after=None
[2024-02-14T20:39:08.985+0000] {processor.py:183} INFO - Processing /home/airflow/.local/lib/python3.8/site-packages/airflow/example_dags/example_datasets.py took 0.186 seconds
[2024-02-14T20:39:39.765+0000] {processor.py:161} INFO - Started process (PID=962) to work on /home/airflow/.local/lib/python3.8/site-packages/airflow/example_dags/example_datasets.py
[2024-02-14T20:39:39.775+0000] {processor.py:830} INFO - Processing file /home/airflow/.local/lib/python3.8/site-packages/airflow/example_dags/example_datasets.py for tasks to queue
[2024-02-14T20:39:39.785+0000] {logging_mixin.py:188} INFO - [2024-02-14T20:39:39.784+0000] {dagbag.py:538} INFO - Filling up the DagBag from /home/airflow/.local/lib/python3.8/site-packages/airflow/example_dags/example_datasets.py
[2024-02-14T20:39:39.824+0000] {processor.py:840} INFO - DAG(s) 'dataset_consumes_1', 'dataset_consumes_1_never_scheduled', 'dataset_consumes_1_and_2', 'dataset_consumes_unknown_never_scheduled', 'dataset_produces_2', 'dataset_produces_1' retrieved from /home/airflow/.local/lib/python3.8/site-packages/airflow/example_dags/example_datasets.py
[2024-02-14T20:39:40.095+0000] {logging_mixin.py:188} INFO - [2024-02-14T20:39:40.094+0000] {dag.py:3036} INFO - Sync 6 DAGs
[2024-02-14T20:39:40.246+0000] {logging_mixin.py:188} INFO - [2024-02-14T20:39:40.246+0000] {dag.py:3823} INFO - Setting next_dagrun for dataset_consumes_1 to None, run_after=None
[2024-02-14T20:39:40.256+0000] {logging_mixin.py:188} INFO - [2024-02-14T20:39:40.255+0000] {dag.py:3823} INFO - Setting next_dagrun for dataset_consumes_1_and_2 to None, run_after=None
[2024-02-14T20:39:40.265+0000] {logging_mixin.py:188} INFO - [2024-02-14T20:39:40.264+0000] {dag.py:3823} INFO - Setting next_dagrun for dataset_consumes_1_never_scheduled to None, run_after=None
[2024-02-14T20:39:40.268+0000] {logging_mixin.py:188} INFO - [2024-02-14T20:39:40.268+0000] {dag.py:3823} INFO - Setting next_dagrun for dataset_consumes_unknown_never_scheduled to None, run_after=None
[2024-02-14T20:39:40.275+0000] {logging_mixin.py:188} INFO - [2024-02-14T20:39:40.274+0000] {dag.py:3823} INFO - Setting next_dagrun for dataset_produces_1 to 2024-02-13 00:00:00+00:00, run_after=2024-02-14 00:00:00+00:00
[2024-02-14T20:39:40.278+0000] {logging_mixin.py:188} INFO - [2024-02-14T20:39:40.277+0000] {dag.py:3823} INFO - Setting next_dagrun for dataset_produces_2 to None, run_after=None
[2024-02-14T20:39:40.741+0000] {processor.py:183} INFO - Processing /home/airflow/.local/lib/python3.8/site-packages/airflow/example_dags/example_datasets.py took 0.985 seconds
[2024-02-14T20:40:11.152+0000] {processor.py:161} INFO - Started process (PID=1216) to work on /home/airflow/.local/lib/python3.8/site-packages/airflow/example_dags/example_datasets.py
[2024-02-14T20:40:11.154+0000] {processor.py:830} INFO - Processing file /home/airflow/.local/lib/python3.8/site-packages/airflow/example_dags/example_datasets.py for tasks to queue
[2024-02-14T20:40:11.160+0000] {logging_mixin.py:188} INFO - [2024-02-14T20:40:11.159+0000] {dagbag.py:538} INFO - Filling up the DagBag from /home/airflow/.local/lib/python3.8/site-packages/airflow/example_dags/example_datasets.py
[2024-02-14T20:40:11.187+0000] {processor.py:840} INFO - DAG(s) 'dataset_consumes_1', 'dataset_produces_1', 'dataset_consumes_1_never_scheduled', 'dataset_consumes_1_and_2', 'dataset_consumes_unknown_never_scheduled', 'dataset_produces_2' retrieved from /home/airflow/.local/lib/python3.8/site-packages/airflow/example_dags/example_datasets.py
[2024-02-14T20:40:11.312+0000] {logging_mixin.py:188} INFO - [2024-02-14T20:40:11.311+0000] {dag.py:3036} INFO - Sync 6 DAGs
[2024-02-14T20:40:11.439+0000] {logging_mixin.py:188} INFO - [2024-02-14T20:40:11.438+0000] {dag.py:3823} INFO - Setting next_dagrun for dataset_consumes_1 to None, run_after=None
[2024-02-14T20:40:11.464+0000] {logging_mixin.py:188} INFO - [2024-02-14T20:40:11.462+0000] {dag.py:3823} INFO - Setting next_dagrun for dataset_consumes_1_and_2 to None, run_after=None
[2024-02-14T20:40:11.470+0000] {logging_mixin.py:188} INFO - [2024-02-14T20:40:11.469+0000] {dag.py:3823} INFO - Setting next_dagrun for dataset_consumes_1_never_scheduled to None, run_after=None
[2024-02-14T20:40:11.495+0000] {logging_mixin.py:188} INFO - [2024-02-14T20:40:11.494+0000] {dag.py:3823} INFO - Setting next_dagrun for dataset_consumes_unknown_never_scheduled to None, run_after=None
[2024-02-14T20:40:11.525+0000] {logging_mixin.py:188} INFO - [2024-02-14T20:40:11.523+0000] {dag.py:3823} INFO - Setting next_dagrun for dataset_produces_1 to 2024-02-13 00:00:00+00:00, run_after=2024-02-14 00:00:00+00:00
[2024-02-14T20:40:11.540+0000] {logging_mixin.py:188} INFO - [2024-02-14T20:40:11.534+0000] {dag.py:3823} INFO - Setting next_dagrun for dataset_produces_2 to None, run_after=None
[2024-02-14T20:40:11.766+0000] {processor.py:183} INFO - Processing /home/airflow/.local/lib/python3.8/site-packages/airflow/example_dags/example_datasets.py took 0.627 seconds
[2024-02-14T20:40:42.333+0000] {processor.py:161} INFO - Started process (PID=1463) to work on /home/airflow/.local/lib/python3.8/site-packages/airflow/example_dags/example_datasets.py
[2024-02-14T20:40:42.335+0000] {processor.py:830} INFO - Processing file /home/airflow/.local/lib/python3.8/site-packages/airflow/example_dags/example_datasets.py for tasks to queue
[2024-02-14T20:40:42.339+0000] {logging_mixin.py:188} INFO - [2024-02-14T20:40:42.338+0000] {dagbag.py:538} INFO - Filling up the DagBag from /home/airflow/.local/lib/python3.8/site-packages/airflow/example_dags/example_datasets.py
[2024-02-14T20:40:42.361+0000] {processor.py:840} INFO - DAG(s) 'dataset_consumes_1_and_2', 'dataset_produces_2', 'dataset_produces_1', 'dataset_consumes_unknown_never_scheduled', 'dataset_consumes_1', 'dataset_consumes_1_never_scheduled' retrieved from /home/airflow/.local/lib/python3.8/site-packages/airflow/example_dags/example_datasets.py
[2024-02-14T20:40:42.454+0000] {logging_mixin.py:188} INFO - [2024-02-14T20:40:42.453+0000] {dag.py:3036} INFO - Sync 6 DAGs
[2024-02-14T20:40:42.521+0000] {logging_mixin.py:188} INFO - [2024-02-14T20:40:42.519+0000] {dag.py:3823} INFO - Setting next_dagrun for dataset_consumes_1 to None, run_after=None
[2024-02-14T20:40:42.532+0000] {logging_mixin.py:188} INFO - [2024-02-14T20:40:42.531+0000] {dag.py:3823} INFO - Setting next_dagrun for dataset_consumes_1_and_2 to None, run_after=None
[2024-02-14T20:40:42.537+0000] {logging_mixin.py:188} INFO - [2024-02-14T20:40:42.536+0000] {dag.py:3823} INFO - Setting next_dagrun for dataset_consumes_1_never_scheduled to None, run_after=None
[2024-02-14T20:40:42.543+0000] {logging_mixin.py:188} INFO - [2024-02-14T20:40:42.542+0000] {dag.py:3823} INFO - Setting next_dagrun for dataset_consumes_unknown_never_scheduled to None, run_after=None
[2024-02-14T20:40:42.552+0000] {logging_mixin.py:188} INFO - [2024-02-14T20:40:42.551+0000] {dag.py:3823} INFO - Setting next_dagrun for dataset_produces_1 to 2024-02-13 00:00:00+00:00, run_after=2024-02-14 00:00:00+00:00
[2024-02-14T20:40:42.557+0000] {logging_mixin.py:188} INFO - [2024-02-14T20:40:42.557+0000] {dag.py:3823} INFO - Setting next_dagrun for dataset_produces_2 to None, run_after=None
[2024-02-14T20:40:42.656+0000] {processor.py:183} INFO - Processing /home/airflow/.local/lib/python3.8/site-packages/airflow/example_dags/example_datasets.py took 0.330 seconds
[2024-02-14T20:41:12.922+0000] {processor.py:161} INFO - Started process (PID=1707) to work on /home/airflow/.local/lib/python3.8/site-packages/airflow/example_dags/example_datasets.py
[2024-02-14T20:41:12.925+0000] {processor.py:830} INFO - Processing file /home/airflow/.local/lib/python3.8/site-packages/airflow/example_dags/example_datasets.py for tasks to queue
[2024-02-14T20:41:12.928+0000] {logging_mixin.py:188} INFO - [2024-02-14T20:41:12.927+0000] {dagbag.py:538} INFO - Filling up the DagBag from /home/airflow/.local/lib/python3.8/site-packages/airflow/example_dags/example_datasets.py
[2024-02-14T20:41:12.958+0000] {processor.py:840} INFO - DAG(s) 'dataset_consumes_1_and_2', 'dataset_produces_1', 'dataset_produces_2', 'dataset_consumes_1', 'dataset_consumes_1_never_scheduled', 'dataset_consumes_unknown_never_scheduled' retrieved from /home/airflow/.local/lib/python3.8/site-packages/airflow/example_dags/example_datasets.py
[2024-02-14T20:41:13.088+0000] {logging_mixin.py:188} INFO - [2024-02-14T20:41:13.087+0000] {dag.py:3036} INFO - Sync 6 DAGs
[2024-02-14T20:41:13.160+0000] {logging_mixin.py:188} INFO - [2024-02-14T20:41:13.160+0000] {dag.py:3823} INFO - Setting next_dagrun for dataset_consumes_1 to None, run_after=None
[2024-02-14T20:41:13.173+0000] {logging_mixin.py:188} INFO - [2024-02-14T20:41:13.172+0000] {dag.py:3823} INFO - Setting next_dagrun for dataset_consumes_1_and_2 to None, run_after=None
[2024-02-14T20:41:13.177+0000] {logging_mixin.py:188} INFO - [2024-02-14T20:41:13.176+0000] {dag.py:3823} INFO - Setting next_dagrun for dataset_consumes_1_never_scheduled to None, run_after=None
[2024-02-14T20:41:13.182+0000] {logging_mixin.py:188} INFO - [2024-02-14T20:41:13.181+0000] {dag.py:3823} INFO - Setting next_dagrun for dataset_consumes_unknown_never_scheduled to None, run_after=None
[2024-02-14T20:41:13.192+0000] {logging_mixin.py:188} INFO - [2024-02-14T20:41:13.192+0000] {dag.py:3823} INFO - Setting next_dagrun for dataset_produces_1 to 2024-02-13 00:00:00+00:00, run_after=2024-02-14 00:00:00+00:00
[2024-02-14T20:41:13.197+0000] {logging_mixin.py:188} INFO - [2024-02-14T20:41:13.196+0000] {dag.py:3823} INFO - Setting next_dagrun for dataset_produces_2 to None, run_after=None
[2024-02-14T20:41:13.293+0000] {processor.py:183} INFO - Processing /home/airflow/.local/lib/python3.8/site-packages/airflow/example_dags/example_datasets.py took 0.381 seconds
[2024-02-14T20:41:44.015+0000] {processor.py:161} INFO - Started process (PID=1954) to work on /home/airflow/.local/lib/python3.8/site-packages/airflow/example_dags/example_datasets.py
[2024-02-14T20:41:44.021+0000] {processor.py:830} INFO - Processing file /home/airflow/.local/lib/python3.8/site-packages/airflow/example_dags/example_datasets.py for tasks to queue
[2024-02-14T20:41:44.024+0000] {logging_mixin.py:188} INFO - [2024-02-14T20:41:44.023+0000] {dagbag.py:538} INFO - Filling up the DagBag from /home/airflow/.local/lib/python3.8/site-packages/airflow/example_dags/example_datasets.py
[2024-02-14T20:41:44.057+0000] {processor.py:840} INFO - DAG(s) 'dataset_produces_2', 'dataset_consumes_1_and_2', 'dataset_consumes_unknown_never_scheduled', 'dataset_produces_1', 'dataset_consumes_1', 'dataset_consumes_1_never_scheduled' retrieved from /home/airflow/.local/lib/python3.8/site-packages/airflow/example_dags/example_datasets.py
[2024-02-14T20:41:44.209+0000] {logging_mixin.py:188} INFO - [2024-02-14T20:41:44.208+0000] {dag.py:3036} INFO - Sync 6 DAGs
[2024-02-14T20:41:44.309+0000] {logging_mixin.py:188} INFO - [2024-02-14T20:41:44.304+0000] {dag.py:3823} INFO - Setting next_dagrun for dataset_consumes_1 to None, run_after=None
[2024-02-14T20:41:44.324+0000] {logging_mixin.py:188} INFO - [2024-02-14T20:41:44.323+0000] {dag.py:3823} INFO - Setting next_dagrun for dataset_consumes_1_and_2 to None, run_after=None
[2024-02-14T20:41:44.328+0000] {logging_mixin.py:188} INFO - [2024-02-14T20:41:44.328+0000] {dag.py:3823} INFO - Setting next_dagrun for dataset_consumes_1_never_scheduled to None, run_after=None
[2024-02-14T20:41:44.335+0000] {logging_mixin.py:188} INFO - [2024-02-14T20:41:44.334+0000] {dag.py:3823} INFO - Setting next_dagrun for dataset_consumes_unknown_never_scheduled to None, run_after=None
[2024-02-14T20:41:44.353+0000] {logging_mixin.py:188} INFO - [2024-02-14T20:41:44.352+0000] {dag.py:3823} INFO - Setting next_dagrun for dataset_produces_1 to 2024-02-13 00:00:00+00:00, run_after=2024-02-14 00:00:00+00:00
[2024-02-14T20:41:44.362+0000] {logging_mixin.py:188} INFO - [2024-02-14T20:41:44.360+0000] {dag.py:3823} INFO - Setting next_dagrun for dataset_produces_2 to None, run_after=None
[2024-02-14T20:41:44.514+0000] {processor.py:183} INFO - Processing /home/airflow/.local/lib/python3.8/site-packages/airflow/example_dags/example_datasets.py took 0.508 seconds
[2024-02-14T20:42:14.817+0000] {processor.py:161} INFO - Started process (PID=2201) to work on /home/airflow/.local/lib/python3.8/site-packages/airflow/example_dags/example_datasets.py
[2024-02-14T20:42:14.821+0000] {processor.py:830} INFO - Processing file /home/airflow/.local/lib/python3.8/site-packages/airflow/example_dags/example_datasets.py for tasks to queue
[2024-02-14T20:42:14.826+0000] {logging_mixin.py:188} INFO - [2024-02-14T20:42:14.825+0000] {dagbag.py:538} INFO - Filling up the DagBag from /home/airflow/.local/lib/python3.8/site-packages/airflow/example_dags/example_datasets.py
[2024-02-14T20:42:14.870+0000] {processor.py:840} INFO - DAG(s) 'dataset_consumes_unknown_never_scheduled', 'dataset_consumes_1_never_scheduled', 'dataset_consumes_1', 'dataset_produces_2', 'dataset_consumes_1_and_2', 'dataset_produces_1' retrieved from /home/airflow/.local/lib/python3.8/site-packages/airflow/example_dags/example_datasets.py
[2024-02-14T20:42:15.049+0000] {logging_mixin.py:188} INFO - [2024-02-14T20:42:15.049+0000] {dag.py:3036} INFO - Sync 6 DAGs
[2024-02-14T20:42:15.105+0000] {logging_mixin.py:188} INFO - [2024-02-14T20:42:15.105+0000] {dag.py:3823} INFO - Setting next_dagrun for dataset_consumes_1 to None, run_after=None
[2024-02-14T20:42:15.113+0000] {logging_mixin.py:188} INFO - [2024-02-14T20:42:15.112+0000] {dag.py:3823} INFO - Setting next_dagrun for dataset_consumes_1_and_2 to None, run_after=None
[2024-02-14T20:42:15.116+0000] {logging_mixin.py:188} INFO - [2024-02-14T20:42:15.115+0000] {dag.py:3823} INFO - Setting next_dagrun for dataset_consumes_1_never_scheduled to None, run_after=None
[2024-02-14T20:42:15.118+0000] {logging_mixin.py:188} INFO - [2024-02-14T20:42:15.118+0000] {dag.py:3823} INFO - Setting next_dagrun for dataset_consumes_unknown_never_scheduled to None, run_after=None
[2024-02-14T20:42:15.124+0000] {logging_mixin.py:188} INFO - [2024-02-14T20:42:15.124+0000] {dag.py:3823} INFO - Setting next_dagrun for dataset_produces_1 to 2024-02-13 00:00:00+00:00, run_after=2024-02-14 00:00:00+00:00
[2024-02-14T20:42:15.130+0000] {logging_mixin.py:188} INFO - [2024-02-14T20:42:15.130+0000] {dag.py:3823} INFO - Setting next_dagrun for dataset_produces_2 to None, run_after=None
[2024-02-14T20:42:15.216+0000] {processor.py:183} INFO - Processing /home/airflow/.local/lib/python3.8/site-packages/airflow/example_dags/example_datasets.py took 0.413 seconds
[2024-02-14T20:42:45.902+0000] {processor.py:161} INFO - Started process (PID=2449) to work on /home/airflow/.local/lib/python3.8/site-packages/airflow/example_dags/example_datasets.py
[2024-02-14T20:42:45.908+0000] {processor.py:830} INFO - Processing file /home/airflow/.local/lib/python3.8/site-packages/airflow/example_dags/example_datasets.py for tasks to queue
[2024-02-14T20:42:45.912+0000] {logging_mixin.py:188} INFO - [2024-02-14T20:42:45.911+0000] {dagbag.py:538} INFO - Filling up the DagBag from /home/airflow/.local/lib/python3.8/site-packages/airflow/example_dags/example_datasets.py
[2024-02-14T20:42:45.952+0000] {processor.py:840} INFO - DAG(s) 'dataset_consumes_1_and_2', 'dataset_produces_1', 'dataset_consumes_unknown_never_scheduled', 'dataset_produces_2', 'dataset_consumes_1_never_scheduled', 'dataset_consumes_1' retrieved from /home/airflow/.local/lib/python3.8/site-packages/airflow/example_dags/example_datasets.py
[2024-02-14T20:42:46.093+0000] {logging_mixin.py:188} INFO - [2024-02-14T20:42:46.093+0000] {dag.py:3036} INFO - Sync 6 DAGs
[2024-02-14T20:42:46.150+0000] {logging_mixin.py:188} INFO - [2024-02-14T20:42:46.150+0000] {dag.py:3823} INFO - Setting next_dagrun for dataset_consumes_1 to None, run_after=None
[2024-02-14T20:42:46.158+0000] {logging_mixin.py:188} INFO - [2024-02-14T20:42:46.158+0000] {dag.py:3823} INFO - Setting next_dagrun for dataset_consumes_1_and_2 to None, run_after=None
[2024-02-14T20:42:46.161+0000] {logging_mixin.py:188} INFO - [2024-02-14T20:42:46.161+0000] {dag.py:3823} INFO - Setting next_dagrun for dataset_consumes_1_never_scheduled to None, run_after=None
[2024-02-14T20:42:46.165+0000] {logging_mixin.py:188} INFO - [2024-02-14T20:42:46.165+0000] {dag.py:3823} INFO - Setting next_dagrun for dataset_consumes_unknown_never_scheduled to None, run_after=None
[2024-02-14T20:42:46.173+0000] {logging_mixin.py:188} INFO - [2024-02-14T20:42:46.173+0000] {dag.py:3823} INFO - Setting next_dagrun for dataset_produces_1 to 2024-02-13 00:00:00+00:00, run_after=2024-02-14 00:00:00+00:00
[2024-02-14T20:42:46.178+0000] {logging_mixin.py:188} INFO - [2024-02-14T20:42:46.177+0000] {dag.py:3823} INFO - Setting next_dagrun for dataset_produces_2 to None, run_after=None
[2024-02-14T20:42:46.335+0000] {processor.py:183} INFO - Processing /home/airflow/.local/lib/python3.8/site-packages/airflow/example_dags/example_datasets.py took 0.441 seconds
[2024-02-14T20:43:16.645+0000] {processor.py:161} INFO - Started process (PID=2701) to work on /home/airflow/.local/lib/python3.8/site-packages/airflow/example_dags/example_datasets.py
[2024-02-14T20:43:16.647+0000] {processor.py:830} INFO - Processing file /home/airflow/.local/lib/python3.8/site-packages/airflow/example_dags/example_datasets.py for tasks to queue
[2024-02-14T20:43:16.649+0000] {logging_mixin.py:188} INFO - [2024-02-14T20:43:16.648+0000] {dagbag.py:538} INFO - Filling up the DagBag from /home/airflow/.local/lib/python3.8/site-packages/airflow/example_dags/example_datasets.py
[2024-02-14T20:43:16.663+0000] {processor.py:840} INFO - DAG(s) 'dataset_consumes_1', 'dataset_consumes_1_never_scheduled', 'dataset_produces_2', 'dataset_consumes_unknown_never_scheduled', 'dataset_produces_1', 'dataset_consumes_1_and_2' retrieved from /home/airflow/.local/lib/python3.8/site-packages/airflow/example_dags/example_datasets.py
[2024-02-14T20:43:16.716+0000] {logging_mixin.py:188} INFO - [2024-02-14T20:43:16.716+0000] {dag.py:3036} INFO - Sync 6 DAGs
[2024-02-14T20:43:16.749+0000] {logging_mixin.py:188} INFO - [2024-02-14T20:43:16.748+0000] {dag.py:3823} INFO - Setting next_dagrun for dataset_consumes_1 to None, run_after=None
[2024-02-14T20:43:16.756+0000] {logging_mixin.py:188} INFO - [2024-02-14T20:43:16.756+0000] {dag.py:3823} INFO - Setting next_dagrun for dataset_consumes_1_and_2 to None, run_after=None
[2024-02-14T20:43:16.763+0000] {logging_mixin.py:188} INFO - [2024-02-14T20:43:16.758+0000] {dag.py:3823} INFO - Setting next_dagrun for dataset_consumes_1_never_scheduled to None, run_after=None
[2024-02-14T20:43:16.765+0000] {logging_mixin.py:188} INFO - [2024-02-14T20:43:16.765+0000] {dag.py:3823} INFO - Setting next_dagrun for dataset_consumes_unknown_never_scheduled to None, run_after=None
[2024-02-14T20:43:16.770+0000] {logging_mixin.py:188} INFO - [2024-02-14T20:43:16.770+0000] {dag.py:3823} INFO - Setting next_dagrun for dataset_produces_1 to 2024-02-13 00:00:00+00:00, run_after=2024-02-14 00:00:00+00:00
[2024-02-14T20:43:16.774+0000] {logging_mixin.py:188} INFO - [2024-02-14T20:43:16.773+0000] {dag.py:3823} INFO - Setting next_dagrun for dataset_produces_2 to None, run_after=None
[2024-02-14T20:43:16.833+0000] {processor.py:183} INFO - Processing /home/airflow/.local/lib/python3.8/site-packages/airflow/example_dags/example_datasets.py took 0.192 seconds
[2024-02-14T20:43:47.187+0000] {processor.py:161} INFO - Started process (PID=2947) to work on /home/airflow/.local/lib/python3.8/site-packages/airflow/example_dags/example_datasets.py
[2024-02-14T20:43:47.189+0000] {processor.py:830} INFO - Processing file /home/airflow/.local/lib/python3.8/site-packages/airflow/example_dags/example_datasets.py for tasks to queue
[2024-02-14T20:43:47.192+0000] {logging_mixin.py:188} INFO - [2024-02-14T20:43:47.191+0000] {dagbag.py:538} INFO - Filling up the DagBag from /home/airflow/.local/lib/python3.8/site-packages/airflow/example_dags/example_datasets.py
[2024-02-14T20:43:47.214+0000] {processor.py:840} INFO - DAG(s) 'dataset_consumes_unknown_never_scheduled', 'dataset_consumes_1', 'dataset_consumes_1_never_scheduled', 'dataset_produces_2', 'dataset_produces_1', 'dataset_consumes_1_and_2' retrieved from /home/airflow/.local/lib/python3.8/site-packages/airflow/example_dags/example_datasets.py
[2024-02-14T20:43:47.294+0000] {logging_mixin.py:188} INFO - [2024-02-14T20:43:47.294+0000] {dag.py:3036} INFO - Sync 6 DAGs
[2024-02-14T20:43:47.342+0000] {logging_mixin.py:188} INFO - [2024-02-14T20:43:47.342+0000] {dag.py:3823} INFO - Setting next_dagrun for dataset_consumes_1 to None, run_after=None
[2024-02-14T20:43:47.351+0000] {logging_mixin.py:188} INFO - [2024-02-14T20:43:47.350+0000] {dag.py:3823} INFO - Setting next_dagrun for dataset_consumes_1_and_2 to None, run_after=None
[2024-02-14T20:43:47.354+0000] {logging_mixin.py:188} INFO - [2024-02-14T20:43:47.354+0000] {dag.py:3823} INFO - Setting next_dagrun for dataset_consumes_1_never_scheduled to None, run_after=None
[2024-02-14T20:43:47.357+0000] {logging_mixin.py:188} INFO - [2024-02-14T20:43:47.357+0000] {dag.py:3823} INFO - Setting next_dagrun for dataset_consumes_unknown_never_scheduled to None, run_after=None
[2024-02-14T20:43:47.363+0000] {logging_mixin.py:188} INFO - [2024-02-14T20:43:47.362+0000] {dag.py:3823} INFO - Setting next_dagrun for dataset_produces_1 to 2024-02-13 00:00:00+00:00, run_after=2024-02-14 00:00:00+00:00
[2024-02-14T20:43:47.369+0000] {logging_mixin.py:188} INFO - [2024-02-14T20:43:47.368+0000] {dag.py:3823} INFO - Setting next_dagrun for dataset_produces_2 to None, run_after=None
[2024-02-14T20:43:47.439+0000] {processor.py:183} INFO - Processing /home/airflow/.local/lib/python3.8/site-packages/airflow/example_dags/example_datasets.py took 0.260 seconds
[2024-02-14T20:44:17.809+0000] {processor.py:161} INFO - Started process (PID=3200) to work on /home/airflow/.local/lib/python3.8/site-packages/airflow/example_dags/example_datasets.py
[2024-02-14T20:44:17.813+0000] {processor.py:830} INFO - Processing file /home/airflow/.local/lib/python3.8/site-packages/airflow/example_dags/example_datasets.py for tasks to queue
[2024-02-14T20:44:17.816+0000] {logging_mixin.py:188} INFO - [2024-02-14T20:44:17.815+0000] {dagbag.py:538} INFO - Filling up the DagBag from /home/airflow/.local/lib/python3.8/site-packages/airflow/example_dags/example_datasets.py
[2024-02-14T20:44:17.843+0000] {processor.py:840} INFO - DAG(s) 'dataset_consumes_1_and_2', 'dataset_consumes_1_never_scheduled', 'dataset_consumes_unknown_never_scheduled', 'dataset_produces_2', 'dataset_produces_1', 'dataset_consumes_1' retrieved from /home/airflow/.local/lib/python3.8/site-packages/airflow/example_dags/example_datasets.py
[2024-02-14T20:44:17.945+0000] {logging_mixin.py:188} INFO - [2024-02-14T20:44:17.945+0000] {dag.py:3036} INFO - Sync 6 DAGs
[2024-02-14T20:44:18.010+0000] {logging_mixin.py:188} INFO - [2024-02-14T20:44:18.009+0000] {dag.py:3823} INFO - Setting next_dagrun for dataset_consumes_1 to None, run_after=None
[2024-02-14T20:44:18.021+0000] {logging_mixin.py:188} INFO - [2024-02-14T20:44:18.020+0000] {dag.py:3823} INFO - Setting next_dagrun for dataset_consumes_1_and_2 to None, run_after=None
[2024-02-14T20:44:18.025+0000] {logging_mixin.py:188} INFO - [2024-02-14T20:44:18.025+0000] {dag.py:3823} INFO - Setting next_dagrun for dataset_consumes_1_never_scheduled to None, run_after=None
[2024-02-14T20:44:18.029+0000] {logging_mixin.py:188} INFO - [2024-02-14T20:44:18.029+0000] {dag.py:3823} INFO - Setting next_dagrun for dataset_consumes_unknown_never_scheduled to None, run_after=None
[2024-02-14T20:44:18.039+0000] {logging_mixin.py:188} INFO - [2024-02-14T20:44:18.039+0000] {dag.py:3823} INFO - Setting next_dagrun for dataset_produces_1 to 2024-02-13 00:00:00+00:00, run_after=2024-02-14 00:00:00+00:00
[2024-02-14T20:44:18.044+0000] {logging_mixin.py:188} INFO - [2024-02-14T20:44:18.043+0000] {dag.py:3823} INFO - Setting next_dagrun for dataset_produces_2 to None, run_after=None
[2024-02-14T20:44:18.143+0000] {processor.py:183} INFO - Processing /home/airflow/.local/lib/python3.8/site-packages/airflow/example_dags/example_datasets.py took 0.344 seconds
[2024-02-14T20:44:48.206+0000] {processor.py:161} INFO - Started process (PID=3450) to work on /home/airflow/.local/lib/python3.8/site-packages/airflow/example_dags/example_datasets.py
[2024-02-14T20:44:48.207+0000] {processor.py:830} INFO - Processing file /home/airflow/.local/lib/python3.8/site-packages/airflow/example_dags/example_datasets.py for tasks to queue
[2024-02-14T20:44:48.209+0000] {logging_mixin.py:188} INFO - [2024-02-14T20:44:48.208+0000] {dagbag.py:538} INFO - Filling up the DagBag from /home/airflow/.local/lib/python3.8/site-packages/airflow/example_dags/example_datasets.py
[2024-02-14T20:44:48.224+0000] {processor.py:840} INFO - DAG(s) 'dataset_consumes_1', 'dataset_consumes_unknown_never_scheduled', 'dataset_consumes_1_and_2', 'dataset_consumes_1_never_scheduled', 'dataset_produces_1', 'dataset_produces_2' retrieved from /home/airflow/.local/lib/python3.8/site-packages/airflow/example_dags/example_datasets.py
[2024-02-14T20:44:48.294+0000] {logging_mixin.py:188} INFO - [2024-02-14T20:44:48.294+0000] {dag.py:3036} INFO - Sync 6 DAGs
[2024-02-14T20:44:48.334+0000] {logging_mixin.py:188} INFO - [2024-02-14T20:44:48.333+0000] {dag.py:3823} INFO - Setting next_dagrun for dataset_consumes_1 to None, run_after=None
[2024-02-14T20:44:48.339+0000] {logging_mixin.py:188} INFO - [2024-02-14T20:44:48.339+0000] {dag.py:3823} INFO - Setting next_dagrun for dataset_consumes_1_and_2 to None, run_after=None
[2024-02-14T20:44:48.341+0000] {logging_mixin.py:188} INFO - [2024-02-14T20:44:48.341+0000] {dag.py:3823} INFO - Setting next_dagrun for dataset_consumes_1_never_scheduled to None, run_after=None
[2024-02-14T20:44:48.343+0000] {logging_mixin.py:188} INFO - [2024-02-14T20:44:48.343+0000] {dag.py:3823} INFO - Setting next_dagrun for dataset_consumes_unknown_never_scheduled to None, run_after=None
[2024-02-14T20:44:48.349+0000] {logging_mixin.py:188} INFO - [2024-02-14T20:44:48.348+0000] {dag.py:3823} INFO - Setting next_dagrun for dataset_produces_1 to 2024-02-13 00:00:00+00:00, run_after=2024-02-14 00:00:00+00:00
[2024-02-14T20:44:48.351+0000] {logging_mixin.py:188} INFO - [2024-02-14T20:44:48.351+0000] {dag.py:3823} INFO - Setting next_dagrun for dataset_produces_2 to None, run_after=None
[2024-02-14T20:44:48.399+0000] {processor.py:183} INFO - Processing /home/airflow/.local/lib/python3.8/site-packages/airflow/example_dags/example_datasets.py took 0.199 seconds
[2024-02-14T20:45:18.459+0000] {processor.py:161} INFO - Started process (PID=3685) to work on /home/airflow/.local/lib/python3.8/site-packages/airflow/example_dags/example_datasets.py
[2024-02-14T20:45:18.461+0000] {processor.py:830} INFO - Processing file /home/airflow/.local/lib/python3.8/site-packages/airflow/example_dags/example_datasets.py for tasks to queue
[2024-02-14T20:45:18.463+0000] {logging_mixin.py:188} INFO - [2024-02-14T20:45:18.462+0000] {dagbag.py:538} INFO - Filling up the DagBag from /home/airflow/.local/lib/python3.8/site-packages/airflow/example_dags/example_datasets.py
[2024-02-14T20:45:18.479+0000] {processor.py:840} INFO - DAG(s) 'dataset_consumes_1', 'dataset_consumes_1_and_2', 'dataset_consumes_unknown_never_scheduled', 'dataset_produces_2', 'dataset_produces_1', 'dataset_consumes_1_never_scheduled' retrieved from /home/airflow/.local/lib/python3.8/site-packages/airflow/example_dags/example_datasets.py
[2024-02-14T20:45:18.534+0000] {logging_mixin.py:188} INFO - [2024-02-14T20:45:18.533+0000] {dag.py:3036} INFO - Sync 6 DAGs
[2024-02-14T20:45:18.570+0000] {logging_mixin.py:188} INFO - [2024-02-14T20:45:18.570+0000] {dag.py:3823} INFO - Setting next_dagrun for dataset_consumes_1 to None, run_after=None
[2024-02-14T20:45:18.575+0000] {logging_mixin.py:188} INFO - [2024-02-14T20:45:18.575+0000] {dag.py:3823} INFO - Setting next_dagrun for dataset_consumes_1_and_2 to None, run_after=None
[2024-02-14T20:45:18.578+0000] {logging_mixin.py:188} INFO - [2024-02-14T20:45:18.578+0000] {dag.py:3823} INFO - Setting next_dagrun for dataset_consumes_1_never_scheduled to None, run_after=None
[2024-02-14T20:45:18.581+0000] {logging_mixin.py:188} INFO - [2024-02-14T20:45:18.580+0000] {dag.py:3823} INFO - Setting next_dagrun for dataset_consumes_unknown_never_scheduled to None, run_after=None
[2024-02-14T20:45:18.585+0000] {logging_mixin.py:188} INFO - [2024-02-14T20:45:18.585+0000] {dag.py:3823} INFO - Setting next_dagrun for dataset_produces_1 to 2024-02-13 00:00:00+00:00, run_after=2024-02-14 00:00:00+00:00
[2024-02-14T20:45:18.588+0000] {logging_mixin.py:188} INFO - [2024-02-14T20:45:18.588+0000] {dag.py:3823} INFO - Setting next_dagrun for dataset_produces_2 to None, run_after=None
[2024-02-14T20:45:18.646+0000] {processor.py:183} INFO - Processing /home/airflow/.local/lib/python3.8/site-packages/airflow/example_dags/example_datasets.py took 0.191 seconds
[2024-02-14T20:45:49.172+0000] {processor.py:161} INFO - Started process (PID=3932) to work on /home/airflow/.local/lib/python3.8/site-packages/airflow/example_dags/example_datasets.py
[2024-02-14T20:45:49.176+0000] {processor.py:830} INFO - Processing file /home/airflow/.local/lib/python3.8/site-packages/airflow/example_dags/example_datasets.py for tasks to queue
[2024-02-14T20:45:49.180+0000] {logging_mixin.py:188} INFO - [2024-02-14T20:45:49.179+0000] {dagbag.py:538} INFO - Filling up the DagBag from /home/airflow/.local/lib/python3.8/site-packages/airflow/example_dags/example_datasets.py
[2024-02-14T20:45:49.240+0000] {processor.py:840} INFO - DAG(s) 'dataset_consumes_1', 'dataset_consumes_1_never_scheduled', 'dataset_produces_2', 'dataset_consumes_unknown_never_scheduled', 'dataset_produces_1', 'dataset_consumes_1_and_2' retrieved from /home/airflow/.local/lib/python3.8/site-packages/airflow/example_dags/example_datasets.py
[2024-02-14T20:45:49.466+0000] {logging_mixin.py:188} INFO - [2024-02-14T20:45:49.465+0000] {dag.py:3036} INFO - Sync 6 DAGs
[2024-02-14T20:45:49.573+0000] {logging_mixin.py:188} INFO - [2024-02-14T20:45:49.573+0000] {dag.py:3823} INFO - Setting next_dagrun for dataset_consumes_1 to None, run_after=None
[2024-02-14T20:45:49.587+0000] {logging_mixin.py:188} INFO - [2024-02-14T20:45:49.586+0000] {dag.py:3823} INFO - Setting next_dagrun for dataset_consumes_1_and_2 to None, run_after=None
[2024-02-14T20:45:49.596+0000] {logging_mixin.py:188} INFO - [2024-02-14T20:45:49.596+0000] {dag.py:3823} INFO - Setting next_dagrun for dataset_consumes_1_never_scheduled to None, run_after=None
[2024-02-14T20:45:49.609+0000] {logging_mixin.py:188} INFO - [2024-02-14T20:45:49.604+0000] {dag.py:3823} INFO - Setting next_dagrun for dataset_consumes_unknown_never_scheduled to None, run_after=None
[2024-02-14T20:45:49.625+0000] {logging_mixin.py:188} INFO - [2024-02-14T20:45:49.624+0000] {dag.py:3823} INFO - Setting next_dagrun for dataset_produces_1 to 2024-02-13 00:00:00+00:00, run_after=2024-02-14 00:00:00+00:00
[2024-02-14T20:45:49.629+0000] {logging_mixin.py:188} INFO - [2024-02-14T20:45:49.629+0000] {dag.py:3823} INFO - Setting next_dagrun for dataset_produces_2 to None, run_after=None
[2024-02-14T20:45:49.739+0000] {processor.py:183} INFO - Processing /home/airflow/.local/lib/python3.8/site-packages/airflow/example_dags/example_datasets.py took 0.581 seconds
[2024-02-14T20:46:20.195+0000] {processor.py:161} INFO - Started process (PID=4184) to work on /home/airflow/.local/lib/python3.8/site-packages/airflow/example_dags/example_datasets.py
[2024-02-14T20:46:20.199+0000] {processor.py:830} INFO - Processing file /home/airflow/.local/lib/python3.8/site-packages/airflow/example_dags/example_datasets.py for tasks to queue
[2024-02-14T20:46:20.202+0000] {logging_mixin.py:188} INFO - [2024-02-14T20:46:20.201+0000] {dagbag.py:538} INFO - Filling up the DagBag from /home/airflow/.local/lib/python3.8/site-packages/airflow/example_dags/example_datasets.py
[2024-02-14T20:46:20.232+0000] {processor.py:840} INFO - DAG(s) 'dataset_consumes_unknown_never_scheduled', 'dataset_consumes_1_and_2', 'dataset_consumes_1', 'dataset_produces_2', 'dataset_consumes_1_never_scheduled', 'dataset_produces_1' retrieved from /home/airflow/.local/lib/python3.8/site-packages/airflow/example_dags/example_datasets.py
[2024-02-14T20:46:20.287+0000] {logging_mixin.py:188} INFO - [2024-02-14T20:46:20.286+0000] {dag.py:3036} INFO - Sync 6 DAGs
[2024-02-14T20:46:20.319+0000] {logging_mixin.py:188} INFO - [2024-02-14T20:46:20.318+0000] {dag.py:3823} INFO - Setting next_dagrun for dataset_consumes_1 to None, run_after=None
[2024-02-14T20:46:20.324+0000] {logging_mixin.py:188} INFO - [2024-02-14T20:46:20.323+0000] {dag.py:3823} INFO - Setting next_dagrun for dataset_consumes_1_and_2 to None, run_after=None
[2024-02-14T20:46:20.326+0000] {logging_mixin.py:188} INFO - [2024-02-14T20:46:20.326+0000] {dag.py:3823} INFO - Setting next_dagrun for dataset_consumes_1_never_scheduled to None, run_after=None
[2024-02-14T20:46:20.329+0000] {logging_mixin.py:188} INFO - [2024-02-14T20:46:20.329+0000] {dag.py:3823} INFO - Setting next_dagrun for dataset_consumes_unknown_never_scheduled to None, run_after=None
[2024-02-14T20:46:20.334+0000] {logging_mixin.py:188} INFO - [2024-02-14T20:46:20.333+0000] {dag.py:3823} INFO - Setting next_dagrun for dataset_produces_1 to 2024-02-13 00:00:00+00:00, run_after=2024-02-14 00:00:00+00:00
[2024-02-14T20:46:20.337+0000] {logging_mixin.py:188} INFO - [2024-02-14T20:46:20.336+0000] {dag.py:3823} INFO - Setting next_dagrun for dataset_produces_2 to None, run_after=None
[2024-02-14T20:46:20.387+0000] {processor.py:183} INFO - Processing /home/airflow/.local/lib/python3.8/site-packages/airflow/example_dags/example_datasets.py took 0.202 seconds
[2024-02-14T20:46:50.565+0000] {processor.py:161} INFO - Started process (PID=4437) to work on /home/airflow/.local/lib/python3.8/site-packages/airflow/example_dags/example_datasets.py
[2024-02-14T20:46:50.568+0000] {processor.py:830} INFO - Processing file /home/airflow/.local/lib/python3.8/site-packages/airflow/example_dags/example_datasets.py for tasks to queue
[2024-02-14T20:46:50.571+0000] {logging_mixin.py:188} INFO - [2024-02-14T20:46:50.570+0000] {dagbag.py:538} INFO - Filling up the DagBag from /home/airflow/.local/lib/python3.8/site-packages/airflow/example_dags/example_datasets.py
[2024-02-14T20:46:50.602+0000] {processor.py:840} INFO - DAG(s) 'dataset_consumes_1_and_2', 'dataset_produces_2', 'dataset_consumes_1_never_scheduled', 'dataset_consumes_unknown_never_scheduled', 'dataset_consumes_1', 'dataset_produces_1' retrieved from /home/airflow/.local/lib/python3.8/site-packages/airflow/example_dags/example_datasets.py
[2024-02-14T20:46:50.733+0000] {logging_mixin.py:188} INFO - [2024-02-14T20:46:50.732+0000] {dag.py:3036} INFO - Sync 6 DAGs
[2024-02-14T20:46:50.775+0000] {logging_mixin.py:188} INFO - [2024-02-14T20:46:50.774+0000] {dag.py:3823} INFO - Setting next_dagrun for dataset_consumes_1 to None, run_after=None
[2024-02-14T20:46:50.780+0000] {logging_mixin.py:188} INFO - [2024-02-14T20:46:50.780+0000] {dag.py:3823} INFO - Setting next_dagrun for dataset_consumes_1_and_2 to None, run_after=None
[2024-02-14T20:46:50.783+0000] {logging_mixin.py:188} INFO - [2024-02-14T20:46:50.783+0000] {dag.py:3823} INFO - Setting next_dagrun for dataset_consumes_1_never_scheduled to None, run_after=None
[2024-02-14T20:46:50.785+0000] {logging_mixin.py:188} INFO - [2024-02-14T20:46:50.785+0000] {dag.py:3823} INFO - Setting next_dagrun for dataset_consumes_unknown_never_scheduled to None, run_after=None
[2024-02-14T20:46:50.791+0000] {logging_mixin.py:188} INFO - [2024-02-14T20:46:50.790+0000] {dag.py:3823} INFO - Setting next_dagrun for dataset_produces_1 to 2024-02-13 00:00:00+00:00, run_after=2024-02-14 00:00:00+00:00
[2024-02-14T20:46:50.793+0000] {logging_mixin.py:188} INFO - [2024-02-14T20:46:50.793+0000] {dag.py:3823} INFO - Setting next_dagrun for dataset_produces_2 to None, run_after=None
[2024-02-14T20:46:50.847+0000] {processor.py:183} INFO - Processing /home/airflow/.local/lib/python3.8/site-packages/airflow/example_dags/example_datasets.py took 0.289 seconds
[2024-02-14T20:47:21.365+0000] {processor.py:161} INFO - Started process (PID=4674) to work on /home/airflow/.local/lib/python3.8/site-packages/airflow/example_dags/example_datasets.py
[2024-02-14T20:47:21.369+0000] {processor.py:830} INFO - Processing file /home/airflow/.local/lib/python3.8/site-packages/airflow/example_dags/example_datasets.py for tasks to queue
[2024-02-14T20:47:21.373+0000] {logging_mixin.py:188} INFO - [2024-02-14T20:47:21.372+0000] {dagbag.py:538} INFO - Filling up the DagBag from /home/airflow/.local/lib/python3.8/site-packages/airflow/example_dags/example_datasets.py
[2024-02-14T20:47:21.412+0000] {processor.py:840} INFO - DAG(s) 'dataset_consumes_unknown_never_scheduled', 'dataset_produces_1', 'dataset_consumes_1', 'dataset_consumes_1_never_scheduled', 'dataset_produces_2', 'dataset_consumes_1_and_2' retrieved from /home/airflow/.local/lib/python3.8/site-packages/airflow/example_dags/example_datasets.py
[2024-02-14T20:47:21.518+0000] {logging_mixin.py:188} INFO - [2024-02-14T20:47:21.518+0000] {dag.py:3036} INFO - Sync 6 DAGs
[2024-02-14T20:47:21.561+0000] {logging_mixin.py:188} INFO - [2024-02-14T20:47:21.561+0000] {dag.py:3823} INFO - Setting next_dagrun for dataset_consumes_1 to None, run_after=None
[2024-02-14T20:47:21.567+0000] {logging_mixin.py:188} INFO - [2024-02-14T20:47:21.567+0000] {dag.py:3823} INFO - Setting next_dagrun for dataset_consumes_1_and_2 to None, run_after=None
[2024-02-14T20:47:21.570+0000] {logging_mixin.py:188} INFO - [2024-02-14T20:47:21.570+0000] {dag.py:3823} INFO - Setting next_dagrun for dataset_consumes_1_never_scheduled to None, run_after=None
[2024-02-14T20:47:21.573+0000] {logging_mixin.py:188} INFO - [2024-02-14T20:47:21.573+0000] {dag.py:3823} INFO - Setting next_dagrun for dataset_consumes_unknown_never_scheduled to None, run_after=None
[2024-02-14T20:47:21.580+0000] {logging_mixin.py:188} INFO - [2024-02-14T20:47:21.579+0000] {dag.py:3823} INFO - Setting next_dagrun for dataset_produces_1 to 2024-02-13 00:00:00+00:00, run_after=2024-02-14 00:00:00+00:00
[2024-02-14T20:47:21.582+0000] {logging_mixin.py:188} INFO - [2024-02-14T20:47:21.582+0000] {dag.py:3823} INFO - Setting next_dagrun for dataset_produces_2 to None, run_after=None
[2024-02-14T20:47:21.661+0000] {processor.py:183} INFO - Processing /home/airflow/.local/lib/python3.8/site-packages/airflow/example_dags/example_datasets.py took 0.308 seconds
[2024-02-14T20:47:51.781+0000] {processor.py:161} INFO - Started process (PID=4924) to work on /home/airflow/.local/lib/python3.8/site-packages/airflow/example_dags/example_datasets.py
[2024-02-14T20:47:51.784+0000] {processor.py:830} INFO - Processing file /home/airflow/.local/lib/python3.8/site-packages/airflow/example_dags/example_datasets.py for tasks to queue
[2024-02-14T20:47:51.786+0000] {logging_mixin.py:188} INFO - [2024-02-14T20:47:51.785+0000] {dagbag.py:538} INFO - Filling up the DagBag from /home/airflow/.local/lib/python3.8/site-packages/airflow/example_dags/example_datasets.py
[2024-02-14T20:47:51.804+0000] {processor.py:840} INFO - DAG(s) 'dataset_consumes_unknown_never_scheduled', 'dataset_produces_1', 'dataset_consumes_1_never_scheduled', 'dataset_consumes_1_and_2', 'dataset_produces_2', 'dataset_consumes_1' retrieved from /home/airflow/.local/lib/python3.8/site-packages/airflow/example_dags/example_datasets.py
[2024-02-14T20:47:51.875+0000] {logging_mixin.py:188} INFO - [2024-02-14T20:47:51.875+0000] {dag.py:3036} INFO - Sync 6 DAGs
[2024-02-14T20:47:51.920+0000] {logging_mixin.py:188} INFO - [2024-02-14T20:47:51.920+0000] {dag.py:3823} INFO - Setting next_dagrun for dataset_consumes_1 to None, run_after=None
[2024-02-14T20:47:51.927+0000] {logging_mixin.py:188} INFO - [2024-02-14T20:47:51.927+0000] {dag.py:3823} INFO - Setting next_dagrun for dataset_consumes_1_and_2 to None, run_after=None
[2024-02-14T20:47:51.930+0000] {logging_mixin.py:188} INFO - [2024-02-14T20:47:51.930+0000] {dag.py:3823} INFO - Setting next_dagrun for dataset_consumes_1_never_scheduled to None, run_after=None
[2024-02-14T20:47:51.933+0000] {logging_mixin.py:188} INFO - [2024-02-14T20:47:51.932+0000] {dag.py:3823} INFO - Setting next_dagrun for dataset_consumes_unknown_never_scheduled to None, run_after=None
[2024-02-14T20:47:51.939+0000] {logging_mixin.py:188} INFO - [2024-02-14T20:47:51.939+0000] {dag.py:3823} INFO - Setting next_dagrun for dataset_produces_1 to 2024-02-13 00:00:00+00:00, run_after=2024-02-14 00:00:00+00:00
[2024-02-14T20:47:51.942+0000] {logging_mixin.py:188} INFO - [2024-02-14T20:47:51.942+0000] {dag.py:3823} INFO - Setting next_dagrun for dataset_produces_2 to None, run_after=None
[2024-02-14T20:47:52.003+0000] {processor.py:183} INFO - Processing /home/airflow/.local/lib/python3.8/site-packages/airflow/example_dags/example_datasets.py took 0.227 seconds
[2024-02-14T20:48:22.348+0000] {processor.py:161} INFO - Started process (PID=5168) to work on /home/airflow/.local/lib/python3.8/site-packages/airflow/example_dags/example_datasets.py
[2024-02-14T20:48:22.350+0000] {processor.py:830} INFO - Processing file /home/airflow/.local/lib/python3.8/site-packages/airflow/example_dags/example_datasets.py for tasks to queue
[2024-02-14T20:48:22.352+0000] {logging_mixin.py:188} INFO - [2024-02-14T20:48:22.351+0000] {dagbag.py:538} INFO - Filling up the DagBag from /home/airflow/.local/lib/python3.8/site-packages/airflow/example_dags/example_datasets.py
[2024-02-14T20:48:22.365+0000] {processor.py:840} INFO - DAG(s) 'dataset_consumes_1_never_scheduled', 'dataset_consumes_unknown_never_scheduled', 'dataset_produces_2', 'dataset_consumes_1', 'dataset_consumes_1_and_2', 'dataset_produces_1' retrieved from /home/airflow/.local/lib/python3.8/site-packages/airflow/example_dags/example_datasets.py
[2024-02-14T20:48:22.420+0000] {logging_mixin.py:188} INFO - [2024-02-14T20:48:22.420+0000] {dag.py:3036} INFO - Sync 6 DAGs
[2024-02-14T20:48:22.452+0000] {logging_mixin.py:188} INFO - [2024-02-14T20:48:22.451+0000] {dag.py:3823} INFO - Setting next_dagrun for dataset_consumes_1 to None, run_after=None
[2024-02-14T20:48:22.457+0000] {logging_mixin.py:188} INFO - [2024-02-14T20:48:22.457+0000] {dag.py:3823} INFO - Setting next_dagrun for dataset_consumes_1_and_2 to None, run_after=None
[2024-02-14T20:48:22.460+0000] {logging_mixin.py:188} INFO - [2024-02-14T20:48:22.459+0000] {dag.py:3823} INFO - Setting next_dagrun for dataset_consumes_1_never_scheduled to None, run_after=None
[2024-02-14T20:48:22.462+0000] {logging_mixin.py:188} INFO - [2024-02-14T20:48:22.461+0000] {dag.py:3823} INFO - Setting next_dagrun for dataset_consumes_unknown_never_scheduled to None, run_after=None
[2024-02-14T20:48:22.466+0000] {logging_mixin.py:188} INFO - [2024-02-14T20:48:22.466+0000] {dag.py:3823} INFO - Setting next_dagrun for dataset_produces_1 to 2024-02-13 00:00:00+00:00, run_after=2024-02-14 00:00:00+00:00
[2024-02-14T20:48:22.469+0000] {logging_mixin.py:188} INFO - [2024-02-14T20:48:22.468+0000] {dag.py:3823} INFO - Setting next_dagrun for dataset_produces_2 to None, run_after=None
[2024-02-14T20:48:22.526+0000] {processor.py:183} INFO - Processing /home/airflow/.local/lib/python3.8/site-packages/airflow/example_dags/example_datasets.py took 0.183 seconds
[2024-02-14T20:48:53.040+0000] {processor.py:161} INFO - Started process (PID=5415) to work on /home/airflow/.local/lib/python3.8/site-packages/airflow/example_dags/example_datasets.py
[2024-02-14T20:48:53.043+0000] {processor.py:830} INFO - Processing file /home/airflow/.local/lib/python3.8/site-packages/airflow/example_dags/example_datasets.py for tasks to queue
[2024-02-14T20:48:53.045+0000] {logging_mixin.py:188} INFO - [2024-02-14T20:48:53.044+0000] {dagbag.py:538} INFO - Filling up the DagBag from /home/airflow/.local/lib/python3.8/site-packages/airflow/example_dags/example_datasets.py
[2024-02-14T20:48:53.062+0000] {processor.py:840} INFO - DAG(s) 'dataset_consumes_unknown_never_scheduled', 'dataset_produces_2', 'dataset_consumes_1_and_2', 'dataset_consumes_1_never_scheduled', 'dataset_produces_1', 'dataset_consumes_1' retrieved from /home/airflow/.local/lib/python3.8/site-packages/airflow/example_dags/example_datasets.py
[2024-02-14T20:48:53.142+0000] {logging_mixin.py:188} INFO - [2024-02-14T20:48:53.141+0000] {dag.py:3036} INFO - Sync 6 DAGs
[2024-02-14T20:48:53.199+0000] {logging_mixin.py:188} INFO - [2024-02-14T20:48:53.199+0000] {dag.py:3823} INFO - Setting next_dagrun for dataset_consumes_1 to None, run_after=None
[2024-02-14T20:48:53.207+0000] {logging_mixin.py:188} INFO - [2024-02-14T20:48:53.207+0000] {dag.py:3823} INFO - Setting next_dagrun for dataset_consumes_1_and_2 to None, run_after=None
[2024-02-14T20:48:53.211+0000] {logging_mixin.py:188} INFO - [2024-02-14T20:48:53.210+0000] {dag.py:3823} INFO - Setting next_dagrun for dataset_consumes_1_never_scheduled to None, run_after=None
[2024-02-14T20:48:53.214+0000] {logging_mixin.py:188} INFO - [2024-02-14T20:48:53.213+0000] {dag.py:3823} INFO - Setting next_dagrun for dataset_consumes_unknown_never_scheduled to None, run_after=None
[2024-02-14T20:48:53.220+0000] {logging_mixin.py:188} INFO - [2024-02-14T20:48:53.219+0000] {dag.py:3823} INFO - Setting next_dagrun for dataset_produces_1 to 2024-02-13 00:00:00+00:00, run_after=2024-02-14 00:00:00+00:00
[2024-02-14T20:48:53.224+0000] {logging_mixin.py:188} INFO - [2024-02-14T20:48:53.224+0000] {dag.py:3823} INFO - Setting next_dagrun for dataset_produces_2 to None, run_after=None
[2024-02-14T20:48:53.320+0000] {processor.py:183} INFO - Processing /home/airflow/.local/lib/python3.8/site-packages/airflow/example_dags/example_datasets.py took 0.286 seconds
[2024-02-14T20:49:23.583+0000] {processor.py:161} INFO - Started process (PID=5663) to work on /home/airflow/.local/lib/python3.8/site-packages/airflow/example_dags/example_datasets.py
[2024-02-14T20:49:23.588+0000] {processor.py:830} INFO - Processing file /home/airflow/.local/lib/python3.8/site-packages/airflow/example_dags/example_datasets.py for tasks to queue
[2024-02-14T20:49:23.594+0000] {logging_mixin.py:188} INFO - [2024-02-14T20:49:23.592+0000] {dagbag.py:538} INFO - Filling up the DagBag from /home/airflow/.local/lib/python3.8/site-packages/airflow/example_dags/example_datasets.py
[2024-02-14T20:49:23.643+0000] {processor.py:840} INFO - DAG(s) 'dataset_consumes_1', 'dataset_produces_1', 'dataset_consumes_unknown_never_scheduled', 'dataset_consumes_1_never_scheduled', 'dataset_produces_2', 'dataset_consumes_1_and_2' retrieved from /home/airflow/.local/lib/python3.8/site-packages/airflow/example_dags/example_datasets.py
[2024-02-14T20:49:23.847+0000] {logging_mixin.py:188} INFO - [2024-02-14T20:49:23.846+0000] {dag.py:3036} INFO - Sync 6 DAGs
[2024-02-14T20:49:23.919+0000] {logging_mixin.py:188} INFO - [2024-02-14T20:49:23.919+0000] {dag.py:3823} INFO - Setting next_dagrun for dataset_consumes_1 to None, run_after=None
[2024-02-14T20:49:23.926+0000] {logging_mixin.py:188} INFO - [2024-02-14T20:49:23.925+0000] {dag.py:3823} INFO - Setting next_dagrun for dataset_consumes_1_and_2 to None, run_after=None
[2024-02-14T20:49:23.929+0000] {logging_mixin.py:188} INFO - [2024-02-14T20:49:23.929+0000] {dag.py:3823} INFO - Setting next_dagrun for dataset_consumes_1_never_scheduled to None, run_after=None
[2024-02-14T20:49:23.932+0000] {logging_mixin.py:188} INFO - [2024-02-14T20:49:23.932+0000] {dag.py:3823} INFO - Setting next_dagrun for dataset_consumes_unknown_never_scheduled to None, run_after=None
[2024-02-14T20:49:23.938+0000] {logging_mixin.py:188} INFO - [2024-02-14T20:49:23.938+0000] {dag.py:3823} INFO - Setting next_dagrun for dataset_produces_1 to 2024-02-13 00:00:00+00:00, run_after=2024-02-14 00:00:00+00:00
[2024-02-14T20:49:23.942+0000] {logging_mixin.py:188} INFO - [2024-02-14T20:49:23.941+0000] {dag.py:3823} INFO - Setting next_dagrun for dataset_produces_2 to None, run_after=None
[2024-02-14T20:49:24.034+0000] {processor.py:183} INFO - Processing /home/airflow/.local/lib/python3.8/site-packages/airflow/example_dags/example_datasets.py took 0.466 seconds
[2024-02-14T20:49:54.269+0000] {processor.py:161} INFO - Started process (PID=5916) to work on /home/airflow/.local/lib/python3.8/site-packages/airflow/example_dags/example_datasets.py
[2024-02-14T20:49:54.271+0000] {processor.py:830} INFO - Processing file /home/airflow/.local/lib/python3.8/site-packages/airflow/example_dags/example_datasets.py for tasks to queue
[2024-02-14T20:49:54.272+0000] {logging_mixin.py:188} INFO - [2024-02-14T20:49:54.272+0000] {dagbag.py:538} INFO - Filling up the DagBag from /home/airflow/.local/lib/python3.8/site-packages/airflow/example_dags/example_datasets.py
[2024-02-14T20:49:54.286+0000] {processor.py:840} INFO - DAG(s) 'dataset_produces_2', 'dataset_consumes_1_never_scheduled', 'dataset_produces_1', 'dataset_consumes_1_and_2', 'dataset_consumes_1', 'dataset_consumes_unknown_never_scheduled' retrieved from /home/airflow/.local/lib/python3.8/site-packages/airflow/example_dags/example_datasets.py
[2024-02-14T20:49:54.372+0000] {logging_mixin.py:188} INFO - [2024-02-14T20:49:54.372+0000] {dag.py:3036} INFO - Sync 6 DAGs
[2024-02-14T20:49:54.428+0000] {logging_mixin.py:188} INFO - [2024-02-14T20:49:54.427+0000] {dag.py:3823} INFO - Setting next_dagrun for dataset_consumes_1 to None, run_after=None
[2024-02-14T20:49:54.436+0000] {logging_mixin.py:188} INFO - [2024-02-14T20:49:54.436+0000] {dag.py:3823} INFO - Setting next_dagrun for dataset_consumes_1_and_2 to None, run_after=None
[2024-02-14T20:49:54.441+0000] {logging_mixin.py:188} INFO - [2024-02-14T20:49:54.441+0000] {dag.py:3823} INFO - Setting next_dagrun for dataset_consumes_1_never_scheduled to None, run_after=None
[2024-02-14T20:49:54.444+0000] {logging_mixin.py:188} INFO - [2024-02-14T20:49:54.444+0000] {dag.py:3823} INFO - Setting next_dagrun for dataset_consumes_unknown_never_scheduled to None, run_after=None
[2024-02-14T20:49:54.451+0000] {logging_mixin.py:188} INFO - [2024-02-14T20:49:54.451+0000] {dag.py:3823} INFO - Setting next_dagrun for dataset_produces_1 to 2024-02-13 00:00:00+00:00, run_after=2024-02-14 00:00:00+00:00
[2024-02-14T20:49:54.455+0000] {logging_mixin.py:188} INFO - [2024-02-14T20:49:54.454+0000] {dag.py:3823} INFO - Setting next_dagrun for dataset_produces_2 to None, run_after=None
[2024-02-14T20:49:54.555+0000] {processor.py:183} INFO - Processing /home/airflow/.local/lib/python3.8/site-packages/airflow/example_dags/example_datasets.py took 0.291 seconds
[2024-02-14T20:50:24.757+0000] {processor.py:161} INFO - Started process (PID=6168) to work on /home/airflow/.local/lib/python3.8/site-packages/airflow/example_dags/example_datasets.py
[2024-02-14T20:50:24.758+0000] {processor.py:830} INFO - Processing file /home/airflow/.local/lib/python3.8/site-packages/airflow/example_dags/example_datasets.py for tasks to queue
[2024-02-14T20:50:24.760+0000] {logging_mixin.py:188} INFO - [2024-02-14T20:50:24.759+0000] {dagbag.py:538} INFO - Filling up the DagBag from /home/airflow/.local/lib/python3.8/site-packages/airflow/example_dags/example_datasets.py
[2024-02-14T20:50:24.773+0000] {processor.py:840} INFO - DAG(s) 'dataset_consumes_unknown_never_scheduled', 'dataset_consumes_1', 'dataset_produces_1', 'dataset_consumes_1_never_scheduled', 'dataset_consumes_1_and_2', 'dataset_produces_2' retrieved from /home/airflow/.local/lib/python3.8/site-packages/airflow/example_dags/example_datasets.py
[2024-02-14T20:50:24.823+0000] {logging_mixin.py:188} INFO - [2024-02-14T20:50:24.823+0000] {dag.py:3036} INFO - Sync 6 DAGs
[2024-02-14T20:50:24.855+0000] {logging_mixin.py:188} INFO - [2024-02-14T20:50:24.854+0000] {dag.py:3823} INFO - Setting next_dagrun for dataset_consumes_1 to None, run_after=None
[2024-02-14T20:50:24.860+0000] {logging_mixin.py:188} INFO - [2024-02-14T20:50:24.859+0000] {dag.py:3823} INFO - Setting next_dagrun for dataset_consumes_1_and_2 to None, run_after=None
[2024-02-14T20:50:24.862+0000] {logging_mixin.py:188} INFO - [2024-02-14T20:50:24.862+0000] {dag.py:3823} INFO - Setting next_dagrun for dataset_consumes_1_never_scheduled to None, run_after=None
[2024-02-14T20:50:24.864+0000] {logging_mixin.py:188} INFO - [2024-02-14T20:50:24.864+0000] {dag.py:3823} INFO - Setting next_dagrun for dataset_consumes_unknown_never_scheduled to None, run_after=None
[2024-02-14T20:50:24.869+0000] {logging_mixin.py:188} INFO - [2024-02-14T20:50:24.868+0000] {dag.py:3823} INFO - Setting next_dagrun for dataset_produces_1 to 2024-02-13 00:00:00+00:00, run_after=2024-02-14 00:00:00+00:00
[2024-02-14T20:50:24.871+0000] {logging_mixin.py:188} INFO - [2024-02-14T20:50:24.871+0000] {dag.py:3823} INFO - Setting next_dagrun for dataset_produces_2 to None, run_after=None
[2024-02-14T20:50:24.915+0000] {processor.py:183} INFO - Processing /home/airflow/.local/lib/python3.8/site-packages/airflow/example_dags/example_datasets.py took 0.163 seconds
[2024-02-14T20:50:55.290+0000] {processor.py:161} INFO - Started process (PID=6406) to work on /home/airflow/.local/lib/python3.8/site-packages/airflow/example_dags/example_datasets.py
[2024-02-14T20:50:55.294+0000] {processor.py:830} INFO - Processing file /home/airflow/.local/lib/python3.8/site-packages/airflow/example_dags/example_datasets.py for tasks to queue
[2024-02-14T20:50:55.298+0000] {logging_mixin.py:188} INFO - [2024-02-14T20:50:55.297+0000] {dagbag.py:538} INFO - Filling up the DagBag from /home/airflow/.local/lib/python3.8/site-packages/airflow/example_dags/example_datasets.py
[2024-02-14T20:50:55.335+0000] {processor.py:840} INFO - DAG(s) 'dataset_consumes_1_and_2', 'dataset_consumes_unknown_never_scheduled', 'dataset_produces_2', 'dataset_produces_1', 'dataset_consumes_1', 'dataset_consumes_1_never_scheduled' retrieved from /home/airflow/.local/lib/python3.8/site-packages/airflow/example_dags/example_datasets.py
[2024-02-14T20:50:55.483+0000] {logging_mixin.py:188} INFO - [2024-02-14T20:50:55.482+0000] {dag.py:3036} INFO - Sync 6 DAGs
[2024-02-14T20:50:55.519+0000] {logging_mixin.py:188} INFO - [2024-02-14T20:50:55.519+0000] {dag.py:3823} INFO - Setting next_dagrun for dataset_consumes_1 to None, run_after=None
[2024-02-14T20:50:55.524+0000] {logging_mixin.py:188} INFO - [2024-02-14T20:50:55.524+0000] {dag.py:3823} INFO - Setting next_dagrun for dataset_consumes_1_and_2 to None, run_after=None
[2024-02-14T20:50:55.526+0000] {logging_mixin.py:188} INFO - [2024-02-14T20:50:55.526+0000] {dag.py:3823} INFO - Setting next_dagrun for dataset_consumes_1_never_scheduled to None, run_after=None
[2024-02-14T20:50:55.529+0000] {logging_mixin.py:188} INFO - [2024-02-14T20:50:55.529+0000] {dag.py:3823} INFO - Setting next_dagrun for dataset_consumes_unknown_never_scheduled to None, run_after=None
[2024-02-14T20:50:55.534+0000] {logging_mixin.py:188} INFO - [2024-02-14T20:50:55.533+0000] {dag.py:3823} INFO - Setting next_dagrun for dataset_produces_1 to 2024-02-13 00:00:00+00:00, run_after=2024-02-14 00:00:00+00:00
[2024-02-14T20:50:55.536+0000] {logging_mixin.py:188} INFO - [2024-02-14T20:50:55.536+0000] {dag.py:3823} INFO - Setting next_dagrun for dataset_produces_2 to None, run_after=None
[2024-02-14T20:50:55.593+0000] {processor.py:183} INFO - Processing /home/airflow/.local/lib/python3.8/site-packages/airflow/example_dags/example_datasets.py took 0.315 seconds
[2024-02-14T20:51:25.930+0000] {processor.py:161} INFO - Started process (PID=6659) to work on /home/airflow/.local/lib/python3.8/site-packages/airflow/example_dags/example_datasets.py
[2024-02-14T20:51:25.933+0000] {processor.py:830} INFO - Processing file /home/airflow/.local/lib/python3.8/site-packages/airflow/example_dags/example_datasets.py for tasks to queue
[2024-02-14T20:51:25.935+0000] {logging_mixin.py:188} INFO - [2024-02-14T20:51:25.934+0000] {dagbag.py:538} INFO - Filling up the DagBag from /home/airflow/.local/lib/python3.8/site-packages/airflow/example_dags/example_datasets.py
[2024-02-14T20:51:25.955+0000] {processor.py:840} INFO - DAG(s) 'dataset_produces_1', 'dataset_consumes_1_never_scheduled', 'dataset_consumes_1_and_2', 'dataset_consumes_unknown_never_scheduled', 'dataset_produces_2', 'dataset_consumes_1' retrieved from /home/airflow/.local/lib/python3.8/site-packages/airflow/example_dags/example_datasets.py
[2024-02-14T20:51:26.024+0000] {logging_mixin.py:188} INFO - [2024-02-14T20:51:26.023+0000] {dag.py:3036} INFO - Sync 6 DAGs
[2024-02-14T20:51:26.073+0000] {logging_mixin.py:188} INFO - [2024-02-14T20:51:26.073+0000] {dag.py:3823} INFO - Setting next_dagrun for dataset_consumes_1 to None, run_after=None
[2024-02-14T20:51:26.082+0000] {logging_mixin.py:188} INFO - [2024-02-14T20:51:26.082+0000] {dag.py:3823} INFO - Setting next_dagrun for dataset_consumes_1_and_2 to None, run_after=None
[2024-02-14T20:51:26.086+0000] {logging_mixin.py:188} INFO - [2024-02-14T20:51:26.086+0000] {dag.py:3823} INFO - Setting next_dagrun for dataset_consumes_1_never_scheduled to None, run_after=None
[2024-02-14T20:51:26.089+0000] {logging_mixin.py:188} INFO - [2024-02-14T20:51:26.089+0000] {dag.py:3823} INFO - Setting next_dagrun for dataset_consumes_unknown_never_scheduled to None, run_after=None
[2024-02-14T20:51:26.098+0000] {logging_mixin.py:188} INFO - [2024-02-14T20:51:26.097+0000] {dag.py:3823} INFO - Setting next_dagrun for dataset_produces_1 to 2024-02-13 00:00:00+00:00, run_after=2024-02-14 00:00:00+00:00
[2024-02-14T20:51:26.102+0000] {logging_mixin.py:188} INFO - [2024-02-14T20:51:26.101+0000] {dag.py:3823} INFO - Setting next_dagrun for dataset_produces_2 to None, run_after=None
[2024-02-14T20:51:26.161+0000] {processor.py:183} INFO - Processing /home/airflow/.local/lib/python3.8/site-packages/airflow/example_dags/example_datasets.py took 0.239 seconds
[2024-02-14T20:51:56.576+0000] {processor.py:161} INFO - Started process (PID=6901) to work on /home/airflow/.local/lib/python3.8/site-packages/airflow/example_dags/example_datasets.py
[2024-02-14T20:51:56.581+0000] {processor.py:830} INFO - Processing file /home/airflow/.local/lib/python3.8/site-packages/airflow/example_dags/example_datasets.py for tasks to queue
[2024-02-14T20:51:56.583+0000] {logging_mixin.py:188} INFO - [2024-02-14T20:51:56.582+0000] {dagbag.py:538} INFO - Filling up the DagBag from /home/airflow/.local/lib/python3.8/site-packages/airflow/example_dags/example_datasets.py
[2024-02-14T20:51:56.613+0000] {processor.py:840} INFO - DAG(s) 'dataset_produces_1', 'dataset_produces_2', 'dataset_consumes_1_never_scheduled', 'dataset_consumes_1', 'dataset_consumes_1_and_2', 'dataset_consumes_unknown_never_scheduled' retrieved from /home/airflow/.local/lib/python3.8/site-packages/airflow/example_dags/example_datasets.py
[2024-02-14T20:51:56.675+0000] {logging_mixin.py:188} INFO - [2024-02-14T20:51:56.675+0000] {dag.py:3036} INFO - Sync 6 DAGs
[2024-02-14T20:51:56.715+0000] {logging_mixin.py:188} INFO - [2024-02-14T20:51:56.714+0000] {dag.py:3823} INFO - Setting next_dagrun for dataset_consumes_1 to None, run_after=None
[2024-02-14T20:51:56.720+0000] {logging_mixin.py:188} INFO - [2024-02-14T20:51:56.720+0000] {dag.py:3823} INFO - Setting next_dagrun for dataset_consumes_1_and_2 to None, run_after=None
[2024-02-14T20:51:56.722+0000] {logging_mixin.py:188} INFO - [2024-02-14T20:51:56.722+0000] {dag.py:3823} INFO - Setting next_dagrun for dataset_consumes_1_never_scheduled to None, run_after=None
[2024-02-14T20:51:56.725+0000] {logging_mixin.py:188} INFO - [2024-02-14T20:51:56.725+0000] {dag.py:3823} INFO - Setting next_dagrun for dataset_consumes_unknown_never_scheduled to None, run_after=None
[2024-02-14T20:51:56.739+0000] {logging_mixin.py:188} INFO - [2024-02-14T20:51:56.739+0000] {dag.py:3823} INFO - Setting next_dagrun for dataset_produces_1 to 2024-02-13 00:00:00+00:00, run_after=2024-02-14 00:00:00+00:00
[2024-02-14T20:51:56.742+0000] {logging_mixin.py:188} INFO - [2024-02-14T20:51:56.742+0000] {dag.py:3823} INFO - Setting next_dagrun for dataset_produces_2 to None, run_after=None
[2024-02-14T20:51:56.798+0000] {processor.py:183} INFO - Processing /home/airflow/.local/lib/python3.8/site-packages/airflow/example_dags/example_datasets.py took 0.235 seconds
[2024-02-14T20:52:27.186+0000] {processor.py:161} INFO - Started process (PID=7148) to work on /home/airflow/.local/lib/python3.8/site-packages/airflow/example_dags/example_datasets.py
[2024-02-14T20:52:27.187+0000] {processor.py:830} INFO - Processing file /home/airflow/.local/lib/python3.8/site-packages/airflow/example_dags/example_datasets.py for tasks to queue
[2024-02-14T20:52:27.189+0000] {logging_mixin.py:188} INFO - [2024-02-14T20:52:27.188+0000] {dagbag.py:538} INFO - Filling up the DagBag from /home/airflow/.local/lib/python3.8/site-packages/airflow/example_dags/example_datasets.py
[2024-02-14T20:52:27.206+0000] {processor.py:840} INFO - DAG(s) 'dataset_consumes_1', 'dataset_produces_1', 'dataset_consumes_1_and_2', 'dataset_consumes_1_never_scheduled', 'dataset_consumes_unknown_never_scheduled', 'dataset_produces_2' retrieved from /home/airflow/.local/lib/python3.8/site-packages/airflow/example_dags/example_datasets.py
[2024-02-14T20:52:27.264+0000] {logging_mixin.py:188} INFO - [2024-02-14T20:52:27.264+0000] {dag.py:3036} INFO - Sync 6 DAGs
[2024-02-14T20:52:27.299+0000] {logging_mixin.py:188} INFO - [2024-02-14T20:52:27.299+0000] {dag.py:3823} INFO - Setting next_dagrun for dataset_consumes_1 to None, run_after=None
[2024-02-14T20:52:27.305+0000] {logging_mixin.py:188} INFO - [2024-02-14T20:52:27.304+0000] {dag.py:3823} INFO - Setting next_dagrun for dataset_consumes_1_and_2 to None, run_after=None
[2024-02-14T20:52:27.308+0000] {logging_mixin.py:188} INFO - [2024-02-14T20:52:27.307+0000] {dag.py:3823} INFO - Setting next_dagrun for dataset_consumes_1_never_scheduled to None, run_after=None
[2024-02-14T20:52:27.310+0000] {logging_mixin.py:188} INFO - [2024-02-14T20:52:27.310+0000] {dag.py:3823} INFO - Setting next_dagrun for dataset_consumes_unknown_never_scheduled to None, run_after=None
[2024-02-14T20:52:27.316+0000] {logging_mixin.py:188} INFO - [2024-02-14T20:52:27.315+0000] {dag.py:3823} INFO - Setting next_dagrun for dataset_produces_1 to 2024-02-13 00:00:00+00:00, run_after=2024-02-14 00:00:00+00:00
[2024-02-14T20:52:27.319+0000] {logging_mixin.py:188} INFO - [2024-02-14T20:52:27.319+0000] {dag.py:3823} INFO - Setting next_dagrun for dataset_produces_2 to None, run_after=None
[2024-02-14T20:52:27.372+0000] {processor.py:183} INFO - Processing /home/airflow/.local/lib/python3.8/site-packages/airflow/example_dags/example_datasets.py took 0.192 seconds
[2024-02-14T20:52:57.801+0000] {processor.py:161} INFO - Started process (PID=7395) to work on /home/airflow/.local/lib/python3.8/site-packages/airflow/example_dags/example_datasets.py
[2024-02-14T20:52:57.803+0000] {processor.py:830} INFO - Processing file /home/airflow/.local/lib/python3.8/site-packages/airflow/example_dags/example_datasets.py for tasks to queue
[2024-02-14T20:52:57.806+0000] {logging_mixin.py:188} INFO - [2024-02-14T20:52:57.805+0000] {dagbag.py:538} INFO - Filling up the DagBag from /home/airflow/.local/lib/python3.8/site-packages/airflow/example_dags/example_datasets.py
[2024-02-14T20:52:57.833+0000] {processor.py:840} INFO - DAG(s) 'dataset_consumes_1_never_scheduled', 'dataset_produces_2', 'dataset_consumes_unknown_never_scheduled', 'dataset_consumes_1_and_2', 'dataset_produces_1', 'dataset_consumes_1' retrieved from /home/airflow/.local/lib/python3.8/site-packages/airflow/example_dags/example_datasets.py
[2024-02-14T20:52:57.904+0000] {logging_mixin.py:188} INFO - [2024-02-14T20:52:57.903+0000] {dag.py:3036} INFO - Sync 6 DAGs
[2024-02-14T20:52:57.955+0000] {logging_mixin.py:188} INFO - [2024-02-14T20:52:57.955+0000] {dag.py:3823} INFO - Setting next_dagrun for dataset_consumes_1 to None, run_after=None
[2024-02-14T20:52:57.962+0000] {logging_mixin.py:188} INFO - [2024-02-14T20:52:57.962+0000] {dag.py:3823} INFO - Setting next_dagrun for dataset_consumes_1_and_2 to None, run_after=None
[2024-02-14T20:52:57.965+0000] {logging_mixin.py:188} INFO - [2024-02-14T20:52:57.965+0000] {dag.py:3823} INFO - Setting next_dagrun for dataset_consumes_1_never_scheduled to None, run_after=None
[2024-02-14T20:52:57.968+0000] {logging_mixin.py:188} INFO - [2024-02-14T20:52:57.968+0000] {dag.py:3823} INFO - Setting next_dagrun for dataset_consumes_unknown_never_scheduled to None, run_after=None
[2024-02-14T20:52:57.973+0000] {logging_mixin.py:188} INFO - [2024-02-14T20:52:57.973+0000] {dag.py:3823} INFO - Setting next_dagrun for dataset_produces_1 to 2024-02-13 00:00:00+00:00, run_after=2024-02-14 00:00:00+00:00
[2024-02-14T20:52:57.977+0000] {logging_mixin.py:188} INFO - [2024-02-14T20:52:57.976+0000] {dag.py:3823} INFO - Setting next_dagrun for dataset_produces_2 to None, run_after=None
[2024-02-14T20:52:58.047+0000] {processor.py:183} INFO - Processing /home/airflow/.local/lib/python3.8/site-packages/airflow/example_dags/example_datasets.py took 0.257 seconds
[2024-02-14T20:53:28.552+0000] {processor.py:161} INFO - Started process (PID=7642) to work on /home/airflow/.local/lib/python3.8/site-packages/airflow/example_dags/example_datasets.py
[2024-02-14T20:53:28.556+0000] {processor.py:830} INFO - Processing file /home/airflow/.local/lib/python3.8/site-packages/airflow/example_dags/example_datasets.py for tasks to queue
[2024-02-14T20:53:28.560+0000] {logging_mixin.py:188} INFO - [2024-02-14T20:53:28.559+0000] {dagbag.py:538} INFO - Filling up the DagBag from /home/airflow/.local/lib/python3.8/site-packages/airflow/example_dags/example_datasets.py
[2024-02-14T20:53:28.598+0000] {processor.py:840} INFO - DAG(s) 'dataset_produces_1', 'dataset_consumes_1_and_2', 'dataset_consumes_1_never_scheduled', 'dataset_consumes_unknown_never_scheduled', 'dataset_consumes_1', 'dataset_produces_2' retrieved from /home/airflow/.local/lib/python3.8/site-packages/airflow/example_dags/example_datasets.py
[2024-02-14T20:53:28.674+0000] {logging_mixin.py:188} INFO - [2024-02-14T20:53:28.673+0000] {dag.py:3036} INFO - Sync 6 DAGs
[2024-02-14T20:53:28.720+0000] {logging_mixin.py:188} INFO - [2024-02-14T20:53:28.719+0000] {dag.py:3823} INFO - Setting next_dagrun for dataset_consumes_1 to None, run_after=None
[2024-02-14T20:53:28.728+0000] {logging_mixin.py:188} INFO - [2024-02-14T20:53:28.727+0000] {dag.py:3823} INFO - Setting next_dagrun for dataset_consumes_1_and_2 to None, run_after=None
[2024-02-14T20:53:28.732+0000] {logging_mixin.py:188} INFO - [2024-02-14T20:53:28.731+0000] {dag.py:3823} INFO - Setting next_dagrun for dataset_consumes_1_never_scheduled to None, run_after=None
[2024-02-14T20:53:28.745+0000] {logging_mixin.py:188} INFO - [2024-02-14T20:53:28.744+0000] {dag.py:3823} INFO - Setting next_dagrun for dataset_consumes_unknown_never_scheduled to None, run_after=None
[2024-02-14T20:53:28.752+0000] {logging_mixin.py:188} INFO - [2024-02-14T20:53:28.751+0000] {dag.py:3823} INFO - Setting next_dagrun for dataset_produces_1 to 2024-02-13 00:00:00+00:00, run_after=2024-02-14 00:00:00+00:00
[2024-02-14T20:53:28.758+0000] {logging_mixin.py:188} INFO - [2024-02-14T20:53:28.757+0000] {dag.py:3823} INFO - Setting next_dagrun for dataset_produces_2 to None, run_after=None
[2024-02-14T20:53:28.829+0000] {processor.py:183} INFO - Processing /home/airflow/.local/lib/python3.8/site-packages/airflow/example_dags/example_datasets.py took 0.290 seconds
[2024-02-14T20:53:59.659+0000] {processor.py:161} INFO - Started process (PID=7889) to work on /home/airflow/.local/lib/python3.8/site-packages/airflow/example_dags/example_datasets.py
[2024-02-14T20:53:59.661+0000] {processor.py:830} INFO - Processing file /home/airflow/.local/lib/python3.8/site-packages/airflow/example_dags/example_datasets.py for tasks to queue
[2024-02-14T20:53:59.662+0000] {logging_mixin.py:188} INFO - [2024-02-14T20:53:59.662+0000] {dagbag.py:538} INFO - Filling up the DagBag from /home/airflow/.local/lib/python3.8/site-packages/airflow/example_dags/example_datasets.py
[2024-02-14T20:53:59.696+0000] {processor.py:840} INFO - DAG(s) 'dataset_produces_1', 'dataset_consumes_unknown_never_scheduled', 'dataset_consumes_1_never_scheduled', 'dataset_consumes_1', 'dataset_consumes_1_and_2', 'dataset_produces_2' retrieved from /home/airflow/.local/lib/python3.8/site-packages/airflow/example_dags/example_datasets.py
[2024-02-14T20:53:59.828+0000] {logging_mixin.py:188} INFO - [2024-02-14T20:53:59.828+0000] {dag.py:3036} INFO - Sync 6 DAGs
[2024-02-14T20:53:59.879+0000] {logging_mixin.py:188} INFO - [2024-02-14T20:53:59.878+0000] {dag.py:3823} INFO - Setting next_dagrun for dataset_consumes_1 to None, run_after=None
[2024-02-14T20:53:59.887+0000] {logging_mixin.py:188} INFO - [2024-02-14T20:53:59.887+0000] {dag.py:3823} INFO - Setting next_dagrun for dataset_consumes_1_and_2 to None, run_after=None
[2024-02-14T20:53:59.890+0000] {logging_mixin.py:188} INFO - [2024-02-14T20:53:59.890+0000] {dag.py:3823} INFO - Setting next_dagrun for dataset_consumes_1_never_scheduled to None, run_after=None
[2024-02-14T20:53:59.893+0000] {logging_mixin.py:188} INFO - [2024-02-14T20:53:59.893+0000] {dag.py:3823} INFO - Setting next_dagrun for dataset_consumes_unknown_never_scheduled to None, run_after=None
[2024-02-14T20:53:59.903+0000] {logging_mixin.py:188} INFO - [2024-02-14T20:53:59.902+0000] {dag.py:3823} INFO - Setting next_dagrun for dataset_produces_1 to 2024-02-13 00:00:00+00:00, run_after=2024-02-14 00:00:00+00:00
[2024-02-14T20:53:59.909+0000] {logging_mixin.py:188} INFO - [2024-02-14T20:53:59.908+0000] {dag.py:3823} INFO - Setting next_dagrun for dataset_produces_2 to None, run_after=None
[2024-02-14T20:54:00.002+0000] {processor.py:183} INFO - Processing /home/airflow/.local/lib/python3.8/site-packages/airflow/example_dags/example_datasets.py took 0.347 seconds
[2024-02-14T20:54:30.070+0000] {processor.py:161} INFO - Started process (PID=8136) to work on /home/airflow/.local/lib/python3.8/site-packages/airflow/example_dags/example_datasets.py
[2024-02-14T20:54:30.074+0000] {processor.py:830} INFO - Processing file /home/airflow/.local/lib/python3.8/site-packages/airflow/example_dags/example_datasets.py for tasks to queue
[2024-02-14T20:54:30.077+0000] {logging_mixin.py:188} INFO - [2024-02-14T20:54:30.076+0000] {dagbag.py:538} INFO - Filling up the DagBag from /home/airflow/.local/lib/python3.8/site-packages/airflow/example_dags/example_datasets.py
[2024-02-14T20:54:30.098+0000] {processor.py:840} INFO - DAG(s) 'dataset_consumes_1_and_2', 'dataset_consumes_unknown_never_scheduled', 'dataset_consumes_1_never_scheduled', 'dataset_produces_2', 'dataset_produces_1', 'dataset_consumes_1' retrieved from /home/airflow/.local/lib/python3.8/site-packages/airflow/example_dags/example_datasets.py
[2024-02-14T20:54:30.218+0000] {logging_mixin.py:188} INFO - [2024-02-14T20:54:30.218+0000] {dag.py:3036} INFO - Sync 6 DAGs
[2024-02-14T20:54:30.310+0000] {logging_mixin.py:188} INFO - [2024-02-14T20:54:30.309+0000] {dag.py:3823} INFO - Setting next_dagrun for dataset_consumes_1 to None, run_after=None
[2024-02-14T20:54:30.333+0000] {logging_mixin.py:188} INFO - [2024-02-14T20:54:30.333+0000] {dag.py:3823} INFO - Setting next_dagrun for dataset_consumes_1_and_2 to None, run_after=None
[2024-02-14T20:54:30.340+0000] {logging_mixin.py:188} INFO - [2024-02-14T20:54:30.339+0000] {dag.py:3823} INFO - Setting next_dagrun for dataset_consumes_1_never_scheduled to None, run_after=None
[2024-02-14T20:54:30.343+0000] {logging_mixin.py:188} INFO - [2024-02-14T20:54:30.342+0000] {dag.py:3823} INFO - Setting next_dagrun for dataset_consumes_unknown_never_scheduled to None, run_after=None
[2024-02-14T20:54:30.360+0000] {logging_mixin.py:188} INFO - [2024-02-14T20:54:30.355+0000] {dag.py:3823} INFO - Setting next_dagrun for dataset_produces_1 to 2024-02-13 00:00:00+00:00, run_after=2024-02-14 00:00:00+00:00
[2024-02-14T20:54:30.365+0000] {logging_mixin.py:188} INFO - [2024-02-14T20:54:30.365+0000] {dag.py:3823} INFO - Setting next_dagrun for dataset_produces_2 to None, run_after=None
[2024-02-14T20:54:30.521+0000] {processor.py:183} INFO - Processing /home/airflow/.local/lib/python3.8/site-packages/airflow/example_dags/example_datasets.py took 0.457 seconds
[2024-02-14T20:55:00.737+0000] {processor.py:161} INFO - Started process (PID=8386) to work on /home/airflow/.local/lib/python3.8/site-packages/airflow/example_dags/example_datasets.py
[2024-02-14T20:55:00.739+0000] {processor.py:830} INFO - Processing file /home/airflow/.local/lib/python3.8/site-packages/airflow/example_dags/example_datasets.py for tasks to queue
[2024-02-14T20:55:00.741+0000] {logging_mixin.py:188} INFO - [2024-02-14T20:55:00.740+0000] {dagbag.py:538} INFO - Filling up the DagBag from /home/airflow/.local/lib/python3.8/site-packages/airflow/example_dags/example_datasets.py
[2024-02-14T20:55:00.756+0000] {processor.py:840} INFO - DAG(s) 'dataset_produces_1', 'dataset_consumes_unknown_never_scheduled', 'dataset_produces_2', 'dataset_consumes_1_and_2', 'dataset_consumes_1', 'dataset_consumes_1_never_scheduled' retrieved from /home/airflow/.local/lib/python3.8/site-packages/airflow/example_dags/example_datasets.py
[2024-02-14T20:55:00.818+0000] {logging_mixin.py:188} INFO - [2024-02-14T20:55:00.818+0000] {dag.py:3036} INFO - Sync 6 DAGs
[2024-02-14T20:55:00.869+0000] {logging_mixin.py:188} INFO - [2024-02-14T20:55:00.869+0000] {dag.py:3823} INFO - Setting next_dagrun for dataset_consumes_1 to None, run_after=None
[2024-02-14T20:55:00.878+0000] {logging_mixin.py:188} INFO - [2024-02-14T20:55:00.877+0000] {dag.py:3823} INFO - Setting next_dagrun for dataset_consumes_1_and_2 to None, run_after=None
[2024-02-14T20:55:00.881+0000] {logging_mixin.py:188} INFO - [2024-02-14T20:55:00.881+0000] {dag.py:3823} INFO - Setting next_dagrun for dataset_consumes_1_never_scheduled to None, run_after=None
[2024-02-14T20:55:00.886+0000] {logging_mixin.py:188} INFO - [2024-02-14T20:55:00.885+0000] {dag.py:3823} INFO - Setting next_dagrun for dataset_consumes_unknown_never_scheduled to None, run_after=None
[2024-02-14T20:55:00.894+0000] {logging_mixin.py:188} INFO - [2024-02-14T20:55:00.893+0000] {dag.py:3823} INFO - Setting next_dagrun for dataset_produces_1 to 2024-02-13 00:00:00+00:00, run_after=2024-02-14 00:00:00+00:00
[2024-02-14T20:55:00.898+0000] {logging_mixin.py:188} INFO - [2024-02-14T20:55:00.897+0000] {dag.py:3823} INFO - Setting next_dagrun for dataset_produces_2 to None, run_after=None
[2024-02-14T20:55:00.980+0000] {processor.py:183} INFO - Processing /home/airflow/.local/lib/python3.8/site-packages/airflow/example_dags/example_datasets.py took 0.248 seconds
[2024-02-14T20:55:31.361+0000] {processor.py:161} INFO - Started process (PID=8624) to work on /home/airflow/.local/lib/python3.8/site-packages/airflow/example_dags/example_datasets.py
[2024-02-14T20:55:31.365+0000] {processor.py:830} INFO - Processing file /home/airflow/.local/lib/python3.8/site-packages/airflow/example_dags/example_datasets.py for tasks to queue
[2024-02-14T20:55:31.369+0000] {logging_mixin.py:188} INFO - [2024-02-14T20:55:31.368+0000] {dagbag.py:538} INFO - Filling up the DagBag from /home/airflow/.local/lib/python3.8/site-packages/airflow/example_dags/example_datasets.py
[2024-02-14T20:55:31.405+0000] {processor.py:840} INFO - DAG(s) 'dataset_consumes_1_never_scheduled', 'dataset_produces_2', 'dataset_consumes_1', 'dataset_produces_1', 'dataset_consumes_unknown_never_scheduled', 'dataset_consumes_1_and_2' retrieved from /home/airflow/.local/lib/python3.8/site-packages/airflow/example_dags/example_datasets.py
[2024-02-14T20:55:31.474+0000] {logging_mixin.py:188} INFO - [2024-02-14T20:55:31.473+0000] {dag.py:3036} INFO - Sync 6 DAGs
[2024-02-14T20:55:31.513+0000] {logging_mixin.py:188} INFO - [2024-02-14T20:55:31.513+0000] {dag.py:3823} INFO - Setting next_dagrun for dataset_consumes_1 to None, run_after=None
[2024-02-14T20:55:31.520+0000] {logging_mixin.py:188} INFO - [2024-02-14T20:55:31.520+0000] {dag.py:3823} INFO - Setting next_dagrun for dataset_consumes_1_and_2 to None, run_after=None
[2024-02-14T20:55:31.523+0000] {logging_mixin.py:188} INFO - [2024-02-14T20:55:31.523+0000] {dag.py:3823} INFO - Setting next_dagrun for dataset_consumes_1_never_scheduled to None, run_after=None
[2024-02-14T20:55:31.526+0000] {logging_mixin.py:188} INFO - [2024-02-14T20:55:31.525+0000] {dag.py:3823} INFO - Setting next_dagrun for dataset_consumes_unknown_never_scheduled to None, run_after=None
[2024-02-14T20:55:31.533+0000] {logging_mixin.py:188} INFO - [2024-02-14T20:55:31.532+0000] {dag.py:3823} INFO - Setting next_dagrun for dataset_produces_1 to 2024-02-13 00:00:00+00:00, run_after=2024-02-14 00:00:00+00:00
[2024-02-14T20:55:31.536+0000] {logging_mixin.py:188} INFO - [2024-02-14T20:55:31.536+0000] {dag.py:3823} INFO - Setting next_dagrun for dataset_produces_2 to None, run_after=None
[2024-02-14T20:55:31.594+0000] {processor.py:183} INFO - Processing /home/airflow/.local/lib/python3.8/site-packages/airflow/example_dags/example_datasets.py took 0.248 seconds
[2024-02-14T20:56:02.156+0000] {processor.py:161} INFO - Started process (PID=8871) to work on /home/airflow/.local/lib/python3.8/site-packages/airflow/example_dags/example_datasets.py
[2024-02-14T20:56:02.160+0000] {processor.py:830} INFO - Processing file /home/airflow/.local/lib/python3.8/site-packages/airflow/example_dags/example_datasets.py for tasks to queue
[2024-02-14T20:56:02.165+0000] {logging_mixin.py:188} INFO - [2024-02-14T20:56:02.164+0000] {dagbag.py:538} INFO - Filling up the DagBag from /home/airflow/.local/lib/python3.8/site-packages/airflow/example_dags/example_datasets.py
[2024-02-14T20:56:02.207+0000] {processor.py:840} INFO - DAG(s) 'dataset_produces_2', 'dataset_consumes_1_never_scheduled', 'dataset_produces_1', 'dataset_consumes_1_and_2', 'dataset_consumes_unknown_never_scheduled', 'dataset_consumes_1' retrieved from /home/airflow/.local/lib/python3.8/site-packages/airflow/example_dags/example_datasets.py
[2024-02-14T20:56:02.370+0000] {logging_mixin.py:188} INFO - [2024-02-14T20:56:02.369+0000] {dag.py:3036} INFO - Sync 6 DAGs
[2024-02-14T20:56:02.477+0000] {logging_mixin.py:188} INFO - [2024-02-14T20:56:02.476+0000] {dag.py:3823} INFO - Setting next_dagrun for dataset_consumes_1 to None, run_after=None
[2024-02-14T20:56:02.491+0000] {logging_mixin.py:188} INFO - [2024-02-14T20:56:02.490+0000] {dag.py:3823} INFO - Setting next_dagrun for dataset_consumes_1_and_2 to None, run_after=None
[2024-02-14T20:56:02.497+0000] {logging_mixin.py:188} INFO - [2024-02-14T20:56:02.496+0000] {dag.py:3823} INFO - Setting next_dagrun for dataset_consumes_1_never_scheduled to None, run_after=None
[2024-02-14T20:56:02.503+0000] {logging_mixin.py:188} INFO - [2024-02-14T20:56:02.502+0000] {dag.py:3823} INFO - Setting next_dagrun for dataset_consumes_unknown_never_scheduled to None, run_after=None
[2024-02-14T20:56:02.516+0000] {logging_mixin.py:188} INFO - [2024-02-14T20:56:02.515+0000] {dag.py:3823} INFO - Setting next_dagrun for dataset_produces_1 to 2024-02-13 00:00:00+00:00, run_after=2024-02-14 00:00:00+00:00
[2024-02-14T20:56:02.533+0000] {logging_mixin.py:188} INFO - [2024-02-14T20:56:02.532+0000] {dag.py:3823} INFO - Setting next_dagrun for dataset_produces_2 to None, run_after=None
[2024-02-14T20:56:02.623+0000] {processor.py:183} INFO - Processing /home/airflow/.local/lib/python3.8/site-packages/airflow/example_dags/example_datasets.py took 0.483 seconds
[2024-02-14T20:56:32.748+0000] {processor.py:161} INFO - Started process (PID=9117) to work on /home/airflow/.local/lib/python3.8/site-packages/airflow/example_dags/example_datasets.py
[2024-02-14T20:56:32.753+0000] {processor.py:830} INFO - Processing file /home/airflow/.local/lib/python3.8/site-packages/airflow/example_dags/example_datasets.py for tasks to queue
[2024-02-14T20:56:32.758+0000] {logging_mixin.py:188} INFO - [2024-02-14T20:56:32.756+0000] {dagbag.py:538} INFO - Filling up the DagBag from /home/airflow/.local/lib/python3.8/site-packages/airflow/example_dags/example_datasets.py
[2024-02-14T20:56:32.797+0000] {processor.py:840} INFO - DAG(s) 'dataset_consumes_1_and_2', 'dataset_consumes_1', 'dataset_produces_1', 'dataset_consumes_unknown_never_scheduled', 'dataset_produces_2', 'dataset_consumes_1_never_scheduled' retrieved from /home/airflow/.local/lib/python3.8/site-packages/airflow/example_dags/example_datasets.py
[2024-02-14T20:56:32.953+0000] {logging_mixin.py:188} INFO - [2024-02-14T20:56:32.951+0000] {dag.py:3036} INFO - Sync 6 DAGs
[2024-02-14T20:56:33.047+0000] {logging_mixin.py:188} INFO - [2024-02-14T20:56:33.047+0000] {dag.py:3823} INFO - Setting next_dagrun for dataset_consumes_1 to None, run_after=None
[2024-02-14T20:56:33.063+0000] {logging_mixin.py:188} INFO - [2024-02-14T20:56:33.062+0000] {dag.py:3823} INFO - Setting next_dagrun for dataset_consumes_1_and_2 to None, run_after=None
[2024-02-14T20:56:33.069+0000] {logging_mixin.py:188} INFO - [2024-02-14T20:56:33.068+0000] {dag.py:3823} INFO - Setting next_dagrun for dataset_consumes_1_never_scheduled to None, run_after=None
[2024-02-14T20:56:33.074+0000] {logging_mixin.py:188} INFO - [2024-02-14T20:56:33.073+0000] {dag.py:3823} INFO - Setting next_dagrun for dataset_consumes_unknown_never_scheduled to None, run_after=None
[2024-02-14T20:56:33.088+0000] {logging_mixin.py:188} INFO - [2024-02-14T20:56:33.088+0000] {dag.py:3823} INFO - Setting next_dagrun for dataset_produces_1 to 2024-02-13 00:00:00+00:00, run_after=2024-02-14 00:00:00+00:00
[2024-02-14T20:56:33.095+0000] {logging_mixin.py:188} INFO - [2024-02-14T20:56:33.094+0000] {dag.py:3823} INFO - Setting next_dagrun for dataset_produces_2 to None, run_after=None
[2024-02-14T20:56:33.223+0000] {processor.py:183} INFO - Processing /home/airflow/.local/lib/python3.8/site-packages/airflow/example_dags/example_datasets.py took 0.490 seconds
[2024-02-14T20:57:03.479+0000] {processor.py:161} INFO - Started process (PID=9367) to work on /home/airflow/.local/lib/python3.8/site-packages/airflow/example_dags/example_datasets.py
[2024-02-14T20:57:03.481+0000] {processor.py:830} INFO - Processing file /home/airflow/.local/lib/python3.8/site-packages/airflow/example_dags/example_datasets.py for tasks to queue
[2024-02-14T20:57:03.484+0000] {logging_mixin.py:188} INFO - [2024-02-14T20:57:03.483+0000] {dagbag.py:538} INFO - Filling up the DagBag from /home/airflow/.local/lib/python3.8/site-packages/airflow/example_dags/example_datasets.py
[2024-02-14T20:57:03.507+0000] {processor.py:840} INFO - DAG(s) 'dataset_produces_1', 'dataset_consumes_unknown_never_scheduled', 'dataset_consumes_1_and_2', 'dataset_produces_2', 'dataset_consumes_1_never_scheduled', 'dataset_consumes_1' retrieved from /home/airflow/.local/lib/python3.8/site-packages/airflow/example_dags/example_datasets.py
[2024-02-14T20:57:03.663+0000] {logging_mixin.py:188} INFO - [2024-02-14T20:57:03.661+0000] {dag.py:3036} INFO - Sync 6 DAGs
[2024-02-14T20:57:03.796+0000] {logging_mixin.py:188} INFO - [2024-02-14T20:57:03.795+0000] {dag.py:3823} INFO - Setting next_dagrun for dataset_consumes_1 to None, run_after=None
[2024-02-14T20:57:03.814+0000] {logging_mixin.py:188} INFO - [2024-02-14T20:57:03.813+0000] {dag.py:3823} INFO - Setting next_dagrun for dataset_consumes_1_and_2 to None, run_after=None
[2024-02-14T20:57:03.822+0000] {logging_mixin.py:188} INFO - [2024-02-14T20:57:03.820+0000] {dag.py:3823} INFO - Setting next_dagrun for dataset_consumes_1_never_scheduled to None, run_after=None
[2024-02-14T20:57:03.829+0000] {logging_mixin.py:188} INFO - [2024-02-14T20:57:03.829+0000] {dag.py:3823} INFO - Setting next_dagrun for dataset_consumes_unknown_never_scheduled to None, run_after=None
[2024-02-14T20:57:03.847+0000] {logging_mixin.py:188} INFO - [2024-02-14T20:57:03.846+0000] {dag.py:3823} INFO - Setting next_dagrun for dataset_produces_1 to 2024-02-13 00:00:00+00:00, run_after=2024-02-14 00:00:00+00:00
[2024-02-14T20:57:03.857+0000] {logging_mixin.py:188} INFO - [2024-02-14T20:57:03.856+0000] {dag.py:3823} INFO - Setting next_dagrun for dataset_produces_2 to None, run_after=None
[2024-02-14T20:57:04.022+0000] {processor.py:183} INFO - Processing /home/airflow/.local/lib/python3.8/site-packages/airflow/example_dags/example_datasets.py took 0.550 seconds
[2024-02-14T20:57:34.776+0000] {processor.py:161} INFO - Started process (PID=9616) to work on /home/airflow/.local/lib/python3.8/site-packages/airflow/example_dags/example_datasets.py
[2024-02-14T20:57:34.781+0000] {processor.py:830} INFO - Processing file /home/airflow/.local/lib/python3.8/site-packages/airflow/example_dags/example_datasets.py for tasks to queue
[2024-02-14T20:57:34.785+0000] {logging_mixin.py:188} INFO - [2024-02-14T20:57:34.784+0000] {dagbag.py:538} INFO - Filling up the DagBag from /home/airflow/.local/lib/python3.8/site-packages/airflow/example_dags/example_datasets.py
[2024-02-14T20:57:34.838+0000] {processor.py:840} INFO - DAG(s) 'dataset_produces_1', 'dataset_consumes_1_and_2', 'dataset_consumes_1', 'dataset_produces_2', 'dataset_consumes_unknown_never_scheduled', 'dataset_consumes_1_never_scheduled' retrieved from /home/airflow/.local/lib/python3.8/site-packages/airflow/example_dags/example_datasets.py
[2024-02-14T20:57:34.969+0000] {logging_mixin.py:188} INFO - [2024-02-14T20:57:34.969+0000] {dag.py:3036} INFO - Sync 6 DAGs
[2024-02-14T20:57:35.013+0000] {logging_mixin.py:188} INFO - [2024-02-14T20:57:35.013+0000] {dag.py:3823} INFO - Setting next_dagrun for dataset_consumes_1 to None, run_after=None
[2024-02-14T20:57:35.020+0000] {logging_mixin.py:188} INFO - [2024-02-14T20:57:35.020+0000] {dag.py:3823} INFO - Setting next_dagrun for dataset_consumes_1_and_2 to None, run_after=None
[2024-02-14T20:57:35.023+0000] {logging_mixin.py:188} INFO - [2024-02-14T20:57:35.023+0000] {dag.py:3823} INFO - Setting next_dagrun for dataset_consumes_1_never_scheduled to None, run_after=None
[2024-02-14T20:57:35.027+0000] {logging_mixin.py:188} INFO - [2024-02-14T20:57:35.026+0000] {dag.py:3823} INFO - Setting next_dagrun for dataset_consumes_unknown_never_scheduled to None, run_after=None
[2024-02-14T20:57:35.033+0000] {logging_mixin.py:188} INFO - [2024-02-14T20:57:35.033+0000] {dag.py:3823} INFO - Setting next_dagrun for dataset_produces_1 to 2024-02-13 00:00:00+00:00, run_after=2024-02-14 00:00:00+00:00
[2024-02-14T20:57:35.037+0000] {logging_mixin.py:188} INFO - [2024-02-14T20:57:35.036+0000] {dag.py:3823} INFO - Setting next_dagrun for dataset_produces_2 to None, run_after=None
[2024-02-14T20:57:35.107+0000] {processor.py:183} INFO - Processing /home/airflow/.local/lib/python3.8/site-packages/airflow/example_dags/example_datasets.py took 0.345 seconds
