[2024-02-14T20:38:08.057+0000] {processor.py:161} INFO - Started process (PID=238) to work on /home/airflow/.local/lib/python3.8/site-packages/airflow/example_dags/example_sensors.py
[2024-02-14T20:38:08.058+0000] {processor.py:830} INFO - Processing file /home/airflow/.local/lib/python3.8/site-packages/airflow/example_dags/example_sensors.py for tasks to queue
[2024-02-14T20:38:08.060+0000] {logging_mixin.py:188} INFO - [2024-02-14T20:38:08.060+0000] {dagbag.py:538} INFO - Filling up the DagBag from /home/airflow/.local/lib/python3.8/site-packages/airflow/example_dags/example_sensors.py
[2024-02-14T20:38:08.079+0000] {processor.py:840} INFO - DAG(s) 'example_sensors' retrieved from /home/airflow/.local/lib/python3.8/site-packages/airflow/example_dags/example_sensors.py
[2024-02-14T20:38:08.251+0000] {logging_mixin.py:188} INFO - [2024-02-14T20:38:08.250+0000] {dag.py:3036} INFO - Sync 1 DAGs
[2024-02-14T20:38:08.264+0000] {logging_mixin.py:188} INFO - [2024-02-14T20:38:08.264+0000] {dag.py:3823} INFO - Setting next_dagrun for example_sensors to None, run_after=None
[2024-02-14T20:38:08.297+0000] {processor.py:183} INFO - Processing /home/airflow/.local/lib/python3.8/site-packages/airflow/example_dags/example_sensors.py took 0.245 seconds
[2024-02-14T20:38:38.613+0000] {processor.py:161} INFO - Started process (PID=483) to work on /home/airflow/.local/lib/python3.8/site-packages/airflow/example_dags/example_sensors.py
[2024-02-14T20:38:38.615+0000] {processor.py:830} INFO - Processing file /home/airflow/.local/lib/python3.8/site-packages/airflow/example_dags/example_sensors.py for tasks to queue
[2024-02-14T20:38:38.618+0000] {logging_mixin.py:188} INFO - [2024-02-14T20:38:38.617+0000] {dagbag.py:538} INFO - Filling up the DagBag from /home/airflow/.local/lib/python3.8/site-packages/airflow/example_dags/example_sensors.py
[2024-02-14T20:38:38.641+0000] {processor.py:840} INFO - DAG(s) 'example_sensors' retrieved from /home/airflow/.local/lib/python3.8/site-packages/airflow/example_dags/example_sensors.py
[2024-02-14T20:38:38.735+0000] {logging_mixin.py:188} INFO - [2024-02-14T20:38:38.735+0000] {dag.py:3036} INFO - Sync 1 DAGs
[2024-02-14T20:38:38.774+0000] {logging_mixin.py:188} INFO - [2024-02-14T20:38:38.773+0000] {dag.py:3823} INFO - Setting next_dagrun for example_sensors to None, run_after=None
[2024-02-14T20:38:38.820+0000] {processor.py:183} INFO - Processing /home/airflow/.local/lib/python3.8/site-packages/airflow/example_dags/example_sensors.py took 0.215 seconds
[2024-02-14T20:39:09.305+0000] {processor.py:161} INFO - Started process (PID=730) to work on /home/airflow/.local/lib/python3.8/site-packages/airflow/example_dags/example_sensors.py
[2024-02-14T20:39:09.306+0000] {processor.py:830} INFO - Processing file /home/airflow/.local/lib/python3.8/site-packages/airflow/example_dags/example_sensors.py for tasks to queue
[2024-02-14T20:39:09.308+0000] {logging_mixin.py:188} INFO - [2024-02-14T20:39:09.308+0000] {dagbag.py:538} INFO - Filling up the DagBag from /home/airflow/.local/lib/python3.8/site-packages/airflow/example_dags/example_sensors.py
[2024-02-14T20:39:09.325+0000] {processor.py:840} INFO - DAG(s) 'example_sensors' retrieved from /home/airflow/.local/lib/python3.8/site-packages/airflow/example_dags/example_sensors.py
[2024-02-14T20:39:09.369+0000] {logging_mixin.py:188} INFO - [2024-02-14T20:39:09.369+0000] {dag.py:3036} INFO - Sync 1 DAGs
[2024-02-14T20:39:09.397+0000] {logging_mixin.py:188} INFO - [2024-02-14T20:39:09.396+0000] {dag.py:3823} INFO - Setting next_dagrun for example_sensors to None, run_after=None
[2024-02-14T20:39:09.471+0000] {processor.py:183} INFO - Processing /home/airflow/.local/lib/python3.8/site-packages/airflow/example_dags/example_sensors.py took 0.171 seconds
[2024-02-14T20:39:41.188+0000] {processor.py:161} INFO - Started process (PID=983) to work on /home/airflow/.local/lib/python3.8/site-packages/airflow/example_dags/example_sensors.py
[2024-02-14T20:39:41.191+0000] {processor.py:830} INFO - Processing file /home/airflow/.local/lib/python3.8/site-packages/airflow/example_dags/example_sensors.py for tasks to queue
[2024-02-14T20:39:41.197+0000] {logging_mixin.py:188} INFO - [2024-02-14T20:39:41.194+0000] {dagbag.py:538} INFO - Filling up the DagBag from /home/airflow/.local/lib/python3.8/site-packages/airflow/example_dags/example_sensors.py
[2024-02-14T20:39:41.231+0000] {processor.py:840} INFO - DAG(s) 'example_sensors' retrieved from /home/airflow/.local/lib/python3.8/site-packages/airflow/example_dags/example_sensors.py
[2024-02-14T20:39:41.286+0000] {logging_mixin.py:188} INFO - [2024-02-14T20:39:41.286+0000] {dag.py:3036} INFO - Sync 1 DAGs
[2024-02-14T20:39:41.314+0000] {logging_mixin.py:188} INFO - [2024-02-14T20:39:41.314+0000] {dag.py:3823} INFO - Setting next_dagrun for example_sensors to None, run_after=None
[2024-02-14T20:39:41.354+0000] {processor.py:183} INFO - Processing /home/airflow/.local/lib/python3.8/site-packages/airflow/example_dags/example_sensors.py took 0.174 seconds
[2024-02-14T20:40:12.213+0000] {processor.py:161} INFO - Started process (PID=1231) to work on /home/airflow/.local/lib/python3.8/site-packages/airflow/example_dags/example_sensors.py
[2024-02-14T20:40:12.217+0000] {processor.py:830} INFO - Processing file /home/airflow/.local/lib/python3.8/site-packages/airflow/example_dags/example_sensors.py for tasks to queue
[2024-02-14T20:40:12.221+0000] {logging_mixin.py:188} INFO - [2024-02-14T20:40:12.220+0000] {dagbag.py:538} INFO - Filling up the DagBag from /home/airflow/.local/lib/python3.8/site-packages/airflow/example_dags/example_sensors.py
[2024-02-14T20:40:12.277+0000] {processor.py:840} INFO - DAG(s) 'example_sensors' retrieved from /home/airflow/.local/lib/python3.8/site-packages/airflow/example_dags/example_sensors.py
[2024-02-14T20:40:12.401+0000] {logging_mixin.py:188} INFO - [2024-02-14T20:40:12.400+0000] {dag.py:3036} INFO - Sync 1 DAGs
[2024-02-14T20:40:12.458+0000] {logging_mixin.py:188} INFO - [2024-02-14T20:40:12.455+0000] {dag.py:3823} INFO - Setting next_dagrun for example_sensors to None, run_after=None
[2024-02-14T20:40:12.586+0000] {processor.py:183} INFO - Processing /home/airflow/.local/lib/python3.8/site-packages/airflow/example_dags/example_sensors.py took 0.390 seconds
[2024-02-14T20:40:43.098+0000] {processor.py:161} INFO - Started process (PID=1478) to work on /home/airflow/.local/lib/python3.8/site-packages/airflow/example_dags/example_sensors.py
[2024-02-14T20:40:43.101+0000] {processor.py:830} INFO - Processing file /home/airflow/.local/lib/python3.8/site-packages/airflow/example_dags/example_sensors.py for tasks to queue
[2024-02-14T20:40:43.105+0000] {logging_mixin.py:188} INFO - [2024-02-14T20:40:43.104+0000] {dagbag.py:538} INFO - Filling up the DagBag from /home/airflow/.local/lib/python3.8/site-packages/airflow/example_dags/example_sensors.py
[2024-02-14T20:40:43.140+0000] {processor.py:840} INFO - DAG(s) 'example_sensors' retrieved from /home/airflow/.local/lib/python3.8/site-packages/airflow/example_dags/example_sensors.py
[2024-02-14T20:40:43.227+0000] {logging_mixin.py:188} INFO - [2024-02-14T20:40:43.226+0000] {dag.py:3036} INFO - Sync 1 DAGs
[2024-02-14T20:40:43.272+0000] {logging_mixin.py:188} INFO - [2024-02-14T20:40:43.271+0000] {dag.py:3823} INFO - Setting next_dagrun for example_sensors to None, run_after=None
[2024-02-14T20:40:43.342+0000] {processor.py:183} INFO - Processing /home/airflow/.local/lib/python3.8/site-packages/airflow/example_dags/example_sensors.py took 0.253 seconds
[2024-02-14T20:41:14.072+0000] {processor.py:161} INFO - Started process (PID=1725) to work on /home/airflow/.local/lib/python3.8/site-packages/airflow/example_dags/example_sensors.py
[2024-02-14T20:41:14.075+0000] {processor.py:830} INFO - Processing file /home/airflow/.local/lib/python3.8/site-packages/airflow/example_dags/example_sensors.py for tasks to queue
[2024-02-14T20:41:14.078+0000] {logging_mixin.py:188} INFO - [2024-02-14T20:41:14.077+0000] {dagbag.py:538} INFO - Filling up the DagBag from /home/airflow/.local/lib/python3.8/site-packages/airflow/example_dags/example_sensors.py
[2024-02-14T20:41:14.106+0000] {processor.py:840} INFO - DAG(s) 'example_sensors' retrieved from /home/airflow/.local/lib/python3.8/site-packages/airflow/example_dags/example_sensors.py
[2024-02-14T20:41:14.182+0000] {logging_mixin.py:188} INFO - [2024-02-14T20:41:14.181+0000] {dag.py:3036} INFO - Sync 1 DAGs
[2024-02-14T20:41:14.229+0000] {logging_mixin.py:188} INFO - [2024-02-14T20:41:14.229+0000] {dag.py:3823} INFO - Setting next_dagrun for example_sensors to None, run_after=None
[2024-02-14T20:41:14.287+0000] {processor.py:183} INFO - Processing /home/airflow/.local/lib/python3.8/site-packages/airflow/example_dags/example_sensors.py took 0.225 seconds
[2024-02-14T20:41:45.072+0000] {processor.py:161} INFO - Started process (PID=1972) to work on /home/airflow/.local/lib/python3.8/site-packages/airflow/example_dags/example_sensors.py
[2024-02-14T20:41:45.074+0000] {processor.py:830} INFO - Processing file /home/airflow/.local/lib/python3.8/site-packages/airflow/example_dags/example_sensors.py for tasks to queue
[2024-02-14T20:41:45.077+0000] {logging_mixin.py:188} INFO - [2024-02-14T20:41:45.076+0000] {dagbag.py:538} INFO - Filling up the DagBag from /home/airflow/.local/lib/python3.8/site-packages/airflow/example_dags/example_sensors.py
[2024-02-14T20:41:45.114+0000] {processor.py:840} INFO - DAG(s) 'example_sensors' retrieved from /home/airflow/.local/lib/python3.8/site-packages/airflow/example_dags/example_sensors.py
[2024-02-14T20:41:45.192+0000] {logging_mixin.py:188} INFO - [2024-02-14T20:41:45.191+0000] {dag.py:3036} INFO - Sync 1 DAGs
[2024-02-14T20:41:45.236+0000] {logging_mixin.py:188} INFO - [2024-02-14T20:41:45.235+0000] {dag.py:3823} INFO - Setting next_dagrun for example_sensors to None, run_after=None
[2024-02-14T20:41:45.298+0000] {processor.py:183} INFO - Processing /home/airflow/.local/lib/python3.8/site-packages/airflow/example_dags/example_sensors.py took 0.237 seconds
[2024-02-14T20:42:15.418+0000] {processor.py:161} INFO - Started process (PID=2216) to work on /home/airflow/.local/lib/python3.8/site-packages/airflow/example_dags/example_sensors.py
[2024-02-14T20:42:15.419+0000] {processor.py:830} INFO - Processing file /home/airflow/.local/lib/python3.8/site-packages/airflow/example_dags/example_sensors.py for tasks to queue
[2024-02-14T20:42:15.421+0000] {logging_mixin.py:188} INFO - [2024-02-14T20:42:15.420+0000] {dagbag.py:538} INFO - Filling up the DagBag from /home/airflow/.local/lib/python3.8/site-packages/airflow/example_dags/example_sensors.py
[2024-02-14T20:42:15.437+0000] {processor.py:840} INFO - DAG(s) 'example_sensors' retrieved from /home/airflow/.local/lib/python3.8/site-packages/airflow/example_dags/example_sensors.py
[2024-02-14T20:42:15.480+0000] {logging_mixin.py:188} INFO - [2024-02-14T20:42:15.480+0000] {dag.py:3036} INFO - Sync 1 DAGs
[2024-02-14T20:42:15.500+0000] {logging_mixin.py:188} INFO - [2024-02-14T20:42:15.500+0000] {dag.py:3823} INFO - Setting next_dagrun for example_sensors to None, run_after=None
[2024-02-14T20:42:15.549+0000] {processor.py:183} INFO - Processing /home/airflow/.local/lib/python3.8/site-packages/airflow/example_dags/example_sensors.py took 0.136 seconds
[2024-02-14T20:42:46.403+0000] {processor.py:161} INFO - Started process (PID=2462) to work on /home/airflow/.local/lib/python3.8/site-packages/airflow/example_dags/example_sensors.py
[2024-02-14T20:42:46.405+0000] {processor.py:830} INFO - Processing file /home/airflow/.local/lib/python3.8/site-packages/airflow/example_dags/example_sensors.py for tasks to queue
[2024-02-14T20:42:46.407+0000] {logging_mixin.py:188} INFO - [2024-02-14T20:42:46.407+0000] {dagbag.py:538} INFO - Filling up the DagBag from /home/airflow/.local/lib/python3.8/site-packages/airflow/example_dags/example_sensors.py
[2024-02-14T20:42:46.433+0000] {processor.py:840} INFO - DAG(s) 'example_sensors' retrieved from /home/airflow/.local/lib/python3.8/site-packages/airflow/example_dags/example_sensors.py
[2024-02-14T20:42:46.491+0000] {logging_mixin.py:188} INFO - [2024-02-14T20:42:46.490+0000] {dag.py:3036} INFO - Sync 1 DAGs
[2024-02-14T20:42:46.519+0000] {logging_mixin.py:188} INFO - [2024-02-14T20:42:46.518+0000] {dag.py:3823} INFO - Setting next_dagrun for example_sensors to None, run_after=None
[2024-02-14T20:42:46.563+0000] {processor.py:183} INFO - Processing /home/airflow/.local/lib/python3.8/site-packages/airflow/example_dags/example_sensors.py took 0.167 seconds
[2024-02-14T20:43:16.797+0000] {processor.py:161} INFO - Started process (PID=2709) to work on /home/airflow/.local/lib/python3.8/site-packages/airflow/example_dags/example_sensors.py
[2024-02-14T20:43:16.799+0000] {processor.py:830} INFO - Processing file /home/airflow/.local/lib/python3.8/site-packages/airflow/example_dags/example_sensors.py for tasks to queue
[2024-02-14T20:43:16.801+0000] {logging_mixin.py:188} INFO - [2024-02-14T20:43:16.800+0000] {dagbag.py:538} INFO - Filling up the DagBag from /home/airflow/.local/lib/python3.8/site-packages/airflow/example_dags/example_sensors.py
[2024-02-14T20:43:16.827+0000] {processor.py:840} INFO - DAG(s) 'example_sensors' retrieved from /home/airflow/.local/lib/python3.8/site-packages/airflow/example_dags/example_sensors.py
[2024-02-14T20:43:16.875+0000] {logging_mixin.py:188} INFO - [2024-02-14T20:43:16.874+0000] {dag.py:3036} INFO - Sync 1 DAGs
[2024-02-14T20:43:16.896+0000] {logging_mixin.py:188} INFO - [2024-02-14T20:43:16.896+0000] {dag.py:3823} INFO - Setting next_dagrun for example_sensors to None, run_after=None
[2024-02-14T20:43:16.928+0000] {processor.py:183} INFO - Processing /home/airflow/.local/lib/python3.8/site-packages/airflow/example_dags/example_sensors.py took 0.136 seconds
[2024-02-14T20:43:47.400+0000] {processor.py:161} INFO - Started process (PID=2955) to work on /home/airflow/.local/lib/python3.8/site-packages/airflow/example_dags/example_sensors.py
[2024-02-14T20:43:47.406+0000] {processor.py:830} INFO - Processing file /home/airflow/.local/lib/python3.8/site-packages/airflow/example_dags/example_sensors.py for tasks to queue
[2024-02-14T20:43:47.408+0000] {logging_mixin.py:188} INFO - [2024-02-14T20:43:47.408+0000] {dagbag.py:538} INFO - Filling up the DagBag from /home/airflow/.local/lib/python3.8/site-packages/airflow/example_dags/example_sensors.py
[2024-02-14T20:43:47.429+0000] {processor.py:840} INFO - DAG(s) 'example_sensors' retrieved from /home/airflow/.local/lib/python3.8/site-packages/airflow/example_dags/example_sensors.py
[2024-02-14T20:43:47.504+0000] {logging_mixin.py:188} INFO - [2024-02-14T20:43:47.504+0000] {dag.py:3036} INFO - Sync 1 DAGs
[2024-02-14T20:43:47.544+0000] {logging_mixin.py:188} INFO - [2024-02-14T20:43:47.543+0000] {dag.py:3823} INFO - Setting next_dagrun for example_sensors to None, run_after=None
[2024-02-14T20:43:47.594+0000] {processor.py:183} INFO - Processing /home/airflow/.local/lib/python3.8/site-packages/airflow/example_dags/example_sensors.py took 0.202 seconds
[2024-02-14T20:44:17.817+0000] {processor.py:161} INFO - Started process (PID=3203) to work on /home/airflow/.local/lib/python3.8/site-packages/airflow/example_dags/example_sensors.py
[2024-02-14T20:44:17.820+0000] {processor.py:830} INFO - Processing file /home/airflow/.local/lib/python3.8/site-packages/airflow/example_dags/example_sensors.py for tasks to queue
[2024-02-14T20:44:17.823+0000] {logging_mixin.py:188} INFO - [2024-02-14T20:44:17.822+0000] {dagbag.py:538} INFO - Filling up the DagBag from /home/airflow/.local/lib/python3.8/site-packages/airflow/example_dags/example_sensors.py
[2024-02-14T20:44:17.851+0000] {processor.py:840} INFO - DAG(s) 'example_sensors' retrieved from /home/airflow/.local/lib/python3.8/site-packages/airflow/example_dags/example_sensors.py
[2024-02-14T20:44:17.921+0000] {logging_mixin.py:188} INFO - [2024-02-14T20:44:17.921+0000] {dag.py:3036} INFO - Sync 1 DAGs
[2024-02-14T20:44:17.965+0000] {logging_mixin.py:188} INFO - [2024-02-14T20:44:17.964+0000] {dag.py:3823} INFO - Setting next_dagrun for example_sensors to None, run_after=None
[2024-02-14T20:44:18.015+0000] {processor.py:183} INFO - Processing /home/airflow/.local/lib/python3.8/site-packages/airflow/example_dags/example_sensors.py took 0.209 seconds
[2024-02-14T20:44:48.198+0000] {processor.py:161} INFO - Started process (PID=3447) to work on /home/airflow/.local/lib/python3.8/site-packages/airflow/example_dags/example_sensors.py
[2024-02-14T20:44:48.200+0000] {processor.py:830} INFO - Processing file /home/airflow/.local/lib/python3.8/site-packages/airflow/example_dags/example_sensors.py for tasks to queue
[2024-02-14T20:44:48.203+0000] {logging_mixin.py:188} INFO - [2024-02-14T20:44:48.202+0000] {dagbag.py:538} INFO - Filling up the DagBag from /home/airflow/.local/lib/python3.8/site-packages/airflow/example_dags/example_sensors.py
[2024-02-14T20:44:48.218+0000] {processor.py:840} INFO - DAG(s) 'example_sensors' retrieved from /home/airflow/.local/lib/python3.8/site-packages/airflow/example_dags/example_sensors.py
[2024-02-14T20:44:48.260+0000] {logging_mixin.py:188} INFO - [2024-02-14T20:44:48.259+0000] {dag.py:3036} INFO - Sync 1 DAGs
[2024-02-14T20:44:48.280+0000] {logging_mixin.py:188} INFO - [2024-02-14T20:44:48.280+0000] {dag.py:3823} INFO - Setting next_dagrun for example_sensors to None, run_after=None
[2024-02-14T20:44:48.309+0000] {processor.py:183} INFO - Processing /home/airflow/.local/lib/python3.8/site-packages/airflow/example_dags/example_sensors.py took 0.116 seconds
[2024-02-14T20:45:18.725+0000] {processor.py:161} INFO - Started process (PID=3698) to work on /home/airflow/.local/lib/python3.8/site-packages/airflow/example_dags/example_sensors.py
[2024-02-14T20:45:18.726+0000] {processor.py:830} INFO - Processing file /home/airflow/.local/lib/python3.8/site-packages/airflow/example_dags/example_sensors.py for tasks to queue
[2024-02-14T20:45:18.728+0000] {logging_mixin.py:188} INFO - [2024-02-14T20:45:18.728+0000] {dagbag.py:538} INFO - Filling up the DagBag from /home/airflow/.local/lib/python3.8/site-packages/airflow/example_dags/example_sensors.py
[2024-02-14T20:45:18.743+0000] {processor.py:840} INFO - DAG(s) 'example_sensors' retrieved from /home/airflow/.local/lib/python3.8/site-packages/airflow/example_dags/example_sensors.py
[2024-02-14T20:45:18.785+0000] {logging_mixin.py:188} INFO - [2024-02-14T20:45:18.785+0000] {dag.py:3036} INFO - Sync 1 DAGs
[2024-02-14T20:45:18.822+0000] {logging_mixin.py:188} INFO - [2024-02-14T20:45:18.821+0000] {dag.py:3823} INFO - Setting next_dagrun for example_sensors to None, run_after=None
[2024-02-14T20:45:18.885+0000] {processor.py:183} INFO - Processing /home/airflow/.local/lib/python3.8/site-packages/airflow/example_dags/example_sensors.py took 0.165 seconds
[2024-02-14T20:45:49.897+0000] {processor.py:161} INFO - Started process (PID=3945) to work on /home/airflow/.local/lib/python3.8/site-packages/airflow/example_dags/example_sensors.py
[2024-02-14T20:45:49.900+0000] {processor.py:830} INFO - Processing file /home/airflow/.local/lib/python3.8/site-packages/airflow/example_dags/example_sensors.py for tasks to queue
[2024-02-14T20:45:49.902+0000] {logging_mixin.py:188} INFO - [2024-02-14T20:45:49.901+0000] {dagbag.py:538} INFO - Filling up the DagBag from /home/airflow/.local/lib/python3.8/site-packages/airflow/example_dags/example_sensors.py
[2024-02-14T20:45:49.933+0000] {processor.py:840} INFO - DAG(s) 'example_sensors' retrieved from /home/airflow/.local/lib/python3.8/site-packages/airflow/example_dags/example_sensors.py
[2024-02-14T20:45:50.013+0000] {logging_mixin.py:188} INFO - [2024-02-14T20:45:50.013+0000] {dag.py:3036} INFO - Sync 1 DAGs
[2024-02-14T20:45:50.047+0000] {logging_mixin.py:188} INFO - [2024-02-14T20:45:50.047+0000] {dag.py:3823} INFO - Setting next_dagrun for example_sensors to None, run_after=None
[2024-02-14T20:45:50.087+0000] {processor.py:183} INFO - Processing /home/airflow/.local/lib/python3.8/site-packages/airflow/example_dags/example_sensors.py took 0.198 seconds
[2024-02-14T20:46:20.369+0000] {processor.py:161} INFO - Started process (PID=4192) to work on /home/airflow/.local/lib/python3.8/site-packages/airflow/example_dags/example_sensors.py
[2024-02-14T20:46:20.370+0000] {processor.py:830} INFO - Processing file /home/airflow/.local/lib/python3.8/site-packages/airflow/example_dags/example_sensors.py for tasks to queue
[2024-02-14T20:46:20.372+0000] {logging_mixin.py:188} INFO - [2024-02-14T20:46:20.371+0000] {dagbag.py:538} INFO - Filling up the DagBag from /home/airflow/.local/lib/python3.8/site-packages/airflow/example_dags/example_sensors.py
[2024-02-14T20:46:20.387+0000] {processor.py:840} INFO - DAG(s) 'example_sensors' retrieved from /home/airflow/.local/lib/python3.8/site-packages/airflow/example_dags/example_sensors.py
[2024-02-14T20:46:20.426+0000] {logging_mixin.py:188} INFO - [2024-02-14T20:46:20.425+0000] {dag.py:3036} INFO - Sync 1 DAGs
[2024-02-14T20:46:20.444+0000] {logging_mixin.py:188} INFO - [2024-02-14T20:46:20.444+0000] {dag.py:3823} INFO - Setting next_dagrun for example_sensors to None, run_after=None
[2024-02-14T20:46:20.489+0000] {processor.py:183} INFO - Processing /home/airflow/.local/lib/python3.8/site-packages/airflow/example_dags/example_sensors.py took 0.125 seconds
[2024-02-14T20:46:50.913+0000] {processor.py:161} INFO - Started process (PID=4442) to work on /home/airflow/.local/lib/python3.8/site-packages/airflow/example_dags/example_sensors.py
[2024-02-14T20:46:50.915+0000] {processor.py:830} INFO - Processing file /home/airflow/.local/lib/python3.8/site-packages/airflow/example_dags/example_sensors.py for tasks to queue
[2024-02-14T20:46:50.916+0000] {logging_mixin.py:188} INFO - [2024-02-14T20:46:50.916+0000] {dagbag.py:538} INFO - Filling up the DagBag from /home/airflow/.local/lib/python3.8/site-packages/airflow/example_dags/example_sensors.py
[2024-02-14T20:46:50.932+0000] {processor.py:840} INFO - DAG(s) 'example_sensors' retrieved from /home/airflow/.local/lib/python3.8/site-packages/airflow/example_dags/example_sensors.py
[2024-02-14T20:46:50.968+0000] {logging_mixin.py:188} INFO - [2024-02-14T20:46:50.968+0000] {dag.py:3036} INFO - Sync 1 DAGs
[2024-02-14T20:46:50.986+0000] {logging_mixin.py:188} INFO - [2024-02-14T20:46:50.985+0000] {dag.py:3823} INFO - Setting next_dagrun for example_sensors to None, run_after=None
[2024-02-14T20:46:51.015+0000] {processor.py:183} INFO - Processing /home/airflow/.local/lib/python3.8/site-packages/airflow/example_dags/example_sensors.py took 0.108 seconds
[2024-02-14T20:47:21.727+0000] {processor.py:161} INFO - Started process (PID=4687) to work on /home/airflow/.local/lib/python3.8/site-packages/airflow/example_dags/example_sensors.py
[2024-02-14T20:47:21.729+0000] {processor.py:830} INFO - Processing file /home/airflow/.local/lib/python3.8/site-packages/airflow/example_dags/example_sensors.py for tasks to queue
[2024-02-14T20:47:21.731+0000] {logging_mixin.py:188} INFO - [2024-02-14T20:47:21.731+0000] {dagbag.py:538} INFO - Filling up the DagBag from /home/airflow/.local/lib/python3.8/site-packages/airflow/example_dags/example_sensors.py
[2024-02-14T20:47:21.753+0000] {processor.py:840} INFO - DAG(s) 'example_sensors' retrieved from /home/airflow/.local/lib/python3.8/site-packages/airflow/example_dags/example_sensors.py
[2024-02-14T20:47:21.813+0000] {logging_mixin.py:188} INFO - [2024-02-14T20:47:21.812+0000] {dag.py:3036} INFO - Sync 1 DAGs
[2024-02-14T20:47:21.845+0000] {logging_mixin.py:188} INFO - [2024-02-14T20:47:21.844+0000] {dag.py:3823} INFO - Setting next_dagrun for example_sensors to None, run_after=None
[2024-02-14T20:47:21.898+0000] {processor.py:183} INFO - Processing /home/airflow/.local/lib/python3.8/site-packages/airflow/example_dags/example_sensors.py took 0.178 seconds
[2024-02-14T20:47:52.064+0000] {processor.py:161} INFO - Started process (PID=4934) to work on /home/airflow/.local/lib/python3.8/site-packages/airflow/example_dags/example_sensors.py
[2024-02-14T20:47:52.067+0000] {processor.py:830} INFO - Processing file /home/airflow/.local/lib/python3.8/site-packages/airflow/example_dags/example_sensors.py for tasks to queue
[2024-02-14T20:47:52.069+0000] {logging_mixin.py:188} INFO - [2024-02-14T20:47:52.069+0000] {dagbag.py:538} INFO - Filling up the DagBag from /home/airflow/.local/lib/python3.8/site-packages/airflow/example_dags/example_sensors.py
[2024-02-14T20:47:52.087+0000] {processor.py:840} INFO - DAG(s) 'example_sensors' retrieved from /home/airflow/.local/lib/python3.8/site-packages/airflow/example_dags/example_sensors.py
[2024-02-14T20:47:52.133+0000] {logging_mixin.py:188} INFO - [2024-02-14T20:47:52.132+0000] {dag.py:3036} INFO - Sync 1 DAGs
[2024-02-14T20:47:52.157+0000] {logging_mixin.py:188} INFO - [2024-02-14T20:47:52.157+0000] {dag.py:3823} INFO - Setting next_dagrun for example_sensors to None, run_after=None
[2024-02-14T20:47:52.197+0000] {processor.py:183} INFO - Processing /home/airflow/.local/lib/python3.8/site-packages/airflow/example_dags/example_sensors.py took 0.142 seconds
[2024-02-14T20:48:22.587+0000] {processor.py:161} INFO - Started process (PID=5181) to work on /home/airflow/.local/lib/python3.8/site-packages/airflow/example_dags/example_sensors.py
[2024-02-14T20:48:22.589+0000] {processor.py:830} INFO - Processing file /home/airflow/.local/lib/python3.8/site-packages/airflow/example_dags/example_sensors.py for tasks to queue
[2024-02-14T20:48:22.591+0000] {logging_mixin.py:188} INFO - [2024-02-14T20:48:22.590+0000] {dagbag.py:538} INFO - Filling up the DagBag from /home/airflow/.local/lib/python3.8/site-packages/airflow/example_dags/example_sensors.py
[2024-02-14T20:48:22.609+0000] {processor.py:840} INFO - DAG(s) 'example_sensors' retrieved from /home/airflow/.local/lib/python3.8/site-packages/airflow/example_dags/example_sensors.py
[2024-02-14T20:48:22.674+0000] {logging_mixin.py:188} INFO - [2024-02-14T20:48:22.674+0000] {dag.py:3036} INFO - Sync 1 DAGs
[2024-02-14T20:48:22.706+0000] {logging_mixin.py:188} INFO - [2024-02-14T20:48:22.706+0000] {dag.py:3823} INFO - Setting next_dagrun for example_sensors to None, run_after=None
[2024-02-14T20:48:22.747+0000] {processor.py:183} INFO - Processing /home/airflow/.local/lib/python3.8/site-packages/airflow/example_dags/example_sensors.py took 0.169 seconds
[2024-02-14T20:48:53.379+0000] {processor.py:161} INFO - Started process (PID=5428) to work on /home/airflow/.local/lib/python3.8/site-packages/airflow/example_dags/example_sensors.py
[2024-02-14T20:48:53.382+0000] {processor.py:830} INFO - Processing file /home/airflow/.local/lib/python3.8/site-packages/airflow/example_dags/example_sensors.py for tasks to queue
[2024-02-14T20:48:53.384+0000] {logging_mixin.py:188} INFO - [2024-02-14T20:48:53.383+0000] {dagbag.py:538} INFO - Filling up the DagBag from /home/airflow/.local/lib/python3.8/site-packages/airflow/example_dags/example_sensors.py
[2024-02-14T20:48:53.406+0000] {processor.py:840} INFO - DAG(s) 'example_sensors' retrieved from /home/airflow/.local/lib/python3.8/site-packages/airflow/example_dags/example_sensors.py
[2024-02-14T20:48:53.496+0000] {logging_mixin.py:188} INFO - [2024-02-14T20:48:53.495+0000] {dag.py:3036} INFO - Sync 1 DAGs
[2024-02-14T20:48:53.524+0000] {logging_mixin.py:188} INFO - [2024-02-14T20:48:53.524+0000] {dag.py:3823} INFO - Setting next_dagrun for example_sensors to None, run_after=None
[2024-02-14T20:48:53.553+0000] {processor.py:183} INFO - Processing /home/airflow/.local/lib/python3.8/site-packages/airflow/example_dags/example_sensors.py took 0.181 seconds
[2024-02-14T20:49:24.111+0000] {processor.py:161} INFO - Started process (PID=5676) to work on /home/airflow/.local/lib/python3.8/site-packages/airflow/example_dags/example_sensors.py
[2024-02-14T20:49:24.113+0000] {processor.py:830} INFO - Processing file /home/airflow/.local/lib/python3.8/site-packages/airflow/example_dags/example_sensors.py for tasks to queue
[2024-02-14T20:49:24.115+0000] {logging_mixin.py:188} INFO - [2024-02-14T20:49:24.114+0000] {dagbag.py:538} INFO - Filling up the DagBag from /home/airflow/.local/lib/python3.8/site-packages/airflow/example_dags/example_sensors.py
[2024-02-14T20:49:24.131+0000] {processor.py:840} INFO - DAG(s) 'example_sensors' retrieved from /home/airflow/.local/lib/python3.8/site-packages/airflow/example_dags/example_sensors.py
[2024-02-14T20:49:24.184+0000] {logging_mixin.py:188} INFO - [2024-02-14T20:49:24.183+0000] {dag.py:3036} INFO - Sync 1 DAGs
[2024-02-14T20:49:24.218+0000] {logging_mixin.py:188} INFO - [2024-02-14T20:49:24.218+0000] {dag.py:3823} INFO - Setting next_dagrun for example_sensors to None, run_after=None
[2024-02-14T20:49:24.256+0000] {processor.py:183} INFO - Processing /home/airflow/.local/lib/python3.8/site-packages/airflow/example_dags/example_sensors.py took 0.152 seconds
[2024-02-14T20:49:54.477+0000] {processor.py:161} INFO - Started process (PID=5924) to work on /home/airflow/.local/lib/python3.8/site-packages/airflow/example_dags/example_sensors.py
[2024-02-14T20:49:54.479+0000] {processor.py:830} INFO - Processing file /home/airflow/.local/lib/python3.8/site-packages/airflow/example_dags/example_sensors.py for tasks to queue
[2024-02-14T20:49:54.481+0000] {logging_mixin.py:188} INFO - [2024-02-14T20:49:54.481+0000] {dagbag.py:538} INFO - Filling up the DagBag from /home/airflow/.local/lib/python3.8/site-packages/airflow/example_dags/example_sensors.py
[2024-02-14T20:49:54.509+0000] {processor.py:840} INFO - DAG(s) 'example_sensors' retrieved from /home/airflow/.local/lib/python3.8/site-packages/airflow/example_dags/example_sensors.py
[2024-02-14T20:49:54.596+0000] {logging_mixin.py:188} INFO - [2024-02-14T20:49:54.595+0000] {dag.py:3036} INFO - Sync 1 DAGs
[2024-02-14T20:49:54.628+0000] {logging_mixin.py:188} INFO - [2024-02-14T20:49:54.628+0000] {dag.py:3823} INFO - Setting next_dagrun for example_sensors to None, run_after=None
[2024-02-14T20:49:54.671+0000] {processor.py:183} INFO - Processing /home/airflow/.local/lib/python3.8/site-packages/airflow/example_dags/example_sensors.py took 0.200 seconds
[2024-02-14T20:50:24.973+0000] {processor.py:161} INFO - Started process (PID=6173) to work on /home/airflow/.local/lib/python3.8/site-packages/airflow/example_dags/example_sensors.py
[2024-02-14T20:50:24.975+0000] {processor.py:830} INFO - Processing file /home/airflow/.local/lib/python3.8/site-packages/airflow/example_dags/example_sensors.py for tasks to queue
[2024-02-14T20:50:24.977+0000] {logging_mixin.py:188} INFO - [2024-02-14T20:50:24.976+0000] {dagbag.py:538} INFO - Filling up the DagBag from /home/airflow/.local/lib/python3.8/site-packages/airflow/example_dags/example_sensors.py
[2024-02-14T20:50:24.992+0000] {processor.py:840} INFO - DAG(s) 'example_sensors' retrieved from /home/airflow/.local/lib/python3.8/site-packages/airflow/example_dags/example_sensors.py
[2024-02-14T20:50:25.033+0000] {logging_mixin.py:188} INFO - [2024-02-14T20:50:25.032+0000] {dag.py:3036} INFO - Sync 1 DAGs
[2024-02-14T20:50:25.052+0000] {logging_mixin.py:188} INFO - [2024-02-14T20:50:25.052+0000] {dag.py:3823} INFO - Setting next_dagrun for example_sensors to None, run_after=None
[2024-02-14T20:50:25.084+0000] {processor.py:183} INFO - Processing /home/airflow/.local/lib/python3.8/site-packages/airflow/example_dags/example_sensors.py took 0.115 seconds
[2024-02-14T20:50:55.642+0000] {processor.py:161} INFO - Started process (PID=6419) to work on /home/airflow/.local/lib/python3.8/site-packages/airflow/example_dags/example_sensors.py
[2024-02-14T20:50:55.644+0000] {processor.py:830} INFO - Processing file /home/airflow/.local/lib/python3.8/site-packages/airflow/example_dags/example_sensors.py for tasks to queue
[2024-02-14T20:50:55.645+0000] {logging_mixin.py:188} INFO - [2024-02-14T20:50:55.645+0000] {dagbag.py:538} INFO - Filling up the DagBag from /home/airflow/.local/lib/python3.8/site-packages/airflow/example_dags/example_sensors.py
[2024-02-14T20:50:55.660+0000] {processor.py:840} INFO - DAG(s) 'example_sensors' retrieved from /home/airflow/.local/lib/python3.8/site-packages/airflow/example_dags/example_sensors.py
[2024-02-14T20:50:55.699+0000] {logging_mixin.py:188} INFO - [2024-02-14T20:50:55.698+0000] {dag.py:3036} INFO - Sync 1 DAGs
[2024-02-14T20:50:55.720+0000] {logging_mixin.py:188} INFO - [2024-02-14T20:50:55.720+0000] {dag.py:3823} INFO - Setting next_dagrun for example_sensors to None, run_after=None
[2024-02-14T20:50:55.750+0000] {processor.py:183} INFO - Processing /home/airflow/.local/lib/python3.8/site-packages/airflow/example_dags/example_sensors.py took 0.113 seconds
[2024-02-14T20:51:26.146+0000] {processor.py:161} INFO - Started process (PID=6667) to work on /home/airflow/.local/lib/python3.8/site-packages/airflow/example_dags/example_sensors.py
[2024-02-14T20:51:26.148+0000] {processor.py:830} INFO - Processing file /home/airflow/.local/lib/python3.8/site-packages/airflow/example_dags/example_sensors.py for tasks to queue
[2024-02-14T20:51:26.149+0000] {logging_mixin.py:188} INFO - [2024-02-14T20:51:26.149+0000] {dagbag.py:538} INFO - Filling up the DagBag from /home/airflow/.local/lib/python3.8/site-packages/airflow/example_dags/example_sensors.py
[2024-02-14T20:51:26.169+0000] {processor.py:840} INFO - DAG(s) 'example_sensors' retrieved from /home/airflow/.local/lib/python3.8/site-packages/airflow/example_dags/example_sensors.py
[2024-02-14T20:51:26.215+0000] {logging_mixin.py:188} INFO - [2024-02-14T20:51:26.215+0000] {dag.py:3036} INFO - Sync 1 DAGs
[2024-02-14T20:51:26.236+0000] {logging_mixin.py:188} INFO - [2024-02-14T20:51:26.236+0000] {dag.py:3823} INFO - Setting next_dagrun for example_sensors to None, run_after=None
[2024-02-14T20:51:26.266+0000] {processor.py:183} INFO - Processing /home/airflow/.local/lib/python3.8/site-packages/airflow/example_dags/example_sensors.py took 0.127 seconds
[2024-02-14T20:51:56.847+0000] {processor.py:161} INFO - Started process (PID=6914) to work on /home/airflow/.local/lib/python3.8/site-packages/airflow/example_dags/example_sensors.py
[2024-02-14T20:51:56.849+0000] {processor.py:830} INFO - Processing file /home/airflow/.local/lib/python3.8/site-packages/airflow/example_dags/example_sensors.py for tasks to queue
[2024-02-14T20:51:56.851+0000] {logging_mixin.py:188} INFO - [2024-02-14T20:51:56.851+0000] {dagbag.py:538} INFO - Filling up the DagBag from /home/airflow/.local/lib/python3.8/site-packages/airflow/example_dags/example_sensors.py
[2024-02-14T20:51:56.867+0000] {processor.py:840} INFO - DAG(s) 'example_sensors' retrieved from /home/airflow/.local/lib/python3.8/site-packages/airflow/example_dags/example_sensors.py
[2024-02-14T20:51:56.907+0000] {logging_mixin.py:188} INFO - [2024-02-14T20:51:56.906+0000] {dag.py:3036} INFO - Sync 1 DAGs
[2024-02-14T20:51:56.929+0000] {logging_mixin.py:188} INFO - [2024-02-14T20:51:56.928+0000] {dag.py:3823} INFO - Setting next_dagrun for example_sensors to None, run_after=None
[2024-02-14T20:51:56.956+0000] {processor.py:183} INFO - Processing /home/airflow/.local/lib/python3.8/site-packages/airflow/example_dags/example_sensors.py took 0.114 seconds
[2024-02-14T20:52:27.419+0000] {processor.py:161} INFO - Started process (PID=7161) to work on /home/airflow/.local/lib/python3.8/site-packages/airflow/example_dags/example_sensors.py
[2024-02-14T20:52:27.420+0000] {processor.py:830} INFO - Processing file /home/airflow/.local/lib/python3.8/site-packages/airflow/example_dags/example_sensors.py for tasks to queue
[2024-02-14T20:52:27.422+0000] {logging_mixin.py:188} INFO - [2024-02-14T20:52:27.422+0000] {dagbag.py:538} INFO - Filling up the DagBag from /home/airflow/.local/lib/python3.8/site-packages/airflow/example_dags/example_sensors.py
[2024-02-14T20:52:27.438+0000] {processor.py:840} INFO - DAG(s) 'example_sensors' retrieved from /home/airflow/.local/lib/python3.8/site-packages/airflow/example_dags/example_sensors.py
[2024-02-14T20:52:27.478+0000] {logging_mixin.py:188} INFO - [2024-02-14T20:52:27.478+0000] {dag.py:3036} INFO - Sync 1 DAGs
[2024-02-14T20:52:27.498+0000] {logging_mixin.py:188} INFO - [2024-02-14T20:52:27.498+0000] {dag.py:3823} INFO - Setting next_dagrun for example_sensors to None, run_after=None
[2024-02-14T20:52:27.528+0000] {processor.py:183} INFO - Processing /home/airflow/.local/lib/python3.8/site-packages/airflow/example_dags/example_sensors.py took 0.115 seconds
[2024-02-14T20:52:58.108+0000] {processor.py:161} INFO - Started process (PID=7408) to work on /home/airflow/.local/lib/python3.8/site-packages/airflow/example_dags/example_sensors.py
[2024-02-14T20:52:58.110+0000] {processor.py:830} INFO - Processing file /home/airflow/.local/lib/python3.8/site-packages/airflow/example_dags/example_sensors.py for tasks to queue
[2024-02-14T20:52:58.111+0000] {logging_mixin.py:188} INFO - [2024-02-14T20:52:58.111+0000] {dagbag.py:538} INFO - Filling up the DagBag from /home/airflow/.local/lib/python3.8/site-packages/airflow/example_dags/example_sensors.py
[2024-02-14T20:52:58.132+0000] {processor.py:840} INFO - DAG(s) 'example_sensors' retrieved from /home/airflow/.local/lib/python3.8/site-packages/airflow/example_dags/example_sensors.py
[2024-02-14T20:52:58.194+0000] {logging_mixin.py:188} INFO - [2024-02-14T20:52:58.194+0000] {dag.py:3036} INFO - Sync 1 DAGs
[2024-02-14T20:52:58.226+0000] {logging_mixin.py:188} INFO - [2024-02-14T20:52:58.226+0000] {dag.py:3823} INFO - Setting next_dagrun for example_sensors to None, run_after=None
[2024-02-14T20:52:58.271+0000] {processor.py:183} INFO - Processing /home/airflow/.local/lib/python3.8/site-packages/airflow/example_dags/example_sensors.py took 0.169 seconds
[2024-02-14T20:53:28.904+0000] {processor.py:161} INFO - Started process (PID=7655) to work on /home/airflow/.local/lib/python3.8/site-packages/airflow/example_dags/example_sensors.py
[2024-02-14T20:53:28.907+0000] {processor.py:830} INFO - Processing file /home/airflow/.local/lib/python3.8/site-packages/airflow/example_dags/example_sensors.py for tasks to queue
[2024-02-14T20:53:28.909+0000] {logging_mixin.py:188} INFO - [2024-02-14T20:53:28.908+0000] {dagbag.py:538} INFO - Filling up the DagBag from /home/airflow/.local/lib/python3.8/site-packages/airflow/example_dags/example_sensors.py
[2024-02-14T20:53:28.928+0000] {processor.py:840} INFO - DAG(s) 'example_sensors' retrieved from /home/airflow/.local/lib/python3.8/site-packages/airflow/example_dags/example_sensors.py
[2024-02-14T20:53:28.983+0000] {logging_mixin.py:188} INFO - [2024-02-14T20:53:28.982+0000] {dag.py:3036} INFO - Sync 1 DAGs
[2024-02-14T20:53:29.008+0000] {logging_mixin.py:188} INFO - [2024-02-14T20:53:29.008+0000] {dag.py:3823} INFO - Setting next_dagrun for example_sensors to None, run_after=None
[2024-02-14T20:53:29.041+0000] {processor.py:183} INFO - Processing /home/airflow/.local/lib/python3.8/site-packages/airflow/example_dags/example_sensors.py took 0.144 seconds
[2024-02-14T20:54:00.069+0000] {processor.py:161} INFO - Started process (PID=7902) to work on /home/airflow/.local/lib/python3.8/site-packages/airflow/example_dags/example_sensors.py
[2024-02-14T20:54:00.071+0000] {processor.py:830} INFO - Processing file /home/airflow/.local/lib/python3.8/site-packages/airflow/example_dags/example_sensors.py for tasks to queue
[2024-02-14T20:54:00.074+0000] {logging_mixin.py:188} INFO - [2024-02-14T20:54:00.073+0000] {dagbag.py:538} INFO - Filling up the DagBag from /home/airflow/.local/lib/python3.8/site-packages/airflow/example_dags/example_sensors.py
[2024-02-14T20:54:00.092+0000] {processor.py:840} INFO - DAG(s) 'example_sensors' retrieved from /home/airflow/.local/lib/python3.8/site-packages/airflow/example_dags/example_sensors.py
[2024-02-14T20:54:00.159+0000] {logging_mixin.py:188} INFO - [2024-02-14T20:54:00.159+0000] {dag.py:3036} INFO - Sync 1 DAGs
[2024-02-14T20:54:00.187+0000] {logging_mixin.py:188} INFO - [2024-02-14T20:54:00.187+0000] {dag.py:3823} INFO - Setting next_dagrun for example_sensors to None, run_after=None
[2024-02-14T20:54:00.239+0000] {processor.py:183} INFO - Processing /home/airflow/.local/lib/python3.8/site-packages/airflow/example_dags/example_sensors.py took 0.176 seconds
[2024-02-14T20:54:30.670+0000] {processor.py:161} INFO - Started process (PID=8149) to work on /home/airflow/.local/lib/python3.8/site-packages/airflow/example_dags/example_sensors.py
[2024-02-14T20:54:30.673+0000] {processor.py:830} INFO - Processing file /home/airflow/.local/lib/python3.8/site-packages/airflow/example_dags/example_sensors.py for tasks to queue
[2024-02-14T20:54:30.679+0000] {logging_mixin.py:188} INFO - [2024-02-14T20:54:30.677+0000] {dagbag.py:538} INFO - Filling up the DagBag from /home/airflow/.local/lib/python3.8/site-packages/airflow/example_dags/example_sensors.py
[2024-02-14T20:54:30.718+0000] {processor.py:840} INFO - DAG(s) 'example_sensors' retrieved from /home/airflow/.local/lib/python3.8/site-packages/airflow/example_dags/example_sensors.py
[2024-02-14T20:54:30.835+0000] {logging_mixin.py:188} INFO - [2024-02-14T20:54:30.834+0000] {dag.py:3036} INFO - Sync 1 DAGs
[2024-02-14T20:54:30.860+0000] {logging_mixin.py:188} INFO - [2024-02-14T20:54:30.860+0000] {dag.py:3823} INFO - Setting next_dagrun for example_sensors to None, run_after=None
[2024-02-14T20:54:30.894+0000] {processor.py:183} INFO - Processing /home/airflow/.local/lib/python3.8/site-packages/airflow/example_dags/example_sensors.py took 0.233 seconds
[2024-02-14T20:55:01.170+0000] {processor.py:161} INFO - Started process (PID=8396) to work on /home/airflow/.local/lib/python3.8/site-packages/airflow/example_dags/example_sensors.py
[2024-02-14T20:55:01.172+0000] {processor.py:830} INFO - Processing file /home/airflow/.local/lib/python3.8/site-packages/airflow/example_dags/example_sensors.py for tasks to queue
[2024-02-14T20:55:01.174+0000] {logging_mixin.py:188} INFO - [2024-02-14T20:55:01.173+0000] {dagbag.py:538} INFO - Filling up the DagBag from /home/airflow/.local/lib/python3.8/site-packages/airflow/example_dags/example_sensors.py
[2024-02-14T20:55:01.193+0000] {processor.py:840} INFO - DAG(s) 'example_sensors' retrieved from /home/airflow/.local/lib/python3.8/site-packages/airflow/example_dags/example_sensors.py
[2024-02-14T20:55:01.241+0000] {logging_mixin.py:188} INFO - [2024-02-14T20:55:01.240+0000] {dag.py:3036} INFO - Sync 1 DAGs
[2024-02-14T20:55:01.263+0000] {logging_mixin.py:188} INFO - [2024-02-14T20:55:01.262+0000] {dag.py:3823} INFO - Setting next_dagrun for example_sensors to None, run_after=None
[2024-02-14T20:55:01.295+0000] {processor.py:183} INFO - Processing /home/airflow/.local/lib/python3.8/site-packages/airflow/example_dags/example_sensors.py took 0.132 seconds
[2024-02-14T20:55:31.765+0000] {processor.py:161} INFO - Started process (PID=8642) to work on /home/airflow/.local/lib/python3.8/site-packages/airflow/example_dags/example_sensors.py
[2024-02-14T20:55:31.767+0000] {processor.py:830} INFO - Processing file /home/airflow/.local/lib/python3.8/site-packages/airflow/example_dags/example_sensors.py for tasks to queue
[2024-02-14T20:55:31.769+0000] {logging_mixin.py:188} INFO - [2024-02-14T20:55:31.768+0000] {dagbag.py:538} INFO - Filling up the DagBag from /home/airflow/.local/lib/python3.8/site-packages/airflow/example_dags/example_sensors.py
[2024-02-14T20:55:31.785+0000] {processor.py:840} INFO - DAG(s) 'example_sensors' retrieved from /home/airflow/.local/lib/python3.8/site-packages/airflow/example_dags/example_sensors.py
[2024-02-14T20:55:31.822+0000] {logging_mixin.py:188} INFO - [2024-02-14T20:55:31.822+0000] {dag.py:3036} INFO - Sync 1 DAGs
[2024-02-14T20:55:31.839+0000] {logging_mixin.py:188} INFO - [2024-02-14T20:55:31.839+0000] {dag.py:3823} INFO - Setting next_dagrun for example_sensors to None, run_after=None
[2024-02-14T20:55:31.864+0000] {processor.py:183} INFO - Processing /home/airflow/.local/lib/python3.8/site-packages/airflow/example_dags/example_sensors.py took 0.105 seconds
[2024-02-14T20:56:02.673+0000] {processor.py:161} INFO - Started process (PID=8884) to work on /home/airflow/.local/lib/python3.8/site-packages/airflow/example_dags/example_sensors.py
[2024-02-14T20:56:02.675+0000] {processor.py:830} INFO - Processing file /home/airflow/.local/lib/python3.8/site-packages/airflow/example_dags/example_sensors.py for tasks to queue
[2024-02-14T20:56:02.676+0000] {logging_mixin.py:188} INFO - [2024-02-14T20:56:02.676+0000] {dagbag.py:538} INFO - Filling up the DagBag from /home/airflow/.local/lib/python3.8/site-packages/airflow/example_dags/example_sensors.py
[2024-02-14T20:56:02.693+0000] {processor.py:840} INFO - DAG(s) 'example_sensors' retrieved from /home/airflow/.local/lib/python3.8/site-packages/airflow/example_dags/example_sensors.py
[2024-02-14T20:56:02.736+0000] {logging_mixin.py:188} INFO - [2024-02-14T20:56:02.736+0000] {dag.py:3036} INFO - Sync 1 DAGs
[2024-02-14T20:56:02.759+0000] {logging_mixin.py:188} INFO - [2024-02-14T20:56:02.759+0000] {dag.py:3823} INFO - Setting next_dagrun for example_sensors to None, run_after=None
[2024-02-14T20:56:02.795+0000] {processor.py:183} INFO - Processing /home/airflow/.local/lib/python3.8/site-packages/airflow/example_dags/example_sensors.py took 0.128 seconds
[2024-02-14T20:56:33.349+0000] {processor.py:161} INFO - Started process (PID=9130) to work on /home/airflow/.local/lib/python3.8/site-packages/airflow/example_dags/example_sensors.py
[2024-02-14T20:56:33.353+0000] {processor.py:830} INFO - Processing file /home/airflow/.local/lib/python3.8/site-packages/airflow/example_dags/example_sensors.py for tasks to queue
[2024-02-14T20:56:33.357+0000] {logging_mixin.py:188} INFO - [2024-02-14T20:56:33.356+0000] {dagbag.py:538} INFO - Filling up the DagBag from /home/airflow/.local/lib/python3.8/site-packages/airflow/example_dags/example_sensors.py
[2024-02-14T20:56:33.412+0000] {processor.py:840} INFO - DAG(s) 'example_sensors' retrieved from /home/airflow/.local/lib/python3.8/site-packages/airflow/example_dags/example_sensors.py
[2024-02-14T20:56:33.517+0000] {logging_mixin.py:188} INFO - [2024-02-14T20:56:33.517+0000] {dag.py:3036} INFO - Sync 1 DAGs
[2024-02-14T20:56:33.570+0000] {logging_mixin.py:188} INFO - [2024-02-14T20:56:33.569+0000] {dag.py:3823} INFO - Setting next_dagrun for example_sensors to None, run_after=None
[2024-02-14T20:56:33.662+0000] {processor.py:183} INFO - Processing /home/airflow/.local/lib/python3.8/site-packages/airflow/example_dags/example_sensors.py took 0.326 seconds
[2024-02-14T20:57:04.185+0000] {processor.py:161} INFO - Started process (PID=9377) to work on /home/airflow/.local/lib/python3.8/site-packages/airflow/example_dags/example_sensors.py
[2024-02-14T20:57:04.190+0000] {processor.py:830} INFO - Processing file /home/airflow/.local/lib/python3.8/site-packages/airflow/example_dags/example_sensors.py for tasks to queue
[2024-02-14T20:57:04.197+0000] {logging_mixin.py:188} INFO - [2024-02-14T20:57:04.195+0000] {dagbag.py:538} INFO - Filling up the DagBag from /home/airflow/.local/lib/python3.8/site-packages/airflow/example_dags/example_sensors.py
[2024-02-14T20:57:04.239+0000] {processor.py:840} INFO - DAG(s) 'example_sensors' retrieved from /home/airflow/.local/lib/python3.8/site-packages/airflow/example_dags/example_sensors.py
[2024-02-14T20:57:04.340+0000] {logging_mixin.py:188} INFO - [2024-02-14T20:57:04.340+0000] {dag.py:3036} INFO - Sync 1 DAGs
[2024-02-14T20:57:04.374+0000] {logging_mixin.py:188} INFO - [2024-02-14T20:57:04.373+0000] {dag.py:3823} INFO - Setting next_dagrun for example_sensors to None, run_after=None
[2024-02-14T20:57:04.424+0000] {processor.py:183} INFO - Processing /home/airflow/.local/lib/python3.8/site-packages/airflow/example_dags/example_sensors.py took 0.251 seconds
[2024-02-14T20:57:35.065+0000] {processor.py:161} INFO - Started process (PID=9624) to work on /home/airflow/.local/lib/python3.8/site-packages/airflow/example_dags/example_sensors.py
[2024-02-14T20:57:35.067+0000] {processor.py:830} INFO - Processing file /home/airflow/.local/lib/python3.8/site-packages/airflow/example_dags/example_sensors.py for tasks to queue
[2024-02-14T20:57:35.069+0000] {logging_mixin.py:188} INFO - [2024-02-14T20:57:35.069+0000] {dagbag.py:538} INFO - Filling up the DagBag from /home/airflow/.local/lib/python3.8/site-packages/airflow/example_dags/example_sensors.py
[2024-02-14T20:57:35.095+0000] {processor.py:840} INFO - DAG(s) 'example_sensors' retrieved from /home/airflow/.local/lib/python3.8/site-packages/airflow/example_dags/example_sensors.py
[2024-02-14T20:57:35.167+0000] {logging_mixin.py:188} INFO - [2024-02-14T20:57:35.167+0000] {dag.py:3036} INFO - Sync 1 DAGs
[2024-02-14T20:57:35.201+0000] {logging_mixin.py:188} INFO - [2024-02-14T20:57:35.201+0000] {dag.py:3823} INFO - Setting next_dagrun for example_sensors to None, run_after=None
[2024-02-14T20:57:35.258+0000] {processor.py:183} INFO - Processing /home/airflow/.local/lib/python3.8/site-packages/airflow/example_dags/example_sensors.py took 0.199 seconds
