[2024-02-14T20:38:06.859+0000] {processor.py:161} INFO - Started process (PID=216) to work on /home/airflow/.local/lib/python3.8/site-packages/airflow/example_dags/example_task_group.py
[2024-02-14T20:38:06.861+0000] {processor.py:830} INFO - Processing file /home/airflow/.local/lib/python3.8/site-packages/airflow/example_dags/example_task_group.py for tasks to queue
[2024-02-14T20:38:06.863+0000] {logging_mixin.py:188} INFO - [2024-02-14T20:38:06.862+0000] {dagbag.py:538} INFO - Filling up the DagBag from /home/airflow/.local/lib/python3.8/site-packages/airflow/example_dags/example_task_group.py
[2024-02-14T20:38:06.879+0000] {processor.py:840} INFO - DAG(s) 'example_task_group' retrieved from /home/airflow/.local/lib/python3.8/site-packages/airflow/example_dags/example_task_group.py
[2024-02-14T20:38:07.057+0000] {logging_mixin.py:188} INFO - [2024-02-14T20:38:07.056+0000] {dag.py:3036} INFO - Sync 1 DAGs
[2024-02-14T20:38:07.102+0000] {logging_mixin.py:188} INFO - [2024-02-14T20:38:07.101+0000] {dag.py:3823} INFO - Setting next_dagrun for example_task_group to 2024-02-13 00:00:00+00:00, run_after=2024-02-14 00:00:00+00:00
[2024-02-14T20:38:07.146+0000] {processor.py:183} INFO - Processing /home/airflow/.local/lib/python3.8/site-packages/airflow/example_dags/example_task_group.py took 0.302 seconds
[2024-02-14T20:38:37.764+0000] {processor.py:161} INFO - Started process (PID=463) to work on /home/airflow/.local/lib/python3.8/site-packages/airflow/example_dags/example_task_group.py
[2024-02-14T20:38:37.766+0000] {processor.py:830} INFO - Processing file /home/airflow/.local/lib/python3.8/site-packages/airflow/example_dags/example_task_group.py for tasks to queue
[2024-02-14T20:38:37.767+0000] {logging_mixin.py:188} INFO - [2024-02-14T20:38:37.767+0000] {dagbag.py:538} INFO - Filling up the DagBag from /home/airflow/.local/lib/python3.8/site-packages/airflow/example_dags/example_task_group.py
[2024-02-14T20:38:37.780+0000] {processor.py:840} INFO - DAG(s) 'example_task_group' retrieved from /home/airflow/.local/lib/python3.8/site-packages/airflow/example_dags/example_task_group.py
[2024-02-14T20:38:37.816+0000] {logging_mixin.py:188} INFO - [2024-02-14T20:38:37.815+0000] {dag.py:3036} INFO - Sync 1 DAGs
[2024-02-14T20:38:37.853+0000] {logging_mixin.py:188} INFO - [2024-02-14T20:38:37.852+0000] {dag.py:3823} INFO - Setting next_dagrun for example_task_group to 2024-02-13 00:00:00+00:00, run_after=2024-02-14 00:00:00+00:00
[2024-02-14T20:38:37.882+0000] {processor.py:183} INFO - Processing /home/airflow/.local/lib/python3.8/site-packages/airflow/example_dags/example_task_group.py took 0.123 seconds
[2024-02-14T20:39:08.568+0000] {processor.py:161} INFO - Started process (PID=705) to work on /home/airflow/.local/lib/python3.8/site-packages/airflow/example_dags/example_task_group.py
[2024-02-14T20:39:08.570+0000] {processor.py:830} INFO - Processing file /home/airflow/.local/lib/python3.8/site-packages/airflow/example_dags/example_task_group.py for tasks to queue
[2024-02-14T20:39:08.572+0000] {logging_mixin.py:188} INFO - [2024-02-14T20:39:08.572+0000] {dagbag.py:538} INFO - Filling up the DagBag from /home/airflow/.local/lib/python3.8/site-packages/airflow/example_dags/example_task_group.py
[2024-02-14T20:39:08.590+0000] {processor.py:840} INFO - DAG(s) 'example_task_group' retrieved from /home/airflow/.local/lib/python3.8/site-packages/airflow/example_dags/example_task_group.py
[2024-02-14T20:39:08.642+0000] {logging_mixin.py:188} INFO - [2024-02-14T20:39:08.642+0000] {dag.py:3036} INFO - Sync 1 DAGs
[2024-02-14T20:39:08.698+0000] {logging_mixin.py:188} INFO - [2024-02-14T20:39:08.698+0000] {dag.py:3823} INFO - Setting next_dagrun for example_task_group to 2024-02-13 00:00:00+00:00, run_after=2024-02-14 00:00:00+00:00
[2024-02-14T20:39:08.758+0000] {processor.py:183} INFO - Processing /home/airflow/.local/lib/python3.8/site-packages/airflow/example_dags/example_task_group.py took 0.198 seconds
[2024-02-14T20:39:39.510+0000] {processor.py:161} INFO - Started process (PID=957) to work on /home/airflow/.local/lib/python3.8/site-packages/airflow/example_dags/example_task_group.py
[2024-02-14T20:39:39.518+0000] {processor.py:830} INFO - Processing file /home/airflow/.local/lib/python3.8/site-packages/airflow/example_dags/example_task_group.py for tasks to queue
[2024-02-14T20:39:39.520+0000] {logging_mixin.py:188} INFO - [2024-02-14T20:39:39.519+0000] {dagbag.py:538} INFO - Filling up the DagBag from /home/airflow/.local/lib/python3.8/site-packages/airflow/example_dags/example_task_group.py
[2024-02-14T20:39:39.535+0000] {processor.py:840} INFO - DAG(s) 'example_task_group' retrieved from /home/airflow/.local/lib/python3.8/site-packages/airflow/example_dags/example_task_group.py
[2024-02-14T20:39:39.582+0000] {logging_mixin.py:188} INFO - [2024-02-14T20:39:39.581+0000] {dag.py:3036} INFO - Sync 1 DAGs
[2024-02-14T20:39:39.630+0000] {logging_mixin.py:188} INFO - [2024-02-14T20:39:39.630+0000] {dag.py:3823} INFO - Setting next_dagrun for example_task_group to 2024-02-13 00:00:00+00:00, run_after=2024-02-14 00:00:00+00:00
[2024-02-14T20:39:39.667+0000] {processor.py:183} INFO - Processing /home/airflow/.local/lib/python3.8/site-packages/airflow/example_dags/example_task_group.py took 0.165 seconds
[2024-02-14T20:40:10.906+0000] {processor.py:161} INFO - Started process (PID=1211) to work on /home/airflow/.local/lib/python3.8/site-packages/airflow/example_dags/example_task_group.py
[2024-02-14T20:40:10.909+0000] {processor.py:830} INFO - Processing file /home/airflow/.local/lib/python3.8/site-packages/airflow/example_dags/example_task_group.py for tasks to queue
[2024-02-14T20:40:10.911+0000] {logging_mixin.py:188} INFO - [2024-02-14T20:40:10.911+0000] {dagbag.py:538} INFO - Filling up the DagBag from /home/airflow/.local/lib/python3.8/site-packages/airflow/example_dags/example_task_group.py
[2024-02-14T20:40:10.926+0000] {processor.py:840} INFO - DAG(s) 'example_task_group' retrieved from /home/airflow/.local/lib/python3.8/site-packages/airflow/example_dags/example_task_group.py
[2024-02-14T20:40:10.976+0000] {logging_mixin.py:188} INFO - [2024-02-14T20:40:10.975+0000] {dag.py:3036} INFO - Sync 1 DAGs
[2024-02-14T20:40:11.020+0000] {logging_mixin.py:188} INFO - [2024-02-14T20:40:11.020+0000] {dag.py:3823} INFO - Setting next_dagrun for example_task_group to 2024-02-13 00:00:00+00:00, run_after=2024-02-14 00:00:00+00:00
[2024-02-14T20:40:11.066+0000] {processor.py:183} INFO - Processing /home/airflow/.local/lib/python3.8/site-packages/airflow/example_dags/example_task_group.py took 0.171 seconds
[2024-02-14T20:40:41.312+0000] {processor.py:161} INFO - Started process (PID=1455) to work on /home/airflow/.local/lib/python3.8/site-packages/airflow/example_dags/example_task_group.py
[2024-02-14T20:40:41.313+0000] {processor.py:830} INFO - Processing file /home/airflow/.local/lib/python3.8/site-packages/airflow/example_dags/example_task_group.py for tasks to queue
[2024-02-14T20:40:41.315+0000] {logging_mixin.py:188} INFO - [2024-02-14T20:40:41.315+0000] {dagbag.py:538} INFO - Filling up the DagBag from /home/airflow/.local/lib/python3.8/site-packages/airflow/example_dags/example_task_group.py
[2024-02-14T20:40:41.330+0000] {processor.py:840} INFO - DAG(s) 'example_task_group' retrieved from /home/airflow/.local/lib/python3.8/site-packages/airflow/example_dags/example_task_group.py
[2024-02-14T20:40:41.370+0000] {logging_mixin.py:188} INFO - [2024-02-14T20:40:41.369+0000] {dag.py:3036} INFO - Sync 1 DAGs
[2024-02-14T20:40:41.414+0000] {logging_mixin.py:188} INFO - [2024-02-14T20:40:41.413+0000] {dag.py:3823} INFO - Setting next_dagrun for example_task_group to 2024-02-13 00:00:00+00:00, run_after=2024-02-14 00:00:00+00:00
[2024-02-14T20:40:41.453+0000] {processor.py:183} INFO - Processing /home/airflow/.local/lib/python3.8/site-packages/airflow/example_dags/example_task_group.py took 0.147 seconds
[2024-02-14T20:41:11.605+0000] {processor.py:161} INFO - Started process (PID=1700) to work on /home/airflow/.local/lib/python3.8/site-packages/airflow/example_dags/example_task_group.py
[2024-02-14T20:41:11.607+0000] {processor.py:830} INFO - Processing file /home/airflow/.local/lib/python3.8/site-packages/airflow/example_dags/example_task_group.py for tasks to queue
[2024-02-14T20:41:11.609+0000] {logging_mixin.py:188} INFO - [2024-02-14T20:41:11.608+0000] {dagbag.py:538} INFO - Filling up the DagBag from /home/airflow/.local/lib/python3.8/site-packages/airflow/example_dags/example_task_group.py
[2024-02-14T20:41:11.627+0000] {processor.py:840} INFO - DAG(s) 'example_task_group' retrieved from /home/airflow/.local/lib/python3.8/site-packages/airflow/example_dags/example_task_group.py
[2024-02-14T20:41:11.694+0000] {logging_mixin.py:188} INFO - [2024-02-14T20:41:11.694+0000] {dag.py:3036} INFO - Sync 1 DAGs
[2024-02-14T20:41:11.757+0000] {logging_mixin.py:188} INFO - [2024-02-14T20:41:11.756+0000] {dag.py:3823} INFO - Setting next_dagrun for example_task_group to 2024-02-13 00:00:00+00:00, run_after=2024-02-14 00:00:00+00:00
[2024-02-14T20:41:11.819+0000] {processor.py:183} INFO - Processing /home/airflow/.local/lib/python3.8/site-packages/airflow/example_dags/example_task_group.py took 0.222 seconds
[2024-02-14T20:41:42.902+0000] {processor.py:161} INFO - Started process (PID=1947) to work on /home/airflow/.local/lib/python3.8/site-packages/airflow/example_dags/example_task_group.py
[2024-02-14T20:41:42.906+0000] {processor.py:830} INFO - Processing file /home/airflow/.local/lib/python3.8/site-packages/airflow/example_dags/example_task_group.py for tasks to queue
[2024-02-14T20:41:42.909+0000] {logging_mixin.py:188} INFO - [2024-02-14T20:41:42.908+0000] {dagbag.py:538} INFO - Filling up the DagBag from /home/airflow/.local/lib/python3.8/site-packages/airflow/example_dags/example_task_group.py
[2024-02-14T20:41:42.937+0000] {processor.py:840} INFO - DAG(s) 'example_task_group' retrieved from /home/airflow/.local/lib/python3.8/site-packages/airflow/example_dags/example_task_group.py
[2024-02-14T20:41:43.004+0000] {logging_mixin.py:188} INFO - [2024-02-14T20:41:43.003+0000] {dag.py:3036} INFO - Sync 1 DAGs
[2024-02-14T20:41:43.089+0000] {logging_mixin.py:188} INFO - [2024-02-14T20:41:43.088+0000] {dag.py:3823} INFO - Setting next_dagrun for example_task_group to 2024-02-13 00:00:00+00:00, run_after=2024-02-14 00:00:00+00:00
[2024-02-14T20:41:43.153+0000] {processor.py:183} INFO - Processing /home/airflow/.local/lib/python3.8/site-packages/airflow/example_dags/example_task_group.py took 0.265 seconds
[2024-02-14T20:42:13.664+0000] {processor.py:161} INFO - Started process (PID=2194) to work on /home/airflow/.local/lib/python3.8/site-packages/airflow/example_dags/example_task_group.py
[2024-02-14T20:42:13.668+0000] {processor.py:830} INFO - Processing file /home/airflow/.local/lib/python3.8/site-packages/airflow/example_dags/example_task_group.py for tasks to queue
[2024-02-14T20:42:13.672+0000] {logging_mixin.py:188} INFO - [2024-02-14T20:42:13.671+0000] {dagbag.py:538} INFO - Filling up the DagBag from /home/airflow/.local/lib/python3.8/site-packages/airflow/example_dags/example_task_group.py
[2024-02-14T20:42:13.714+0000] {processor.py:840} INFO - DAG(s) 'example_task_group' retrieved from /home/airflow/.local/lib/python3.8/site-packages/airflow/example_dags/example_task_group.py
[2024-02-14T20:42:13.805+0000] {logging_mixin.py:188} INFO - [2024-02-14T20:42:13.804+0000] {dag.py:3036} INFO - Sync 1 DAGs
[2024-02-14T20:42:13.896+0000] {logging_mixin.py:188} INFO - [2024-02-14T20:42:13.895+0000] {dag.py:3823} INFO - Setting next_dagrun for example_task_group to 2024-02-13 00:00:00+00:00, run_after=2024-02-14 00:00:00+00:00
[2024-02-14T20:42:13.973+0000] {processor.py:183} INFO - Processing /home/airflow/.local/lib/python3.8/site-packages/airflow/example_dags/example_task_group.py took 0.326 seconds
[2024-02-14T20:42:44.623+0000] {processor.py:161} INFO - Started process (PID=2442) to work on /home/airflow/.local/lib/python3.8/site-packages/airflow/example_dags/example_task_group.py
[2024-02-14T20:42:44.630+0000] {processor.py:830} INFO - Processing file /home/airflow/.local/lib/python3.8/site-packages/airflow/example_dags/example_task_group.py for tasks to queue
[2024-02-14T20:42:44.643+0000] {logging_mixin.py:188} INFO - [2024-02-14T20:42:44.642+0000] {dagbag.py:538} INFO - Filling up the DagBag from /home/airflow/.local/lib/python3.8/site-packages/airflow/example_dags/example_task_group.py
[2024-02-14T20:42:44.723+0000] {processor.py:840} INFO - DAG(s) 'example_task_group' retrieved from /home/airflow/.local/lib/python3.8/site-packages/airflow/example_dags/example_task_group.py
[2024-02-14T20:42:44.866+0000] {logging_mixin.py:188} INFO - [2024-02-14T20:42:44.865+0000] {dag.py:3036} INFO - Sync 1 DAGs
[2024-02-14T20:42:44.921+0000] {logging_mixin.py:188} INFO - [2024-02-14T20:42:44.920+0000] {dag.py:3823} INFO - Setting next_dagrun for example_task_group to 2024-02-13 00:00:00+00:00, run_after=2024-02-14 00:00:00+00:00
[2024-02-14T20:42:44.975+0000] {processor.py:183} INFO - Processing /home/airflow/.local/lib/python3.8/site-packages/airflow/example_dags/example_task_group.py took 0.373 seconds
[2024-02-14T20:43:15.094+0000] {processor.py:161} INFO - Started process (PID=2691) to work on /home/airflow/.local/lib/python3.8/site-packages/airflow/example_dags/example_task_group.py
[2024-02-14T20:43:15.095+0000] {processor.py:830} INFO - Processing file /home/airflow/.local/lib/python3.8/site-packages/airflow/example_dags/example_task_group.py for tasks to queue
[2024-02-14T20:43:15.097+0000] {logging_mixin.py:188} INFO - [2024-02-14T20:43:15.096+0000] {dagbag.py:538} INFO - Filling up the DagBag from /home/airflow/.local/lib/python3.8/site-packages/airflow/example_dags/example_task_group.py
[2024-02-14T20:43:15.108+0000] {processor.py:840} INFO - DAG(s) 'example_task_group' retrieved from /home/airflow/.local/lib/python3.8/site-packages/airflow/example_dags/example_task_group.py
[2024-02-14T20:43:15.146+0000] {logging_mixin.py:188} INFO - [2024-02-14T20:43:15.146+0000] {dag.py:3036} INFO - Sync 1 DAGs
[2024-02-14T20:43:15.200+0000] {logging_mixin.py:188} INFO - [2024-02-14T20:43:15.200+0000] {dag.py:3823} INFO - Setting next_dagrun for example_task_group to 2024-02-13 00:00:00+00:00, run_after=2024-02-14 00:00:00+00:00
[2024-02-14T20:43:15.247+0000] {processor.py:183} INFO - Processing /home/airflow/.local/lib/python3.8/site-packages/airflow/example_dags/example_task_group.py took 0.158 seconds
[2024-02-14T20:43:45.480+0000] {processor.py:161} INFO - Started process (PID=2935) to work on /home/airflow/.local/lib/python3.8/site-packages/airflow/example_dags/example_task_group.py
[2024-02-14T20:43:45.482+0000] {processor.py:830} INFO - Processing file /home/airflow/.local/lib/python3.8/site-packages/airflow/example_dags/example_task_group.py for tasks to queue
[2024-02-14T20:43:45.483+0000] {logging_mixin.py:188} INFO - [2024-02-14T20:43:45.483+0000] {dagbag.py:538} INFO - Filling up the DagBag from /home/airflow/.local/lib/python3.8/site-packages/airflow/example_dags/example_task_group.py
[2024-02-14T20:43:45.497+0000] {processor.py:840} INFO - DAG(s) 'example_task_group' retrieved from /home/airflow/.local/lib/python3.8/site-packages/airflow/example_dags/example_task_group.py
[2024-02-14T20:43:45.534+0000] {logging_mixin.py:188} INFO - [2024-02-14T20:43:45.534+0000] {dag.py:3036} INFO - Sync 1 DAGs
[2024-02-14T20:43:45.570+0000] {logging_mixin.py:188} INFO - [2024-02-14T20:43:45.570+0000] {dag.py:3823} INFO - Setting next_dagrun for example_task_group to 2024-02-13 00:00:00+00:00, run_after=2024-02-14 00:00:00+00:00
[2024-02-14T20:43:45.603+0000] {processor.py:183} INFO - Processing /home/airflow/.local/lib/python3.8/site-packages/airflow/example_dags/example_task_group.py took 0.130 seconds
[2024-02-14T20:44:16.086+0000] {processor.py:161} INFO - Started process (PID=3183) to work on /home/airflow/.local/lib/python3.8/site-packages/airflow/example_dags/example_task_group.py
[2024-02-14T20:44:16.095+0000] {processor.py:830} INFO - Processing file /home/airflow/.local/lib/python3.8/site-packages/airflow/example_dags/example_task_group.py for tasks to queue
[2024-02-14T20:44:16.107+0000] {logging_mixin.py:188} INFO - [2024-02-14T20:44:16.103+0000] {dagbag.py:538} INFO - Filling up the DagBag from /home/airflow/.local/lib/python3.8/site-packages/airflow/example_dags/example_task_group.py
[2024-02-14T20:44:16.141+0000] {processor.py:840} INFO - DAG(s) 'example_task_group' retrieved from /home/airflow/.local/lib/python3.8/site-packages/airflow/example_dags/example_task_group.py
[2024-02-14T20:44:16.205+0000] {logging_mixin.py:188} INFO - [2024-02-14T20:44:16.204+0000] {dag.py:3036} INFO - Sync 1 DAGs
[2024-02-14T20:44:16.268+0000] {logging_mixin.py:188} INFO - [2024-02-14T20:44:16.267+0000] {dag.py:3823} INFO - Setting next_dagrun for example_task_group to 2024-02-13 00:00:00+00:00, run_after=2024-02-14 00:00:00+00:00
[2024-02-14T20:44:16.337+0000] {processor.py:183} INFO - Processing /home/airflow/.local/lib/python3.8/site-packages/airflow/example_dags/example_task_group.py took 0.282 seconds
[2024-02-14T20:44:46.429+0000] {processor.py:161} INFO - Started process (PID=3427) to work on /home/airflow/.local/lib/python3.8/site-packages/airflow/example_dags/example_task_group.py
[2024-02-14T20:44:46.431+0000] {processor.py:830} INFO - Processing file /home/airflow/.local/lib/python3.8/site-packages/airflow/example_dags/example_task_group.py for tasks to queue
[2024-02-14T20:44:46.434+0000] {logging_mixin.py:188} INFO - [2024-02-14T20:44:46.433+0000] {dagbag.py:538} INFO - Filling up the DagBag from /home/airflow/.local/lib/python3.8/site-packages/airflow/example_dags/example_task_group.py
[2024-02-14T20:44:46.451+0000] {processor.py:840} INFO - DAG(s) 'example_task_group' retrieved from /home/airflow/.local/lib/python3.8/site-packages/airflow/example_dags/example_task_group.py
[2024-02-14T20:44:46.508+0000] {logging_mixin.py:188} INFO - [2024-02-14T20:44:46.507+0000] {dag.py:3036} INFO - Sync 1 DAGs
[2024-02-14T20:44:46.549+0000] {logging_mixin.py:188} INFO - [2024-02-14T20:44:46.549+0000] {dag.py:3823} INFO - Setting next_dagrun for example_task_group to 2024-02-13 00:00:00+00:00, run_after=2024-02-14 00:00:00+00:00
[2024-02-14T20:44:46.582+0000] {processor.py:183} INFO - Processing /home/airflow/.local/lib/python3.8/site-packages/airflow/example_dags/example_task_group.py took 0.160 seconds
[2024-02-14T20:45:17.332+0000] {processor.py:161} INFO - Started process (PID=3678) to work on /home/airflow/.local/lib/python3.8/site-packages/airflow/example_dags/example_task_group.py
[2024-02-14T20:45:17.334+0000] {processor.py:830} INFO - Processing file /home/airflow/.local/lib/python3.8/site-packages/airflow/example_dags/example_task_group.py for tasks to queue
[2024-02-14T20:45:17.337+0000] {logging_mixin.py:188} INFO - [2024-02-14T20:45:17.337+0000] {dagbag.py:538} INFO - Filling up the DagBag from /home/airflow/.local/lib/python3.8/site-packages/airflow/example_dags/example_task_group.py
[2024-02-14T20:45:17.361+0000] {processor.py:840} INFO - DAG(s) 'example_task_group' retrieved from /home/airflow/.local/lib/python3.8/site-packages/airflow/example_dags/example_task_group.py
[2024-02-14T20:45:17.397+0000] {logging_mixin.py:188} INFO - [2024-02-14T20:45:17.396+0000] {dag.py:3036} INFO - Sync 1 DAGs
[2024-02-14T20:45:17.430+0000] {logging_mixin.py:188} INFO - [2024-02-14T20:45:17.430+0000] {dag.py:3823} INFO - Setting next_dagrun for example_task_group to 2024-02-13 00:00:00+00:00, run_after=2024-02-14 00:00:00+00:00
[2024-02-14T20:45:17.457+0000] {processor.py:183} INFO - Processing /home/airflow/.local/lib/python3.8/site-packages/airflow/example_dags/example_task_group.py took 0.129 seconds
[2024-02-14T20:45:48.033+0000] {processor.py:161} INFO - Started process (PID=3925) to work on /home/airflow/.local/lib/python3.8/site-packages/airflow/example_dags/example_task_group.py
[2024-02-14T20:45:48.037+0000] {processor.py:830} INFO - Processing file /home/airflow/.local/lib/python3.8/site-packages/airflow/example_dags/example_task_group.py for tasks to queue
[2024-02-14T20:45:48.039+0000] {logging_mixin.py:188} INFO - [2024-02-14T20:45:48.038+0000] {dagbag.py:538} INFO - Filling up the DagBag from /home/airflow/.local/lib/python3.8/site-packages/airflow/example_dags/example_task_group.py
[2024-02-14T20:45:48.055+0000] {processor.py:840} INFO - DAG(s) 'example_task_group' retrieved from /home/airflow/.local/lib/python3.8/site-packages/airflow/example_dags/example_task_group.py
[2024-02-14T20:45:48.097+0000] {logging_mixin.py:188} INFO - [2024-02-14T20:45:48.096+0000] {dag.py:3036} INFO - Sync 1 DAGs
[2024-02-14T20:45:48.140+0000] {logging_mixin.py:188} INFO - [2024-02-14T20:45:48.139+0000] {dag.py:3823} INFO - Setting next_dagrun for example_task_group to 2024-02-13 00:00:00+00:00, run_after=2024-02-14 00:00:00+00:00
[2024-02-14T20:45:48.175+0000] {processor.py:183} INFO - Processing /home/airflow/.local/lib/python3.8/site-packages/airflow/example_dags/example_task_group.py took 0.148 seconds
[2024-02-14T20:46:18.615+0000] {processor.py:161} INFO - Started process (PID=4172) to work on /home/airflow/.local/lib/python3.8/site-packages/airflow/example_dags/example_task_group.py
[2024-02-14T20:46:18.617+0000] {processor.py:830} INFO - Processing file /home/airflow/.local/lib/python3.8/site-packages/airflow/example_dags/example_task_group.py for tasks to queue
[2024-02-14T20:46:18.618+0000] {logging_mixin.py:188} INFO - [2024-02-14T20:46:18.618+0000] {dagbag.py:538} INFO - Filling up the DagBag from /home/airflow/.local/lib/python3.8/site-packages/airflow/example_dags/example_task_group.py
[2024-02-14T20:46:18.629+0000] {processor.py:840} INFO - DAG(s) 'example_task_group' retrieved from /home/airflow/.local/lib/python3.8/site-packages/airflow/example_dags/example_task_group.py
[2024-02-14T20:46:18.658+0000] {logging_mixin.py:188} INFO - [2024-02-14T20:46:18.658+0000] {dag.py:3036} INFO - Sync 1 DAGs
[2024-02-14T20:46:18.689+0000] {logging_mixin.py:188} INFO - [2024-02-14T20:46:18.688+0000] {dag.py:3823} INFO - Setting next_dagrun for example_task_group to 2024-02-13 00:00:00+00:00, run_after=2024-02-14 00:00:00+00:00
[2024-02-14T20:46:18.727+0000] {processor.py:183} INFO - Processing /home/airflow/.local/lib/python3.8/site-packages/airflow/example_dags/example_task_group.py took 0.116 seconds
[2024-02-14T20:46:49.350+0000] {processor.py:161} INFO - Started process (PID=4420) to work on /home/airflow/.local/lib/python3.8/site-packages/airflow/example_dags/example_task_group.py
[2024-02-14T20:46:49.352+0000] {processor.py:830} INFO - Processing file /home/airflow/.local/lib/python3.8/site-packages/airflow/example_dags/example_task_group.py for tasks to queue
[2024-02-14T20:46:49.354+0000] {logging_mixin.py:188} INFO - [2024-02-14T20:46:49.353+0000] {dagbag.py:538} INFO - Filling up the DagBag from /home/airflow/.local/lib/python3.8/site-packages/airflow/example_dags/example_task_group.py
[2024-02-14T20:46:49.367+0000] {processor.py:840} INFO - DAG(s) 'example_task_group' retrieved from /home/airflow/.local/lib/python3.8/site-packages/airflow/example_dags/example_task_group.py
[2024-02-14T20:46:49.408+0000] {logging_mixin.py:188} INFO - [2024-02-14T20:46:49.408+0000] {dag.py:3036} INFO - Sync 1 DAGs
[2024-02-14T20:46:49.456+0000] {logging_mixin.py:188} INFO - [2024-02-14T20:46:49.456+0000] {dag.py:3823} INFO - Setting next_dagrun for example_task_group to 2024-02-13 00:00:00+00:00, run_after=2024-02-14 00:00:00+00:00
[2024-02-14T20:46:49.529+0000] {processor.py:183} INFO - Processing /home/airflow/.local/lib/python3.8/site-packages/airflow/example_dags/example_task_group.py took 0.186 seconds
[2024-02-14T20:47:20.231+0000] {processor.py:161} INFO - Started process (PID=4667) to work on /home/airflow/.local/lib/python3.8/site-packages/airflow/example_dags/example_task_group.py
[2024-02-14T20:47:20.233+0000] {processor.py:830} INFO - Processing file /home/airflow/.local/lib/python3.8/site-packages/airflow/example_dags/example_task_group.py for tasks to queue
[2024-02-14T20:47:20.235+0000] {logging_mixin.py:188} INFO - [2024-02-14T20:47:20.234+0000] {dagbag.py:538} INFO - Filling up the DagBag from /home/airflow/.local/lib/python3.8/site-packages/airflow/example_dags/example_task_group.py
[2024-02-14T20:47:20.254+0000] {processor.py:840} INFO - DAG(s) 'example_task_group' retrieved from /home/airflow/.local/lib/python3.8/site-packages/airflow/example_dags/example_task_group.py
[2024-02-14T20:47:20.297+0000] {logging_mixin.py:188} INFO - [2024-02-14T20:47:20.297+0000] {dag.py:3036} INFO - Sync 1 DAGs
[2024-02-14T20:47:20.342+0000] {logging_mixin.py:188} INFO - [2024-02-14T20:47:20.341+0000] {dag.py:3823} INFO - Setting next_dagrun for example_task_group to 2024-02-13 00:00:00+00:00, run_after=2024-02-14 00:00:00+00:00
[2024-02-14T20:47:20.378+0000] {processor.py:183} INFO - Processing /home/airflow/.local/lib/python3.8/site-packages/airflow/example_dags/example_task_group.py took 0.154 seconds
[2024-02-14T20:47:50.589+0000] {processor.py:161} INFO - Started process (PID=4914) to work on /home/airflow/.local/lib/python3.8/site-packages/airflow/example_dags/example_task_group.py
[2024-02-14T20:47:50.591+0000] {processor.py:830} INFO - Processing file /home/airflow/.local/lib/python3.8/site-packages/airflow/example_dags/example_task_group.py for tasks to queue
[2024-02-14T20:47:50.592+0000] {logging_mixin.py:188} INFO - [2024-02-14T20:47:50.592+0000] {dagbag.py:538} INFO - Filling up the DagBag from /home/airflow/.local/lib/python3.8/site-packages/airflow/example_dags/example_task_group.py
[2024-02-14T20:47:50.607+0000] {processor.py:840} INFO - DAG(s) 'example_task_group' retrieved from /home/airflow/.local/lib/python3.8/site-packages/airflow/example_dags/example_task_group.py
[2024-02-14T20:47:50.641+0000] {logging_mixin.py:188} INFO - [2024-02-14T20:47:50.641+0000] {dag.py:3036} INFO - Sync 1 DAGs
[2024-02-14T20:47:50.675+0000] {logging_mixin.py:188} INFO - [2024-02-14T20:47:50.675+0000] {dag.py:3823} INFO - Setting next_dagrun for example_task_group to 2024-02-13 00:00:00+00:00, run_after=2024-02-14 00:00:00+00:00
[2024-02-14T20:47:50.706+0000] {processor.py:183} INFO - Processing /home/airflow/.local/lib/python3.8/site-packages/airflow/example_dags/example_task_group.py took 0.123 seconds
[2024-02-14T20:48:21.238+0000] {processor.py:161} INFO - Started process (PID=5161) to work on /home/airflow/.local/lib/python3.8/site-packages/airflow/example_dags/example_task_group.py
[2024-02-14T20:48:21.240+0000] {processor.py:830} INFO - Processing file /home/airflow/.local/lib/python3.8/site-packages/airflow/example_dags/example_task_group.py for tasks to queue
[2024-02-14T20:48:21.242+0000] {logging_mixin.py:188} INFO - [2024-02-14T20:48:21.241+0000] {dagbag.py:538} INFO - Filling up the DagBag from /home/airflow/.local/lib/python3.8/site-packages/airflow/example_dags/example_task_group.py
[2024-02-14T20:48:21.257+0000] {processor.py:840} INFO - DAG(s) 'example_task_group' retrieved from /home/airflow/.local/lib/python3.8/site-packages/airflow/example_dags/example_task_group.py
[2024-02-14T20:48:21.311+0000] {logging_mixin.py:188} INFO - [2024-02-14T20:48:21.310+0000] {dag.py:3036} INFO - Sync 1 DAGs
[2024-02-14T20:48:21.351+0000] {logging_mixin.py:188} INFO - [2024-02-14T20:48:21.350+0000] {dag.py:3823} INFO - Setting next_dagrun for example_task_group to 2024-02-13 00:00:00+00:00, run_after=2024-02-14 00:00:00+00:00
[2024-02-14T20:48:21.384+0000] {processor.py:183} INFO - Processing /home/airflow/.local/lib/python3.8/site-packages/airflow/example_dags/example_task_group.py took 0.152 seconds
[2024-02-14T20:48:51.990+0000] {processor.py:161} INFO - Started process (PID=5410) to work on /home/airflow/.local/lib/python3.8/site-packages/airflow/example_dags/example_task_group.py
[2024-02-14T20:48:51.991+0000] {processor.py:830} INFO - Processing file /home/airflow/.local/lib/python3.8/site-packages/airflow/example_dags/example_task_group.py for tasks to queue
[2024-02-14T20:48:51.993+0000] {logging_mixin.py:188} INFO - [2024-02-14T20:48:51.992+0000] {dagbag.py:538} INFO - Filling up the DagBag from /home/airflow/.local/lib/python3.8/site-packages/airflow/example_dags/example_task_group.py
[2024-02-14T20:48:52.004+0000] {processor.py:840} INFO - DAG(s) 'example_task_group' retrieved from /home/airflow/.local/lib/python3.8/site-packages/airflow/example_dags/example_task_group.py
[2024-02-14T20:48:52.038+0000] {logging_mixin.py:188} INFO - [2024-02-14T20:48:52.037+0000] {dag.py:3036} INFO - Sync 1 DAGs
[2024-02-14T20:48:52.076+0000] {logging_mixin.py:188} INFO - [2024-02-14T20:48:52.075+0000] {dag.py:3823} INFO - Setting next_dagrun for example_task_group to 2024-02-13 00:00:00+00:00, run_after=2024-02-14 00:00:00+00:00
[2024-02-14T20:48:52.105+0000] {processor.py:183} INFO - Processing /home/airflow/.local/lib/python3.8/site-packages/airflow/example_dags/example_task_group.py took 0.120 seconds
[2024-02-14T20:49:22.164+0000] {processor.py:161} INFO - Started process (PID=5656) to work on /home/airflow/.local/lib/python3.8/site-packages/airflow/example_dags/example_task_group.py
[2024-02-14T20:49:22.171+0000] {processor.py:830} INFO - Processing file /home/airflow/.local/lib/python3.8/site-packages/airflow/example_dags/example_task_group.py for tasks to queue
[2024-02-14T20:49:22.173+0000] {logging_mixin.py:188} INFO - [2024-02-14T20:49:22.173+0000] {dagbag.py:538} INFO - Filling up the DagBag from /home/airflow/.local/lib/python3.8/site-packages/airflow/example_dags/example_task_group.py
[2024-02-14T20:49:22.185+0000] {processor.py:840} INFO - DAG(s) 'example_task_group' retrieved from /home/airflow/.local/lib/python3.8/site-packages/airflow/example_dags/example_task_group.py
[2024-02-14T20:49:22.222+0000] {logging_mixin.py:188} INFO - [2024-02-14T20:49:22.221+0000] {dag.py:3036} INFO - Sync 1 DAGs
[2024-02-14T20:49:22.265+0000] {logging_mixin.py:188} INFO - [2024-02-14T20:49:22.265+0000] {dag.py:3823} INFO - Setting next_dagrun for example_task_group to 2024-02-13 00:00:00+00:00, run_after=2024-02-14 00:00:00+00:00
[2024-02-14T20:49:22.357+0000] {processor.py:183} INFO - Processing /home/airflow/.local/lib/python3.8/site-packages/airflow/example_dags/example_task_group.py took 0.198 seconds
[2024-02-14T20:49:52.774+0000] {processor.py:161} INFO - Started process (PID=5904) to work on /home/airflow/.local/lib/python3.8/site-packages/airflow/example_dags/example_task_group.py
[2024-02-14T20:49:52.777+0000] {processor.py:830} INFO - Processing file /home/airflow/.local/lib/python3.8/site-packages/airflow/example_dags/example_task_group.py for tasks to queue
[2024-02-14T20:49:52.786+0000] {logging_mixin.py:188} INFO - [2024-02-14T20:49:52.786+0000] {dagbag.py:538} INFO - Filling up the DagBag from /home/airflow/.local/lib/python3.8/site-packages/airflow/example_dags/example_task_group.py
[2024-02-14T20:49:52.808+0000] {processor.py:840} INFO - DAG(s) 'example_task_group' retrieved from /home/airflow/.local/lib/python3.8/site-packages/airflow/example_dags/example_task_group.py
[2024-02-14T20:49:52.871+0000] {logging_mixin.py:188} INFO - [2024-02-14T20:49:52.871+0000] {dag.py:3036} INFO - Sync 1 DAGs
[2024-02-14T20:49:52.932+0000] {logging_mixin.py:188} INFO - [2024-02-14T20:49:52.932+0000] {dag.py:3823} INFO - Setting next_dagrun for example_task_group to 2024-02-13 00:00:00+00:00, run_after=2024-02-14 00:00:00+00:00
[2024-02-14T20:49:52.971+0000] {processor.py:183} INFO - Processing /home/airflow/.local/lib/python3.8/site-packages/airflow/example_dags/example_task_group.py took 0.202 seconds
[2024-02-14T20:50:23.483+0000] {processor.py:161} INFO - Started process (PID=6151) to work on /home/airflow/.local/lib/python3.8/site-packages/airflow/example_dags/example_task_group.py
[2024-02-14T20:50:23.486+0000] {processor.py:830} INFO - Processing file /home/airflow/.local/lib/python3.8/site-packages/airflow/example_dags/example_task_group.py for tasks to queue
[2024-02-14T20:50:23.489+0000] {logging_mixin.py:188} INFO - [2024-02-14T20:50:23.488+0000] {dagbag.py:538} INFO - Filling up the DagBag from /home/airflow/.local/lib/python3.8/site-packages/airflow/example_dags/example_task_group.py
[2024-02-14T20:50:23.508+0000] {processor.py:840} INFO - DAG(s) 'example_task_group' retrieved from /home/airflow/.local/lib/python3.8/site-packages/airflow/example_dags/example_task_group.py
[2024-02-14T20:50:23.549+0000] {logging_mixin.py:188} INFO - [2024-02-14T20:50:23.549+0000] {dag.py:3036} INFO - Sync 1 DAGs
[2024-02-14T20:50:23.585+0000] {logging_mixin.py:188} INFO - [2024-02-14T20:50:23.584+0000] {dag.py:3823} INFO - Setting next_dagrun for example_task_group to 2024-02-13 00:00:00+00:00, run_after=2024-02-14 00:00:00+00:00
[2024-02-14T20:50:23.616+0000] {processor.py:183} INFO - Processing /home/airflow/.local/lib/python3.8/site-packages/airflow/example_dags/example_task_group.py took 0.139 seconds
[2024-02-14T20:50:54.024+0000] {processor.py:161} INFO - Started process (PID=6399) to work on /home/airflow/.local/lib/python3.8/site-packages/airflow/example_dags/example_task_group.py
[2024-02-14T20:50:54.026+0000] {processor.py:830} INFO - Processing file /home/airflow/.local/lib/python3.8/site-packages/airflow/example_dags/example_task_group.py for tasks to queue
[2024-02-14T20:50:54.028+0000] {logging_mixin.py:188} INFO - [2024-02-14T20:50:54.027+0000] {dagbag.py:538} INFO - Filling up the DagBag from /home/airflow/.local/lib/python3.8/site-packages/airflow/example_dags/example_task_group.py
[2024-02-14T20:50:54.043+0000] {processor.py:840} INFO - DAG(s) 'example_task_group' retrieved from /home/airflow/.local/lib/python3.8/site-packages/airflow/example_dags/example_task_group.py
[2024-02-14T20:50:54.106+0000] {logging_mixin.py:188} INFO - [2024-02-14T20:50:54.105+0000] {dag.py:3036} INFO - Sync 1 DAGs
[2024-02-14T20:50:54.153+0000] {logging_mixin.py:188} INFO - [2024-02-14T20:50:54.153+0000] {dag.py:3823} INFO - Setting next_dagrun for example_task_group to 2024-02-13 00:00:00+00:00, run_after=2024-02-14 00:00:00+00:00
[2024-02-14T20:50:54.207+0000] {processor.py:183} INFO - Processing /home/airflow/.local/lib/python3.8/site-packages/airflow/example_dags/example_task_group.py took 0.189 seconds
[2024-02-14T20:51:24.296+0000] {processor.py:161} INFO - Started process (PID=6647) to work on /home/airflow/.local/lib/python3.8/site-packages/airflow/example_dags/example_task_group.py
[2024-02-14T20:51:24.298+0000] {processor.py:830} INFO - Processing file /home/airflow/.local/lib/python3.8/site-packages/airflow/example_dags/example_task_group.py for tasks to queue
[2024-02-14T20:51:24.301+0000] {logging_mixin.py:188} INFO - [2024-02-14T20:51:24.300+0000] {dagbag.py:538} INFO - Filling up the DagBag from /home/airflow/.local/lib/python3.8/site-packages/airflow/example_dags/example_task_group.py
[2024-02-14T20:51:24.322+0000] {processor.py:840} INFO - DAG(s) 'example_task_group' retrieved from /home/airflow/.local/lib/python3.8/site-packages/airflow/example_dags/example_task_group.py
[2024-02-14T20:51:24.374+0000] {logging_mixin.py:188} INFO - [2024-02-14T20:51:24.373+0000] {dag.py:3036} INFO - Sync 1 DAGs
[2024-02-14T20:51:24.431+0000] {logging_mixin.py:188} INFO - [2024-02-14T20:51:24.431+0000] {dag.py:3823} INFO - Setting next_dagrun for example_task_group to 2024-02-13 00:00:00+00:00, run_after=2024-02-14 00:00:00+00:00
[2024-02-14T20:51:24.479+0000] {processor.py:183} INFO - Processing /home/airflow/.local/lib/python3.8/site-packages/airflow/example_dags/example_task_group.py took 0.194 seconds
[2024-02-14T20:51:55.472+0000] {processor.py:161} INFO - Started process (PID=6894) to work on /home/airflow/.local/lib/python3.8/site-packages/airflow/example_dags/example_task_group.py
[2024-02-14T20:51:55.477+0000] {processor.py:830} INFO - Processing file /home/airflow/.local/lib/python3.8/site-packages/airflow/example_dags/example_task_group.py for tasks to queue
[2024-02-14T20:51:55.482+0000] {logging_mixin.py:188} INFO - [2024-02-14T20:51:55.481+0000] {dagbag.py:538} INFO - Filling up the DagBag from /home/airflow/.local/lib/python3.8/site-packages/airflow/example_dags/example_task_group.py
[2024-02-14T20:51:55.507+0000] {processor.py:840} INFO - DAG(s) 'example_task_group' retrieved from /home/airflow/.local/lib/python3.8/site-packages/airflow/example_dags/example_task_group.py
[2024-02-14T20:51:55.542+0000] {logging_mixin.py:188} INFO - [2024-02-14T20:51:55.542+0000] {dag.py:3036} INFO - Sync 1 DAGs
[2024-02-14T20:51:55.577+0000] {logging_mixin.py:188} INFO - [2024-02-14T20:51:55.576+0000] {dag.py:3823} INFO - Setting next_dagrun for example_task_group to 2024-02-13 00:00:00+00:00, run_after=2024-02-14 00:00:00+00:00
[2024-02-14T20:51:55.624+0000] {processor.py:183} INFO - Processing /home/airflow/.local/lib/python3.8/site-packages/airflow/example_dags/example_task_group.py took 0.164 seconds
[2024-02-14T20:52:25.912+0000] {processor.py:161} INFO - Started process (PID=7141) to work on /home/airflow/.local/lib/python3.8/site-packages/airflow/example_dags/example_task_group.py
[2024-02-14T20:52:25.916+0000] {processor.py:830} INFO - Processing file /home/airflow/.local/lib/python3.8/site-packages/airflow/example_dags/example_task_group.py for tasks to queue
[2024-02-14T20:52:25.920+0000] {logging_mixin.py:188} INFO - [2024-02-14T20:52:25.919+0000] {dagbag.py:538} INFO - Filling up the DagBag from /home/airflow/.local/lib/python3.8/site-packages/airflow/example_dags/example_task_group.py
[2024-02-14T20:52:25.951+0000] {processor.py:840} INFO - DAG(s) 'example_task_group' retrieved from /home/airflow/.local/lib/python3.8/site-packages/airflow/example_dags/example_task_group.py
[2024-02-14T20:52:26.048+0000] {logging_mixin.py:188} INFO - [2024-02-14T20:52:26.047+0000] {dag.py:3036} INFO - Sync 1 DAGs
[2024-02-14T20:52:26.089+0000] {logging_mixin.py:188} INFO - [2024-02-14T20:52:26.089+0000] {dag.py:3823} INFO - Setting next_dagrun for example_task_group to 2024-02-13 00:00:00+00:00, run_after=2024-02-14 00:00:00+00:00
[2024-02-14T20:52:26.120+0000] {processor.py:183} INFO - Processing /home/airflow/.local/lib/python3.8/site-packages/airflow/example_dags/example_task_group.py took 0.220 seconds
[2024-02-14T20:52:56.771+0000] {processor.py:161} INFO - Started process (PID=7390) to work on /home/airflow/.local/lib/python3.8/site-packages/airflow/example_dags/example_task_group.py
[2024-02-14T20:52:56.772+0000] {processor.py:830} INFO - Processing file /home/airflow/.local/lib/python3.8/site-packages/airflow/example_dags/example_task_group.py for tasks to queue
[2024-02-14T20:52:56.774+0000] {logging_mixin.py:188} INFO - [2024-02-14T20:52:56.773+0000] {dagbag.py:538} INFO - Filling up the DagBag from /home/airflow/.local/lib/python3.8/site-packages/airflow/example_dags/example_task_group.py
[2024-02-14T20:52:56.788+0000] {processor.py:840} INFO - DAG(s) 'example_task_group' retrieved from /home/airflow/.local/lib/python3.8/site-packages/airflow/example_dags/example_task_group.py
[2024-02-14T20:52:56.825+0000] {logging_mixin.py:188} INFO - [2024-02-14T20:52:56.824+0000] {dag.py:3036} INFO - Sync 1 DAGs
[2024-02-14T20:52:56.861+0000] {logging_mixin.py:188} INFO - [2024-02-14T20:52:56.860+0000] {dag.py:3823} INFO - Setting next_dagrun for example_task_group to 2024-02-13 00:00:00+00:00, run_after=2024-02-14 00:00:00+00:00
[2024-02-14T20:52:56.902+0000] {processor.py:183} INFO - Processing /home/airflow/.local/lib/python3.8/site-packages/airflow/example_dags/example_task_group.py took 0.137 seconds
[2024-02-14T20:53:27.306+0000] {processor.py:161} INFO - Started process (PID=7635) to work on /home/airflow/.local/lib/python3.8/site-packages/airflow/example_dags/example_task_group.py
[2024-02-14T20:53:27.308+0000] {processor.py:830} INFO - Processing file /home/airflow/.local/lib/python3.8/site-packages/airflow/example_dags/example_task_group.py for tasks to queue
[2024-02-14T20:53:27.309+0000] {logging_mixin.py:188} INFO - [2024-02-14T20:53:27.309+0000] {dagbag.py:538} INFO - Filling up the DagBag from /home/airflow/.local/lib/python3.8/site-packages/airflow/example_dags/example_task_group.py
[2024-02-14T20:53:27.321+0000] {processor.py:840} INFO - DAG(s) 'example_task_group' retrieved from /home/airflow/.local/lib/python3.8/site-packages/airflow/example_dags/example_task_group.py
[2024-02-14T20:53:27.352+0000] {logging_mixin.py:188} INFO - [2024-02-14T20:53:27.352+0000] {dag.py:3036} INFO - Sync 1 DAGs
[2024-02-14T20:53:27.389+0000] {logging_mixin.py:188} INFO - [2024-02-14T20:53:27.389+0000] {dag.py:3823} INFO - Setting next_dagrun for example_task_group to 2024-02-13 00:00:00+00:00, run_after=2024-02-14 00:00:00+00:00
[2024-02-14T20:53:27.423+0000] {processor.py:183} INFO - Processing /home/airflow/.local/lib/python3.8/site-packages/airflow/example_dags/example_task_group.py took 0.122 seconds
[2024-02-14T20:53:58.411+0000] {processor.py:161} INFO - Started process (PID=7882) to work on /home/airflow/.local/lib/python3.8/site-packages/airflow/example_dags/example_task_group.py
[2024-02-14T20:53:58.413+0000] {processor.py:830} INFO - Processing file /home/airflow/.local/lib/python3.8/site-packages/airflow/example_dags/example_task_group.py for tasks to queue
[2024-02-14T20:53:58.415+0000] {logging_mixin.py:188} INFO - [2024-02-14T20:53:58.415+0000] {dagbag.py:538} INFO - Filling up the DagBag from /home/airflow/.local/lib/python3.8/site-packages/airflow/example_dags/example_task_group.py
[2024-02-14T20:53:58.445+0000] {processor.py:840} INFO - DAG(s) 'example_task_group' retrieved from /home/airflow/.local/lib/python3.8/site-packages/airflow/example_dags/example_task_group.py
[2024-02-14T20:53:58.492+0000] {logging_mixin.py:188} INFO - [2024-02-14T20:53:58.491+0000] {dag.py:3036} INFO - Sync 1 DAGs
[2024-02-14T20:53:58.534+0000] {logging_mixin.py:188} INFO - [2024-02-14T20:53:58.533+0000] {dag.py:3823} INFO - Setting next_dagrun for example_task_group to 2024-02-13 00:00:00+00:00, run_after=2024-02-14 00:00:00+00:00
[2024-02-14T20:53:58.589+0000] {processor.py:183} INFO - Processing /home/airflow/.local/lib/python3.8/site-packages/airflow/example_dags/example_task_group.py took 0.186 seconds
[2024-02-14T20:54:28.863+0000] {processor.py:161} INFO - Started process (PID=8125) to work on /home/airflow/.local/lib/python3.8/site-packages/airflow/example_dags/example_task_group.py
[2024-02-14T20:54:28.866+0000] {processor.py:830} INFO - Processing file /home/airflow/.local/lib/python3.8/site-packages/airflow/example_dags/example_task_group.py for tasks to queue
[2024-02-14T20:54:28.869+0000] {logging_mixin.py:188} INFO - [2024-02-14T20:54:28.868+0000] {dagbag.py:538} INFO - Filling up the DagBag from /home/airflow/.local/lib/python3.8/site-packages/airflow/example_dags/example_task_group.py
[2024-02-14T20:54:28.894+0000] {processor.py:840} INFO - DAG(s) 'example_task_group' retrieved from /home/airflow/.local/lib/python3.8/site-packages/airflow/example_dags/example_task_group.py
[2024-02-14T20:54:28.968+0000] {logging_mixin.py:188} INFO - [2024-02-14T20:54:28.968+0000] {dag.py:3036} INFO - Sync 1 DAGs
[2024-02-14T20:54:29.047+0000] {logging_mixin.py:188} INFO - [2024-02-14T20:54:29.046+0000] {dag.py:3823} INFO - Setting next_dagrun for example_task_group to 2024-02-13 00:00:00+00:00, run_after=2024-02-14 00:00:00+00:00
[2024-02-14T20:54:29.249+0000] {processor.py:183} INFO - Processing /home/airflow/.local/lib/python3.8/site-packages/airflow/example_dags/example_task_group.py took 0.394 seconds
[2024-02-14T20:54:59.369+0000] {processor.py:161} INFO - Started process (PID=8370) to work on /home/airflow/.local/lib/python3.8/site-packages/airflow/example_dags/example_task_group.py
[2024-02-14T20:54:59.370+0000] {processor.py:830} INFO - Processing file /home/airflow/.local/lib/python3.8/site-packages/airflow/example_dags/example_task_group.py for tasks to queue
[2024-02-14T20:54:59.372+0000] {logging_mixin.py:188} INFO - [2024-02-14T20:54:59.372+0000] {dagbag.py:538} INFO - Filling up the DagBag from /home/airflow/.local/lib/python3.8/site-packages/airflow/example_dags/example_task_group.py
[2024-02-14T20:54:59.386+0000] {processor.py:840} INFO - DAG(s) 'example_task_group' retrieved from /home/airflow/.local/lib/python3.8/site-packages/airflow/example_dags/example_task_group.py
[2024-02-14T20:54:59.424+0000] {logging_mixin.py:188} INFO - [2024-02-14T20:54:59.424+0000] {dag.py:3036} INFO - Sync 1 DAGs
[2024-02-14T20:54:59.463+0000] {logging_mixin.py:188} INFO - [2024-02-14T20:54:59.462+0000] {dag.py:3823} INFO - Setting next_dagrun for example_task_group to 2024-02-13 00:00:00+00:00, run_after=2024-02-14 00:00:00+00:00
[2024-02-14T20:54:59.491+0000] {processor.py:183} INFO - Processing /home/airflow/.local/lib/python3.8/site-packages/airflow/example_dags/example_task_group.py took 0.129 seconds
[2024-02-14T20:55:30.306+0000] {processor.py:161} INFO - Started process (PID=8619) to work on /home/airflow/.local/lib/python3.8/site-packages/airflow/example_dags/example_task_group.py
[2024-02-14T20:55:30.308+0000] {processor.py:830} INFO - Processing file /home/airflow/.local/lib/python3.8/site-packages/airflow/example_dags/example_task_group.py for tasks to queue
[2024-02-14T20:55:30.310+0000] {logging_mixin.py:188} INFO - [2024-02-14T20:55:30.309+0000] {dagbag.py:538} INFO - Filling up the DagBag from /home/airflow/.local/lib/python3.8/site-packages/airflow/example_dags/example_task_group.py
[2024-02-14T20:55:30.321+0000] {processor.py:840} INFO - DAG(s) 'example_task_group' retrieved from /home/airflow/.local/lib/python3.8/site-packages/airflow/example_dags/example_task_group.py
[2024-02-14T20:55:30.356+0000] {logging_mixin.py:188} INFO - [2024-02-14T20:55:30.355+0000] {dag.py:3036} INFO - Sync 1 DAGs
[2024-02-14T20:55:30.394+0000] {logging_mixin.py:188} INFO - [2024-02-14T20:55:30.393+0000] {dag.py:3823} INFO - Setting next_dagrun for example_task_group to 2024-02-13 00:00:00+00:00, run_after=2024-02-14 00:00:00+00:00
[2024-02-14T20:55:30.421+0000] {processor.py:183} INFO - Processing /home/airflow/.local/lib/python3.8/site-packages/airflow/example_dags/example_task_group.py took 0.120 seconds
[2024-02-14T20:56:00.985+0000] {processor.py:161} INFO - Started process (PID=8864) to work on /home/airflow/.local/lib/python3.8/site-packages/airflow/example_dags/example_task_group.py
[2024-02-14T20:56:00.989+0000] {processor.py:830} INFO - Processing file /home/airflow/.local/lib/python3.8/site-packages/airflow/example_dags/example_task_group.py for tasks to queue
[2024-02-14T20:56:00.992+0000] {logging_mixin.py:188} INFO - [2024-02-14T20:56:00.991+0000] {dagbag.py:538} INFO - Filling up the DagBag from /home/airflow/.local/lib/python3.8/site-packages/airflow/example_dags/example_task_group.py
[2024-02-14T20:56:01.013+0000] {processor.py:840} INFO - DAG(s) 'example_task_group' retrieved from /home/airflow/.local/lib/python3.8/site-packages/airflow/example_dags/example_task_group.py
[2024-02-14T20:56:01.068+0000] {logging_mixin.py:188} INFO - [2024-02-14T20:56:01.068+0000] {dag.py:3036} INFO - Sync 1 DAGs
[2024-02-14T20:56:01.112+0000] {logging_mixin.py:188} INFO - [2024-02-14T20:56:01.111+0000] {dag.py:3823} INFO - Setting next_dagrun for example_task_group to 2024-02-13 00:00:00+00:00, run_after=2024-02-14 00:00:00+00:00
[2024-02-14T20:56:01.157+0000] {processor.py:183} INFO - Processing /home/airflow/.local/lib/python3.8/site-packages/airflow/example_dags/example_task_group.py took 0.181 seconds
[2024-02-14T20:56:32.294+0000] {processor.py:161} INFO - Started process (PID=9110) to work on /home/airflow/.local/lib/python3.8/site-packages/airflow/example_dags/example_task_group.py
[2024-02-14T20:56:32.298+0000] {processor.py:830} INFO - Processing file /home/airflow/.local/lib/python3.8/site-packages/airflow/example_dags/example_task_group.py for tasks to queue
[2024-02-14T20:56:32.306+0000] {logging_mixin.py:188} INFO - [2024-02-14T20:56:32.305+0000] {dagbag.py:538} INFO - Filling up the DagBag from /home/airflow/.local/lib/python3.8/site-packages/airflow/example_dags/example_task_group.py
[2024-02-14T20:56:32.344+0000] {processor.py:840} INFO - DAG(s) 'example_task_group' retrieved from /home/airflow/.local/lib/python3.8/site-packages/airflow/example_dags/example_task_group.py
[2024-02-14T20:56:32.429+0000] {logging_mixin.py:188} INFO - [2024-02-14T20:56:32.428+0000] {dag.py:3036} INFO - Sync 1 DAGs
[2024-02-14T20:56:32.526+0000] {logging_mixin.py:188} INFO - [2024-02-14T20:56:32.526+0000] {dag.py:3823} INFO - Setting next_dagrun for example_task_group to 2024-02-13 00:00:00+00:00, run_after=2024-02-14 00:00:00+00:00
[2024-02-14T20:56:32.604+0000] {processor.py:183} INFO - Processing /home/airflow/.local/lib/python3.8/site-packages/airflow/example_dags/example_task_group.py took 0.328 seconds
[2024-02-14T20:57:03.175+0000] {processor.py:161} INFO - Started process (PID=9357) to work on /home/airflow/.local/lib/python3.8/site-packages/airflow/example_dags/example_task_group.py
[2024-02-14T20:57:03.178+0000] {processor.py:830} INFO - Processing file /home/airflow/.local/lib/python3.8/site-packages/airflow/example_dags/example_task_group.py for tasks to queue
[2024-02-14T20:57:03.183+0000] {logging_mixin.py:188} INFO - [2024-02-14T20:57:03.182+0000] {dagbag.py:538} INFO - Filling up the DagBag from /home/airflow/.local/lib/python3.8/site-packages/airflow/example_dags/example_task_group.py
[2024-02-14T20:57:03.204+0000] {processor.py:840} INFO - DAG(s) 'example_task_group' retrieved from /home/airflow/.local/lib/python3.8/site-packages/airflow/example_dags/example_task_group.py
[2024-02-14T20:57:03.260+0000] {logging_mixin.py:188} INFO - [2024-02-14T20:57:03.260+0000] {dag.py:3036} INFO - Sync 1 DAGs
[2024-02-14T20:57:03.316+0000] {logging_mixin.py:188} INFO - [2024-02-14T20:57:03.315+0000] {dag.py:3823} INFO - Setting next_dagrun for example_task_group to 2024-02-13 00:00:00+00:00, run_after=2024-02-14 00:00:00+00:00
[2024-02-14T20:57:03.379+0000] {processor.py:183} INFO - Processing /home/airflow/.local/lib/python3.8/site-packages/airflow/example_dags/example_task_group.py took 0.214 seconds
[2024-02-14T20:57:33.454+0000] {processor.py:161} INFO - Started process (PID=9604) to work on /home/airflow/.local/lib/python3.8/site-packages/airflow/example_dags/example_task_group.py
[2024-02-14T20:57:33.457+0000] {processor.py:830} INFO - Processing file /home/airflow/.local/lib/python3.8/site-packages/airflow/example_dags/example_task_group.py for tasks to queue
[2024-02-14T20:57:33.460+0000] {logging_mixin.py:188} INFO - [2024-02-14T20:57:33.459+0000] {dagbag.py:538} INFO - Filling up the DagBag from /home/airflow/.local/lib/python3.8/site-packages/airflow/example_dags/example_task_group.py
[2024-02-14T20:57:33.487+0000] {processor.py:840} INFO - DAG(s) 'example_task_group' retrieved from /home/airflow/.local/lib/python3.8/site-packages/airflow/example_dags/example_task_group.py
[2024-02-14T20:57:33.549+0000] {logging_mixin.py:188} INFO - [2024-02-14T20:57:33.549+0000] {dag.py:3036} INFO - Sync 1 DAGs
[2024-02-14T20:57:33.601+0000] {logging_mixin.py:188} INFO - [2024-02-14T20:57:33.601+0000] {dag.py:3823} INFO - Setting next_dagrun for example_task_group to 2024-02-13 00:00:00+00:00, run_after=2024-02-14 00:00:00+00:00
[2024-02-14T20:57:33.653+0000] {processor.py:183} INFO - Processing /home/airflow/.local/lib/python3.8/site-packages/airflow/example_dags/example_task_group.py took 0.208 seconds
