[2024-02-14T20:38:07.393+0000] {processor.py:161} INFO - Started process (PID=226) to work on /home/airflow/.local/lib/python3.8/site-packages/airflow/example_dags/example_complex.py
[2024-02-14T20:38:07.395+0000] {processor.py:830} INFO - Processing file /home/airflow/.local/lib/python3.8/site-packages/airflow/example_dags/example_complex.py for tasks to queue
[2024-02-14T20:38:07.396+0000] {logging_mixin.py:188} INFO - [2024-02-14T20:38:07.396+0000] {dagbag.py:538} INFO - Filling up the DagBag from /home/airflow/.local/lib/python3.8/site-packages/airflow/example_dags/example_complex.py
[2024-02-14T20:38:07.416+0000] {processor.py:840} INFO - DAG(s) 'example_complex' retrieved from /home/airflow/.local/lib/python3.8/site-packages/airflow/example_dags/example_complex.py
[2024-02-14T20:38:07.620+0000] {logging_mixin.py:188} INFO - [2024-02-14T20:38:07.619+0000] {dag.py:3036} INFO - Sync 1 DAGs
[2024-02-14T20:38:07.634+0000] {logging_mixin.py:188} INFO - [2024-02-14T20:38:07.634+0000] {dag.py:3823} INFO - Setting next_dagrun for example_complex to None, run_after=None
[2024-02-14T20:38:07.666+0000] {processor.py:183} INFO - Processing /home/airflow/.local/lib/python3.8/site-packages/airflow/example_dags/example_complex.py took 0.277 seconds
[2024-02-14T20:38:38.215+0000] {processor.py:161} INFO - Started process (PID=475) to work on /home/airflow/.local/lib/python3.8/site-packages/airflow/example_dags/example_complex.py
[2024-02-14T20:38:38.218+0000] {processor.py:830} INFO - Processing file /home/airflow/.local/lib/python3.8/site-packages/airflow/example_dags/example_complex.py for tasks to queue
[2024-02-14T20:38:38.220+0000] {logging_mixin.py:188} INFO - [2024-02-14T20:38:38.219+0000] {dagbag.py:538} INFO - Filling up the DagBag from /home/airflow/.local/lib/python3.8/site-packages/airflow/example_dags/example_complex.py
[2024-02-14T20:38:38.246+0000] {processor.py:840} INFO - DAG(s) 'example_complex' retrieved from /home/airflow/.local/lib/python3.8/site-packages/airflow/example_dags/example_complex.py
[2024-02-14T20:38:38.396+0000] {logging_mixin.py:188} INFO - [2024-02-14T20:38:38.395+0000] {dag.py:3036} INFO - Sync 1 DAGs
[2024-02-14T20:38:38.461+0000] {logging_mixin.py:188} INFO - [2024-02-14T20:38:38.459+0000] {dag.py:3823} INFO - Setting next_dagrun for example_complex to None, run_after=None
[2024-02-14T20:38:38.535+0000] {processor.py:183} INFO - Processing /home/airflow/.local/lib/python3.8/site-packages/airflow/example_dags/example_complex.py took 0.326 seconds
[2024-02-14T20:39:09.060+0000] {processor.py:161} INFO - Started process (PID=720) to work on /home/airflow/.local/lib/python3.8/site-packages/airflow/example_dags/example_complex.py
[2024-02-14T20:39:09.063+0000] {processor.py:830} INFO - Processing file /home/airflow/.local/lib/python3.8/site-packages/airflow/example_dags/example_complex.py for tasks to queue
[2024-02-14T20:39:09.066+0000] {logging_mixin.py:188} INFO - [2024-02-14T20:39:09.065+0000] {dagbag.py:538} INFO - Filling up the DagBag from /home/airflow/.local/lib/python3.8/site-packages/airflow/example_dags/example_complex.py
[2024-02-14T20:39:09.108+0000] {processor.py:840} INFO - DAG(s) 'example_complex' retrieved from /home/airflow/.local/lib/python3.8/site-packages/airflow/example_dags/example_complex.py
[2024-02-14T20:39:09.209+0000] {logging_mixin.py:188} INFO - [2024-02-14T20:39:09.208+0000] {dag.py:3036} INFO - Sync 1 DAGs
[2024-02-14T20:39:09.226+0000] {logging_mixin.py:188} INFO - [2024-02-14T20:39:09.226+0000] {dag.py:3823} INFO - Setting next_dagrun for example_complex to None, run_after=None
[2024-02-14T20:39:09.256+0000] {processor.py:183} INFO - Processing /home/airflow/.local/lib/python3.8/site-packages/airflow/example_dags/example_complex.py took 0.205 seconds
[2024-02-14T20:39:39.977+0000] {processor.py:161} INFO - Started process (PID=967) to work on /home/airflow/.local/lib/python3.8/site-packages/airflow/example_dags/example_complex.py
[2024-02-14T20:39:39.979+0000] {processor.py:830} INFO - Processing file /home/airflow/.local/lib/python3.8/site-packages/airflow/example_dags/example_complex.py for tasks to queue
[2024-02-14T20:39:39.982+0000] {logging_mixin.py:188} INFO - [2024-02-14T20:39:39.981+0000] {dagbag.py:538} INFO - Filling up the DagBag from /home/airflow/.local/lib/python3.8/site-packages/airflow/example_dags/example_complex.py
[2024-02-14T20:39:40.095+0000] {processor.py:840} INFO - DAG(s) 'example_complex' retrieved from /home/airflow/.local/lib/python3.8/site-packages/airflow/example_dags/example_complex.py
[2024-02-14T20:39:40.355+0000] {logging_mixin.py:188} INFO - [2024-02-14T20:39:40.354+0000] {dag.py:3036} INFO - Sync 1 DAGs
[2024-02-14T20:39:40.625+0000] {logging_mixin.py:188} INFO - [2024-02-14T20:39:40.623+0000] {dag.py:3823} INFO - Setting next_dagrun for example_complex to None, run_after=None
[2024-02-14T20:39:40.990+0000] {processor.py:183} INFO - Processing /home/airflow/.local/lib/python3.8/site-packages/airflow/example_dags/example_complex.py took 1.021 seconds
[2024-02-14T20:40:11.871+0000] {processor.py:161} INFO - Started process (PID=1223) to work on /home/airflow/.local/lib/python3.8/site-packages/airflow/example_dags/example_complex.py
[2024-02-14T20:40:11.875+0000] {processor.py:830} INFO - Processing file /home/airflow/.local/lib/python3.8/site-packages/airflow/example_dags/example_complex.py for tasks to queue
[2024-02-14T20:40:11.879+0000] {logging_mixin.py:188} INFO - [2024-02-14T20:40:11.878+0000] {dagbag.py:538} INFO - Filling up the DagBag from /home/airflow/.local/lib/python3.8/site-packages/airflow/example_dags/example_complex.py
[2024-02-14T20:40:11.913+0000] {processor.py:840} INFO - DAG(s) 'example_complex' retrieved from /home/airflow/.local/lib/python3.8/site-packages/airflow/example_dags/example_complex.py
[2024-02-14T20:40:11.990+0000] {logging_mixin.py:188} INFO - [2024-02-14T20:40:11.989+0000] {dag.py:3036} INFO - Sync 1 DAGs
[2024-02-14T20:40:12.018+0000] {logging_mixin.py:188} INFO - [2024-02-14T20:40:12.017+0000] {dag.py:3823} INFO - Setting next_dagrun for example_complex to None, run_after=None
[2024-02-14T20:40:12.075+0000] {processor.py:183} INFO - Processing /home/airflow/.local/lib/python3.8/site-packages/airflow/example_dags/example_complex.py took 0.214 seconds
[2024-02-14T20:40:42.729+0000] {processor.py:161} INFO - Started process (PID=1468) to work on /home/airflow/.local/lib/python3.8/site-packages/airflow/example_dags/example_complex.py
[2024-02-14T20:40:42.732+0000] {processor.py:830} INFO - Processing file /home/airflow/.local/lib/python3.8/site-packages/airflow/example_dags/example_complex.py for tasks to queue
[2024-02-14T20:40:42.734+0000] {logging_mixin.py:188} INFO - [2024-02-14T20:40:42.733+0000] {dagbag.py:538} INFO - Filling up the DagBag from /home/airflow/.local/lib/python3.8/site-packages/airflow/example_dags/example_complex.py
[2024-02-14T20:40:42.762+0000] {processor.py:840} INFO - DAG(s) 'example_complex' retrieved from /home/airflow/.local/lib/python3.8/site-packages/airflow/example_dags/example_complex.py
[2024-02-14T20:40:42.863+0000] {logging_mixin.py:188} INFO - [2024-02-14T20:40:42.862+0000] {dag.py:3036} INFO - Sync 1 DAGs
[2024-02-14T20:40:42.898+0000] {logging_mixin.py:188} INFO - [2024-02-14T20:40:42.897+0000] {dag.py:3823} INFO - Setting next_dagrun for example_complex to None, run_after=None
[2024-02-14T20:40:42.949+0000] {processor.py:183} INFO - Processing /home/airflow/.local/lib/python3.8/site-packages/airflow/example_dags/example_complex.py took 0.229 seconds
[2024-02-14T20:41:13.460+0000] {processor.py:161} INFO - Started process (PID=1714) to work on /home/airflow/.local/lib/python3.8/site-packages/airflow/example_dags/example_complex.py
[2024-02-14T20:41:13.462+0000] {processor.py:830} INFO - Processing file /home/airflow/.local/lib/python3.8/site-packages/airflow/example_dags/example_complex.py for tasks to queue
[2024-02-14T20:41:13.467+0000] {logging_mixin.py:188} INFO - [2024-02-14T20:41:13.465+0000] {dagbag.py:538} INFO - Filling up the DagBag from /home/airflow/.local/lib/python3.8/site-packages/airflow/example_dags/example_complex.py
[2024-02-14T20:41:13.504+0000] {processor.py:840} INFO - DAG(s) 'example_complex' retrieved from /home/airflow/.local/lib/python3.8/site-packages/airflow/example_dags/example_complex.py
[2024-02-14T20:41:13.596+0000] {logging_mixin.py:188} INFO - [2024-02-14T20:41:13.595+0000] {dag.py:3036} INFO - Sync 1 DAGs
[2024-02-14T20:41:13.635+0000] {logging_mixin.py:188} INFO - [2024-02-14T20:41:13.634+0000] {dag.py:3823} INFO - Setting next_dagrun for example_complex to None, run_after=None
[2024-02-14T20:41:13.689+0000] {processor.py:183} INFO - Processing /home/airflow/.local/lib/python3.8/site-packages/airflow/example_dags/example_complex.py took 0.238 seconds
[2024-02-14T20:41:44.044+0000] {processor.py:161} INFO - Started process (PID=1957) to work on /home/airflow/.local/lib/python3.8/site-packages/airflow/example_dags/example_complex.py
[2024-02-14T20:41:44.048+0000] {processor.py:830} INFO - Processing file /home/airflow/.local/lib/python3.8/site-packages/airflow/example_dags/example_complex.py for tasks to queue
[2024-02-14T20:41:44.052+0000] {logging_mixin.py:188} INFO - [2024-02-14T20:41:44.051+0000] {dagbag.py:538} INFO - Filling up the DagBag from /home/airflow/.local/lib/python3.8/site-packages/airflow/example_dags/example_complex.py
[2024-02-14T20:41:44.091+0000] {processor.py:840} INFO - DAG(s) 'example_complex' retrieved from /home/airflow/.local/lib/python3.8/site-packages/airflow/example_dags/example_complex.py
[2024-02-14T20:41:44.262+0000] {logging_mixin.py:188} INFO - [2024-02-14T20:41:44.261+0000] {dag.py:3036} INFO - Sync 1 DAGs
[2024-02-14T20:41:44.322+0000] {logging_mixin.py:188} INFO - [2024-02-14T20:41:44.321+0000] {dag.py:3823} INFO - Setting next_dagrun for example_complex to None, run_after=None
[2024-02-14T20:41:44.410+0000] {processor.py:183} INFO - Processing /home/airflow/.local/lib/python3.8/site-packages/airflow/example_dags/example_complex.py took 0.378 seconds
[2024-02-14T20:42:14.819+0000] {processor.py:161} INFO - Started process (PID=2204) to work on /home/airflow/.local/lib/python3.8/site-packages/airflow/example_dags/example_complex.py
[2024-02-14T20:42:14.823+0000] {processor.py:830} INFO - Processing file /home/airflow/.local/lib/python3.8/site-packages/airflow/example_dags/example_complex.py for tasks to queue
[2024-02-14T20:42:14.829+0000] {logging_mixin.py:188} INFO - [2024-02-14T20:42:14.827+0000] {dagbag.py:538} INFO - Filling up the DagBag from /home/airflow/.local/lib/python3.8/site-packages/airflow/example_dags/example_complex.py
[2024-02-14T20:42:14.892+0000] {processor.py:840} INFO - DAG(s) 'example_complex' retrieved from /home/airflow/.local/lib/python3.8/site-packages/airflow/example_dags/example_complex.py
[2024-02-14T20:42:15.052+0000] {logging_mixin.py:188} INFO - [2024-02-14T20:42:15.051+0000] {dag.py:3036} INFO - Sync 1 DAGs
[2024-02-14T20:42:15.085+0000] {logging_mixin.py:188} INFO - [2024-02-14T20:42:15.085+0000] {dag.py:3823} INFO - Setting next_dagrun for example_complex to None, run_after=None
[2024-02-14T20:42:15.123+0000] {processor.py:183} INFO - Processing /home/airflow/.local/lib/python3.8/site-packages/airflow/example_dags/example_complex.py took 0.320 seconds
[2024-02-14T20:42:45.904+0000] {processor.py:161} INFO - Started process (PID=2452) to work on /home/airflow/.local/lib/python3.8/site-packages/airflow/example_dags/example_complex.py
[2024-02-14T20:42:45.908+0000] {processor.py:830} INFO - Processing file /home/airflow/.local/lib/python3.8/site-packages/airflow/example_dags/example_complex.py for tasks to queue
[2024-02-14T20:42:45.912+0000] {logging_mixin.py:188} INFO - [2024-02-14T20:42:45.911+0000] {dagbag.py:538} INFO - Filling up the DagBag from /home/airflow/.local/lib/python3.8/site-packages/airflow/example_dags/example_complex.py
[2024-02-14T20:42:45.962+0000] {processor.py:840} INFO - DAG(s) 'example_complex' retrieved from /home/airflow/.local/lib/python3.8/site-packages/airflow/example_dags/example_complex.py
[2024-02-14T20:42:46.094+0000] {logging_mixin.py:188} INFO - [2024-02-14T20:42:46.093+0000] {dag.py:3036} INFO - Sync 1 DAGs
[2024-02-14T20:42:46.125+0000] {logging_mixin.py:188} INFO - [2024-02-14T20:42:46.124+0000] {dag.py:3823} INFO - Setting next_dagrun for example_complex to None, run_after=None
[2024-02-14T20:42:46.184+0000] {processor.py:183} INFO - Processing /home/airflow/.local/lib/python3.8/site-packages/airflow/example_dags/example_complex.py took 0.288 seconds
[2024-02-14T20:43:16.389+0000] {processor.py:161} INFO - Started process (PID=2696) to work on /home/airflow/.local/lib/python3.8/site-packages/airflow/example_dags/example_complex.py
[2024-02-14T20:43:16.393+0000] {processor.py:830} INFO - Processing file /home/airflow/.local/lib/python3.8/site-packages/airflow/example_dags/example_complex.py for tasks to queue
[2024-02-14T20:43:16.397+0000] {logging_mixin.py:188} INFO - [2024-02-14T20:43:16.396+0000] {dagbag.py:538} INFO - Filling up the DagBag from /home/airflow/.local/lib/python3.8/site-packages/airflow/example_dags/example_complex.py
[2024-02-14T20:43:16.455+0000] {processor.py:840} INFO - DAG(s) 'example_complex' retrieved from /home/airflow/.local/lib/python3.8/site-packages/airflow/example_dags/example_complex.py
[2024-02-14T20:43:16.544+0000] {logging_mixin.py:188} INFO - [2024-02-14T20:43:16.544+0000] {dag.py:3036} INFO - Sync 1 DAGs
[2024-02-14T20:43:16.561+0000] {logging_mixin.py:188} INFO - [2024-02-14T20:43:16.561+0000] {dag.py:3823} INFO - Setting next_dagrun for example_complex to None, run_after=None
[2024-02-14T20:43:16.590+0000] {processor.py:183} INFO - Processing /home/airflow/.local/lib/python3.8/site-packages/airflow/example_dags/example_complex.py took 0.215 seconds
[2024-02-14T20:43:46.745+0000] {processor.py:161} INFO - Started process (PID=2942) to work on /home/airflow/.local/lib/python3.8/site-packages/airflow/example_dags/example_complex.py
[2024-02-14T20:43:46.750+0000] {processor.py:830} INFO - Processing file /home/airflow/.local/lib/python3.8/site-packages/airflow/example_dags/example_complex.py for tasks to queue
[2024-02-14T20:43:46.754+0000] {logging_mixin.py:188} INFO - [2024-02-14T20:43:46.753+0000] {dagbag.py:538} INFO - Filling up the DagBag from /home/airflow/.local/lib/python3.8/site-packages/airflow/example_dags/example_complex.py
[2024-02-14T20:43:46.811+0000] {processor.py:840} INFO - DAG(s) 'example_complex' retrieved from /home/airflow/.local/lib/python3.8/site-packages/airflow/example_dags/example_complex.py
[2024-02-14T20:43:46.948+0000] {logging_mixin.py:188} INFO - [2024-02-14T20:43:46.947+0000] {dag.py:3036} INFO - Sync 1 DAGs
[2024-02-14T20:43:47.000+0000] {logging_mixin.py:188} INFO - [2024-02-14T20:43:46.999+0000] {dag.py:3823} INFO - Setting next_dagrun for example_complex to None, run_after=None
[2024-02-14T20:43:47.096+0000] {processor.py:183} INFO - Processing /home/airflow/.local/lib/python3.8/site-packages/airflow/example_dags/example_complex.py took 0.365 seconds
[2024-02-14T20:44:17.460+0000] {processor.py:161} INFO - Started process (PID=3190) to work on /home/airflow/.local/lib/python3.8/site-packages/airflow/example_dags/example_complex.py
[2024-02-14T20:44:17.464+0000] {processor.py:830} INFO - Processing file /home/airflow/.local/lib/python3.8/site-packages/airflow/example_dags/example_complex.py for tasks to queue
[2024-02-14T20:44:17.469+0000] {logging_mixin.py:188} INFO - [2024-02-14T20:44:17.467+0000] {dagbag.py:538} INFO - Filling up the DagBag from /home/airflow/.local/lib/python3.8/site-packages/airflow/example_dags/example_complex.py
[2024-02-14T20:44:17.521+0000] {processor.py:840} INFO - DAG(s) 'example_complex' retrieved from /home/airflow/.local/lib/python3.8/site-packages/airflow/example_dags/example_complex.py
[2024-02-14T20:44:17.618+0000] {logging_mixin.py:188} INFO - [2024-02-14T20:44:17.617+0000] {dag.py:3036} INFO - Sync 1 DAGs
[2024-02-14T20:44:17.654+0000] {logging_mixin.py:188} INFO - [2024-02-14T20:44:17.653+0000] {dag.py:3823} INFO - Setting next_dagrun for example_complex to None, run_after=None
[2024-02-14T20:44:17.706+0000] {processor.py:183} INFO - Processing /home/airflow/.local/lib/python3.8/site-packages/airflow/example_dags/example_complex.py took 0.258 seconds
[2024-02-14T20:44:47.960+0000] {processor.py:161} INFO - Started process (PID=3437) to work on /home/airflow/.local/lib/python3.8/site-packages/airflow/example_dags/example_complex.py
[2024-02-14T20:44:47.963+0000] {processor.py:830} INFO - Processing file /home/airflow/.local/lib/python3.8/site-packages/airflow/example_dags/example_complex.py for tasks to queue
[2024-02-14T20:44:47.965+0000] {logging_mixin.py:188} INFO - [2024-02-14T20:44:47.964+0000] {dagbag.py:538} INFO - Filling up the DagBag from /home/airflow/.local/lib/python3.8/site-packages/airflow/example_dags/example_complex.py
[2024-02-14T20:44:47.996+0000] {processor.py:840} INFO - DAG(s) 'example_complex' retrieved from /home/airflow/.local/lib/python3.8/site-packages/airflow/example_dags/example_complex.py
[2024-02-14T20:44:48.067+0000] {logging_mixin.py:188} INFO - [2024-02-14T20:44:48.067+0000] {dag.py:3036} INFO - Sync 1 DAGs
[2024-02-14T20:44:48.091+0000] {logging_mixin.py:188} INFO - [2024-02-14T20:44:48.090+0000] {dag.py:3823} INFO - Setting next_dagrun for example_complex to None, run_after=None
[2024-02-14T20:44:48.131+0000] {processor.py:183} INFO - Processing /home/airflow/.local/lib/python3.8/site-packages/airflow/example_dags/example_complex.py took 0.177 seconds
[2024-02-14T20:45:18.462+0000] {processor.py:161} INFO - Started process (PID=3688) to work on /home/airflow/.local/lib/python3.8/site-packages/airflow/example_dags/example_complex.py
[2024-02-14T20:45:18.464+0000] {processor.py:830} INFO - Processing file /home/airflow/.local/lib/python3.8/site-packages/airflow/example_dags/example_complex.py for tasks to queue
[2024-02-14T20:45:18.465+0000] {logging_mixin.py:188} INFO - [2024-02-14T20:45:18.465+0000] {dagbag.py:538} INFO - Filling up the DagBag from /home/airflow/.local/lib/python3.8/site-packages/airflow/example_dags/example_complex.py
[2024-02-14T20:45:18.495+0000] {processor.py:840} INFO - DAG(s) 'example_complex' retrieved from /home/airflow/.local/lib/python3.8/site-packages/airflow/example_dags/example_complex.py
[2024-02-14T20:45:18.544+0000] {logging_mixin.py:188} INFO - [2024-02-14T20:45:18.543+0000] {dag.py:3036} INFO - Sync 1 DAGs
[2024-02-14T20:45:18.562+0000] {logging_mixin.py:188} INFO - [2024-02-14T20:45:18.562+0000] {dag.py:3823} INFO - Setting next_dagrun for example_complex to None, run_after=None
[2024-02-14T20:45:18.609+0000] {processor.py:183} INFO - Processing /home/airflow/.local/lib/python3.8/site-packages/airflow/example_dags/example_complex.py took 0.153 seconds
[2024-02-14T20:45:49.180+0000] {processor.py:161} INFO - Started process (PID=3935) to work on /home/airflow/.local/lib/python3.8/site-packages/airflow/example_dags/example_complex.py
[2024-02-14T20:45:49.183+0000] {processor.py:830} INFO - Processing file /home/airflow/.local/lib/python3.8/site-packages/airflow/example_dags/example_complex.py for tasks to queue
[2024-02-14T20:45:49.187+0000] {logging_mixin.py:188} INFO - [2024-02-14T20:45:49.186+0000] {dagbag.py:538} INFO - Filling up the DagBag from /home/airflow/.local/lib/python3.8/site-packages/airflow/example_dags/example_complex.py
[2024-02-14T20:45:49.259+0000] {processor.py:840} INFO - DAG(s) 'example_complex' retrieved from /home/airflow/.local/lib/python3.8/site-packages/airflow/example_dags/example_complex.py
[2024-02-14T20:45:49.501+0000] {logging_mixin.py:188} INFO - [2024-02-14T20:45:49.500+0000] {dag.py:3036} INFO - Sync 1 DAGs
[2024-02-14T20:45:49.569+0000] {logging_mixin.py:188} INFO - [2024-02-14T20:45:49.568+0000] {dag.py:3823} INFO - Setting next_dagrun for example_complex to None, run_after=None
[2024-02-14T20:45:49.634+0000] {processor.py:183} INFO - Processing /home/airflow/.local/lib/python3.8/site-packages/airflow/example_dags/example_complex.py took 0.471 seconds
[2024-02-14T20:46:19.882+0000] {processor.py:161} INFO - Started process (PID=4179) to work on /home/airflow/.local/lib/python3.8/site-packages/airflow/example_dags/example_complex.py
[2024-02-14T20:46:19.885+0000] {processor.py:830} INFO - Processing file /home/airflow/.local/lib/python3.8/site-packages/airflow/example_dags/example_complex.py for tasks to queue
[2024-02-14T20:46:19.890+0000] {logging_mixin.py:188} INFO - [2024-02-14T20:46:19.889+0000] {dagbag.py:538} INFO - Filling up the DagBag from /home/airflow/.local/lib/python3.8/site-packages/airflow/example_dags/example_complex.py
[2024-02-14T20:46:19.933+0000] {processor.py:840} INFO - DAG(s) 'example_complex' retrieved from /home/airflow/.local/lib/python3.8/site-packages/airflow/example_dags/example_complex.py
[2024-02-14T20:46:20.020+0000] {logging_mixin.py:188} INFO - [2024-02-14T20:46:20.019+0000] {dag.py:3036} INFO - Sync 1 DAGs
[2024-02-14T20:46:20.052+0000] {logging_mixin.py:188} INFO - [2024-02-14T20:46:20.051+0000] {dag.py:3823} INFO - Setting next_dagrun for example_complex to None, run_after=None
[2024-02-14T20:46:20.101+0000] {processor.py:183} INFO - Processing /home/airflow/.local/lib/python3.8/site-packages/airflow/example_dags/example_complex.py took 0.231 seconds
[2024-02-14T20:46:50.388+0000] {processor.py:161} INFO - Started process (PID=4427) to work on /home/airflow/.local/lib/python3.8/site-packages/airflow/example_dags/example_complex.py
[2024-02-14T20:46:50.390+0000] {processor.py:830} INFO - Processing file /home/airflow/.local/lib/python3.8/site-packages/airflow/example_dags/example_complex.py for tasks to queue
[2024-02-14T20:46:50.391+0000] {logging_mixin.py:188} INFO - [2024-02-14T20:46:50.391+0000] {dagbag.py:538} INFO - Filling up the DagBag from /home/airflow/.local/lib/python3.8/site-packages/airflow/example_dags/example_complex.py
[2024-02-14T20:46:50.407+0000] {processor.py:840} INFO - DAG(s) 'example_complex' retrieved from /home/airflow/.local/lib/python3.8/site-packages/airflow/example_dags/example_complex.py
[2024-02-14T20:46:50.452+0000] {logging_mixin.py:188} INFO - [2024-02-14T20:46:50.452+0000] {dag.py:3036} INFO - Sync 1 DAGs
[2024-02-14T20:46:50.471+0000] {logging_mixin.py:188} INFO - [2024-02-14T20:46:50.470+0000] {dag.py:3823} INFO - Setting next_dagrun for example_complex to None, run_after=None
[2024-02-14T20:46:50.502+0000] {processor.py:183} INFO - Processing /home/airflow/.local/lib/python3.8/site-packages/airflow/example_dags/example_complex.py took 0.119 seconds
[2024-02-14T20:47:21.366+0000] {processor.py:161} INFO - Started process (PID=4677) to work on /home/airflow/.local/lib/python3.8/site-packages/airflow/example_dags/example_complex.py
[2024-02-14T20:47:21.370+0000] {processor.py:830} INFO - Processing file /home/airflow/.local/lib/python3.8/site-packages/airflow/example_dags/example_complex.py for tasks to queue
[2024-02-14T20:47:21.373+0000] {logging_mixin.py:188} INFO - [2024-02-14T20:47:21.372+0000] {dagbag.py:538} INFO - Filling up the DagBag from /home/airflow/.local/lib/python3.8/site-packages/airflow/example_dags/example_complex.py
[2024-02-14T20:47:21.426+0000] {processor.py:840} INFO - DAG(s) 'example_complex' retrieved from /home/airflow/.local/lib/python3.8/site-packages/airflow/example_dags/example_complex.py
[2024-02-14T20:47:21.516+0000] {logging_mixin.py:188} INFO - [2024-02-14T20:47:21.516+0000] {dag.py:3036} INFO - Sync 1 DAGs
[2024-02-14T20:47:21.540+0000] {logging_mixin.py:188} INFO - [2024-02-14T20:47:21.539+0000] {dag.py:3823} INFO - Setting next_dagrun for example_complex to None, run_after=None
[2024-02-14T20:47:21.594+0000] {processor.py:183} INFO - Processing /home/airflow/.local/lib/python3.8/site-packages/airflow/example_dags/example_complex.py took 0.242 seconds
[2024-02-14T20:47:51.682+0000] {processor.py:161} INFO - Started process (PID=4921) to work on /home/airflow/.local/lib/python3.8/site-packages/airflow/example_dags/example_complex.py
[2024-02-14T20:47:51.684+0000] {processor.py:830} INFO - Processing file /home/airflow/.local/lib/python3.8/site-packages/airflow/example_dags/example_complex.py for tasks to queue
[2024-02-14T20:47:51.687+0000] {logging_mixin.py:188} INFO - [2024-02-14T20:47:51.687+0000] {dagbag.py:538} INFO - Filling up the DagBag from /home/airflow/.local/lib/python3.8/site-packages/airflow/example_dags/example_complex.py
[2024-02-14T20:47:51.715+0000] {processor.py:840} INFO - DAG(s) 'example_complex' retrieved from /home/airflow/.local/lib/python3.8/site-packages/airflow/example_dags/example_complex.py
[2024-02-14T20:47:51.782+0000] {logging_mixin.py:188} INFO - [2024-02-14T20:47:51.782+0000] {dag.py:3036} INFO - Sync 1 DAGs
[2024-02-14T20:47:51.806+0000] {logging_mixin.py:188} INFO - [2024-02-14T20:47:51.806+0000] {dag.py:3823} INFO - Setting next_dagrun for example_complex to None, run_after=None
[2024-02-14T20:47:51.843+0000] {processor.py:183} INFO - Processing /home/airflow/.local/lib/python3.8/site-packages/airflow/example_dags/example_complex.py took 0.169 seconds
[2024-02-14T20:48:22.349+0000] {processor.py:161} INFO - Started process (PID=5171) to work on /home/airflow/.local/lib/python3.8/site-packages/airflow/example_dags/example_complex.py
[2024-02-14T20:48:22.350+0000] {processor.py:830} INFO - Processing file /home/airflow/.local/lib/python3.8/site-packages/airflow/example_dags/example_complex.py for tasks to queue
[2024-02-14T20:48:22.352+0000] {logging_mixin.py:188} INFO - [2024-02-14T20:48:22.352+0000] {dagbag.py:538} INFO - Filling up the DagBag from /home/airflow/.local/lib/python3.8/site-packages/airflow/example_dags/example_complex.py
[2024-02-14T20:48:22.370+0000] {processor.py:840} INFO - DAG(s) 'example_complex' retrieved from /home/airflow/.local/lib/python3.8/site-packages/airflow/example_dags/example_complex.py
[2024-02-14T20:48:22.414+0000] {logging_mixin.py:188} INFO - [2024-02-14T20:48:22.413+0000] {dag.py:3036} INFO - Sync 1 DAGs
[2024-02-14T20:48:22.432+0000] {logging_mixin.py:188} INFO - [2024-02-14T20:48:22.431+0000] {dag.py:3823} INFO - Setting next_dagrun for example_complex to None, run_after=None
[2024-02-14T20:48:22.478+0000] {processor.py:183} INFO - Processing /home/airflow/.local/lib/python3.8/site-packages/airflow/example_dags/example_complex.py took 0.134 seconds
[2024-02-14T20:48:53.042+0000] {processor.py:161} INFO - Started process (PID=5418) to work on /home/airflow/.local/lib/python3.8/site-packages/airflow/example_dags/example_complex.py
[2024-02-14T20:48:53.044+0000] {processor.py:830} INFO - Processing file /home/airflow/.local/lib/python3.8/site-packages/airflow/example_dags/example_complex.py for tasks to queue
[2024-02-14T20:48:53.046+0000] {logging_mixin.py:188} INFO - [2024-02-14T20:48:53.045+0000] {dagbag.py:538} INFO - Filling up the DagBag from /home/airflow/.local/lib/python3.8/site-packages/airflow/example_dags/example_complex.py
[2024-02-14T20:48:53.069+0000] {processor.py:840} INFO - DAG(s) 'example_complex' retrieved from /home/airflow/.local/lib/python3.8/site-packages/airflow/example_dags/example_complex.py
[2024-02-14T20:48:53.136+0000] {logging_mixin.py:188} INFO - [2024-02-14T20:48:53.135+0000] {dag.py:3036} INFO - Sync 1 DAGs
[2024-02-14T20:48:53.170+0000] {logging_mixin.py:188} INFO - [2024-02-14T20:48:53.170+0000] {dag.py:3823} INFO - Setting next_dagrun for example_complex to None, run_after=None
[2024-02-14T20:48:53.212+0000] {processor.py:183} INFO - Processing /home/airflow/.local/lib/python3.8/site-packages/airflow/example_dags/example_complex.py took 0.178 seconds
[2024-02-14T20:49:23.583+0000] {processor.py:161} INFO - Started process (PID=5666) to work on /home/airflow/.local/lib/python3.8/site-packages/airflow/example_dags/example_complex.py
[2024-02-14T20:49:23.588+0000] {processor.py:830} INFO - Processing file /home/airflow/.local/lib/python3.8/site-packages/airflow/example_dags/example_complex.py for tasks to queue
[2024-02-14T20:49:23.594+0000] {logging_mixin.py:188} INFO - [2024-02-14T20:49:23.592+0000] {dagbag.py:538} INFO - Filling up the DagBag from /home/airflow/.local/lib/python3.8/site-packages/airflow/example_dags/example_complex.py
[2024-02-14T20:49:23.659+0000] {processor.py:840} INFO - DAG(s) 'example_complex' retrieved from /home/airflow/.local/lib/python3.8/site-packages/airflow/example_dags/example_complex.py
[2024-02-14T20:49:23.825+0000] {logging_mixin.py:188} INFO - [2024-02-14T20:49:23.824+0000] {dag.py:3036} INFO - Sync 1 DAGs
[2024-02-14T20:49:23.861+0000] {logging_mixin.py:188} INFO - [2024-02-14T20:49:23.861+0000] {dag.py:3823} INFO - Setting next_dagrun for example_complex to None, run_after=None
[2024-02-14T20:49:23.964+0000] {processor.py:183} INFO - Processing /home/airflow/.local/lib/python3.8/site-packages/airflow/example_dags/example_complex.py took 0.396 seconds
[2024-02-14T20:49:54.069+0000] {processor.py:161} INFO - Started process (PID=5911) to work on /home/airflow/.local/lib/python3.8/site-packages/airflow/example_dags/example_complex.py
[2024-02-14T20:49:54.071+0000] {processor.py:830} INFO - Processing file /home/airflow/.local/lib/python3.8/site-packages/airflow/example_dags/example_complex.py for tasks to queue
[2024-02-14T20:49:54.073+0000] {logging_mixin.py:188} INFO - [2024-02-14T20:49:54.072+0000] {dagbag.py:538} INFO - Filling up the DagBag from /home/airflow/.local/lib/python3.8/site-packages/airflow/example_dags/example_complex.py
[2024-02-14T20:49:54.094+0000] {processor.py:840} INFO - DAG(s) 'example_complex' retrieved from /home/airflow/.local/lib/python3.8/site-packages/airflow/example_dags/example_complex.py
[2024-02-14T20:49:54.158+0000] {logging_mixin.py:188} INFO - [2024-02-14T20:49:54.158+0000] {dag.py:3036} INFO - Sync 1 DAGs
[2024-02-14T20:49:54.181+0000] {logging_mixin.py:188} INFO - [2024-02-14T20:49:54.180+0000] {dag.py:3823} INFO - Setting next_dagrun for example_complex to None, run_after=None
[2024-02-14T20:49:54.217+0000] {processor.py:183} INFO - Processing /home/airflow/.local/lib/python3.8/site-packages/airflow/example_dags/example_complex.py took 0.155 seconds
[2024-02-14T20:50:24.594+0000] {processor.py:161} INFO - Started process (PID=6158) to work on /home/airflow/.local/lib/python3.8/site-packages/airflow/example_dags/example_complex.py
[2024-02-14T20:50:24.596+0000] {processor.py:830} INFO - Processing file /home/airflow/.local/lib/python3.8/site-packages/airflow/example_dags/example_complex.py for tasks to queue
[2024-02-14T20:50:24.597+0000] {logging_mixin.py:188} INFO - [2024-02-14T20:50:24.597+0000] {dagbag.py:538} INFO - Filling up the DagBag from /home/airflow/.local/lib/python3.8/site-packages/airflow/example_dags/example_complex.py
[2024-02-14T20:50:24.614+0000] {processor.py:840} INFO - DAG(s) 'example_complex' retrieved from /home/airflow/.local/lib/python3.8/site-packages/airflow/example_dags/example_complex.py
[2024-02-14T20:50:24.660+0000] {logging_mixin.py:188} INFO - [2024-02-14T20:50:24.660+0000] {dag.py:3036} INFO - Sync 1 DAGs
[2024-02-14T20:50:24.678+0000] {logging_mixin.py:188} INFO - [2024-02-14T20:50:24.678+0000] {dag.py:3823} INFO - Setting next_dagrun for example_complex to None, run_after=None
[2024-02-14T20:50:24.709+0000] {processor.py:183} INFO - Processing /home/airflow/.local/lib/python3.8/site-packages/airflow/example_dags/example_complex.py took 0.119 seconds
[2024-02-14T20:50:55.290+0000] {processor.py:161} INFO - Started process (PID=6409) to work on /home/airflow/.local/lib/python3.8/site-packages/airflow/example_dags/example_complex.py
[2024-02-14T20:50:55.294+0000] {processor.py:830} INFO - Processing file /home/airflow/.local/lib/python3.8/site-packages/airflow/example_dags/example_complex.py for tasks to queue
[2024-02-14T20:50:55.298+0000] {logging_mixin.py:188} INFO - [2024-02-14T20:50:55.297+0000] {dagbag.py:538} INFO - Filling up the DagBag from /home/airflow/.local/lib/python3.8/site-packages/airflow/example_dags/example_complex.py
[2024-02-14T20:50:55.355+0000] {processor.py:840} INFO - DAG(s) 'example_complex' retrieved from /home/airflow/.local/lib/python3.8/site-packages/airflow/example_dags/example_complex.py
[2024-02-14T20:50:55.479+0000] {logging_mixin.py:188} INFO - [2024-02-14T20:50:55.478+0000] {dag.py:3036} INFO - Sync 1 DAGs
[2024-02-14T20:50:55.502+0000] {logging_mixin.py:188} INFO - [2024-02-14T20:50:55.501+0000] {dag.py:3823} INFO - Setting next_dagrun for example_complex to None, run_after=None
[2024-02-14T20:50:55.534+0000] {processor.py:183} INFO - Processing /home/airflow/.local/lib/python3.8/site-packages/airflow/example_dags/example_complex.py took 0.257 seconds
[2024-02-14T20:51:25.697+0000] {processor.py:161} INFO - Started process (PID=6654) to work on /home/airflow/.local/lib/python3.8/site-packages/airflow/example_dags/example_complex.py
[2024-02-14T20:51:25.702+0000] {processor.py:830} INFO - Processing file /home/airflow/.local/lib/python3.8/site-packages/airflow/example_dags/example_complex.py for tasks to queue
[2024-02-14T20:51:25.706+0000] {logging_mixin.py:188} INFO - [2024-02-14T20:51:25.705+0000] {dagbag.py:538} INFO - Filling up the DagBag from /home/airflow/.local/lib/python3.8/site-packages/airflow/example_dags/example_complex.py
[2024-02-14T20:51:25.734+0000] {processor.py:840} INFO - DAG(s) 'example_complex' retrieved from /home/airflow/.local/lib/python3.8/site-packages/airflow/example_dags/example_complex.py
[2024-02-14T20:51:25.799+0000] {logging_mixin.py:188} INFO - [2024-02-14T20:51:25.798+0000] {dag.py:3036} INFO - Sync 1 DAGs
[2024-02-14T20:51:25.823+0000] {logging_mixin.py:188} INFO - [2024-02-14T20:51:25.823+0000] {dag.py:3823} INFO - Setting next_dagrun for example_complex to None, run_after=None
[2024-02-14T20:51:25.861+0000] {processor.py:183} INFO - Processing /home/airflow/.local/lib/python3.8/site-packages/airflow/example_dags/example_complex.py took 0.184 seconds
[2024-02-14T20:51:56.576+0000] {processor.py:161} INFO - Started process (PID=6904) to work on /home/airflow/.local/lib/python3.8/site-packages/airflow/example_dags/example_complex.py
[2024-02-14T20:51:56.581+0000] {processor.py:830} INFO - Processing file /home/airflow/.local/lib/python3.8/site-packages/airflow/example_dags/example_complex.py for tasks to queue
[2024-02-14T20:51:56.583+0000] {logging_mixin.py:188} INFO - [2024-02-14T20:51:56.582+0000] {dagbag.py:538} INFO - Filling up the DagBag from /home/airflow/.local/lib/python3.8/site-packages/airflow/example_dags/example_complex.py
[2024-02-14T20:51:56.613+0000] {processor.py:840} INFO - DAG(s) 'example_complex' retrieved from /home/airflow/.local/lib/python3.8/site-packages/airflow/example_dags/example_complex.py
[2024-02-14T20:51:56.670+0000] {logging_mixin.py:188} INFO - [2024-02-14T20:51:56.669+0000] {dag.py:3036} INFO - Sync 1 DAGs
[2024-02-14T20:51:56.689+0000] {logging_mixin.py:188} INFO - [2024-02-14T20:51:56.689+0000] {dag.py:3823} INFO - Setting next_dagrun for example_complex to None, run_after=None
[2024-02-14T20:51:56.723+0000] {processor.py:183} INFO - Processing /home/airflow/.local/lib/python3.8/site-packages/airflow/example_dags/example_complex.py took 0.160 seconds
[2024-02-14T20:52:27.188+0000] {processor.py:161} INFO - Started process (PID=7151) to work on /home/airflow/.local/lib/python3.8/site-packages/airflow/example_dags/example_complex.py
[2024-02-14T20:52:27.189+0000] {processor.py:830} INFO - Processing file /home/airflow/.local/lib/python3.8/site-packages/airflow/example_dags/example_complex.py for tasks to queue
[2024-02-14T20:52:27.191+0000] {logging_mixin.py:188} INFO - [2024-02-14T20:52:27.190+0000] {dagbag.py:538} INFO - Filling up the DagBag from /home/airflow/.local/lib/python3.8/site-packages/airflow/example_dags/example_complex.py
[2024-02-14T20:52:27.210+0000] {processor.py:840} INFO - DAG(s) 'example_complex' retrieved from /home/airflow/.local/lib/python3.8/site-packages/airflow/example_dags/example_complex.py
[2024-02-14T20:52:27.267+0000] {logging_mixin.py:188} INFO - [2024-02-14T20:52:27.266+0000] {dag.py:3036} INFO - Sync 1 DAGs
[2024-02-14T20:52:27.285+0000] {logging_mixin.py:188} INFO - [2024-02-14T20:52:27.284+0000] {dag.py:3823} INFO - Setting next_dagrun for example_complex to None, run_after=None
[2024-02-14T20:52:27.315+0000] {processor.py:183} INFO - Processing /home/airflow/.local/lib/python3.8/site-packages/airflow/example_dags/example_complex.py took 0.132 seconds
[2024-02-14T20:52:57.801+0000] {processor.py:161} INFO - Started process (PID=7398) to work on /home/airflow/.local/lib/python3.8/site-packages/airflow/example_dags/example_complex.py
[2024-02-14T20:52:57.803+0000] {processor.py:830} INFO - Processing file /home/airflow/.local/lib/python3.8/site-packages/airflow/example_dags/example_complex.py for tasks to queue
[2024-02-14T20:52:57.808+0000] {logging_mixin.py:188} INFO - [2024-02-14T20:52:57.805+0000] {dagbag.py:538} INFO - Filling up the DagBag from /home/airflow/.local/lib/python3.8/site-packages/airflow/example_dags/example_complex.py
[2024-02-14T20:52:57.845+0000] {processor.py:840} INFO - DAG(s) 'example_complex' retrieved from /home/airflow/.local/lib/python3.8/site-packages/airflow/example_dags/example_complex.py
[2024-02-14T20:52:57.905+0000] {logging_mixin.py:188} INFO - [2024-02-14T20:52:57.904+0000] {dag.py:3036} INFO - Sync 1 DAGs
[2024-02-14T20:52:57.932+0000] {logging_mixin.py:188} INFO - [2024-02-14T20:52:57.932+0000] {dag.py:3823} INFO - Setting next_dagrun for example_complex to None, run_after=None
[2024-02-14T20:52:57.972+0000] {processor.py:183} INFO - Processing /home/airflow/.local/lib/python3.8/site-packages/airflow/example_dags/example_complex.py took 0.181 seconds
[2024-02-14T20:53:28.552+0000] {processor.py:161} INFO - Started process (PID=7645) to work on /home/airflow/.local/lib/python3.8/site-packages/airflow/example_dags/example_complex.py
[2024-02-14T20:53:28.556+0000] {processor.py:830} INFO - Processing file /home/airflow/.local/lib/python3.8/site-packages/airflow/example_dags/example_complex.py for tasks to queue
[2024-02-14T20:53:28.560+0000] {logging_mixin.py:188} INFO - [2024-02-14T20:53:28.559+0000] {dagbag.py:538} INFO - Filling up the DagBag from /home/airflow/.local/lib/python3.8/site-packages/airflow/example_dags/example_complex.py
[2024-02-14T20:53:28.607+0000] {processor.py:840} INFO - DAG(s) 'example_complex' retrieved from /home/airflow/.local/lib/python3.8/site-packages/airflow/example_dags/example_complex.py
[2024-02-14T20:53:28.663+0000] {logging_mixin.py:188} INFO - [2024-02-14T20:53:28.662+0000] {dag.py:3036} INFO - Sync 1 DAGs
[2024-02-14T20:53:28.687+0000] {logging_mixin.py:188} INFO - [2024-02-14T20:53:28.686+0000] {dag.py:3823} INFO - Setting next_dagrun for example_complex to None, run_after=None
[2024-02-14T20:53:28.730+0000] {processor.py:183} INFO - Processing /home/airflow/.local/lib/python3.8/site-packages/airflow/example_dags/example_complex.py took 0.190 seconds
[2024-02-14T20:53:59.659+0000] {processor.py:161} INFO - Started process (PID=7892) to work on /home/airflow/.local/lib/python3.8/site-packages/airflow/example_dags/example_complex.py
[2024-02-14T20:53:59.661+0000] {processor.py:830} INFO - Processing file /home/airflow/.local/lib/python3.8/site-packages/airflow/example_dags/example_complex.py for tasks to queue
[2024-02-14T20:53:59.662+0000] {logging_mixin.py:188} INFO - [2024-02-14T20:53:59.662+0000] {dagbag.py:538} INFO - Filling up the DagBag from /home/airflow/.local/lib/python3.8/site-packages/airflow/example_dags/example_complex.py
[2024-02-14T20:53:59.705+0000] {processor.py:840} INFO - DAG(s) 'example_complex' retrieved from /home/airflow/.local/lib/python3.8/site-packages/airflow/example_dags/example_complex.py
[2024-02-14T20:53:59.787+0000] {logging_mixin.py:188} INFO - [2024-02-14T20:53:59.786+0000] {dag.py:3036} INFO - Sync 1 DAGs
[2024-02-14T20:53:59.831+0000] {logging_mixin.py:188} INFO - [2024-02-14T20:53:59.830+0000] {dag.py:3823} INFO - Setting next_dagrun for example_complex to None, run_after=None
[2024-02-14T20:53:59.882+0000] {processor.py:183} INFO - Processing /home/airflow/.local/lib/python3.8/site-packages/airflow/example_dags/example_complex.py took 0.228 seconds
[2024-02-14T20:54:30.076+0000] {processor.py:161} INFO - Started process (PID=8139) to work on /home/airflow/.local/lib/python3.8/site-packages/airflow/example_dags/example_complex.py
[2024-02-14T20:54:30.078+0000] {processor.py:830} INFO - Processing file /home/airflow/.local/lib/python3.8/site-packages/airflow/example_dags/example_complex.py for tasks to queue
[2024-02-14T20:54:30.080+0000] {logging_mixin.py:188} INFO - [2024-02-14T20:54:30.079+0000] {dagbag.py:538} INFO - Filling up the DagBag from /home/airflow/.local/lib/python3.8/site-packages/airflow/example_dags/example_complex.py
[2024-02-14T20:54:30.109+0000] {processor.py:840} INFO - DAG(s) 'example_complex' retrieved from /home/airflow/.local/lib/python3.8/site-packages/airflow/example_dags/example_complex.py
[2024-02-14T20:54:30.223+0000] {logging_mixin.py:188} INFO - [2024-02-14T20:54:30.223+0000] {dag.py:3036} INFO - Sync 1 DAGs
[2024-02-14T20:54:30.265+0000] {logging_mixin.py:188} INFO - [2024-02-14T20:54:30.265+0000] {dag.py:3823} INFO - Setting next_dagrun for example_complex to None, run_after=None
[2024-02-14T20:54:30.355+0000] {processor.py:183} INFO - Processing /home/airflow/.local/lib/python3.8/site-packages/airflow/example_dags/example_complex.py took 0.288 seconds
[2024-02-14T20:55:00.546+0000] {processor.py:161} INFO - Started process (PID=8380) to work on /home/airflow/.local/lib/python3.8/site-packages/airflow/example_dags/example_complex.py
[2024-02-14T20:55:00.548+0000] {processor.py:830} INFO - Processing file /home/airflow/.local/lib/python3.8/site-packages/airflow/example_dags/example_complex.py for tasks to queue
[2024-02-14T20:55:00.550+0000] {logging_mixin.py:188} INFO - [2024-02-14T20:55:00.549+0000] {dagbag.py:538} INFO - Filling up the DagBag from /home/airflow/.local/lib/python3.8/site-packages/airflow/example_dags/example_complex.py
[2024-02-14T20:55:00.570+0000] {processor.py:840} INFO - DAG(s) 'example_complex' retrieved from /home/airflow/.local/lib/python3.8/site-packages/airflow/example_dags/example_complex.py
[2024-02-14T20:55:00.626+0000] {logging_mixin.py:188} INFO - [2024-02-14T20:55:00.626+0000] {dag.py:3036} INFO - Sync 1 DAGs
[2024-02-14T20:55:00.650+0000] {logging_mixin.py:188} INFO - [2024-02-14T20:55:00.650+0000] {dag.py:3823} INFO - Setting next_dagrun for example_complex to None, run_after=None
[2024-02-14T20:55:00.682+0000] {processor.py:183} INFO - Processing /home/airflow/.local/lib/python3.8/site-packages/airflow/example_dags/example_complex.py took 0.141 seconds
[2024-02-14T20:55:31.360+0000] {processor.py:161} INFO - Started process (PID=8627) to work on /home/airflow/.local/lib/python3.8/site-packages/airflow/example_dags/example_complex.py
[2024-02-14T20:55:31.365+0000] {processor.py:830} INFO - Processing file /home/airflow/.local/lib/python3.8/site-packages/airflow/example_dags/example_complex.py for tasks to queue
[2024-02-14T20:55:31.369+0000] {logging_mixin.py:188} INFO - [2024-02-14T20:55:31.368+0000] {dagbag.py:538} INFO - Filling up the DagBag from /home/airflow/.local/lib/python3.8/site-packages/airflow/example_dags/example_complex.py
[2024-02-14T20:55:31.412+0000] {processor.py:840} INFO - DAG(s) 'example_complex' retrieved from /home/airflow/.local/lib/python3.8/site-packages/airflow/example_dags/example_complex.py
[2024-02-14T20:55:31.469+0000] {logging_mixin.py:188} INFO - [2024-02-14T20:55:31.468+0000] {dag.py:3036} INFO - Sync 1 DAGs
[2024-02-14T20:55:31.491+0000] {logging_mixin.py:188} INFO - [2024-02-14T20:55:31.491+0000] {dag.py:3823} INFO - Setting next_dagrun for example_complex to None, run_after=None
[2024-02-14T20:55:31.524+0000] {processor.py:183} INFO - Processing /home/airflow/.local/lib/python3.8/site-packages/airflow/example_dags/example_complex.py took 0.177 seconds
[2024-02-14T20:56:02.156+0000] {processor.py:161} INFO - Started process (PID=8874) to work on /home/airflow/.local/lib/python3.8/site-packages/airflow/example_dags/example_complex.py
[2024-02-14T20:56:02.160+0000] {processor.py:830} INFO - Processing file /home/airflow/.local/lib/python3.8/site-packages/airflow/example_dags/example_complex.py for tasks to queue
[2024-02-14T20:56:02.166+0000] {logging_mixin.py:188} INFO - [2024-02-14T20:56:02.164+0000] {dagbag.py:538} INFO - Filling up the DagBag from /home/airflow/.local/lib/python3.8/site-packages/airflow/example_dags/example_complex.py
[2024-02-14T20:56:02.217+0000] {processor.py:840} INFO - DAG(s) 'example_complex' retrieved from /home/airflow/.local/lib/python3.8/site-packages/airflow/example_dags/example_complex.py
[2024-02-14T20:56:02.371+0000] {logging_mixin.py:188} INFO - [2024-02-14T20:56:02.370+0000] {dag.py:3036} INFO - Sync 1 DAGs
[2024-02-14T20:56:02.430+0000] {logging_mixin.py:188} INFO - [2024-02-14T20:56:02.429+0000] {dag.py:3823} INFO - Setting next_dagrun for example_complex to None, run_after=None
[2024-02-14T20:56:02.515+0000] {processor.py:183} INFO - Processing /home/airflow/.local/lib/python3.8/site-packages/airflow/example_dags/example_complex.py took 0.375 seconds
[2024-02-14T20:56:32.754+0000] {processor.py:161} INFO - Started process (PID=9120) to work on /home/airflow/.local/lib/python3.8/site-packages/airflow/example_dags/example_complex.py
[2024-02-14T20:56:32.759+0000] {processor.py:830} INFO - Processing file /home/airflow/.local/lib/python3.8/site-packages/airflow/example_dags/example_complex.py for tasks to queue
[2024-02-14T20:56:32.763+0000] {logging_mixin.py:188} INFO - [2024-02-14T20:56:32.762+0000] {dagbag.py:538} INFO - Filling up the DagBag from /home/airflow/.local/lib/python3.8/site-packages/airflow/example_dags/example_complex.py
[2024-02-14T20:56:32.815+0000] {processor.py:840} INFO - DAG(s) 'example_complex' retrieved from /home/airflow/.local/lib/python3.8/site-packages/airflow/example_dags/example_complex.py
[2024-02-14T20:56:32.963+0000] {logging_mixin.py:188} INFO - [2024-02-14T20:56:32.962+0000] {dag.py:3036} INFO - Sync 1 DAGs
[2024-02-14T20:56:33.012+0000] {logging_mixin.py:188} INFO - [2024-02-14T20:56:33.011+0000] {dag.py:3823} INFO - Setting next_dagrun for example_complex to None, run_after=None
[2024-02-14T20:56:33.093+0000] {processor.py:183} INFO - Processing /home/airflow/.local/lib/python3.8/site-packages/airflow/example_dags/example_complex.py took 0.355 seconds
[2024-02-14T20:57:03.229+0000] {processor.py:161} INFO - Started process (PID=9362) to work on /home/airflow/.local/lib/python3.8/site-packages/airflow/example_dags/example_complex.py
[2024-02-14T20:57:03.231+0000] {processor.py:830} INFO - Processing file /home/airflow/.local/lib/python3.8/site-packages/airflow/example_dags/example_complex.py for tasks to queue
[2024-02-14T20:57:03.233+0000] {logging_mixin.py:188} INFO - [2024-02-14T20:57:03.232+0000] {dagbag.py:538} INFO - Filling up the DagBag from /home/airflow/.local/lib/python3.8/site-packages/airflow/example_dags/example_complex.py
[2024-02-14T20:57:03.267+0000] {processor.py:840} INFO - DAG(s) 'example_complex' retrieved from /home/airflow/.local/lib/python3.8/site-packages/airflow/example_dags/example_complex.py
[2024-02-14T20:57:03.344+0000] {logging_mixin.py:188} INFO - [2024-02-14T20:57:03.343+0000] {dag.py:3036} INFO - Sync 1 DAGs
[2024-02-14T20:57:03.372+0000] {logging_mixin.py:188} INFO - [2024-02-14T20:57:03.372+0000] {dag.py:3823} INFO - Setting next_dagrun for example_complex to None, run_after=None
[2024-02-14T20:57:03.424+0000] {processor.py:183} INFO - Processing /home/airflow/.local/lib/python3.8/site-packages/airflow/example_dags/example_complex.py took 0.203 seconds
[2024-02-14T20:57:33.517+0000] {processor.py:161} INFO - Started process (PID=9609) to work on /home/airflow/.local/lib/python3.8/site-packages/airflow/example_dags/example_complex.py
[2024-02-14T20:57:33.519+0000] {processor.py:830} INFO - Processing file /home/airflow/.local/lib/python3.8/site-packages/airflow/example_dags/example_complex.py for tasks to queue
[2024-02-14T20:57:33.522+0000] {logging_mixin.py:188} INFO - [2024-02-14T20:57:33.522+0000] {dagbag.py:538} INFO - Filling up the DagBag from /home/airflow/.local/lib/python3.8/site-packages/airflow/example_dags/example_complex.py
[2024-02-14T20:57:33.556+0000] {processor.py:840} INFO - DAG(s) 'example_complex' retrieved from /home/airflow/.local/lib/python3.8/site-packages/airflow/example_dags/example_complex.py
[2024-02-14T20:57:33.613+0000] {logging_mixin.py:188} INFO - [2024-02-14T20:57:33.612+0000] {dag.py:3036} INFO - Sync 1 DAGs
[2024-02-14T20:57:33.632+0000] {logging_mixin.py:188} INFO - [2024-02-14T20:57:33.632+0000] {dag.py:3823} INFO - Setting next_dagrun for example_complex to None, run_after=None
[2024-02-14T20:57:33.666+0000] {processor.py:183} INFO - Processing /home/airflow/.local/lib/python3.8/site-packages/airflow/example_dags/example_complex.py took 0.158 seconds
