[2024-02-14T20:38:14.932+0000] {processor.py:161} INFO - Started process (PID=332) to work on /home/airflow/.local/lib/python3.8/site-packages/airflow/example_dags/example_task_group_decorator.py
[2024-02-14T20:38:14.940+0000] {processor.py:830} INFO - Processing file /home/airflow/.local/lib/python3.8/site-packages/airflow/example_dags/example_task_group_decorator.py for tasks to queue
[2024-02-14T20:38:14.942+0000] {logging_mixin.py:188} INFO - [2024-02-14T20:38:14.941+0000] {dagbag.py:538} INFO - Filling up the DagBag from /home/airflow/.local/lib/python3.8/site-packages/airflow/example_dags/example_task_group_decorator.py
[2024-02-14T20:38:15.011+0000] {processor.py:840} INFO - DAG(s) 'example_task_group_decorator' retrieved from /home/airflow/.local/lib/python3.8/site-packages/airflow/example_dags/example_task_group_decorator.py
[2024-02-14T20:38:15.303+0000] {logging_mixin.py:188} INFO - [2024-02-14T20:38:15.303+0000] {dag.py:3036} INFO - Sync 1 DAGs
[2024-02-14T20:38:15.397+0000] {logging_mixin.py:188} INFO - [2024-02-14T20:38:15.396+0000] {dag.py:3823} INFO - Setting next_dagrun for example_task_group_decorator to 2024-02-13 00:00:00+00:00, run_after=2024-02-14 00:00:00+00:00
[2024-02-14T20:38:15.441+0000] {processor.py:183} INFO - Processing /home/airflow/.local/lib/python3.8/site-packages/airflow/example_dags/example_task_group_decorator.py took 0.516 seconds
[2024-02-14T20:38:46.312+0000] {processor.py:161} INFO - Started process (PID=579) to work on /home/airflow/.local/lib/python3.8/site-packages/airflow/example_dags/example_task_group_decorator.py
[2024-02-14T20:38:46.313+0000] {processor.py:830} INFO - Processing file /home/airflow/.local/lib/python3.8/site-packages/airflow/example_dags/example_task_group_decorator.py for tasks to queue
[2024-02-14T20:38:46.315+0000] {logging_mixin.py:188} INFO - [2024-02-14T20:38:46.314+0000] {dagbag.py:538} INFO - Filling up the DagBag from /home/airflow/.local/lib/python3.8/site-packages/airflow/example_dags/example_task_group_decorator.py
[2024-02-14T20:38:46.354+0000] {processor.py:840} INFO - DAG(s) 'example_task_group_decorator' retrieved from /home/airflow/.local/lib/python3.8/site-packages/airflow/example_dags/example_task_group_decorator.py
[2024-02-14T20:38:46.409+0000] {logging_mixin.py:188} INFO - [2024-02-14T20:38:46.409+0000] {dag.py:3036} INFO - Sync 1 DAGs
[2024-02-14T20:38:46.460+0000] {logging_mixin.py:188} INFO - [2024-02-14T20:38:46.460+0000] {dag.py:3823} INFO - Setting next_dagrun for example_task_group_decorator to 2024-02-13 00:00:00+00:00, run_after=2024-02-14 00:00:00+00:00
[2024-02-14T20:38:46.501+0000] {processor.py:183} INFO - Processing /home/airflow/.local/lib/python3.8/site-packages/airflow/example_dags/example_task_group_decorator.py took 0.194 seconds
[2024-02-14T20:39:16.772+0000] {processor.py:161} INFO - Started process (PID=826) to work on /home/airflow/.local/lib/python3.8/site-packages/airflow/example_dags/example_task_group_decorator.py
[2024-02-14T20:39:16.775+0000] {processor.py:830} INFO - Processing file /home/airflow/.local/lib/python3.8/site-packages/airflow/example_dags/example_task_group_decorator.py for tasks to queue
[2024-02-14T20:39:16.778+0000] {logging_mixin.py:188} INFO - [2024-02-14T20:39:16.777+0000] {dagbag.py:538} INFO - Filling up the DagBag from /home/airflow/.local/lib/python3.8/site-packages/airflow/example_dags/example_task_group_decorator.py
[2024-02-14T20:39:16.829+0000] {processor.py:840} INFO - DAG(s) 'example_task_group_decorator' retrieved from /home/airflow/.local/lib/python3.8/site-packages/airflow/example_dags/example_task_group_decorator.py
[2024-02-14T20:39:16.896+0000] {logging_mixin.py:188} INFO - [2024-02-14T20:39:16.896+0000] {dag.py:3036} INFO - Sync 1 DAGs
[2024-02-14T20:39:16.960+0000] {logging_mixin.py:188} INFO - [2024-02-14T20:39:16.959+0000] {dag.py:3823} INFO - Setting next_dagrun for example_task_group_decorator to 2024-02-13 00:00:00+00:00, run_after=2024-02-14 00:00:00+00:00
[2024-02-14T20:39:17.032+0000] {processor.py:183} INFO - Processing /home/airflow/.local/lib/python3.8/site-packages/airflow/example_dags/example_task_group_decorator.py took 0.269 seconds
[2024-02-14T20:39:47.260+0000] {processor.py:161} INFO - Started process (PID=1073) to work on /home/airflow/.local/lib/python3.8/site-packages/airflow/example_dags/example_task_group_decorator.py
[2024-02-14T20:39:47.262+0000] {processor.py:830} INFO - Processing file /home/airflow/.local/lib/python3.8/site-packages/airflow/example_dags/example_task_group_decorator.py for tasks to queue
[2024-02-14T20:39:47.264+0000] {logging_mixin.py:188} INFO - [2024-02-14T20:39:47.263+0000] {dagbag.py:538} INFO - Filling up the DagBag from /home/airflow/.local/lib/python3.8/site-packages/airflow/example_dags/example_task_group_decorator.py
[2024-02-14T20:39:47.287+0000] {processor.py:840} INFO - DAG(s) 'example_task_group_decorator' retrieved from /home/airflow/.local/lib/python3.8/site-packages/airflow/example_dags/example_task_group_decorator.py
[2024-02-14T20:39:47.338+0000] {logging_mixin.py:188} INFO - [2024-02-14T20:39:47.337+0000] {dag.py:3036} INFO - Sync 1 DAGs
[2024-02-14T20:39:47.387+0000] {logging_mixin.py:188} INFO - [2024-02-14T20:39:47.387+0000] {dag.py:3823} INFO - Setting next_dagrun for example_task_group_decorator to 2024-02-13 00:00:00+00:00, run_after=2024-02-14 00:00:00+00:00
[2024-02-14T20:39:47.421+0000] {processor.py:183} INFO - Processing /home/airflow/.local/lib/python3.8/site-packages/airflow/example_dags/example_task_group_decorator.py took 0.165 seconds
[2024-02-14T20:40:18.098+0000] {processor.py:161} INFO - Started process (PID=1321) to work on /home/airflow/.local/lib/python3.8/site-packages/airflow/example_dags/example_task_group_decorator.py
[2024-02-14T20:40:18.100+0000] {processor.py:830} INFO - Processing file /home/airflow/.local/lib/python3.8/site-packages/airflow/example_dags/example_task_group_decorator.py for tasks to queue
[2024-02-14T20:40:18.101+0000] {logging_mixin.py:188} INFO - [2024-02-14T20:40:18.101+0000] {dagbag.py:538} INFO - Filling up the DagBag from /home/airflow/.local/lib/python3.8/site-packages/airflow/example_dags/example_task_group_decorator.py
[2024-02-14T20:40:18.124+0000] {processor.py:840} INFO - DAG(s) 'example_task_group_decorator' retrieved from /home/airflow/.local/lib/python3.8/site-packages/airflow/example_dags/example_task_group_decorator.py
[2024-02-14T20:40:18.166+0000] {logging_mixin.py:188} INFO - [2024-02-14T20:40:18.166+0000] {dag.py:3036} INFO - Sync 1 DAGs
[2024-02-14T20:40:18.197+0000] {logging_mixin.py:188} INFO - [2024-02-14T20:40:18.197+0000] {dag.py:3823} INFO - Setting next_dagrun for example_task_group_decorator to 2024-02-13 00:00:00+00:00, run_after=2024-02-14 00:00:00+00:00
[2024-02-14T20:40:18.228+0000] {processor.py:183} INFO - Processing /home/airflow/.local/lib/python3.8/site-packages/airflow/example_dags/example_task_group_decorator.py took 0.135 seconds
[2024-02-14T20:40:49.546+0000] {processor.py:161} INFO - Started process (PID=1568) to work on /home/airflow/.local/lib/python3.8/site-packages/airflow/example_dags/example_task_group_decorator.py
[2024-02-14T20:40:49.549+0000] {processor.py:830} INFO - Processing file /home/airflow/.local/lib/python3.8/site-packages/airflow/example_dags/example_task_group_decorator.py for tasks to queue
[2024-02-14T20:40:49.554+0000] {logging_mixin.py:188} INFO - [2024-02-14T20:40:49.551+0000] {dagbag.py:538} INFO - Filling up the DagBag from /home/airflow/.local/lib/python3.8/site-packages/airflow/example_dags/example_task_group_decorator.py
[2024-02-14T20:40:49.614+0000] {processor.py:840} INFO - DAG(s) 'example_task_group_decorator' retrieved from /home/airflow/.local/lib/python3.8/site-packages/airflow/example_dags/example_task_group_decorator.py
[2024-02-14T20:40:49.712+0000] {logging_mixin.py:188} INFO - [2024-02-14T20:40:49.712+0000] {dag.py:3036} INFO - Sync 1 DAGs
[2024-02-14T20:40:49.800+0000] {logging_mixin.py:188} INFO - [2024-02-14T20:40:49.799+0000] {dag.py:3823} INFO - Setting next_dagrun for example_task_group_decorator to 2024-02-13 00:00:00+00:00, run_after=2024-02-14 00:00:00+00:00
[2024-02-14T20:40:49.862+0000] {processor.py:183} INFO - Processing /home/airflow/.local/lib/python3.8/site-packages/airflow/example_dags/example_task_group_decorator.py took 0.331 seconds
[2024-02-14T20:41:20.546+0000] {processor.py:161} INFO - Started process (PID=1817) to work on /home/airflow/.local/lib/python3.8/site-packages/airflow/example_dags/example_task_group_decorator.py
[2024-02-14T20:41:20.552+0000] {processor.py:830} INFO - Processing file /home/airflow/.local/lib/python3.8/site-packages/airflow/example_dags/example_task_group_decorator.py for tasks to queue
[2024-02-14T20:41:20.558+0000] {logging_mixin.py:188} INFO - [2024-02-14T20:41:20.556+0000] {dagbag.py:538} INFO - Filling up the DagBag from /home/airflow/.local/lib/python3.8/site-packages/airflow/example_dags/example_task_group_decorator.py
[2024-02-14T20:41:20.656+0000] {processor.py:840} INFO - DAG(s) 'example_task_group_decorator' retrieved from /home/airflow/.local/lib/python3.8/site-packages/airflow/example_dags/example_task_group_decorator.py
[2024-02-14T20:41:20.791+0000] {logging_mixin.py:188} INFO - [2024-02-14T20:41:20.789+0000] {dag.py:3036} INFO - Sync 1 DAGs
[2024-02-14T20:41:20.910+0000] {logging_mixin.py:188} INFO - [2024-02-14T20:41:20.909+0000] {dag.py:3823} INFO - Setting next_dagrun for example_task_group_decorator to 2024-02-13 00:00:00+00:00, run_after=2024-02-14 00:00:00+00:00
[2024-02-14T20:41:21.001+0000] {processor.py:183} INFO - Processing /home/airflow/.local/lib/python3.8/site-packages/airflow/example_dags/example_task_group_decorator.py took 0.474 seconds
[2024-02-14T20:41:51.270+0000] {processor.py:161} INFO - Started process (PID=2062) to work on /home/airflow/.local/lib/python3.8/site-packages/airflow/example_dags/example_task_group_decorator.py
[2024-02-14T20:41:51.274+0000] {processor.py:830} INFO - Processing file /home/airflow/.local/lib/python3.8/site-packages/airflow/example_dags/example_task_group_decorator.py for tasks to queue
[2024-02-14T20:41:51.279+0000] {logging_mixin.py:188} INFO - [2024-02-14T20:41:51.277+0000] {dagbag.py:538} INFO - Filling up the DagBag from /home/airflow/.local/lib/python3.8/site-packages/airflow/example_dags/example_task_group_decorator.py
[2024-02-14T20:41:51.358+0000] {processor.py:840} INFO - DAG(s) 'example_task_group_decorator' retrieved from /home/airflow/.local/lib/python3.8/site-packages/airflow/example_dags/example_task_group_decorator.py
[2024-02-14T20:41:51.493+0000] {logging_mixin.py:188} INFO - [2024-02-14T20:41:51.492+0000] {dag.py:3036} INFO - Sync 1 DAGs
[2024-02-14T20:41:51.604+0000] {logging_mixin.py:188} INFO - [2024-02-14T20:41:51.603+0000] {dag.py:3823} INFO - Setting next_dagrun for example_task_group_decorator to 2024-02-13 00:00:00+00:00, run_after=2024-02-14 00:00:00+00:00
[2024-02-14T20:41:51.698+0000] {processor.py:183} INFO - Processing /home/airflow/.local/lib/python3.8/site-packages/airflow/example_dags/example_task_group_decorator.py took 0.444 seconds
[2024-02-14T20:42:21.904+0000] {processor.py:161} INFO - Started process (PID=2309) to work on /home/airflow/.local/lib/python3.8/site-packages/airflow/example_dags/example_task_group_decorator.py
[2024-02-14T20:42:21.906+0000] {processor.py:830} INFO - Processing file /home/airflow/.local/lib/python3.8/site-packages/airflow/example_dags/example_task_group_decorator.py for tasks to queue
[2024-02-14T20:42:21.909+0000] {logging_mixin.py:188} INFO - [2024-02-14T20:42:21.908+0000] {dagbag.py:538} INFO - Filling up the DagBag from /home/airflow/.local/lib/python3.8/site-packages/airflow/example_dags/example_task_group_decorator.py
[2024-02-14T20:42:21.948+0000] {processor.py:840} INFO - DAG(s) 'example_task_group_decorator' retrieved from /home/airflow/.local/lib/python3.8/site-packages/airflow/example_dags/example_task_group_decorator.py
[2024-02-14T20:42:22.011+0000] {logging_mixin.py:188} INFO - [2024-02-14T20:42:22.010+0000] {dag.py:3036} INFO - Sync 1 DAGs
[2024-02-14T20:42:22.066+0000] {logging_mixin.py:188} INFO - [2024-02-14T20:42:22.066+0000] {dag.py:3823} INFO - Setting next_dagrun for example_task_group_decorator to 2024-02-13 00:00:00+00:00, run_after=2024-02-14 00:00:00+00:00
[2024-02-14T20:42:22.104+0000] {processor.py:183} INFO - Processing /home/airflow/.local/lib/python3.8/site-packages/airflow/example_dags/example_task_group_decorator.py took 0.206 seconds
[2024-02-14T20:42:52.450+0000] {processor.py:161} INFO - Started process (PID=2557) to work on /home/airflow/.local/lib/python3.8/site-packages/airflow/example_dags/example_task_group_decorator.py
[2024-02-14T20:42:52.451+0000] {processor.py:830} INFO - Processing file /home/airflow/.local/lib/python3.8/site-packages/airflow/example_dags/example_task_group_decorator.py for tasks to queue
[2024-02-14T20:42:52.454+0000] {logging_mixin.py:188} INFO - [2024-02-14T20:42:52.453+0000] {dagbag.py:538} INFO - Filling up the DagBag from /home/airflow/.local/lib/python3.8/site-packages/airflow/example_dags/example_task_group_decorator.py
[2024-02-14T20:42:52.489+0000] {processor.py:840} INFO - DAG(s) 'example_task_group_decorator' retrieved from /home/airflow/.local/lib/python3.8/site-packages/airflow/example_dags/example_task_group_decorator.py
[2024-02-14T20:42:52.543+0000] {logging_mixin.py:188} INFO - [2024-02-14T20:42:52.542+0000] {dag.py:3036} INFO - Sync 1 DAGs
[2024-02-14T20:42:52.591+0000] {logging_mixin.py:188} INFO - [2024-02-14T20:42:52.591+0000] {dag.py:3823} INFO - Setting next_dagrun for example_task_group_decorator to 2024-02-13 00:00:00+00:00, run_after=2024-02-14 00:00:00+00:00
[2024-02-14T20:42:52.630+0000] {processor.py:183} INFO - Processing /home/airflow/.local/lib/python3.8/site-packages/airflow/example_dags/example_task_group_decorator.py took 0.186 seconds
[2024-02-14T20:43:23.378+0000] {processor.py:161} INFO - Started process (PID=2804) to work on /home/airflow/.local/lib/python3.8/site-packages/airflow/example_dags/example_task_group_decorator.py
[2024-02-14T20:43:23.382+0000] {processor.py:830} INFO - Processing file /home/airflow/.local/lib/python3.8/site-packages/airflow/example_dags/example_task_group_decorator.py for tasks to queue
[2024-02-14T20:43:23.386+0000] {logging_mixin.py:188} INFO - [2024-02-14T20:43:23.385+0000] {dagbag.py:538} INFO - Filling up the DagBag from /home/airflow/.local/lib/python3.8/site-packages/airflow/example_dags/example_task_group_decorator.py
[2024-02-14T20:43:23.453+0000] {processor.py:840} INFO - DAG(s) 'example_task_group_decorator' retrieved from /home/airflow/.local/lib/python3.8/site-packages/airflow/example_dags/example_task_group_decorator.py
[2024-02-14T20:43:23.560+0000] {logging_mixin.py:188} INFO - [2024-02-14T20:43:23.559+0000] {dag.py:3036} INFO - Sync 1 DAGs
[2024-02-14T20:43:23.656+0000] {logging_mixin.py:188} INFO - [2024-02-14T20:43:23.655+0000] {dag.py:3823} INFO - Setting next_dagrun for example_task_group_decorator to 2024-02-13 00:00:00+00:00, run_after=2024-02-14 00:00:00+00:00
[2024-02-14T20:43:23.725+0000] {processor.py:183} INFO - Processing /home/airflow/.local/lib/python3.8/site-packages/airflow/example_dags/example_task_group_decorator.py took 0.360 seconds
[2024-02-14T20:43:54.700+0000] {processor.py:161} INFO - Started process (PID=3050) to work on /home/airflow/.local/lib/python3.8/site-packages/airflow/example_dags/example_task_group_decorator.py
[2024-02-14T20:43:54.704+0000] {processor.py:830} INFO - Processing file /home/airflow/.local/lib/python3.8/site-packages/airflow/example_dags/example_task_group_decorator.py for tasks to queue
[2024-02-14T20:43:54.708+0000] {logging_mixin.py:188} INFO - [2024-02-14T20:43:54.707+0000] {dagbag.py:538} INFO - Filling up the DagBag from /home/airflow/.local/lib/python3.8/site-packages/airflow/example_dags/example_task_group_decorator.py
[2024-02-14T20:43:54.781+0000] {processor.py:840} INFO - DAG(s) 'example_task_group_decorator' retrieved from /home/airflow/.local/lib/python3.8/site-packages/airflow/example_dags/example_task_group_decorator.py
[2024-02-14T20:43:54.897+0000] {logging_mixin.py:188} INFO - [2024-02-14T20:43:54.896+0000] {dag.py:3036} INFO - Sync 1 DAGs
[2024-02-14T20:43:54.992+0000] {logging_mixin.py:188} INFO - [2024-02-14T20:43:54.992+0000] {dag.py:3823} INFO - Setting next_dagrun for example_task_group_decorator to 2024-02-13 00:00:00+00:00, run_after=2024-02-14 00:00:00+00:00
[2024-02-14T20:43:55.121+0000] {processor.py:183} INFO - Processing /home/airflow/.local/lib/python3.8/site-packages/airflow/example_dags/example_task_group_decorator.py took 0.441 seconds
[2024-02-14T20:44:25.528+0000] {processor.py:161} INFO - Started process (PID=3298) to work on /home/airflow/.local/lib/python3.8/site-packages/airflow/example_dags/example_task_group_decorator.py
[2024-02-14T20:44:25.534+0000] {processor.py:830} INFO - Processing file /home/airflow/.local/lib/python3.8/site-packages/airflow/example_dags/example_task_group_decorator.py for tasks to queue
[2024-02-14T20:44:25.538+0000] {logging_mixin.py:188} INFO - [2024-02-14T20:44:25.537+0000] {dagbag.py:538} INFO - Filling up the DagBag from /home/airflow/.local/lib/python3.8/site-packages/airflow/example_dags/example_task_group_decorator.py
[2024-02-14T20:44:25.603+0000] {processor.py:840} INFO - DAG(s) 'example_task_group_decorator' retrieved from /home/airflow/.local/lib/python3.8/site-packages/airflow/example_dags/example_task_group_decorator.py
[2024-02-14T20:44:25.702+0000] {logging_mixin.py:188} INFO - [2024-02-14T20:44:25.701+0000] {dag.py:3036} INFO - Sync 1 DAGs
[2024-02-14T20:44:25.797+0000] {logging_mixin.py:188} INFO - [2024-02-14T20:44:25.796+0000] {dag.py:3823} INFO - Setting next_dagrun for example_task_group_decorator to 2024-02-13 00:00:00+00:00, run_after=2024-02-14 00:00:00+00:00
[2024-02-14T20:44:25.863+0000] {processor.py:183} INFO - Processing /home/airflow/.local/lib/python3.8/site-packages/airflow/example_dags/example_task_group_decorator.py took 0.349 seconds
[2024-02-14T20:44:56.059+0000] {processor.py:161} INFO - Started process (PID=3545) to work on /home/airflow/.local/lib/python3.8/site-packages/airflow/example_dags/example_task_group_decorator.py
[2024-02-14T20:44:56.061+0000] {processor.py:830} INFO - Processing file /home/airflow/.local/lib/python3.8/site-packages/airflow/example_dags/example_task_group_decorator.py for tasks to queue
[2024-02-14T20:44:56.063+0000] {logging_mixin.py:188} INFO - [2024-02-14T20:44:56.062+0000] {dagbag.py:538} INFO - Filling up the DagBag from /home/airflow/.local/lib/python3.8/site-packages/airflow/example_dags/example_task_group_decorator.py
[2024-02-14T20:44:56.095+0000] {processor.py:840} INFO - DAG(s) 'example_task_group_decorator' retrieved from /home/airflow/.local/lib/python3.8/site-packages/airflow/example_dags/example_task_group_decorator.py
[2024-02-14T20:44:56.154+0000] {logging_mixin.py:188} INFO - [2024-02-14T20:44:56.153+0000] {dag.py:3036} INFO - Sync 1 DAGs
[2024-02-14T20:44:56.193+0000] {logging_mixin.py:188} INFO - [2024-02-14T20:44:56.193+0000] {dag.py:3823} INFO - Setting next_dagrun for example_task_group_decorator to 2024-02-13 00:00:00+00:00, run_after=2024-02-14 00:00:00+00:00
[2024-02-14T20:44:56.229+0000] {processor.py:183} INFO - Processing /home/airflow/.local/lib/python3.8/site-packages/airflow/example_dags/example_task_group_decorator.py took 0.175 seconds
[2024-02-14T20:45:26.727+0000] {processor.py:161} INFO - Started process (PID=3793) to work on /home/airflow/.local/lib/python3.8/site-packages/airflow/example_dags/example_task_group_decorator.py
[2024-02-14T20:45:26.731+0000] {processor.py:830} INFO - Processing file /home/airflow/.local/lib/python3.8/site-packages/airflow/example_dags/example_task_group_decorator.py for tasks to queue
[2024-02-14T20:45:26.738+0000] {logging_mixin.py:188} INFO - [2024-02-14T20:45:26.737+0000] {dagbag.py:538} INFO - Filling up the DagBag from /home/airflow/.local/lib/python3.8/site-packages/airflow/example_dags/example_task_group_decorator.py
[2024-02-14T20:45:26.802+0000] {processor.py:840} INFO - DAG(s) 'example_task_group_decorator' retrieved from /home/airflow/.local/lib/python3.8/site-packages/airflow/example_dags/example_task_group_decorator.py
[2024-02-14T20:45:26.897+0000] {logging_mixin.py:188} INFO - [2024-02-14T20:45:26.897+0000] {dag.py:3036} INFO - Sync 1 DAGs
[2024-02-14T20:45:26.984+0000] {logging_mixin.py:188} INFO - [2024-02-14T20:45:26.984+0000] {dag.py:3823} INFO - Setting next_dagrun for example_task_group_decorator to 2024-02-13 00:00:00+00:00, run_after=2024-02-14 00:00:00+00:00
[2024-02-14T20:45:27.073+0000] {processor.py:183} INFO - Processing /home/airflow/.local/lib/python3.8/site-packages/airflow/example_dags/example_task_group_decorator.py took 0.361 seconds
[2024-02-14T20:45:57.347+0000] {processor.py:161} INFO - Started process (PID=4040) to work on /home/airflow/.local/lib/python3.8/site-packages/airflow/example_dags/example_task_group_decorator.py
[2024-02-14T20:45:57.351+0000] {processor.py:830} INFO - Processing file /home/airflow/.local/lib/python3.8/site-packages/airflow/example_dags/example_task_group_decorator.py for tasks to queue
[2024-02-14T20:45:57.358+0000] {logging_mixin.py:188} INFO - [2024-02-14T20:45:57.355+0000] {dagbag.py:538} INFO - Filling up the DagBag from /home/airflow/.local/lib/python3.8/site-packages/airflow/example_dags/example_task_group_decorator.py
[2024-02-14T20:45:57.419+0000] {processor.py:840} INFO - DAG(s) 'example_task_group_decorator' retrieved from /home/airflow/.local/lib/python3.8/site-packages/airflow/example_dags/example_task_group_decorator.py
[2024-02-14T20:45:57.468+0000] {logging_mixin.py:188} INFO - [2024-02-14T20:45:57.467+0000] {dag.py:3036} INFO - Sync 1 DAGs
[2024-02-14T20:45:57.506+0000] {logging_mixin.py:188} INFO - [2024-02-14T20:45:57.506+0000] {dag.py:3823} INFO - Setting next_dagrun for example_task_group_decorator to 2024-02-13 00:00:00+00:00, run_after=2024-02-14 00:00:00+00:00
[2024-02-14T20:45:57.544+0000] {processor.py:183} INFO - Processing /home/airflow/.local/lib/python3.8/site-packages/airflow/example_dags/example_task_group_decorator.py took 0.213 seconds
[2024-02-14T20:46:27.635+0000] {processor.py:161} INFO - Started process (PID=4287) to work on /home/airflow/.local/lib/python3.8/site-packages/airflow/example_dags/example_task_group_decorator.py
[2024-02-14T20:46:27.643+0000] {processor.py:830} INFO - Processing file /home/airflow/.local/lib/python3.8/site-packages/airflow/example_dags/example_task_group_decorator.py for tasks to queue
[2024-02-14T20:46:27.645+0000] {logging_mixin.py:188} INFO - [2024-02-14T20:46:27.645+0000] {dagbag.py:538} INFO - Filling up the DagBag from /home/airflow/.local/lib/python3.8/site-packages/airflow/example_dags/example_task_group_decorator.py
[2024-02-14T20:46:27.675+0000] {processor.py:840} INFO - DAG(s) 'example_task_group_decorator' retrieved from /home/airflow/.local/lib/python3.8/site-packages/airflow/example_dags/example_task_group_decorator.py
[2024-02-14T20:46:27.709+0000] {logging_mixin.py:188} INFO - [2024-02-14T20:46:27.708+0000] {dag.py:3036} INFO - Sync 1 DAGs
[2024-02-14T20:46:27.743+0000] {logging_mixin.py:188} INFO - [2024-02-14T20:46:27.742+0000] {dag.py:3823} INFO - Setting next_dagrun for example_task_group_decorator to 2024-02-13 00:00:00+00:00, run_after=2024-02-14 00:00:00+00:00
[2024-02-14T20:46:27.771+0000] {processor.py:183} INFO - Processing /home/airflow/.local/lib/python3.8/site-packages/airflow/example_dags/example_task_group_decorator.py took 0.143 seconds
[2024-02-14T20:46:58.523+0000] {processor.py:161} INFO - Started process (PID=4535) to work on /home/airflow/.local/lib/python3.8/site-packages/airflow/example_dags/example_task_group_decorator.py
[2024-02-14T20:46:58.526+0000] {processor.py:830} INFO - Processing file /home/airflow/.local/lib/python3.8/site-packages/airflow/example_dags/example_task_group_decorator.py for tasks to queue
[2024-02-14T20:46:58.528+0000] {logging_mixin.py:188} INFO - [2024-02-14T20:46:58.527+0000] {dagbag.py:538} INFO - Filling up the DagBag from /home/airflow/.local/lib/python3.8/site-packages/airflow/example_dags/example_task_group_decorator.py
[2024-02-14T20:46:58.595+0000] {processor.py:840} INFO - DAG(s) 'example_task_group_decorator' retrieved from /home/airflow/.local/lib/python3.8/site-packages/airflow/example_dags/example_task_group_decorator.py
[2024-02-14T20:46:58.664+0000] {logging_mixin.py:188} INFO - [2024-02-14T20:46:58.663+0000] {dag.py:3036} INFO - Sync 1 DAGs
[2024-02-14T20:46:58.716+0000] {logging_mixin.py:188} INFO - [2024-02-14T20:46:58.715+0000] {dag.py:3823} INFO - Setting next_dagrun for example_task_group_decorator to 2024-02-13 00:00:00+00:00, run_after=2024-02-14 00:00:00+00:00
[2024-02-14T20:46:58.761+0000] {processor.py:183} INFO - Processing /home/airflow/.local/lib/python3.8/site-packages/airflow/example_dags/example_task_group_decorator.py took 0.246 seconds
[2024-02-14T20:47:29.776+0000] {processor.py:161} INFO - Started process (PID=4782) to work on /home/airflow/.local/lib/python3.8/site-packages/airflow/example_dags/example_task_group_decorator.py
[2024-02-14T20:47:29.780+0000] {processor.py:830} INFO - Processing file /home/airflow/.local/lib/python3.8/site-packages/airflow/example_dags/example_task_group_decorator.py for tasks to queue
[2024-02-14T20:47:29.784+0000] {logging_mixin.py:188} INFO - [2024-02-14T20:47:29.783+0000] {dagbag.py:538} INFO - Filling up the DagBag from /home/airflow/.local/lib/python3.8/site-packages/airflow/example_dags/example_task_group_decorator.py
[2024-02-14T20:47:29.847+0000] {processor.py:840} INFO - DAG(s) 'example_task_group_decorator' retrieved from /home/airflow/.local/lib/python3.8/site-packages/airflow/example_dags/example_task_group_decorator.py
[2024-02-14T20:47:30.029+0000] {logging_mixin.py:188} INFO - [2024-02-14T20:47:30.028+0000] {dag.py:3036} INFO - Sync 1 DAGs
[2024-02-14T20:47:30.092+0000] {logging_mixin.py:188} INFO - [2024-02-14T20:47:30.091+0000] {dag.py:3823} INFO - Setting next_dagrun for example_task_group_decorator to 2024-02-13 00:00:00+00:00, run_after=2024-02-14 00:00:00+00:00
[2024-02-14T20:47:30.127+0000] {processor.py:183} INFO - Processing /home/airflow/.local/lib/python3.8/site-packages/airflow/example_dags/example_task_group_decorator.py took 0.364 seconds
[2024-02-14T20:48:00.265+0000] {processor.py:161} INFO - Started process (PID=5029) to work on /home/airflow/.local/lib/python3.8/site-packages/airflow/example_dags/example_task_group_decorator.py
[2024-02-14T20:48:00.267+0000] {processor.py:830} INFO - Processing file /home/airflow/.local/lib/python3.8/site-packages/airflow/example_dags/example_task_group_decorator.py for tasks to queue
[2024-02-14T20:48:00.269+0000] {logging_mixin.py:188} INFO - [2024-02-14T20:48:00.268+0000] {dagbag.py:538} INFO - Filling up the DagBag from /home/airflow/.local/lib/python3.8/site-packages/airflow/example_dags/example_task_group_decorator.py
[2024-02-14T20:48:00.292+0000] {processor.py:840} INFO - DAG(s) 'example_task_group_decorator' retrieved from /home/airflow/.local/lib/python3.8/site-packages/airflow/example_dags/example_task_group_decorator.py
[2024-02-14T20:48:00.328+0000] {logging_mixin.py:188} INFO - [2024-02-14T20:48:00.328+0000] {dag.py:3036} INFO - Sync 1 DAGs
[2024-02-14T20:48:00.358+0000] {logging_mixin.py:188} INFO - [2024-02-14T20:48:00.358+0000] {dag.py:3823} INFO - Setting next_dagrun for example_task_group_decorator to 2024-02-13 00:00:00+00:00, run_after=2024-02-14 00:00:00+00:00
[2024-02-14T20:48:00.385+0000] {processor.py:183} INFO - Processing /home/airflow/.local/lib/python3.8/site-packages/airflow/example_dags/example_task_group_decorator.py took 0.125 seconds
[2024-02-14T20:48:30.564+0000] {processor.py:161} INFO - Started process (PID=5276) to work on /home/airflow/.local/lib/python3.8/site-packages/airflow/example_dags/example_task_group_decorator.py
[2024-02-14T20:48:30.567+0000] {processor.py:830} INFO - Processing file /home/airflow/.local/lib/python3.8/site-packages/airflow/example_dags/example_task_group_decorator.py for tasks to queue
[2024-02-14T20:48:30.570+0000] {logging_mixin.py:188} INFO - [2024-02-14T20:48:30.570+0000] {dagbag.py:538} INFO - Filling up the DagBag from /home/airflow/.local/lib/python3.8/site-packages/airflow/example_dags/example_task_group_decorator.py
[2024-02-14T20:48:30.632+0000] {processor.py:840} INFO - DAG(s) 'example_task_group_decorator' retrieved from /home/airflow/.local/lib/python3.8/site-packages/airflow/example_dags/example_task_group_decorator.py
[2024-02-14T20:48:30.718+0000] {logging_mixin.py:188} INFO - [2024-02-14T20:48:30.718+0000] {dag.py:3036} INFO - Sync 1 DAGs
[2024-02-14T20:48:30.780+0000] {logging_mixin.py:188} INFO - [2024-02-14T20:48:30.779+0000] {dag.py:3823} INFO - Setting next_dagrun for example_task_group_decorator to 2024-02-13 00:00:00+00:00, run_after=2024-02-14 00:00:00+00:00
[2024-02-14T20:48:30.823+0000] {processor.py:183} INFO - Processing /home/airflow/.local/lib/python3.8/site-packages/airflow/example_dags/example_task_group_decorator.py took 0.268 seconds
[2024-02-14T20:49:01.659+0000] {processor.py:161} INFO - Started process (PID=5523) to work on /home/airflow/.local/lib/python3.8/site-packages/airflow/example_dags/example_task_group_decorator.py
[2024-02-14T20:49:01.661+0000] {processor.py:830} INFO - Processing file /home/airflow/.local/lib/python3.8/site-packages/airflow/example_dags/example_task_group_decorator.py for tasks to queue
[2024-02-14T20:49:01.663+0000] {logging_mixin.py:188} INFO - [2024-02-14T20:49:01.662+0000] {dagbag.py:538} INFO - Filling up the DagBag from /home/airflow/.local/lib/python3.8/site-packages/airflow/example_dags/example_task_group_decorator.py
[2024-02-14T20:49:01.694+0000] {processor.py:840} INFO - DAG(s) 'example_task_group_decorator' retrieved from /home/airflow/.local/lib/python3.8/site-packages/airflow/example_dags/example_task_group_decorator.py
[2024-02-14T20:49:01.744+0000] {logging_mixin.py:188} INFO - [2024-02-14T20:49:01.744+0000] {dag.py:3036} INFO - Sync 1 DAGs
[2024-02-14T20:49:01.790+0000] {logging_mixin.py:188} INFO - [2024-02-14T20:49:01.789+0000] {dag.py:3823} INFO - Setting next_dagrun for example_task_group_decorator to 2024-02-13 00:00:00+00:00, run_after=2024-02-14 00:00:00+00:00
[2024-02-14T20:49:01.836+0000] {processor.py:183} INFO - Processing /home/airflow/.local/lib/python3.8/site-packages/airflow/example_dags/example_task_group_decorator.py took 0.184 seconds
[2024-02-14T20:49:32.480+0000] {processor.py:161} INFO - Started process (PID=5771) to work on /home/airflow/.local/lib/python3.8/site-packages/airflow/example_dags/example_task_group_decorator.py
[2024-02-14T20:49:32.484+0000] {processor.py:830} INFO - Processing file /home/airflow/.local/lib/python3.8/site-packages/airflow/example_dags/example_task_group_decorator.py for tasks to queue
[2024-02-14T20:49:32.495+0000] {logging_mixin.py:188} INFO - [2024-02-14T20:49:32.487+0000] {dagbag.py:538} INFO - Filling up the DagBag from /home/airflow/.local/lib/python3.8/site-packages/airflow/example_dags/example_task_group_decorator.py
[2024-02-14T20:49:32.566+0000] {processor.py:840} INFO - DAG(s) 'example_task_group_decorator' retrieved from /home/airflow/.local/lib/python3.8/site-packages/airflow/example_dags/example_task_group_decorator.py
[2024-02-14T20:49:32.644+0000] {logging_mixin.py:188} INFO - [2024-02-14T20:49:32.643+0000] {dag.py:3036} INFO - Sync 1 DAGs
[2024-02-14T20:49:32.696+0000] {logging_mixin.py:188} INFO - [2024-02-14T20:49:32.695+0000] {dag.py:3823} INFO - Setting next_dagrun for example_task_group_decorator to 2024-02-13 00:00:00+00:00, run_after=2024-02-14 00:00:00+00:00
[2024-02-14T20:49:32.729+0000] {processor.py:183} INFO - Processing /home/airflow/.local/lib/python3.8/site-packages/airflow/example_dags/example_task_group_decorator.py took 0.263 seconds
[2024-02-14T20:50:02.974+0000] {processor.py:161} INFO - Started process (PID=6019) to work on /home/airflow/.local/lib/python3.8/site-packages/airflow/example_dags/example_task_group_decorator.py
[2024-02-14T20:50:02.988+0000] {processor.py:830} INFO - Processing file /home/airflow/.local/lib/python3.8/site-packages/airflow/example_dags/example_task_group_decorator.py for tasks to queue
[2024-02-14T20:50:02.995+0000] {logging_mixin.py:188} INFO - [2024-02-14T20:50:02.993+0000] {dagbag.py:538} INFO - Filling up the DagBag from /home/airflow/.local/lib/python3.8/site-packages/airflow/example_dags/example_task_group_decorator.py
[2024-02-14T20:50:03.104+0000] {processor.py:840} INFO - DAG(s) 'example_task_group_decorator' retrieved from /home/airflow/.local/lib/python3.8/site-packages/airflow/example_dags/example_task_group_decorator.py
[2024-02-14T20:50:03.175+0000] {logging_mixin.py:188} INFO - [2024-02-14T20:50:03.174+0000] {dag.py:3036} INFO - Sync 1 DAGs
[2024-02-14T20:50:03.216+0000] {logging_mixin.py:188} INFO - [2024-02-14T20:50:03.216+0000] {dag.py:3823} INFO - Setting next_dagrun for example_task_group_decorator to 2024-02-13 00:00:00+00:00, run_after=2024-02-14 00:00:00+00:00
[2024-02-14T20:50:03.244+0000] {processor.py:183} INFO - Processing /home/airflow/.local/lib/python3.8/site-packages/airflow/example_dags/example_task_group_decorator.py took 0.286 seconds
[2024-02-14T20:50:33.714+0000] {processor.py:161} INFO - Started process (PID=6266) to work on /home/airflow/.local/lib/python3.8/site-packages/airflow/example_dags/example_task_group_decorator.py
[2024-02-14T20:50:33.718+0000] {processor.py:830} INFO - Processing file /home/airflow/.local/lib/python3.8/site-packages/airflow/example_dags/example_task_group_decorator.py for tasks to queue
[2024-02-14T20:50:33.722+0000] {logging_mixin.py:188} INFO - [2024-02-14T20:50:33.721+0000] {dagbag.py:538} INFO - Filling up the DagBag from /home/airflow/.local/lib/python3.8/site-packages/airflow/example_dags/example_task_group_decorator.py
[2024-02-14T20:50:33.829+0000] {processor.py:840} INFO - DAG(s) 'example_task_group_decorator' retrieved from /home/airflow/.local/lib/python3.8/site-packages/airflow/example_dags/example_task_group_decorator.py
[2024-02-14T20:50:33.921+0000] {logging_mixin.py:188} INFO - [2024-02-14T20:50:33.920+0000] {dag.py:3036} INFO - Sync 1 DAGs
[2024-02-14T20:50:34.012+0000] {logging_mixin.py:188} INFO - [2024-02-14T20:50:34.011+0000] {dag.py:3823} INFO - Setting next_dagrun for example_task_group_decorator to 2024-02-13 00:00:00+00:00, run_after=2024-02-14 00:00:00+00:00
[2024-02-14T20:50:34.101+0000] {processor.py:183} INFO - Processing /home/airflow/.local/lib/python3.8/site-packages/airflow/example_dags/example_task_group_decorator.py took 0.400 seconds
[2024-02-14T20:51:04.296+0000] {processor.py:161} INFO - Started process (PID=6514) to work on /home/airflow/.local/lib/python3.8/site-packages/airflow/example_dags/example_task_group_decorator.py
[2024-02-14T20:51:04.298+0000] {processor.py:830} INFO - Processing file /home/airflow/.local/lib/python3.8/site-packages/airflow/example_dags/example_task_group_decorator.py for tasks to queue
[2024-02-14T20:51:04.311+0000] {logging_mixin.py:188} INFO - [2024-02-14T20:51:04.310+0000] {dagbag.py:538} INFO - Filling up the DagBag from /home/airflow/.local/lib/python3.8/site-packages/airflow/example_dags/example_task_group_decorator.py
[2024-02-14T20:51:04.366+0000] {processor.py:840} INFO - DAG(s) 'example_task_group_decorator' retrieved from /home/airflow/.local/lib/python3.8/site-packages/airflow/example_dags/example_task_group_decorator.py
[2024-02-14T20:51:04.412+0000] {logging_mixin.py:188} INFO - [2024-02-14T20:51:04.412+0000] {dag.py:3036} INFO - Sync 1 DAGs
[2024-02-14T20:51:04.457+0000] {logging_mixin.py:188} INFO - [2024-02-14T20:51:04.456+0000] {dag.py:3823} INFO - Setting next_dagrun for example_task_group_decorator to 2024-02-13 00:00:00+00:00, run_after=2024-02-14 00:00:00+00:00
[2024-02-14T20:51:04.484+0000] {processor.py:183} INFO - Processing /home/airflow/.local/lib/python3.8/site-packages/airflow/example_dags/example_task_group_decorator.py took 0.222 seconds
[2024-02-14T20:51:35.470+0000] {processor.py:161} INFO - Started process (PID=6762) to work on /home/airflow/.local/lib/python3.8/site-packages/airflow/example_dags/example_task_group_decorator.py
[2024-02-14T20:51:35.475+0000] {processor.py:830} INFO - Processing file /home/airflow/.local/lib/python3.8/site-packages/airflow/example_dags/example_task_group_decorator.py for tasks to queue
[2024-02-14T20:51:35.480+0000] {logging_mixin.py:188} INFO - [2024-02-14T20:51:35.478+0000] {dagbag.py:538} INFO - Filling up the DagBag from /home/airflow/.local/lib/python3.8/site-packages/airflow/example_dags/example_task_group_decorator.py
[2024-02-14T20:51:35.562+0000] {processor.py:840} INFO - DAG(s) 'example_task_group_decorator' retrieved from /home/airflow/.local/lib/python3.8/site-packages/airflow/example_dags/example_task_group_decorator.py
[2024-02-14T20:51:35.648+0000] {logging_mixin.py:188} INFO - [2024-02-14T20:51:35.647+0000] {dag.py:3036} INFO - Sync 1 DAGs
[2024-02-14T20:51:35.717+0000] {logging_mixin.py:188} INFO - [2024-02-14T20:51:35.716+0000] {dag.py:3823} INFO - Setting next_dagrun for example_task_group_decorator to 2024-02-13 00:00:00+00:00, run_after=2024-02-14 00:00:00+00:00
[2024-02-14T20:51:35.763+0000] {processor.py:183} INFO - Processing /home/airflow/.local/lib/python3.8/site-packages/airflow/example_dags/example_task_group_decorator.py took 0.309 seconds
[2024-02-14T20:52:06.036+0000] {processor.py:161} INFO - Started process (PID=7009) to work on /home/airflow/.local/lib/python3.8/site-packages/airflow/example_dags/example_task_group_decorator.py
[2024-02-14T20:52:06.042+0000] {processor.py:830} INFO - Processing file /home/airflow/.local/lib/python3.8/site-packages/airflow/example_dags/example_task_group_decorator.py for tasks to queue
[2024-02-14T20:52:06.047+0000] {logging_mixin.py:188} INFO - [2024-02-14T20:52:06.046+0000] {dagbag.py:538} INFO - Filling up the DagBag from /home/airflow/.local/lib/python3.8/site-packages/airflow/example_dags/example_task_group_decorator.py
[2024-02-14T20:52:06.125+0000] {processor.py:840} INFO - DAG(s) 'example_task_group_decorator' retrieved from /home/airflow/.local/lib/python3.8/site-packages/airflow/example_dags/example_task_group_decorator.py
[2024-02-14T20:52:06.238+0000] {logging_mixin.py:188} INFO - [2024-02-14T20:52:06.237+0000] {dag.py:3036} INFO - Sync 1 DAGs
[2024-02-14T20:52:06.325+0000] {logging_mixin.py:188} INFO - [2024-02-14T20:52:06.325+0000] {dag.py:3823} INFO - Setting next_dagrun for example_task_group_decorator to 2024-02-13 00:00:00+00:00, run_after=2024-02-14 00:00:00+00:00
[2024-02-14T20:52:06.400+0000] {processor.py:183} INFO - Processing /home/airflow/.local/lib/python3.8/site-packages/airflow/example_dags/example_task_group_decorator.py took 0.386 seconds
[2024-02-14T20:52:37.390+0000] {processor.py:161} INFO - Started process (PID=7256) to work on /home/airflow/.local/lib/python3.8/site-packages/airflow/example_dags/example_task_group_decorator.py
[2024-02-14T20:52:37.394+0000] {processor.py:830} INFO - Processing file /home/airflow/.local/lib/python3.8/site-packages/airflow/example_dags/example_task_group_decorator.py for tasks to queue
[2024-02-14T20:52:37.398+0000] {logging_mixin.py:188} INFO - [2024-02-14T20:52:37.397+0000] {dagbag.py:538} INFO - Filling up the DagBag from /home/airflow/.local/lib/python3.8/site-packages/airflow/example_dags/example_task_group_decorator.py
[2024-02-14T20:52:37.462+0000] {processor.py:840} INFO - DAG(s) 'example_task_group_decorator' retrieved from /home/airflow/.local/lib/python3.8/site-packages/airflow/example_dags/example_task_group_decorator.py
[2024-02-14T20:52:37.562+0000] {logging_mixin.py:188} INFO - [2024-02-14T20:52:37.561+0000] {dag.py:3036} INFO - Sync 1 DAGs
[2024-02-14T20:52:37.656+0000] {logging_mixin.py:188} INFO - [2024-02-14T20:52:37.655+0000] {dag.py:3823} INFO - Setting next_dagrun for example_task_group_decorator to 2024-02-13 00:00:00+00:00, run_after=2024-02-14 00:00:00+00:00
[2024-02-14T20:52:37.745+0000] {processor.py:183} INFO - Processing /home/airflow/.local/lib/python3.8/site-packages/airflow/example_dags/example_task_group_decorator.py took 0.368 seconds
[2024-02-14T20:53:08.057+0000] {processor.py:161} INFO - Started process (PID=7503) to work on /home/airflow/.local/lib/python3.8/site-packages/airflow/example_dags/example_task_group_decorator.py
[2024-02-14T20:53:08.062+0000] {processor.py:830} INFO - Processing file /home/airflow/.local/lib/python3.8/site-packages/airflow/example_dags/example_task_group_decorator.py for tasks to queue
[2024-02-14T20:53:08.066+0000] {logging_mixin.py:188} INFO - [2024-02-14T20:53:08.065+0000] {dagbag.py:538} INFO - Filling up the DagBag from /home/airflow/.local/lib/python3.8/site-packages/airflow/example_dags/example_task_group_decorator.py
[2024-02-14T20:53:08.140+0000] {processor.py:840} INFO - DAG(s) 'example_task_group_decorator' retrieved from /home/airflow/.local/lib/python3.8/site-packages/airflow/example_dags/example_task_group_decorator.py
[2024-02-14T20:53:08.290+0000] {logging_mixin.py:188} INFO - [2024-02-14T20:53:08.289+0000] {dag.py:3036} INFO - Sync 1 DAGs
[2024-02-14T20:53:08.380+0000] {logging_mixin.py:188} INFO - [2024-02-14T20:53:08.380+0000] {dag.py:3823} INFO - Setting next_dagrun for example_task_group_decorator to 2024-02-13 00:00:00+00:00, run_after=2024-02-14 00:00:00+00:00
[2024-02-14T20:53:08.465+0000] {processor.py:183} INFO - Processing /home/airflow/.local/lib/python3.8/site-packages/airflow/example_dags/example_task_group_decorator.py took 0.422 seconds
[2024-02-14T20:53:38.903+0000] {processor.py:161} INFO - Started process (PID=7750) to work on /home/airflow/.local/lib/python3.8/site-packages/airflow/example_dags/example_task_group_decorator.py
[2024-02-14T20:53:38.909+0000] {processor.py:830} INFO - Processing file /home/airflow/.local/lib/python3.8/site-packages/airflow/example_dags/example_task_group_decorator.py for tasks to queue
[2024-02-14T20:53:38.918+0000] {logging_mixin.py:188} INFO - [2024-02-14T20:53:38.914+0000] {dagbag.py:538} INFO - Filling up the DagBag from /home/airflow/.local/lib/python3.8/site-packages/airflow/example_dags/example_task_group_decorator.py
[2024-02-14T20:53:39.051+0000] {processor.py:840} INFO - DAG(s) 'example_task_group_decorator' retrieved from /home/airflow/.local/lib/python3.8/site-packages/airflow/example_dags/example_task_group_decorator.py
[2024-02-14T20:53:39.107+0000] {logging_mixin.py:188} INFO - [2024-02-14T20:53:39.106+0000] {dag.py:3036} INFO - Sync 1 DAGs
[2024-02-14T20:53:39.159+0000] {logging_mixin.py:188} INFO - [2024-02-14T20:53:39.159+0000] {dag.py:3823} INFO - Setting next_dagrun for example_task_group_decorator to 2024-02-13 00:00:00+00:00, run_after=2024-02-14 00:00:00+00:00
[2024-02-14T20:53:39.214+0000] {processor.py:183} INFO - Processing /home/airflow/.local/lib/python3.8/site-packages/airflow/example_dags/example_task_group_decorator.py took 0.334 seconds
[2024-02-14T20:54:09.372+0000] {processor.py:161} INFO - Started process (PID=7997) to work on /home/airflow/.local/lib/python3.8/site-packages/airflow/example_dags/example_task_group_decorator.py
[2024-02-14T20:54:09.375+0000] {processor.py:830} INFO - Processing file /home/airflow/.local/lib/python3.8/site-packages/airflow/example_dags/example_task_group_decorator.py for tasks to queue
[2024-02-14T20:54:09.378+0000] {logging_mixin.py:188} INFO - [2024-02-14T20:54:09.377+0000] {dagbag.py:538} INFO - Filling up the DagBag from /home/airflow/.local/lib/python3.8/site-packages/airflow/example_dags/example_task_group_decorator.py
[2024-02-14T20:54:09.422+0000] {processor.py:840} INFO - DAG(s) 'example_task_group_decorator' retrieved from /home/airflow/.local/lib/python3.8/site-packages/airflow/example_dags/example_task_group_decorator.py
[2024-02-14T20:54:09.475+0000] {logging_mixin.py:188} INFO - [2024-02-14T20:54:09.475+0000] {dag.py:3036} INFO - Sync 1 DAGs
[2024-02-14T20:54:09.522+0000] {logging_mixin.py:188} INFO - [2024-02-14T20:54:09.522+0000] {dag.py:3823} INFO - Setting next_dagrun for example_task_group_decorator to 2024-02-13 00:00:00+00:00, run_after=2024-02-14 00:00:00+00:00
[2024-02-14T20:54:09.574+0000] {processor.py:183} INFO - Processing /home/airflow/.local/lib/python3.8/site-packages/airflow/example_dags/example_task_group_decorator.py took 0.212 seconds
[2024-02-14T20:54:39.861+0000] {processor.py:161} INFO - Started process (PID=8244) to work on /home/airflow/.local/lib/python3.8/site-packages/airflow/example_dags/example_task_group_decorator.py
[2024-02-14T20:54:39.862+0000] {processor.py:830} INFO - Processing file /home/airflow/.local/lib/python3.8/site-packages/airflow/example_dags/example_task_group_decorator.py for tasks to queue
[2024-02-14T20:54:39.864+0000] {logging_mixin.py:188} INFO - [2024-02-14T20:54:39.863+0000] {dagbag.py:538} INFO - Filling up the DagBag from /home/airflow/.local/lib/python3.8/site-packages/airflow/example_dags/example_task_group_decorator.py
[2024-02-14T20:54:39.886+0000] {processor.py:840} INFO - DAG(s) 'example_task_group_decorator' retrieved from /home/airflow/.local/lib/python3.8/site-packages/airflow/example_dags/example_task_group_decorator.py
[2024-02-14T20:54:39.922+0000] {logging_mixin.py:188} INFO - [2024-02-14T20:54:39.922+0000] {dag.py:3036} INFO - Sync 1 DAGs
[2024-02-14T20:54:39.956+0000] {logging_mixin.py:188} INFO - [2024-02-14T20:54:39.955+0000] {dag.py:3823} INFO - Setting next_dagrun for example_task_group_decorator to 2024-02-13 00:00:00+00:00, run_after=2024-02-14 00:00:00+00:00
[2024-02-14T20:54:39.988+0000] {processor.py:183} INFO - Processing /home/airflow/.local/lib/python3.8/site-packages/airflow/example_dags/example_task_group_decorator.py took 0.132 seconds
[2024-02-14T20:55:10.147+0000] {processor.py:161} INFO - Started process (PID=8491) to work on /home/airflow/.local/lib/python3.8/site-packages/airflow/example_dags/example_task_group_decorator.py
[2024-02-14T20:55:10.149+0000] {processor.py:830} INFO - Processing file /home/airflow/.local/lib/python3.8/site-packages/airflow/example_dags/example_task_group_decorator.py for tasks to queue
[2024-02-14T20:55:10.151+0000] {logging_mixin.py:188} INFO - [2024-02-14T20:55:10.151+0000] {dagbag.py:538} INFO - Filling up the DagBag from /home/airflow/.local/lib/python3.8/site-packages/airflow/example_dags/example_task_group_decorator.py
[2024-02-14T20:55:10.185+0000] {processor.py:840} INFO - DAG(s) 'example_task_group_decorator' retrieved from /home/airflow/.local/lib/python3.8/site-packages/airflow/example_dags/example_task_group_decorator.py
[2024-02-14T20:55:10.245+0000] {logging_mixin.py:188} INFO - [2024-02-14T20:55:10.244+0000] {dag.py:3036} INFO - Sync 1 DAGs
[2024-02-14T20:55:10.294+0000] {logging_mixin.py:188} INFO - [2024-02-14T20:55:10.293+0000] {dag.py:3823} INFO - Setting next_dagrun for example_task_group_decorator to 2024-02-13 00:00:00+00:00, run_after=2024-02-14 00:00:00+00:00
[2024-02-14T20:55:10.353+0000] {processor.py:183} INFO - Processing /home/airflow/.local/lib/python3.8/site-packages/airflow/example_dags/example_task_group_decorator.py took 0.212 seconds
[2024-02-14T20:55:40.551+0000] {processor.py:161} INFO - Started process (PID=8738) to work on /home/airflow/.local/lib/python3.8/site-packages/airflow/example_dags/example_task_group_decorator.py
[2024-02-14T20:55:40.553+0000] {processor.py:830} INFO - Processing file /home/airflow/.local/lib/python3.8/site-packages/airflow/example_dags/example_task_group_decorator.py for tasks to queue
[2024-02-14T20:55:40.554+0000] {logging_mixin.py:188} INFO - [2024-02-14T20:55:40.554+0000] {dagbag.py:538} INFO - Filling up the DagBag from /home/airflow/.local/lib/python3.8/site-packages/airflow/example_dags/example_task_group_decorator.py
[2024-02-14T20:55:40.579+0000] {processor.py:840} INFO - DAG(s) 'example_task_group_decorator' retrieved from /home/airflow/.local/lib/python3.8/site-packages/airflow/example_dags/example_task_group_decorator.py
[2024-02-14T20:55:40.621+0000] {logging_mixin.py:188} INFO - [2024-02-14T20:55:40.620+0000] {dag.py:3036} INFO - Sync 1 DAGs
[2024-02-14T20:55:40.656+0000] {logging_mixin.py:188} INFO - [2024-02-14T20:55:40.655+0000] {dag.py:3823} INFO - Setting next_dagrun for example_task_group_decorator to 2024-02-13 00:00:00+00:00, run_after=2024-02-14 00:00:00+00:00
[2024-02-14T20:55:40.709+0000] {processor.py:183} INFO - Processing /home/airflow/.local/lib/python3.8/site-packages/airflow/example_dags/example_task_group_decorator.py took 0.163 seconds
[2024-02-14T20:56:11.327+0000] {processor.py:161} INFO - Started process (PID=8985) to work on /home/airflow/.local/lib/python3.8/site-packages/airflow/example_dags/example_task_group_decorator.py
[2024-02-14T20:56:11.339+0000] {processor.py:830} INFO - Processing file /home/airflow/.local/lib/python3.8/site-packages/airflow/example_dags/example_task_group_decorator.py for tasks to queue
[2024-02-14T20:56:11.368+0000] {logging_mixin.py:188} INFO - [2024-02-14T20:56:11.348+0000] {dagbag.py:538} INFO - Filling up the DagBag from /home/airflow/.local/lib/python3.8/site-packages/airflow/example_dags/example_task_group_decorator.py
[2024-02-14T20:56:11.465+0000] {processor.py:840} INFO - DAG(s) 'example_task_group_decorator' retrieved from /home/airflow/.local/lib/python3.8/site-packages/airflow/example_dags/example_task_group_decorator.py
[2024-02-14T20:56:11.577+0000] {logging_mixin.py:188} INFO - [2024-02-14T20:56:11.576+0000] {dag.py:3036} INFO - Sync 1 DAGs
[2024-02-14T20:56:11.662+0000] {logging_mixin.py:188} INFO - [2024-02-14T20:56:11.661+0000] {dag.py:3823} INFO - Setting next_dagrun for example_task_group_decorator to 2024-02-13 00:00:00+00:00, run_after=2024-02-14 00:00:00+00:00
[2024-02-14T20:56:11.727+0000] {processor.py:183} INFO - Processing /home/airflow/.local/lib/python3.8/site-packages/airflow/example_dags/example_task_group_decorator.py took 0.422 seconds
[2024-02-14T20:56:41.848+0000] {processor.py:161} INFO - Started process (PID=9231) to work on /home/airflow/.local/lib/python3.8/site-packages/airflow/example_dags/example_task_group_decorator.py
[2024-02-14T20:56:41.850+0000] {processor.py:830} INFO - Processing file /home/airflow/.local/lib/python3.8/site-packages/airflow/example_dags/example_task_group_decorator.py for tasks to queue
[2024-02-14T20:56:41.853+0000] {logging_mixin.py:188} INFO - [2024-02-14T20:56:41.852+0000] {dagbag.py:538} INFO - Filling up the DagBag from /home/airflow/.local/lib/python3.8/site-packages/airflow/example_dags/example_task_group_decorator.py
[2024-02-14T20:56:41.881+0000] {processor.py:840} INFO - DAG(s) 'example_task_group_decorator' retrieved from /home/airflow/.local/lib/python3.8/site-packages/airflow/example_dags/example_task_group_decorator.py
[2024-02-14T20:56:41.943+0000] {logging_mixin.py:188} INFO - [2024-02-14T20:56:41.942+0000] {dag.py:3036} INFO - Sync 1 DAGs
[2024-02-14T20:56:41.988+0000] {logging_mixin.py:188} INFO - [2024-02-14T20:56:41.987+0000] {dag.py:3823} INFO - Setting next_dagrun for example_task_group_decorator to 2024-02-13 00:00:00+00:00, run_after=2024-02-14 00:00:00+00:00
[2024-02-14T20:56:42.037+0000] {processor.py:183} INFO - Processing /home/airflow/.local/lib/python3.8/site-packages/airflow/example_dags/example_task_group_decorator.py took 0.195 seconds
[2024-02-14T20:57:13.055+0000] {processor.py:161} INFO - Started process (PID=9478) to work on /home/airflow/.local/lib/python3.8/site-packages/airflow/example_dags/example_task_group_decorator.py
[2024-02-14T20:57:13.059+0000] {processor.py:830} INFO - Processing file /home/airflow/.local/lib/python3.8/site-packages/airflow/example_dags/example_task_group_decorator.py for tasks to queue
[2024-02-14T20:57:13.064+0000] {logging_mixin.py:188} INFO - [2024-02-14T20:57:13.063+0000] {dagbag.py:538} INFO - Filling up the DagBag from /home/airflow/.local/lib/python3.8/site-packages/airflow/example_dags/example_task_group_decorator.py
[2024-02-14T20:57:13.135+0000] {processor.py:840} INFO - DAG(s) 'example_task_group_decorator' retrieved from /home/airflow/.local/lib/python3.8/site-packages/airflow/example_dags/example_task_group_decorator.py
[2024-02-14T20:57:13.230+0000] {logging_mixin.py:188} INFO - [2024-02-14T20:57:13.230+0000] {dag.py:3036} INFO - Sync 1 DAGs
[2024-02-14T20:57:13.267+0000] {logging_mixin.py:188} INFO - [2024-02-14T20:57:13.266+0000] {dag.py:3823} INFO - Setting next_dagrun for example_task_group_decorator to 2024-02-13 00:00:00+00:00, run_after=2024-02-14 00:00:00+00:00
[2024-02-14T20:57:13.296+0000] {processor.py:183} INFO - Processing /home/airflow/.local/lib/python3.8/site-packages/airflow/example_dags/example_task_group_decorator.py took 0.255 seconds
[2024-02-14T20:57:43.632+0000] {processor.py:161} INFO - Started process (PID=9725) to work on /home/airflow/.local/lib/python3.8/site-packages/airflow/example_dags/example_task_group_decorator.py
[2024-02-14T20:57:43.637+0000] {processor.py:830} INFO - Processing file /home/airflow/.local/lib/python3.8/site-packages/airflow/example_dags/example_task_group_decorator.py for tasks to queue
[2024-02-14T20:57:43.642+0000] {logging_mixin.py:188} INFO - [2024-02-14T20:57:43.640+0000] {dagbag.py:538} INFO - Filling up the DagBag from /home/airflow/.local/lib/python3.8/site-packages/airflow/example_dags/example_task_group_decorator.py
[2024-02-14T20:57:43.713+0000] {processor.py:840} INFO - DAG(s) 'example_task_group_decorator' retrieved from /home/airflow/.local/lib/python3.8/site-packages/airflow/example_dags/example_task_group_decorator.py
[2024-02-14T20:57:43.802+0000] {logging_mixin.py:188} INFO - [2024-02-14T20:57:43.802+0000] {dag.py:3036} INFO - Sync 1 DAGs
[2024-02-14T20:57:43.892+0000] {logging_mixin.py:188} INFO - [2024-02-14T20:57:43.891+0000] {dag.py:3823} INFO - Setting next_dagrun for example_task_group_decorator to 2024-02-13 00:00:00+00:00, run_after=2024-02-14 00:00:00+00:00
[2024-02-14T20:57:43.979+0000] {processor.py:183} INFO - Processing /home/airflow/.local/lib/python3.8/site-packages/airflow/example_dags/example_task_group_decorator.py took 0.361 seconds
