[2024-02-14T20:38:04.140+0000] {processor.py:161} INFO - Started process (PID=181) to work on /home/airflow/.local/lib/python3.8/site-packages/airflow/example_dags/example_kubernetes_executor.py
[2024-02-14T20:38:04.143+0000] {processor.py:830} INFO - Processing file /home/airflow/.local/lib/python3.8/site-packages/airflow/example_dags/example_kubernetes_executor.py for tasks to queue
[2024-02-14T20:38:04.150+0000] {logging_mixin.py:188} INFO - [2024-02-14T20:38:04.147+0000] {dagbag.py:538} INFO - Filling up the DagBag from /home/airflow/.local/lib/python3.8/site-packages/airflow/example_dags/example_kubernetes_executor.py
[2024-02-14T20:38:04.253+0000] {processor.py:840} INFO - DAG(s) 'example_kubernetes_executor' retrieved from /home/airflow/.local/lib/python3.8/site-packages/airflow/example_dags/example_kubernetes_executor.py
[2024-02-14T20:38:04.778+0000] {logging_mixin.py:188} INFO - [2024-02-14T20:38:04.778+0000] {dag.py:3036} INFO - Sync 1 DAGs
[2024-02-14T20:38:04.798+0000] {logging_mixin.py:188} INFO - [2024-02-14T20:38:04.798+0000] {dag.py:3823} INFO - Setting next_dagrun for example_kubernetes_executor to None, run_after=None
[2024-02-14T20:38:04.914+0000] {processor.py:183} INFO - Processing /home/airflow/.local/lib/python3.8/site-packages/airflow/example_dags/example_kubernetes_executor.py took 0.785 seconds
[2024-02-14T20:38:35.824+0000] {processor.py:161} INFO - Started process (PID=430) to work on /home/airflow/.local/lib/python3.8/site-packages/airflow/example_dags/example_kubernetes_executor.py
[2024-02-14T20:38:35.829+0000] {processor.py:830} INFO - Processing file /home/airflow/.local/lib/python3.8/site-packages/airflow/example_dags/example_kubernetes_executor.py for tasks to queue
[2024-02-14T20:38:35.835+0000] {logging_mixin.py:188} INFO - [2024-02-14T20:38:35.833+0000] {dagbag.py:538} INFO - Filling up the DagBag from /home/airflow/.local/lib/python3.8/site-packages/airflow/example_dags/example_kubernetes_executor.py
[2024-02-14T20:38:35.923+0000] {processor.py:840} INFO - DAG(s) 'example_kubernetes_executor' retrieved from /home/airflow/.local/lib/python3.8/site-packages/airflow/example_dags/example_kubernetes_executor.py
[2024-02-14T20:38:36.113+0000] {logging_mixin.py:188} INFO - [2024-02-14T20:38:36.112+0000] {dag.py:3036} INFO - Sync 1 DAGs
[2024-02-14T20:38:36.161+0000] {logging_mixin.py:188} INFO - [2024-02-14T20:38:36.161+0000] {dag.py:3823} INFO - Setting next_dagrun for example_kubernetes_executor to None, run_after=None
[2024-02-14T20:38:36.225+0000] {processor.py:183} INFO - Processing /home/airflow/.local/lib/python3.8/site-packages/airflow/example_dags/example_kubernetes_executor.py took 0.422 seconds
[2024-02-14T20:39:06.507+0000] {processor.py:161} INFO - Started process (PID=677) to work on /home/airflow/.local/lib/python3.8/site-packages/airflow/example_dags/example_kubernetes_executor.py
[2024-02-14T20:39:06.511+0000] {processor.py:830} INFO - Processing file /home/airflow/.local/lib/python3.8/site-packages/airflow/example_dags/example_kubernetes_executor.py for tasks to queue
[2024-02-14T20:39:06.515+0000] {logging_mixin.py:188} INFO - [2024-02-14T20:39:06.514+0000] {dagbag.py:538} INFO - Filling up the DagBag from /home/airflow/.local/lib/python3.8/site-packages/airflow/example_dags/example_kubernetes_executor.py
[2024-02-14T20:39:06.572+0000] {processor.py:840} INFO - DAG(s) 'example_kubernetes_executor' retrieved from /home/airflow/.local/lib/python3.8/site-packages/airflow/example_dags/example_kubernetes_executor.py
[2024-02-14T20:39:06.731+0000] {logging_mixin.py:188} INFO - [2024-02-14T20:39:06.731+0000] {dag.py:3036} INFO - Sync 1 DAGs
[2024-02-14T20:39:06.769+0000] {logging_mixin.py:188} INFO - [2024-02-14T20:39:06.768+0000] {dag.py:3823} INFO - Setting next_dagrun for example_kubernetes_executor to None, run_after=None
[2024-02-14T20:39:06.827+0000] {processor.py:183} INFO - Processing /home/airflow/.local/lib/python3.8/site-packages/airflow/example_dags/example_kubernetes_executor.py took 0.333 seconds
[2024-02-14T20:39:36.941+0000] {processor.py:161} INFO - Started process (PID=927) to work on /home/airflow/.local/lib/python3.8/site-packages/airflow/example_dags/example_kubernetes_executor.py
[2024-02-14T20:39:36.945+0000] {processor.py:830} INFO - Processing file /home/airflow/.local/lib/python3.8/site-packages/airflow/example_dags/example_kubernetes_executor.py for tasks to queue
[2024-02-14T20:39:36.950+0000] {logging_mixin.py:188} INFO - [2024-02-14T20:39:36.949+0000] {dagbag.py:538} INFO - Filling up the DagBag from /home/airflow/.local/lib/python3.8/site-packages/airflow/example_dags/example_kubernetes_executor.py
[2024-02-14T20:39:37.010+0000] {processor.py:840} INFO - DAG(s) 'example_kubernetes_executor' retrieved from /home/airflow/.local/lib/python3.8/site-packages/airflow/example_dags/example_kubernetes_executor.py
[2024-02-14T20:39:37.162+0000] {logging_mixin.py:188} INFO - [2024-02-14T20:39:37.161+0000] {dag.py:3036} INFO - Sync 1 DAGs
[2024-02-14T20:39:37.196+0000] {logging_mixin.py:188} INFO - [2024-02-14T20:39:37.196+0000] {dag.py:3823} INFO - Setting next_dagrun for example_kubernetes_executor to None, run_after=None
[2024-02-14T20:39:37.250+0000] {processor.py:183} INFO - Processing /home/airflow/.local/lib/python3.8/site-packages/airflow/example_dags/example_kubernetes_executor.py took 0.324 seconds
[2024-02-14T20:40:07.499+0000] {processor.py:161} INFO - Started process (PID=1171) to work on /home/airflow/.local/lib/python3.8/site-packages/airflow/example_dags/example_kubernetes_executor.py
[2024-02-14T20:40:07.502+0000] {processor.py:830} INFO - Processing file /home/airflow/.local/lib/python3.8/site-packages/airflow/example_dags/example_kubernetes_executor.py for tasks to queue
[2024-02-14T20:40:07.505+0000] {logging_mixin.py:188} INFO - [2024-02-14T20:40:07.504+0000] {dagbag.py:538} INFO - Filling up the DagBag from /home/airflow/.local/lib/python3.8/site-packages/airflow/example_dags/example_kubernetes_executor.py
[2024-02-14T20:40:07.563+0000] {processor.py:840} INFO - DAG(s) 'example_kubernetes_executor' retrieved from /home/airflow/.local/lib/python3.8/site-packages/airflow/example_dags/example_kubernetes_executor.py
[2024-02-14T20:40:07.692+0000] {logging_mixin.py:188} INFO - [2024-02-14T20:40:07.691+0000] {dag.py:3036} INFO - Sync 1 DAGs
[2024-02-14T20:40:07.730+0000] {logging_mixin.py:188} INFO - [2024-02-14T20:40:07.729+0000] {dag.py:3823} INFO - Setting next_dagrun for example_kubernetes_executor to None, run_after=None
[2024-02-14T20:40:07.790+0000] {processor.py:183} INFO - Processing /home/airflow/.local/lib/python3.8/site-packages/airflow/example_dags/example_kubernetes_executor.py took 0.312 seconds
[2024-02-14T20:40:38.282+0000] {processor.py:161} INFO - Started process (PID=1424) to work on /home/airflow/.local/lib/python3.8/site-packages/airflow/example_dags/example_kubernetes_executor.py
[2024-02-14T20:40:38.286+0000] {processor.py:830} INFO - Processing file /home/airflow/.local/lib/python3.8/site-packages/airflow/example_dags/example_kubernetes_executor.py for tasks to queue
[2024-02-14T20:40:38.290+0000] {logging_mixin.py:188} INFO - [2024-02-14T20:40:38.289+0000] {dagbag.py:538} INFO - Filling up the DagBag from /home/airflow/.local/lib/python3.8/site-packages/airflow/example_dags/example_kubernetes_executor.py
[2024-02-14T20:40:38.342+0000] {processor.py:840} INFO - DAG(s) 'example_kubernetes_executor' retrieved from /home/airflow/.local/lib/python3.8/site-packages/airflow/example_dags/example_kubernetes_executor.py
[2024-02-14T20:40:38.482+0000] {logging_mixin.py:188} INFO - [2024-02-14T20:40:38.481+0000] {dag.py:3036} INFO - Sync 1 DAGs
[2024-02-14T20:40:38.527+0000] {logging_mixin.py:188} INFO - [2024-02-14T20:40:38.526+0000] {dag.py:3823} INFO - Setting next_dagrun for example_kubernetes_executor to None, run_after=None
[2024-02-14T20:40:38.597+0000] {processor.py:183} INFO - Processing /home/airflow/.local/lib/python3.8/site-packages/airflow/example_dags/example_kubernetes_executor.py took 0.328 seconds
[2024-02-14T20:41:08.792+0000] {processor.py:161} INFO - Started process (PID=1669) to work on /home/airflow/.local/lib/python3.8/site-packages/airflow/example_dags/example_kubernetes_executor.py
[2024-02-14T20:41:08.794+0000] {processor.py:830} INFO - Processing file /home/airflow/.local/lib/python3.8/site-packages/airflow/example_dags/example_kubernetes_executor.py for tasks to queue
[2024-02-14T20:41:08.796+0000] {logging_mixin.py:188} INFO - [2024-02-14T20:41:08.795+0000] {dagbag.py:538} INFO - Filling up the DagBag from /home/airflow/.local/lib/python3.8/site-packages/airflow/example_dags/example_kubernetes_executor.py
[2024-02-14T20:41:08.835+0000] {processor.py:840} INFO - DAG(s) 'example_kubernetes_executor' retrieved from /home/airflow/.local/lib/python3.8/site-packages/airflow/example_dags/example_kubernetes_executor.py
[2024-02-14T20:41:09.015+0000] {logging_mixin.py:188} INFO - [2024-02-14T20:41:09.014+0000] {dag.py:3036} INFO - Sync 1 DAGs
[2024-02-14T20:41:09.059+0000] {logging_mixin.py:188} INFO - [2024-02-14T20:41:09.059+0000] {dag.py:3823} INFO - Setting next_dagrun for example_kubernetes_executor to None, run_after=None
[2024-02-14T20:41:09.115+0000] {processor.py:183} INFO - Processing /home/airflow/.local/lib/python3.8/site-packages/airflow/example_dags/example_kubernetes_executor.py took 0.330 seconds
[2024-02-14T20:41:39.608+0000] {processor.py:161} INFO - Started process (PID=1913) to work on /home/airflow/.local/lib/python3.8/site-packages/airflow/example_dags/example_kubernetes_executor.py
[2024-02-14T20:41:39.613+0000] {processor.py:830} INFO - Processing file /home/airflow/.local/lib/python3.8/site-packages/airflow/example_dags/example_kubernetes_executor.py for tasks to queue
[2024-02-14T20:41:39.620+0000] {logging_mixin.py:188} INFO - [2024-02-14T20:41:39.617+0000] {dagbag.py:538} INFO - Filling up the DagBag from /home/airflow/.local/lib/python3.8/site-packages/airflow/example_dags/example_kubernetes_executor.py
[2024-02-14T20:41:39.715+0000] {processor.py:840} INFO - DAG(s) 'example_kubernetes_executor' retrieved from /home/airflow/.local/lib/python3.8/site-packages/airflow/example_dags/example_kubernetes_executor.py
[2024-02-14T20:41:39.876+0000] {logging_mixin.py:188} INFO - [2024-02-14T20:41:39.875+0000] {dag.py:3036} INFO - Sync 1 DAGs
[2024-02-14T20:41:39.928+0000] {logging_mixin.py:188} INFO - [2024-02-14T20:41:39.927+0000] {dag.py:3823} INFO - Setting next_dagrun for example_kubernetes_executor to None, run_after=None
[2024-02-14T20:41:40.020+0000] {processor.py:183} INFO - Processing /home/airflow/.local/lib/python3.8/site-packages/airflow/example_dags/example_kubernetes_executor.py took 0.429 seconds
[2024-02-14T20:42:10.246+0000] {processor.py:161} INFO - Started process (PID=2160) to work on /home/airflow/.local/lib/python3.8/site-packages/airflow/example_dags/example_kubernetes_executor.py
[2024-02-14T20:42:10.254+0000] {processor.py:830} INFO - Processing file /home/airflow/.local/lib/python3.8/site-packages/airflow/example_dags/example_kubernetes_executor.py for tasks to queue
[2024-02-14T20:42:10.259+0000] {logging_mixin.py:188} INFO - [2024-02-14T20:42:10.258+0000] {dagbag.py:538} INFO - Filling up the DagBag from /home/airflow/.local/lib/python3.8/site-packages/airflow/example_dags/example_kubernetes_executor.py
[2024-02-14T20:42:10.325+0000] {processor.py:840} INFO - DAG(s) 'example_kubernetes_executor' retrieved from /home/airflow/.local/lib/python3.8/site-packages/airflow/example_dags/example_kubernetes_executor.py
[2024-02-14T20:42:10.524+0000] {logging_mixin.py:188} INFO - [2024-02-14T20:42:10.523+0000] {dag.py:3036} INFO - Sync 1 DAGs
[2024-02-14T20:42:10.586+0000] {logging_mixin.py:188} INFO - [2024-02-14T20:42:10.585+0000] {dag.py:3823} INFO - Setting next_dagrun for example_kubernetes_executor to None, run_after=None
[2024-02-14T20:42:10.684+0000] {processor.py:183} INFO - Processing /home/airflow/.local/lib/python3.8/site-packages/airflow/example_dags/example_kubernetes_executor.py took 0.454 seconds
[2024-02-14T20:42:41.432+0000] {processor.py:161} INFO - Started process (PID=2407) to work on /home/airflow/.local/lib/python3.8/site-packages/airflow/example_dags/example_kubernetes_executor.py
[2024-02-14T20:42:41.436+0000] {processor.py:830} INFO - Processing file /home/airflow/.local/lib/python3.8/site-packages/airflow/example_dags/example_kubernetes_executor.py for tasks to queue
[2024-02-14T20:42:41.442+0000] {logging_mixin.py:188} INFO - [2024-02-14T20:42:41.440+0000] {dagbag.py:538} INFO - Filling up the DagBag from /home/airflow/.local/lib/python3.8/site-packages/airflow/example_dags/example_kubernetes_executor.py
[2024-02-14T20:42:41.514+0000] {processor.py:840} INFO - DAG(s) 'example_kubernetes_executor' retrieved from /home/airflow/.local/lib/python3.8/site-packages/airflow/example_dags/example_kubernetes_executor.py
[2024-02-14T20:42:41.782+0000] {logging_mixin.py:188} INFO - [2024-02-14T20:42:41.781+0000] {dag.py:3036} INFO - Sync 1 DAGs
[2024-02-14T20:42:41.828+0000] {logging_mixin.py:188} INFO - [2024-02-14T20:42:41.828+0000] {dag.py:3823} INFO - Setting next_dagrun for example_kubernetes_executor to None, run_after=None
[2024-02-14T20:42:41.884+0000] {processor.py:183} INFO - Processing /home/airflow/.local/lib/python3.8/site-packages/airflow/example_dags/example_kubernetes_executor.py took 0.468 seconds
[2024-02-14T20:43:12.139+0000] {processor.py:161} INFO - Started process (PID=2655) to work on /home/airflow/.local/lib/python3.8/site-packages/airflow/example_dags/example_kubernetes_executor.py
[2024-02-14T20:43:12.142+0000] {processor.py:830} INFO - Processing file /home/airflow/.local/lib/python3.8/site-packages/airflow/example_dags/example_kubernetes_executor.py for tasks to queue
[2024-02-14T20:43:12.144+0000] {logging_mixin.py:188} INFO - [2024-02-14T20:43:12.143+0000] {dagbag.py:538} INFO - Filling up the DagBag from /home/airflow/.local/lib/python3.8/site-packages/airflow/example_dags/example_kubernetes_executor.py
[2024-02-14T20:43:12.176+0000] {processor.py:840} INFO - DAG(s) 'example_kubernetes_executor' retrieved from /home/airflow/.local/lib/python3.8/site-packages/airflow/example_dags/example_kubernetes_executor.py
[2024-02-14T20:43:12.261+0000] {logging_mixin.py:188} INFO - [2024-02-14T20:43:12.261+0000] {dag.py:3036} INFO - Sync 1 DAGs
[2024-02-14T20:43:12.291+0000] {logging_mixin.py:188} INFO - [2024-02-14T20:43:12.291+0000] {dag.py:3823} INFO - Setting next_dagrun for example_kubernetes_executor to None, run_after=None
[2024-02-14T20:43:12.340+0000] {processor.py:183} INFO - Processing /home/airflow/.local/lib/python3.8/site-packages/airflow/example_dags/example_kubernetes_executor.py took 0.227 seconds
[2024-02-14T20:43:42.587+0000] {processor.py:161} INFO - Started process (PID=2907) to work on /home/airflow/.local/lib/python3.8/site-packages/airflow/example_dags/example_kubernetes_executor.py
[2024-02-14T20:43:42.589+0000] {processor.py:830} INFO - Processing file /home/airflow/.local/lib/python3.8/site-packages/airflow/example_dags/example_kubernetes_executor.py for tasks to queue
[2024-02-14T20:43:42.591+0000] {logging_mixin.py:188} INFO - [2024-02-14T20:43:42.590+0000] {dagbag.py:538} INFO - Filling up the DagBag from /home/airflow/.local/lib/python3.8/site-packages/airflow/example_dags/example_kubernetes_executor.py
[2024-02-14T20:43:42.618+0000] {processor.py:840} INFO - DAG(s) 'example_kubernetes_executor' retrieved from /home/airflow/.local/lib/python3.8/site-packages/airflow/example_dags/example_kubernetes_executor.py
[2024-02-14T20:43:42.685+0000] {logging_mixin.py:188} INFO - [2024-02-14T20:43:42.685+0000] {dag.py:3036} INFO - Sync 1 DAGs
[2024-02-14T20:43:42.707+0000] {logging_mixin.py:188} INFO - [2024-02-14T20:43:42.707+0000] {dag.py:3823} INFO - Setting next_dagrun for example_kubernetes_executor to None, run_after=None
[2024-02-14T20:43:42.744+0000] {processor.py:183} INFO - Processing /home/airflow/.local/lib/python3.8/site-packages/airflow/example_dags/example_kubernetes_executor.py took 0.164 seconds
[2024-02-14T20:44:13.120+0000] {processor.py:161} INFO - Started process (PID=3155) to work on /home/airflow/.local/lib/python3.8/site-packages/airflow/example_dags/example_kubernetes_executor.py
[2024-02-14T20:44:13.124+0000] {processor.py:830} INFO - Processing file /home/airflow/.local/lib/python3.8/site-packages/airflow/example_dags/example_kubernetes_executor.py for tasks to queue
[2024-02-14T20:44:13.128+0000] {logging_mixin.py:188} INFO - [2024-02-14T20:44:13.127+0000] {dagbag.py:538} INFO - Filling up the DagBag from /home/airflow/.local/lib/python3.8/site-packages/airflow/example_dags/example_kubernetes_executor.py
[2024-02-14T20:44:13.183+0000] {processor.py:840} INFO - DAG(s) 'example_kubernetes_executor' retrieved from /home/airflow/.local/lib/python3.8/site-packages/airflow/example_dags/example_kubernetes_executor.py
[2024-02-14T20:44:13.239+0000] {logging_mixin.py:188} INFO - [2024-02-14T20:44:13.239+0000] {dag.py:3036} INFO - Sync 1 DAGs
[2024-02-14T20:44:13.257+0000] {logging_mixin.py:188} INFO - [2024-02-14T20:44:13.256+0000] {dag.py:3823} INFO - Setting next_dagrun for example_kubernetes_executor to None, run_after=None
[2024-02-14T20:44:13.284+0000] {processor.py:183} INFO - Processing /home/airflow/.local/lib/python3.8/site-packages/airflow/example_dags/example_kubernetes_executor.py took 0.177 seconds
[2024-02-14T20:44:44.159+0000] {processor.py:161} INFO - Started process (PID=3402) to work on /home/airflow/.local/lib/python3.8/site-packages/airflow/example_dags/example_kubernetes_executor.py
[2024-02-14T20:44:44.161+0000] {processor.py:830} INFO - Processing file /home/airflow/.local/lib/python3.8/site-packages/airflow/example_dags/example_kubernetes_executor.py for tasks to queue
[2024-02-14T20:44:44.163+0000] {logging_mixin.py:188} INFO - [2024-02-14T20:44:44.162+0000] {dagbag.py:538} INFO - Filling up the DagBag from /home/airflow/.local/lib/python3.8/site-packages/airflow/example_dags/example_kubernetes_executor.py
[2024-02-14T20:44:44.218+0000] {processor.py:840} INFO - DAG(s) 'example_kubernetes_executor' retrieved from /home/airflow/.local/lib/python3.8/site-packages/airflow/example_dags/example_kubernetes_executor.py
[2024-02-14T20:44:44.414+0000] {logging_mixin.py:188} INFO - [2024-02-14T20:44:44.412+0000] {dag.py:3036} INFO - Sync 1 DAGs
[2024-02-14T20:44:44.462+0000] {logging_mixin.py:188} INFO - [2024-02-14T20:44:44.461+0000] {dag.py:3823} INFO - Setting next_dagrun for example_kubernetes_executor to None, run_after=None
[2024-02-14T20:44:44.575+0000] {processor.py:183} INFO - Processing /home/airflow/.local/lib/python3.8/site-packages/airflow/example_dags/example_kubernetes_executor.py took 0.426 seconds
[2024-02-14T20:45:14.748+0000] {processor.py:161} INFO - Started process (PID=3655) to work on /home/airflow/.local/lib/python3.8/site-packages/airflow/example_dags/example_kubernetes_executor.py
[2024-02-14T20:45:14.750+0000] {processor.py:830} INFO - Processing file /home/airflow/.local/lib/python3.8/site-packages/airflow/example_dags/example_kubernetes_executor.py for tasks to queue
[2024-02-14T20:45:14.752+0000] {logging_mixin.py:188} INFO - [2024-02-14T20:45:14.751+0000] {dagbag.py:538} INFO - Filling up the DagBag from /home/airflow/.local/lib/python3.8/site-packages/airflow/example_dags/example_kubernetes_executor.py
[2024-02-14T20:45:14.775+0000] {processor.py:840} INFO - DAG(s) 'example_kubernetes_executor' retrieved from /home/airflow/.local/lib/python3.8/site-packages/airflow/example_dags/example_kubernetes_executor.py
[2024-02-14T20:45:14.842+0000] {logging_mixin.py:188} INFO - [2024-02-14T20:45:14.841+0000] {dag.py:3036} INFO - Sync 1 DAGs
[2024-02-14T20:45:14.864+0000] {logging_mixin.py:188} INFO - [2024-02-14T20:45:14.864+0000] {dag.py:3823} INFO - Setting next_dagrun for example_kubernetes_executor to None, run_after=None
[2024-02-14T20:45:14.896+0000] {processor.py:183} INFO - Processing /home/airflow/.local/lib/python3.8/site-packages/airflow/example_dags/example_kubernetes_executor.py took 0.155 seconds
[2024-02-14T20:45:45.366+0000] {processor.py:161} INFO - Started process (PID=3900) to work on /home/airflow/.local/lib/python3.8/site-packages/airflow/example_dags/example_kubernetes_executor.py
[2024-02-14T20:45:45.369+0000] {processor.py:830} INFO - Processing file /home/airflow/.local/lib/python3.8/site-packages/airflow/example_dags/example_kubernetes_executor.py for tasks to queue
[2024-02-14T20:45:45.372+0000] {logging_mixin.py:188} INFO - [2024-02-14T20:45:45.371+0000] {dagbag.py:538} INFO - Filling up the DagBag from /home/airflow/.local/lib/python3.8/site-packages/airflow/example_dags/example_kubernetes_executor.py
[2024-02-14T20:45:45.408+0000] {processor.py:840} INFO - DAG(s) 'example_kubernetes_executor' retrieved from /home/airflow/.local/lib/python3.8/site-packages/airflow/example_dags/example_kubernetes_executor.py
[2024-02-14T20:45:45.471+0000] {logging_mixin.py:188} INFO - [2024-02-14T20:45:45.470+0000] {dag.py:3036} INFO - Sync 1 DAGs
[2024-02-14T20:45:45.494+0000] {logging_mixin.py:188} INFO - [2024-02-14T20:45:45.494+0000] {dag.py:3823} INFO - Setting next_dagrun for example_kubernetes_executor to None, run_after=None
[2024-02-14T20:45:45.551+0000] {processor.py:183} INFO - Processing /home/airflow/.local/lib/python3.8/site-packages/airflow/example_dags/example_kubernetes_executor.py took 0.191 seconds
[2024-02-14T20:46:15.949+0000] {processor.py:161} INFO - Started process (PID=4147) to work on /home/airflow/.local/lib/python3.8/site-packages/airflow/example_dags/example_kubernetes_executor.py
[2024-02-14T20:46:15.951+0000] {processor.py:830} INFO - Processing file /home/airflow/.local/lib/python3.8/site-packages/airflow/example_dags/example_kubernetes_executor.py for tasks to queue
[2024-02-14T20:46:15.953+0000] {logging_mixin.py:188} INFO - [2024-02-14T20:46:15.952+0000] {dagbag.py:538} INFO - Filling up the DagBag from /home/airflow/.local/lib/python3.8/site-packages/airflow/example_dags/example_kubernetes_executor.py
[2024-02-14T20:46:15.976+0000] {processor.py:840} INFO - DAG(s) 'example_kubernetes_executor' retrieved from /home/airflow/.local/lib/python3.8/site-packages/airflow/example_dags/example_kubernetes_executor.py
[2024-02-14T20:46:16.032+0000] {logging_mixin.py:188} INFO - [2024-02-14T20:46:16.031+0000] {dag.py:3036} INFO - Sync 1 DAGs
[2024-02-14T20:46:16.050+0000] {logging_mixin.py:188} INFO - [2024-02-14T20:46:16.050+0000] {dag.py:3823} INFO - Setting next_dagrun for example_kubernetes_executor to None, run_after=None
[2024-02-14T20:46:16.076+0000] {processor.py:183} INFO - Processing /home/airflow/.local/lib/python3.8/site-packages/airflow/example_dags/example_kubernetes_executor.py took 0.132 seconds
[2024-02-14T20:46:46.573+0000] {processor.py:161} INFO - Started process (PID=4390) to work on /home/airflow/.local/lib/python3.8/site-packages/airflow/example_dags/example_kubernetes_executor.py
[2024-02-14T20:46:46.577+0000] {processor.py:830} INFO - Processing file /home/airflow/.local/lib/python3.8/site-packages/airflow/example_dags/example_kubernetes_executor.py for tasks to queue
[2024-02-14T20:46:46.581+0000] {logging_mixin.py:188} INFO - [2024-02-14T20:46:46.579+0000] {dagbag.py:538} INFO - Filling up the DagBag from /home/airflow/.local/lib/python3.8/site-packages/airflow/example_dags/example_kubernetes_executor.py
[2024-02-14T20:46:46.638+0000] {processor.py:840} INFO - DAG(s) 'example_kubernetes_executor' retrieved from /home/airflow/.local/lib/python3.8/site-packages/airflow/example_dags/example_kubernetes_executor.py
[2024-02-14T20:46:46.705+0000] {logging_mixin.py:188} INFO - [2024-02-14T20:46:46.704+0000] {dag.py:3036} INFO - Sync 1 DAGs
[2024-02-14T20:46:46.730+0000] {logging_mixin.py:188} INFO - [2024-02-14T20:46:46.730+0000] {dag.py:3823} INFO - Setting next_dagrun for example_kubernetes_executor to None, run_after=None
[2024-02-14T20:46:46.773+0000] {processor.py:183} INFO - Processing /home/airflow/.local/lib/python3.8/site-packages/airflow/example_dags/example_kubernetes_executor.py took 0.213 seconds
[2024-02-14T20:47:17.462+0000] {processor.py:161} INFO - Started process (PID=4637) to work on /home/airflow/.local/lib/python3.8/site-packages/airflow/example_dags/example_kubernetes_executor.py
[2024-02-14T20:47:17.465+0000] {processor.py:830} INFO - Processing file /home/airflow/.local/lib/python3.8/site-packages/airflow/example_dags/example_kubernetes_executor.py for tasks to queue
[2024-02-14T20:47:17.468+0000] {logging_mixin.py:188} INFO - [2024-02-14T20:47:17.467+0000] {dagbag.py:538} INFO - Filling up the DagBag from /home/airflow/.local/lib/python3.8/site-packages/airflow/example_dags/example_kubernetes_executor.py
[2024-02-14T20:47:17.512+0000] {processor.py:840} INFO - DAG(s) 'example_kubernetes_executor' retrieved from /home/airflow/.local/lib/python3.8/site-packages/airflow/example_dags/example_kubernetes_executor.py
[2024-02-14T20:47:17.649+0000] {logging_mixin.py:188} INFO - [2024-02-14T20:47:17.648+0000] {dag.py:3036} INFO - Sync 1 DAGs
[2024-02-14T20:47:17.688+0000] {logging_mixin.py:188} INFO - [2024-02-14T20:47:17.688+0000] {dag.py:3823} INFO - Setting next_dagrun for example_kubernetes_executor to None, run_after=None
[2024-02-14T20:47:17.738+0000] {processor.py:183} INFO - Processing /home/airflow/.local/lib/python3.8/site-packages/airflow/example_dags/example_kubernetes_executor.py took 0.285 seconds
[2024-02-14T20:47:47.938+0000] {processor.py:161} INFO - Started process (PID=4884) to work on /home/airflow/.local/lib/python3.8/site-packages/airflow/example_dags/example_kubernetes_executor.py
[2024-02-14T20:47:47.941+0000] {processor.py:830} INFO - Processing file /home/airflow/.local/lib/python3.8/site-packages/airflow/example_dags/example_kubernetes_executor.py for tasks to queue
[2024-02-14T20:47:47.943+0000] {logging_mixin.py:188} INFO - [2024-02-14T20:47:47.942+0000] {dagbag.py:538} INFO - Filling up the DagBag from /home/airflow/.local/lib/python3.8/site-packages/airflow/example_dags/example_kubernetes_executor.py
[2024-02-14T20:47:47.976+0000] {processor.py:840} INFO - DAG(s) 'example_kubernetes_executor' retrieved from /home/airflow/.local/lib/python3.8/site-packages/airflow/example_dags/example_kubernetes_executor.py
[2024-02-14T20:47:48.068+0000] {logging_mixin.py:188} INFO - [2024-02-14T20:47:48.067+0000] {dag.py:3036} INFO - Sync 1 DAGs
[2024-02-14T20:47:48.102+0000] {logging_mixin.py:188} INFO - [2024-02-14T20:47:48.101+0000] {dag.py:3823} INFO - Setting next_dagrun for example_kubernetes_executor to None, run_after=None
[2024-02-14T20:47:48.150+0000] {processor.py:183} INFO - Processing /home/airflow/.local/lib/python3.8/site-packages/airflow/example_dags/example_kubernetes_executor.py took 0.220 seconds
[2024-02-14T20:48:18.589+0000] {processor.py:161} INFO - Started process (PID=5131) to work on /home/airflow/.local/lib/python3.8/site-packages/airflow/example_dags/example_kubernetes_executor.py
[2024-02-14T20:48:18.592+0000] {processor.py:830} INFO - Processing file /home/airflow/.local/lib/python3.8/site-packages/airflow/example_dags/example_kubernetes_executor.py for tasks to queue
[2024-02-14T20:48:18.593+0000] {logging_mixin.py:188} INFO - [2024-02-14T20:48:18.593+0000] {dagbag.py:538} INFO - Filling up the DagBag from /home/airflow/.local/lib/python3.8/site-packages/airflow/example_dags/example_kubernetes_executor.py
[2024-02-14T20:48:18.621+0000] {processor.py:840} INFO - DAG(s) 'example_kubernetes_executor' retrieved from /home/airflow/.local/lib/python3.8/site-packages/airflow/example_dags/example_kubernetes_executor.py
[2024-02-14T20:48:18.697+0000] {logging_mixin.py:188} INFO - [2024-02-14T20:48:18.696+0000] {dag.py:3036} INFO - Sync 1 DAGs
[2024-02-14T20:48:18.726+0000] {logging_mixin.py:188} INFO - [2024-02-14T20:48:18.725+0000] {dag.py:3823} INFO - Setting next_dagrun for example_kubernetes_executor to None, run_after=None
[2024-02-14T20:48:18.765+0000] {processor.py:183} INFO - Processing /home/airflow/.local/lib/python3.8/site-packages/airflow/example_dags/example_kubernetes_executor.py took 0.184 seconds
[2024-02-14T20:48:49.781+0000] {processor.py:161} INFO - Started process (PID=5378) to work on /home/airflow/.local/lib/python3.8/site-packages/airflow/example_dags/example_kubernetes_executor.py
[2024-02-14T20:48:49.785+0000] {processor.py:830} INFO - Processing file /home/airflow/.local/lib/python3.8/site-packages/airflow/example_dags/example_kubernetes_executor.py for tasks to queue
[2024-02-14T20:48:49.789+0000] {logging_mixin.py:188} INFO - [2024-02-14T20:48:49.787+0000] {dagbag.py:538} INFO - Filling up the DagBag from /home/airflow/.local/lib/python3.8/site-packages/airflow/example_dags/example_kubernetes_executor.py
[2024-02-14T20:48:49.848+0000] {processor.py:840} INFO - DAG(s) 'example_kubernetes_executor' retrieved from /home/airflow/.local/lib/python3.8/site-packages/airflow/example_dags/example_kubernetes_executor.py
[2024-02-14T20:48:49.999+0000] {logging_mixin.py:188} INFO - [2024-02-14T20:48:49.999+0000] {dag.py:3036} INFO - Sync 1 DAGs
[2024-02-14T20:48:50.048+0000] {logging_mixin.py:188} INFO - [2024-02-14T20:48:50.048+0000] {dag.py:3823} INFO - Setting next_dagrun for example_kubernetes_executor to None, run_after=None
[2024-02-14T20:48:50.130+0000] {processor.py:183} INFO - Processing /home/airflow/.local/lib/python3.8/site-packages/airflow/example_dags/example_kubernetes_executor.py took 0.361 seconds
[2024-02-14T20:49:20.527+0000] {processor.py:161} INFO - Started process (PID=5626) to work on /home/airflow/.local/lib/python3.8/site-packages/airflow/example_dags/example_kubernetes_executor.py
[2024-02-14T20:49:20.528+0000] {processor.py:830} INFO - Processing file /home/airflow/.local/lib/python3.8/site-packages/airflow/example_dags/example_kubernetes_executor.py for tasks to queue
[2024-02-14T20:49:20.530+0000] {logging_mixin.py:188} INFO - [2024-02-14T20:49:20.530+0000] {dagbag.py:538} INFO - Filling up the DagBag from /home/airflow/.local/lib/python3.8/site-packages/airflow/example_dags/example_kubernetes_executor.py
[2024-02-14T20:49:20.552+0000] {processor.py:840} INFO - DAG(s) 'example_kubernetes_executor' retrieved from /home/airflow/.local/lib/python3.8/site-packages/airflow/example_dags/example_kubernetes_executor.py
[2024-02-14T20:49:20.621+0000] {logging_mixin.py:188} INFO - [2024-02-14T20:49:20.621+0000] {dag.py:3036} INFO - Sync 1 DAGs
[2024-02-14T20:49:20.652+0000] {logging_mixin.py:188} INFO - [2024-02-14T20:49:20.652+0000] {dag.py:3823} INFO - Setting next_dagrun for example_kubernetes_executor to None, run_after=None
[2024-02-14T20:49:20.709+0000] {processor.py:183} INFO - Processing /home/airflow/.local/lib/python3.8/site-packages/airflow/example_dags/example_kubernetes_executor.py took 0.188 seconds
[2024-02-14T20:49:51.139+0000] {processor.py:161} INFO - Started process (PID=5874) to work on /home/airflow/.local/lib/python3.8/site-packages/airflow/example_dags/example_kubernetes_executor.py
[2024-02-14T20:49:51.141+0000] {processor.py:830} INFO - Processing file /home/airflow/.local/lib/python3.8/site-packages/airflow/example_dags/example_kubernetes_executor.py for tasks to queue
[2024-02-14T20:49:51.143+0000] {logging_mixin.py:188} INFO - [2024-02-14T20:49:51.143+0000] {dagbag.py:538} INFO - Filling up the DagBag from /home/airflow/.local/lib/python3.8/site-packages/airflow/example_dags/example_kubernetes_executor.py
[2024-02-14T20:49:51.171+0000] {processor.py:840} INFO - DAG(s) 'example_kubernetes_executor' retrieved from /home/airflow/.local/lib/python3.8/site-packages/airflow/example_dags/example_kubernetes_executor.py
[2024-02-14T20:49:51.243+0000] {logging_mixin.py:188} INFO - [2024-02-14T20:49:51.242+0000] {dag.py:3036} INFO - Sync 1 DAGs
[2024-02-14T20:49:51.268+0000] {logging_mixin.py:188} INFO - [2024-02-14T20:49:51.267+0000] {dag.py:3823} INFO - Setting next_dagrun for example_kubernetes_executor to None, run_after=None
[2024-02-14T20:49:51.300+0000] {processor.py:183} INFO - Processing /home/airflow/.local/lib/python3.8/site-packages/airflow/example_dags/example_kubernetes_executor.py took 0.167 seconds
[2024-02-14T20:50:21.762+0000] {processor.py:161} INFO - Started process (PID=6121) to work on /home/airflow/.local/lib/python3.8/site-packages/airflow/example_dags/example_kubernetes_executor.py
[2024-02-14T20:50:21.765+0000] {processor.py:830} INFO - Processing file /home/airflow/.local/lib/python3.8/site-packages/airflow/example_dags/example_kubernetes_executor.py for tasks to queue
[2024-02-14T20:50:21.767+0000] {logging_mixin.py:188} INFO - [2024-02-14T20:50:21.767+0000] {dagbag.py:538} INFO - Filling up the DagBag from /home/airflow/.local/lib/python3.8/site-packages/airflow/example_dags/example_kubernetes_executor.py
[2024-02-14T20:50:21.802+0000] {processor.py:840} INFO - DAG(s) 'example_kubernetes_executor' retrieved from /home/airflow/.local/lib/python3.8/site-packages/airflow/example_dags/example_kubernetes_executor.py
[2024-02-14T20:50:21.890+0000] {logging_mixin.py:188} INFO - [2024-02-14T20:50:21.890+0000] {dag.py:3036} INFO - Sync 1 DAGs
[2024-02-14T20:50:21.923+0000] {logging_mixin.py:188} INFO - [2024-02-14T20:50:21.922+0000] {dag.py:3823} INFO - Setting next_dagrun for example_kubernetes_executor to None, run_after=None
[2024-02-14T20:50:21.966+0000] {processor.py:183} INFO - Processing /home/airflow/.local/lib/python3.8/site-packages/airflow/example_dags/example_kubernetes_executor.py took 0.212 seconds
[2024-02-14T20:50:52.930+0000] {processor.py:161} INFO - Started process (PID=6369) to work on /home/airflow/.local/lib/python3.8/site-packages/airflow/example_dags/example_kubernetes_executor.py
[2024-02-14T20:50:52.934+0000] {processor.py:830} INFO - Processing file /home/airflow/.local/lib/python3.8/site-packages/airflow/example_dags/example_kubernetes_executor.py for tasks to queue
[2024-02-14T20:50:52.938+0000] {logging_mixin.py:188} INFO - [2024-02-14T20:50:52.937+0000] {dagbag.py:538} INFO - Filling up the DagBag from /home/airflow/.local/lib/python3.8/site-packages/airflow/example_dags/example_kubernetes_executor.py
[2024-02-14T20:50:52.994+0000] {processor.py:840} INFO - DAG(s) 'example_kubernetes_executor' retrieved from /home/airflow/.local/lib/python3.8/site-packages/airflow/example_dags/example_kubernetes_executor.py
[2024-02-14T20:50:53.123+0000] {logging_mixin.py:188} INFO - [2024-02-14T20:50:53.122+0000] {dag.py:3036} INFO - Sync 1 DAGs
[2024-02-14T20:50:53.149+0000] {logging_mixin.py:188} INFO - [2024-02-14T20:50:53.148+0000] {dag.py:3823} INFO - Setting next_dagrun for example_kubernetes_executor to None, run_after=None
[2024-02-14T20:50:53.225+0000] {processor.py:183} INFO - Processing /home/airflow/.local/lib/python3.8/site-packages/airflow/example_dags/example_kubernetes_executor.py took 0.308 seconds
[2024-02-14T20:51:23.401+0000] {processor.py:161} INFO - Started process (PID=6619) to work on /home/airflow/.local/lib/python3.8/site-packages/airflow/example_dags/example_kubernetes_executor.py
[2024-02-14T20:51:23.403+0000] {processor.py:830} INFO - Processing file /home/airflow/.local/lib/python3.8/site-packages/airflow/example_dags/example_kubernetes_executor.py for tasks to queue
[2024-02-14T20:51:23.404+0000] {logging_mixin.py:188} INFO - [2024-02-14T20:51:23.404+0000] {dagbag.py:538} INFO - Filling up the DagBag from /home/airflow/.local/lib/python3.8/site-packages/airflow/example_dags/example_kubernetes_executor.py
[2024-02-14T20:51:23.429+0000] {processor.py:840} INFO - DAG(s) 'example_kubernetes_executor' retrieved from /home/airflow/.local/lib/python3.8/site-packages/airflow/example_dags/example_kubernetes_executor.py
[2024-02-14T20:51:23.492+0000] {logging_mixin.py:188} INFO - [2024-02-14T20:51:23.492+0000] {dag.py:3036} INFO - Sync 1 DAGs
[2024-02-14T20:51:23.511+0000] {logging_mixin.py:188} INFO - [2024-02-14T20:51:23.511+0000] {dag.py:3823} INFO - Setting next_dagrun for example_kubernetes_executor to None, run_after=None
[2024-02-14T20:51:23.542+0000] {processor.py:183} INFO - Processing /home/airflow/.local/lib/python3.8/site-packages/airflow/example_dags/example_kubernetes_executor.py took 0.146 seconds
[2024-02-14T20:51:53.956+0000] {processor.py:161} INFO - Started process (PID=6864) to work on /home/airflow/.local/lib/python3.8/site-packages/airflow/example_dags/example_kubernetes_executor.py
[2024-02-14T20:51:53.958+0000] {processor.py:830} INFO - Processing file /home/airflow/.local/lib/python3.8/site-packages/airflow/example_dags/example_kubernetes_executor.py for tasks to queue
[2024-02-14T20:51:53.960+0000] {logging_mixin.py:188} INFO - [2024-02-14T20:51:53.959+0000] {dagbag.py:538} INFO - Filling up the DagBag from /home/airflow/.local/lib/python3.8/site-packages/airflow/example_dags/example_kubernetes_executor.py
[2024-02-14T20:51:53.981+0000] {processor.py:840} INFO - DAG(s) 'example_kubernetes_executor' retrieved from /home/airflow/.local/lib/python3.8/site-packages/airflow/example_dags/example_kubernetes_executor.py
[2024-02-14T20:51:54.041+0000] {logging_mixin.py:188} INFO - [2024-02-14T20:51:54.040+0000] {dag.py:3036} INFO - Sync 1 DAGs
[2024-02-14T20:51:54.064+0000] {logging_mixin.py:188} INFO - [2024-02-14T20:51:54.064+0000] {dag.py:3823} INFO - Setting next_dagrun for example_kubernetes_executor to None, run_after=None
[2024-02-14T20:51:54.093+0000] {processor.py:183} INFO - Processing /home/airflow/.local/lib/python3.8/site-packages/airflow/example_dags/example_kubernetes_executor.py took 0.142 seconds
[2024-02-14T20:52:25.154+0000] {processor.py:161} INFO - Started process (PID=7111) to work on /home/airflow/.local/lib/python3.8/site-packages/airflow/example_dags/example_kubernetes_executor.py
[2024-02-14T20:52:25.157+0000] {processor.py:830} INFO - Processing file /home/airflow/.local/lib/python3.8/site-packages/airflow/example_dags/example_kubernetes_executor.py for tasks to queue
[2024-02-14T20:52:25.160+0000] {logging_mixin.py:188} INFO - [2024-02-14T20:52:25.159+0000] {dagbag.py:538} INFO - Filling up the DagBag from /home/airflow/.local/lib/python3.8/site-packages/airflow/example_dags/example_kubernetes_executor.py
[2024-02-14T20:52:25.194+0000] {processor.py:840} INFO - DAG(s) 'example_kubernetes_executor' retrieved from /home/airflow/.local/lib/python3.8/site-packages/airflow/example_dags/example_kubernetes_executor.py
[2024-02-14T20:52:25.284+0000] {logging_mixin.py:188} INFO - [2024-02-14T20:52:25.284+0000] {dag.py:3036} INFO - Sync 1 DAGs
[2024-02-14T20:52:25.317+0000] {logging_mixin.py:188} INFO - [2024-02-14T20:52:25.317+0000] {dag.py:3823} INFO - Setting next_dagrun for example_kubernetes_executor to None, run_after=None
[2024-02-14T20:52:25.356+0000] {processor.py:183} INFO - Processing /home/airflow/.local/lib/python3.8/site-packages/airflow/example_dags/example_kubernetes_executor.py took 0.208 seconds
[2024-02-14T20:52:56.140+0000] {processor.py:161} INFO - Started process (PID=7358) to work on /home/airflow/.local/lib/python3.8/site-packages/airflow/example_dags/example_kubernetes_executor.py
[2024-02-14T20:52:56.142+0000] {processor.py:830} INFO - Processing file /home/airflow/.local/lib/python3.8/site-packages/airflow/example_dags/example_kubernetes_executor.py for tasks to queue
[2024-02-14T20:52:56.144+0000] {logging_mixin.py:188} INFO - [2024-02-14T20:52:56.143+0000] {dagbag.py:538} INFO - Filling up the DagBag from /home/airflow/.local/lib/python3.8/site-packages/airflow/example_dags/example_kubernetes_executor.py
[2024-02-14T20:52:56.172+0000] {processor.py:840} INFO - DAG(s) 'example_kubernetes_executor' retrieved from /home/airflow/.local/lib/python3.8/site-packages/airflow/example_dags/example_kubernetes_executor.py
[2024-02-14T20:52:56.241+0000] {logging_mixin.py:188} INFO - [2024-02-14T20:52:56.241+0000] {dag.py:3036} INFO - Sync 1 DAGs
[2024-02-14T20:52:56.264+0000] {logging_mixin.py:188} INFO - [2024-02-14T20:52:56.264+0000] {dag.py:3823} INFO - Setting next_dagrun for example_kubernetes_executor to None, run_after=None
[2024-02-14T20:52:56.296+0000] {processor.py:183} INFO - Processing /home/airflow/.local/lib/python3.8/site-packages/airflow/example_dags/example_kubernetes_executor.py took 0.162 seconds
[2024-02-14T20:53:26.423+0000] {processor.py:161} INFO - Started process (PID=7604) to work on /home/airflow/.local/lib/python3.8/site-packages/airflow/example_dags/example_kubernetes_executor.py
[2024-02-14T20:53:26.425+0000] {processor.py:830} INFO - Processing file /home/airflow/.local/lib/python3.8/site-packages/airflow/example_dags/example_kubernetes_executor.py for tasks to queue
[2024-02-14T20:53:26.429+0000] {logging_mixin.py:188} INFO - [2024-02-14T20:53:26.428+0000] {dagbag.py:538} INFO - Filling up the DagBag from /home/airflow/.local/lib/python3.8/site-packages/airflow/example_dags/example_kubernetes_executor.py
[2024-02-14T20:53:26.452+0000] {processor.py:840} INFO - DAG(s) 'example_kubernetes_executor' retrieved from /home/airflow/.local/lib/python3.8/site-packages/airflow/example_dags/example_kubernetes_executor.py
[2024-02-14T20:53:26.519+0000] {logging_mixin.py:188} INFO - [2024-02-14T20:53:26.519+0000] {dag.py:3036} INFO - Sync 1 DAGs
[2024-02-14T20:53:26.536+0000] {logging_mixin.py:188} INFO - [2024-02-14T20:53:26.535+0000] {dag.py:3823} INFO - Setting next_dagrun for example_kubernetes_executor to None, run_after=None
[2024-02-14T20:53:26.564+0000] {processor.py:183} INFO - Processing /home/airflow/.local/lib/python3.8/site-packages/airflow/example_dags/example_kubernetes_executor.py took 0.147 seconds
[2024-02-14T20:53:56.926+0000] {processor.py:161} INFO - Started process (PID=7846) to work on /home/airflow/.local/lib/python3.8/site-packages/airflow/example_dags/example_kubernetes_executor.py
[2024-02-14T20:53:56.929+0000] {processor.py:830} INFO - Processing file /home/airflow/.local/lib/python3.8/site-packages/airflow/example_dags/example_kubernetes_executor.py for tasks to queue
[2024-02-14T20:53:56.930+0000] {logging_mixin.py:188} INFO - [2024-02-14T20:53:56.930+0000] {dagbag.py:538} INFO - Filling up the DagBag from /home/airflow/.local/lib/python3.8/site-packages/airflow/example_dags/example_kubernetes_executor.py
[2024-02-14T20:53:56.954+0000] {processor.py:840} INFO - DAG(s) 'example_kubernetes_executor' retrieved from /home/airflow/.local/lib/python3.8/site-packages/airflow/example_dags/example_kubernetes_executor.py
[2024-02-14T20:53:57.045+0000] {logging_mixin.py:188} INFO - [2024-02-14T20:53:57.045+0000] {dag.py:3036} INFO - Sync 1 DAGs
[2024-02-14T20:53:57.076+0000] {logging_mixin.py:188} INFO - [2024-02-14T20:53:57.075+0000] {dag.py:3823} INFO - Setting next_dagrun for example_kubernetes_executor to None, run_after=None
[2024-02-14T20:53:57.123+0000] {processor.py:183} INFO - Processing /home/airflow/.local/lib/python3.8/site-packages/airflow/example_dags/example_kubernetes_executor.py took 0.204 seconds
[2024-02-14T20:54:27.520+0000] {processor.py:161} INFO - Started process (PID=8093) to work on /home/airflow/.local/lib/python3.8/site-packages/airflow/example_dags/example_kubernetes_executor.py
[2024-02-14T20:54:27.522+0000] {processor.py:830} INFO - Processing file /home/airflow/.local/lib/python3.8/site-packages/airflow/example_dags/example_kubernetes_executor.py for tasks to queue
[2024-02-14T20:54:27.526+0000] {logging_mixin.py:188} INFO - [2024-02-14T20:54:27.525+0000] {dagbag.py:538} INFO - Filling up the DagBag from /home/airflow/.local/lib/python3.8/site-packages/airflow/example_dags/example_kubernetes_executor.py
[2024-02-14T20:54:27.609+0000] {processor.py:840} INFO - DAG(s) 'example_kubernetes_executor' retrieved from /home/airflow/.local/lib/python3.8/site-packages/airflow/example_dags/example_kubernetes_executor.py
[2024-02-14T20:54:27.740+0000] {logging_mixin.py:188} INFO - [2024-02-14T20:54:27.739+0000] {dag.py:3036} INFO - Sync 1 DAGs
[2024-02-14T20:54:27.771+0000] {logging_mixin.py:188} INFO - [2024-02-14T20:54:27.770+0000] {dag.py:3823} INFO - Setting next_dagrun for example_kubernetes_executor to None, run_after=None
[2024-02-14T20:54:27.809+0000] {processor.py:183} INFO - Processing /home/airflow/.local/lib/python3.8/site-packages/airflow/example_dags/example_kubernetes_executor.py took 0.310 seconds
[2024-02-14T20:54:58.441+0000] {processor.py:161} INFO - Started process (PID=8340) to work on /home/airflow/.local/lib/python3.8/site-packages/airflow/example_dags/example_kubernetes_executor.py
[2024-02-14T20:54:58.443+0000] {processor.py:830} INFO - Processing file /home/airflow/.local/lib/python3.8/site-packages/airflow/example_dags/example_kubernetes_executor.py for tasks to queue
[2024-02-14T20:54:58.446+0000] {logging_mixin.py:188} INFO - [2024-02-14T20:54:58.445+0000] {dagbag.py:538} INFO - Filling up the DagBag from /home/airflow/.local/lib/python3.8/site-packages/airflow/example_dags/example_kubernetes_executor.py
[2024-02-14T20:54:58.476+0000] {processor.py:840} INFO - DAG(s) 'example_kubernetes_executor' retrieved from /home/airflow/.local/lib/python3.8/site-packages/airflow/example_dags/example_kubernetes_executor.py
[2024-02-14T20:54:58.557+0000] {logging_mixin.py:188} INFO - [2024-02-14T20:54:58.556+0000] {dag.py:3036} INFO - Sync 1 DAGs
[2024-02-14T20:54:58.587+0000] {logging_mixin.py:188} INFO - [2024-02-14T20:54:58.587+0000] {dag.py:3823} INFO - Setting next_dagrun for example_kubernetes_executor to None, run_after=None
[2024-02-14T20:54:58.630+0000] {processor.py:183} INFO - Processing /home/airflow/.local/lib/python3.8/site-packages/airflow/example_dags/example_kubernetes_executor.py took 0.195 seconds
[2024-02-14T20:55:29.233+0000] {processor.py:161} INFO - Started process (PID=8587) to work on /home/airflow/.local/lib/python3.8/site-packages/airflow/example_dags/example_kubernetes_executor.py
[2024-02-14T20:55:29.236+0000] {processor.py:830} INFO - Processing file /home/airflow/.local/lib/python3.8/site-packages/airflow/example_dags/example_kubernetes_executor.py for tasks to queue
[2024-02-14T20:55:29.238+0000] {logging_mixin.py:188} INFO - [2024-02-14T20:55:29.237+0000] {dagbag.py:538} INFO - Filling up the DagBag from /home/airflow/.local/lib/python3.8/site-packages/airflow/example_dags/example_kubernetes_executor.py
[2024-02-14T20:55:29.272+0000] {processor.py:840} INFO - DAG(s) 'example_kubernetes_executor' retrieved from /home/airflow/.local/lib/python3.8/site-packages/airflow/example_dags/example_kubernetes_executor.py
[2024-02-14T20:55:29.375+0000] {logging_mixin.py:188} INFO - [2024-02-14T20:55:29.374+0000] {dag.py:3036} INFO - Sync 1 DAGs
[2024-02-14T20:55:29.422+0000] {logging_mixin.py:188} INFO - [2024-02-14T20:55:29.422+0000] {dag.py:3823} INFO - Setting next_dagrun for example_kubernetes_executor to None, run_after=None
[2024-02-14T20:55:29.487+0000] {processor.py:183} INFO - Processing /home/airflow/.local/lib/python3.8/site-packages/airflow/example_dags/example_kubernetes_executor.py took 0.262 seconds
[2024-02-14T20:55:59.703+0000] {processor.py:161} INFO - Started process (PID=8834) to work on /home/airflow/.local/lib/python3.8/site-packages/airflow/example_dags/example_kubernetes_executor.py
[2024-02-14T20:55:59.705+0000] {processor.py:830} INFO - Processing file /home/airflow/.local/lib/python3.8/site-packages/airflow/example_dags/example_kubernetes_executor.py for tasks to queue
[2024-02-14T20:55:59.706+0000] {logging_mixin.py:188} INFO - [2024-02-14T20:55:59.706+0000] {dagbag.py:538} INFO - Filling up the DagBag from /home/airflow/.local/lib/python3.8/site-packages/airflow/example_dags/example_kubernetes_executor.py
[2024-02-14T20:55:59.729+0000] {processor.py:840} INFO - DAG(s) 'example_kubernetes_executor' retrieved from /home/airflow/.local/lib/python3.8/site-packages/airflow/example_dags/example_kubernetes_executor.py
[2024-02-14T20:55:59.809+0000] {logging_mixin.py:188} INFO - [2024-02-14T20:55:59.808+0000] {dag.py:3036} INFO - Sync 1 DAGs
[2024-02-14T20:55:59.844+0000] {logging_mixin.py:188} INFO - [2024-02-14T20:55:59.843+0000] {dag.py:3823} INFO - Setting next_dagrun for example_kubernetes_executor to None, run_after=None
[2024-02-14T20:55:59.920+0000] {processor.py:183} INFO - Processing /home/airflow/.local/lib/python3.8/site-packages/airflow/example_dags/example_kubernetes_executor.py took 0.223 seconds
[2024-02-14T20:56:30.360+0000] {processor.py:161} INFO - Started process (PID=9080) to work on /home/airflow/.local/lib/python3.8/site-packages/airflow/example_dags/example_kubernetes_executor.py
[2024-02-14T20:56:30.362+0000] {processor.py:830} INFO - Processing file /home/airflow/.local/lib/python3.8/site-packages/airflow/example_dags/example_kubernetes_executor.py for tasks to queue
[2024-02-14T20:56:30.364+0000] {logging_mixin.py:188} INFO - [2024-02-14T20:56:30.363+0000] {dagbag.py:538} INFO - Filling up the DagBag from /home/airflow/.local/lib/python3.8/site-packages/airflow/example_dags/example_kubernetes_executor.py
[2024-02-14T20:56:30.387+0000] {processor.py:840} INFO - DAG(s) 'example_kubernetes_executor' retrieved from /home/airflow/.local/lib/python3.8/site-packages/airflow/example_dags/example_kubernetes_executor.py
[2024-02-14T20:56:30.453+0000] {logging_mixin.py:188} INFO - [2024-02-14T20:56:30.452+0000] {dag.py:3036} INFO - Sync 1 DAGs
[2024-02-14T20:56:30.476+0000] {logging_mixin.py:188} INFO - [2024-02-14T20:56:30.476+0000] {dag.py:3823} INFO - Setting next_dagrun for example_kubernetes_executor to None, run_after=None
[2024-02-14T20:56:30.509+0000] {processor.py:183} INFO - Processing /home/airflow/.local/lib/python3.8/site-packages/airflow/example_dags/example_kubernetes_executor.py took 0.154 seconds
[2024-02-14T20:57:01.207+0000] {processor.py:161} INFO - Started process (PID=9327) to work on /home/airflow/.local/lib/python3.8/site-packages/airflow/example_dags/example_kubernetes_executor.py
[2024-02-14T20:57:01.210+0000] {processor.py:830} INFO - Processing file /home/airflow/.local/lib/python3.8/site-packages/airflow/example_dags/example_kubernetes_executor.py for tasks to queue
[2024-02-14T20:57:01.213+0000] {logging_mixin.py:188} INFO - [2024-02-14T20:57:01.212+0000] {dagbag.py:538} INFO - Filling up the DagBag from /home/airflow/.local/lib/python3.8/site-packages/airflow/example_dags/example_kubernetes_executor.py
[2024-02-14T20:57:01.248+0000] {processor.py:840} INFO - DAG(s) 'example_kubernetes_executor' retrieved from /home/airflow/.local/lib/python3.8/site-packages/airflow/example_dags/example_kubernetes_executor.py
[2024-02-14T20:57:01.341+0000] {logging_mixin.py:188} INFO - [2024-02-14T20:57:01.341+0000] {dag.py:3036} INFO - Sync 1 DAGs
[2024-02-14T20:57:01.375+0000] {logging_mixin.py:188} INFO - [2024-02-14T20:57:01.374+0000] {dag.py:3823} INFO - Setting next_dagrun for example_kubernetes_executor to None, run_after=None
[2024-02-14T20:57:01.423+0000] {processor.py:183} INFO - Processing /home/airflow/.local/lib/python3.8/site-packages/airflow/example_dags/example_kubernetes_executor.py took 0.228 seconds
[2024-02-14T20:57:32.668+0000] {processor.py:161} INFO - Started process (PID=9576) to work on /home/airflow/.local/lib/python3.8/site-packages/airflow/example_dags/example_kubernetes_executor.py
[2024-02-14T20:57:32.672+0000] {processor.py:830} INFO - Processing file /home/airflow/.local/lib/python3.8/site-packages/airflow/example_dags/example_kubernetes_executor.py for tasks to queue
[2024-02-14T20:57:32.676+0000] {logging_mixin.py:188} INFO - [2024-02-14T20:57:32.675+0000] {dagbag.py:538} INFO - Filling up the DagBag from /home/airflow/.local/lib/python3.8/site-packages/airflow/example_dags/example_kubernetes_executor.py
[2024-02-14T20:57:32.728+0000] {processor.py:840} INFO - DAG(s) 'example_kubernetes_executor' retrieved from /home/airflow/.local/lib/python3.8/site-packages/airflow/example_dags/example_kubernetes_executor.py
[2024-02-14T20:57:32.902+0000] {logging_mixin.py:188} INFO - [2024-02-14T20:57:32.902+0000] {dag.py:3036} INFO - Sync 1 DAGs
[2024-02-14T20:57:32.930+0000] {logging_mixin.py:188} INFO - [2024-02-14T20:57:32.929+0000] {dag.py:3823} INFO - Setting next_dagrun for example_kubernetes_executor to None, run_after=None
[2024-02-14T20:57:32.987+0000] {processor.py:183} INFO - Processing /home/airflow/.local/lib/python3.8/site-packages/airflow/example_dags/example_kubernetes_executor.py took 0.336 seconds
