[2024-02-14T20:38:14.491+0000] {processor.py:161} INFO - Started process (PID=324) to work on /home/airflow/.local/lib/python3.8/site-packages/airflow/example_dags/example_bash_operator.py
[2024-02-14T20:38:14.494+0000] {processor.py:830} INFO - Processing file /home/airflow/.local/lib/python3.8/site-packages/airflow/example_dags/example_bash_operator.py for tasks to queue
[2024-02-14T20:38:14.497+0000] {logging_mixin.py:188} INFO - [2024-02-14T20:38:14.496+0000] {dagbag.py:538} INFO - Filling up the DagBag from /home/airflow/.local/lib/python3.8/site-packages/airflow/example_dags/example_bash_operator.py
[2024-02-14T20:38:14.535+0000] {processor.py:840} INFO - DAG(s) 'example_bash_operator' retrieved from /home/airflow/.local/lib/python3.8/site-packages/airflow/example_dags/example_bash_operator.py
[2024-02-14T20:38:14.734+0000] {logging_mixin.py:188} INFO - [2024-02-14T20:38:14.734+0000] {dag.py:3036} INFO - Sync 1 DAGs
[2024-02-14T20:38:14.773+0000] {logging_mixin.py:188} INFO - [2024-02-14T20:38:14.772+0000] {dag.py:3823} INFO - Setting next_dagrun for example_bash_operator to 2024-02-13 00:00:00+00:00, run_after=2024-02-14 00:00:00+00:00
[2024-02-14T20:38:14.802+0000] {processor.py:183} INFO - Processing /home/airflow/.local/lib/python3.8/site-packages/airflow/example_dags/example_bash_operator.py took 0.319 seconds
[2024-02-14T20:38:45.138+0000] {processor.py:161} INFO - Started process (PID=569) to work on /home/airflow/.local/lib/python3.8/site-packages/airflow/example_dags/example_bash_operator.py
[2024-02-14T20:38:45.140+0000] {processor.py:830} INFO - Processing file /home/airflow/.local/lib/python3.8/site-packages/airflow/example_dags/example_bash_operator.py for tasks to queue
[2024-02-14T20:38:45.141+0000] {logging_mixin.py:188} INFO - [2024-02-14T20:38:45.141+0000] {dagbag.py:538} INFO - Filling up the DagBag from /home/airflow/.local/lib/python3.8/site-packages/airflow/example_dags/example_bash_operator.py
[2024-02-14T20:38:45.162+0000] {processor.py:840} INFO - DAG(s) 'example_bash_operator' retrieved from /home/airflow/.local/lib/python3.8/site-packages/airflow/example_dags/example_bash_operator.py
[2024-02-14T20:38:45.230+0000] {logging_mixin.py:188} INFO - [2024-02-14T20:38:45.229+0000] {dag.py:3036} INFO - Sync 1 DAGs
[2024-02-14T20:38:45.278+0000] {logging_mixin.py:188} INFO - [2024-02-14T20:38:45.278+0000] {dag.py:3823} INFO - Setting next_dagrun for example_bash_operator to 2024-02-13 00:00:00+00:00, run_after=2024-02-14 00:00:00+00:00
[2024-02-14T20:38:45.319+0000] {processor.py:183} INFO - Processing /home/airflow/.local/lib/python3.8/site-packages/airflow/example_dags/example_bash_operator.py took 0.187 seconds
[2024-02-14T20:39:16.351+0000] {processor.py:161} INFO - Started process (PID=816) to work on /home/airflow/.local/lib/python3.8/site-packages/airflow/example_dags/example_bash_operator.py
[2024-02-14T20:39:16.357+0000] {processor.py:830} INFO - Processing file /home/airflow/.local/lib/python3.8/site-packages/airflow/example_dags/example_bash_operator.py for tasks to queue
[2024-02-14T20:39:16.360+0000] {logging_mixin.py:188} INFO - [2024-02-14T20:39:16.360+0000] {dagbag.py:538} INFO - Filling up the DagBag from /home/airflow/.local/lib/python3.8/site-packages/airflow/example_dags/example_bash_operator.py
[2024-02-14T20:39:16.405+0000] {processor.py:840} INFO - DAG(s) 'example_bash_operator' retrieved from /home/airflow/.local/lib/python3.8/site-packages/airflow/example_dags/example_bash_operator.py
[2024-02-14T20:39:16.528+0000] {logging_mixin.py:188} INFO - [2024-02-14T20:39:16.527+0000] {dag.py:3036} INFO - Sync 1 DAGs
[2024-02-14T20:39:16.637+0000] {logging_mixin.py:188} INFO - [2024-02-14T20:39:16.637+0000] {dag.py:3823} INFO - Setting next_dagrun for example_bash_operator to 2024-02-13 00:00:00+00:00, run_after=2024-02-14 00:00:00+00:00
[2024-02-14T20:39:16.693+0000] {processor.py:183} INFO - Processing /home/airflow/.local/lib/python3.8/site-packages/airflow/example_dags/example_bash_operator.py took 0.350 seconds
[2024-02-14T20:39:46.933+0000] {processor.py:161} INFO - Started process (PID=1063) to work on /home/airflow/.local/lib/python3.8/site-packages/airflow/example_dags/example_bash_operator.py
[2024-02-14T20:39:46.937+0000] {processor.py:830} INFO - Processing file /home/airflow/.local/lib/python3.8/site-packages/airflow/example_dags/example_bash_operator.py for tasks to queue
[2024-02-14T20:39:46.941+0000] {logging_mixin.py:188} INFO - [2024-02-14T20:39:46.940+0000] {dagbag.py:538} INFO - Filling up the DagBag from /home/airflow/.local/lib/python3.8/site-packages/airflow/example_dags/example_bash_operator.py
[2024-02-14T20:39:46.991+0000] {processor.py:840} INFO - DAG(s) 'example_bash_operator' retrieved from /home/airflow/.local/lib/python3.8/site-packages/airflow/example_dags/example_bash_operator.py
[2024-02-14T20:39:47.126+0000] {logging_mixin.py:188} INFO - [2024-02-14T20:39:47.125+0000] {dag.py:3036} INFO - Sync 1 DAGs
[2024-02-14T20:39:47.181+0000] {logging_mixin.py:188} INFO - [2024-02-14T20:39:47.180+0000] {dag.py:3823} INFO - Setting next_dagrun for example_bash_operator to 2024-02-13 00:00:00+00:00, run_after=2024-02-14 00:00:00+00:00
[2024-02-14T20:39:47.212+0000] {processor.py:183} INFO - Processing /home/airflow/.local/lib/python3.8/site-packages/airflow/example_dags/example_bash_operator.py took 0.292 seconds
[2024-02-14T20:40:17.819+0000] {processor.py:161} INFO - Started process (PID=1313) to work on /home/airflow/.local/lib/python3.8/site-packages/airflow/example_dags/example_bash_operator.py
[2024-02-14T20:40:17.821+0000] {processor.py:830} INFO - Processing file /home/airflow/.local/lib/python3.8/site-packages/airflow/example_dags/example_bash_operator.py for tasks to queue
[2024-02-14T20:40:17.823+0000] {logging_mixin.py:188} INFO - [2024-02-14T20:40:17.823+0000] {dagbag.py:538} INFO - Filling up the DagBag from /home/airflow/.local/lib/python3.8/site-packages/airflow/example_dags/example_bash_operator.py
[2024-02-14T20:40:17.845+0000] {processor.py:840} INFO - DAG(s) 'example_bash_operator' retrieved from /home/airflow/.local/lib/python3.8/site-packages/airflow/example_dags/example_bash_operator.py
[2024-02-14T20:40:17.911+0000] {logging_mixin.py:188} INFO - [2024-02-14T20:40:17.910+0000] {dag.py:3036} INFO - Sync 1 DAGs
[2024-02-14T20:40:17.969+0000] {logging_mixin.py:188} INFO - [2024-02-14T20:40:17.968+0000] {dag.py:3823} INFO - Setting next_dagrun for example_bash_operator to 2024-02-13 00:00:00+00:00, run_after=2024-02-14 00:00:00+00:00
[2024-02-14T20:40:18.032+0000] {processor.py:183} INFO - Processing /home/airflow/.local/lib/python3.8/site-packages/airflow/example_dags/example_bash_operator.py took 0.218 seconds
[2024-02-14T20:40:49.021+0000] {processor.py:161} INFO - Started process (PID=1558) to work on /home/airflow/.local/lib/python3.8/site-packages/airflow/example_dags/example_bash_operator.py
[2024-02-14T20:40:49.024+0000] {processor.py:830} INFO - Processing file /home/airflow/.local/lib/python3.8/site-packages/airflow/example_dags/example_bash_operator.py for tasks to queue
[2024-02-14T20:40:49.028+0000] {logging_mixin.py:188} INFO - [2024-02-14T20:40:49.027+0000] {dagbag.py:538} INFO - Filling up the DagBag from /home/airflow/.local/lib/python3.8/site-packages/airflow/example_dags/example_bash_operator.py
[2024-02-14T20:40:49.103+0000] {processor.py:840} INFO - DAG(s) 'example_bash_operator' retrieved from /home/airflow/.local/lib/python3.8/site-packages/airflow/example_dags/example_bash_operator.py
[2024-02-14T20:40:49.260+0000] {logging_mixin.py:188} INFO - [2024-02-14T20:40:49.260+0000] {dag.py:3036} INFO - Sync 1 DAGs
[2024-02-14T20:40:49.350+0000] {logging_mixin.py:188} INFO - [2024-02-14T20:40:49.349+0000] {dag.py:3823} INFO - Setting next_dagrun for example_bash_operator to 2024-02-13 00:00:00+00:00, run_after=2024-02-14 00:00:00+00:00
[2024-02-14T20:40:49.439+0000] {processor.py:183} INFO - Processing /home/airflow/.local/lib/python3.8/site-packages/airflow/example_dags/example_bash_operator.py took 0.427 seconds
[2024-02-14T20:41:19.898+0000] {processor.py:161} INFO - Started process (PID=1807) to work on /home/airflow/.local/lib/python3.8/site-packages/airflow/example_dags/example_bash_operator.py
[2024-02-14T20:41:19.904+0000] {processor.py:830} INFO - Processing file /home/airflow/.local/lib/python3.8/site-packages/airflow/example_dags/example_bash_operator.py for tasks to queue
[2024-02-14T20:41:19.908+0000] {logging_mixin.py:188} INFO - [2024-02-14T20:41:19.907+0000] {dagbag.py:538} INFO - Filling up the DagBag from /home/airflow/.local/lib/python3.8/site-packages/airflow/example_dags/example_bash_operator.py
[2024-02-14T20:41:19.973+0000] {processor.py:840} INFO - DAG(s) 'example_bash_operator' retrieved from /home/airflow/.local/lib/python3.8/site-packages/airflow/example_dags/example_bash_operator.py
[2024-02-14T20:41:20.154+0000] {logging_mixin.py:188} INFO - [2024-02-14T20:41:20.153+0000] {dag.py:3036} INFO - Sync 1 DAGs
[2024-02-14T20:41:20.279+0000] {logging_mixin.py:188} INFO - [2024-02-14T20:41:20.278+0000] {dag.py:3823} INFO - Setting next_dagrun for example_bash_operator to 2024-02-13 00:00:00+00:00, run_after=2024-02-14 00:00:00+00:00
[2024-02-14T20:41:20.379+0000] {processor.py:183} INFO - Processing /home/airflow/.local/lib/python3.8/site-packages/airflow/example_dags/example_bash_operator.py took 0.500 seconds
[2024-02-14T20:41:50.705+0000] {processor.py:161} INFO - Started process (PID=2052) to work on /home/airflow/.local/lib/python3.8/site-packages/airflow/example_dags/example_bash_operator.py
[2024-02-14T20:41:50.709+0000] {processor.py:830} INFO - Processing file /home/airflow/.local/lib/python3.8/site-packages/airflow/example_dags/example_bash_operator.py for tasks to queue
[2024-02-14T20:41:50.715+0000] {logging_mixin.py:188} INFO - [2024-02-14T20:41:50.713+0000] {dagbag.py:538} INFO - Filling up the DagBag from /home/airflow/.local/lib/python3.8/site-packages/airflow/example_dags/example_bash_operator.py
[2024-02-14T20:41:50.776+0000] {processor.py:840} INFO - DAG(s) 'example_bash_operator' retrieved from /home/airflow/.local/lib/python3.8/site-packages/airflow/example_dags/example_bash_operator.py
[2024-02-14T20:41:50.923+0000] {logging_mixin.py:188} INFO - [2024-02-14T20:41:50.923+0000] {dag.py:3036} INFO - Sync 1 DAGs
[2024-02-14T20:41:51.042+0000] {logging_mixin.py:188} INFO - [2024-02-14T20:41:51.041+0000] {dag.py:3823} INFO - Setting next_dagrun for example_bash_operator to 2024-02-13 00:00:00+00:00, run_after=2024-02-14 00:00:00+00:00
[2024-02-14T20:41:51.141+0000] {processor.py:183} INFO - Processing /home/airflow/.local/lib/python3.8/site-packages/airflow/example_dags/example_bash_operator.py took 0.451 seconds
[2024-02-14T20:42:21.597+0000] {processor.py:161} INFO - Started process (PID=2299) to work on /home/airflow/.local/lib/python3.8/site-packages/airflow/example_dags/example_bash_operator.py
[2024-02-14T20:42:21.601+0000] {processor.py:830} INFO - Processing file /home/airflow/.local/lib/python3.8/site-packages/airflow/example_dags/example_bash_operator.py for tasks to queue
[2024-02-14T20:42:21.603+0000] {logging_mixin.py:188} INFO - [2024-02-14T20:42:21.603+0000] {dagbag.py:538} INFO - Filling up the DagBag from /home/airflow/.local/lib/python3.8/site-packages/airflow/example_dags/example_bash_operator.py
[2024-02-14T20:42:21.643+0000] {processor.py:840} INFO - DAG(s) 'example_bash_operator' retrieved from /home/airflow/.local/lib/python3.8/site-packages/airflow/example_dags/example_bash_operator.py
[2024-02-14T20:42:21.727+0000] {logging_mixin.py:188} INFO - [2024-02-14T20:42:21.726+0000] {dag.py:3036} INFO - Sync 1 DAGs
[2024-02-14T20:42:21.779+0000] {logging_mixin.py:188} INFO - [2024-02-14T20:42:21.778+0000] {dag.py:3823} INFO - Setting next_dagrun for example_bash_operator to 2024-02-13 00:00:00+00:00, run_after=2024-02-14 00:00:00+00:00
[2024-02-14T20:42:21.824+0000] {processor.py:183} INFO - Processing /home/airflow/.local/lib/python3.8/site-packages/airflow/example_dags/example_bash_operator.py took 0.236 seconds
[2024-02-14T20:42:52.125+0000] {processor.py:161} INFO - Started process (PID=2547) to work on /home/airflow/.local/lib/python3.8/site-packages/airflow/example_dags/example_bash_operator.py
[2024-02-14T20:42:52.128+0000] {processor.py:830} INFO - Processing file /home/airflow/.local/lib/python3.8/site-packages/airflow/example_dags/example_bash_operator.py for tasks to queue
[2024-02-14T20:42:52.130+0000] {logging_mixin.py:188} INFO - [2024-02-14T20:42:52.130+0000] {dagbag.py:538} INFO - Filling up the DagBag from /home/airflow/.local/lib/python3.8/site-packages/airflow/example_dags/example_bash_operator.py
[2024-02-14T20:42:52.162+0000] {processor.py:840} INFO - DAG(s) 'example_bash_operator' retrieved from /home/airflow/.local/lib/python3.8/site-packages/airflow/example_dags/example_bash_operator.py
[2024-02-14T20:42:52.257+0000] {logging_mixin.py:188} INFO - [2024-02-14T20:42:52.256+0000] {dag.py:3036} INFO - Sync 1 DAGs
[2024-02-14T20:42:52.319+0000] {logging_mixin.py:188} INFO - [2024-02-14T20:42:52.318+0000] {dag.py:3823} INFO - Setting next_dagrun for example_bash_operator to 2024-02-13 00:00:00+00:00, run_after=2024-02-14 00:00:00+00:00
[2024-02-14T20:42:52.376+0000] {processor.py:183} INFO - Processing /home/airflow/.local/lib/python3.8/site-packages/airflow/example_dags/example_bash_operator.py took 0.268 seconds
[2024-02-14T20:43:22.867+0000] {processor.py:161} INFO - Started process (PID=2794) to work on /home/airflow/.local/lib/python3.8/site-packages/airflow/example_dags/example_bash_operator.py
[2024-02-14T20:43:22.871+0000] {processor.py:830} INFO - Processing file /home/airflow/.local/lib/python3.8/site-packages/airflow/example_dags/example_bash_operator.py for tasks to queue
[2024-02-14T20:43:22.877+0000] {logging_mixin.py:188} INFO - [2024-02-14T20:43:22.875+0000] {dagbag.py:538} INFO - Filling up the DagBag from /home/airflow/.local/lib/python3.8/site-packages/airflow/example_dags/example_bash_operator.py
[2024-02-14T20:43:22.945+0000] {processor.py:840} INFO - DAG(s) 'example_bash_operator' retrieved from /home/airflow/.local/lib/python3.8/site-packages/airflow/example_dags/example_bash_operator.py
[2024-02-14T20:43:23.090+0000] {logging_mixin.py:188} INFO - [2024-02-14T20:43:23.089+0000] {dag.py:3036} INFO - Sync 1 DAGs
[2024-02-14T20:43:23.193+0000] {logging_mixin.py:188} INFO - [2024-02-14T20:43:23.192+0000] {dag.py:3823} INFO - Setting next_dagrun for example_bash_operator to 2024-02-13 00:00:00+00:00, run_after=2024-02-14 00:00:00+00:00
[2024-02-14T20:43:23.264+0000] {processor.py:183} INFO - Processing /home/airflow/.local/lib/python3.8/site-packages/airflow/example_dags/example_bash_operator.py took 0.412 seconds
[2024-02-14T20:43:53.409+0000] {processor.py:161} INFO - Started process (PID=3040) to work on /home/airflow/.local/lib/python3.8/site-packages/airflow/example_dags/example_bash_operator.py
[2024-02-14T20:43:53.411+0000] {processor.py:830} INFO - Processing file /home/airflow/.local/lib/python3.8/site-packages/airflow/example_dags/example_bash_operator.py for tasks to queue
[2024-02-14T20:43:53.413+0000] {logging_mixin.py:188} INFO - [2024-02-14T20:43:53.412+0000] {dagbag.py:538} INFO - Filling up the DagBag from /home/airflow/.local/lib/python3.8/site-packages/airflow/example_dags/example_bash_operator.py
[2024-02-14T20:43:53.444+0000] {processor.py:840} INFO - DAG(s) 'example_bash_operator' retrieved from /home/airflow/.local/lib/python3.8/site-packages/airflow/example_dags/example_bash_operator.py
[2024-02-14T20:43:53.503+0000] {logging_mixin.py:188} INFO - [2024-02-14T20:43:53.502+0000] {dag.py:3036} INFO - Sync 1 DAGs
[2024-02-14T20:43:53.583+0000] {logging_mixin.py:188} INFO - [2024-02-14T20:43:53.582+0000] {dag.py:3823} INFO - Setting next_dagrun for example_bash_operator to 2024-02-13 00:00:00+00:00, run_after=2024-02-14 00:00:00+00:00
[2024-02-14T20:43:53.625+0000] {processor.py:183} INFO - Processing /home/airflow/.local/lib/python3.8/site-packages/airflow/example_dags/example_bash_operator.py took 0.222 seconds
[2024-02-14T20:44:24.120+0000] {processor.py:161} INFO - Started process (PID=3288) to work on /home/airflow/.local/lib/python3.8/site-packages/airflow/example_dags/example_bash_operator.py
[2024-02-14T20:44:24.125+0000] {processor.py:830} INFO - Processing file /home/airflow/.local/lib/python3.8/site-packages/airflow/example_dags/example_bash_operator.py for tasks to queue
[2024-02-14T20:44:24.129+0000] {logging_mixin.py:188} INFO - [2024-02-14T20:44:24.128+0000] {dagbag.py:538} INFO - Filling up the DagBag from /home/airflow/.local/lib/python3.8/site-packages/airflow/example_dags/example_bash_operator.py
[2024-02-14T20:44:24.189+0000] {processor.py:840} INFO - DAG(s) 'example_bash_operator' retrieved from /home/airflow/.local/lib/python3.8/site-packages/airflow/example_dags/example_bash_operator.py
[2024-02-14T20:44:24.326+0000] {logging_mixin.py:188} INFO - [2024-02-14T20:44:24.325+0000] {dag.py:3036} INFO - Sync 1 DAGs
[2024-02-14T20:44:24.416+0000] {logging_mixin.py:188} INFO - [2024-02-14T20:44:24.415+0000] {dag.py:3823} INFO - Setting next_dagrun for example_bash_operator to 2024-02-13 00:00:00+00:00, run_after=2024-02-14 00:00:00+00:00
[2024-02-14T20:44:24.465+0000] {processor.py:183} INFO - Processing /home/airflow/.local/lib/python3.8/site-packages/airflow/example_dags/example_bash_operator.py took 0.359 seconds
[2024-02-14T20:44:54.871+0000] {processor.py:161} INFO - Started process (PID=3535) to work on /home/airflow/.local/lib/python3.8/site-packages/airflow/example_dags/example_bash_operator.py
[2024-02-14T20:44:54.873+0000] {processor.py:830} INFO - Processing file /home/airflow/.local/lib/python3.8/site-packages/airflow/example_dags/example_bash_operator.py for tasks to queue
[2024-02-14T20:44:54.874+0000] {logging_mixin.py:188} INFO - [2024-02-14T20:44:54.874+0000] {dagbag.py:538} INFO - Filling up the DagBag from /home/airflow/.local/lib/python3.8/site-packages/airflow/example_dags/example_bash_operator.py
[2024-02-14T20:44:54.897+0000] {processor.py:840} INFO - DAG(s) 'example_bash_operator' retrieved from /home/airflow/.local/lib/python3.8/site-packages/airflow/example_dags/example_bash_operator.py
[2024-02-14T20:44:54.954+0000] {logging_mixin.py:188} INFO - [2024-02-14T20:44:54.954+0000] {dag.py:3036} INFO - Sync 1 DAGs
[2024-02-14T20:44:55.006+0000] {logging_mixin.py:188} INFO - [2024-02-14T20:44:55.006+0000] {dag.py:3823} INFO - Setting next_dagrun for example_bash_operator to 2024-02-13 00:00:00+00:00, run_after=2024-02-14 00:00:00+00:00
[2024-02-14T20:44:55.057+0000] {processor.py:183} INFO - Processing /home/airflow/.local/lib/python3.8/site-packages/airflow/example_dags/example_bash_operator.py took 0.191 seconds
[2024-02-14T20:45:25.379+0000] {processor.py:161} INFO - Started process (PID=3783) to work on /home/airflow/.local/lib/python3.8/site-packages/airflow/example_dags/example_bash_operator.py
[2024-02-14T20:45:25.383+0000] {processor.py:830} INFO - Processing file /home/airflow/.local/lib/python3.8/site-packages/airflow/example_dags/example_bash_operator.py for tasks to queue
[2024-02-14T20:45:25.387+0000] {logging_mixin.py:188} INFO - [2024-02-14T20:45:25.386+0000] {dagbag.py:538} INFO - Filling up the DagBag from /home/airflow/.local/lib/python3.8/site-packages/airflow/example_dags/example_bash_operator.py
[2024-02-14T20:45:25.438+0000] {processor.py:840} INFO - DAG(s) 'example_bash_operator' retrieved from /home/airflow/.local/lib/python3.8/site-packages/airflow/example_dags/example_bash_operator.py
[2024-02-14T20:45:25.535+0000] {logging_mixin.py:188} INFO - [2024-02-14T20:45:25.534+0000] {dag.py:3036} INFO - Sync 1 DAGs
[2024-02-14T20:45:25.604+0000] {logging_mixin.py:188} INFO - [2024-02-14T20:45:25.603+0000] {dag.py:3823} INFO - Setting next_dagrun for example_bash_operator to 2024-02-13 00:00:00+00:00, run_after=2024-02-14 00:00:00+00:00
[2024-02-14T20:45:25.658+0000] {processor.py:183} INFO - Processing /home/airflow/.local/lib/python3.8/site-packages/airflow/example_dags/example_bash_operator.py took 0.293 seconds
[2024-02-14T20:45:55.953+0000] {processor.py:161} INFO - Started process (PID=4030) to work on /home/airflow/.local/lib/python3.8/site-packages/airflow/example_dags/example_bash_operator.py
[2024-02-14T20:45:55.957+0000] {processor.py:830} INFO - Processing file /home/airflow/.local/lib/python3.8/site-packages/airflow/example_dags/example_bash_operator.py for tasks to queue
[2024-02-14T20:45:55.962+0000] {logging_mixin.py:188} INFO - [2024-02-14T20:45:55.961+0000] {dagbag.py:538} INFO - Filling up the DagBag from /home/airflow/.local/lib/python3.8/site-packages/airflow/example_dags/example_bash_operator.py
[2024-02-14T20:45:56.014+0000] {processor.py:840} INFO - DAG(s) 'example_bash_operator' retrieved from /home/airflow/.local/lib/python3.8/site-packages/airflow/example_dags/example_bash_operator.py
[2024-02-14T20:45:56.158+0000] {logging_mixin.py:188} INFO - [2024-02-14T20:45:56.158+0000] {dag.py:3036} INFO - Sync 1 DAGs
[2024-02-14T20:45:56.197+0000] {logging_mixin.py:188} INFO - [2024-02-14T20:45:56.197+0000] {dag.py:3823} INFO - Setting next_dagrun for example_bash_operator to 2024-02-13 00:00:00+00:00, run_after=2024-02-14 00:00:00+00:00
[2024-02-14T20:45:56.239+0000] {processor.py:183} INFO - Processing /home/airflow/.local/lib/python3.8/site-packages/airflow/example_dags/example_bash_operator.py took 0.299 seconds
[2024-02-14T20:46:26.401+0000] {processor.py:161} INFO - Started process (PID=4277) to work on /home/airflow/.local/lib/python3.8/site-packages/airflow/example_dags/example_bash_operator.py
[2024-02-14T20:46:26.403+0000] {processor.py:830} INFO - Processing file /home/airflow/.local/lib/python3.8/site-packages/airflow/example_dags/example_bash_operator.py for tasks to queue
[2024-02-14T20:46:26.404+0000] {logging_mixin.py:188} INFO - [2024-02-14T20:46:26.404+0000] {dagbag.py:538} INFO - Filling up the DagBag from /home/airflow/.local/lib/python3.8/site-packages/airflow/example_dags/example_bash_operator.py
[2024-02-14T20:46:26.432+0000] {processor.py:840} INFO - DAG(s) 'example_bash_operator' retrieved from /home/airflow/.local/lib/python3.8/site-packages/airflow/example_dags/example_bash_operator.py
[2024-02-14T20:46:26.490+0000] {logging_mixin.py:188} INFO - [2024-02-14T20:46:26.490+0000] {dag.py:3036} INFO - Sync 1 DAGs
[2024-02-14T20:46:26.526+0000] {logging_mixin.py:188} INFO - [2024-02-14T20:46:26.525+0000] {dag.py:3823} INFO - Setting next_dagrun for example_bash_operator to 2024-02-13 00:00:00+00:00, run_after=2024-02-14 00:00:00+00:00
[2024-02-14T20:46:26.554+0000] {processor.py:183} INFO - Processing /home/airflow/.local/lib/python3.8/site-packages/airflow/example_dags/example_bash_operator.py took 0.159 seconds
[2024-02-14T20:46:57.295+0000] {processor.py:161} INFO - Started process (PID=4525) to work on /home/airflow/.local/lib/python3.8/site-packages/airflow/example_dags/example_bash_operator.py
[2024-02-14T20:46:57.299+0000] {processor.py:830} INFO - Processing file /home/airflow/.local/lib/python3.8/site-packages/airflow/example_dags/example_bash_operator.py for tasks to queue
[2024-02-14T20:46:57.304+0000] {logging_mixin.py:188} INFO - [2024-02-14T20:46:57.302+0000] {dagbag.py:538} INFO - Filling up the DagBag from /home/airflow/.local/lib/python3.8/site-packages/airflow/example_dags/example_bash_operator.py
[2024-02-14T20:46:57.331+0000] {processor.py:840} INFO - DAG(s) 'example_bash_operator' retrieved from /home/airflow/.local/lib/python3.8/site-packages/airflow/example_dags/example_bash_operator.py
[2024-02-14T20:46:57.374+0000] {logging_mixin.py:188} INFO - [2024-02-14T20:46:57.374+0000] {dag.py:3036} INFO - Sync 1 DAGs
[2024-02-14T20:46:57.414+0000] {logging_mixin.py:188} INFO - [2024-02-14T20:46:57.414+0000] {dag.py:3823} INFO - Setting next_dagrun for example_bash_operator to 2024-02-13 00:00:00+00:00, run_after=2024-02-14 00:00:00+00:00
[2024-02-14T20:46:57.441+0000] {processor.py:183} INFO - Processing /home/airflow/.local/lib/python3.8/site-packages/airflow/example_dags/example_bash_operator.py took 0.162 seconds
[2024-02-14T20:47:27.562+0000] {processor.py:161} INFO - Started process (PID=4772) to work on /home/airflow/.local/lib/python3.8/site-packages/airflow/example_dags/example_bash_operator.py
[2024-02-14T20:47:27.563+0000] {processor.py:830} INFO - Processing file /home/airflow/.local/lib/python3.8/site-packages/airflow/example_dags/example_bash_operator.py for tasks to queue
[2024-02-14T20:47:27.565+0000] {logging_mixin.py:188} INFO - [2024-02-14T20:47:27.565+0000] {dagbag.py:538} INFO - Filling up the DagBag from /home/airflow/.local/lib/python3.8/site-packages/airflow/example_dags/example_bash_operator.py
[2024-02-14T20:47:27.582+0000] {processor.py:840} INFO - DAG(s) 'example_bash_operator' retrieved from /home/airflow/.local/lib/python3.8/site-packages/airflow/example_dags/example_bash_operator.py
[2024-02-14T20:47:27.626+0000] {logging_mixin.py:188} INFO - [2024-02-14T20:47:27.626+0000] {dag.py:3036} INFO - Sync 1 DAGs
[2024-02-14T20:47:27.661+0000] {logging_mixin.py:188} INFO - [2024-02-14T20:47:27.661+0000] {dag.py:3823} INFO - Setting next_dagrun for example_bash_operator to 2024-02-13 00:00:00+00:00, run_after=2024-02-14 00:00:00+00:00
[2024-02-14T20:47:27.690+0000] {processor.py:183} INFO - Processing /home/airflow/.local/lib/python3.8/site-packages/airflow/example_dags/example_bash_operator.py took 0.133 seconds
[2024-02-14T20:47:58.268+0000] {processor.py:161} INFO - Started process (PID=5021) to work on /home/airflow/.local/lib/python3.8/site-packages/airflow/example_dags/example_bash_operator.py
[2024-02-14T20:47:58.270+0000] {processor.py:830} INFO - Processing file /home/airflow/.local/lib/python3.8/site-packages/airflow/example_dags/example_bash_operator.py for tasks to queue
[2024-02-14T20:47:58.273+0000] {logging_mixin.py:188} INFO - [2024-02-14T20:47:58.272+0000] {dagbag.py:538} INFO - Filling up the DagBag from /home/airflow/.local/lib/python3.8/site-packages/airflow/example_dags/example_bash_operator.py
[2024-02-14T20:47:58.301+0000] {processor.py:840} INFO - DAG(s) 'example_bash_operator' retrieved from /home/airflow/.local/lib/python3.8/site-packages/airflow/example_dags/example_bash_operator.py
[2024-02-14T20:47:58.382+0000] {logging_mixin.py:188} INFO - [2024-02-14T20:47:58.382+0000] {dag.py:3036} INFO - Sync 1 DAGs
[2024-02-14T20:47:58.435+0000] {logging_mixin.py:188} INFO - [2024-02-14T20:47:58.434+0000] {dag.py:3823} INFO - Setting next_dagrun for example_bash_operator to 2024-02-13 00:00:00+00:00, run_after=2024-02-14 00:00:00+00:00
[2024-02-14T20:47:58.473+0000] {processor.py:183} INFO - Processing /home/airflow/.local/lib/python3.8/site-packages/airflow/example_dags/example_bash_operator.py took 0.216 seconds
[2024-02-14T20:48:29.174+0000] {processor.py:161} INFO - Started process (PID=5268) to work on /home/airflow/.local/lib/python3.8/site-packages/airflow/example_dags/example_bash_operator.py
[2024-02-14T20:48:29.176+0000] {processor.py:830} INFO - Processing file /home/airflow/.local/lib/python3.8/site-packages/airflow/example_dags/example_bash_operator.py for tasks to queue
[2024-02-14T20:48:29.179+0000] {logging_mixin.py:188} INFO - [2024-02-14T20:48:29.178+0000] {dagbag.py:538} INFO - Filling up the DagBag from /home/airflow/.local/lib/python3.8/site-packages/airflow/example_dags/example_bash_operator.py
[2024-02-14T20:48:29.215+0000] {processor.py:840} INFO - DAG(s) 'example_bash_operator' retrieved from /home/airflow/.local/lib/python3.8/site-packages/airflow/example_dags/example_bash_operator.py
[2024-02-14T20:48:29.294+0000] {logging_mixin.py:188} INFO - [2024-02-14T20:48:29.294+0000] {dag.py:3036} INFO - Sync 1 DAGs
[2024-02-14T20:48:29.381+0000] {logging_mixin.py:188} INFO - [2024-02-14T20:48:29.380+0000] {dag.py:3823} INFO - Setting next_dagrun for example_bash_operator to 2024-02-13 00:00:00+00:00, run_after=2024-02-14 00:00:00+00:00
[2024-02-14T20:48:29.450+0000] {processor.py:183} INFO - Processing /home/airflow/.local/lib/python3.8/site-packages/airflow/example_dags/example_bash_operator.py took 0.285 seconds
[2024-02-14T20:48:59.550+0000] {processor.py:161} INFO - Started process (PID=5513) to work on /home/airflow/.local/lib/python3.8/site-packages/airflow/example_dags/example_bash_operator.py
[2024-02-14T20:48:59.553+0000] {processor.py:830} INFO - Processing file /home/airflow/.local/lib/python3.8/site-packages/airflow/example_dags/example_bash_operator.py for tasks to queue
[2024-02-14T20:48:59.555+0000] {logging_mixin.py:188} INFO - [2024-02-14T20:48:59.554+0000] {dagbag.py:538} INFO - Filling up the DagBag from /home/airflow/.local/lib/python3.8/site-packages/airflow/example_dags/example_bash_operator.py
[2024-02-14T20:48:59.576+0000] {processor.py:840} INFO - DAG(s) 'example_bash_operator' retrieved from /home/airflow/.local/lib/python3.8/site-packages/airflow/example_dags/example_bash_operator.py
[2024-02-14T20:48:59.623+0000] {logging_mixin.py:188} INFO - [2024-02-14T20:48:59.623+0000] {dag.py:3036} INFO - Sync 1 DAGs
[2024-02-14T20:48:59.662+0000] {logging_mixin.py:188} INFO - [2024-02-14T20:48:59.661+0000] {dag.py:3823} INFO - Setting next_dagrun for example_bash_operator to 2024-02-13 00:00:00+00:00, run_after=2024-02-14 00:00:00+00:00
[2024-02-14T20:48:59.693+0000] {processor.py:183} INFO - Processing /home/airflow/.local/lib/python3.8/site-packages/airflow/example_dags/example_bash_operator.py took 0.149 seconds
[2024-02-14T20:49:30.349+0000] {processor.py:161} INFO - Started process (PID=5761) to work on /home/airflow/.local/lib/python3.8/site-packages/airflow/example_dags/example_bash_operator.py
[2024-02-14T20:49:30.351+0000] {processor.py:830} INFO - Processing file /home/airflow/.local/lib/python3.8/site-packages/airflow/example_dags/example_bash_operator.py for tasks to queue
[2024-02-14T20:49:30.353+0000] {logging_mixin.py:188} INFO - [2024-02-14T20:49:30.352+0000] {dagbag.py:538} INFO - Filling up the DagBag from /home/airflow/.local/lib/python3.8/site-packages/airflow/example_dags/example_bash_operator.py
[2024-02-14T20:49:30.372+0000] {processor.py:840} INFO - DAG(s) 'example_bash_operator' retrieved from /home/airflow/.local/lib/python3.8/site-packages/airflow/example_dags/example_bash_operator.py
[2024-02-14T20:49:30.424+0000] {logging_mixin.py:188} INFO - [2024-02-14T20:49:30.424+0000] {dag.py:3036} INFO - Sync 1 DAGs
[2024-02-14T20:49:30.459+0000] {logging_mixin.py:188} INFO - [2024-02-14T20:49:30.459+0000] {dag.py:3823} INFO - Setting next_dagrun for example_bash_operator to 2024-02-13 00:00:00+00:00, run_after=2024-02-14 00:00:00+00:00
[2024-02-14T20:49:30.488+0000] {processor.py:183} INFO - Processing /home/airflow/.local/lib/python3.8/site-packages/airflow/example_dags/example_bash_operator.py took 0.145 seconds
[2024-02-14T20:50:00.892+0000] {processor.py:161} INFO - Started process (PID=6011) to work on /home/airflow/.local/lib/python3.8/site-packages/airflow/example_dags/example_bash_operator.py
[2024-02-14T20:50:00.894+0000] {processor.py:830} INFO - Processing file /home/airflow/.local/lib/python3.8/site-packages/airflow/example_dags/example_bash_operator.py for tasks to queue
[2024-02-14T20:50:00.895+0000] {logging_mixin.py:188} INFO - [2024-02-14T20:50:00.895+0000] {dagbag.py:538} INFO - Filling up the DagBag from /home/airflow/.local/lib/python3.8/site-packages/airflow/example_dags/example_bash_operator.py
[2024-02-14T20:50:00.916+0000] {processor.py:840} INFO - DAG(s) 'example_bash_operator' retrieved from /home/airflow/.local/lib/python3.8/site-packages/airflow/example_dags/example_bash_operator.py
[2024-02-14T20:50:00.968+0000] {logging_mixin.py:188} INFO - [2024-02-14T20:50:00.968+0000] {dag.py:3036} INFO - Sync 1 DAGs
[2024-02-14T20:50:01.011+0000] {logging_mixin.py:188} INFO - [2024-02-14T20:50:01.010+0000] {dag.py:3823} INFO - Setting next_dagrun for example_bash_operator to 2024-02-13 00:00:00+00:00, run_after=2024-02-14 00:00:00+00:00
[2024-02-14T20:50:01.045+0000] {processor.py:183} INFO - Processing /home/airflow/.local/lib/python3.8/site-packages/airflow/example_dags/example_bash_operator.py took 0.158 seconds
[2024-02-14T20:50:31.585+0000] {processor.py:161} INFO - Started process (PID=6258) to work on /home/airflow/.local/lib/python3.8/site-packages/airflow/example_dags/example_bash_operator.py
[2024-02-14T20:50:31.586+0000] {processor.py:830} INFO - Processing file /home/airflow/.local/lib/python3.8/site-packages/airflow/example_dags/example_bash_operator.py for tasks to queue
[2024-02-14T20:50:31.588+0000] {logging_mixin.py:188} INFO - [2024-02-14T20:50:31.588+0000] {dagbag.py:538} INFO - Filling up the DagBag from /home/airflow/.local/lib/python3.8/site-packages/airflow/example_dags/example_bash_operator.py
[2024-02-14T20:50:31.604+0000] {processor.py:840} INFO - DAG(s) 'example_bash_operator' retrieved from /home/airflow/.local/lib/python3.8/site-packages/airflow/example_dags/example_bash_operator.py
[2024-02-14T20:50:31.645+0000] {logging_mixin.py:188} INFO - [2024-02-14T20:50:31.645+0000] {dag.py:3036} INFO - Sync 1 DAGs
[2024-02-14T20:50:31.676+0000] {logging_mixin.py:188} INFO - [2024-02-14T20:50:31.675+0000] {dag.py:3823} INFO - Setting next_dagrun for example_bash_operator to 2024-02-13 00:00:00+00:00, run_after=2024-02-14 00:00:00+00:00
[2024-02-14T20:50:31.705+0000] {processor.py:183} INFO - Processing /home/airflow/.local/lib/python3.8/site-packages/airflow/example_dags/example_bash_operator.py took 0.124 seconds
[2024-02-14T20:51:02.070+0000] {processor.py:161} INFO - Started process (PID=6504) to work on /home/airflow/.local/lib/python3.8/site-packages/airflow/example_dags/example_bash_operator.py
[2024-02-14T20:51:02.072+0000] {processor.py:830} INFO - Processing file /home/airflow/.local/lib/python3.8/site-packages/airflow/example_dags/example_bash_operator.py for tasks to queue
[2024-02-14T20:51:02.074+0000] {logging_mixin.py:188} INFO - [2024-02-14T20:51:02.073+0000] {dagbag.py:538} INFO - Filling up the DagBag from /home/airflow/.local/lib/python3.8/site-packages/airflow/example_dags/example_bash_operator.py
[2024-02-14T20:51:02.103+0000] {processor.py:840} INFO - DAG(s) 'example_bash_operator' retrieved from /home/airflow/.local/lib/python3.8/site-packages/airflow/example_dags/example_bash_operator.py
[2024-02-14T20:51:02.157+0000] {logging_mixin.py:188} INFO - [2024-02-14T20:51:02.156+0000] {dag.py:3036} INFO - Sync 1 DAGs
[2024-02-14T20:51:02.206+0000] {logging_mixin.py:188} INFO - [2024-02-14T20:51:02.205+0000] {dag.py:3823} INFO - Setting next_dagrun for example_bash_operator to 2024-02-13 00:00:00+00:00, run_after=2024-02-14 00:00:00+00:00
[2024-02-14T20:51:02.254+0000] {processor.py:183} INFO - Processing /home/airflow/.local/lib/python3.8/site-packages/airflow/example_dags/example_bash_operator.py took 0.193 seconds
[2024-02-14T20:51:33.318+0000] {processor.py:161} INFO - Started process (PID=6752) to work on /home/airflow/.local/lib/python3.8/site-packages/airflow/example_dags/example_bash_operator.py
[2024-02-14T20:51:33.320+0000] {processor.py:830} INFO - Processing file /home/airflow/.local/lib/python3.8/site-packages/airflow/example_dags/example_bash_operator.py for tasks to queue
[2024-02-14T20:51:33.322+0000] {logging_mixin.py:188} INFO - [2024-02-14T20:51:33.322+0000] {dagbag.py:538} INFO - Filling up the DagBag from /home/airflow/.local/lib/python3.8/site-packages/airflow/example_dags/example_bash_operator.py
[2024-02-14T20:51:33.345+0000] {processor.py:840} INFO - DAG(s) 'example_bash_operator' retrieved from /home/airflow/.local/lib/python3.8/site-packages/airflow/example_dags/example_bash_operator.py
[2024-02-14T20:51:33.392+0000] {logging_mixin.py:188} INFO - [2024-02-14T20:51:33.392+0000] {dag.py:3036} INFO - Sync 1 DAGs
[2024-02-14T20:51:33.429+0000] {logging_mixin.py:188} INFO - [2024-02-14T20:51:33.429+0000] {dag.py:3823} INFO - Setting next_dagrun for example_bash_operator to 2024-02-13 00:00:00+00:00, run_after=2024-02-14 00:00:00+00:00
[2024-02-14T20:51:33.459+0000] {processor.py:183} INFO - Processing /home/airflow/.local/lib/python3.8/site-packages/airflow/example_dags/example_bash_operator.py took 0.147 seconds
[2024-02-14T20:52:03.696+0000] {processor.py:161} INFO - Started process (PID=6999) to work on /home/airflow/.local/lib/python3.8/site-packages/airflow/example_dags/example_bash_operator.py
[2024-02-14T20:52:03.698+0000] {processor.py:830} INFO - Processing file /home/airflow/.local/lib/python3.8/site-packages/airflow/example_dags/example_bash_operator.py for tasks to queue
[2024-02-14T20:52:03.701+0000] {logging_mixin.py:188} INFO - [2024-02-14T20:52:03.700+0000] {dagbag.py:538} INFO - Filling up the DagBag from /home/airflow/.local/lib/python3.8/site-packages/airflow/example_dags/example_bash_operator.py
[2024-02-14T20:52:03.725+0000] {processor.py:840} INFO - DAG(s) 'example_bash_operator' retrieved from /home/airflow/.local/lib/python3.8/site-packages/airflow/example_dags/example_bash_operator.py
[2024-02-14T20:52:03.785+0000] {logging_mixin.py:188} INFO - [2024-02-14T20:52:03.784+0000] {dag.py:3036} INFO - Sync 1 DAGs
[2024-02-14T20:52:03.830+0000] {logging_mixin.py:188} INFO - [2024-02-14T20:52:03.830+0000] {dag.py:3823} INFO - Setting next_dagrun for example_bash_operator to 2024-02-13 00:00:00+00:00, run_after=2024-02-14 00:00:00+00:00
[2024-02-14T20:52:03.865+0000] {processor.py:183} INFO - Processing /home/airflow/.local/lib/python3.8/site-packages/airflow/example_dags/example_bash_operator.py took 0.176 seconds
[2024-02-14T20:52:35.155+0000] {processor.py:161} INFO - Started process (PID=7246) to work on /home/airflow/.local/lib/python3.8/site-packages/airflow/example_dags/example_bash_operator.py
[2024-02-14T20:52:35.157+0000] {processor.py:830} INFO - Processing file /home/airflow/.local/lib/python3.8/site-packages/airflow/example_dags/example_bash_operator.py for tasks to queue
[2024-02-14T20:52:35.160+0000] {logging_mixin.py:188} INFO - [2024-02-14T20:52:35.159+0000] {dagbag.py:538} INFO - Filling up the DagBag from /home/airflow/.local/lib/python3.8/site-packages/airflow/example_dags/example_bash_operator.py
[2024-02-14T20:52:35.187+0000] {processor.py:840} INFO - DAG(s) 'example_bash_operator' retrieved from /home/airflow/.local/lib/python3.8/site-packages/airflow/example_dags/example_bash_operator.py
[2024-02-14T20:52:35.262+0000] {logging_mixin.py:188} INFO - [2024-02-14T20:52:35.262+0000] {dag.py:3036} INFO - Sync 1 DAGs
[2024-02-14T20:52:35.313+0000] {logging_mixin.py:188} INFO - [2024-02-14T20:52:35.313+0000] {dag.py:3823} INFO - Setting next_dagrun for example_bash_operator to 2024-02-13 00:00:00+00:00, run_after=2024-02-14 00:00:00+00:00
[2024-02-14T20:52:35.358+0000] {processor.py:183} INFO - Processing /home/airflow/.local/lib/python3.8/site-packages/airflow/example_dags/example_bash_operator.py took 0.213 seconds
[2024-02-14T20:53:05.926+0000] {processor.py:161} INFO - Started process (PID=7493) to work on /home/airflow/.local/lib/python3.8/site-packages/airflow/example_dags/example_bash_operator.py
[2024-02-14T20:53:05.928+0000] {processor.py:830} INFO - Processing file /home/airflow/.local/lib/python3.8/site-packages/airflow/example_dags/example_bash_operator.py for tasks to queue
[2024-02-14T20:53:05.930+0000] {logging_mixin.py:188} INFO - [2024-02-14T20:53:05.929+0000] {dagbag.py:538} INFO - Filling up the DagBag from /home/airflow/.local/lib/python3.8/site-packages/airflow/example_dags/example_bash_operator.py
[2024-02-14T20:53:05.951+0000] {processor.py:840} INFO - DAG(s) 'example_bash_operator' retrieved from /home/airflow/.local/lib/python3.8/site-packages/airflow/example_dags/example_bash_operator.py
[2024-02-14T20:53:06.001+0000] {logging_mixin.py:188} INFO - [2024-02-14T20:53:06.000+0000] {dag.py:3036} INFO - Sync 1 DAGs
[2024-02-14T20:53:06.045+0000] {logging_mixin.py:188} INFO - [2024-02-14T20:53:06.045+0000] {dag.py:3823} INFO - Setting next_dagrun for example_bash_operator to 2024-02-13 00:00:00+00:00, run_after=2024-02-14 00:00:00+00:00
[2024-02-14T20:53:06.081+0000] {processor.py:183} INFO - Processing /home/airflow/.local/lib/python3.8/site-packages/airflow/example_dags/example_bash_operator.py took 0.160 seconds
[2024-02-14T20:53:36.647+0000] {processor.py:161} INFO - Started process (PID=7740) to work on /home/airflow/.local/lib/python3.8/site-packages/airflow/example_dags/example_bash_operator.py
[2024-02-14T20:53:36.650+0000] {processor.py:830} INFO - Processing file /home/airflow/.local/lib/python3.8/site-packages/airflow/example_dags/example_bash_operator.py for tasks to queue
[2024-02-14T20:53:36.652+0000] {logging_mixin.py:188} INFO - [2024-02-14T20:53:36.652+0000] {dagbag.py:538} INFO - Filling up the DagBag from /home/airflow/.local/lib/python3.8/site-packages/airflow/example_dags/example_bash_operator.py
[2024-02-14T20:53:36.684+0000] {processor.py:840} INFO - DAG(s) 'example_bash_operator' retrieved from /home/airflow/.local/lib/python3.8/site-packages/airflow/example_dags/example_bash_operator.py
[2024-02-14T20:53:36.768+0000] {logging_mixin.py:188} INFO - [2024-02-14T20:53:36.767+0000] {dag.py:3036} INFO - Sync 1 DAGs
[2024-02-14T20:53:36.828+0000] {logging_mixin.py:188} INFO - [2024-02-14T20:53:36.827+0000] {dag.py:3823} INFO - Setting next_dagrun for example_bash_operator to 2024-02-13 00:00:00+00:00, run_after=2024-02-14 00:00:00+00:00
[2024-02-14T20:53:36.881+0000] {processor.py:183} INFO - Processing /home/airflow/.local/lib/python3.8/site-packages/airflow/example_dags/example_bash_operator.py took 0.242 seconds
[2024-02-14T20:54:07.186+0000] {processor.py:161} INFO - Started process (PID=7987) to work on /home/airflow/.local/lib/python3.8/site-packages/airflow/example_dags/example_bash_operator.py
[2024-02-14T20:54:07.189+0000] {processor.py:830} INFO - Processing file /home/airflow/.local/lib/python3.8/site-packages/airflow/example_dags/example_bash_operator.py for tasks to queue
[2024-02-14T20:54:07.192+0000] {logging_mixin.py:188} INFO - [2024-02-14T20:54:07.191+0000] {dagbag.py:538} INFO - Filling up the DagBag from /home/airflow/.local/lib/python3.8/site-packages/airflow/example_dags/example_bash_operator.py
[2024-02-14T20:54:07.231+0000] {processor.py:840} INFO - DAG(s) 'example_bash_operator' retrieved from /home/airflow/.local/lib/python3.8/site-packages/airflow/example_dags/example_bash_operator.py
[2024-02-14T20:54:07.372+0000] {logging_mixin.py:188} INFO - [2024-02-14T20:54:07.371+0000] {dag.py:3036} INFO - Sync 1 DAGs
[2024-02-14T20:54:07.460+0000] {logging_mixin.py:188} INFO - [2024-02-14T20:54:07.459+0000] {dag.py:3823} INFO - Setting next_dagrun for example_bash_operator to 2024-02-13 00:00:00+00:00, run_after=2024-02-14 00:00:00+00:00
[2024-02-14T20:54:07.543+0000] {processor.py:183} INFO - Processing /home/airflow/.local/lib/python3.8/site-packages/airflow/example_dags/example_bash_operator.py took 0.364 seconds
[2024-02-14T20:54:37.858+0000] {processor.py:161} INFO - Started process (PID=8236) to work on /home/airflow/.local/lib/python3.8/site-packages/airflow/example_dags/example_bash_operator.py
[2024-02-14T20:54:37.860+0000] {processor.py:830} INFO - Processing file /home/airflow/.local/lib/python3.8/site-packages/airflow/example_dags/example_bash_operator.py for tasks to queue
[2024-02-14T20:54:37.862+0000] {logging_mixin.py:188} INFO - [2024-02-14T20:54:37.861+0000] {dagbag.py:538} INFO - Filling up the DagBag from /home/airflow/.local/lib/python3.8/site-packages/airflow/example_dags/example_bash_operator.py
[2024-02-14T20:54:37.890+0000] {processor.py:840} INFO - DAG(s) 'example_bash_operator' retrieved from /home/airflow/.local/lib/python3.8/site-packages/airflow/example_dags/example_bash_operator.py
[2024-02-14T20:54:37.961+0000] {logging_mixin.py:188} INFO - [2024-02-14T20:54:37.960+0000] {dag.py:3036} INFO - Sync 1 DAGs
[2024-02-14T20:54:38.042+0000] {logging_mixin.py:188} INFO - [2024-02-14T20:54:38.042+0000] {dag.py:3823} INFO - Setting next_dagrun for example_bash_operator to 2024-02-13 00:00:00+00:00, run_after=2024-02-14 00:00:00+00:00
[2024-02-14T20:54:38.141+0000] {processor.py:183} INFO - Processing /home/airflow/.local/lib/python3.8/site-packages/airflow/example_dags/example_bash_operator.py took 0.290 seconds
[2024-02-14T20:55:08.629+0000] {processor.py:161} INFO - Started process (PID=8481) to work on /home/airflow/.local/lib/python3.8/site-packages/airflow/example_dags/example_bash_operator.py
[2024-02-14T20:55:08.631+0000] {processor.py:830} INFO - Processing file /home/airflow/.local/lib/python3.8/site-packages/airflow/example_dags/example_bash_operator.py for tasks to queue
[2024-02-14T20:55:08.633+0000] {logging_mixin.py:188} INFO - [2024-02-14T20:55:08.633+0000] {dagbag.py:538} INFO - Filling up the DagBag from /home/airflow/.local/lib/python3.8/site-packages/airflow/example_dags/example_bash_operator.py
[2024-02-14T20:55:08.655+0000] {processor.py:840} INFO - DAG(s) 'example_bash_operator' retrieved from /home/airflow/.local/lib/python3.8/site-packages/airflow/example_dags/example_bash_operator.py
[2024-02-14T20:55:08.731+0000] {logging_mixin.py:188} INFO - [2024-02-14T20:55:08.730+0000] {dag.py:3036} INFO - Sync 1 DAGs
[2024-02-14T20:55:08.788+0000] {logging_mixin.py:188} INFO - [2024-02-14T20:55:08.787+0000] {dag.py:3823} INFO - Setting next_dagrun for example_bash_operator to 2024-02-13 00:00:00+00:00, run_after=2024-02-14 00:00:00+00:00
[2024-02-14T20:55:08.833+0000] {processor.py:183} INFO - Processing /home/airflow/.local/lib/python3.8/site-packages/airflow/example_dags/example_bash_operator.py took 0.210 seconds
[2024-02-14T20:55:39.243+0000] {processor.py:161} INFO - Started process (PID=8728) to work on /home/airflow/.local/lib/python3.8/site-packages/airflow/example_dags/example_bash_operator.py
[2024-02-14T20:55:39.248+0000] {processor.py:830} INFO - Processing file /home/airflow/.local/lib/python3.8/site-packages/airflow/example_dags/example_bash_operator.py for tasks to queue
[2024-02-14T20:55:39.252+0000] {logging_mixin.py:188} INFO - [2024-02-14T20:55:39.250+0000] {dagbag.py:538} INFO - Filling up the DagBag from /home/airflow/.local/lib/python3.8/site-packages/airflow/example_dags/example_bash_operator.py
[2024-02-14T20:55:39.314+0000] {processor.py:840} INFO - DAG(s) 'example_bash_operator' retrieved from /home/airflow/.local/lib/python3.8/site-packages/airflow/example_dags/example_bash_operator.py
[2024-02-14T20:55:39.387+0000] {logging_mixin.py:188} INFO - [2024-02-14T20:55:39.387+0000] {dag.py:3036} INFO - Sync 1 DAGs
[2024-02-14T20:55:39.440+0000] {logging_mixin.py:188} INFO - [2024-02-14T20:55:39.440+0000] {dag.py:3823} INFO - Setting next_dagrun for example_bash_operator to 2024-02-13 00:00:00+00:00, run_after=2024-02-14 00:00:00+00:00
[2024-02-14T20:55:39.480+0000] {processor.py:183} INFO - Processing /home/airflow/.local/lib/python3.8/site-packages/airflow/example_dags/example_bash_operator.py took 0.246 seconds
[2024-02-14T20:56:09.938+0000] {processor.py:161} INFO - Started process (PID=8975) to work on /home/airflow/.local/lib/python3.8/site-packages/airflow/example_dags/example_bash_operator.py
[2024-02-14T20:56:09.946+0000] {processor.py:830} INFO - Processing file /home/airflow/.local/lib/python3.8/site-packages/airflow/example_dags/example_bash_operator.py for tasks to queue
[2024-02-14T20:56:09.952+0000] {logging_mixin.py:188} INFO - [2024-02-14T20:56:09.951+0000] {dagbag.py:538} INFO - Filling up the DagBag from /home/airflow/.local/lib/python3.8/site-packages/airflow/example_dags/example_bash_operator.py
[2024-02-14T20:56:10.018+0000] {processor.py:840} INFO - DAG(s) 'example_bash_operator' retrieved from /home/airflow/.local/lib/python3.8/site-packages/airflow/example_dags/example_bash_operator.py
[2024-02-14T20:56:10.088+0000] {logging_mixin.py:188} INFO - [2024-02-14T20:56:10.088+0000] {dag.py:3036} INFO - Sync 1 DAGs
[2024-02-14T20:56:10.125+0000] {logging_mixin.py:188} INFO - [2024-02-14T20:56:10.124+0000] {dag.py:3823} INFO - Setting next_dagrun for example_bash_operator to 2024-02-13 00:00:00+00:00, run_after=2024-02-14 00:00:00+00:00
[2024-02-14T20:56:10.153+0000] {processor.py:183} INFO - Processing /home/airflow/.local/lib/python3.8/site-packages/airflow/example_dags/example_bash_operator.py took 0.229 seconds
[2024-02-14T20:56:40.536+0000] {processor.py:161} INFO - Started process (PID=9216) to work on /home/airflow/.local/lib/python3.8/site-packages/airflow/example_dags/example_bash_operator.py
[2024-02-14T20:56:40.539+0000] {processor.py:830} INFO - Processing file /home/airflow/.local/lib/python3.8/site-packages/airflow/example_dags/example_bash_operator.py for tasks to queue
[2024-02-14T20:56:40.541+0000] {logging_mixin.py:188} INFO - [2024-02-14T20:56:40.540+0000] {dagbag.py:538} INFO - Filling up the DagBag from /home/airflow/.local/lib/python3.8/site-packages/airflow/example_dags/example_bash_operator.py
[2024-02-14T20:56:40.572+0000] {processor.py:840} INFO - DAG(s) 'example_bash_operator' retrieved from /home/airflow/.local/lib/python3.8/site-packages/airflow/example_dags/example_bash_operator.py
[2024-02-14T20:56:40.650+0000] {logging_mixin.py:188} INFO - [2024-02-14T20:56:40.649+0000] {dag.py:3036} INFO - Sync 1 DAGs
[2024-02-14T20:56:40.711+0000] {logging_mixin.py:188} INFO - [2024-02-14T20:56:40.710+0000] {dag.py:3823} INFO - Setting next_dagrun for example_bash_operator to 2024-02-13 00:00:00+00:00, run_after=2024-02-14 00:00:00+00:00
[2024-02-14T20:56:40.774+0000] {processor.py:183} INFO - Processing /home/airflow/.local/lib/python3.8/site-packages/airflow/example_dags/example_bash_operator.py took 0.244 seconds
[2024-02-14T20:57:11.798+0000] {processor.py:161} INFO - Started process (PID=9468) to work on /home/airflow/.local/lib/python3.8/site-packages/airflow/example_dags/example_bash_operator.py
[2024-02-14T20:57:11.800+0000] {processor.py:830} INFO - Processing file /home/airflow/.local/lib/python3.8/site-packages/airflow/example_dags/example_bash_operator.py for tasks to queue
[2024-02-14T20:57:11.802+0000] {logging_mixin.py:188} INFO - [2024-02-14T20:57:11.801+0000] {dagbag.py:538} INFO - Filling up the DagBag from /home/airflow/.local/lib/python3.8/site-packages/airflow/example_dags/example_bash_operator.py
[2024-02-14T20:57:11.821+0000] {processor.py:840} INFO - DAG(s) 'example_bash_operator' retrieved from /home/airflow/.local/lib/python3.8/site-packages/airflow/example_dags/example_bash_operator.py
[2024-02-14T20:57:11.870+0000] {logging_mixin.py:188} INFO - [2024-02-14T20:57:11.870+0000] {dag.py:3036} INFO - Sync 1 DAGs
[2024-02-14T20:57:11.905+0000] {logging_mixin.py:188} INFO - [2024-02-14T20:57:11.905+0000] {dag.py:3823} INFO - Setting next_dagrun for example_bash_operator to 2024-02-13 00:00:00+00:00, run_after=2024-02-14 00:00:00+00:00
[2024-02-14T20:57:11.933+0000] {processor.py:183} INFO - Processing /home/airflow/.local/lib/python3.8/site-packages/airflow/example_dags/example_bash_operator.py took 0.140 seconds
[2024-02-14T20:57:42.203+0000] {processor.py:161} INFO - Started process (PID=9715) to work on /home/airflow/.local/lib/python3.8/site-packages/airflow/example_dags/example_bash_operator.py
[2024-02-14T20:57:42.205+0000] {processor.py:830} INFO - Processing file /home/airflow/.local/lib/python3.8/site-packages/airflow/example_dags/example_bash_operator.py for tasks to queue
[2024-02-14T20:57:42.209+0000] {logging_mixin.py:188} INFO - [2024-02-14T20:57:42.207+0000] {dagbag.py:538} INFO - Filling up the DagBag from /home/airflow/.local/lib/python3.8/site-packages/airflow/example_dags/example_bash_operator.py
[2024-02-14T20:57:42.256+0000] {processor.py:840} INFO - DAG(s) 'example_bash_operator' retrieved from /home/airflow/.local/lib/python3.8/site-packages/airflow/example_dags/example_bash_operator.py
[2024-02-14T20:57:42.363+0000] {logging_mixin.py:188} INFO - [2024-02-14T20:57:42.362+0000] {dag.py:3036} INFO - Sync 1 DAGs
[2024-02-14T20:57:42.454+0000] {logging_mixin.py:188} INFO - [2024-02-14T20:57:42.454+0000] {dag.py:3823} INFO - Setting next_dagrun for example_bash_operator to 2024-02-13 00:00:00+00:00, run_after=2024-02-14 00:00:00+00:00
[2024-02-14T20:57:42.501+0000] {processor.py:183} INFO - Processing /home/airflow/.local/lib/python3.8/site-packages/airflow/example_dags/example_bash_operator.py took 0.307 seconds
