[2024-02-14T20:38:05.131+0000] {processor.py:161} INFO - Started process (PID=193) to work on /home/airflow/.local/lib/python3.8/site-packages/airflow/example_dags/example_branch_labels.py
[2024-02-14T20:38:05.135+0000] {processor.py:830} INFO - Processing file /home/airflow/.local/lib/python3.8/site-packages/airflow/example_dags/example_branch_labels.py for tasks to queue
[2024-02-14T20:38:05.140+0000] {logging_mixin.py:188} INFO - [2024-02-14T20:38:05.139+0000] {dagbag.py:538} INFO - Filling up the DagBag from /home/airflow/.local/lib/python3.8/site-packages/airflow/example_dags/example_branch_labels.py
[2024-02-14T20:38:05.186+0000] {processor.py:840} INFO - DAG(s) 'example_branch_labels' retrieved from /home/airflow/.local/lib/python3.8/site-packages/airflow/example_dags/example_branch_labels.py
[2024-02-14T20:38:05.633+0000] {logging_mixin.py:188} INFO - [2024-02-14T20:38:05.631+0000] {dag.py:3036} INFO - Sync 1 DAGs
[2024-02-14T20:38:05.733+0000] {logging_mixin.py:188} INFO - [2024-02-14T20:38:05.733+0000] {dag.py:3823} INFO - Setting next_dagrun for example_branch_labels to 2024-02-13 00:00:00+00:00, run_after=2024-02-14 00:00:00+00:00
[2024-02-14T20:38:05.855+0000] {processor.py:183} INFO - Processing /home/airflow/.local/lib/python3.8/site-packages/airflow/example_dags/example_branch_labels.py took 0.738 seconds
[2024-02-14T20:38:36.193+0000] {processor.py:161} INFO - Started process (PID=438) to work on /home/airflow/.local/lib/python3.8/site-packages/airflow/example_dags/example_branch_labels.py
[2024-02-14T20:38:36.195+0000] {processor.py:830} INFO - Processing file /home/airflow/.local/lib/python3.8/site-packages/airflow/example_dags/example_branch_labels.py for tasks to queue
[2024-02-14T20:38:36.197+0000] {logging_mixin.py:188} INFO - [2024-02-14T20:38:36.197+0000] {dagbag.py:538} INFO - Filling up the DagBag from /home/airflow/.local/lib/python3.8/site-packages/airflow/example_dags/example_branch_labels.py
[2024-02-14T20:38:36.214+0000] {processor.py:840} INFO - DAG(s) 'example_branch_labels' retrieved from /home/airflow/.local/lib/python3.8/site-packages/airflow/example_dags/example_branch_labels.py
[2024-02-14T20:38:36.258+0000] {logging_mixin.py:188} INFO - [2024-02-14T20:38:36.257+0000] {dag.py:3036} INFO - Sync 1 DAGs
[2024-02-14T20:38:36.334+0000] {logging_mixin.py:188} INFO - [2024-02-14T20:38:36.334+0000] {dag.py:3823} INFO - Setting next_dagrun for example_branch_labels to 2024-02-13 00:00:00+00:00, run_after=2024-02-14 00:00:00+00:00
[2024-02-14T20:38:36.374+0000] {processor.py:183} INFO - Processing /home/airflow/.local/lib/python3.8/site-packages/airflow/example_dags/example_branch_labels.py took 0.189 seconds
[2024-02-14T20:39:06.859+0000] {processor.py:161} INFO - Started process (PID=685) to work on /home/airflow/.local/lib/python3.8/site-packages/airflow/example_dags/example_branch_labels.py
[2024-02-14T20:39:06.862+0000] {processor.py:830} INFO - Processing file /home/airflow/.local/lib/python3.8/site-packages/airflow/example_dags/example_branch_labels.py for tasks to queue
[2024-02-14T20:39:06.865+0000] {logging_mixin.py:188} INFO - [2024-02-14T20:39:06.864+0000] {dagbag.py:538} INFO - Filling up the DagBag from /home/airflow/.local/lib/python3.8/site-packages/airflow/example_dags/example_branch_labels.py
[2024-02-14T20:39:06.887+0000] {processor.py:840} INFO - DAG(s) 'example_branch_labels' retrieved from /home/airflow/.local/lib/python3.8/site-packages/airflow/example_dags/example_branch_labels.py
[2024-02-14T20:39:06.944+0000] {logging_mixin.py:188} INFO - [2024-02-14T20:39:06.943+0000] {dag.py:3036} INFO - Sync 1 DAGs
[2024-02-14T20:39:07.009+0000] {logging_mixin.py:188} INFO - [2024-02-14T20:39:07.008+0000] {dag.py:3823} INFO - Setting next_dagrun for example_branch_labels to 2024-02-13 00:00:00+00:00, run_after=2024-02-14 00:00:00+00:00
[2024-02-14T20:39:07.057+0000] {processor.py:183} INFO - Processing /home/airflow/.local/lib/python3.8/site-packages/airflow/example_dags/example_branch_labels.py took 0.208 seconds
[2024-02-14T20:39:37.257+0000] {processor.py:161} INFO - Started process (PID=932) to work on /home/airflow/.local/lib/python3.8/site-packages/airflow/example_dags/example_branch_labels.py
[2024-02-14T20:39:37.264+0000] {processor.py:830} INFO - Processing file /home/airflow/.local/lib/python3.8/site-packages/airflow/example_dags/example_branch_labels.py for tasks to queue
[2024-02-14T20:39:37.267+0000] {logging_mixin.py:188} INFO - [2024-02-14T20:39:37.266+0000] {dagbag.py:538} INFO - Filling up the DagBag from /home/airflow/.local/lib/python3.8/site-packages/airflow/example_dags/example_branch_labels.py
[2024-02-14T20:39:37.290+0000] {processor.py:840} INFO - DAG(s) 'example_branch_labels' retrieved from /home/airflow/.local/lib/python3.8/site-packages/airflow/example_dags/example_branch_labels.py
[2024-02-14T20:39:37.351+0000] {logging_mixin.py:188} INFO - [2024-02-14T20:39:37.351+0000] {dag.py:3036} INFO - Sync 1 DAGs
[2024-02-14T20:39:37.416+0000] {logging_mixin.py:188} INFO - [2024-02-14T20:39:37.416+0000] {dag.py:3823} INFO - Setting next_dagrun for example_branch_labels to 2024-02-13 00:00:00+00:00, run_after=2024-02-14 00:00:00+00:00
[2024-02-14T20:39:37.468+0000] {processor.py:183} INFO - Processing /home/airflow/.local/lib/python3.8/site-packages/airflow/example_dags/example_branch_labels.py took 0.220 seconds
[2024-02-14T20:40:07.807+0000] {processor.py:161} INFO - Started process (PID=1179) to work on /home/airflow/.local/lib/python3.8/site-packages/airflow/example_dags/example_branch_labels.py
[2024-02-14T20:40:07.813+0000] {processor.py:830} INFO - Processing file /home/airflow/.local/lib/python3.8/site-packages/airflow/example_dags/example_branch_labels.py for tasks to queue
[2024-02-14T20:40:07.818+0000] {logging_mixin.py:188} INFO - [2024-02-14T20:40:07.817+0000] {dagbag.py:538} INFO - Filling up the DagBag from /home/airflow/.local/lib/python3.8/site-packages/airflow/example_dags/example_branch_labels.py
[2024-02-14T20:40:07.846+0000] {processor.py:840} INFO - DAG(s) 'example_branch_labels' retrieved from /home/airflow/.local/lib/python3.8/site-packages/airflow/example_dags/example_branch_labels.py
[2024-02-14T20:40:07.909+0000] {logging_mixin.py:188} INFO - [2024-02-14T20:40:07.908+0000] {dag.py:3036} INFO - Sync 1 DAGs
[2024-02-14T20:40:07.977+0000] {logging_mixin.py:188} INFO - [2024-02-14T20:40:07.977+0000] {dag.py:3823} INFO - Setting next_dagrun for example_branch_labels to 2024-02-13 00:00:00+00:00, run_after=2024-02-14 00:00:00+00:00
[2024-02-14T20:40:08.049+0000] {processor.py:183} INFO - Processing /home/airflow/.local/lib/python3.8/site-packages/airflow/example_dags/example_branch_labels.py took 0.252 seconds
[2024-02-14T20:40:38.284+0000] {processor.py:161} INFO - Started process (PID=1427) to work on /home/airflow/.local/lib/python3.8/site-packages/airflow/example_dags/example_branch_labels.py
[2024-02-14T20:40:38.288+0000] {processor.py:830} INFO - Processing file /home/airflow/.local/lib/python3.8/site-packages/airflow/example_dags/example_branch_labels.py for tasks to queue
[2024-02-14T20:40:38.292+0000] {logging_mixin.py:188} INFO - [2024-02-14T20:40:38.291+0000] {dagbag.py:538} INFO - Filling up the DagBag from /home/airflow/.local/lib/python3.8/site-packages/airflow/example_dags/example_branch_labels.py
[2024-02-14T20:40:38.321+0000] {processor.py:840} INFO - DAG(s) 'example_branch_labels' retrieved from /home/airflow/.local/lib/python3.8/site-packages/airflow/example_dags/example_branch_labels.py
[2024-02-14T20:40:38.402+0000] {logging_mixin.py:188} INFO - [2024-02-14T20:40:38.401+0000] {dag.py:3036} INFO - Sync 1 DAGs
[2024-02-14T20:40:38.502+0000] {logging_mixin.py:188} INFO - [2024-02-14T20:40:38.501+0000] {dag.py:3823} INFO - Setting next_dagrun for example_branch_labels to 2024-02-13 00:00:00+00:00, run_after=2024-02-14 00:00:00+00:00
[2024-02-14T20:40:38.566+0000] {processor.py:183} INFO - Processing /home/airflow/.local/lib/python3.8/site-packages/airflow/example_dags/example_branch_labels.py took 0.296 seconds
[2024-02-14T20:41:08.871+0000] {processor.py:161} INFO - Started process (PID=1674) to work on /home/airflow/.local/lib/python3.8/site-packages/airflow/example_dags/example_branch_labels.py
[2024-02-14T20:41:08.880+0000] {processor.py:830} INFO - Processing file /home/airflow/.local/lib/python3.8/site-packages/airflow/example_dags/example_branch_labels.py for tasks to queue
[2024-02-14T20:41:08.901+0000] {logging_mixin.py:188} INFO - [2024-02-14T20:41:08.900+0000] {dagbag.py:538} INFO - Filling up the DagBag from /home/airflow/.local/lib/python3.8/site-packages/airflow/example_dags/example_branch_labels.py
[2024-02-14T20:41:08.938+0000] {processor.py:840} INFO - DAG(s) 'example_branch_labels' retrieved from /home/airflow/.local/lib/python3.8/site-packages/airflow/example_dags/example_branch_labels.py
[2024-02-14T20:41:09.040+0000] {logging_mixin.py:188} INFO - [2024-02-14T20:41:09.040+0000] {dag.py:3036} INFO - Sync 1 DAGs
[2024-02-14T20:41:09.107+0000] {logging_mixin.py:188} INFO - [2024-02-14T20:41:09.106+0000] {dag.py:3823} INFO - Setting next_dagrun for example_branch_labels to 2024-02-13 00:00:00+00:00, run_after=2024-02-14 00:00:00+00:00
[2024-02-14T20:41:09.158+0000] {processor.py:183} INFO - Processing /home/airflow/.local/lib/python3.8/site-packages/airflow/example_dags/example_branch_labels.py took 0.301 seconds
[2024-02-14T20:41:40.060+0000] {processor.py:161} INFO - Started process (PID=1921) to work on /home/airflow/.local/lib/python3.8/site-packages/airflow/example_dags/example_branch_labels.py
[2024-02-14T20:41:40.066+0000] {processor.py:830} INFO - Processing file /home/airflow/.local/lib/python3.8/site-packages/airflow/example_dags/example_branch_labels.py for tasks to queue
[2024-02-14T20:41:40.072+0000] {logging_mixin.py:188} INFO - [2024-02-14T20:41:40.070+0000] {dagbag.py:538} INFO - Filling up the DagBag from /home/airflow/.local/lib/python3.8/site-packages/airflow/example_dags/example_branch_labels.py
[2024-02-14T20:41:40.106+0000] {processor.py:840} INFO - DAG(s) 'example_branch_labels' retrieved from /home/airflow/.local/lib/python3.8/site-packages/airflow/example_dags/example_branch_labels.py
[2024-02-14T20:41:40.185+0000] {logging_mixin.py:188} INFO - [2024-02-14T20:41:40.184+0000] {dag.py:3036} INFO - Sync 1 DAGs
[2024-02-14T20:41:40.270+0000] {logging_mixin.py:188} INFO - [2024-02-14T20:41:40.269+0000] {dag.py:3823} INFO - Setting next_dagrun for example_branch_labels to 2024-02-13 00:00:00+00:00, run_after=2024-02-14 00:00:00+00:00
[2024-02-14T20:41:40.341+0000] {processor.py:183} INFO - Processing /home/airflow/.local/lib/python3.8/site-packages/airflow/example_dags/example_branch_labels.py took 0.295 seconds
[2024-02-14T20:42:10.691+0000] {processor.py:161} INFO - Started process (PID=2168) to work on /home/airflow/.local/lib/python3.8/site-packages/airflow/example_dags/example_branch_labels.py
[2024-02-14T20:42:10.697+0000] {processor.py:830} INFO - Processing file /home/airflow/.local/lib/python3.8/site-packages/airflow/example_dags/example_branch_labels.py for tasks to queue
[2024-02-14T20:42:10.702+0000] {logging_mixin.py:188} INFO - [2024-02-14T20:42:10.700+0000] {dagbag.py:538} INFO - Filling up the DagBag from /home/airflow/.local/lib/python3.8/site-packages/airflow/example_dags/example_branch_labels.py
[2024-02-14T20:42:10.745+0000] {processor.py:840} INFO - DAG(s) 'example_branch_labels' retrieved from /home/airflow/.local/lib/python3.8/site-packages/airflow/example_dags/example_branch_labels.py
[2024-02-14T20:42:10.820+0000] {logging_mixin.py:188} INFO - [2024-02-14T20:42:10.819+0000] {dag.py:3036} INFO - Sync 1 DAGs
[2024-02-14T20:42:10.897+0000] {logging_mixin.py:188} INFO - [2024-02-14T20:42:10.897+0000] {dag.py:3823} INFO - Setting next_dagrun for example_branch_labels to 2024-02-13 00:00:00+00:00, run_after=2024-02-14 00:00:00+00:00
[2024-02-14T20:42:10.972+0000] {processor.py:183} INFO - Processing /home/airflow/.local/lib/python3.8/site-packages/airflow/example_dags/example_branch_labels.py took 0.296 seconds
[2024-02-14T20:42:41.977+0000] {processor.py:161} INFO - Started process (PID=2424) to work on /home/airflow/.local/lib/python3.8/site-packages/airflow/example_dags/example_branch_labels.py
[2024-02-14T20:42:41.980+0000] {processor.py:830} INFO - Processing file /home/airflow/.local/lib/python3.8/site-packages/airflow/example_dags/example_branch_labels.py for tasks to queue
[2024-02-14T20:42:41.982+0000] {logging_mixin.py:188} INFO - [2024-02-14T20:42:41.982+0000] {dagbag.py:538} INFO - Filling up the DagBag from /home/airflow/.local/lib/python3.8/site-packages/airflow/example_dags/example_branch_labels.py
[2024-02-14T20:42:42.001+0000] {processor.py:840} INFO - DAG(s) 'example_branch_labels' retrieved from /home/airflow/.local/lib/python3.8/site-packages/airflow/example_dags/example_branch_labels.py
[2024-02-14T20:42:42.051+0000] {logging_mixin.py:188} INFO - [2024-02-14T20:42:42.051+0000] {dag.py:3036} INFO - Sync 1 DAGs
[2024-02-14T20:42:42.112+0000] {logging_mixin.py:188} INFO - [2024-02-14T20:42:42.111+0000] {dag.py:3823} INFO - Setting next_dagrun for example_branch_labels to 2024-02-13 00:00:00+00:00, run_after=2024-02-14 00:00:00+00:00
[2024-02-14T20:42:42.153+0000] {processor.py:183} INFO - Processing /home/airflow/.local/lib/python3.8/site-packages/airflow/example_dags/example_branch_labels.py took 0.182 seconds
[2024-02-14T20:43:12.358+0000] {processor.py:161} INFO - Started process (PID=2669) to work on /home/airflow/.local/lib/python3.8/site-packages/airflow/example_dags/example_branch_labels.py
[2024-02-14T20:43:12.360+0000] {processor.py:830} INFO - Processing file /home/airflow/.local/lib/python3.8/site-packages/airflow/example_dags/example_branch_labels.py for tasks to queue
[2024-02-14T20:43:12.362+0000] {logging_mixin.py:188} INFO - [2024-02-14T20:43:12.361+0000] {dagbag.py:538} INFO - Filling up the DagBag from /home/airflow/.local/lib/python3.8/site-packages/airflow/example_dags/example_branch_labels.py
[2024-02-14T20:43:12.378+0000] {processor.py:840} INFO - DAG(s) 'example_branch_labels' retrieved from /home/airflow/.local/lib/python3.8/site-packages/airflow/example_dags/example_branch_labels.py
[2024-02-14T20:43:12.422+0000] {logging_mixin.py:188} INFO - [2024-02-14T20:43:12.421+0000] {dag.py:3036} INFO - Sync 1 DAGs
[2024-02-14T20:43:12.468+0000] {logging_mixin.py:188} INFO - [2024-02-14T20:43:12.468+0000] {dag.py:3823} INFO - Setting next_dagrun for example_branch_labels to 2024-02-13 00:00:00+00:00, run_after=2024-02-14 00:00:00+00:00
[2024-02-14T20:43:12.506+0000] {processor.py:183} INFO - Processing /home/airflow/.local/lib/python3.8/site-packages/airflow/example_dags/example_branch_labels.py took 0.154 seconds
[2024-02-14T20:43:42.790+0000] {processor.py:161} INFO - Started process (PID=2917) to work on /home/airflow/.local/lib/python3.8/site-packages/airflow/example_dags/example_branch_labels.py
[2024-02-14T20:43:42.792+0000] {processor.py:830} INFO - Processing file /home/airflow/.local/lib/python3.8/site-packages/airflow/example_dags/example_branch_labels.py for tasks to queue
[2024-02-14T20:43:42.795+0000] {logging_mixin.py:188} INFO - [2024-02-14T20:43:42.794+0000] {dagbag.py:538} INFO - Filling up the DagBag from /home/airflow/.local/lib/python3.8/site-packages/airflow/example_dags/example_branch_labels.py
[2024-02-14T20:43:42.812+0000] {processor.py:840} INFO - DAG(s) 'example_branch_labels' retrieved from /home/airflow/.local/lib/python3.8/site-packages/airflow/example_dags/example_branch_labels.py
[2024-02-14T20:43:42.889+0000] {logging_mixin.py:188} INFO - [2024-02-14T20:43:42.889+0000] {dag.py:3036} INFO - Sync 1 DAGs
[2024-02-14T20:43:42.973+0000] {logging_mixin.py:188} INFO - [2024-02-14T20:43:42.973+0000] {dag.py:3823} INFO - Setting next_dagrun for example_branch_labels to 2024-02-13 00:00:00+00:00, run_after=2024-02-14 00:00:00+00:00
[2024-02-14T20:43:43.020+0000] {processor.py:183} INFO - Processing /home/airflow/.local/lib/python3.8/site-packages/airflow/example_dags/example_branch_labels.py took 0.235 seconds
[2024-02-14T20:44:13.337+0000] {processor.py:161} INFO - Started process (PID=3165) to work on /home/airflow/.local/lib/python3.8/site-packages/airflow/example_dags/example_branch_labels.py
[2024-02-14T20:44:13.338+0000] {processor.py:830} INFO - Processing file /home/airflow/.local/lib/python3.8/site-packages/airflow/example_dags/example_branch_labels.py for tasks to queue
[2024-02-14T20:44:13.340+0000] {logging_mixin.py:188} INFO - [2024-02-14T20:44:13.340+0000] {dagbag.py:538} INFO - Filling up the DagBag from /home/airflow/.local/lib/python3.8/site-packages/airflow/example_dags/example_branch_labels.py
[2024-02-14T20:44:13.351+0000] {processor.py:840} INFO - DAG(s) 'example_branch_labels' retrieved from /home/airflow/.local/lib/python3.8/site-packages/airflow/example_dags/example_branch_labels.py
[2024-02-14T20:44:13.386+0000] {logging_mixin.py:188} INFO - [2024-02-14T20:44:13.386+0000] {dag.py:3036} INFO - Sync 1 DAGs
[2024-02-14T20:44:13.421+0000] {logging_mixin.py:188} INFO - [2024-02-14T20:44:13.420+0000] {dag.py:3823} INFO - Setting next_dagrun for example_branch_labels to 2024-02-13 00:00:00+00:00, run_after=2024-02-14 00:00:00+00:00
[2024-02-14T20:44:13.454+0000] {processor.py:183} INFO - Processing /home/airflow/.local/lib/python3.8/site-packages/airflow/example_dags/example_branch_labels.py took 0.121 seconds
[2024-02-14T20:44:44.538+0000] {processor.py:161} INFO - Started process (PID=3410) to work on /home/airflow/.local/lib/python3.8/site-packages/airflow/example_dags/example_branch_labels.py
[2024-02-14T20:44:44.543+0000] {processor.py:830} INFO - Processing file /home/airflow/.local/lib/python3.8/site-packages/airflow/example_dags/example_branch_labels.py for tasks to queue
[2024-02-14T20:44:44.557+0000] {logging_mixin.py:188} INFO - [2024-02-14T20:44:44.556+0000] {dagbag.py:538} INFO - Filling up the DagBag from /home/airflow/.local/lib/python3.8/site-packages/airflow/example_dags/example_branch_labels.py
[2024-02-14T20:44:44.579+0000] {processor.py:840} INFO - DAG(s) 'example_branch_labels' retrieved from /home/airflow/.local/lib/python3.8/site-packages/airflow/example_dags/example_branch_labels.py
[2024-02-14T20:44:44.644+0000] {logging_mixin.py:188} INFO - [2024-02-14T20:44:44.644+0000] {dag.py:3036} INFO - Sync 1 DAGs
[2024-02-14T20:44:44.707+0000] {logging_mixin.py:188} INFO - [2024-02-14T20:44:44.707+0000] {dag.py:3823} INFO - Setting next_dagrun for example_branch_labels to 2024-02-13 00:00:00+00:00, run_after=2024-02-14 00:00:00+00:00
[2024-02-14T20:44:44.903+0000] {processor.py:183} INFO - Processing /home/airflow/.local/lib/python3.8/site-packages/airflow/example_dags/example_branch_labels.py took 0.376 seconds
[2024-02-14T20:45:15.764+0000] {processor.py:161} INFO - Started process (PID=3660) to work on /home/airflow/.local/lib/python3.8/site-packages/airflow/example_dags/example_branch_labels.py
[2024-02-14T20:45:15.766+0000] {processor.py:830} INFO - Processing file /home/airflow/.local/lib/python3.8/site-packages/airflow/example_dags/example_branch_labels.py for tasks to queue
[2024-02-14T20:45:15.769+0000] {logging_mixin.py:188} INFO - [2024-02-14T20:45:15.768+0000] {dagbag.py:538} INFO - Filling up the DagBag from /home/airflow/.local/lib/python3.8/site-packages/airflow/example_dags/example_branch_labels.py
[2024-02-14T20:45:15.785+0000] {processor.py:840} INFO - DAG(s) 'example_branch_labels' retrieved from /home/airflow/.local/lib/python3.8/site-packages/airflow/example_dags/example_branch_labels.py
[2024-02-14T20:45:15.837+0000] {logging_mixin.py:188} INFO - [2024-02-14T20:45:15.837+0000] {dag.py:3036} INFO - Sync 1 DAGs
[2024-02-14T20:45:15.903+0000] {logging_mixin.py:188} INFO - [2024-02-14T20:45:15.902+0000] {dag.py:3823} INFO - Setting next_dagrun for example_branch_labels to 2024-02-13 00:00:00+00:00, run_after=2024-02-14 00:00:00+00:00
[2024-02-14T20:45:15.964+0000] {processor.py:183} INFO - Processing /home/airflow/.local/lib/python3.8/site-packages/airflow/example_dags/example_branch_labels.py took 0.208 seconds
[2024-02-14T20:45:46.495+0000] {processor.py:161} INFO - Started process (PID=3907) to work on /home/airflow/.local/lib/python3.8/site-packages/airflow/example_dags/example_branch_labels.py
[2024-02-14T20:45:46.499+0000] {processor.py:830} INFO - Processing file /home/airflow/.local/lib/python3.8/site-packages/airflow/example_dags/example_branch_labels.py for tasks to queue
[2024-02-14T20:45:46.504+0000] {logging_mixin.py:188} INFO - [2024-02-14T20:45:46.502+0000] {dagbag.py:538} INFO - Filling up the DagBag from /home/airflow/.local/lib/python3.8/site-packages/airflow/example_dags/example_branch_labels.py
[2024-02-14T20:45:46.536+0000] {processor.py:840} INFO - DAG(s) 'example_branch_labels' retrieved from /home/airflow/.local/lib/python3.8/site-packages/airflow/example_dags/example_branch_labels.py
[2024-02-14T20:45:46.594+0000] {logging_mixin.py:188} INFO - [2024-02-14T20:45:46.593+0000] {dag.py:3036} INFO - Sync 1 DAGs
[2024-02-14T20:45:46.648+0000] {logging_mixin.py:188} INFO - [2024-02-14T20:45:46.648+0000] {dag.py:3823} INFO - Setting next_dagrun for example_branch_labels to 2024-02-13 00:00:00+00:00, run_after=2024-02-14 00:00:00+00:00
[2024-02-14T20:45:46.683+0000] {processor.py:183} INFO - Processing /home/airflow/.local/lib/python3.8/site-packages/airflow/example_dags/example_branch_labels.py took 0.203 seconds
[2024-02-14T20:46:17.073+0000] {processor.py:161} INFO - Started process (PID=4154) to work on /home/airflow/.local/lib/python3.8/site-packages/airflow/example_dags/example_branch_labels.py
[2024-02-14T20:46:17.078+0000] {processor.py:830} INFO - Processing file /home/airflow/.local/lib/python3.8/site-packages/airflow/example_dags/example_branch_labels.py for tasks to queue
[2024-02-14T20:46:17.082+0000] {logging_mixin.py:188} INFO - [2024-02-14T20:46:17.081+0000] {dagbag.py:538} INFO - Filling up the DagBag from /home/airflow/.local/lib/python3.8/site-packages/airflow/example_dags/example_branch_labels.py
[2024-02-14T20:46:17.122+0000] {processor.py:840} INFO - DAG(s) 'example_branch_labels' retrieved from /home/airflow/.local/lib/python3.8/site-packages/airflow/example_dags/example_branch_labels.py
[2024-02-14T20:46:17.182+0000] {logging_mixin.py:188} INFO - [2024-02-14T20:46:17.182+0000] {dag.py:3036} INFO - Sync 1 DAGs
[2024-02-14T20:46:17.216+0000] {logging_mixin.py:188} INFO - [2024-02-14T20:46:17.215+0000] {dag.py:3823} INFO - Setting next_dagrun for example_branch_labels to 2024-02-13 00:00:00+00:00, run_after=2024-02-14 00:00:00+00:00
[2024-02-14T20:46:17.244+0000] {processor.py:183} INFO - Processing /home/airflow/.local/lib/python3.8/site-packages/airflow/example_dags/example_branch_labels.py took 0.188 seconds
[2024-02-14T20:46:47.863+0000] {processor.py:161} INFO - Started process (PID=4402) to work on /home/airflow/.local/lib/python3.8/site-packages/airflow/example_dags/example_branch_labels.py
[2024-02-14T20:46:47.865+0000] {processor.py:830} INFO - Processing file /home/airflow/.local/lib/python3.8/site-packages/airflow/example_dags/example_branch_labels.py for tasks to queue
[2024-02-14T20:46:47.867+0000] {logging_mixin.py:188} INFO - [2024-02-14T20:46:47.867+0000] {dagbag.py:538} INFO - Filling up the DagBag from /home/airflow/.local/lib/python3.8/site-packages/airflow/example_dags/example_branch_labels.py
[2024-02-14T20:46:47.882+0000] {processor.py:840} INFO - DAG(s) 'example_branch_labels' retrieved from /home/airflow/.local/lib/python3.8/site-packages/airflow/example_dags/example_branch_labels.py
[2024-02-14T20:46:47.927+0000] {logging_mixin.py:188} INFO - [2024-02-14T20:46:47.926+0000] {dag.py:3036} INFO - Sync 1 DAGs
[2024-02-14T20:46:47.975+0000] {logging_mixin.py:188} INFO - [2024-02-14T20:46:47.975+0000] {dag.py:3823} INFO - Setting next_dagrun for example_branch_labels to 2024-02-13 00:00:00+00:00, run_after=2024-02-14 00:00:00+00:00
[2024-02-14T20:46:48.011+0000] {processor.py:183} INFO - Processing /home/airflow/.local/lib/python3.8/site-packages/airflow/example_dags/example_branch_labels.py took 0.155 seconds
[2024-02-14T20:47:18.821+0000] {processor.py:161} INFO - Started process (PID=4649) to work on /home/airflow/.local/lib/python3.8/site-packages/airflow/example_dags/example_branch_labels.py
[2024-02-14T20:47:18.823+0000] {processor.py:830} INFO - Processing file /home/airflow/.local/lib/python3.8/site-packages/airflow/example_dags/example_branch_labels.py for tasks to queue
[2024-02-14T20:47:18.825+0000] {logging_mixin.py:188} INFO - [2024-02-14T20:47:18.824+0000] {dagbag.py:538} INFO - Filling up the DagBag from /home/airflow/.local/lib/python3.8/site-packages/airflow/example_dags/example_branch_labels.py
[2024-02-14T20:47:18.837+0000] {processor.py:840} INFO - DAG(s) 'example_branch_labels' retrieved from /home/airflow/.local/lib/python3.8/site-packages/airflow/example_dags/example_branch_labels.py
[2024-02-14T20:47:18.874+0000] {logging_mixin.py:188} INFO - [2024-02-14T20:47:18.874+0000] {dag.py:3036} INFO - Sync 1 DAGs
[2024-02-14T20:47:18.915+0000] {logging_mixin.py:188} INFO - [2024-02-14T20:47:18.915+0000] {dag.py:3823} INFO - Setting next_dagrun for example_branch_labels to 2024-02-13 00:00:00+00:00, run_after=2024-02-14 00:00:00+00:00
[2024-02-14T20:47:18.953+0000] {processor.py:183} INFO - Processing /home/airflow/.local/lib/python3.8/site-packages/airflow/example_dags/example_branch_labels.py took 0.136 seconds
[2024-02-14T20:47:49.285+0000] {processor.py:161} INFO - Started process (PID=4896) to work on /home/airflow/.local/lib/python3.8/site-packages/airflow/example_dags/example_branch_labels.py
[2024-02-14T20:47:49.289+0000] {processor.py:830} INFO - Processing file /home/airflow/.local/lib/python3.8/site-packages/airflow/example_dags/example_branch_labels.py for tasks to queue
[2024-02-14T20:47:49.293+0000] {logging_mixin.py:188} INFO - [2024-02-14T20:47:49.291+0000] {dagbag.py:538} INFO - Filling up the DagBag from /home/airflow/.local/lib/python3.8/site-packages/airflow/example_dags/example_branch_labels.py
[2024-02-14T20:47:49.323+0000] {processor.py:840} INFO - DAG(s) 'example_branch_labels' retrieved from /home/airflow/.local/lib/python3.8/site-packages/airflow/example_dags/example_branch_labels.py
[2024-02-14T20:47:49.376+0000] {logging_mixin.py:188} INFO - [2024-02-14T20:47:49.376+0000] {dag.py:3036} INFO - Sync 1 DAGs
[2024-02-14T20:47:49.428+0000] {logging_mixin.py:188} INFO - [2024-02-14T20:47:49.427+0000] {dag.py:3823} INFO - Setting next_dagrun for example_branch_labels to 2024-02-13 00:00:00+00:00, run_after=2024-02-14 00:00:00+00:00
[2024-02-14T20:47:49.474+0000] {processor.py:183} INFO - Processing /home/airflow/.local/lib/python3.8/site-packages/airflow/example_dags/example_branch_labels.py took 0.202 seconds
[2024-02-14T20:48:19.841+0000] {processor.py:161} INFO - Started process (PID=5143) to work on /home/airflow/.local/lib/python3.8/site-packages/airflow/example_dags/example_branch_labels.py
[2024-02-14T20:48:19.843+0000] {processor.py:830} INFO - Processing file /home/airflow/.local/lib/python3.8/site-packages/airflow/example_dags/example_branch_labels.py for tasks to queue
[2024-02-14T20:48:19.845+0000] {logging_mixin.py:188} INFO - [2024-02-14T20:48:19.844+0000] {dagbag.py:538} INFO - Filling up the DagBag from /home/airflow/.local/lib/python3.8/site-packages/airflow/example_dags/example_branch_labels.py
[2024-02-14T20:48:19.861+0000] {processor.py:840} INFO - DAG(s) 'example_branch_labels' retrieved from /home/airflow/.local/lib/python3.8/site-packages/airflow/example_dags/example_branch_labels.py
[2024-02-14T20:48:19.903+0000] {logging_mixin.py:188} INFO - [2024-02-14T20:48:19.903+0000] {dag.py:3036} INFO - Sync 1 DAGs
[2024-02-14T20:48:19.946+0000] {logging_mixin.py:188} INFO - [2024-02-14T20:48:19.946+0000] {dag.py:3823} INFO - Setting next_dagrun for example_branch_labels to 2024-02-13 00:00:00+00:00, run_after=2024-02-14 00:00:00+00:00
[2024-02-14T20:48:20.013+0000] {processor.py:183} INFO - Processing /home/airflow/.local/lib/python3.8/site-packages/airflow/example_dags/example_branch_labels.py took 0.179 seconds
[2024-02-14T20:48:50.250+0000] {processor.py:161} INFO - Started process (PID=5388) to work on /home/airflow/.local/lib/python3.8/site-packages/airflow/example_dags/example_branch_labels.py
[2024-02-14T20:48:50.253+0000] {processor.py:830} INFO - Processing file /home/airflow/.local/lib/python3.8/site-packages/airflow/example_dags/example_branch_labels.py for tasks to queue
[2024-02-14T20:48:50.257+0000] {logging_mixin.py:188} INFO - [2024-02-14T20:48:50.256+0000] {dagbag.py:538} INFO - Filling up the DagBag from /home/airflow/.local/lib/python3.8/site-packages/airflow/example_dags/example_branch_labels.py
[2024-02-14T20:48:50.286+0000] {processor.py:840} INFO - DAG(s) 'example_branch_labels' retrieved from /home/airflow/.local/lib/python3.8/site-packages/airflow/example_dags/example_branch_labels.py
[2024-02-14T20:48:50.370+0000] {logging_mixin.py:188} INFO - [2024-02-14T20:48:50.369+0000] {dag.py:3036} INFO - Sync 1 DAGs
[2024-02-14T20:48:50.456+0000] {logging_mixin.py:188} INFO - [2024-02-14T20:48:50.455+0000] {dag.py:3823} INFO - Setting next_dagrun for example_branch_labels to 2024-02-13 00:00:00+00:00, run_after=2024-02-14 00:00:00+00:00
[2024-02-14T20:48:50.516+0000] {processor.py:183} INFO - Processing /home/airflow/.local/lib/python3.8/site-packages/airflow/example_dags/example_branch_labels.py took 0.278 seconds
[2024-02-14T20:49:20.773+0000] {processor.py:161} INFO - Started process (PID=5636) to work on /home/airflow/.local/lib/python3.8/site-packages/airflow/example_dags/example_branch_labels.py
[2024-02-14T20:49:20.775+0000] {processor.py:830} INFO - Processing file /home/airflow/.local/lib/python3.8/site-packages/airflow/example_dags/example_branch_labels.py for tasks to queue
[2024-02-14T20:49:20.777+0000] {logging_mixin.py:188} INFO - [2024-02-14T20:49:20.776+0000] {dagbag.py:538} INFO - Filling up the DagBag from /home/airflow/.local/lib/python3.8/site-packages/airflow/example_dags/example_branch_labels.py
[2024-02-14T20:49:20.792+0000] {processor.py:840} INFO - DAG(s) 'example_branch_labels' retrieved from /home/airflow/.local/lib/python3.8/site-packages/airflow/example_dags/example_branch_labels.py
[2024-02-14T20:49:20.831+0000] {logging_mixin.py:188} INFO - [2024-02-14T20:49:20.831+0000] {dag.py:3036} INFO - Sync 1 DAGs
[2024-02-14T20:49:20.877+0000] {logging_mixin.py:188} INFO - [2024-02-14T20:49:20.877+0000] {dag.py:3823} INFO - Setting next_dagrun for example_branch_labels to 2024-02-13 00:00:00+00:00, run_after=2024-02-14 00:00:00+00:00
[2024-02-14T20:49:20.909+0000] {processor.py:183} INFO - Processing /home/airflow/.local/lib/python3.8/site-packages/airflow/example_dags/example_branch_labels.py took 0.143 seconds
[2024-02-14T20:49:51.355+0000] {processor.py:161} INFO - Started process (PID=5884) to work on /home/airflow/.local/lib/python3.8/site-packages/airflow/example_dags/example_branch_labels.py
[2024-02-14T20:49:51.356+0000] {processor.py:830} INFO - Processing file /home/airflow/.local/lib/python3.8/site-packages/airflow/example_dags/example_branch_labels.py for tasks to queue
[2024-02-14T20:49:51.358+0000] {logging_mixin.py:188} INFO - [2024-02-14T20:49:51.358+0000] {dagbag.py:538} INFO - Filling up the DagBag from /home/airflow/.local/lib/python3.8/site-packages/airflow/example_dags/example_branch_labels.py
[2024-02-14T20:49:51.373+0000] {processor.py:840} INFO - DAG(s) 'example_branch_labels' retrieved from /home/airflow/.local/lib/python3.8/site-packages/airflow/example_dags/example_branch_labels.py
[2024-02-14T20:49:51.422+0000] {logging_mixin.py:188} INFO - [2024-02-14T20:49:51.421+0000] {dag.py:3036} INFO - Sync 1 DAGs
[2024-02-14T20:49:51.474+0000] {logging_mixin.py:188} INFO - [2024-02-14T20:49:51.473+0000] {dag.py:3823} INFO - Setting next_dagrun for example_branch_labels to 2024-02-13 00:00:00+00:00, run_after=2024-02-14 00:00:00+00:00
[2024-02-14T20:49:51.511+0000] {processor.py:183} INFO - Processing /home/airflow/.local/lib/python3.8/site-packages/airflow/example_dags/example_branch_labels.py took 0.162 seconds
[2024-02-14T20:50:22.016+0000] {processor.py:161} INFO - Started process (PID=6131) to work on /home/airflow/.local/lib/python3.8/site-packages/airflow/example_dags/example_branch_labels.py
[2024-02-14T20:50:22.018+0000] {processor.py:830} INFO - Processing file /home/airflow/.local/lib/python3.8/site-packages/airflow/example_dags/example_branch_labels.py for tasks to queue
[2024-02-14T20:50:22.020+0000] {logging_mixin.py:188} INFO - [2024-02-14T20:50:22.020+0000] {dagbag.py:538} INFO - Filling up the DagBag from /home/airflow/.local/lib/python3.8/site-packages/airflow/example_dags/example_branch_labels.py
[2024-02-14T20:50:22.033+0000] {processor.py:840} INFO - DAG(s) 'example_branch_labels' retrieved from /home/airflow/.local/lib/python3.8/site-packages/airflow/example_dags/example_branch_labels.py
[2024-02-14T20:50:22.071+0000] {logging_mixin.py:188} INFO - [2024-02-14T20:50:22.070+0000] {dag.py:3036} INFO - Sync 1 DAGs
[2024-02-14T20:50:22.120+0000] {logging_mixin.py:188} INFO - [2024-02-14T20:50:22.119+0000] {dag.py:3823} INFO - Setting next_dagrun for example_branch_labels to 2024-02-13 00:00:00+00:00, run_after=2024-02-14 00:00:00+00:00
[2024-02-14T20:50:22.152+0000] {processor.py:183} INFO - Processing /home/airflow/.local/lib/python3.8/site-packages/airflow/example_dags/example_branch_labels.py took 0.141 seconds
[2024-02-14T20:50:53.397+0000] {processor.py:161} INFO - Started process (PID=6379) to work on /home/airflow/.local/lib/python3.8/site-packages/airflow/example_dags/example_branch_labels.py
[2024-02-14T20:50:53.401+0000] {processor.py:830} INFO - Processing file /home/airflow/.local/lib/python3.8/site-packages/airflow/example_dags/example_branch_labels.py for tasks to queue
[2024-02-14T20:50:53.406+0000] {logging_mixin.py:188} INFO - [2024-02-14T20:50:53.404+0000] {dagbag.py:538} INFO - Filling up the DagBag from /home/airflow/.local/lib/python3.8/site-packages/airflow/example_dags/example_branch_labels.py
[2024-02-14T20:50:53.433+0000] {processor.py:840} INFO - DAG(s) 'example_branch_labels' retrieved from /home/airflow/.local/lib/python3.8/site-packages/airflow/example_dags/example_branch_labels.py
[2024-02-14T20:50:53.507+0000] {logging_mixin.py:188} INFO - [2024-02-14T20:50:53.507+0000] {dag.py:3036} INFO - Sync 1 DAGs
[2024-02-14T20:50:53.586+0000] {logging_mixin.py:188} INFO - [2024-02-14T20:50:53.585+0000] {dag.py:3823} INFO - Setting next_dagrun for example_branch_labels to 2024-02-13 00:00:00+00:00, run_after=2024-02-14 00:00:00+00:00
[2024-02-14T20:50:53.652+0000] {processor.py:183} INFO - Processing /home/airflow/.local/lib/python3.8/site-packages/airflow/example_dags/example_branch_labels.py took 0.281 seconds
[2024-02-14T20:51:23.778+0000] {processor.py:161} INFO - Started process (PID=6629) to work on /home/airflow/.local/lib/python3.8/site-packages/airflow/example_dags/example_branch_labels.py
[2024-02-14T20:51:23.779+0000] {processor.py:830} INFO - Processing file /home/airflow/.local/lib/python3.8/site-packages/airflow/example_dags/example_branch_labels.py for tasks to queue
[2024-02-14T20:51:23.781+0000] {logging_mixin.py:188} INFO - [2024-02-14T20:51:23.780+0000] {dagbag.py:538} INFO - Filling up the DagBag from /home/airflow/.local/lib/python3.8/site-packages/airflow/example_dags/example_branch_labels.py
[2024-02-14T20:51:23.791+0000] {processor.py:840} INFO - DAG(s) 'example_branch_labels' retrieved from /home/airflow/.local/lib/python3.8/site-packages/airflow/example_dags/example_branch_labels.py
[2024-02-14T20:51:23.821+0000] {logging_mixin.py:188} INFO - [2024-02-14T20:51:23.821+0000] {dag.py:3036} INFO - Sync 1 DAGs
[2024-02-14T20:51:23.853+0000] {logging_mixin.py:188} INFO - [2024-02-14T20:51:23.853+0000] {dag.py:3823} INFO - Setting next_dagrun for example_branch_labels to 2024-02-13 00:00:00+00:00, run_after=2024-02-14 00:00:00+00:00
[2024-02-14T20:51:23.886+0000] {processor.py:183} INFO - Processing /home/airflow/.local/lib/python3.8/site-packages/airflow/example_dags/example_branch_labels.py took 0.113 seconds
[2024-02-14T20:51:54.149+0000] {processor.py:161} INFO - Started process (PID=6874) to work on /home/airflow/.local/lib/python3.8/site-packages/airflow/example_dags/example_branch_labels.py
[2024-02-14T20:51:54.151+0000] {processor.py:830} INFO - Processing file /home/airflow/.local/lib/python3.8/site-packages/airflow/example_dags/example_branch_labels.py for tasks to queue
[2024-02-14T20:51:54.153+0000] {logging_mixin.py:188} INFO - [2024-02-14T20:51:54.152+0000] {dagbag.py:538} INFO - Filling up the DagBag from /home/airflow/.local/lib/python3.8/site-packages/airflow/example_dags/example_branch_labels.py
[2024-02-14T20:51:54.165+0000] {processor.py:840} INFO - DAG(s) 'example_branch_labels' retrieved from /home/airflow/.local/lib/python3.8/site-packages/airflow/example_dags/example_branch_labels.py
[2024-02-14T20:51:54.198+0000] {logging_mixin.py:188} INFO - [2024-02-14T20:51:54.198+0000] {dag.py:3036} INFO - Sync 1 DAGs
[2024-02-14T20:51:54.240+0000] {logging_mixin.py:188} INFO - [2024-02-14T20:51:54.239+0000] {dag.py:3823} INFO - Setting next_dagrun for example_branch_labels to 2024-02-13 00:00:00+00:00, run_after=2024-02-14 00:00:00+00:00
[2024-02-14T20:51:54.268+0000] {processor.py:183} INFO - Processing /home/airflow/.local/lib/python3.8/site-packages/airflow/example_dags/example_branch_labels.py took 0.124 seconds
[2024-02-14T20:52:25.416+0000] {processor.py:161} INFO - Started process (PID=7121) to work on /home/airflow/.local/lib/python3.8/site-packages/airflow/example_dags/example_branch_labels.py
[2024-02-14T20:52:25.418+0000] {processor.py:830} INFO - Processing file /home/airflow/.local/lib/python3.8/site-packages/airflow/example_dags/example_branch_labels.py for tasks to queue
[2024-02-14T20:52:25.420+0000] {logging_mixin.py:188} INFO - [2024-02-14T20:52:25.419+0000] {dagbag.py:538} INFO - Filling up the DagBag from /home/airflow/.local/lib/python3.8/site-packages/airflow/example_dags/example_branch_labels.py
[2024-02-14T20:52:25.434+0000] {processor.py:840} INFO - DAG(s) 'example_branch_labels' retrieved from /home/airflow/.local/lib/python3.8/site-packages/airflow/example_dags/example_branch_labels.py
[2024-02-14T20:52:25.483+0000] {logging_mixin.py:188} INFO - [2024-02-14T20:52:25.482+0000] {dag.py:3036} INFO - Sync 1 DAGs
[2024-02-14T20:52:25.533+0000] {logging_mixin.py:188} INFO - [2024-02-14T20:52:25.533+0000] {dag.py:3823} INFO - Setting next_dagrun for example_branch_labels to 2024-02-13 00:00:00+00:00, run_after=2024-02-14 00:00:00+00:00
[2024-02-14T20:52:25.587+0000] {processor.py:183} INFO - Processing /home/airflow/.local/lib/python3.8/site-packages/airflow/example_dags/example_branch_labels.py took 0.177 seconds
[2024-02-14T20:52:56.348+0000] {processor.py:161} INFO - Started process (PID=7368) to work on /home/airflow/.local/lib/python3.8/site-packages/airflow/example_dags/example_branch_labels.py
[2024-02-14T20:52:56.350+0000] {processor.py:830} INFO - Processing file /home/airflow/.local/lib/python3.8/site-packages/airflow/example_dags/example_branch_labels.py for tasks to queue
[2024-02-14T20:52:56.352+0000] {logging_mixin.py:188} INFO - [2024-02-14T20:52:56.352+0000] {dagbag.py:538} INFO - Filling up the DagBag from /home/airflow/.local/lib/python3.8/site-packages/airflow/example_dags/example_branch_labels.py
[2024-02-14T20:52:56.366+0000] {processor.py:840} INFO - DAG(s) 'example_branch_labels' retrieved from /home/airflow/.local/lib/python3.8/site-packages/airflow/example_dags/example_branch_labels.py
[2024-02-14T20:52:56.403+0000] {logging_mixin.py:188} INFO - [2024-02-14T20:52:56.403+0000] {dag.py:3036} INFO - Sync 1 DAGs
[2024-02-14T20:52:56.444+0000] {logging_mixin.py:188} INFO - [2024-02-14T20:52:56.443+0000] {dag.py:3823} INFO - Setting next_dagrun for example_branch_labels to 2024-02-13 00:00:00+00:00, run_after=2024-02-14 00:00:00+00:00
[2024-02-14T20:52:56.475+0000] {processor.py:183} INFO - Processing /home/airflow/.local/lib/python3.8/site-packages/airflow/example_dags/example_branch_labels.py took 0.133 seconds
[2024-02-14T20:53:26.773+0000] {processor.py:161} INFO - Started process (PID=7615) to work on /home/airflow/.local/lib/python3.8/site-packages/airflow/example_dags/example_branch_labels.py
[2024-02-14T20:53:26.775+0000] {processor.py:830} INFO - Processing file /home/airflow/.local/lib/python3.8/site-packages/airflow/example_dags/example_branch_labels.py for tasks to queue
[2024-02-14T20:53:26.777+0000] {logging_mixin.py:188} INFO - [2024-02-14T20:53:26.777+0000] {dagbag.py:538} INFO - Filling up the DagBag from /home/airflow/.local/lib/python3.8/site-packages/airflow/example_dags/example_branch_labels.py
[2024-02-14T20:53:26.794+0000] {processor.py:840} INFO - DAG(s) 'example_branch_labels' retrieved from /home/airflow/.local/lib/python3.8/site-packages/airflow/example_dags/example_branch_labels.py
[2024-02-14T20:53:26.836+0000] {logging_mixin.py:188} INFO - [2024-02-14T20:53:26.836+0000] {dag.py:3036} INFO - Sync 1 DAGs
[2024-02-14T20:53:26.870+0000] {logging_mixin.py:188} INFO - [2024-02-14T20:53:26.869+0000] {dag.py:3823} INFO - Setting next_dagrun for example_branch_labels to 2024-02-13 00:00:00+00:00, run_after=2024-02-14 00:00:00+00:00
[2024-02-14T20:53:26.914+0000] {processor.py:183} INFO - Processing /home/airflow/.local/lib/python3.8/site-packages/airflow/example_dags/example_branch_labels.py took 0.148 seconds
[2024-02-14T20:53:57.225+0000] {processor.py:161} INFO - Started process (PID=7856) to work on /home/airflow/.local/lib/python3.8/site-packages/airflow/example_dags/example_branch_labels.py
[2024-02-14T20:53:57.227+0000] {processor.py:830} INFO - Processing file /home/airflow/.local/lib/python3.8/site-packages/airflow/example_dags/example_branch_labels.py for tasks to queue
[2024-02-14T20:53:57.228+0000] {logging_mixin.py:188} INFO - [2024-02-14T20:53:57.228+0000] {dagbag.py:538} INFO - Filling up the DagBag from /home/airflow/.local/lib/python3.8/site-packages/airflow/example_dags/example_branch_labels.py
[2024-02-14T20:53:57.244+0000] {processor.py:840} INFO - DAG(s) 'example_branch_labels' retrieved from /home/airflow/.local/lib/python3.8/site-packages/airflow/example_dags/example_branch_labels.py
[2024-02-14T20:53:57.295+0000] {logging_mixin.py:188} INFO - [2024-02-14T20:53:57.294+0000] {dag.py:3036} INFO - Sync 1 DAGs
[2024-02-14T20:53:57.346+0000] {logging_mixin.py:188} INFO - [2024-02-14T20:53:57.345+0000] {dag.py:3823} INFO - Setting next_dagrun for example_branch_labels to 2024-02-13 00:00:00+00:00, run_after=2024-02-14 00:00:00+00:00
[2024-02-14T20:53:57.389+0000] {processor.py:183} INFO - Processing /home/airflow/.local/lib/python3.8/site-packages/airflow/example_dags/example_branch_labels.py took 0.172 seconds
[2024-02-14T20:54:27.891+0000] {processor.py:161} INFO - Started process (PID=8103) to work on /home/airflow/.local/lib/python3.8/site-packages/airflow/example_dags/example_branch_labels.py
[2024-02-14T20:54:27.893+0000] {processor.py:830} INFO - Processing file /home/airflow/.local/lib/python3.8/site-packages/airflow/example_dags/example_branch_labels.py for tasks to queue
[2024-02-14T20:54:27.894+0000] {logging_mixin.py:188} INFO - [2024-02-14T20:54:27.894+0000] {dagbag.py:538} INFO - Filling up the DagBag from /home/airflow/.local/lib/python3.8/site-packages/airflow/example_dags/example_branch_labels.py
[2024-02-14T20:54:27.908+0000] {processor.py:840} INFO - DAG(s) 'example_branch_labels' retrieved from /home/airflow/.local/lib/python3.8/site-packages/airflow/example_dags/example_branch_labels.py
[2024-02-14T20:54:27.965+0000] {logging_mixin.py:188} INFO - [2024-02-14T20:54:27.965+0000] {dag.py:3036} INFO - Sync 1 DAGs
[2024-02-14T20:54:28.103+0000] {logging_mixin.py:188} INFO - [2024-02-14T20:54:28.102+0000] {dag.py:3823} INFO - Setting next_dagrun for example_branch_labels to 2024-02-13 00:00:00+00:00, run_after=2024-02-14 00:00:00+00:00
[2024-02-14T20:54:28.157+0000] {processor.py:183} INFO - Processing /home/airflow/.local/lib/python3.8/site-packages/airflow/example_dags/example_branch_labels.py took 0.272 seconds
[2024-02-14T20:54:58.770+0000] {processor.py:161} INFO - Started process (PID=8350) to work on /home/airflow/.local/lib/python3.8/site-packages/airflow/example_dags/example_branch_labels.py
[2024-02-14T20:54:58.774+0000] {processor.py:830} INFO - Processing file /home/airflow/.local/lib/python3.8/site-packages/airflow/example_dags/example_branch_labels.py for tasks to queue
[2024-02-14T20:54:58.778+0000] {logging_mixin.py:188} INFO - [2024-02-14T20:54:58.777+0000] {dagbag.py:538} INFO - Filling up the DagBag from /home/airflow/.local/lib/python3.8/site-packages/airflow/example_dags/example_branch_labels.py
[2024-02-14T20:54:58.812+0000] {processor.py:840} INFO - DAG(s) 'example_branch_labels' retrieved from /home/airflow/.local/lib/python3.8/site-packages/airflow/example_dags/example_branch_labels.py
[2024-02-14T20:54:58.901+0000] {logging_mixin.py:188} INFO - [2024-02-14T20:54:58.901+0000] {dag.py:3036} INFO - Sync 1 DAGs
[2024-02-14T20:54:59.026+0000] {logging_mixin.py:188} INFO - [2024-02-14T20:54:59.025+0000] {dag.py:3823} INFO - Setting next_dagrun for example_branch_labels to 2024-02-13 00:00:00+00:00, run_after=2024-02-14 00:00:00+00:00
[2024-02-14T20:54:59.069+0000] {processor.py:183} INFO - Processing /home/airflow/.local/lib/python3.8/site-packages/airflow/example_dags/example_branch_labels.py took 0.318 seconds
[2024-02-14T20:55:29.579+0000] {processor.py:161} INFO - Started process (PID=8597) to work on /home/airflow/.local/lib/python3.8/site-packages/airflow/example_dags/example_branch_labels.py
[2024-02-14T20:55:29.583+0000] {processor.py:830} INFO - Processing file /home/airflow/.local/lib/python3.8/site-packages/airflow/example_dags/example_branch_labels.py for tasks to queue
[2024-02-14T20:55:29.587+0000] {logging_mixin.py:188} INFO - [2024-02-14T20:55:29.586+0000] {dagbag.py:538} INFO - Filling up the DagBag from /home/airflow/.local/lib/python3.8/site-packages/airflow/example_dags/example_branch_labels.py
[2024-02-14T20:55:29.613+0000] {processor.py:840} INFO - DAG(s) 'example_branch_labels' retrieved from /home/airflow/.local/lib/python3.8/site-packages/airflow/example_dags/example_branch_labels.py
[2024-02-14T20:55:29.691+0000] {logging_mixin.py:188} INFO - [2024-02-14T20:55:29.690+0000] {dag.py:3036} INFO - Sync 1 DAGs
[2024-02-14T20:55:29.774+0000] {logging_mixin.py:188} INFO - [2024-02-14T20:55:29.774+0000] {dag.py:3823} INFO - Setting next_dagrun for example_branch_labels to 2024-02-13 00:00:00+00:00, run_after=2024-02-14 00:00:00+00:00
[2024-02-14T20:55:29.860+0000] {processor.py:183} INFO - Processing /home/airflow/.local/lib/python3.8/site-packages/airflow/example_dags/example_branch_labels.py took 0.292 seconds
[2024-02-14T20:56:00.020+0000] {processor.py:161} INFO - Started process (PID=8844) to work on /home/airflow/.local/lib/python3.8/site-packages/airflow/example_dags/example_branch_labels.py
[2024-02-14T20:56:00.024+0000] {processor.py:830} INFO - Processing file /home/airflow/.local/lib/python3.8/site-packages/airflow/example_dags/example_branch_labels.py for tasks to queue
[2024-02-14T20:56:00.051+0000] {logging_mixin.py:188} INFO - [2024-02-14T20:56:00.050+0000] {dagbag.py:538} INFO - Filling up the DagBag from /home/airflow/.local/lib/python3.8/site-packages/airflow/example_dags/example_branch_labels.py
[2024-02-14T20:56:00.101+0000] {processor.py:840} INFO - DAG(s) 'example_branch_labels' retrieved from /home/airflow/.local/lib/python3.8/site-packages/airflow/example_dags/example_branch_labels.py
[2024-02-14T20:56:00.168+0000] {logging_mixin.py:188} INFO - [2024-02-14T20:56:00.167+0000] {dag.py:3036} INFO - Sync 1 DAGs
[2024-02-14T20:56:00.265+0000] {logging_mixin.py:188} INFO - [2024-02-14T20:56:00.263+0000] {dag.py:3823} INFO - Setting next_dagrun for example_branch_labels to 2024-02-13 00:00:00+00:00, run_after=2024-02-14 00:00:00+00:00
[2024-02-14T20:56:00.306+0000] {processor.py:183} INFO - Processing /home/airflow/.local/lib/python3.8/site-packages/airflow/example_dags/example_branch_labels.py took 0.306 seconds
[2024-02-14T20:56:30.560+0000] {processor.py:161} INFO - Started process (PID=9090) to work on /home/airflow/.local/lib/python3.8/site-packages/airflow/example_dags/example_branch_labels.py
[2024-02-14T20:56:30.562+0000] {processor.py:830} INFO - Processing file /home/airflow/.local/lib/python3.8/site-packages/airflow/example_dags/example_branch_labels.py for tasks to queue
[2024-02-14T20:56:30.564+0000] {logging_mixin.py:188} INFO - [2024-02-14T20:56:30.563+0000] {dagbag.py:538} INFO - Filling up the DagBag from /home/airflow/.local/lib/python3.8/site-packages/airflow/example_dags/example_branch_labels.py
[2024-02-14T20:56:30.578+0000] {processor.py:840} INFO - DAG(s) 'example_branch_labels' retrieved from /home/airflow/.local/lib/python3.8/site-packages/airflow/example_dags/example_branch_labels.py
[2024-02-14T20:56:30.620+0000] {logging_mixin.py:188} INFO - [2024-02-14T20:56:30.620+0000] {dag.py:3036} INFO - Sync 1 DAGs
[2024-02-14T20:56:30.661+0000] {logging_mixin.py:188} INFO - [2024-02-14T20:56:30.661+0000] {dag.py:3823} INFO - Setting next_dagrun for example_branch_labels to 2024-02-13 00:00:00+00:00, run_after=2024-02-14 00:00:00+00:00
[2024-02-14T20:56:30.692+0000] {processor.py:183} INFO - Processing /home/airflow/.local/lib/python3.8/site-packages/airflow/example_dags/example_branch_labels.py took 0.137 seconds
[2024-02-14T20:57:01.496+0000] {processor.py:161} INFO - Started process (PID=9337) to work on /home/airflow/.local/lib/python3.8/site-packages/airflow/example_dags/example_branch_labels.py
[2024-02-14T20:57:01.498+0000] {processor.py:830} INFO - Processing file /home/airflow/.local/lib/python3.8/site-packages/airflow/example_dags/example_branch_labels.py for tasks to queue
[2024-02-14T20:57:01.500+0000] {logging_mixin.py:188} INFO - [2024-02-14T20:57:01.500+0000] {dagbag.py:538} INFO - Filling up the DagBag from /home/airflow/.local/lib/python3.8/site-packages/airflow/example_dags/example_branch_labels.py
[2024-02-14T20:57:01.520+0000] {processor.py:840} INFO - DAG(s) 'example_branch_labels' retrieved from /home/airflow/.local/lib/python3.8/site-packages/airflow/example_dags/example_branch_labels.py
[2024-02-14T20:57:01.587+0000] {logging_mixin.py:188} INFO - [2024-02-14T20:57:01.586+0000] {dag.py:3036} INFO - Sync 1 DAGs
[2024-02-14T20:57:01.646+0000] {logging_mixin.py:188} INFO - [2024-02-14T20:57:01.646+0000] {dag.py:3823} INFO - Setting next_dagrun for example_branch_labels to 2024-02-13 00:00:00+00:00, run_after=2024-02-14 00:00:00+00:00
[2024-02-14T20:57:01.712+0000] {processor.py:183} INFO - Processing /home/airflow/.local/lib/python3.8/site-packages/airflow/example_dags/example_branch_labels.py took 0.224 seconds
[2024-02-14T20:57:32.980+0000] {processor.py:161} INFO - Started process (PID=9584) to work on /home/airflow/.local/lib/python3.8/site-packages/airflow/example_dags/example_branch_labels.py
[2024-02-14T20:57:32.982+0000] {processor.py:830} INFO - Processing file /home/airflow/.local/lib/python3.8/site-packages/airflow/example_dags/example_branch_labels.py for tasks to queue
[2024-02-14T20:57:32.984+0000] {logging_mixin.py:188} INFO - [2024-02-14T20:57:32.983+0000] {dagbag.py:538} INFO - Filling up the DagBag from /home/airflow/.local/lib/python3.8/site-packages/airflow/example_dags/example_branch_labels.py
[2024-02-14T20:57:32.998+0000] {processor.py:840} INFO - DAG(s) 'example_branch_labels' retrieved from /home/airflow/.local/lib/python3.8/site-packages/airflow/example_dags/example_branch_labels.py
[2024-02-14T20:57:33.038+0000] {logging_mixin.py:188} INFO - [2024-02-14T20:57:33.037+0000] {dag.py:3036} INFO - Sync 1 DAGs
[2024-02-14T20:57:33.084+0000] {logging_mixin.py:188} INFO - [2024-02-14T20:57:33.084+0000] {dag.py:3823} INFO - Setting next_dagrun for example_branch_labels to 2024-02-13 00:00:00+00:00, run_after=2024-02-14 00:00:00+00:00
[2024-02-14T20:57:33.131+0000] {processor.py:183} INFO - Processing /home/airflow/.local/lib/python3.8/site-packages/airflow/example_dags/example_branch_labels.py took 0.158 seconds
