[2024-02-14T20:38:17.195+0000] {processor.py:161} INFO - Started process (PID=372) to work on /home/airflow/.local/lib/python3.8/site-packages/airflow/example_dags/example_subdag_operator.py
[2024-02-14T20:38:17.198+0000] {processor.py:830} INFO - Processing file /home/airflow/.local/lib/python3.8/site-packages/airflow/example_dags/example_subdag_operator.py for tasks to queue
[2024-02-14T20:38:17.200+0000] {logging_mixin.py:188} INFO - [2024-02-14T20:38:17.200+0000] {dagbag.py:538} INFO - Filling up the DagBag from /home/airflow/.local/lib/python3.8/site-packages/airflow/example_dags/example_subdag_operator.py
[2024-02-14T20:38:17.268+0000] {processor.py:840} INFO - DAG(s) 'example_subdag_operator.section-1', 'example_subdag_operator.section-2', 'example_subdag_operator' retrieved from /home/airflow/.local/lib/python3.8/site-packages/airflow/example_dags/example_subdag_operator.py
[2024-02-14T20:38:17.460+0000] {logging_mixin.py:188} INFO - [2024-02-14T20:38:17.459+0000] {dag.py:3036} INFO - Sync 3 DAGs
[2024-02-14T20:38:17.493+0000] {logging_mixin.py:188} INFO - [2024-02-14T20:38:17.492+0000] {dag.py:3823} INFO - Setting next_dagrun for example_subdag_operator to 2022-01-01 00:00:00+00:00, run_after=2022-01-01 00:00:00+00:00
[2024-02-14T20:38:17.501+0000] {logging_mixin.py:188} INFO - [2024-02-14T20:38:17.500+0000] {dag.py:3823} INFO - Setting next_dagrun for example_subdag_operator.section-1 to None, run_after=None
[2024-02-14T20:38:17.506+0000] {logging_mixin.py:188} INFO - [2024-02-14T20:38:17.505+0000] {dag.py:3823} INFO - Setting next_dagrun for example_subdag_operator.section-2 to None, run_after=None
[2024-02-14T20:38:17.545+0000] {logging_mixin.py:188} INFO - [2024-02-14T20:38:17.544+0000] {dag.py:3036} INFO - Sync 2 DAGs
[2024-02-14T20:38:17.557+0000] {logging_mixin.py:188} INFO - [2024-02-14T20:38:17.556+0000] {dag.py:3823} INFO - Setting next_dagrun for example_subdag_operator.section-1 to None, run_after=None
[2024-02-14T20:38:17.558+0000] {logging_mixin.py:188} INFO - [2024-02-14T20:38:17.558+0000] {dag.py:3823} INFO - Setting next_dagrun for example_subdag_operator.section-2 to None, run_after=None
[2024-02-14T20:38:17.583+0000] {processor.py:183} INFO - Processing /home/airflow/.local/lib/python3.8/site-packages/airflow/example_dags/example_subdag_operator.py took 0.411 seconds
[2024-02-14T20:38:48.685+0000] {processor.py:161} INFO - Started process (PID=621) to work on /home/airflow/.local/lib/python3.8/site-packages/airflow/example_dags/example_subdag_operator.py
[2024-02-14T20:38:48.688+0000] {processor.py:830} INFO - Processing file /home/airflow/.local/lib/python3.8/site-packages/airflow/example_dags/example_subdag_operator.py for tasks to queue
[2024-02-14T20:38:48.692+0000] {logging_mixin.py:188} INFO - [2024-02-14T20:38:48.691+0000] {dagbag.py:538} INFO - Filling up the DagBag from /home/airflow/.local/lib/python3.8/site-packages/airflow/example_dags/example_subdag_operator.py
[2024-02-14T20:38:48.800+0000] {processor.py:840} INFO - DAG(s) 'example_subdag_operator.section-1', 'example_subdag_operator.section-2', 'example_subdag_operator' retrieved from /home/airflow/.local/lib/python3.8/site-packages/airflow/example_dags/example_subdag_operator.py
[2024-02-14T20:38:48.872+0000] {logging_mixin.py:188} INFO - [2024-02-14T20:38:48.872+0000] {dag.py:3036} INFO - Sync 3 DAGs
[2024-02-14T20:38:48.980+0000] {logging_mixin.py:188} INFO - [2024-02-14T20:38:48.978+0000] {dag.py:3823} INFO - Setting next_dagrun for example_subdag_operator to 2022-01-01 00:00:00+00:00, run_after=2022-01-01 00:00:00+00:00
[2024-02-14T20:38:48.999+0000] {logging_mixin.py:188} INFO - [2024-02-14T20:38:48.997+0000] {dag.py:3823} INFO - Setting next_dagrun for example_subdag_operator.section-1 to None, run_after=None
[2024-02-14T20:38:49.010+0000] {logging_mixin.py:188} INFO - [2024-02-14T20:38:49.003+0000] {dag.py:3823} INFO - Setting next_dagrun for example_subdag_operator.section-2 to None, run_after=None
[2024-02-14T20:38:49.059+0000] {logging_mixin.py:188} INFO - [2024-02-14T20:38:49.058+0000] {dag.py:3036} INFO - Sync 2 DAGs
[2024-02-14T20:38:49.075+0000] {logging_mixin.py:188} INFO - [2024-02-14T20:38:49.075+0000] {dag.py:3823} INFO - Setting next_dagrun for example_subdag_operator.section-1 to None, run_after=None
[2024-02-14T20:38:49.079+0000] {logging_mixin.py:188} INFO - [2024-02-14T20:38:49.078+0000] {dag.py:3823} INFO - Setting next_dagrun for example_subdag_operator.section-2 to None, run_after=None
[2024-02-14T20:38:49.121+0000] {processor.py:183} INFO - Processing /home/airflow/.local/lib/python3.8/site-packages/airflow/example_dags/example_subdag_operator.py took 0.450 seconds
[2024-02-14T20:39:19.188+0000] {processor.py:161} INFO - Started process (PID=866) to work on /home/airflow/.local/lib/python3.8/site-packages/airflow/example_dags/example_subdag_operator.py
[2024-02-14T20:39:19.189+0000] {processor.py:830} INFO - Processing file /home/airflow/.local/lib/python3.8/site-packages/airflow/example_dags/example_subdag_operator.py for tasks to queue
[2024-02-14T20:39:19.191+0000] {logging_mixin.py:188} INFO - [2024-02-14T20:39:19.190+0000] {dagbag.py:538} INFO - Filling up the DagBag from /home/airflow/.local/lib/python3.8/site-packages/airflow/example_dags/example_subdag_operator.py
[2024-02-14T20:39:19.229+0000] {processor.py:840} INFO - DAG(s) 'example_subdag_operator.section-1', 'example_subdag_operator.section-2', 'example_subdag_operator' retrieved from /home/airflow/.local/lib/python3.8/site-packages/airflow/example_dags/example_subdag_operator.py
[2024-02-14T20:39:19.253+0000] {logging_mixin.py:188} INFO - [2024-02-14T20:39:19.253+0000] {dag.py:3036} INFO - Sync 3 DAGs
[2024-02-14T20:39:19.285+0000] {logging_mixin.py:188} INFO - [2024-02-14T20:39:19.285+0000] {dag.py:3823} INFO - Setting next_dagrun for example_subdag_operator to 2022-01-01 00:00:00+00:00, run_after=2022-01-01 00:00:00+00:00
[2024-02-14T20:39:19.293+0000] {logging_mixin.py:188} INFO - [2024-02-14T20:39:19.292+0000] {dag.py:3823} INFO - Setting next_dagrun for example_subdag_operator.section-1 to None, run_after=None
[2024-02-14T20:39:19.299+0000] {logging_mixin.py:188} INFO - [2024-02-14T20:39:19.298+0000] {dag.py:3823} INFO - Setting next_dagrun for example_subdag_operator.section-2 to None, run_after=None
[2024-02-14T20:39:19.319+0000] {logging_mixin.py:188} INFO - [2024-02-14T20:39:19.318+0000] {dag.py:3036} INFO - Sync 2 DAGs
[2024-02-14T20:39:19.339+0000] {logging_mixin.py:188} INFO - [2024-02-14T20:39:19.338+0000] {dag.py:3823} INFO - Setting next_dagrun for example_subdag_operator.section-1 to None, run_after=None
[2024-02-14T20:39:19.343+0000] {logging_mixin.py:188} INFO - [2024-02-14T20:39:19.341+0000] {dag.py:3823} INFO - Setting next_dagrun for example_subdag_operator.section-2 to None, run_after=None
[2024-02-14T20:39:19.391+0000] {processor.py:183} INFO - Processing /home/airflow/.local/lib/python3.8/site-packages/airflow/example_dags/example_subdag_operator.py took 0.208 seconds
[2024-02-14T20:39:50.101+0000] {processor.py:161} INFO - Started process (PID=1115) to work on /home/airflow/.local/lib/python3.8/site-packages/airflow/example_dags/example_subdag_operator.py
[2024-02-14T20:39:50.103+0000] {processor.py:830} INFO - Processing file /home/airflow/.local/lib/python3.8/site-packages/airflow/example_dags/example_subdag_operator.py for tasks to queue
[2024-02-14T20:39:50.104+0000] {logging_mixin.py:188} INFO - [2024-02-14T20:39:50.104+0000] {dagbag.py:538} INFO - Filling up the DagBag from /home/airflow/.local/lib/python3.8/site-packages/airflow/example_dags/example_subdag_operator.py
[2024-02-14T20:39:50.144+0000] {processor.py:840} INFO - DAG(s) 'example_subdag_operator.section-1', 'example_subdag_operator.section-2', 'example_subdag_operator' retrieved from /home/airflow/.local/lib/python3.8/site-packages/airflow/example_dags/example_subdag_operator.py
[2024-02-14T20:39:50.168+0000] {logging_mixin.py:188} INFO - [2024-02-14T20:39:50.167+0000] {dag.py:3036} INFO - Sync 3 DAGs
[2024-02-14T20:39:50.204+0000] {logging_mixin.py:188} INFO - [2024-02-14T20:39:50.204+0000] {dag.py:3823} INFO - Setting next_dagrun for example_subdag_operator to 2022-01-01 00:00:00+00:00, run_after=2022-01-01 00:00:00+00:00
[2024-02-14T20:39:50.210+0000] {logging_mixin.py:188} INFO - [2024-02-14T20:39:50.210+0000] {dag.py:3823} INFO - Setting next_dagrun for example_subdag_operator.section-1 to None, run_after=None
[2024-02-14T20:39:50.212+0000] {logging_mixin.py:188} INFO - [2024-02-14T20:39:50.212+0000] {dag.py:3823} INFO - Setting next_dagrun for example_subdag_operator.section-2 to None, run_after=None
[2024-02-14T20:39:50.226+0000] {logging_mixin.py:188} INFO - [2024-02-14T20:39:50.225+0000] {dag.py:3036} INFO - Sync 2 DAGs
[2024-02-14T20:39:50.234+0000] {logging_mixin.py:188} INFO - [2024-02-14T20:39:50.234+0000] {dag.py:3823} INFO - Setting next_dagrun for example_subdag_operator.section-1 to None, run_after=None
[2024-02-14T20:39:50.236+0000] {logging_mixin.py:188} INFO - [2024-02-14T20:39:50.235+0000] {dag.py:3823} INFO - Setting next_dagrun for example_subdag_operator.section-2 to None, run_after=None
[2024-02-14T20:39:50.256+0000] {processor.py:183} INFO - Processing /home/airflow/.local/lib/python3.8/site-packages/airflow/example_dags/example_subdag_operator.py took 0.160 seconds
[2024-02-14T20:40:20.417+0000] {processor.py:161} INFO - Started process (PID=1361) to work on /home/airflow/.local/lib/python3.8/site-packages/airflow/example_dags/example_subdag_operator.py
[2024-02-14T20:40:20.419+0000] {processor.py:830} INFO - Processing file /home/airflow/.local/lib/python3.8/site-packages/airflow/example_dags/example_subdag_operator.py for tasks to queue
[2024-02-14T20:40:20.422+0000] {logging_mixin.py:188} INFO - [2024-02-14T20:40:20.421+0000] {dagbag.py:538} INFO - Filling up the DagBag from /home/airflow/.local/lib/python3.8/site-packages/airflow/example_dags/example_subdag_operator.py
[2024-02-14T20:40:20.471+0000] {processor.py:840} INFO - DAG(s) 'example_subdag_operator.section-1', 'example_subdag_operator.section-2', 'example_subdag_operator' retrieved from /home/airflow/.local/lib/python3.8/site-packages/airflow/example_dags/example_subdag_operator.py
[2024-02-14T20:40:20.507+0000] {logging_mixin.py:188} INFO - [2024-02-14T20:40:20.507+0000] {dag.py:3036} INFO - Sync 3 DAGs
[2024-02-14T20:40:20.565+0000] {logging_mixin.py:188} INFO - [2024-02-14T20:40:20.565+0000] {dag.py:3823} INFO - Setting next_dagrun for example_subdag_operator to 2022-01-01 00:00:00+00:00, run_after=2022-01-01 00:00:00+00:00
[2024-02-14T20:40:20.573+0000] {logging_mixin.py:188} INFO - [2024-02-14T20:40:20.573+0000] {dag.py:3823} INFO - Setting next_dagrun for example_subdag_operator.section-1 to None, run_after=None
[2024-02-14T20:40:20.576+0000] {logging_mixin.py:188} INFO - [2024-02-14T20:40:20.576+0000] {dag.py:3823} INFO - Setting next_dagrun for example_subdag_operator.section-2 to None, run_after=None
[2024-02-14T20:40:20.592+0000] {logging_mixin.py:188} INFO - [2024-02-14T20:40:20.592+0000] {dag.py:3036} INFO - Sync 2 DAGs
[2024-02-14T20:40:20.603+0000] {logging_mixin.py:188} INFO - [2024-02-14T20:40:20.603+0000] {dag.py:3823} INFO - Setting next_dagrun for example_subdag_operator.section-1 to None, run_after=None
[2024-02-14T20:40:20.605+0000] {logging_mixin.py:188} INFO - [2024-02-14T20:40:20.604+0000] {dag.py:3823} INFO - Setting next_dagrun for example_subdag_operator.section-2 to None, run_after=None
[2024-02-14T20:40:20.637+0000] {processor.py:183} INFO - Processing /home/airflow/.local/lib/python3.8/site-packages/airflow/example_dags/example_subdag_operator.py took 0.228 seconds
[2024-02-14T20:40:50.938+0000] {processor.py:161} INFO - Started process (PID=1608) to work on /home/airflow/.local/lib/python3.8/site-packages/airflow/example_dags/example_subdag_operator.py
[2024-02-14T20:40:50.940+0000] {processor.py:830} INFO - Processing file /home/airflow/.local/lib/python3.8/site-packages/airflow/example_dags/example_subdag_operator.py for tasks to queue
[2024-02-14T20:40:50.942+0000] {logging_mixin.py:188} INFO - [2024-02-14T20:40:50.942+0000] {dagbag.py:538} INFO - Filling up the DagBag from /home/airflow/.local/lib/python3.8/site-packages/airflow/example_dags/example_subdag_operator.py
[2024-02-14T20:40:50.998+0000] {processor.py:840} INFO - DAG(s) 'example_subdag_operator.section-1', 'example_subdag_operator.section-2', 'example_subdag_operator' retrieved from /home/airflow/.local/lib/python3.8/site-packages/airflow/example_dags/example_subdag_operator.py
[2024-02-14T20:40:51.038+0000] {logging_mixin.py:188} INFO - [2024-02-14T20:40:51.037+0000] {dag.py:3036} INFO - Sync 3 DAGs
[2024-02-14T20:40:51.090+0000] {logging_mixin.py:188} INFO - [2024-02-14T20:40:51.089+0000] {dag.py:3823} INFO - Setting next_dagrun for example_subdag_operator to 2022-01-01 00:00:00+00:00, run_after=2022-01-01 00:00:00+00:00
[2024-02-14T20:40:51.099+0000] {logging_mixin.py:188} INFO - [2024-02-14T20:40:51.099+0000] {dag.py:3823} INFO - Setting next_dagrun for example_subdag_operator.section-1 to None, run_after=None
[2024-02-14T20:40:51.103+0000] {logging_mixin.py:188} INFO - [2024-02-14T20:40:51.103+0000] {dag.py:3823} INFO - Setting next_dagrun for example_subdag_operator.section-2 to None, run_after=None
[2024-02-14T20:40:51.122+0000] {logging_mixin.py:188} INFO - [2024-02-14T20:40:51.121+0000] {dag.py:3036} INFO - Sync 2 DAGs
[2024-02-14T20:40:51.137+0000] {logging_mixin.py:188} INFO - [2024-02-14T20:40:51.136+0000] {dag.py:3823} INFO - Setting next_dagrun for example_subdag_operator.section-1 to None, run_after=None
[2024-02-14T20:40:51.139+0000] {logging_mixin.py:188} INFO - [2024-02-14T20:40:51.138+0000] {dag.py:3823} INFO - Setting next_dagrun for example_subdag_operator.section-2 to None, run_after=None
[2024-02-14T20:40:51.169+0000] {processor.py:183} INFO - Processing /home/airflow/.local/lib/python3.8/site-packages/airflow/example_dags/example_subdag_operator.py took 0.238 seconds
[2024-02-14T20:41:22.359+0000] {processor.py:161} INFO - Started process (PID=1855) to work on /home/airflow/.local/lib/python3.8/site-packages/airflow/example_dags/example_subdag_operator.py
[2024-02-14T20:41:22.362+0000] {processor.py:830} INFO - Processing file /home/airflow/.local/lib/python3.8/site-packages/airflow/example_dags/example_subdag_operator.py for tasks to queue
[2024-02-14T20:41:22.365+0000] {logging_mixin.py:188} INFO - [2024-02-14T20:41:22.364+0000] {dagbag.py:538} INFO - Filling up the DagBag from /home/airflow/.local/lib/python3.8/site-packages/airflow/example_dags/example_subdag_operator.py
[2024-02-14T20:41:22.421+0000] {processor.py:840} INFO - DAG(s) 'example_subdag_operator.section-1', 'example_subdag_operator.section-2', 'example_subdag_operator' retrieved from /home/airflow/.local/lib/python3.8/site-packages/airflow/example_dags/example_subdag_operator.py
[2024-02-14T20:41:22.457+0000] {logging_mixin.py:188} INFO - [2024-02-14T20:41:22.457+0000] {dag.py:3036} INFO - Sync 3 DAGs
[2024-02-14T20:41:22.508+0000] {logging_mixin.py:188} INFO - [2024-02-14T20:41:22.507+0000] {dag.py:3823} INFO - Setting next_dagrun for example_subdag_operator to 2022-01-01 00:00:00+00:00, run_after=2022-01-01 00:00:00+00:00
[2024-02-14T20:41:22.518+0000] {logging_mixin.py:188} INFO - [2024-02-14T20:41:22.517+0000] {dag.py:3823} INFO - Setting next_dagrun for example_subdag_operator.section-1 to None, run_after=None
[2024-02-14T20:41:22.521+0000] {logging_mixin.py:188} INFO - [2024-02-14T20:41:22.521+0000] {dag.py:3823} INFO - Setting next_dagrun for example_subdag_operator.section-2 to None, run_after=None
[2024-02-14T20:41:22.537+0000] {logging_mixin.py:188} INFO - [2024-02-14T20:41:22.537+0000] {dag.py:3036} INFO - Sync 2 DAGs
[2024-02-14T20:41:22.550+0000] {logging_mixin.py:188} INFO - [2024-02-14T20:41:22.549+0000] {dag.py:3823} INFO - Setting next_dagrun for example_subdag_operator.section-1 to None, run_after=None
[2024-02-14T20:41:22.552+0000] {logging_mixin.py:188} INFO - [2024-02-14T20:41:22.551+0000] {dag.py:3823} INFO - Setting next_dagrun for example_subdag_operator.section-2 to None, run_after=None
[2024-02-14T20:41:22.586+0000] {processor.py:183} INFO - Processing /home/airflow/.local/lib/python3.8/site-packages/airflow/example_dags/example_subdag_operator.py took 0.234 seconds
[2024-02-14T20:41:52.836+0000] {processor.py:161} INFO - Started process (PID=2102) to work on /home/airflow/.local/lib/python3.8/site-packages/airflow/example_dags/example_subdag_operator.py
[2024-02-14T20:41:52.838+0000] {processor.py:830} INFO - Processing file /home/airflow/.local/lib/python3.8/site-packages/airflow/example_dags/example_subdag_operator.py for tasks to queue
[2024-02-14T20:41:52.840+0000] {logging_mixin.py:188} INFO - [2024-02-14T20:41:52.839+0000] {dagbag.py:538} INFO - Filling up the DagBag from /home/airflow/.local/lib/python3.8/site-packages/airflow/example_dags/example_subdag_operator.py
[2024-02-14T20:41:52.890+0000] {processor.py:840} INFO - DAG(s) 'example_subdag_operator.section-1', 'example_subdag_operator.section-2', 'example_subdag_operator' retrieved from /home/airflow/.local/lib/python3.8/site-packages/airflow/example_dags/example_subdag_operator.py
[2024-02-14T20:41:52.927+0000] {logging_mixin.py:188} INFO - [2024-02-14T20:41:52.926+0000] {dag.py:3036} INFO - Sync 3 DAGs
[2024-02-14T20:41:52.972+0000] {logging_mixin.py:188} INFO - [2024-02-14T20:41:52.971+0000] {dag.py:3823} INFO - Setting next_dagrun for example_subdag_operator to 2022-01-01 00:00:00+00:00, run_after=2022-01-01 00:00:00+00:00
[2024-02-14T20:41:52.981+0000] {logging_mixin.py:188} INFO - [2024-02-14T20:41:52.980+0000] {dag.py:3823} INFO - Setting next_dagrun for example_subdag_operator.section-1 to None, run_after=None
[2024-02-14T20:41:52.984+0000] {logging_mixin.py:188} INFO - [2024-02-14T20:41:52.984+0000] {dag.py:3823} INFO - Setting next_dagrun for example_subdag_operator.section-2 to None, run_after=None
[2024-02-14T20:41:53.000+0000] {logging_mixin.py:188} INFO - [2024-02-14T20:41:53.000+0000] {dag.py:3036} INFO - Sync 2 DAGs
[2024-02-14T20:41:53.011+0000] {logging_mixin.py:188} INFO - [2024-02-14T20:41:53.011+0000] {dag.py:3823} INFO - Setting next_dagrun for example_subdag_operator.section-1 to None, run_after=None
[2024-02-14T20:41:53.013+0000] {logging_mixin.py:188} INFO - [2024-02-14T20:41:53.012+0000] {dag.py:3823} INFO - Setting next_dagrun for example_subdag_operator.section-2 to None, run_after=None
[2024-02-14T20:41:53.042+0000] {processor.py:183} INFO - Processing /home/airflow/.local/lib/python3.8/site-packages/airflow/example_dags/example_subdag_operator.py took 0.216 seconds
[2024-02-14T20:42:24.257+0000] {processor.py:161} INFO - Started process (PID=2351) to work on /home/airflow/.local/lib/python3.8/site-packages/airflow/example_dags/example_subdag_operator.py
[2024-02-14T20:42:24.260+0000] {processor.py:830} INFO - Processing file /home/airflow/.local/lib/python3.8/site-packages/airflow/example_dags/example_subdag_operator.py for tasks to queue
[2024-02-14T20:42:24.263+0000] {logging_mixin.py:188} INFO - [2024-02-14T20:42:24.262+0000] {dagbag.py:538} INFO - Filling up the DagBag from /home/airflow/.local/lib/python3.8/site-packages/airflow/example_dags/example_subdag_operator.py
[2024-02-14T20:42:24.320+0000] {processor.py:840} INFO - DAG(s) 'example_subdag_operator.section-1', 'example_subdag_operator.section-2', 'example_subdag_operator' retrieved from /home/airflow/.local/lib/python3.8/site-packages/airflow/example_dags/example_subdag_operator.py
[2024-02-14T20:42:24.381+0000] {logging_mixin.py:188} INFO - [2024-02-14T20:42:24.380+0000] {dag.py:3036} INFO - Sync 3 DAGs
[2024-02-14T20:42:24.474+0000] {logging_mixin.py:188} INFO - [2024-02-14T20:42:24.473+0000] {dag.py:3823} INFO - Setting next_dagrun for example_subdag_operator to 2022-01-01 00:00:00+00:00, run_after=2022-01-01 00:00:00+00:00
[2024-02-14T20:42:24.489+0000] {logging_mixin.py:188} INFO - [2024-02-14T20:42:24.488+0000] {dag.py:3823} INFO - Setting next_dagrun for example_subdag_operator.section-1 to None, run_after=None
[2024-02-14T20:42:24.497+0000] {logging_mixin.py:188} INFO - [2024-02-14T20:42:24.496+0000] {dag.py:3823} INFO - Setting next_dagrun for example_subdag_operator.section-2 to None, run_after=None
[2024-02-14T20:42:24.525+0000] {logging_mixin.py:188} INFO - [2024-02-14T20:42:24.524+0000] {dag.py:3036} INFO - Sync 2 DAGs
[2024-02-14T20:42:24.546+0000] {logging_mixin.py:188} INFO - [2024-02-14T20:42:24.545+0000] {dag.py:3823} INFO - Setting next_dagrun for example_subdag_operator.section-1 to None, run_after=None
[2024-02-14T20:42:24.549+0000] {logging_mixin.py:188} INFO - [2024-02-14T20:42:24.548+0000] {dag.py:3823} INFO - Setting next_dagrun for example_subdag_operator.section-2 to None, run_after=None
[2024-02-14T20:42:24.601+0000] {processor.py:183} INFO - Processing /home/airflow/.local/lib/python3.8/site-packages/airflow/example_dags/example_subdag_operator.py took 0.351 seconds
[2024-02-14T20:42:55.383+0000] {processor.py:161} INFO - Started process (PID=2599) to work on /home/airflow/.local/lib/python3.8/site-packages/airflow/example_dags/example_subdag_operator.py
[2024-02-14T20:42:55.385+0000] {processor.py:830} INFO - Processing file /home/airflow/.local/lib/python3.8/site-packages/airflow/example_dags/example_subdag_operator.py for tasks to queue
[2024-02-14T20:42:55.389+0000] {logging_mixin.py:188} INFO - [2024-02-14T20:42:55.388+0000] {dagbag.py:538} INFO - Filling up the DagBag from /home/airflow/.local/lib/python3.8/site-packages/airflow/example_dags/example_subdag_operator.py
[2024-02-14T20:42:55.463+0000] {processor.py:840} INFO - DAG(s) 'example_subdag_operator.section-1', 'example_subdag_operator.section-2', 'example_subdag_operator' retrieved from /home/airflow/.local/lib/python3.8/site-packages/airflow/example_dags/example_subdag_operator.py
[2024-02-14T20:42:55.500+0000] {logging_mixin.py:188} INFO - [2024-02-14T20:42:55.500+0000] {dag.py:3036} INFO - Sync 3 DAGs
[2024-02-14T20:42:55.562+0000] {logging_mixin.py:188} INFO - [2024-02-14T20:42:55.561+0000] {dag.py:3823} INFO - Setting next_dagrun for example_subdag_operator to 2022-01-01 00:00:00+00:00, run_after=2022-01-01 00:00:00+00:00
[2024-02-14T20:42:55.569+0000] {logging_mixin.py:188} INFO - [2024-02-14T20:42:55.569+0000] {dag.py:3823} INFO - Setting next_dagrun for example_subdag_operator.section-1 to None, run_after=None
[2024-02-14T20:42:55.574+0000] {logging_mixin.py:188} INFO - [2024-02-14T20:42:55.573+0000] {dag.py:3823} INFO - Setting next_dagrun for example_subdag_operator.section-2 to None, run_after=None
[2024-02-14T20:42:55.591+0000] {logging_mixin.py:188} INFO - [2024-02-14T20:42:55.590+0000] {dag.py:3036} INFO - Sync 2 DAGs
[2024-02-14T20:42:55.607+0000] {logging_mixin.py:188} INFO - [2024-02-14T20:42:55.606+0000] {dag.py:3823} INFO - Setting next_dagrun for example_subdag_operator.section-1 to None, run_after=None
[2024-02-14T20:42:55.612+0000] {logging_mixin.py:188} INFO - [2024-02-14T20:42:55.610+0000] {dag.py:3823} INFO - Setting next_dagrun for example_subdag_operator.section-2 to None, run_after=None
[2024-02-14T20:42:55.648+0000] {processor.py:183} INFO - Processing /home/airflow/.local/lib/python3.8/site-packages/airflow/example_dags/example_subdag_operator.py took 0.274 seconds
[2024-02-14T20:43:26.530+0000] {processor.py:161} INFO - Started process (PID=2851) to work on /home/airflow/.local/lib/python3.8/site-packages/airflow/example_dags/example_subdag_operator.py
[2024-02-14T20:43:26.532+0000] {processor.py:830} INFO - Processing file /home/airflow/.local/lib/python3.8/site-packages/airflow/example_dags/example_subdag_operator.py for tasks to queue
[2024-02-14T20:43:26.534+0000] {logging_mixin.py:188} INFO - [2024-02-14T20:43:26.533+0000] {dagbag.py:538} INFO - Filling up the DagBag from /home/airflow/.local/lib/python3.8/site-packages/airflow/example_dags/example_subdag_operator.py
[2024-02-14T20:43:26.575+0000] {processor.py:840} INFO - DAG(s) 'example_subdag_operator.section-1', 'example_subdag_operator.section-2', 'example_subdag_operator' retrieved from /home/airflow/.local/lib/python3.8/site-packages/airflow/example_dags/example_subdag_operator.py
[2024-02-14T20:43:26.600+0000] {logging_mixin.py:188} INFO - [2024-02-14T20:43:26.600+0000] {dag.py:3036} INFO - Sync 3 DAGs
[2024-02-14T20:43:26.634+0000] {logging_mixin.py:188} INFO - [2024-02-14T20:43:26.634+0000] {dag.py:3823} INFO - Setting next_dagrun for example_subdag_operator to 2022-01-01 00:00:00+00:00, run_after=2022-01-01 00:00:00+00:00
[2024-02-14T20:43:26.640+0000] {logging_mixin.py:188} INFO - [2024-02-14T20:43:26.639+0000] {dag.py:3823} INFO - Setting next_dagrun for example_subdag_operator.section-1 to None, run_after=None
[2024-02-14T20:43:26.642+0000] {logging_mixin.py:188} INFO - [2024-02-14T20:43:26.642+0000] {dag.py:3823} INFO - Setting next_dagrun for example_subdag_operator.section-2 to None, run_after=None
[2024-02-14T20:43:26.653+0000] {logging_mixin.py:188} INFO - [2024-02-14T20:43:26.653+0000] {dag.py:3036} INFO - Sync 2 DAGs
[2024-02-14T20:43:26.661+0000] {logging_mixin.py:188} INFO - [2024-02-14T20:43:26.661+0000] {dag.py:3823} INFO - Setting next_dagrun for example_subdag_operator.section-1 to None, run_after=None
[2024-02-14T20:43:26.662+0000] {logging_mixin.py:188} INFO - [2024-02-14T20:43:26.662+0000] {dag.py:3823} INFO - Setting next_dagrun for example_subdag_operator.section-2 to None, run_after=None
[2024-02-14T20:43:26.680+0000] {processor.py:183} INFO - Processing /home/airflow/.local/lib/python3.8/site-packages/airflow/example_dags/example_subdag_operator.py took 0.162 seconds
[2024-02-14T20:43:57.532+0000] {processor.py:161} INFO - Started process (PID=3090) to work on /home/airflow/.local/lib/python3.8/site-packages/airflow/example_dags/example_subdag_operator.py
[2024-02-14T20:43:57.534+0000] {processor.py:830} INFO - Processing file /home/airflow/.local/lib/python3.8/site-packages/airflow/example_dags/example_subdag_operator.py for tasks to queue
[2024-02-14T20:43:57.536+0000] {logging_mixin.py:188} INFO - [2024-02-14T20:43:57.536+0000] {dagbag.py:538} INFO - Filling up the DagBag from /home/airflow/.local/lib/python3.8/site-packages/airflow/example_dags/example_subdag_operator.py
[2024-02-14T20:43:57.571+0000] {processor.py:840} INFO - DAG(s) 'example_subdag_operator.section-1', 'example_subdag_operator.section-2', 'example_subdag_operator' retrieved from /home/airflow/.local/lib/python3.8/site-packages/airflow/example_dags/example_subdag_operator.py
[2024-02-14T20:43:57.596+0000] {logging_mixin.py:188} INFO - [2024-02-14T20:43:57.595+0000] {dag.py:3036} INFO - Sync 3 DAGs
[2024-02-14T20:43:57.628+0000] {logging_mixin.py:188} INFO - [2024-02-14T20:43:57.627+0000] {dag.py:3823} INFO - Setting next_dagrun for example_subdag_operator to 2022-01-01 00:00:00+00:00, run_after=2022-01-01 00:00:00+00:00
[2024-02-14T20:43:57.636+0000] {logging_mixin.py:188} INFO - [2024-02-14T20:43:57.635+0000] {dag.py:3823} INFO - Setting next_dagrun for example_subdag_operator.section-1 to None, run_after=None
[2024-02-14T20:43:57.638+0000] {logging_mixin.py:188} INFO - [2024-02-14T20:43:57.638+0000] {dag.py:3823} INFO - Setting next_dagrun for example_subdag_operator.section-2 to None, run_after=None
[2024-02-14T20:43:57.649+0000] {logging_mixin.py:188} INFO - [2024-02-14T20:43:57.648+0000] {dag.py:3036} INFO - Sync 2 DAGs
[2024-02-14T20:43:57.656+0000] {logging_mixin.py:188} INFO - [2024-02-14T20:43:57.656+0000] {dag.py:3823} INFO - Setting next_dagrun for example_subdag_operator.section-1 to None, run_after=None
[2024-02-14T20:43:57.657+0000] {logging_mixin.py:188} INFO - [2024-02-14T20:43:57.657+0000] {dag.py:3823} INFO - Setting next_dagrun for example_subdag_operator.section-2 to None, run_after=None
[2024-02-14T20:43:57.758+0000] {processor.py:183} INFO - Processing /home/airflow/.local/lib/python3.8/site-packages/airflow/example_dags/example_subdag_operator.py took 0.231 seconds
[2024-02-14T20:44:27.908+0000] {processor.py:161} INFO - Started process (PID=3338) to work on /home/airflow/.local/lib/python3.8/site-packages/airflow/example_dags/example_subdag_operator.py
[2024-02-14T20:44:27.910+0000] {processor.py:830} INFO - Processing file /home/airflow/.local/lib/python3.8/site-packages/airflow/example_dags/example_subdag_operator.py for tasks to queue
[2024-02-14T20:44:27.911+0000] {logging_mixin.py:188} INFO - [2024-02-14T20:44:27.911+0000] {dagbag.py:538} INFO - Filling up the DagBag from /home/airflow/.local/lib/python3.8/site-packages/airflow/example_dags/example_subdag_operator.py
[2024-02-14T20:44:27.953+0000] {processor.py:840} INFO - DAG(s) 'example_subdag_operator.section-1', 'example_subdag_operator.section-2', 'example_subdag_operator' retrieved from /home/airflow/.local/lib/python3.8/site-packages/airflow/example_dags/example_subdag_operator.py
[2024-02-14T20:44:27.983+0000] {logging_mixin.py:188} INFO - [2024-02-14T20:44:27.982+0000] {dag.py:3036} INFO - Sync 3 DAGs
[2024-02-14T20:44:28.020+0000] {logging_mixin.py:188} INFO - [2024-02-14T20:44:28.020+0000] {dag.py:3823} INFO - Setting next_dagrun for example_subdag_operator to 2022-01-01 00:00:00+00:00, run_after=2022-01-01 00:00:00+00:00
[2024-02-14T20:44:28.027+0000] {logging_mixin.py:188} INFO - [2024-02-14T20:44:28.026+0000] {dag.py:3823} INFO - Setting next_dagrun for example_subdag_operator.section-1 to None, run_after=None
[2024-02-14T20:44:28.029+0000] {logging_mixin.py:188} INFO - [2024-02-14T20:44:28.029+0000] {dag.py:3823} INFO - Setting next_dagrun for example_subdag_operator.section-2 to None, run_after=None
[2024-02-14T20:44:28.041+0000] {logging_mixin.py:188} INFO - [2024-02-14T20:44:28.041+0000] {dag.py:3036} INFO - Sync 2 DAGs
[2024-02-14T20:44:28.049+0000] {logging_mixin.py:188} INFO - [2024-02-14T20:44:28.049+0000] {dag.py:3823} INFO - Setting next_dagrun for example_subdag_operator.section-1 to None, run_after=None
[2024-02-14T20:44:28.050+0000] {logging_mixin.py:188} INFO - [2024-02-14T20:44:28.050+0000] {dag.py:3823} INFO - Setting next_dagrun for example_subdag_operator.section-2 to None, run_after=None
[2024-02-14T20:44:28.071+0000] {processor.py:183} INFO - Processing /home/airflow/.local/lib/python3.8/site-packages/airflow/example_dags/example_subdag_operator.py took 0.168 seconds
[2024-02-14T20:44:58.848+0000] {processor.py:161} INFO - Started process (PID=3585) to work on /home/airflow/.local/lib/python3.8/site-packages/airflow/example_dags/example_subdag_operator.py
[2024-02-14T20:44:58.851+0000] {processor.py:830} INFO - Processing file /home/airflow/.local/lib/python3.8/site-packages/airflow/example_dags/example_subdag_operator.py for tasks to queue
[2024-02-14T20:44:58.855+0000] {logging_mixin.py:188} INFO - [2024-02-14T20:44:58.854+0000] {dagbag.py:538} INFO - Filling up the DagBag from /home/airflow/.local/lib/python3.8/site-packages/airflow/example_dags/example_subdag_operator.py
[2024-02-14T20:44:58.982+0000] {processor.py:840} INFO - DAG(s) 'example_subdag_operator.section-1', 'example_subdag_operator.section-2', 'example_subdag_operator' retrieved from /home/airflow/.local/lib/python3.8/site-packages/airflow/example_dags/example_subdag_operator.py
[2024-02-14T20:44:59.037+0000] {logging_mixin.py:188} INFO - [2024-02-14T20:44:59.037+0000] {dag.py:3036} INFO - Sync 3 DAGs
[2024-02-14T20:44:59.086+0000] {logging_mixin.py:188} INFO - [2024-02-14T20:44:59.085+0000] {dag.py:3823} INFO - Setting next_dagrun for example_subdag_operator to 2022-01-01 00:00:00+00:00, run_after=2022-01-01 00:00:00+00:00
[2024-02-14T20:44:59.094+0000] {logging_mixin.py:188} INFO - [2024-02-14T20:44:59.094+0000] {dag.py:3823} INFO - Setting next_dagrun for example_subdag_operator.section-1 to None, run_after=None
[2024-02-14T20:44:59.097+0000] {logging_mixin.py:188} INFO - [2024-02-14T20:44:59.097+0000] {dag.py:3823} INFO - Setting next_dagrun for example_subdag_operator.section-2 to None, run_after=None
[2024-02-14T20:44:59.114+0000] {logging_mixin.py:188} INFO - [2024-02-14T20:44:59.113+0000] {dag.py:3036} INFO - Sync 2 DAGs
[2024-02-14T20:44:59.126+0000] {logging_mixin.py:188} INFO - [2024-02-14T20:44:59.125+0000] {dag.py:3823} INFO - Setting next_dagrun for example_subdag_operator.section-1 to None, run_after=None
[2024-02-14T20:44:59.128+0000] {logging_mixin.py:188} INFO - [2024-02-14T20:44:59.127+0000] {dag.py:3823} INFO - Setting next_dagrun for example_subdag_operator.section-2 to None, run_after=None
[2024-02-14T20:44:59.153+0000] {processor.py:183} INFO - Processing /home/airflow/.local/lib/python3.8/site-packages/airflow/example_dags/example_subdag_operator.py took 0.319 seconds
[2024-02-14T20:45:29.969+0000] {processor.py:161} INFO - Started process (PID=3833) to work on /home/airflow/.local/lib/python3.8/site-packages/airflow/example_dags/example_subdag_operator.py
[2024-02-14T20:45:29.971+0000] {processor.py:830} INFO - Processing file /home/airflow/.local/lib/python3.8/site-packages/airflow/example_dags/example_subdag_operator.py for tasks to queue
[2024-02-14T20:45:29.973+0000] {logging_mixin.py:188} INFO - [2024-02-14T20:45:29.972+0000] {dagbag.py:538} INFO - Filling up the DagBag from /home/airflow/.local/lib/python3.8/site-packages/airflow/example_dags/example_subdag_operator.py
[2024-02-14T20:45:30.017+0000] {processor.py:840} INFO - DAG(s) 'example_subdag_operator.section-1', 'example_subdag_operator.section-2', 'example_subdag_operator' retrieved from /home/airflow/.local/lib/python3.8/site-packages/airflow/example_dags/example_subdag_operator.py
[2024-02-14T20:45:30.048+0000] {logging_mixin.py:188} INFO - [2024-02-14T20:45:30.047+0000] {dag.py:3036} INFO - Sync 3 DAGs
[2024-02-14T20:45:30.087+0000] {logging_mixin.py:188} INFO - [2024-02-14T20:45:30.086+0000] {dag.py:3823} INFO - Setting next_dagrun for example_subdag_operator to 2022-01-01 00:00:00+00:00, run_after=2022-01-01 00:00:00+00:00
[2024-02-14T20:45:30.094+0000] {logging_mixin.py:188} INFO - [2024-02-14T20:45:30.094+0000] {dag.py:3823} INFO - Setting next_dagrun for example_subdag_operator.section-1 to None, run_after=None
[2024-02-14T20:45:30.097+0000] {logging_mixin.py:188} INFO - [2024-02-14T20:45:30.097+0000] {dag.py:3823} INFO - Setting next_dagrun for example_subdag_operator.section-2 to None, run_after=None
[2024-02-14T20:45:30.113+0000] {logging_mixin.py:188} INFO - [2024-02-14T20:45:30.112+0000] {dag.py:3036} INFO - Sync 2 DAGs
[2024-02-14T20:45:30.125+0000] {logging_mixin.py:188} INFO - [2024-02-14T20:45:30.124+0000] {dag.py:3823} INFO - Setting next_dagrun for example_subdag_operator.section-1 to None, run_after=None
[2024-02-14T20:45:30.127+0000] {logging_mixin.py:188} INFO - [2024-02-14T20:45:30.126+0000] {dag.py:3823} INFO - Setting next_dagrun for example_subdag_operator.section-2 to None, run_after=None
[2024-02-14T20:45:30.154+0000] {processor.py:183} INFO - Processing /home/airflow/.local/lib/python3.8/site-packages/airflow/example_dags/example_subdag_operator.py took 0.189 seconds
[2024-02-14T20:46:00.649+0000] {processor.py:161} INFO - Started process (PID=4080) to work on /home/airflow/.local/lib/python3.8/site-packages/airflow/example_dags/example_subdag_operator.py
[2024-02-14T20:46:00.651+0000] {processor.py:830} INFO - Processing file /home/airflow/.local/lib/python3.8/site-packages/airflow/example_dags/example_subdag_operator.py for tasks to queue
[2024-02-14T20:46:00.652+0000] {logging_mixin.py:188} INFO - [2024-02-14T20:46:00.652+0000] {dagbag.py:538} INFO - Filling up the DagBag from /home/airflow/.local/lib/python3.8/site-packages/airflow/example_dags/example_subdag_operator.py
[2024-02-14T20:46:00.695+0000] {processor.py:840} INFO - DAG(s) 'example_subdag_operator.section-1', 'example_subdag_operator.section-2', 'example_subdag_operator' retrieved from /home/airflow/.local/lib/python3.8/site-packages/airflow/example_dags/example_subdag_operator.py
[2024-02-14T20:46:00.728+0000] {logging_mixin.py:188} INFO - [2024-02-14T20:46:00.727+0000] {dag.py:3036} INFO - Sync 3 DAGs
[2024-02-14T20:46:00.768+0000] {logging_mixin.py:188} INFO - [2024-02-14T20:46:00.768+0000] {dag.py:3823} INFO - Setting next_dagrun for example_subdag_operator to 2022-01-01 00:00:00+00:00, run_after=2022-01-01 00:00:00+00:00
[2024-02-14T20:46:00.776+0000] {logging_mixin.py:188} INFO - [2024-02-14T20:46:00.775+0000] {dag.py:3823} INFO - Setting next_dagrun for example_subdag_operator.section-1 to None, run_after=None
[2024-02-14T20:46:00.778+0000] {logging_mixin.py:188} INFO - [2024-02-14T20:46:00.778+0000] {dag.py:3823} INFO - Setting next_dagrun for example_subdag_operator.section-2 to None, run_after=None
[2024-02-14T20:46:00.793+0000] {logging_mixin.py:188} INFO - [2024-02-14T20:46:00.793+0000] {dag.py:3036} INFO - Sync 2 DAGs
[2024-02-14T20:46:00.804+0000] {logging_mixin.py:188} INFO - [2024-02-14T20:46:00.803+0000] {dag.py:3823} INFO - Setting next_dagrun for example_subdag_operator.section-1 to None, run_after=None
[2024-02-14T20:46:00.805+0000] {logging_mixin.py:188} INFO - [2024-02-14T20:46:00.804+0000] {dag.py:3823} INFO - Setting next_dagrun for example_subdag_operator.section-2 to None, run_after=None
[2024-02-14T20:46:00.834+0000] {processor.py:183} INFO - Processing /home/airflow/.local/lib/python3.8/site-packages/airflow/example_dags/example_subdag_operator.py took 0.190 seconds
[2024-02-14T20:46:31.112+0000] {processor.py:161} INFO - Started process (PID=4329) to work on /home/airflow/.local/lib/python3.8/site-packages/airflow/example_dags/example_subdag_operator.py
[2024-02-14T20:46:31.115+0000] {processor.py:830} INFO - Processing file /home/airflow/.local/lib/python3.8/site-packages/airflow/example_dags/example_subdag_operator.py for tasks to queue
[2024-02-14T20:46:31.117+0000] {logging_mixin.py:188} INFO - [2024-02-14T20:46:31.116+0000] {dagbag.py:538} INFO - Filling up the DagBag from /home/airflow/.local/lib/python3.8/site-packages/airflow/example_dags/example_subdag_operator.py
[2024-02-14T20:46:31.173+0000] {processor.py:840} INFO - DAG(s) 'example_subdag_operator.section-1', 'example_subdag_operator.section-2', 'example_subdag_operator' retrieved from /home/airflow/.local/lib/python3.8/site-packages/airflow/example_dags/example_subdag_operator.py
[2024-02-14T20:46:31.217+0000] {logging_mixin.py:188} INFO - [2024-02-14T20:46:31.217+0000] {dag.py:3036} INFO - Sync 3 DAGs
[2024-02-14T20:46:31.280+0000] {logging_mixin.py:188} INFO - [2024-02-14T20:46:31.279+0000] {dag.py:3823} INFO - Setting next_dagrun for example_subdag_operator to 2022-01-01 00:00:00+00:00, run_after=2022-01-01 00:00:00+00:00
[2024-02-14T20:46:31.288+0000] {logging_mixin.py:188} INFO - [2024-02-14T20:46:31.287+0000] {dag.py:3823} INFO - Setting next_dagrun for example_subdag_operator.section-1 to None, run_after=None
[2024-02-14T20:46:31.290+0000] {logging_mixin.py:188} INFO - [2024-02-14T20:46:31.290+0000] {dag.py:3823} INFO - Setting next_dagrun for example_subdag_operator.section-2 to None, run_after=None
[2024-02-14T20:46:31.306+0000] {logging_mixin.py:188} INFO - [2024-02-14T20:46:31.306+0000] {dag.py:3036} INFO - Sync 2 DAGs
[2024-02-14T20:46:31.319+0000] {logging_mixin.py:188} INFO - [2024-02-14T20:46:31.318+0000] {dag.py:3823} INFO - Setting next_dagrun for example_subdag_operator.section-1 to None, run_after=None
[2024-02-14T20:46:31.321+0000] {logging_mixin.py:188} INFO - [2024-02-14T20:46:31.320+0000] {dag.py:3823} INFO - Setting next_dagrun for example_subdag_operator.section-2 to None, run_after=None
[2024-02-14T20:46:31.402+0000] {processor.py:183} INFO - Processing /home/airflow/.local/lib/python3.8/site-packages/airflow/example_dags/example_subdag_operator.py took 0.297 seconds
[2024-02-14T20:47:01.990+0000] {processor.py:161} INFO - Started process (PID=4577) to work on /home/airflow/.local/lib/python3.8/site-packages/airflow/example_dags/example_subdag_operator.py
[2024-02-14T20:47:01.991+0000] {processor.py:830} INFO - Processing file /home/airflow/.local/lib/python3.8/site-packages/airflow/example_dags/example_subdag_operator.py for tasks to queue
[2024-02-14T20:47:01.993+0000] {logging_mixin.py:188} INFO - [2024-02-14T20:47:01.992+0000] {dagbag.py:538} INFO - Filling up the DagBag from /home/airflow/.local/lib/python3.8/site-packages/airflow/example_dags/example_subdag_operator.py
[2024-02-14T20:47:02.043+0000] {processor.py:840} INFO - DAG(s) 'example_subdag_operator.section-1', 'example_subdag_operator.section-2', 'example_subdag_operator' retrieved from /home/airflow/.local/lib/python3.8/site-packages/airflow/example_dags/example_subdag_operator.py
[2024-02-14T20:47:02.072+0000] {logging_mixin.py:188} INFO - [2024-02-14T20:47:02.072+0000] {dag.py:3036} INFO - Sync 3 DAGs
[2024-02-14T20:47:02.111+0000] {logging_mixin.py:188} INFO - [2024-02-14T20:47:02.111+0000] {dag.py:3823} INFO - Setting next_dagrun for example_subdag_operator to 2022-01-01 00:00:00+00:00, run_after=2022-01-01 00:00:00+00:00
[2024-02-14T20:47:02.119+0000] {logging_mixin.py:188} INFO - [2024-02-14T20:47:02.118+0000] {dag.py:3823} INFO - Setting next_dagrun for example_subdag_operator.section-1 to None, run_after=None
[2024-02-14T20:47:02.122+0000] {logging_mixin.py:188} INFO - [2024-02-14T20:47:02.122+0000] {dag.py:3823} INFO - Setting next_dagrun for example_subdag_operator.section-2 to None, run_after=None
[2024-02-14T20:47:02.139+0000] {logging_mixin.py:188} INFO - [2024-02-14T20:47:02.138+0000] {dag.py:3036} INFO - Sync 2 DAGs
[2024-02-14T20:47:02.149+0000] {logging_mixin.py:188} INFO - [2024-02-14T20:47:02.148+0000] {dag.py:3823} INFO - Setting next_dagrun for example_subdag_operator.section-1 to None, run_after=None
[2024-02-14T20:47:02.150+0000] {logging_mixin.py:188} INFO - [2024-02-14T20:47:02.149+0000] {dag.py:3823} INFO - Setting next_dagrun for example_subdag_operator.section-2 to None, run_after=None
[2024-02-14T20:47:02.195+0000] {processor.py:183} INFO - Processing /home/airflow/.local/lib/python3.8/site-packages/airflow/example_dags/example_subdag_operator.py took 0.211 seconds
[2024-02-14T20:47:33.146+0000] {processor.py:161} INFO - Started process (PID=4822) to work on /home/airflow/.local/lib/python3.8/site-packages/airflow/example_dags/example_subdag_operator.py
[2024-02-14T20:47:33.148+0000] {processor.py:830} INFO - Processing file /home/airflow/.local/lib/python3.8/site-packages/airflow/example_dags/example_subdag_operator.py for tasks to queue
[2024-02-14T20:47:33.150+0000] {logging_mixin.py:188} INFO - [2024-02-14T20:47:33.149+0000] {dagbag.py:538} INFO - Filling up the DagBag from /home/airflow/.local/lib/python3.8/site-packages/airflow/example_dags/example_subdag_operator.py
[2024-02-14T20:47:33.186+0000] {processor.py:840} INFO - DAG(s) 'example_subdag_operator.section-1', 'example_subdag_operator.section-2', 'example_subdag_operator' retrieved from /home/airflow/.local/lib/python3.8/site-packages/airflow/example_dags/example_subdag_operator.py
[2024-02-14T20:47:33.212+0000] {logging_mixin.py:188} INFO - [2024-02-14T20:47:33.212+0000] {dag.py:3036} INFO - Sync 3 DAGs
[2024-02-14T20:47:33.246+0000] {logging_mixin.py:188} INFO - [2024-02-14T20:47:33.245+0000] {dag.py:3823} INFO - Setting next_dagrun for example_subdag_operator to 2022-01-01 00:00:00+00:00, run_after=2022-01-01 00:00:00+00:00
[2024-02-14T20:47:33.254+0000] {logging_mixin.py:188} INFO - [2024-02-14T20:47:33.254+0000] {dag.py:3823} INFO - Setting next_dagrun for example_subdag_operator.section-1 to None, run_after=None
[2024-02-14T20:47:33.258+0000] {logging_mixin.py:188} INFO - [2024-02-14T20:47:33.258+0000] {dag.py:3823} INFO - Setting next_dagrun for example_subdag_operator.section-2 to None, run_after=None
[2024-02-14T20:47:33.274+0000] {logging_mixin.py:188} INFO - [2024-02-14T20:47:33.274+0000] {dag.py:3036} INFO - Sync 2 DAGs
[2024-02-14T20:47:33.308+0000] {logging_mixin.py:188} INFO - [2024-02-14T20:47:33.308+0000] {dag.py:3823} INFO - Setting next_dagrun for example_subdag_operator.section-1 to None, run_after=None
[2024-02-14T20:47:33.311+0000] {logging_mixin.py:188} INFO - [2024-02-14T20:47:33.310+0000] {dag.py:3823} INFO - Setting next_dagrun for example_subdag_operator.section-2 to None, run_after=None
[2024-02-14T20:47:33.351+0000] {processor.py:183} INFO - Processing /home/airflow/.local/lib/python3.8/site-packages/airflow/example_dags/example_subdag_operator.py took 0.210 seconds
[2024-02-14T20:48:04.284+0000] {processor.py:161} INFO - Started process (PID=5069) to work on /home/airflow/.local/lib/python3.8/site-packages/airflow/example_dags/example_subdag_operator.py
[2024-02-14T20:48:04.285+0000] {processor.py:830} INFO - Processing file /home/airflow/.local/lib/python3.8/site-packages/airflow/example_dags/example_subdag_operator.py for tasks to queue
[2024-02-14T20:48:04.287+0000] {logging_mixin.py:188} INFO - [2024-02-14T20:48:04.287+0000] {dagbag.py:538} INFO - Filling up the DagBag from /home/airflow/.local/lib/python3.8/site-packages/airflow/example_dags/example_subdag_operator.py
[2024-02-14T20:48:04.339+0000] {processor.py:840} INFO - DAG(s) 'example_subdag_operator.section-1', 'example_subdag_operator.section-2', 'example_subdag_operator' retrieved from /home/airflow/.local/lib/python3.8/site-packages/airflow/example_dags/example_subdag_operator.py
[2024-02-14T20:48:04.378+0000] {logging_mixin.py:188} INFO - [2024-02-14T20:48:04.377+0000] {dag.py:3036} INFO - Sync 3 DAGs
[2024-02-14T20:48:04.423+0000] {logging_mixin.py:188} INFO - [2024-02-14T20:48:04.422+0000] {dag.py:3823} INFO - Setting next_dagrun for example_subdag_operator to 2022-01-01 00:00:00+00:00, run_after=2022-01-01 00:00:00+00:00
[2024-02-14T20:48:04.431+0000] {logging_mixin.py:188} INFO - [2024-02-14T20:48:04.430+0000] {dag.py:3823} INFO - Setting next_dagrun for example_subdag_operator.section-1 to None, run_after=None
[2024-02-14T20:48:04.435+0000] {logging_mixin.py:188} INFO - [2024-02-14T20:48:04.434+0000] {dag.py:3823} INFO - Setting next_dagrun for example_subdag_operator.section-2 to None, run_after=None
[2024-02-14T20:48:04.449+0000] {logging_mixin.py:188} INFO - [2024-02-14T20:48:04.449+0000] {dag.py:3036} INFO - Sync 2 DAGs
[2024-02-14T20:48:04.461+0000] {logging_mixin.py:188} INFO - [2024-02-14T20:48:04.461+0000] {dag.py:3823} INFO - Setting next_dagrun for example_subdag_operator.section-1 to None, run_after=None
[2024-02-14T20:48:04.463+0000] {logging_mixin.py:188} INFO - [2024-02-14T20:48:04.462+0000] {dag.py:3823} INFO - Setting next_dagrun for example_subdag_operator.section-2 to None, run_after=None
[2024-02-14T20:48:04.493+0000] {processor.py:183} INFO - Processing /home/airflow/.local/lib/python3.8/site-packages/airflow/example_dags/example_subdag_operator.py took 0.218 seconds
[2024-02-14T20:48:35.125+0000] {processor.py:161} INFO - Started process (PID=5316) to work on /home/airflow/.local/lib/python3.8/site-packages/airflow/example_dags/example_subdag_operator.py
[2024-02-14T20:48:35.127+0000] {processor.py:830} INFO - Processing file /home/airflow/.local/lib/python3.8/site-packages/airflow/example_dags/example_subdag_operator.py for tasks to queue
[2024-02-14T20:48:35.130+0000] {logging_mixin.py:188} INFO - [2024-02-14T20:48:35.129+0000] {dagbag.py:538} INFO - Filling up the DagBag from /home/airflow/.local/lib/python3.8/site-packages/airflow/example_dags/example_subdag_operator.py
[2024-02-14T20:48:35.206+0000] {processor.py:840} INFO - DAG(s) 'example_subdag_operator.section-1', 'example_subdag_operator.section-2', 'example_subdag_operator' retrieved from /home/airflow/.local/lib/python3.8/site-packages/airflow/example_dags/example_subdag_operator.py
[2024-02-14T20:48:35.253+0000] {logging_mixin.py:188} INFO - [2024-02-14T20:48:35.252+0000] {dag.py:3036} INFO - Sync 3 DAGs
[2024-02-14T20:48:35.311+0000] {logging_mixin.py:188} INFO - [2024-02-14T20:48:35.310+0000] {dag.py:3823} INFO - Setting next_dagrun for example_subdag_operator to 2022-01-01 00:00:00+00:00, run_after=2022-01-01 00:00:00+00:00
[2024-02-14T20:48:35.321+0000] {logging_mixin.py:188} INFO - [2024-02-14T20:48:35.320+0000] {dag.py:3823} INFO - Setting next_dagrun for example_subdag_operator.section-1 to None, run_after=None
[2024-02-14T20:48:35.324+0000] {logging_mixin.py:188} INFO - [2024-02-14T20:48:35.323+0000] {dag.py:3823} INFO - Setting next_dagrun for example_subdag_operator.section-2 to None, run_after=None
[2024-02-14T20:48:35.344+0000] {logging_mixin.py:188} INFO - [2024-02-14T20:48:35.343+0000] {dag.py:3036} INFO - Sync 2 DAGs
[2024-02-14T20:48:35.360+0000] {logging_mixin.py:188} INFO - [2024-02-14T20:48:35.359+0000] {dag.py:3823} INFO - Setting next_dagrun for example_subdag_operator.section-1 to None, run_after=None
[2024-02-14T20:48:35.362+0000] {logging_mixin.py:188} INFO - [2024-02-14T20:48:35.361+0000] {dag.py:3823} INFO - Setting next_dagrun for example_subdag_operator.section-2 to None, run_after=None
[2024-02-14T20:48:35.393+0000] {processor.py:183} INFO - Processing /home/airflow/.local/lib/python3.8/site-packages/airflow/example_dags/example_subdag_operator.py took 0.273 seconds
[2024-02-14T20:49:05.864+0000] {processor.py:161} INFO - Started process (PID=5563) to work on /home/airflow/.local/lib/python3.8/site-packages/airflow/example_dags/example_subdag_operator.py
[2024-02-14T20:49:05.866+0000] {processor.py:830} INFO - Processing file /home/airflow/.local/lib/python3.8/site-packages/airflow/example_dags/example_subdag_operator.py for tasks to queue
[2024-02-14T20:49:05.869+0000] {logging_mixin.py:188} INFO - [2024-02-14T20:49:05.868+0000] {dagbag.py:538} INFO - Filling up the DagBag from /home/airflow/.local/lib/python3.8/site-packages/airflow/example_dags/example_subdag_operator.py
[2024-02-14T20:49:05.922+0000] {processor.py:840} INFO - DAG(s) 'example_subdag_operator.section-1', 'example_subdag_operator.section-2', 'example_subdag_operator' retrieved from /home/airflow/.local/lib/python3.8/site-packages/airflow/example_dags/example_subdag_operator.py
[2024-02-14T20:49:05.951+0000] {logging_mixin.py:188} INFO - [2024-02-14T20:49:05.951+0000] {dag.py:3036} INFO - Sync 3 DAGs
[2024-02-14T20:49:05.985+0000] {logging_mixin.py:188} INFO - [2024-02-14T20:49:05.984+0000] {dag.py:3823} INFO - Setting next_dagrun for example_subdag_operator to 2022-01-01 00:00:00+00:00, run_after=2022-01-01 00:00:00+00:00
[2024-02-14T20:49:05.992+0000] {logging_mixin.py:188} INFO - [2024-02-14T20:49:05.992+0000] {dag.py:3823} INFO - Setting next_dagrun for example_subdag_operator.section-1 to None, run_after=None
[2024-02-14T20:49:05.995+0000] {logging_mixin.py:188} INFO - [2024-02-14T20:49:05.994+0000] {dag.py:3823} INFO - Setting next_dagrun for example_subdag_operator.section-2 to None, run_after=None
[2024-02-14T20:49:06.006+0000] {logging_mixin.py:188} INFO - [2024-02-14T20:49:06.006+0000] {dag.py:3036} INFO - Sync 2 DAGs
[2024-02-14T20:49:06.016+0000] {logging_mixin.py:188} INFO - [2024-02-14T20:49:06.015+0000] {dag.py:3823} INFO - Setting next_dagrun for example_subdag_operator.section-1 to None, run_after=None
[2024-02-14T20:49:06.017+0000] {logging_mixin.py:188} INFO - [2024-02-14T20:49:06.017+0000] {dag.py:3823} INFO - Setting next_dagrun for example_subdag_operator.section-2 to None, run_after=None
[2024-02-14T20:49:06.037+0000] {processor.py:183} INFO - Processing /home/airflow/.local/lib/python3.8/site-packages/airflow/example_dags/example_subdag_operator.py took 0.180 seconds
[2024-02-14T20:49:36.209+0000] {processor.py:161} INFO - Started process (PID=5813) to work on /home/airflow/.local/lib/python3.8/site-packages/airflow/example_dags/example_subdag_operator.py
[2024-02-14T20:49:36.211+0000] {processor.py:830} INFO - Processing file /home/airflow/.local/lib/python3.8/site-packages/airflow/example_dags/example_subdag_operator.py for tasks to queue
[2024-02-14T20:49:36.212+0000] {logging_mixin.py:188} INFO - [2024-02-14T20:49:36.212+0000] {dagbag.py:538} INFO - Filling up the DagBag from /home/airflow/.local/lib/python3.8/site-packages/airflow/example_dags/example_subdag_operator.py
[2024-02-14T20:49:36.247+0000] {processor.py:840} INFO - DAG(s) 'example_subdag_operator.section-1', 'example_subdag_operator.section-2', 'example_subdag_operator' retrieved from /home/airflow/.local/lib/python3.8/site-packages/airflow/example_dags/example_subdag_operator.py
[2024-02-14T20:49:36.270+0000] {logging_mixin.py:188} INFO - [2024-02-14T20:49:36.270+0000] {dag.py:3036} INFO - Sync 3 DAGs
[2024-02-14T20:49:36.302+0000] {logging_mixin.py:188} INFO - [2024-02-14T20:49:36.301+0000] {dag.py:3823} INFO - Setting next_dagrun for example_subdag_operator to 2022-01-01 00:00:00+00:00, run_after=2022-01-01 00:00:00+00:00
[2024-02-14T20:49:36.308+0000] {logging_mixin.py:188} INFO - [2024-02-14T20:49:36.307+0000] {dag.py:3823} INFO - Setting next_dagrun for example_subdag_operator.section-1 to None, run_after=None
[2024-02-14T20:49:36.310+0000] {logging_mixin.py:188} INFO - [2024-02-14T20:49:36.310+0000] {dag.py:3823} INFO - Setting next_dagrun for example_subdag_operator.section-2 to None, run_after=None
[2024-02-14T20:49:36.320+0000] {logging_mixin.py:188} INFO - [2024-02-14T20:49:36.319+0000] {dag.py:3036} INFO - Sync 2 DAGs
[2024-02-14T20:49:36.331+0000] {logging_mixin.py:188} INFO - [2024-02-14T20:49:36.331+0000] {dag.py:3823} INFO - Setting next_dagrun for example_subdag_operator.section-1 to None, run_after=None
[2024-02-14T20:49:36.332+0000] {logging_mixin.py:188} INFO - [2024-02-14T20:49:36.332+0000] {dag.py:3823} INFO - Setting next_dagrun for example_subdag_operator.section-2 to None, run_after=None
[2024-02-14T20:49:36.353+0000] {processor.py:183} INFO - Processing /home/airflow/.local/lib/python3.8/site-packages/airflow/example_dags/example_subdag_operator.py took 0.148 seconds
[2024-02-14T20:50:07.344+0000] {processor.py:161} INFO - Started process (PID=6061) to work on /home/airflow/.local/lib/python3.8/site-packages/airflow/example_dags/example_subdag_operator.py
[2024-02-14T20:50:07.345+0000] {processor.py:830} INFO - Processing file /home/airflow/.local/lib/python3.8/site-packages/airflow/example_dags/example_subdag_operator.py for tasks to queue
[2024-02-14T20:50:07.347+0000] {logging_mixin.py:188} INFO - [2024-02-14T20:50:07.346+0000] {dagbag.py:538} INFO - Filling up the DagBag from /home/airflow/.local/lib/python3.8/site-packages/airflow/example_dags/example_subdag_operator.py
[2024-02-14T20:50:07.379+0000] {processor.py:840} INFO - DAG(s) 'example_subdag_operator.section-1', 'example_subdag_operator.section-2', 'example_subdag_operator' retrieved from /home/airflow/.local/lib/python3.8/site-packages/airflow/example_dags/example_subdag_operator.py
[2024-02-14T20:50:07.401+0000] {logging_mixin.py:188} INFO - [2024-02-14T20:50:07.400+0000] {dag.py:3036} INFO - Sync 3 DAGs
[2024-02-14T20:50:07.429+0000] {logging_mixin.py:188} INFO - [2024-02-14T20:50:07.428+0000] {dag.py:3823} INFO - Setting next_dagrun for example_subdag_operator to 2022-01-01 00:00:00+00:00, run_after=2022-01-01 00:00:00+00:00
[2024-02-14T20:50:07.434+0000] {logging_mixin.py:188} INFO - [2024-02-14T20:50:07.433+0000] {dag.py:3823} INFO - Setting next_dagrun for example_subdag_operator.section-1 to None, run_after=None
[2024-02-14T20:50:07.436+0000] {logging_mixin.py:188} INFO - [2024-02-14T20:50:07.435+0000] {dag.py:3823} INFO - Setting next_dagrun for example_subdag_operator.section-2 to None, run_after=None
[2024-02-14T20:50:07.445+0000] {logging_mixin.py:188} INFO - [2024-02-14T20:50:07.445+0000] {dag.py:3036} INFO - Sync 2 DAGs
[2024-02-14T20:50:07.452+0000] {logging_mixin.py:188} INFO - [2024-02-14T20:50:07.452+0000] {dag.py:3823} INFO - Setting next_dagrun for example_subdag_operator.section-1 to None, run_after=None
[2024-02-14T20:50:07.453+0000] {logging_mixin.py:188} INFO - [2024-02-14T20:50:07.453+0000] {dag.py:3823} INFO - Setting next_dagrun for example_subdag_operator.section-2 to None, run_after=None
[2024-02-14T20:50:07.487+0000] {processor.py:183} INFO - Processing /home/airflow/.local/lib/python3.8/site-packages/airflow/example_dags/example_subdag_operator.py took 0.147 seconds
[2024-02-14T20:50:38.098+0000] {processor.py:161} INFO - Started process (PID=6308) to work on /home/airflow/.local/lib/python3.8/site-packages/airflow/example_dags/example_subdag_operator.py
[2024-02-14T20:50:38.100+0000] {processor.py:830} INFO - Processing file /home/airflow/.local/lib/python3.8/site-packages/airflow/example_dags/example_subdag_operator.py for tasks to queue
[2024-02-14T20:50:38.102+0000] {logging_mixin.py:188} INFO - [2024-02-14T20:50:38.101+0000] {dagbag.py:538} INFO - Filling up the DagBag from /home/airflow/.local/lib/python3.8/site-packages/airflow/example_dags/example_subdag_operator.py
[2024-02-14T20:50:38.138+0000] {processor.py:840} INFO - DAG(s) 'example_subdag_operator.section-1', 'example_subdag_operator.section-2', 'example_subdag_operator' retrieved from /home/airflow/.local/lib/python3.8/site-packages/airflow/example_dags/example_subdag_operator.py
[2024-02-14T20:50:38.163+0000] {logging_mixin.py:188} INFO - [2024-02-14T20:50:38.162+0000] {dag.py:3036} INFO - Sync 3 DAGs
[2024-02-14T20:50:38.195+0000] {logging_mixin.py:188} INFO - [2024-02-14T20:50:38.194+0000] {dag.py:3823} INFO - Setting next_dagrun for example_subdag_operator to 2022-01-01 00:00:00+00:00, run_after=2022-01-01 00:00:00+00:00
[2024-02-14T20:50:38.201+0000] {logging_mixin.py:188} INFO - [2024-02-14T20:50:38.200+0000] {dag.py:3823} INFO - Setting next_dagrun for example_subdag_operator.section-1 to None, run_after=None
[2024-02-14T20:50:38.203+0000] {logging_mixin.py:188} INFO - [2024-02-14T20:50:38.203+0000] {dag.py:3823} INFO - Setting next_dagrun for example_subdag_operator.section-2 to None, run_after=None
[2024-02-14T20:50:38.216+0000] {logging_mixin.py:188} INFO - [2024-02-14T20:50:38.216+0000] {dag.py:3036} INFO - Sync 2 DAGs
[2024-02-14T20:50:38.226+0000] {logging_mixin.py:188} INFO - [2024-02-14T20:50:38.225+0000] {dag.py:3823} INFO - Setting next_dagrun for example_subdag_operator.section-1 to None, run_after=None
[2024-02-14T20:50:38.227+0000] {logging_mixin.py:188} INFO - [2024-02-14T20:50:38.226+0000] {dag.py:3823} INFO - Setting next_dagrun for example_subdag_operator.section-2 to None, run_after=None
[2024-02-14T20:50:38.246+0000] {processor.py:183} INFO - Processing /home/airflow/.local/lib/python3.8/site-packages/airflow/example_dags/example_subdag_operator.py took 0.152 seconds
[2024-02-14T20:51:09.104+0000] {processor.py:161} INFO - Started process (PID=6556) to work on /home/airflow/.local/lib/python3.8/site-packages/airflow/example_dags/example_subdag_operator.py
[2024-02-14T20:51:09.106+0000] {processor.py:830} INFO - Processing file /home/airflow/.local/lib/python3.8/site-packages/airflow/example_dags/example_subdag_operator.py for tasks to queue
[2024-02-14T20:51:09.108+0000] {logging_mixin.py:188} INFO - [2024-02-14T20:51:09.107+0000] {dagbag.py:538} INFO - Filling up the DagBag from /home/airflow/.local/lib/python3.8/site-packages/airflow/example_dags/example_subdag_operator.py
[2024-02-14T20:51:09.145+0000] {processor.py:840} INFO - DAG(s) 'example_subdag_operator.section-1', 'example_subdag_operator.section-2', 'example_subdag_operator' retrieved from /home/airflow/.local/lib/python3.8/site-packages/airflow/example_dags/example_subdag_operator.py
[2024-02-14T20:51:09.172+0000] {logging_mixin.py:188} INFO - [2024-02-14T20:51:09.171+0000] {dag.py:3036} INFO - Sync 3 DAGs
[2024-02-14T20:51:09.226+0000] {logging_mixin.py:188} INFO - [2024-02-14T20:51:09.225+0000] {dag.py:3823} INFO - Setting next_dagrun for example_subdag_operator to 2022-01-01 00:00:00+00:00, run_after=2022-01-01 00:00:00+00:00
[2024-02-14T20:51:09.236+0000] {logging_mixin.py:188} INFO - [2024-02-14T20:51:09.236+0000] {dag.py:3823} INFO - Setting next_dagrun for example_subdag_operator.section-1 to None, run_after=None
[2024-02-14T20:51:09.240+0000] {logging_mixin.py:188} INFO - [2024-02-14T20:51:09.239+0000] {dag.py:3823} INFO - Setting next_dagrun for example_subdag_operator.section-2 to None, run_after=None
[2024-02-14T20:51:09.260+0000] {logging_mixin.py:188} INFO - [2024-02-14T20:51:09.257+0000] {dag.py:3036} INFO - Sync 2 DAGs
[2024-02-14T20:51:09.273+0000] {logging_mixin.py:188} INFO - [2024-02-14T20:51:09.273+0000] {dag.py:3823} INFO - Setting next_dagrun for example_subdag_operator.section-1 to None, run_after=None
[2024-02-14T20:51:09.277+0000] {logging_mixin.py:188} INFO - [2024-02-14T20:51:09.277+0000] {dag.py:3823} INFO - Setting next_dagrun for example_subdag_operator.section-2 to None, run_after=None
[2024-02-14T20:51:09.311+0000] {processor.py:183} INFO - Processing /home/airflow/.local/lib/python3.8/site-packages/airflow/example_dags/example_subdag_operator.py took 0.211 seconds
[2024-02-14T20:51:40.109+0000] {processor.py:161} INFO - Started process (PID=6803) to work on /home/airflow/.local/lib/python3.8/site-packages/airflow/example_dags/example_subdag_operator.py
[2024-02-14T20:51:40.111+0000] {processor.py:830} INFO - Processing file /home/airflow/.local/lib/python3.8/site-packages/airflow/example_dags/example_subdag_operator.py for tasks to queue
[2024-02-14T20:51:40.114+0000] {logging_mixin.py:188} INFO - [2024-02-14T20:51:40.113+0000] {dagbag.py:538} INFO - Filling up the DagBag from /home/airflow/.local/lib/python3.8/site-packages/airflow/example_dags/example_subdag_operator.py
[2024-02-14T20:51:40.174+0000] {processor.py:840} INFO - DAG(s) 'example_subdag_operator.section-1', 'example_subdag_operator.section-2', 'example_subdag_operator' retrieved from /home/airflow/.local/lib/python3.8/site-packages/airflow/example_dags/example_subdag_operator.py
[2024-02-14T20:51:40.219+0000] {logging_mixin.py:188} INFO - [2024-02-14T20:51:40.218+0000] {dag.py:3036} INFO - Sync 3 DAGs
[2024-02-14T20:51:40.265+0000] {logging_mixin.py:188} INFO - [2024-02-14T20:51:40.265+0000] {dag.py:3823} INFO - Setting next_dagrun for example_subdag_operator to 2022-01-01 00:00:00+00:00, run_after=2022-01-01 00:00:00+00:00
[2024-02-14T20:51:40.271+0000] {logging_mixin.py:188} INFO - [2024-02-14T20:51:40.271+0000] {dag.py:3823} INFO - Setting next_dagrun for example_subdag_operator.section-1 to None, run_after=None
[2024-02-14T20:51:40.274+0000] {logging_mixin.py:188} INFO - [2024-02-14T20:51:40.273+0000] {dag.py:3823} INFO - Setting next_dagrun for example_subdag_operator.section-2 to None, run_after=None
[2024-02-14T20:51:40.285+0000] {logging_mixin.py:188} INFO - [2024-02-14T20:51:40.285+0000] {dag.py:3036} INFO - Sync 2 DAGs
[2024-02-14T20:51:40.295+0000] {logging_mixin.py:188} INFO - [2024-02-14T20:51:40.295+0000] {dag.py:3823} INFO - Setting next_dagrun for example_subdag_operator.section-1 to None, run_after=None
[2024-02-14T20:51:40.296+0000] {logging_mixin.py:188} INFO - [2024-02-14T20:51:40.296+0000] {dag.py:3823} INFO - Setting next_dagrun for example_subdag_operator.section-2 to None, run_after=None
[2024-02-14T20:51:40.318+0000] {processor.py:183} INFO - Processing /home/airflow/.local/lib/python3.8/site-packages/airflow/example_dags/example_subdag_operator.py took 0.218 seconds
[2024-02-14T20:52:10.742+0000] {processor.py:161} INFO - Started process (PID=7050) to work on /home/airflow/.local/lib/python3.8/site-packages/airflow/example_dags/example_subdag_operator.py
[2024-02-14T20:52:10.745+0000] {processor.py:830} INFO - Processing file /home/airflow/.local/lib/python3.8/site-packages/airflow/example_dags/example_subdag_operator.py for tasks to queue
[2024-02-14T20:52:10.748+0000] {logging_mixin.py:188} INFO - [2024-02-14T20:52:10.748+0000] {dagbag.py:538} INFO - Filling up the DagBag from /home/airflow/.local/lib/python3.8/site-packages/airflow/example_dags/example_subdag_operator.py
[2024-02-14T20:52:10.795+0000] {processor.py:840} INFO - DAG(s) 'example_subdag_operator.section-1', 'example_subdag_operator.section-2', 'example_subdag_operator' retrieved from /home/airflow/.local/lib/python3.8/site-packages/airflow/example_dags/example_subdag_operator.py
[2024-02-14T20:52:10.838+0000] {logging_mixin.py:188} INFO - [2024-02-14T20:52:10.838+0000] {dag.py:3036} INFO - Sync 3 DAGs
[2024-02-14T20:52:10.875+0000] {logging_mixin.py:188} INFO - [2024-02-14T20:52:10.875+0000] {dag.py:3823} INFO - Setting next_dagrun for example_subdag_operator to 2022-01-01 00:00:00+00:00, run_after=2022-01-01 00:00:00+00:00
[2024-02-14T20:52:10.881+0000] {logging_mixin.py:188} INFO - [2024-02-14T20:52:10.880+0000] {dag.py:3823} INFO - Setting next_dagrun for example_subdag_operator.section-1 to None, run_after=None
[2024-02-14T20:52:10.883+0000] {logging_mixin.py:188} INFO - [2024-02-14T20:52:10.883+0000] {dag.py:3823} INFO - Setting next_dagrun for example_subdag_operator.section-2 to None, run_after=None
[2024-02-14T20:52:10.893+0000] {logging_mixin.py:188} INFO - [2024-02-14T20:52:10.893+0000] {dag.py:3036} INFO - Sync 2 DAGs
[2024-02-14T20:52:10.903+0000] {logging_mixin.py:188} INFO - [2024-02-14T20:52:10.902+0000] {dag.py:3823} INFO - Setting next_dagrun for example_subdag_operator.section-1 to None, run_after=None
[2024-02-14T20:52:10.904+0000] {logging_mixin.py:188} INFO - [2024-02-14T20:52:10.903+0000] {dag.py:3823} INFO - Setting next_dagrun for example_subdag_operator.section-2 to None, run_after=None
[2024-02-14T20:52:10.926+0000] {processor.py:183} INFO - Processing /home/airflow/.local/lib/python3.8/site-packages/airflow/example_dags/example_subdag_operator.py took 0.189 seconds
[2024-02-14T20:52:41.387+0000] {processor.py:161} INFO - Started process (PID=7296) to work on /home/airflow/.local/lib/python3.8/site-packages/airflow/example_dags/example_subdag_operator.py
[2024-02-14T20:52:41.389+0000] {processor.py:830} INFO - Processing file /home/airflow/.local/lib/python3.8/site-packages/airflow/example_dags/example_subdag_operator.py for tasks to queue
[2024-02-14T20:52:41.390+0000] {logging_mixin.py:188} INFO - [2024-02-14T20:52:41.390+0000] {dagbag.py:538} INFO - Filling up the DagBag from /home/airflow/.local/lib/python3.8/site-packages/airflow/example_dags/example_subdag_operator.py
[2024-02-14T20:52:41.425+0000] {processor.py:840} INFO - DAG(s) 'example_subdag_operator.section-1', 'example_subdag_operator.section-2', 'example_subdag_operator' retrieved from /home/airflow/.local/lib/python3.8/site-packages/airflow/example_dags/example_subdag_operator.py
[2024-02-14T20:52:41.448+0000] {logging_mixin.py:188} INFO - [2024-02-14T20:52:41.448+0000] {dag.py:3036} INFO - Sync 3 DAGs
[2024-02-14T20:52:41.478+0000] {logging_mixin.py:188} INFO - [2024-02-14T20:52:41.478+0000] {dag.py:3823} INFO - Setting next_dagrun for example_subdag_operator to 2022-01-01 00:00:00+00:00, run_after=2022-01-01 00:00:00+00:00
[2024-02-14T20:52:41.484+0000] {logging_mixin.py:188} INFO - [2024-02-14T20:52:41.483+0000] {dag.py:3823} INFO - Setting next_dagrun for example_subdag_operator.section-1 to None, run_after=None
[2024-02-14T20:52:41.486+0000] {logging_mixin.py:188} INFO - [2024-02-14T20:52:41.486+0000] {dag.py:3823} INFO - Setting next_dagrun for example_subdag_operator.section-2 to None, run_after=None
[2024-02-14T20:52:41.496+0000] {logging_mixin.py:188} INFO - [2024-02-14T20:52:41.496+0000] {dag.py:3036} INFO - Sync 2 DAGs
[2024-02-14T20:52:41.504+0000] {logging_mixin.py:188} INFO - [2024-02-14T20:52:41.504+0000] {dag.py:3823} INFO - Setting next_dagrun for example_subdag_operator.section-1 to None, run_after=None
[2024-02-14T20:52:41.505+0000] {logging_mixin.py:188} INFO - [2024-02-14T20:52:41.505+0000] {dag.py:3823} INFO - Setting next_dagrun for example_subdag_operator.section-2 to None, run_after=None
[2024-02-14T20:52:41.526+0000] {processor.py:183} INFO - Processing /home/airflow/.local/lib/python3.8/site-packages/airflow/example_dags/example_subdag_operator.py took 0.143 seconds
[2024-02-14T20:53:12.332+0000] {processor.py:161} INFO - Started process (PID=7545) to work on /home/airflow/.local/lib/python3.8/site-packages/airflow/example_dags/example_subdag_operator.py
[2024-02-14T20:53:12.333+0000] {processor.py:830} INFO - Processing file /home/airflow/.local/lib/python3.8/site-packages/airflow/example_dags/example_subdag_operator.py for tasks to queue
[2024-02-14T20:53:12.335+0000] {logging_mixin.py:188} INFO - [2024-02-14T20:53:12.335+0000] {dagbag.py:538} INFO - Filling up the DagBag from /home/airflow/.local/lib/python3.8/site-packages/airflow/example_dags/example_subdag_operator.py
[2024-02-14T20:53:12.370+0000] {processor.py:840} INFO - DAG(s) 'example_subdag_operator.section-1', 'example_subdag_operator.section-2', 'example_subdag_operator' retrieved from /home/airflow/.local/lib/python3.8/site-packages/airflow/example_dags/example_subdag_operator.py
[2024-02-14T20:53:12.397+0000] {logging_mixin.py:188} INFO - [2024-02-14T20:53:12.396+0000] {dag.py:3036} INFO - Sync 3 DAGs
[2024-02-14T20:53:12.430+0000] {logging_mixin.py:188} INFO - [2024-02-14T20:53:12.429+0000] {dag.py:3823} INFO - Setting next_dagrun for example_subdag_operator to 2022-01-01 00:00:00+00:00, run_after=2022-01-01 00:00:00+00:00
[2024-02-14T20:53:12.436+0000] {logging_mixin.py:188} INFO - [2024-02-14T20:53:12.435+0000] {dag.py:3823} INFO - Setting next_dagrun for example_subdag_operator.section-1 to None, run_after=None
[2024-02-14T20:53:12.438+0000] {logging_mixin.py:188} INFO - [2024-02-14T20:53:12.438+0000] {dag.py:3823} INFO - Setting next_dagrun for example_subdag_operator.section-2 to None, run_after=None
[2024-02-14T20:53:12.452+0000] {logging_mixin.py:188} INFO - [2024-02-14T20:53:12.452+0000] {dag.py:3036} INFO - Sync 2 DAGs
[2024-02-14T20:53:12.463+0000] {logging_mixin.py:188} INFO - [2024-02-14T20:53:12.463+0000] {dag.py:3823} INFO - Setting next_dagrun for example_subdag_operator.section-1 to None, run_after=None
[2024-02-14T20:53:12.464+0000] {logging_mixin.py:188} INFO - [2024-02-14T20:53:12.464+0000] {dag.py:3823} INFO - Setting next_dagrun for example_subdag_operator.section-2 to None, run_after=None
[2024-02-14T20:53:12.488+0000] {processor.py:183} INFO - Processing /home/airflow/.local/lib/python3.8/site-packages/airflow/example_dags/example_subdag_operator.py took 0.161 seconds
[2024-02-14T20:53:42.747+0000] {processor.py:161} INFO - Started process (PID=7797) to work on /home/airflow/.local/lib/python3.8/site-packages/airflow/example_dags/example_subdag_operator.py
[2024-02-14T20:53:42.750+0000] {processor.py:830} INFO - Processing file /home/airflow/.local/lib/python3.8/site-packages/airflow/example_dags/example_subdag_operator.py for tasks to queue
[2024-02-14T20:53:42.751+0000] {logging_mixin.py:188} INFO - [2024-02-14T20:53:42.751+0000] {dagbag.py:538} INFO - Filling up the DagBag from /home/airflow/.local/lib/python3.8/site-packages/airflow/example_dags/example_subdag_operator.py
[2024-02-14T20:53:42.793+0000] {processor.py:840} INFO - DAG(s) 'example_subdag_operator.section-1', 'example_subdag_operator.section-2', 'example_subdag_operator' retrieved from /home/airflow/.local/lib/python3.8/site-packages/airflow/example_dags/example_subdag_operator.py
[2024-02-14T20:53:42.823+0000] {logging_mixin.py:188} INFO - [2024-02-14T20:53:42.823+0000] {dag.py:3036} INFO - Sync 3 DAGs
[2024-02-14T20:53:42.861+0000] {logging_mixin.py:188} INFO - [2024-02-14T20:53:42.860+0000] {dag.py:3823} INFO - Setting next_dagrun for example_subdag_operator to 2022-01-01 00:00:00+00:00, run_after=2022-01-01 00:00:00+00:00
[2024-02-14T20:53:42.868+0000] {logging_mixin.py:188} INFO - [2024-02-14T20:53:42.867+0000] {dag.py:3823} INFO - Setting next_dagrun for example_subdag_operator.section-1 to None, run_after=None
[2024-02-14T20:53:42.870+0000] {logging_mixin.py:188} INFO - [2024-02-14T20:53:42.870+0000] {dag.py:3823} INFO - Setting next_dagrun for example_subdag_operator.section-2 to None, run_after=None
[2024-02-14T20:53:42.883+0000] {logging_mixin.py:188} INFO - [2024-02-14T20:53:42.883+0000] {dag.py:3036} INFO - Sync 2 DAGs
[2024-02-14T20:53:42.893+0000] {logging_mixin.py:188} INFO - [2024-02-14T20:53:42.892+0000] {dag.py:3823} INFO - Setting next_dagrun for example_subdag_operator.section-1 to None, run_after=None
[2024-02-14T20:53:42.894+0000] {logging_mixin.py:188} INFO - [2024-02-14T20:53:42.894+0000] {dag.py:3823} INFO - Setting next_dagrun for example_subdag_operator.section-2 to None, run_after=None
[2024-02-14T20:53:42.915+0000] {processor.py:183} INFO - Processing /home/airflow/.local/lib/python3.8/site-packages/airflow/example_dags/example_subdag_operator.py took 0.175 seconds
[2024-02-14T20:54:13.141+0000] {processor.py:161} INFO - Started process (PID=8044) to work on /home/airflow/.local/lib/python3.8/site-packages/airflow/example_dags/example_subdag_operator.py
[2024-02-14T20:54:13.143+0000] {processor.py:830} INFO - Processing file /home/airflow/.local/lib/python3.8/site-packages/airflow/example_dags/example_subdag_operator.py for tasks to queue
[2024-02-14T20:54:13.145+0000] {logging_mixin.py:188} INFO - [2024-02-14T20:54:13.145+0000] {dagbag.py:538} INFO - Filling up the DagBag from /home/airflow/.local/lib/python3.8/site-packages/airflow/example_dags/example_subdag_operator.py
[2024-02-14T20:54:13.212+0000] {processor.py:840} INFO - DAG(s) 'example_subdag_operator.section-1', 'example_subdag_operator.section-2', 'example_subdag_operator' retrieved from /home/airflow/.local/lib/python3.8/site-packages/airflow/example_dags/example_subdag_operator.py
[2024-02-14T20:54:13.306+0000] {logging_mixin.py:188} INFO - [2024-02-14T20:54:13.306+0000] {dag.py:3036} INFO - Sync 3 DAGs
[2024-02-14T20:54:13.385+0000] {logging_mixin.py:188} INFO - [2024-02-14T20:54:13.384+0000] {dag.py:3823} INFO - Setting next_dagrun for example_subdag_operator to 2022-01-01 00:00:00+00:00, run_after=2022-01-01 00:00:00+00:00
[2024-02-14T20:54:13.396+0000] {logging_mixin.py:188} INFO - [2024-02-14T20:54:13.395+0000] {dag.py:3823} INFO - Setting next_dagrun for example_subdag_operator.section-1 to None, run_after=None
[2024-02-14T20:54:13.399+0000] {logging_mixin.py:188} INFO - [2024-02-14T20:54:13.399+0000] {dag.py:3823} INFO - Setting next_dagrun for example_subdag_operator.section-2 to None, run_after=None
[2024-02-14T20:54:13.425+0000] {logging_mixin.py:188} INFO - [2024-02-14T20:54:13.424+0000] {dag.py:3036} INFO - Sync 2 DAGs
[2024-02-14T20:54:13.445+0000] {logging_mixin.py:188} INFO - [2024-02-14T20:54:13.444+0000] {dag.py:3823} INFO - Setting next_dagrun for example_subdag_operator.section-1 to None, run_after=None
[2024-02-14T20:54:13.481+0000] {logging_mixin.py:188} INFO - [2024-02-14T20:54:13.481+0000] {dag.py:3823} INFO - Setting next_dagrun for example_subdag_operator.section-2 to None, run_after=None
[2024-02-14T20:54:13.529+0000] {processor.py:183} INFO - Processing /home/airflow/.local/lib/python3.8/site-packages/airflow/example_dags/example_subdag_operator.py took 0.398 seconds
[2024-02-14T20:54:44.289+0000] {processor.py:161} INFO - Started process (PID=8291) to work on /home/airflow/.local/lib/python3.8/site-packages/airflow/example_dags/example_subdag_operator.py
[2024-02-14T20:54:44.291+0000] {processor.py:830} INFO - Processing file /home/airflow/.local/lib/python3.8/site-packages/airflow/example_dags/example_subdag_operator.py for tasks to queue
[2024-02-14T20:54:44.293+0000] {logging_mixin.py:188} INFO - [2024-02-14T20:54:44.292+0000] {dagbag.py:538} INFO - Filling up the DagBag from /home/airflow/.local/lib/python3.8/site-packages/airflow/example_dags/example_subdag_operator.py
[2024-02-14T20:54:44.340+0000] {processor.py:840} INFO - DAG(s) 'example_subdag_operator.section-1', 'example_subdag_operator.section-2', 'example_subdag_operator' retrieved from /home/airflow/.local/lib/python3.8/site-packages/airflow/example_dags/example_subdag_operator.py
[2024-02-14T20:54:44.376+0000] {logging_mixin.py:188} INFO - [2024-02-14T20:54:44.375+0000] {dag.py:3036} INFO - Sync 3 DAGs
[2024-02-14T20:54:44.426+0000] {logging_mixin.py:188} INFO - [2024-02-14T20:54:44.425+0000] {dag.py:3823} INFO - Setting next_dagrun for example_subdag_operator to 2022-01-01 00:00:00+00:00, run_after=2022-01-01 00:00:00+00:00
[2024-02-14T20:54:44.436+0000] {logging_mixin.py:188} INFO - [2024-02-14T20:54:44.436+0000] {dag.py:3823} INFO - Setting next_dagrun for example_subdag_operator.section-1 to None, run_after=None
[2024-02-14T20:54:44.439+0000] {logging_mixin.py:188} INFO - [2024-02-14T20:54:44.439+0000] {dag.py:3823} INFO - Setting next_dagrun for example_subdag_operator.section-2 to None, run_after=None
[2024-02-14T20:54:44.458+0000] {logging_mixin.py:188} INFO - [2024-02-14T20:54:44.457+0000] {dag.py:3036} INFO - Sync 2 DAGs
[2024-02-14T20:54:44.476+0000] {logging_mixin.py:188} INFO - [2024-02-14T20:54:44.475+0000] {dag.py:3823} INFO - Setting next_dagrun for example_subdag_operator.section-1 to None, run_after=None
[2024-02-14T20:54:44.480+0000] {logging_mixin.py:188} INFO - [2024-02-14T20:54:44.479+0000] {dag.py:3823} INFO - Setting next_dagrun for example_subdag_operator.section-2 to None, run_after=None
[2024-02-14T20:54:44.521+0000] {processor.py:183} INFO - Processing /home/airflow/.local/lib/python3.8/site-packages/airflow/example_dags/example_subdag_operator.py took 0.237 seconds
[2024-02-14T20:55:14.876+0000] {processor.py:161} INFO - Started process (PID=8538) to work on /home/airflow/.local/lib/python3.8/site-packages/airflow/example_dags/example_subdag_operator.py
[2024-02-14T20:55:14.880+0000] {processor.py:830} INFO - Processing file /home/airflow/.local/lib/python3.8/site-packages/airflow/example_dags/example_subdag_operator.py for tasks to queue
[2024-02-14T20:55:14.884+0000] {logging_mixin.py:188} INFO - [2024-02-14T20:55:14.883+0000] {dagbag.py:538} INFO - Filling up the DagBag from /home/airflow/.local/lib/python3.8/site-packages/airflow/example_dags/example_subdag_operator.py
[2024-02-14T20:55:14.988+0000] {processor.py:840} INFO - DAG(s) 'example_subdag_operator.section-1', 'example_subdag_operator.section-2', 'example_subdag_operator' retrieved from /home/airflow/.local/lib/python3.8/site-packages/airflow/example_dags/example_subdag_operator.py
[2024-02-14T20:55:15.057+0000] {logging_mixin.py:188} INFO - [2024-02-14T20:55:15.056+0000] {dag.py:3036} INFO - Sync 3 DAGs
[2024-02-14T20:55:15.154+0000] {logging_mixin.py:188} INFO - [2024-02-14T20:55:15.153+0000] {dag.py:3823} INFO - Setting next_dagrun for example_subdag_operator to 2022-01-01 00:00:00+00:00, run_after=2022-01-01 00:00:00+00:00
[2024-02-14T20:55:15.168+0000] {logging_mixin.py:188} INFO - [2024-02-14T20:55:15.168+0000] {dag.py:3823} INFO - Setting next_dagrun for example_subdag_operator.section-1 to None, run_after=None
[2024-02-14T20:55:15.174+0000] {logging_mixin.py:188} INFO - [2024-02-14T20:55:15.174+0000] {dag.py:3823} INFO - Setting next_dagrun for example_subdag_operator.section-2 to None, run_after=None
[2024-02-14T20:55:15.215+0000] {logging_mixin.py:188} INFO - [2024-02-14T20:55:15.214+0000] {dag.py:3036} INFO - Sync 2 DAGs
[2024-02-14T20:55:15.242+0000] {logging_mixin.py:188} INFO - [2024-02-14T20:55:15.241+0000] {dag.py:3823} INFO - Setting next_dagrun for example_subdag_operator.section-1 to None, run_after=None
[2024-02-14T20:55:15.244+0000] {logging_mixin.py:188} INFO - [2024-02-14T20:55:15.244+0000] {dag.py:3823} INFO - Setting next_dagrun for example_subdag_operator.section-2 to None, run_after=None
[2024-02-14T20:55:15.289+0000] {processor.py:183} INFO - Processing /home/airflow/.local/lib/python3.8/site-packages/airflow/example_dags/example_subdag_operator.py took 0.431 seconds
[2024-02-14T20:55:45.466+0000] {processor.py:161} INFO - Started process (PID=8785) to work on /home/airflow/.local/lib/python3.8/site-packages/airflow/example_dags/example_subdag_operator.py
[2024-02-14T20:55:45.470+0000] {processor.py:830} INFO - Processing file /home/airflow/.local/lib/python3.8/site-packages/airflow/example_dags/example_subdag_operator.py for tasks to queue
[2024-02-14T20:55:45.474+0000] {logging_mixin.py:188} INFO - [2024-02-14T20:55:45.473+0000] {dagbag.py:538} INFO - Filling up the DagBag from /home/airflow/.local/lib/python3.8/site-packages/airflow/example_dags/example_subdag_operator.py
[2024-02-14T20:55:45.563+0000] {processor.py:840} INFO - DAG(s) 'example_subdag_operator.section-1', 'example_subdag_operator.section-2', 'example_subdag_operator' retrieved from /home/airflow/.local/lib/python3.8/site-packages/airflow/example_dags/example_subdag_operator.py
[2024-02-14T20:55:45.627+0000] {logging_mixin.py:188} INFO - [2024-02-14T20:55:45.626+0000] {dag.py:3036} INFO - Sync 3 DAGs
[2024-02-14T20:55:45.710+0000] {logging_mixin.py:188} INFO - [2024-02-14T20:55:45.709+0000] {dag.py:3823} INFO - Setting next_dagrun for example_subdag_operator to 2022-01-01 00:00:00+00:00, run_after=2022-01-01 00:00:00+00:00
[2024-02-14T20:55:45.723+0000] {logging_mixin.py:188} INFO - [2024-02-14T20:55:45.723+0000] {dag.py:3823} INFO - Setting next_dagrun for example_subdag_operator.section-1 to None, run_after=None
[2024-02-14T20:55:45.728+0000] {logging_mixin.py:188} INFO - [2024-02-14T20:55:45.727+0000] {dag.py:3823} INFO - Setting next_dagrun for example_subdag_operator.section-2 to None, run_after=None
[2024-02-14T20:55:45.753+0000] {logging_mixin.py:188} INFO - [2024-02-14T20:55:45.752+0000] {dag.py:3036} INFO - Sync 2 DAGs
[2024-02-14T20:55:45.773+0000] {logging_mixin.py:188} INFO - [2024-02-14T20:55:45.772+0000] {dag.py:3823} INFO - Setting next_dagrun for example_subdag_operator.section-1 to None, run_after=None
[2024-02-14T20:55:45.776+0000] {logging_mixin.py:188} INFO - [2024-02-14T20:55:45.775+0000] {dag.py:3823} INFO - Setting next_dagrun for example_subdag_operator.section-2 to None, run_after=None
[2024-02-14T20:55:45.817+0000] {processor.py:183} INFO - Processing /home/airflow/.local/lib/python3.8/site-packages/airflow/example_dags/example_subdag_operator.py took 0.364 seconds
[2024-02-14T20:56:16.321+0000] {processor.py:161} INFO - Started process (PID=9032) to work on /home/airflow/.local/lib/python3.8/site-packages/airflow/example_dags/example_subdag_operator.py
[2024-02-14T20:56:16.324+0000] {processor.py:830} INFO - Processing file /home/airflow/.local/lib/python3.8/site-packages/airflow/example_dags/example_subdag_operator.py for tasks to queue
[2024-02-14T20:56:16.328+0000] {logging_mixin.py:188} INFO - [2024-02-14T20:56:16.326+0000] {dagbag.py:538} INFO - Filling up the DagBag from /home/airflow/.local/lib/python3.8/site-packages/airflow/example_dags/example_subdag_operator.py
[2024-02-14T20:56:16.394+0000] {processor.py:840} INFO - DAG(s) 'example_subdag_operator.section-1', 'example_subdag_operator.section-2', 'example_subdag_operator' retrieved from /home/airflow/.local/lib/python3.8/site-packages/airflow/example_dags/example_subdag_operator.py
[2024-02-14T20:56:16.432+0000] {logging_mixin.py:188} INFO - [2024-02-14T20:56:16.431+0000] {dag.py:3036} INFO - Sync 3 DAGs
[2024-02-14T20:56:16.483+0000] {logging_mixin.py:188} INFO - [2024-02-14T20:56:16.483+0000] {dag.py:3823} INFO - Setting next_dagrun for example_subdag_operator to 2022-01-01 00:00:00+00:00, run_after=2022-01-01 00:00:00+00:00
[2024-02-14T20:56:16.495+0000] {logging_mixin.py:188} INFO - [2024-02-14T20:56:16.492+0000] {dag.py:3823} INFO - Setting next_dagrun for example_subdag_operator.section-1 to None, run_after=None
[2024-02-14T20:56:16.498+0000] {logging_mixin.py:188} INFO - [2024-02-14T20:56:16.497+0000] {dag.py:3823} INFO - Setting next_dagrun for example_subdag_operator.section-2 to None, run_after=None
[2024-02-14T20:56:16.512+0000] {logging_mixin.py:188} INFO - [2024-02-14T20:56:16.512+0000] {dag.py:3036} INFO - Sync 2 DAGs
[2024-02-14T20:56:16.523+0000] {logging_mixin.py:188} INFO - [2024-02-14T20:56:16.522+0000] {dag.py:3823} INFO - Setting next_dagrun for example_subdag_operator.section-1 to None, run_after=None
[2024-02-14T20:56:16.524+0000] {logging_mixin.py:188} INFO - [2024-02-14T20:56:16.524+0000] {dag.py:3823} INFO - Setting next_dagrun for example_subdag_operator.section-2 to None, run_after=None
[2024-02-14T20:56:16.543+0000] {processor.py:183} INFO - Processing /home/airflow/.local/lib/python3.8/site-packages/airflow/example_dags/example_subdag_operator.py took 0.232 seconds
[2024-02-14T20:56:47.133+0000] {processor.py:161} INFO - Started process (PID=9279) to work on /home/airflow/.local/lib/python3.8/site-packages/airflow/example_dags/example_subdag_operator.py
[2024-02-14T20:56:47.135+0000] {processor.py:830} INFO - Processing file /home/airflow/.local/lib/python3.8/site-packages/airflow/example_dags/example_subdag_operator.py for tasks to queue
[2024-02-14T20:56:47.136+0000] {logging_mixin.py:188} INFO - [2024-02-14T20:56:47.136+0000] {dagbag.py:538} INFO - Filling up the DagBag from /home/airflow/.local/lib/python3.8/site-packages/airflow/example_dags/example_subdag_operator.py
[2024-02-14T20:56:47.178+0000] {processor.py:840} INFO - DAG(s) 'example_subdag_operator.section-1', 'example_subdag_operator.section-2', 'example_subdag_operator' retrieved from /home/airflow/.local/lib/python3.8/site-packages/airflow/example_dags/example_subdag_operator.py
[2024-02-14T20:56:47.206+0000] {logging_mixin.py:188} INFO - [2024-02-14T20:56:47.205+0000] {dag.py:3036} INFO - Sync 3 DAGs
[2024-02-14T20:56:47.243+0000] {logging_mixin.py:188} INFO - [2024-02-14T20:56:47.242+0000] {dag.py:3823} INFO - Setting next_dagrun for example_subdag_operator to 2022-01-01 00:00:00+00:00, run_after=2022-01-01 00:00:00+00:00
[2024-02-14T20:56:47.250+0000] {logging_mixin.py:188} INFO - [2024-02-14T20:56:47.250+0000] {dag.py:3823} INFO - Setting next_dagrun for example_subdag_operator.section-1 to None, run_after=None
[2024-02-14T20:56:47.253+0000] {logging_mixin.py:188} INFO - [2024-02-14T20:56:47.253+0000] {dag.py:3823} INFO - Setting next_dagrun for example_subdag_operator.section-2 to None, run_after=None
[2024-02-14T20:56:47.267+0000] {logging_mixin.py:188} INFO - [2024-02-14T20:56:47.266+0000] {dag.py:3036} INFO - Sync 2 DAGs
[2024-02-14T20:56:47.278+0000] {logging_mixin.py:188} INFO - [2024-02-14T20:56:47.278+0000] {dag.py:3823} INFO - Setting next_dagrun for example_subdag_operator.section-1 to None, run_after=None
[2024-02-14T20:56:47.280+0000] {logging_mixin.py:188} INFO - [2024-02-14T20:56:47.279+0000] {dag.py:3823} INFO - Setting next_dagrun for example_subdag_operator.section-2 to None, run_after=None
[2024-02-14T20:56:47.304+0000] {processor.py:183} INFO - Processing /home/airflow/.local/lib/python3.8/site-packages/airflow/example_dags/example_subdag_operator.py took 0.176 seconds
[2024-02-14T20:57:18.196+0000] {processor.py:161} INFO - Started process (PID=9525) to work on /home/airflow/.local/lib/python3.8/site-packages/airflow/example_dags/example_subdag_operator.py
[2024-02-14T20:57:18.199+0000] {processor.py:830} INFO - Processing file /home/airflow/.local/lib/python3.8/site-packages/airflow/example_dags/example_subdag_operator.py for tasks to queue
[2024-02-14T20:57:18.202+0000] {logging_mixin.py:188} INFO - [2024-02-14T20:57:18.201+0000] {dagbag.py:538} INFO - Filling up the DagBag from /home/airflow/.local/lib/python3.8/site-packages/airflow/example_dags/example_subdag_operator.py
[2024-02-14T20:57:18.257+0000] {processor.py:840} INFO - DAG(s) 'example_subdag_operator.section-1', 'example_subdag_operator.section-2', 'example_subdag_operator' retrieved from /home/airflow/.local/lib/python3.8/site-packages/airflow/example_dags/example_subdag_operator.py
[2024-02-14T20:57:18.295+0000] {logging_mixin.py:188} INFO - [2024-02-14T20:57:18.294+0000] {dag.py:3036} INFO - Sync 3 DAGs
[2024-02-14T20:57:18.352+0000] {logging_mixin.py:188} INFO - [2024-02-14T20:57:18.351+0000] {dag.py:3823} INFO - Setting next_dagrun for example_subdag_operator to 2022-01-01 00:00:00+00:00, run_after=2022-01-01 00:00:00+00:00
[2024-02-14T20:57:18.360+0000] {logging_mixin.py:188} INFO - [2024-02-14T20:57:18.360+0000] {dag.py:3823} INFO - Setting next_dagrun for example_subdag_operator.section-1 to None, run_after=None
[2024-02-14T20:57:18.367+0000] {logging_mixin.py:188} INFO - [2024-02-14T20:57:18.366+0000] {dag.py:3823} INFO - Setting next_dagrun for example_subdag_operator.section-2 to None, run_after=None
[2024-02-14T20:57:18.386+0000] {logging_mixin.py:188} INFO - [2024-02-14T20:57:18.386+0000] {dag.py:3036} INFO - Sync 2 DAGs
[2024-02-14T20:57:18.402+0000] {logging_mixin.py:188} INFO - [2024-02-14T20:57:18.402+0000] {dag.py:3823} INFO - Setting next_dagrun for example_subdag_operator.section-1 to None, run_after=None
[2024-02-14T20:57:18.404+0000] {logging_mixin.py:188} INFO - [2024-02-14T20:57:18.403+0000] {dag.py:3823} INFO - Setting next_dagrun for example_subdag_operator.section-2 to None, run_after=None
[2024-02-14T20:57:18.445+0000] {processor.py:183} INFO - Processing /home/airflow/.local/lib/python3.8/site-packages/airflow/example_dags/example_subdag_operator.py took 0.257 seconds
[2024-02-14T20:57:49.470+0000] {processor.py:161} INFO - Started process (PID=9772) to work on /home/airflow/.local/lib/python3.8/site-packages/airflow/example_dags/example_subdag_operator.py
[2024-02-14T20:57:49.479+0000] {processor.py:830} INFO - Processing file /home/airflow/.local/lib/python3.8/site-packages/airflow/example_dags/example_subdag_operator.py for tasks to queue
[2024-02-14T20:57:49.484+0000] {logging_mixin.py:188} INFO - [2024-02-14T20:57:49.482+0000] {dagbag.py:538} INFO - Filling up the DagBag from /home/airflow/.local/lib/python3.8/site-packages/airflow/example_dags/example_subdag_operator.py
[2024-02-14T20:57:49.659+0000] {processor.py:840} INFO - DAG(s) 'example_subdag_operator.section-1', 'example_subdag_operator.section-2', 'example_subdag_operator' retrieved from /home/airflow/.local/lib/python3.8/site-packages/airflow/example_dags/example_subdag_operator.py
[2024-02-14T20:57:49.691+0000] {logging_mixin.py:188} INFO - [2024-02-14T20:57:49.691+0000] {dag.py:3036} INFO - Sync 3 DAGs
[2024-02-14T20:57:49.723+0000] {logging_mixin.py:188} INFO - [2024-02-14T20:57:49.723+0000] {dag.py:3823} INFO - Setting next_dagrun for example_subdag_operator to 2022-01-01 00:00:00+00:00, run_after=2022-01-01 00:00:00+00:00
[2024-02-14T20:57:49.729+0000] {logging_mixin.py:188} INFO - [2024-02-14T20:57:49.729+0000] {dag.py:3823} INFO - Setting next_dagrun for example_subdag_operator.section-1 to None, run_after=None
[2024-02-14T20:57:49.731+0000] {logging_mixin.py:188} INFO - [2024-02-14T20:57:49.731+0000] {dag.py:3823} INFO - Setting next_dagrun for example_subdag_operator.section-2 to None, run_after=None
[2024-02-14T20:57:49.742+0000] {logging_mixin.py:188} INFO - [2024-02-14T20:57:49.741+0000] {dag.py:3036} INFO - Sync 2 DAGs
[2024-02-14T20:57:49.749+0000] {logging_mixin.py:188} INFO - [2024-02-14T20:57:49.749+0000] {dag.py:3823} INFO - Setting next_dagrun for example_subdag_operator.section-1 to None, run_after=None
[2024-02-14T20:57:49.750+0000] {logging_mixin.py:188} INFO - [2024-02-14T20:57:49.750+0000] {dag.py:3823} INFO - Setting next_dagrun for example_subdag_operator.section-2 to None, run_after=None
[2024-02-14T20:57:49.768+0000] {processor.py:183} INFO - Processing /home/airflow/.local/lib/python3.8/site-packages/airflow/example_dags/example_subdag_operator.py took 0.317 seconds
