[2024-02-14T20:38:06.650+0000] {processor.py:161} INFO - Started process (PID=211) to work on /home/airflow/.local/lib/python3.8/site-packages/airflow/example_dags/example_dag_decorator.py
[2024-02-14T20:38:06.652+0000] {processor.py:830} INFO - Processing file /home/airflow/.local/lib/python3.8/site-packages/airflow/example_dags/example_dag_decorator.py for tasks to queue
[2024-02-14T20:38:06.654+0000] {logging_mixin.py:188} INFO - [2024-02-14T20:38:06.653+0000] {dagbag.py:538} INFO - Filling up the DagBag from /home/airflow/.local/lib/python3.8/site-packages/airflow/example_dags/example_dag_decorator.py
[2024-02-14T20:38:07.048+0000] {processor.py:840} INFO - DAG(s) 'example_dag_decorator' retrieved from /home/airflow/.local/lib/python3.8/site-packages/airflow/example_dags/example_dag_decorator.py
[2024-02-14T20:38:07.268+0000] {logging_mixin.py:188} INFO - [2024-02-14T20:38:07.268+0000] {dag.py:3036} INFO - Sync 1 DAGs
[2024-02-14T20:38:07.292+0000] {logging_mixin.py:188} INFO - [2024-02-14T20:38:07.292+0000] {dag.py:3823} INFO - Setting next_dagrun for example_dag_decorator to None, run_after=None
[2024-02-14T20:38:07.327+0000] {processor.py:183} INFO - Processing /home/airflow/.local/lib/python3.8/site-packages/airflow/example_dags/example_dag_decorator.py took 0.683 seconds
[2024-02-14T20:38:37.713+0000] {processor.py:161} INFO - Started process (PID=458) to work on /home/airflow/.local/lib/python3.8/site-packages/airflow/example_dags/example_dag_decorator.py
[2024-02-14T20:38:37.715+0000] {processor.py:830} INFO - Processing file /home/airflow/.local/lib/python3.8/site-packages/airflow/example_dags/example_dag_decorator.py for tasks to queue
[2024-02-14T20:38:37.717+0000] {logging_mixin.py:188} INFO - [2024-02-14T20:38:37.717+0000] {dagbag.py:538} INFO - Filling up the DagBag from /home/airflow/.local/lib/python3.8/site-packages/airflow/example_dags/example_dag_decorator.py
[2024-02-14T20:38:37.908+0000] {processor.py:840} INFO - DAG(s) 'example_dag_decorator' retrieved from /home/airflow/.local/lib/python3.8/site-packages/airflow/example_dags/example_dag_decorator.py
[2024-02-14T20:38:38.097+0000] {logging_mixin.py:188} INFO - [2024-02-14T20:38:38.097+0000] {dag.py:3036} INFO - Sync 1 DAGs
[2024-02-14T20:38:38.118+0000] {logging_mixin.py:188} INFO - [2024-02-14T20:38:38.117+0000] {dag.py:3823} INFO - Setting next_dagrun for example_dag_decorator to None, run_after=None
[2024-02-14T20:38:38.155+0000] {processor.py:183} INFO - Processing /home/airflow/.local/lib/python3.8/site-packages/airflow/example_dags/example_dag_decorator.py took 0.448 seconds
[2024-02-14T20:39:08.648+0000] {processor.py:161} INFO - Started process (PID=710) to work on /home/airflow/.local/lib/python3.8/site-packages/airflow/example_dags/example_dag_decorator.py
[2024-02-14T20:39:08.651+0000] {processor.py:830} INFO - Processing file /home/airflow/.local/lib/python3.8/site-packages/airflow/example_dags/example_dag_decorator.py for tasks to queue
[2024-02-14T20:39:08.653+0000] {logging_mixin.py:188} INFO - [2024-02-14T20:39:08.653+0000] {dagbag.py:538} INFO - Filling up the DagBag from /home/airflow/.local/lib/python3.8/site-packages/airflow/example_dags/example_dag_decorator.py
[2024-02-14T20:39:08.827+0000] {processor.py:840} INFO - DAG(s) 'example_dag_decorator' retrieved from /home/airflow/.local/lib/python3.8/site-packages/airflow/example_dags/example_dag_decorator.py
[2024-02-14T20:39:08.985+0000] {logging_mixin.py:188} INFO - [2024-02-14T20:39:08.984+0000] {dag.py:3036} INFO - Sync 1 DAGs
[2024-02-14T20:39:09.011+0000] {logging_mixin.py:188} INFO - [2024-02-14T20:39:09.010+0000] {dag.py:3823} INFO - Setting next_dagrun for example_dag_decorator to None, run_after=None
[2024-02-14T20:39:09.066+0000] {processor.py:183} INFO - Processing /home/airflow/.local/lib/python3.8/site-packages/airflow/example_dags/example_dag_decorator.py took 0.426 seconds
[2024-02-14T20:39:39.222+0000] {processor.py:161} INFO - Started process (PID=952) to work on /home/airflow/.local/lib/python3.8/site-packages/airflow/example_dags/example_dag_decorator.py
[2024-02-14T20:39:39.224+0000] {processor.py:830} INFO - Processing file /home/airflow/.local/lib/python3.8/site-packages/airflow/example_dags/example_dag_decorator.py for tasks to queue
[2024-02-14T20:39:39.226+0000] {logging_mixin.py:188} INFO - [2024-02-14T20:39:39.226+0000] {dagbag.py:538} INFO - Filling up the DagBag from /home/airflow/.local/lib/python3.8/site-packages/airflow/example_dags/example_dag_decorator.py
[2024-02-14T20:39:39.446+0000] {processor.py:840} INFO - DAG(s) 'example_dag_decorator' retrieved from /home/airflow/.local/lib/python3.8/site-packages/airflow/example_dags/example_dag_decorator.py
[2024-02-14T20:39:39.666+0000] {logging_mixin.py:188} INFO - [2024-02-14T20:39:39.665+0000] {dag.py:3036} INFO - Sync 1 DAGs
[2024-02-14T20:39:39.690+0000] {logging_mixin.py:188} INFO - [2024-02-14T20:39:39.690+0000] {dag.py:3823} INFO - Setting next_dagrun for example_dag_decorator to None, run_after=None
[2024-02-14T20:39:39.764+0000] {processor.py:183} INFO - Processing /home/airflow/.local/lib/python3.8/site-packages/airflow/example_dags/example_dag_decorator.py took 0.552 seconds
[2024-02-14T20:40:10.831+0000] {processor.py:161} INFO - Started process (PID=1200) to work on /home/airflow/.local/lib/python3.8/site-packages/airflow/example_dags/example_dag_decorator.py
[2024-02-14T20:40:10.863+0000] {processor.py:830} INFO - Processing file /home/airflow/.local/lib/python3.8/site-packages/airflow/example_dags/example_dag_decorator.py for tasks to queue
[2024-02-14T20:40:10.868+0000] {logging_mixin.py:188} INFO - [2024-02-14T20:40:10.867+0000] {dagbag.py:538} INFO - Filling up the DagBag from /home/airflow/.local/lib/python3.8/site-packages/airflow/example_dags/example_dag_decorator.py
[2024-02-14T20:40:11.103+0000] {processor.py:840} INFO - DAG(s) 'example_dag_decorator' retrieved from /home/airflow/.local/lib/python3.8/site-packages/airflow/example_dags/example_dag_decorator.py
[2024-02-14T20:40:11.627+0000] {logging_mixin.py:188} INFO - [2024-02-14T20:40:11.625+0000] {dag.py:3036} INFO - Sync 1 DAGs
[2024-02-14T20:40:11.685+0000] {logging_mixin.py:188} INFO - [2024-02-14T20:40:11.685+0000] {dag.py:3823} INFO - Setting next_dagrun for example_dag_decorator to None, run_after=None
[2024-02-14T20:40:11.757+0000] {processor.py:183} INFO - Processing /home/airflow/.local/lib/python3.8/site-packages/airflow/example_dags/example_dag_decorator.py took 0.947 seconds
[2024-02-14T20:40:42.332+0000] {processor.py:161} INFO - Started process (PID=1460) to work on /home/airflow/.local/lib/python3.8/site-packages/airflow/example_dags/example_dag_decorator.py
[2024-02-14T20:40:42.335+0000] {processor.py:830} INFO - Processing file /home/airflow/.local/lib/python3.8/site-packages/airflow/example_dags/example_dag_decorator.py for tasks to queue
[2024-02-14T20:40:42.339+0000] {logging_mixin.py:188} INFO - [2024-02-14T20:40:42.338+0000] {dagbag.py:538} INFO - Filling up the DagBag from /home/airflow/.local/lib/python3.8/site-packages/airflow/example_dags/example_dag_decorator.py
[2024-02-14T20:40:42.575+0000] {processor.py:840} INFO - DAG(s) 'example_dag_decorator' retrieved from /home/airflow/.local/lib/python3.8/site-packages/airflow/example_dags/example_dag_decorator.py
[2024-02-14T20:40:42.884+0000] {logging_mixin.py:188} INFO - [2024-02-14T20:40:42.883+0000] {dag.py:3036} INFO - Sync 1 DAGs
[2024-02-14T20:40:42.912+0000] {logging_mixin.py:188} INFO - [2024-02-14T20:40:42.911+0000] {dag.py:3823} INFO - Setting next_dagrun for example_dag_decorator to None, run_after=None
[2024-02-14T20:40:42.979+0000] {processor.py:183} INFO - Processing /home/airflow/.local/lib/python3.8/site-packages/airflow/example_dags/example_dag_decorator.py took 0.653 seconds
[2024-02-14T20:41:13.457+0000] {processor.py:161} INFO - Started process (PID=1712) to work on /home/airflow/.local/lib/python3.8/site-packages/airflow/example_dags/example_dag_decorator.py
[2024-02-14T20:41:13.459+0000] {processor.py:830} INFO - Processing file /home/airflow/.local/lib/python3.8/site-packages/airflow/example_dags/example_dag_decorator.py for tasks to queue
[2024-02-14T20:41:13.462+0000] {logging_mixin.py:188} INFO - [2024-02-14T20:41:13.461+0000] {dagbag.py:538} INFO - Filling up the DagBag from /home/airflow/.local/lib/python3.8/site-packages/airflow/example_dags/example_dag_decorator.py
[2024-02-14T20:41:13.754+0000] {processor.py:840} INFO - DAG(s) 'example_dag_decorator' retrieved from /home/airflow/.local/lib/python3.8/site-packages/airflow/example_dags/example_dag_decorator.py
[2024-02-14T20:41:14.074+0000] {logging_mixin.py:188} INFO - [2024-02-14T20:41:14.073+0000] {dag.py:3036} INFO - Sync 1 DAGs
[2024-02-14T20:41:14.107+0000] {logging_mixin.py:188} INFO - [2024-02-14T20:41:14.107+0000] {dag.py:3823} INFO - Setting next_dagrun for example_dag_decorator to None, run_after=None
[2024-02-14T20:41:14.166+0000] {processor.py:183} INFO - Processing /home/airflow/.local/lib/python3.8/site-packages/airflow/example_dags/example_dag_decorator.py took 0.719 seconds
[2024-02-14T20:41:44.515+0000] {processor.py:161} INFO - Started process (PID=1962) to work on /home/airflow/.local/lib/python3.8/site-packages/airflow/example_dags/example_dag_decorator.py
[2024-02-14T20:41:44.523+0000] {processor.py:830} INFO - Processing file /home/airflow/.local/lib/python3.8/site-packages/airflow/example_dags/example_dag_decorator.py for tasks to queue
[2024-02-14T20:41:44.526+0000] {logging_mixin.py:188} INFO - [2024-02-14T20:41:44.525+0000] {dagbag.py:538} INFO - Filling up the DagBag from /home/airflow/.local/lib/python3.8/site-packages/airflow/example_dags/example_dag_decorator.py
[2024-02-14T20:41:44.976+0000] {processor.py:840} INFO - DAG(s) 'example_dag_decorator' retrieved from /home/airflow/.local/lib/python3.8/site-packages/airflow/example_dags/example_dag_decorator.py
[2024-02-14T20:41:45.378+0000] {logging_mixin.py:188} INFO - [2024-02-14T20:41:45.378+0000] {dag.py:3036} INFO - Sync 1 DAGs
[2024-02-14T20:41:45.424+0000] {logging_mixin.py:188} INFO - [2024-02-14T20:41:45.424+0000] {dag.py:3823} INFO - Setting next_dagrun for example_dag_decorator to None, run_after=None
[2024-02-14T20:41:45.487+0000] {processor.py:183} INFO - Processing /home/airflow/.local/lib/python3.8/site-packages/airflow/example_dags/example_dag_decorator.py took 0.984 seconds
[2024-02-14T20:42:15.615+0000] {processor.py:161} INFO - Started process (PID=2221) to work on /home/airflow/.local/lib/python3.8/site-packages/airflow/example_dags/example_dag_decorator.py
[2024-02-14T20:42:15.616+0000] {processor.py:830} INFO - Processing file /home/airflow/.local/lib/python3.8/site-packages/airflow/example_dags/example_dag_decorator.py for tasks to queue
[2024-02-14T20:42:15.618+0000] {logging_mixin.py:188} INFO - [2024-02-14T20:42:15.617+0000] {dagbag.py:538} INFO - Filling up the DagBag from /home/airflow/.local/lib/python3.8/site-packages/airflow/example_dags/example_dag_decorator.py
[2024-02-14T20:42:15.789+0000] {processor.py:840} INFO - DAG(s) 'example_dag_decorator' retrieved from /home/airflow/.local/lib/python3.8/site-packages/airflow/example_dags/example_dag_decorator.py
[2024-02-14T20:42:15.954+0000] {logging_mixin.py:188} INFO - [2024-02-14T20:42:15.954+0000] {dag.py:3036} INFO - Sync 1 DAGs
[2024-02-14T20:42:15.973+0000] {logging_mixin.py:188} INFO - [2024-02-14T20:42:15.973+0000] {dag.py:3823} INFO - Setting next_dagrun for example_dag_decorator to None, run_after=None
[2024-02-14T20:42:16.008+0000] {processor.py:183} INFO - Processing /home/airflow/.local/lib/python3.8/site-packages/airflow/example_dags/example_dag_decorator.py took 0.399 seconds
[2024-02-14T20:42:46.575+0000] {processor.py:161} INFO - Started process (PID=2467) to work on /home/airflow/.local/lib/python3.8/site-packages/airflow/example_dags/example_dag_decorator.py
[2024-02-14T20:42:46.577+0000] {processor.py:830} INFO - Processing file /home/airflow/.local/lib/python3.8/site-packages/airflow/example_dags/example_dag_decorator.py for tasks to queue
[2024-02-14T20:42:46.580+0000] {logging_mixin.py:188} INFO - [2024-02-14T20:42:46.579+0000] {dagbag.py:538} INFO - Filling up the DagBag from /home/airflow/.local/lib/python3.8/site-packages/airflow/example_dags/example_dag_decorator.py
[2024-02-14T20:42:46.788+0000] {processor.py:840} INFO - DAG(s) 'example_dag_decorator' retrieved from /home/airflow/.local/lib/python3.8/site-packages/airflow/example_dags/example_dag_decorator.py
[2024-02-14T20:42:47.112+0000] {logging_mixin.py:188} INFO - [2024-02-14T20:42:47.111+0000] {dag.py:3036} INFO - Sync 1 DAGs
[2024-02-14T20:42:47.150+0000] {logging_mixin.py:188} INFO - [2024-02-14T20:42:47.150+0000] {dag.py:3823} INFO - Setting next_dagrun for example_dag_decorator to None, run_after=None
[2024-02-14T20:42:47.212+0000] {processor.py:183} INFO - Processing /home/airflow/.local/lib/python3.8/site-packages/airflow/example_dags/example_dag_decorator.py took 0.644 seconds
[2024-02-14T20:43:17.356+0000] {processor.py:161} INFO - Started process (PID=2721) to work on /home/airflow/.local/lib/python3.8/site-packages/airflow/example_dags/example_dag_decorator.py
[2024-02-14T20:43:17.359+0000] {processor.py:830} INFO - Processing file /home/airflow/.local/lib/python3.8/site-packages/airflow/example_dags/example_dag_decorator.py for tasks to queue
[2024-02-14T20:43:17.363+0000] {logging_mixin.py:188} INFO - [2024-02-14T20:43:17.362+0000] {dagbag.py:538} INFO - Filling up the DagBag from /home/airflow/.local/lib/python3.8/site-packages/airflow/example_dags/example_dag_decorator.py
[2024-02-14T20:43:17.515+0000] {processor.py:840} INFO - DAG(s) 'example_dag_decorator' retrieved from /home/airflow/.local/lib/python3.8/site-packages/airflow/example_dags/example_dag_decorator.py
[2024-02-14T20:43:17.710+0000] {logging_mixin.py:188} INFO - [2024-02-14T20:43:17.709+0000] {dag.py:3036} INFO - Sync 1 DAGs
[2024-02-14T20:43:17.748+0000] {logging_mixin.py:188} INFO - [2024-02-14T20:43:17.747+0000] {dag.py:3823} INFO - Setting next_dagrun for example_dag_decorator to None, run_after=None
[2024-02-14T20:43:17.781+0000] {processor.py:183} INFO - Processing /home/airflow/.local/lib/python3.8/site-packages/airflow/example_dags/example_dag_decorator.py took 0.437 seconds
[2024-02-14T20:43:47.876+0000] {processor.py:161} INFO - Started process (PID=2970) to work on /home/airflow/.local/lib/python3.8/site-packages/airflow/example_dags/example_dag_decorator.py
[2024-02-14T20:43:47.878+0000] {processor.py:830} INFO - Processing file /home/airflow/.local/lib/python3.8/site-packages/airflow/example_dags/example_dag_decorator.py for tasks to queue
[2024-02-14T20:43:47.880+0000] {logging_mixin.py:188} INFO - [2024-02-14T20:43:47.879+0000] {dagbag.py:538} INFO - Filling up the DagBag from /home/airflow/.local/lib/python3.8/site-packages/airflow/example_dags/example_dag_decorator.py
[2024-02-14T20:43:48.070+0000] {processor.py:840} INFO - DAG(s) 'example_dag_decorator' retrieved from /home/airflow/.local/lib/python3.8/site-packages/airflow/example_dags/example_dag_decorator.py
[2024-02-14T20:43:48.231+0000] {logging_mixin.py:188} INFO - [2024-02-14T20:43:48.230+0000] {dag.py:3036} INFO - Sync 1 DAGs
[2024-02-14T20:43:48.247+0000] {logging_mixin.py:188} INFO - [2024-02-14T20:43:48.247+0000] {dag.py:3823} INFO - Setting next_dagrun for example_dag_decorator to None, run_after=None
[2024-02-14T20:43:48.273+0000] {processor.py:183} INFO - Processing /home/airflow/.local/lib/python3.8/site-packages/airflow/example_dags/example_dag_decorator.py took 0.404 seconds
[2024-02-14T20:44:18.467+0000] {processor.py:161} INFO - Started process (PID=3220) to work on /home/airflow/.local/lib/python3.8/site-packages/airflow/example_dags/example_dag_decorator.py
[2024-02-14T20:44:18.469+0000] {processor.py:830} INFO - Processing file /home/airflow/.local/lib/python3.8/site-packages/airflow/example_dags/example_dag_decorator.py for tasks to queue
[2024-02-14T20:44:18.471+0000] {logging_mixin.py:188} INFO - [2024-02-14T20:44:18.470+0000] {dagbag.py:538} INFO - Filling up the DagBag from /home/airflow/.local/lib/python3.8/site-packages/airflow/example_dags/example_dag_decorator.py
[2024-02-14T20:44:18.603+0000] {processor.py:840} INFO - DAG(s) 'example_dag_decorator' retrieved from /home/airflow/.local/lib/python3.8/site-packages/airflow/example_dags/example_dag_decorator.py
[2024-02-14T20:44:18.747+0000] {logging_mixin.py:188} INFO - [2024-02-14T20:44:18.747+0000] {dag.py:3036} INFO - Sync 1 DAGs
[2024-02-14T20:44:18.781+0000] {logging_mixin.py:188} INFO - [2024-02-14T20:44:18.781+0000] {dag.py:3823} INFO - Setting next_dagrun for example_dag_decorator to None, run_after=None
[2024-02-14T20:44:18.814+0000] {processor.py:183} INFO - Processing /home/airflow/.local/lib/python3.8/site-packages/airflow/example_dags/example_dag_decorator.py took 0.351 seconds
[2024-02-14T20:44:49.729+0000] {processor.py:161} INFO - Started process (PID=3467) to work on /home/airflow/.local/lib/python3.8/site-packages/airflow/example_dags/example_dag_decorator.py
[2024-02-14T20:44:49.733+0000] {processor.py:830} INFO - Processing file /home/airflow/.local/lib/python3.8/site-packages/airflow/example_dags/example_dag_decorator.py for tasks to queue
[2024-02-14T20:44:49.737+0000] {logging_mixin.py:188} INFO - [2024-02-14T20:44:49.736+0000] {dagbag.py:538} INFO - Filling up the DagBag from /home/airflow/.local/lib/python3.8/site-packages/airflow/example_dags/example_dag_decorator.py
[2024-02-14T20:44:49.946+0000] {processor.py:840} INFO - DAG(s) 'example_dag_decorator' retrieved from /home/airflow/.local/lib/python3.8/site-packages/airflow/example_dags/example_dag_decorator.py
[2024-02-14T20:44:50.104+0000] {logging_mixin.py:188} INFO - [2024-02-14T20:44:50.104+0000] {dag.py:3036} INFO - Sync 1 DAGs
[2024-02-14T20:44:50.122+0000] {logging_mixin.py:188} INFO - [2024-02-14T20:44:50.122+0000] {dag.py:3823} INFO - Setting next_dagrun for example_dag_decorator to None, run_after=None
[2024-02-14T20:44:50.152+0000] {processor.py:183} INFO - Processing /home/airflow/.local/lib/python3.8/site-packages/airflow/example_dags/example_dag_decorator.py took 0.436 seconds
[2024-02-14T20:45:20.309+0000] {processor.py:161} INFO - Started process (PID=3718) to work on /home/airflow/.local/lib/python3.8/site-packages/airflow/example_dags/example_dag_decorator.py
[2024-02-14T20:45:20.313+0000] {processor.py:830} INFO - Processing file /home/airflow/.local/lib/python3.8/site-packages/airflow/example_dags/example_dag_decorator.py for tasks to queue
[2024-02-14T20:45:20.318+0000] {logging_mixin.py:188} INFO - [2024-02-14T20:45:20.316+0000] {dagbag.py:538} INFO - Filling up the DagBag from /home/airflow/.local/lib/python3.8/site-packages/airflow/example_dags/example_dag_decorator.py
[2024-02-14T20:45:20.516+0000] {processor.py:840} INFO - DAG(s) 'example_dag_decorator' retrieved from /home/airflow/.local/lib/python3.8/site-packages/airflow/example_dags/example_dag_decorator.py
[2024-02-14T20:45:20.651+0000] {logging_mixin.py:188} INFO - [2024-02-14T20:45:20.651+0000] {dag.py:3036} INFO - Sync 1 DAGs
[2024-02-14T20:45:20.664+0000] {logging_mixin.py:188} INFO - [2024-02-14T20:45:20.664+0000] {dag.py:3823} INFO - Setting next_dagrun for example_dag_decorator to None, run_after=None
[2024-02-14T20:45:20.706+0000] {processor.py:183} INFO - Processing /home/airflow/.local/lib/python3.8/site-packages/airflow/example_dags/example_dag_decorator.py took 0.415 seconds
[2024-02-14T20:45:51.359+0000] {processor.py:161} INFO - Started process (PID=3962) to work on /home/airflow/.local/lib/python3.8/site-packages/airflow/example_dags/example_dag_decorator.py
[2024-02-14T20:45:51.363+0000] {processor.py:830} INFO - Processing file /home/airflow/.local/lib/python3.8/site-packages/airflow/example_dags/example_dag_decorator.py for tasks to queue
[2024-02-14T20:45:51.367+0000] {logging_mixin.py:188} INFO - [2024-02-14T20:45:51.366+0000] {dagbag.py:538} INFO - Filling up the DagBag from /home/airflow/.local/lib/python3.8/site-packages/airflow/example_dags/example_dag_decorator.py
[2024-02-14T20:45:51.669+0000] {processor.py:840} INFO - DAG(s) 'example_dag_decorator' retrieved from /home/airflow/.local/lib/python3.8/site-packages/airflow/example_dags/example_dag_decorator.py
[2024-02-14T20:45:51.951+0000] {logging_mixin.py:188} INFO - [2024-02-14T20:45:51.951+0000] {dag.py:3036} INFO - Sync 1 DAGs
[2024-02-14T20:45:51.979+0000] {logging_mixin.py:188} INFO - [2024-02-14T20:45:51.978+0000] {dag.py:3823} INFO - Setting next_dagrun for example_dag_decorator to None, run_after=None
[2024-02-14T20:45:52.047+0000] {processor.py:183} INFO - Processing /home/airflow/.local/lib/python3.8/site-packages/airflow/example_dags/example_dag_decorator.py took 0.696 seconds
[2024-02-14T20:46:22.860+0000] {processor.py:161} INFO - Started process (PID=4214) to work on /home/airflow/.local/lib/python3.8/site-packages/airflow/example_dags/example_dag_decorator.py
[2024-02-14T20:46:22.864+0000] {processor.py:830} INFO - Processing file /home/airflow/.local/lib/python3.8/site-packages/airflow/example_dags/example_dag_decorator.py for tasks to queue
[2024-02-14T20:46:22.869+0000] {logging_mixin.py:188} INFO - [2024-02-14T20:46:22.867+0000] {dagbag.py:538} INFO - Filling up the DagBag from /home/airflow/.local/lib/python3.8/site-packages/airflow/example_dags/example_dag_decorator.py
[2024-02-14T20:46:23.066+0000] {processor.py:840} INFO - DAG(s) 'example_dag_decorator' retrieved from /home/airflow/.local/lib/python3.8/site-packages/airflow/example_dags/example_dag_decorator.py
[2024-02-14T20:46:23.219+0000] {logging_mixin.py:188} INFO - [2024-02-14T20:46:23.218+0000] {dag.py:3036} INFO - Sync 1 DAGs
[2024-02-14T20:46:23.234+0000] {logging_mixin.py:188} INFO - [2024-02-14T20:46:23.234+0000] {dag.py:3823} INFO - Setting next_dagrun for example_dag_decorator to None, run_after=None
[2024-02-14T20:46:23.263+0000] {processor.py:183} INFO - Processing /home/airflow/.local/lib/python3.8/site-packages/airflow/example_dags/example_dag_decorator.py took 0.416 seconds
[2024-02-14T20:46:53.733+0000] {processor.py:161} INFO - Started process (PID=4470) to work on /home/airflow/.local/lib/python3.8/site-packages/airflow/example_dags/example_dag_decorator.py
[2024-02-14T20:46:53.737+0000] {processor.py:830} INFO - Processing file /home/airflow/.local/lib/python3.8/site-packages/airflow/example_dags/example_dag_decorator.py for tasks to queue
[2024-02-14T20:46:53.741+0000] {logging_mixin.py:188} INFO - [2024-02-14T20:46:53.740+0000] {dagbag.py:538} INFO - Filling up the DagBag from /home/airflow/.local/lib/python3.8/site-packages/airflow/example_dags/example_dag_decorator.py
[2024-02-14T20:46:53.990+0000] {processor.py:840} INFO - DAG(s) 'example_dag_decorator' retrieved from /home/airflow/.local/lib/python3.8/site-packages/airflow/example_dags/example_dag_decorator.py
[2024-02-14T20:46:54.145+0000] {logging_mixin.py:188} INFO - [2024-02-14T20:46:54.145+0000] {dag.py:3036} INFO - Sync 1 DAGs
[2024-02-14T20:46:54.164+0000] {logging_mixin.py:188} INFO - [2024-02-14T20:46:54.164+0000] {dag.py:3823} INFO - Setting next_dagrun for example_dag_decorator to None, run_after=None
[2024-02-14T20:46:54.194+0000] {processor.py:183} INFO - Processing /home/airflow/.local/lib/python3.8/site-packages/airflow/example_dags/example_dag_decorator.py took 0.473 seconds
[2024-02-14T20:47:24.369+0000] {processor.py:161} INFO - Started process (PID=4709) to work on /home/airflow/.local/lib/python3.8/site-packages/airflow/example_dags/example_dag_decorator.py
[2024-02-14T20:47:24.373+0000] {processor.py:830} INFO - Processing file /home/airflow/.local/lib/python3.8/site-packages/airflow/example_dags/example_dag_decorator.py for tasks to queue
[2024-02-14T20:47:24.377+0000] {logging_mixin.py:188} INFO - [2024-02-14T20:47:24.376+0000] {dagbag.py:538} INFO - Filling up the DagBag from /home/airflow/.local/lib/python3.8/site-packages/airflow/example_dags/example_dag_decorator.py
[2024-02-14T20:47:24.598+0000] {processor.py:840} INFO - DAG(s) 'example_dag_decorator' retrieved from /home/airflow/.local/lib/python3.8/site-packages/airflow/example_dags/example_dag_decorator.py
[2024-02-14T20:47:24.795+0000] {logging_mixin.py:188} INFO - [2024-02-14T20:47:24.794+0000] {dag.py:3036} INFO - Sync 1 DAGs
[2024-02-14T20:47:24.817+0000] {logging_mixin.py:188} INFO - [2024-02-14T20:47:24.817+0000] {dag.py:3823} INFO - Setting next_dagrun for example_dag_decorator to None, run_after=None
[2024-02-14T20:47:24.878+0000] {processor.py:183} INFO - Processing /home/airflow/.local/lib/python3.8/site-packages/airflow/example_dags/example_dag_decorator.py took 0.524 seconds
[2024-02-14T20:47:55.499+0000] {processor.py:161} INFO - Started process (PID=4956) to work on /home/airflow/.local/lib/python3.8/site-packages/airflow/example_dags/example_dag_decorator.py
[2024-02-14T20:47:55.507+0000] {processor.py:830} INFO - Processing file /home/airflow/.local/lib/python3.8/site-packages/airflow/example_dags/example_dag_decorator.py for tasks to queue
[2024-02-14T20:47:55.513+0000] {logging_mixin.py:188} INFO - [2024-02-14T20:47:55.511+0000] {dagbag.py:538} INFO - Filling up the DagBag from /home/airflow/.local/lib/python3.8/site-packages/airflow/example_dags/example_dag_decorator.py
[2024-02-14T20:47:55.904+0000] {processor.py:840} INFO - DAG(s) 'example_dag_decorator' retrieved from /home/airflow/.local/lib/python3.8/site-packages/airflow/example_dags/example_dag_decorator.py
[2024-02-14T20:47:56.108+0000] {logging_mixin.py:188} INFO - [2024-02-14T20:47:56.108+0000] {dag.py:3036} INFO - Sync 1 DAGs
[2024-02-14T20:47:56.129+0000] {logging_mixin.py:188} INFO - [2024-02-14T20:47:56.129+0000] {dag.py:3823} INFO - Setting next_dagrun for example_dag_decorator to None, run_after=None
[2024-02-14T20:47:56.173+0000] {processor.py:183} INFO - Processing /home/airflow/.local/lib/python3.8/site-packages/airflow/example_dags/example_dag_decorator.py took 0.687 seconds
[2024-02-14T20:48:26.419+0000] {processor.py:161} INFO - Started process (PID=5211) to work on /home/airflow/.local/lib/python3.8/site-packages/airflow/example_dags/example_dag_decorator.py
[2024-02-14T20:48:26.421+0000] {processor.py:830} INFO - Processing file /home/airflow/.local/lib/python3.8/site-packages/airflow/example_dags/example_dag_decorator.py for tasks to queue
[2024-02-14T20:48:26.423+0000] {logging_mixin.py:188} INFO - [2024-02-14T20:48:26.423+0000] {dagbag.py:538} INFO - Filling up the DagBag from /home/airflow/.local/lib/python3.8/site-packages/airflow/example_dags/example_dag_decorator.py
[2024-02-14T20:48:26.719+0000] {processor.py:840} INFO - DAG(s) 'example_dag_decorator' retrieved from /home/airflow/.local/lib/python3.8/site-packages/airflow/example_dags/example_dag_decorator.py
[2024-02-14T20:48:27.051+0000] {logging_mixin.py:188} INFO - [2024-02-14T20:48:27.051+0000] {dag.py:3036} INFO - Sync 1 DAGs
[2024-02-14T20:48:27.081+0000] {logging_mixin.py:188} INFO - [2024-02-14T20:48:27.080+0000] {dag.py:3823} INFO - Setting next_dagrun for example_dag_decorator to None, run_after=None
[2024-02-14T20:48:27.158+0000] {processor.py:183} INFO - Processing /home/airflow/.local/lib/python3.8/site-packages/airflow/example_dags/example_dag_decorator.py took 0.748 seconds
[2024-02-14T20:48:57.253+0000] {processor.py:161} INFO - Started process (PID=5463) to work on /home/airflow/.local/lib/python3.8/site-packages/airflow/example_dags/example_dag_decorator.py
[2024-02-14T20:48:57.255+0000] {processor.py:830} INFO - Processing file /home/airflow/.local/lib/python3.8/site-packages/airflow/example_dags/example_dag_decorator.py for tasks to queue
[2024-02-14T20:48:57.256+0000] {logging_mixin.py:188} INFO - [2024-02-14T20:48:57.256+0000] {dagbag.py:538} INFO - Filling up the DagBag from /home/airflow/.local/lib/python3.8/site-packages/airflow/example_dags/example_dag_decorator.py
[2024-02-14T20:48:57.404+0000] {processor.py:840} INFO - DAG(s) 'example_dag_decorator' retrieved from /home/airflow/.local/lib/python3.8/site-packages/airflow/example_dags/example_dag_decorator.py
[2024-02-14T20:48:57.572+0000] {logging_mixin.py:188} INFO - [2024-02-14T20:48:57.571+0000] {dag.py:3036} INFO - Sync 1 DAGs
[2024-02-14T20:48:57.587+0000] {logging_mixin.py:188} INFO - [2024-02-14T20:48:57.587+0000] {dag.py:3823} INFO - Setting next_dagrun for example_dag_decorator to None, run_after=None
[2024-02-14T20:48:57.619+0000] {processor.py:183} INFO - Processing /home/airflow/.local/lib/python3.8/site-packages/airflow/example_dags/example_dag_decorator.py took 0.371 seconds
[2024-02-14T20:49:27.878+0000] {processor.py:161} INFO - Started process (PID=5711) to work on /home/airflow/.local/lib/python3.8/site-packages/airflow/example_dags/example_dag_decorator.py
[2024-02-14T20:49:27.880+0000] {processor.py:830} INFO - Processing file /home/airflow/.local/lib/python3.8/site-packages/airflow/example_dags/example_dag_decorator.py for tasks to queue
[2024-02-14T20:49:27.882+0000] {logging_mixin.py:188} INFO - [2024-02-14T20:49:27.882+0000] {dagbag.py:538} INFO - Filling up the DagBag from /home/airflow/.local/lib/python3.8/site-packages/airflow/example_dags/example_dag_decorator.py
[2024-02-14T20:49:28.107+0000] {processor.py:840} INFO - DAG(s) 'example_dag_decorator' retrieved from /home/airflow/.local/lib/python3.8/site-packages/airflow/example_dags/example_dag_decorator.py
[2024-02-14T20:49:28.331+0000] {logging_mixin.py:188} INFO - [2024-02-14T20:49:28.331+0000] {dag.py:3036} INFO - Sync 1 DAGs
[2024-02-14T20:49:28.359+0000] {logging_mixin.py:188} INFO - [2024-02-14T20:49:28.358+0000] {dag.py:3823} INFO - Setting next_dagrun for example_dag_decorator to None, run_after=None
[2024-02-14T20:49:28.410+0000] {processor.py:183} INFO - Processing /home/airflow/.local/lib/python3.8/site-packages/airflow/example_dags/example_dag_decorator.py took 0.544 seconds
[2024-02-14T20:49:58.748+0000] {processor.py:161} INFO - Started process (PID=5966) to work on /home/airflow/.local/lib/python3.8/site-packages/airflow/example_dags/example_dag_decorator.py
[2024-02-14T20:49:58.750+0000] {processor.py:830} INFO - Processing file /home/airflow/.local/lib/python3.8/site-packages/airflow/example_dags/example_dag_decorator.py for tasks to queue
[2024-02-14T20:49:58.752+0000] {logging_mixin.py:188} INFO - [2024-02-14T20:49:58.751+0000] {dagbag.py:538} INFO - Filling up the DagBag from /home/airflow/.local/lib/python3.8/site-packages/airflow/example_dags/example_dag_decorator.py
[2024-02-14T20:49:58.946+0000] {processor.py:840} INFO - DAG(s) 'example_dag_decorator' retrieved from /home/airflow/.local/lib/python3.8/site-packages/airflow/example_dags/example_dag_decorator.py
[2024-02-14T20:49:59.105+0000] {logging_mixin.py:188} INFO - [2024-02-14T20:49:59.105+0000] {dag.py:3036} INFO - Sync 1 DAGs
[2024-02-14T20:49:59.121+0000] {logging_mixin.py:188} INFO - [2024-02-14T20:49:59.121+0000] {dag.py:3823} INFO - Setting next_dagrun for example_dag_decorator to None, run_after=None
[2024-02-14T20:49:59.153+0000] {processor.py:183} INFO - Processing /home/airflow/.local/lib/python3.8/site-packages/airflow/example_dags/example_dag_decorator.py took 0.413 seconds
[2024-02-14T20:50:29.494+0000] {processor.py:161} INFO - Started process (PID=6208) to work on /home/airflow/.local/lib/python3.8/site-packages/airflow/example_dags/example_dag_decorator.py
[2024-02-14T20:50:29.496+0000] {processor.py:830} INFO - Processing file /home/airflow/.local/lib/python3.8/site-packages/airflow/example_dags/example_dag_decorator.py for tasks to queue
[2024-02-14T20:50:29.498+0000] {logging_mixin.py:188} INFO - [2024-02-14T20:50:29.497+0000] {dagbag.py:538} INFO - Filling up the DagBag from /home/airflow/.local/lib/python3.8/site-packages/airflow/example_dags/example_dag_decorator.py
[2024-02-14T20:50:29.635+0000] {processor.py:840} INFO - DAG(s) 'example_dag_decorator' retrieved from /home/airflow/.local/lib/python3.8/site-packages/airflow/example_dags/example_dag_decorator.py
[2024-02-14T20:50:29.800+0000] {logging_mixin.py:188} INFO - [2024-02-14T20:50:29.800+0000] {dag.py:3036} INFO - Sync 1 DAGs
[2024-02-14T20:50:29.815+0000] {logging_mixin.py:188} INFO - [2024-02-14T20:50:29.815+0000] {dag.py:3823} INFO - Setting next_dagrun for example_dag_decorator to None, run_after=None
[2024-02-14T20:50:29.857+0000] {processor.py:183} INFO - Processing /home/airflow/.local/lib/python3.8/site-packages/airflow/example_dags/example_dag_decorator.py took 0.367 seconds
[2024-02-14T20:51:00.170+0000] {processor.py:161} INFO - Started process (PID=6466) to work on /home/airflow/.local/lib/python3.8/site-packages/airflow/example_dags/example_dag_decorator.py
[2024-02-14T20:51:00.172+0000] {processor.py:830} INFO - Processing file /home/airflow/.local/lib/python3.8/site-packages/airflow/example_dags/example_dag_decorator.py for tasks to queue
[2024-02-14T20:51:00.174+0000] {logging_mixin.py:188} INFO - [2024-02-14T20:51:00.174+0000] {dagbag.py:538} INFO - Filling up the DagBag from /home/airflow/.local/lib/python3.8/site-packages/airflow/example_dags/example_dag_decorator.py
[2024-02-14T20:51:00.326+0000] {processor.py:840} INFO - DAG(s) 'example_dag_decorator' retrieved from /home/airflow/.local/lib/python3.8/site-packages/airflow/example_dags/example_dag_decorator.py
[2024-02-14T20:51:00.508+0000] {logging_mixin.py:188} INFO - [2024-02-14T20:51:00.507+0000] {dag.py:3036} INFO - Sync 1 DAGs
[2024-02-14T20:51:00.532+0000] {logging_mixin.py:188} INFO - [2024-02-14T20:51:00.531+0000] {dag.py:3823} INFO - Setting next_dagrun for example_dag_decorator to None, run_after=None
[2024-02-14T20:51:00.587+0000] {processor.py:183} INFO - Processing /home/airflow/.local/lib/python3.8/site-packages/airflow/example_dags/example_dag_decorator.py took 0.423 seconds
[2024-02-14T20:51:30.940+0000] {processor.py:161} INFO - Started process (PID=6714) to work on /home/airflow/.local/lib/python3.8/site-packages/airflow/example_dags/example_dag_decorator.py
[2024-02-14T20:51:30.944+0000] {processor.py:830} INFO - Processing file /home/airflow/.local/lib/python3.8/site-packages/airflow/example_dags/example_dag_decorator.py for tasks to queue
[2024-02-14T20:51:30.949+0000] {logging_mixin.py:188} INFO - [2024-02-14T20:51:30.947+0000] {dagbag.py:538} INFO - Filling up the DagBag from /home/airflow/.local/lib/python3.8/site-packages/airflow/example_dags/example_dag_decorator.py
[2024-02-14T20:51:31.173+0000] {processor.py:840} INFO - DAG(s) 'example_dag_decorator' retrieved from /home/airflow/.local/lib/python3.8/site-packages/airflow/example_dags/example_dag_decorator.py
[2024-02-14T20:51:31.344+0000] {logging_mixin.py:188} INFO - [2024-02-14T20:51:31.343+0000] {dag.py:3036} INFO - Sync 1 DAGs
[2024-02-14T20:51:31.358+0000] {logging_mixin.py:188} INFO - [2024-02-14T20:51:31.358+0000] {dag.py:3823} INFO - Setting next_dagrun for example_dag_decorator to None, run_after=None
[2024-02-14T20:51:31.389+0000] {processor.py:183} INFO - Processing /home/airflow/.local/lib/python3.8/site-packages/airflow/example_dags/example_dag_decorator.py took 0.467 seconds
[2024-02-14T20:52:02.310+0000] {processor.py:161} INFO - Started process (PID=6961) to work on /home/airflow/.local/lib/python3.8/site-packages/airflow/example_dags/example_dag_decorator.py
[2024-02-14T20:52:02.315+0000] {processor.py:830} INFO - Processing file /home/airflow/.local/lib/python3.8/site-packages/airflow/example_dags/example_dag_decorator.py for tasks to queue
[2024-02-14T20:52:02.319+0000] {logging_mixin.py:188} INFO - [2024-02-14T20:52:02.317+0000] {dagbag.py:538} INFO - Filling up the DagBag from /home/airflow/.local/lib/python3.8/site-packages/airflow/example_dags/example_dag_decorator.py
[2024-02-14T20:52:02.747+0000] {processor.py:840} INFO - DAG(s) 'example_dag_decorator' retrieved from /home/airflow/.local/lib/python3.8/site-packages/airflow/example_dags/example_dag_decorator.py
[2024-02-14T20:52:03.007+0000] {logging_mixin.py:188} INFO - [2024-02-14T20:52:03.007+0000] {dag.py:3036} INFO - Sync 1 DAGs
[2024-02-14T20:52:03.023+0000] {logging_mixin.py:188} INFO - [2024-02-14T20:52:03.022+0000] {dag.py:3823} INFO - Setting next_dagrun for example_dag_decorator to None, run_after=None
[2024-02-14T20:52:03.053+0000] {processor.py:183} INFO - Processing /home/airflow/.local/lib/python3.8/site-packages/airflow/example_dags/example_dag_decorator.py took 0.758 seconds
[2024-02-14T20:52:33.879+0000] {processor.py:161} INFO - Started process (PID=7213) to work on /home/airflow/.local/lib/python3.8/site-packages/airflow/example_dags/example_dag_decorator.py
[2024-02-14T20:52:33.883+0000] {processor.py:830} INFO - Processing file /home/airflow/.local/lib/python3.8/site-packages/airflow/example_dags/example_dag_decorator.py for tasks to queue
[2024-02-14T20:52:33.889+0000] {logging_mixin.py:188} INFO - [2024-02-14T20:52:33.886+0000] {dagbag.py:538} INFO - Filling up the DagBag from /home/airflow/.local/lib/python3.8/site-packages/airflow/example_dags/example_dag_decorator.py
[2024-02-14T20:52:34.229+0000] {processor.py:840} INFO - DAG(s) 'example_dag_decorator' retrieved from /home/airflow/.local/lib/python3.8/site-packages/airflow/example_dags/example_dag_decorator.py
[2024-02-14T20:52:34.605+0000] {logging_mixin.py:188} INFO - [2024-02-14T20:52:34.603+0000] {dag.py:3036} INFO - Sync 1 DAGs
[2024-02-14T20:52:34.644+0000] {logging_mixin.py:188} INFO - [2024-02-14T20:52:34.644+0000] {dag.py:3823} INFO - Setting next_dagrun for example_dag_decorator to None, run_after=None
[2024-02-14T20:52:34.716+0000] {processor.py:183} INFO - Processing /home/airflow/.local/lib/python3.8/site-packages/airflow/example_dags/example_dag_decorator.py took 0.857 seconds
[2024-02-14T20:53:04.940+0000] {processor.py:161} INFO - Started process (PID=7470) to work on /home/airflow/.local/lib/python3.8/site-packages/airflow/example_dags/example_dag_decorator.py
[2024-02-14T20:53:04.943+0000] {processor.py:830} INFO - Processing file /home/airflow/.local/lib/python3.8/site-packages/airflow/example_dags/example_dag_decorator.py for tasks to queue
[2024-02-14T20:53:04.946+0000] {logging_mixin.py:188} INFO - [2024-02-14T20:53:04.945+0000] {dagbag.py:538} INFO - Filling up the DagBag from /home/airflow/.local/lib/python3.8/site-packages/airflow/example_dags/example_dag_decorator.py
[2024-02-14T20:53:05.140+0000] {processor.py:840} INFO - DAG(s) 'example_dag_decorator' retrieved from /home/airflow/.local/lib/python3.8/site-packages/airflow/example_dags/example_dag_decorator.py
[2024-02-14T20:53:05.464+0000] {logging_mixin.py:188} INFO - [2024-02-14T20:53:05.463+0000] {dag.py:3036} INFO - Sync 1 DAGs
[2024-02-14T20:53:05.508+0000] {logging_mixin.py:188} INFO - [2024-02-14T20:53:05.507+0000] {dag.py:3823} INFO - Setting next_dagrun for example_dag_decorator to None, run_after=None
[2024-02-14T20:53:05.585+0000] {processor.py:183} INFO - Processing /home/airflow/.local/lib/python3.8/site-packages/airflow/example_dags/example_dag_decorator.py took 0.651 seconds
[2024-02-14T20:53:36.125+0000] {processor.py:161} INFO - Started process (PID=7722) to work on /home/airflow/.local/lib/python3.8/site-packages/airflow/example_dags/example_dag_decorator.py
[2024-02-14T20:53:36.127+0000] {processor.py:830} INFO - Processing file /home/airflow/.local/lib/python3.8/site-packages/airflow/example_dags/example_dag_decorator.py for tasks to queue
[2024-02-14T20:53:36.128+0000] {logging_mixin.py:188} INFO - [2024-02-14T20:53:36.128+0000] {dagbag.py:538} INFO - Filling up the DagBag from /home/airflow/.local/lib/python3.8/site-packages/airflow/example_dags/example_dag_decorator.py
[2024-02-14T20:53:36.305+0000] {processor.py:840} INFO - DAG(s) 'example_dag_decorator' retrieved from /home/airflow/.local/lib/python3.8/site-packages/airflow/example_dags/example_dag_decorator.py
[2024-02-14T20:53:36.512+0000] {logging_mixin.py:188} INFO - [2024-02-14T20:53:36.512+0000] {dag.py:3036} INFO - Sync 1 DAGs
[2024-02-14T20:53:36.536+0000] {logging_mixin.py:188} INFO - [2024-02-14T20:53:36.536+0000] {dag.py:3823} INFO - Setting next_dagrun for example_dag_decorator to None, run_after=None
[2024-02-14T20:53:36.576+0000] {processor.py:183} INFO - Processing /home/airflow/.local/lib/python3.8/site-packages/airflow/example_dags/example_dag_decorator.py took 0.457 seconds
[2024-02-14T20:54:06.694+0000] {processor.py:161} INFO - Started process (PID=7974) to work on /home/airflow/.local/lib/python3.8/site-packages/airflow/example_dags/example_dag_decorator.py
[2024-02-14T20:54:06.697+0000] {processor.py:830} INFO - Processing file /home/airflow/.local/lib/python3.8/site-packages/airflow/example_dags/example_dag_decorator.py for tasks to queue
[2024-02-14T20:54:06.700+0000] {logging_mixin.py:188} INFO - [2024-02-14T20:54:06.699+0000] {dagbag.py:538} INFO - Filling up the DagBag from /home/airflow/.local/lib/python3.8/site-packages/airflow/example_dags/example_dag_decorator.py
[2024-02-14T20:54:06.995+0000] {processor.py:840} INFO - DAG(s) 'example_dag_decorator' retrieved from /home/airflow/.local/lib/python3.8/site-packages/airflow/example_dags/example_dag_decorator.py
[2024-02-14T20:54:07.052+0000] {logging_mixin.py:188} INFO - [2024-02-14T20:54:07.052+0000] {dag.py:3036} INFO - Sync 1 DAGs
[2024-02-14T20:54:07.078+0000] {logging_mixin.py:188} INFO - [2024-02-14T20:54:07.078+0000] {dag.py:3823} INFO - Setting next_dagrun for example_dag_decorator to None, run_after=None
[2024-02-14T20:54:07.125+0000] {processor.py:183} INFO - Processing /home/airflow/.local/lib/python3.8/site-packages/airflow/example_dags/example_dag_decorator.py took 0.439 seconds
[2024-02-14T20:54:37.278+0000] {processor.py:161} INFO - Started process (PID=8226) to work on /home/airflow/.local/lib/python3.8/site-packages/airflow/example_dags/example_dag_decorator.py
[2024-02-14T20:54:37.280+0000] {processor.py:830} INFO - Processing file /home/airflow/.local/lib/python3.8/site-packages/airflow/example_dags/example_dag_decorator.py for tasks to queue
[2024-02-14T20:54:37.282+0000] {logging_mixin.py:188} INFO - [2024-02-14T20:54:37.281+0000] {dagbag.py:538} INFO - Filling up the DagBag from /home/airflow/.local/lib/python3.8/site-packages/airflow/example_dags/example_dag_decorator.py
[2024-02-14T20:54:37.534+0000] {processor.py:840} INFO - DAG(s) 'example_dag_decorator' retrieved from /home/airflow/.local/lib/python3.8/site-packages/airflow/example_dags/example_dag_decorator.py
[2024-02-14T20:54:37.732+0000] {logging_mixin.py:188} INFO - [2024-02-14T20:54:37.731+0000] {dag.py:3036} INFO - Sync 1 DAGs
[2024-02-14T20:54:37.747+0000] {logging_mixin.py:188} INFO - [2024-02-14T20:54:37.747+0000] {dag.py:3823} INFO - Setting next_dagrun for example_dag_decorator to None, run_after=None
[2024-02-14T20:54:37.786+0000] {processor.py:183} INFO - Processing /home/airflow/.local/lib/python3.8/site-packages/airflow/example_dags/example_dag_decorator.py took 0.514 seconds
[2024-02-14T20:55:08.629+0000] {processor.py:161} INFO - Started process (PID=8478) to work on /home/airflow/.local/lib/python3.8/site-packages/airflow/example_dags/example_dag_decorator.py
[2024-02-14T20:55:08.631+0000] {processor.py:830} INFO - Processing file /home/airflow/.local/lib/python3.8/site-packages/airflow/example_dags/example_dag_decorator.py for tasks to queue
[2024-02-14T20:55:08.633+0000] {logging_mixin.py:188} INFO - [2024-02-14T20:55:08.633+0000] {dagbag.py:538} INFO - Filling up the DagBag from /home/airflow/.local/lib/python3.8/site-packages/airflow/example_dags/example_dag_decorator.py
[2024-02-14T20:55:08.846+0000] {processor.py:840} INFO - DAG(s) 'example_dag_decorator' retrieved from /home/airflow/.local/lib/python3.8/site-packages/airflow/example_dags/example_dag_decorator.py
[2024-02-14T20:55:09.020+0000] {logging_mixin.py:188} INFO - [2024-02-14T20:55:09.020+0000] {dag.py:3036} INFO - Sync 1 DAGs
[2024-02-14T20:55:09.035+0000] {logging_mixin.py:188} INFO - [2024-02-14T20:55:09.035+0000] {dag.py:3823} INFO - Setting next_dagrun for example_dag_decorator to None, run_after=None
[2024-02-14T20:55:09.073+0000] {processor.py:183} INFO - Processing /home/airflow/.local/lib/python3.8/site-packages/airflow/example_dags/example_dag_decorator.py took 0.449 seconds
[2024-02-14T20:55:39.232+0000] {processor.py:161} INFO - Started process (PID=8725) to work on /home/airflow/.local/lib/python3.8/site-packages/airflow/example_dags/example_dag_decorator.py
[2024-02-14T20:55:39.234+0000] {processor.py:830} INFO - Processing file /home/airflow/.local/lib/python3.8/site-packages/airflow/example_dags/example_dag_decorator.py for tasks to queue
[2024-02-14T20:55:39.236+0000] {logging_mixin.py:188} INFO - [2024-02-14T20:55:39.236+0000] {dagbag.py:538} INFO - Filling up the DagBag from /home/airflow/.local/lib/python3.8/site-packages/airflow/example_dags/example_dag_decorator.py
[2024-02-14T20:55:39.389+0000] {processor.py:840} INFO - DAG(s) 'example_dag_decorator' retrieved from /home/airflow/.local/lib/python3.8/site-packages/airflow/example_dags/example_dag_decorator.py
[2024-02-14T20:55:39.426+0000] {logging_mixin.py:188} INFO - [2024-02-14T20:55:39.425+0000] {dag.py:3036} INFO - Sync 1 DAGs
[2024-02-14T20:55:39.444+0000] {logging_mixin.py:188} INFO - [2024-02-14T20:55:39.443+0000] {dag.py:3823} INFO - Setting next_dagrun for example_dag_decorator to None, run_after=None
[2024-02-14T20:55:39.479+0000] {processor.py:183} INFO - Processing /home/airflow/.local/lib/python3.8/site-packages/airflow/example_dags/example_dag_decorator.py took 0.253 seconds
[2024-02-14T20:56:09.937+0000] {processor.py:161} INFO - Started process (PID=8972) to work on /home/airflow/.local/lib/python3.8/site-packages/airflow/example_dags/example_dag_decorator.py
[2024-02-14T20:56:09.940+0000] {processor.py:830} INFO - Processing file /home/airflow/.local/lib/python3.8/site-packages/airflow/example_dags/example_dag_decorator.py for tasks to queue
[2024-02-14T20:56:09.946+0000] {logging_mixin.py:188} INFO - [2024-02-14T20:56:09.944+0000] {dagbag.py:538} INFO - Filling up the DagBag from /home/airflow/.local/lib/python3.8/site-packages/airflow/example_dags/example_dag_decorator.py
[2024-02-14T20:56:10.166+0000] {processor.py:840} INFO - DAG(s) 'example_dag_decorator' retrieved from /home/airflow/.local/lib/python3.8/site-packages/airflow/example_dags/example_dag_decorator.py
[2024-02-14T20:56:10.397+0000] {logging_mixin.py:188} INFO - [2024-02-14T20:56:10.396+0000] {dag.py:3036} INFO - Sync 1 DAGs
[2024-02-14T20:56:10.426+0000] {logging_mixin.py:188} INFO - [2024-02-14T20:56:10.425+0000] {dag.py:3823} INFO - Setting next_dagrun for example_dag_decorator to None, run_after=None
[2024-02-14T20:56:10.472+0000] {processor.py:183} INFO - Processing /home/airflow/.local/lib/python3.8/site-packages/airflow/example_dags/example_dag_decorator.py took 0.558 seconds
[2024-02-14T20:56:40.714+0000] {processor.py:161} INFO - Started process (PID=9221) to work on /home/airflow/.local/lib/python3.8/site-packages/airflow/example_dags/example_dag_decorator.py
[2024-02-14T20:56:40.717+0000] {processor.py:830} INFO - Processing file /home/airflow/.local/lib/python3.8/site-packages/airflow/example_dags/example_dag_decorator.py for tasks to queue
[2024-02-14T20:56:40.720+0000] {logging_mixin.py:188} INFO - [2024-02-14T20:56:40.719+0000] {dagbag.py:538} INFO - Filling up the DagBag from /home/airflow/.local/lib/python3.8/site-packages/airflow/example_dags/example_dag_decorator.py
[2024-02-14T20:56:40.929+0000] {processor.py:840} INFO - DAG(s) 'example_dag_decorator' retrieved from /home/airflow/.local/lib/python3.8/site-packages/airflow/example_dags/example_dag_decorator.py
[2024-02-14T20:56:41.159+0000] {logging_mixin.py:188} INFO - [2024-02-14T20:56:41.158+0000] {dag.py:3036} INFO - Sync 1 DAGs
[2024-02-14T20:56:41.180+0000] {logging_mixin.py:188} INFO - [2024-02-14T20:56:41.180+0000] {dag.py:3823} INFO - Setting next_dagrun for example_dag_decorator to None, run_after=None
[2024-02-14T20:56:41.225+0000] {processor.py:183} INFO - Processing /home/airflow/.local/lib/python3.8/site-packages/airflow/example_dags/example_dag_decorator.py took 0.517 seconds
[2024-02-14T20:57:11.387+0000] {processor.py:161} INFO - Started process (PID=9460) to work on /home/airflow/.local/lib/python3.8/site-packages/airflow/example_dags/example_dag_decorator.py
[2024-02-14T20:57:11.389+0000] {processor.py:830} INFO - Processing file /home/airflow/.local/lib/python3.8/site-packages/airflow/example_dags/example_dag_decorator.py for tasks to queue
[2024-02-14T20:57:11.390+0000] {logging_mixin.py:188} INFO - [2024-02-14T20:57:11.390+0000] {dagbag.py:538} INFO - Filling up the DagBag from /home/airflow/.local/lib/python3.8/site-packages/airflow/example_dags/example_dag_decorator.py
[2024-02-14T20:57:11.549+0000] {processor.py:840} INFO - DAG(s) 'example_dag_decorator' retrieved from /home/airflow/.local/lib/python3.8/site-packages/airflow/example_dags/example_dag_decorator.py
[2024-02-14T20:57:11.695+0000] {logging_mixin.py:188} INFO - [2024-02-14T20:57:11.695+0000] {dag.py:3036} INFO - Sync 1 DAGs
[2024-02-14T20:57:11.710+0000] {logging_mixin.py:188} INFO - [2024-02-14T20:57:11.710+0000] {dag.py:3823} INFO - Setting next_dagrun for example_dag_decorator to None, run_after=None
[2024-02-14T20:57:11.743+0000] {processor.py:183} INFO - Processing /home/airflow/.local/lib/python3.8/site-packages/airflow/example_dags/example_dag_decorator.py took 0.361 seconds
[2024-02-14T20:57:41.983+0000] {processor.py:161} INFO - Started process (PID=9707) to work on /home/airflow/.local/lib/python3.8/site-packages/airflow/example_dags/example_dag_decorator.py
[2024-02-14T20:57:41.985+0000] {processor.py:830} INFO - Processing file /home/airflow/.local/lib/python3.8/site-packages/airflow/example_dags/example_dag_decorator.py for tasks to queue
[2024-02-14T20:57:41.987+0000] {logging_mixin.py:188} INFO - [2024-02-14T20:57:41.987+0000] {dagbag.py:538} INFO - Filling up the DagBag from /home/airflow/.local/lib/python3.8/site-packages/airflow/example_dags/example_dag_decorator.py
[2024-02-14T20:57:42.188+0000] {processor.py:840} INFO - DAG(s) 'example_dag_decorator' retrieved from /home/airflow/.local/lib/python3.8/site-packages/airflow/example_dags/example_dag_decorator.py
[2024-02-14T20:57:42.536+0000] {logging_mixin.py:188} INFO - [2024-02-14T20:57:42.535+0000] {dag.py:3036} INFO - Sync 1 DAGs
[2024-02-14T20:57:42.562+0000] {logging_mixin.py:188} INFO - [2024-02-14T20:57:42.562+0000] {dag.py:3823} INFO - Setting next_dagrun for example_dag_decorator to None, run_after=None
[2024-02-14T20:57:42.602+0000] {processor.py:183} INFO - Processing /home/airflow/.local/lib/python3.8/site-packages/airflow/example_dags/example_dag_decorator.py took 0.625 seconds
