[2024-02-14T20:38:13.696+0000] {processor.py:161} INFO - Started process (PID=312) to work on /home/airflow/.local/lib/python3.8/site-packages/airflow/example_dags/example_nested_branch_dag.py
[2024-02-14T20:38:13.707+0000] {processor.py:830} INFO - Processing file /home/airflow/.local/lib/python3.8/site-packages/airflow/example_dags/example_nested_branch_dag.py for tasks to queue
[2024-02-14T20:38:13.710+0000] {logging_mixin.py:188} INFO - [2024-02-14T20:38:13.709+0000] {dagbag.py:538} INFO - Filling up the DagBag from /home/airflow/.local/lib/python3.8/site-packages/airflow/example_dags/example_nested_branch_dag.py
[2024-02-14T20:38:13.784+0000] {processor.py:840} INFO - DAG(s) 'example_nested_branch_dag' retrieved from /home/airflow/.local/lib/python3.8/site-packages/airflow/example_dags/example_nested_branch_dag.py
[2024-02-14T20:38:14.159+0000] {logging_mixin.py:188} INFO - [2024-02-14T20:38:14.159+0000] {dag.py:3036} INFO - Sync 1 DAGs
[2024-02-14T20:38:14.242+0000] {logging_mixin.py:188} INFO - [2024-02-14T20:38:14.241+0000] {dag.py:3823} INFO - Setting next_dagrun for example_nested_branch_dag to 2024-02-13 00:00:00+00:00, run_after=2024-02-14 00:00:00+00:00
[2024-02-14T20:38:14.345+0000] {processor.py:183} INFO - Processing /home/airflow/.local/lib/python3.8/site-packages/airflow/example_dags/example_nested_branch_dag.py took 0.669 seconds
[2024-02-14T20:38:44.875+0000] {processor.py:161} INFO - Started process (PID=559) to work on /home/airflow/.local/lib/python3.8/site-packages/airflow/example_dags/example_nested_branch_dag.py
[2024-02-14T20:38:44.880+0000] {processor.py:830} INFO - Processing file /home/airflow/.local/lib/python3.8/site-packages/airflow/example_dags/example_nested_branch_dag.py for tasks to queue
[2024-02-14T20:38:44.885+0000] {logging_mixin.py:188} INFO - [2024-02-14T20:38:44.883+0000] {dagbag.py:538} INFO - Filling up the DagBag from /home/airflow/.local/lib/python3.8/site-packages/airflow/example_dags/example_nested_branch_dag.py
[2024-02-14T20:38:44.932+0000] {processor.py:840} INFO - DAG(s) 'example_nested_branch_dag' retrieved from /home/airflow/.local/lib/python3.8/site-packages/airflow/example_dags/example_nested_branch_dag.py
[2024-02-14T20:38:44.986+0000] {logging_mixin.py:188} INFO - [2024-02-14T20:38:44.985+0000] {dag.py:3036} INFO - Sync 1 DAGs
[2024-02-14T20:38:45.022+0000] {logging_mixin.py:188} INFO - [2024-02-14T20:38:45.022+0000] {dag.py:3823} INFO - Setting next_dagrun for example_nested_branch_dag to 2024-02-13 00:00:00+00:00, run_after=2024-02-14 00:00:00+00:00
[2024-02-14T20:38:45.059+0000] {processor.py:183} INFO - Processing /home/airflow/.local/lib/python3.8/site-packages/airflow/example_dags/example_nested_branch_dag.py took 0.201 seconds
[2024-02-14T20:39:15.969+0000] {processor.py:161} INFO - Started process (PID=806) to work on /home/airflow/.local/lib/python3.8/site-packages/airflow/example_dags/example_nested_branch_dag.py
[2024-02-14T20:39:15.975+0000] {processor.py:830} INFO - Processing file /home/airflow/.local/lib/python3.8/site-packages/airflow/example_dags/example_nested_branch_dag.py for tasks to queue
[2024-02-14T20:39:15.982+0000] {logging_mixin.py:188} INFO - [2024-02-14T20:39:15.981+0000] {dagbag.py:538} INFO - Filling up the DagBag from /home/airflow/.local/lib/python3.8/site-packages/airflow/example_dags/example_nested_branch_dag.py
[2024-02-14T20:39:16.038+0000] {processor.py:840} INFO - DAG(s) 'example_nested_branch_dag' retrieved from /home/airflow/.local/lib/python3.8/site-packages/airflow/example_dags/example_nested_branch_dag.py
[2024-02-14T20:39:16.129+0000] {logging_mixin.py:188} INFO - [2024-02-14T20:39:16.129+0000] {dag.py:3036} INFO - Sync 1 DAGs
[2024-02-14T20:39:16.191+0000] {logging_mixin.py:188} INFO - [2024-02-14T20:39:16.191+0000] {dag.py:3823} INFO - Setting next_dagrun for example_nested_branch_dag to 2024-02-13 00:00:00+00:00, run_after=2024-02-14 00:00:00+00:00
[2024-02-14T20:39:16.250+0000] {processor.py:183} INFO - Processing /home/airflow/.local/lib/python3.8/site-packages/airflow/example_dags/example_nested_branch_dag.py took 0.295 seconds
[2024-02-14T20:39:46.444+0000] {processor.py:161} INFO - Started process (PID=1053) to work on /home/airflow/.local/lib/python3.8/site-packages/airflow/example_dags/example_nested_branch_dag.py
[2024-02-14T20:39:46.448+0000] {processor.py:830} INFO - Processing file /home/airflow/.local/lib/python3.8/site-packages/airflow/example_dags/example_nested_branch_dag.py for tasks to queue
[2024-02-14T20:39:46.452+0000] {logging_mixin.py:188} INFO - [2024-02-14T20:39:46.451+0000] {dagbag.py:538} INFO - Filling up the DagBag from /home/airflow/.local/lib/python3.8/site-packages/airflow/example_dags/example_nested_branch_dag.py
[2024-02-14T20:39:46.497+0000] {processor.py:840} INFO - DAG(s) 'example_nested_branch_dag' retrieved from /home/airflow/.local/lib/python3.8/site-packages/airflow/example_dags/example_nested_branch_dag.py
[2024-02-14T20:39:46.590+0000] {logging_mixin.py:188} INFO - [2024-02-14T20:39:46.589+0000] {dag.py:3036} INFO - Sync 1 DAGs
[2024-02-14T20:39:46.684+0000] {logging_mixin.py:188} INFO - [2024-02-14T20:39:46.683+0000] {dag.py:3823} INFO - Setting next_dagrun for example_nested_branch_dag to 2024-02-13 00:00:00+00:00, run_after=2024-02-14 00:00:00+00:00
[2024-02-14T20:39:46.759+0000] {processor.py:183} INFO - Processing /home/airflow/.local/lib/python3.8/site-packages/airflow/example_dags/example_nested_branch_dag.py took 0.329 seconds
[2024-02-14T20:40:17.635+0000] {processor.py:161} INFO - Started process (PID=1301) to work on /home/airflow/.local/lib/python3.8/site-packages/airflow/example_dags/example_nested_branch_dag.py
[2024-02-14T20:40:17.637+0000] {processor.py:830} INFO - Processing file /home/airflow/.local/lib/python3.8/site-packages/airflow/example_dags/example_nested_branch_dag.py for tasks to queue
[2024-02-14T20:40:17.639+0000] {logging_mixin.py:188} INFO - [2024-02-14T20:40:17.638+0000] {dagbag.py:538} INFO - Filling up the DagBag from /home/airflow/.local/lib/python3.8/site-packages/airflow/example_dags/example_nested_branch_dag.py
[2024-02-14T20:40:17.655+0000] {processor.py:840} INFO - DAG(s) 'example_nested_branch_dag' retrieved from /home/airflow/.local/lib/python3.8/site-packages/airflow/example_dags/example_nested_branch_dag.py
[2024-02-14T20:40:17.690+0000] {logging_mixin.py:188} INFO - [2024-02-14T20:40:17.690+0000] {dag.py:3036} INFO - Sync 1 DAGs
[2024-02-14T20:40:17.730+0000] {logging_mixin.py:188} INFO - [2024-02-14T20:40:17.730+0000] {dag.py:3823} INFO - Setting next_dagrun for example_nested_branch_dag to 2024-02-13 00:00:00+00:00, run_after=2024-02-14 00:00:00+00:00
[2024-02-14T20:40:17.762+0000] {processor.py:183} INFO - Processing /home/airflow/.local/lib/python3.8/site-packages/airflow/example_dags/example_nested_branch_dag.py took 0.133 seconds
[2024-02-14T20:40:48.460+0000] {processor.py:161} INFO - Started process (PID=1548) to work on /home/airflow/.local/lib/python3.8/site-packages/airflow/example_dags/example_nested_branch_dag.py
[2024-02-14T20:40:48.465+0000] {processor.py:830} INFO - Processing file /home/airflow/.local/lib/python3.8/site-packages/airflow/example_dags/example_nested_branch_dag.py for tasks to queue
[2024-02-14T20:40:48.472+0000] {logging_mixin.py:188} INFO - [2024-02-14T20:40:48.471+0000] {dagbag.py:538} INFO - Filling up the DagBag from /home/airflow/.local/lib/python3.8/site-packages/airflow/example_dags/example_nested_branch_dag.py
[2024-02-14T20:40:48.530+0000] {processor.py:840} INFO - DAG(s) 'example_nested_branch_dag' retrieved from /home/airflow/.local/lib/python3.8/site-packages/airflow/example_dags/example_nested_branch_dag.py
[2024-02-14T20:40:48.646+0000] {logging_mixin.py:188} INFO - [2024-02-14T20:40:48.645+0000] {dag.py:3036} INFO - Sync 1 DAGs
[2024-02-14T20:40:48.767+0000] {logging_mixin.py:188} INFO - [2024-02-14T20:40:48.766+0000] {dag.py:3823} INFO - Setting next_dagrun for example_nested_branch_dag to 2024-02-13 00:00:00+00:00, run_after=2024-02-14 00:00:00+00:00
[2024-02-14T20:40:48.884+0000] {processor.py:183} INFO - Processing /home/airflow/.local/lib/python3.8/site-packages/airflow/example_dags/example_nested_branch_dag.py took 0.443 seconds
[2024-02-14T20:41:18.983+0000] {processor.py:161} INFO - Started process (PID=1797) to work on /home/airflow/.local/lib/python3.8/site-packages/airflow/example_dags/example_nested_branch_dag.py
[2024-02-14T20:41:18.986+0000] {processor.py:830} INFO - Processing file /home/airflow/.local/lib/python3.8/site-packages/airflow/example_dags/example_nested_branch_dag.py for tasks to queue
[2024-02-14T20:41:18.988+0000] {logging_mixin.py:188} INFO - [2024-02-14T20:41:18.988+0000] {dagbag.py:538} INFO - Filling up the DagBag from /home/airflow/.local/lib/python3.8/site-packages/airflow/example_dags/example_nested_branch_dag.py
[2024-02-14T20:41:19.011+0000] {processor.py:840} INFO - DAG(s) 'example_nested_branch_dag' retrieved from /home/airflow/.local/lib/python3.8/site-packages/airflow/example_dags/example_nested_branch_dag.py
[2024-02-14T20:41:19.059+0000] {logging_mixin.py:188} INFO - [2024-02-14T20:41:19.058+0000] {dag.py:3036} INFO - Sync 1 DAGs
[2024-02-14T20:41:19.136+0000] {logging_mixin.py:188} INFO - [2024-02-14T20:41:19.134+0000] {dag.py:3823} INFO - Setting next_dagrun for example_nested_branch_dag to 2024-02-13 00:00:00+00:00, run_after=2024-02-14 00:00:00+00:00
[2024-02-14T20:41:19.232+0000] {processor.py:183} INFO - Processing /home/airflow/.local/lib/python3.8/site-packages/airflow/example_dags/example_nested_branch_dag.py took 0.257 seconds
[2024-02-14T20:41:49.489+0000] {processor.py:161} INFO - Started process (PID=2042) to work on /home/airflow/.local/lib/python3.8/site-packages/airflow/example_dags/example_nested_branch_dag.py
[2024-02-14T20:41:49.491+0000] {processor.py:830} INFO - Processing file /home/airflow/.local/lib/python3.8/site-packages/airflow/example_dags/example_nested_branch_dag.py for tasks to queue
[2024-02-14T20:41:49.493+0000] {logging_mixin.py:188} INFO - [2024-02-14T20:41:49.492+0000] {dagbag.py:538} INFO - Filling up the DagBag from /home/airflow/.local/lib/python3.8/site-packages/airflow/example_dags/example_nested_branch_dag.py
[2024-02-14T20:41:49.516+0000] {processor.py:840} INFO - DAG(s) 'example_nested_branch_dag' retrieved from /home/airflow/.local/lib/python3.8/site-packages/airflow/example_dags/example_nested_branch_dag.py
[2024-02-14T20:41:49.579+0000] {logging_mixin.py:188} INFO - [2024-02-14T20:41:49.578+0000] {dag.py:3036} INFO - Sync 1 DAGs
[2024-02-14T20:41:49.628+0000] {logging_mixin.py:188} INFO - [2024-02-14T20:41:49.627+0000] {dag.py:3823} INFO - Setting next_dagrun for example_nested_branch_dag to 2024-02-13 00:00:00+00:00, run_after=2024-02-14 00:00:00+00:00
[2024-02-14T20:41:49.668+0000] {processor.py:183} INFO - Processing /home/airflow/.local/lib/python3.8/site-packages/airflow/example_dags/example_nested_branch_dag.py took 0.184 seconds
[2024-02-14T20:42:20.562+0000] {processor.py:161} INFO - Started process (PID=2289) to work on /home/airflow/.local/lib/python3.8/site-packages/airflow/example_dags/example_nested_branch_dag.py
[2024-02-14T20:42:20.565+0000] {processor.py:830} INFO - Processing file /home/airflow/.local/lib/python3.8/site-packages/airflow/example_dags/example_nested_branch_dag.py for tasks to queue
[2024-02-14T20:42:20.569+0000] {logging_mixin.py:188} INFO - [2024-02-14T20:42:20.568+0000] {dagbag.py:538} INFO - Filling up the DagBag from /home/airflow/.local/lib/python3.8/site-packages/airflow/example_dags/example_nested_branch_dag.py
[2024-02-14T20:42:20.605+0000] {processor.py:840} INFO - DAG(s) 'example_nested_branch_dag' retrieved from /home/airflow/.local/lib/python3.8/site-packages/airflow/example_dags/example_nested_branch_dag.py
[2024-02-14T20:42:20.766+0000] {logging_mixin.py:188} INFO - [2024-02-14T20:42:20.765+0000] {dag.py:3036} INFO - Sync 1 DAGs
[2024-02-14T20:42:20.830+0000] {logging_mixin.py:188} INFO - [2024-02-14T20:42:20.830+0000] {dag.py:3823} INFO - Setting next_dagrun for example_nested_branch_dag to 2024-02-13 00:00:00+00:00, run_after=2024-02-14 00:00:00+00:00
[2024-02-14T20:42:20.882+0000] {processor.py:183} INFO - Processing /home/airflow/.local/lib/python3.8/site-packages/airflow/example_dags/example_nested_branch_dag.py took 0.331 seconds
[2024-02-14T20:42:51.048+0000] {processor.py:161} INFO - Started process (PID=2539) to work on /home/airflow/.local/lib/python3.8/site-packages/airflow/example_dags/example_nested_branch_dag.py
[2024-02-14T20:42:51.055+0000] {processor.py:830} INFO - Processing file /home/airflow/.local/lib/python3.8/site-packages/airflow/example_dags/example_nested_branch_dag.py for tasks to queue
[2024-02-14T20:42:51.058+0000] {logging_mixin.py:188} INFO - [2024-02-14T20:42:51.057+0000] {dagbag.py:538} INFO - Filling up the DagBag from /home/airflow/.local/lib/python3.8/site-packages/airflow/example_dags/example_nested_branch_dag.py
[2024-02-14T20:42:51.096+0000] {processor.py:840} INFO - DAG(s) 'example_nested_branch_dag' retrieved from /home/airflow/.local/lib/python3.8/site-packages/airflow/example_dags/example_nested_branch_dag.py
[2024-02-14T20:42:51.168+0000] {logging_mixin.py:188} INFO - [2024-02-14T20:42:51.168+0000] {dag.py:3036} INFO - Sync 1 DAGs
[2024-02-14T20:42:51.225+0000] {logging_mixin.py:188} INFO - [2024-02-14T20:42:51.225+0000] {dag.py:3823} INFO - Setting next_dagrun for example_nested_branch_dag to 2024-02-13 00:00:00+00:00, run_after=2024-02-14 00:00:00+00:00
[2024-02-14T20:42:51.263+0000] {processor.py:183} INFO - Processing /home/airflow/.local/lib/python3.8/site-packages/airflow/example_dags/example_nested_branch_dag.py took 0.223 seconds
[2024-02-14T20:43:21.661+0000] {processor.py:161} INFO - Started process (PID=2784) to work on /home/airflow/.local/lib/python3.8/site-packages/airflow/example_dags/example_nested_branch_dag.py
[2024-02-14T20:43:21.665+0000] {processor.py:830} INFO - Processing file /home/airflow/.local/lib/python3.8/site-packages/airflow/example_dags/example_nested_branch_dag.py for tasks to queue
[2024-02-14T20:43:21.669+0000] {logging_mixin.py:188} INFO - [2024-02-14T20:43:21.668+0000] {dagbag.py:538} INFO - Filling up the DagBag from /home/airflow/.local/lib/python3.8/site-packages/airflow/example_dags/example_nested_branch_dag.py
[2024-02-14T20:43:21.711+0000] {processor.py:840} INFO - DAG(s) 'example_nested_branch_dag' retrieved from /home/airflow/.local/lib/python3.8/site-packages/airflow/example_dags/example_nested_branch_dag.py
[2024-02-14T20:43:21.797+0000] {logging_mixin.py:188} INFO - [2024-02-14T20:43:21.796+0000] {dag.py:3036} INFO - Sync 1 DAGs
[2024-02-14T20:43:21.899+0000] {logging_mixin.py:188} INFO - [2024-02-14T20:43:21.898+0000] {dag.py:3823} INFO - Setting next_dagrun for example_nested_branch_dag to 2024-02-13 00:00:00+00:00, run_after=2024-02-14 00:00:00+00:00
[2024-02-14T20:43:21.972+0000] {processor.py:183} INFO - Processing /home/airflow/.local/lib/python3.8/site-packages/airflow/example_dags/example_nested_branch_dag.py took 0.324 seconds
[2024-02-14T20:43:52.143+0000] {processor.py:161} INFO - Started process (PID=3032) to work on /home/airflow/.local/lib/python3.8/site-packages/airflow/example_dags/example_nested_branch_dag.py
[2024-02-14T20:43:52.144+0000] {processor.py:830} INFO - Processing file /home/airflow/.local/lib/python3.8/site-packages/airflow/example_dags/example_nested_branch_dag.py for tasks to queue
[2024-02-14T20:43:52.146+0000] {logging_mixin.py:188} INFO - [2024-02-14T20:43:52.146+0000] {dagbag.py:538} INFO - Filling up the DagBag from /home/airflow/.local/lib/python3.8/site-packages/airflow/example_dags/example_nested_branch_dag.py
[2024-02-14T20:43:52.170+0000] {processor.py:840} INFO - DAG(s) 'example_nested_branch_dag' retrieved from /home/airflow/.local/lib/python3.8/site-packages/airflow/example_dags/example_nested_branch_dag.py
[2024-02-14T20:43:52.214+0000] {logging_mixin.py:188} INFO - [2024-02-14T20:43:52.213+0000] {dag.py:3036} INFO - Sync 1 DAGs
[2024-02-14T20:43:52.270+0000] {logging_mixin.py:188} INFO - [2024-02-14T20:43:52.270+0000] {dag.py:3823} INFO - Setting next_dagrun for example_nested_branch_dag to 2024-02-13 00:00:00+00:00, run_after=2024-02-14 00:00:00+00:00
[2024-02-14T20:43:52.319+0000] {processor.py:183} INFO - Processing /home/airflow/.local/lib/python3.8/site-packages/airflow/example_dags/example_nested_branch_dag.py took 0.182 seconds
[2024-02-14T20:44:22.985+0000] {processor.py:161} INFO - Started process (PID=3278) to work on /home/airflow/.local/lib/python3.8/site-packages/airflow/example_dags/example_nested_branch_dag.py
[2024-02-14T20:44:22.988+0000] {processor.py:830} INFO - Processing file /home/airflow/.local/lib/python3.8/site-packages/airflow/example_dags/example_nested_branch_dag.py for tasks to queue
[2024-02-14T20:44:22.990+0000] {logging_mixin.py:188} INFO - [2024-02-14T20:44:22.990+0000] {dagbag.py:538} INFO - Filling up the DagBag from /home/airflow/.local/lib/python3.8/site-packages/airflow/example_dags/example_nested_branch_dag.py
[2024-02-14T20:44:23.013+0000] {processor.py:840} INFO - DAG(s) 'example_nested_branch_dag' retrieved from /home/airflow/.local/lib/python3.8/site-packages/airflow/example_dags/example_nested_branch_dag.py
[2024-02-14T20:44:23.096+0000] {logging_mixin.py:188} INFO - [2024-02-14T20:44:23.095+0000] {dag.py:3036} INFO - Sync 1 DAGs
[2024-02-14T20:44:23.213+0000] {logging_mixin.py:188} INFO - [2024-02-14T20:44:23.212+0000] {dag.py:3823} INFO - Setting next_dagrun for example_nested_branch_dag to 2024-02-13 00:00:00+00:00, run_after=2024-02-14 00:00:00+00:00
[2024-02-14T20:44:23.302+0000] {processor.py:183} INFO - Processing /home/airflow/.local/lib/python3.8/site-packages/airflow/example_dags/example_nested_branch_dag.py took 0.327 seconds
[2024-02-14T20:44:53.781+0000] {processor.py:161} INFO - Started process (PID=3525) to work on /home/airflow/.local/lib/python3.8/site-packages/airflow/example_dags/example_nested_branch_dag.py
[2024-02-14T20:44:53.783+0000] {processor.py:830} INFO - Processing file /home/airflow/.local/lib/python3.8/site-packages/airflow/example_dags/example_nested_branch_dag.py for tasks to queue
[2024-02-14T20:44:53.785+0000] {logging_mixin.py:188} INFO - [2024-02-14T20:44:53.785+0000] {dagbag.py:538} INFO - Filling up the DagBag from /home/airflow/.local/lib/python3.8/site-packages/airflow/example_dags/example_nested_branch_dag.py
[2024-02-14T20:44:53.806+0000] {processor.py:840} INFO - DAG(s) 'example_nested_branch_dag' retrieved from /home/airflow/.local/lib/python3.8/site-packages/airflow/example_dags/example_nested_branch_dag.py
[2024-02-14T20:44:53.852+0000] {logging_mixin.py:188} INFO - [2024-02-14T20:44:53.851+0000] {dag.py:3036} INFO - Sync 1 DAGs
[2024-02-14T20:44:53.904+0000] {logging_mixin.py:188} INFO - [2024-02-14T20:44:53.904+0000] {dag.py:3823} INFO - Setting next_dagrun for example_nested_branch_dag to 2024-02-13 00:00:00+00:00, run_after=2024-02-14 00:00:00+00:00
[2024-02-14T20:44:53.942+0000] {processor.py:183} INFO - Processing /home/airflow/.local/lib/python3.8/site-packages/airflow/example_dags/example_nested_branch_dag.py took 0.168 seconds
[2024-02-14T20:45:24.293+0000] {processor.py:161} INFO - Started process (PID=3775) to work on /home/airflow/.local/lib/python3.8/site-packages/airflow/example_dags/example_nested_branch_dag.py
[2024-02-14T20:45:24.295+0000] {processor.py:830} INFO - Processing file /home/airflow/.local/lib/python3.8/site-packages/airflow/example_dags/example_nested_branch_dag.py for tasks to queue
[2024-02-14T20:45:24.297+0000] {logging_mixin.py:188} INFO - [2024-02-14T20:45:24.296+0000] {dagbag.py:538} INFO - Filling up the DagBag from /home/airflow/.local/lib/python3.8/site-packages/airflow/example_dags/example_nested_branch_dag.py
[2024-02-14T20:45:24.312+0000] {processor.py:840} INFO - DAG(s) 'example_nested_branch_dag' retrieved from /home/airflow/.local/lib/python3.8/site-packages/airflow/example_dags/example_nested_branch_dag.py
[2024-02-14T20:45:24.349+0000] {logging_mixin.py:188} INFO - [2024-02-14T20:45:24.349+0000] {dag.py:3036} INFO - Sync 1 DAGs
[2024-02-14T20:45:24.390+0000] {logging_mixin.py:188} INFO - [2024-02-14T20:45:24.390+0000] {dag.py:3823} INFO - Setting next_dagrun for example_nested_branch_dag to 2024-02-13 00:00:00+00:00, run_after=2024-02-14 00:00:00+00:00
[2024-02-14T20:45:24.427+0000] {processor.py:183} INFO - Processing /home/airflow/.local/lib/python3.8/site-packages/airflow/example_dags/example_nested_branch_dag.py took 0.139 seconds
[2024-02-14T20:45:54.846+0000] {processor.py:161} INFO - Started process (PID=4020) to work on /home/airflow/.local/lib/python3.8/site-packages/airflow/example_dags/example_nested_branch_dag.py
[2024-02-14T20:45:54.849+0000] {processor.py:830} INFO - Processing file /home/airflow/.local/lib/python3.8/site-packages/airflow/example_dags/example_nested_branch_dag.py for tasks to queue
[2024-02-14T20:45:54.853+0000] {logging_mixin.py:188} INFO - [2024-02-14T20:45:54.852+0000] {dagbag.py:538} INFO - Filling up the DagBag from /home/airflow/.local/lib/python3.8/site-packages/airflow/example_dags/example_nested_branch_dag.py
[2024-02-14T20:45:54.883+0000] {processor.py:840} INFO - DAG(s) 'example_nested_branch_dag' retrieved from /home/airflow/.local/lib/python3.8/site-packages/airflow/example_dags/example_nested_branch_dag.py
[2024-02-14T20:45:54.935+0000] {logging_mixin.py:188} INFO - [2024-02-14T20:45:54.934+0000] {dag.py:3036} INFO - Sync 1 DAGs
[2024-02-14T20:45:54.996+0000] {logging_mixin.py:188} INFO - [2024-02-14T20:45:54.996+0000] {dag.py:3823} INFO - Setting next_dagrun for example_nested_branch_dag to 2024-02-13 00:00:00+00:00, run_after=2024-02-14 00:00:00+00:00
[2024-02-14T20:45:55.045+0000] {processor.py:183} INFO - Processing /home/airflow/.local/lib/python3.8/site-packages/airflow/example_dags/example_nested_branch_dag.py took 0.212 seconds
[2024-02-14T20:46:25.197+0000] {processor.py:161} INFO - Started process (PID=4269) to work on /home/airflow/.local/lib/python3.8/site-packages/airflow/example_dags/example_nested_branch_dag.py
[2024-02-14T20:46:25.198+0000] {processor.py:830} INFO - Processing file /home/airflow/.local/lib/python3.8/site-packages/airflow/example_dags/example_nested_branch_dag.py for tasks to queue
[2024-02-14T20:46:25.200+0000] {logging_mixin.py:188} INFO - [2024-02-14T20:46:25.200+0000] {dagbag.py:538} INFO - Filling up the DagBag from /home/airflow/.local/lib/python3.8/site-packages/airflow/example_dags/example_nested_branch_dag.py
[2024-02-14T20:46:25.216+0000] {processor.py:840} INFO - DAG(s) 'example_nested_branch_dag' retrieved from /home/airflow/.local/lib/python3.8/site-packages/airflow/example_dags/example_nested_branch_dag.py
[2024-02-14T20:46:25.251+0000] {logging_mixin.py:188} INFO - [2024-02-14T20:46:25.250+0000] {dag.py:3036} INFO - Sync 1 DAGs
[2024-02-14T20:46:25.296+0000] {logging_mixin.py:188} INFO - [2024-02-14T20:46:25.296+0000] {dag.py:3823} INFO - Setting next_dagrun for example_nested_branch_dag to 2024-02-13 00:00:00+00:00, run_after=2024-02-14 00:00:00+00:00
[2024-02-14T20:46:25.336+0000] {processor.py:183} INFO - Processing /home/airflow/.local/lib/python3.8/site-packages/airflow/example_dags/example_nested_branch_dag.py took 0.144 seconds
[2024-02-14T20:46:56.166+0000] {processor.py:161} INFO - Started process (PID=4515) to work on /home/airflow/.local/lib/python3.8/site-packages/airflow/example_dags/example_nested_branch_dag.py
[2024-02-14T20:46:56.167+0000] {processor.py:830} INFO - Processing file /home/airflow/.local/lib/python3.8/site-packages/airflow/example_dags/example_nested_branch_dag.py for tasks to queue
[2024-02-14T20:46:56.169+0000] {logging_mixin.py:188} INFO - [2024-02-14T20:46:56.169+0000] {dagbag.py:538} INFO - Filling up the DagBag from /home/airflow/.local/lib/python3.8/site-packages/airflow/example_dags/example_nested_branch_dag.py
[2024-02-14T20:46:56.190+0000] {processor.py:840} INFO - DAG(s) 'example_nested_branch_dag' retrieved from /home/airflow/.local/lib/python3.8/site-packages/airflow/example_dags/example_nested_branch_dag.py
[2024-02-14T20:46:56.226+0000] {logging_mixin.py:188} INFO - [2024-02-14T20:46:56.226+0000] {dag.py:3036} INFO - Sync 1 DAGs
[2024-02-14T20:46:56.266+0000] {logging_mixin.py:188} INFO - [2024-02-14T20:46:56.266+0000] {dag.py:3823} INFO - Setting next_dagrun for example_nested_branch_dag to 2024-02-13 00:00:00+00:00, run_after=2024-02-14 00:00:00+00:00
[2024-02-14T20:46:56.298+0000] {processor.py:183} INFO - Processing /home/airflow/.local/lib/python3.8/site-packages/airflow/example_dags/example_nested_branch_dag.py took 0.138 seconds
[2024-02-14T20:47:27.248+0000] {processor.py:161} INFO - Started process (PID=4762) to work on /home/airflow/.local/lib/python3.8/site-packages/airflow/example_dags/example_nested_branch_dag.py
[2024-02-14T20:47:27.253+0000] {processor.py:830} INFO - Processing file /home/airflow/.local/lib/python3.8/site-packages/airflow/example_dags/example_nested_branch_dag.py for tasks to queue
[2024-02-14T20:47:27.257+0000] {logging_mixin.py:188} INFO - [2024-02-14T20:47:27.256+0000] {dagbag.py:538} INFO - Filling up the DagBag from /home/airflow/.local/lib/python3.8/site-packages/airflow/example_dags/example_nested_branch_dag.py
[2024-02-14T20:47:27.300+0000] {processor.py:840} INFO - DAG(s) 'example_nested_branch_dag' retrieved from /home/airflow/.local/lib/python3.8/site-packages/airflow/example_dags/example_nested_branch_dag.py
[2024-02-14T20:47:27.379+0000] {logging_mixin.py:188} INFO - [2024-02-14T20:47:27.378+0000] {dag.py:3036} INFO - Sync 1 DAGs
[2024-02-14T20:47:27.464+0000] {logging_mixin.py:188} INFO - [2024-02-14T20:47:27.463+0000] {dag.py:3823} INFO - Setting next_dagrun for example_nested_branch_dag to 2024-02-13 00:00:00+00:00, run_after=2024-02-14 00:00:00+00:00
[2024-02-14T20:47:27.512+0000] {processor.py:183} INFO - Processing /home/airflow/.local/lib/python3.8/site-packages/airflow/example_dags/example_nested_branch_dag.py took 0.278 seconds
[2024-02-14T20:47:58.008+0000] {processor.py:161} INFO - Started process (PID=5009) to work on /home/airflow/.local/lib/python3.8/site-packages/airflow/example_dags/example_nested_branch_dag.py
[2024-02-14T20:47:58.012+0000] {processor.py:830} INFO - Processing file /home/airflow/.local/lib/python3.8/site-packages/airflow/example_dags/example_nested_branch_dag.py for tasks to queue
[2024-02-14T20:47:58.016+0000] {logging_mixin.py:188} INFO - [2024-02-14T20:47:58.015+0000] {dagbag.py:538} INFO - Filling up the DagBag from /home/airflow/.local/lib/python3.8/site-packages/airflow/example_dags/example_nested_branch_dag.py
[2024-02-14T20:47:58.037+0000] {processor.py:840} INFO - DAG(s) 'example_nested_branch_dag' retrieved from /home/airflow/.local/lib/python3.8/site-packages/airflow/example_dags/example_nested_branch_dag.py
[2024-02-14T20:47:58.078+0000] {logging_mixin.py:188} INFO - [2024-02-14T20:47:58.077+0000] {dag.py:3036} INFO - Sync 1 DAGs
[2024-02-14T20:47:58.131+0000] {logging_mixin.py:188} INFO - [2024-02-14T20:47:58.131+0000] {dag.py:3823} INFO - Setting next_dagrun for example_nested_branch_dag to 2024-02-13 00:00:00+00:00, run_after=2024-02-14 00:00:00+00:00
[2024-02-14T20:47:58.167+0000] {processor.py:183} INFO - Processing /home/airflow/.local/lib/python3.8/site-packages/airflow/example_dags/example_nested_branch_dag.py took 0.168 seconds
[2024-02-14T20:48:28.951+0000] {processor.py:161} INFO - Started process (PID=5258) to work on /home/airflow/.local/lib/python3.8/site-packages/airflow/example_dags/example_nested_branch_dag.py
[2024-02-14T20:48:28.953+0000] {processor.py:830} INFO - Processing file /home/airflow/.local/lib/python3.8/site-packages/airflow/example_dags/example_nested_branch_dag.py for tasks to queue
[2024-02-14T20:48:28.955+0000] {logging_mixin.py:188} INFO - [2024-02-14T20:48:28.954+0000] {dagbag.py:538} INFO - Filling up the DagBag from /home/airflow/.local/lib/python3.8/site-packages/airflow/example_dags/example_nested_branch_dag.py
[2024-02-14T20:48:28.971+0000] {processor.py:840} INFO - DAG(s) 'example_nested_branch_dag' retrieved from /home/airflow/.local/lib/python3.8/site-packages/airflow/example_dags/example_nested_branch_dag.py
[2024-02-14T20:48:29.009+0000] {logging_mixin.py:188} INFO - [2024-02-14T20:48:29.008+0000] {dag.py:3036} INFO - Sync 1 DAGs
[2024-02-14T20:48:29.056+0000] {logging_mixin.py:188} INFO - [2024-02-14T20:48:29.056+0000] {dag.py:3823} INFO - Setting next_dagrun for example_nested_branch_dag to 2024-02-13 00:00:00+00:00, run_after=2024-02-14 00:00:00+00:00
[2024-02-14T20:48:29.096+0000] {processor.py:183} INFO - Processing /home/airflow/.local/lib/python3.8/site-packages/airflow/example_dags/example_nested_branch_dag.py took 0.150 seconds
[2024-02-14T20:48:59.412+0000] {processor.py:161} INFO - Started process (PID=5505) to work on /home/airflow/.local/lib/python3.8/site-packages/airflow/example_dags/example_nested_branch_dag.py
[2024-02-14T20:48:59.413+0000] {processor.py:830} INFO - Processing file /home/airflow/.local/lib/python3.8/site-packages/airflow/example_dags/example_nested_branch_dag.py for tasks to queue
[2024-02-14T20:48:59.415+0000] {logging_mixin.py:188} INFO - [2024-02-14T20:48:59.415+0000] {dagbag.py:538} INFO - Filling up the DagBag from /home/airflow/.local/lib/python3.8/site-packages/airflow/example_dags/example_nested_branch_dag.py
[2024-02-14T20:48:59.431+0000] {processor.py:840} INFO - DAG(s) 'example_nested_branch_dag' retrieved from /home/airflow/.local/lib/python3.8/site-packages/airflow/example_dags/example_nested_branch_dag.py
[2024-02-14T20:48:59.471+0000] {logging_mixin.py:188} INFO - [2024-02-14T20:48:59.471+0000] {dag.py:3036} INFO - Sync 1 DAGs
[2024-02-14T20:48:59.505+0000] {logging_mixin.py:188} INFO - [2024-02-14T20:48:59.504+0000] {dag.py:3823} INFO - Setting next_dagrun for example_nested_branch_dag to 2024-02-13 00:00:00+00:00, run_after=2024-02-14 00:00:00+00:00
[2024-02-14T20:48:59.542+0000] {processor.py:183} INFO - Processing /home/airflow/.local/lib/python3.8/site-packages/airflow/example_dags/example_nested_branch_dag.py took 0.135 seconds
[2024-02-14T20:49:30.216+0000] {processor.py:161} INFO - Started process (PID=5753) to work on /home/airflow/.local/lib/python3.8/site-packages/airflow/example_dags/example_nested_branch_dag.py
[2024-02-14T20:49:30.217+0000] {processor.py:830} INFO - Processing file /home/airflow/.local/lib/python3.8/site-packages/airflow/example_dags/example_nested_branch_dag.py for tasks to queue
[2024-02-14T20:49:30.219+0000] {logging_mixin.py:188} INFO - [2024-02-14T20:49:30.219+0000] {dagbag.py:538} INFO - Filling up the DagBag from /home/airflow/.local/lib/python3.8/site-packages/airflow/example_dags/example_nested_branch_dag.py
[2024-02-14T20:49:30.234+0000] {processor.py:840} INFO - DAG(s) 'example_nested_branch_dag' retrieved from /home/airflow/.local/lib/python3.8/site-packages/airflow/example_dags/example_nested_branch_dag.py
[2024-02-14T20:49:30.272+0000] {logging_mixin.py:188} INFO - [2024-02-14T20:49:30.272+0000] {dag.py:3036} INFO - Sync 1 DAGs
[2024-02-14T20:49:30.306+0000] {logging_mixin.py:188} INFO - [2024-02-14T20:49:30.306+0000] {dag.py:3823} INFO - Setting next_dagrun for example_nested_branch_dag to 2024-02-13 00:00:00+00:00, run_after=2024-02-14 00:00:00+00:00
[2024-02-14T20:49:30.338+0000] {processor.py:183} INFO - Processing /home/airflow/.local/lib/python3.8/site-packages/airflow/example_dags/example_nested_branch_dag.py took 0.127 seconds
[2024-02-14T20:50:00.683+0000] {processor.py:161} INFO - Started process (PID=6001) to work on /home/airflow/.local/lib/python3.8/site-packages/airflow/example_dags/example_nested_branch_dag.py
[2024-02-14T20:50:00.685+0000] {processor.py:830} INFO - Processing file /home/airflow/.local/lib/python3.8/site-packages/airflow/example_dags/example_nested_branch_dag.py for tasks to queue
[2024-02-14T20:50:00.687+0000] {logging_mixin.py:188} INFO - [2024-02-14T20:50:00.686+0000] {dagbag.py:538} INFO - Filling up the DagBag from /home/airflow/.local/lib/python3.8/site-packages/airflow/example_dags/example_nested_branch_dag.py
[2024-02-14T20:50:00.709+0000] {processor.py:840} INFO - DAG(s) 'example_nested_branch_dag' retrieved from /home/airflow/.local/lib/python3.8/site-packages/airflow/example_dags/example_nested_branch_dag.py
[2024-02-14T20:50:00.753+0000] {logging_mixin.py:188} INFO - [2024-02-14T20:50:00.752+0000] {dag.py:3036} INFO - Sync 1 DAGs
[2024-02-14T20:50:00.800+0000] {logging_mixin.py:188} INFO - [2024-02-14T20:50:00.799+0000] {dag.py:3823} INFO - Setting next_dagrun for example_nested_branch_dag to 2024-02-13 00:00:00+00:00, run_after=2024-02-14 00:00:00+00:00
[2024-02-14T20:50:00.839+0000] {processor.py:183} INFO - Processing /home/airflow/.local/lib/python3.8/site-packages/airflow/example_dags/example_nested_branch_dag.py took 0.166 seconds
[2024-02-14T20:50:31.421+0000] {processor.py:161} INFO - Started process (PID=6248) to work on /home/airflow/.local/lib/python3.8/site-packages/airflow/example_dags/example_nested_branch_dag.py
[2024-02-14T20:50:31.423+0000] {processor.py:830} INFO - Processing file /home/airflow/.local/lib/python3.8/site-packages/airflow/example_dags/example_nested_branch_dag.py for tasks to queue
[2024-02-14T20:50:31.425+0000] {logging_mixin.py:188} INFO - [2024-02-14T20:50:31.425+0000] {dagbag.py:538} INFO - Filling up the DagBag from /home/airflow/.local/lib/python3.8/site-packages/airflow/example_dags/example_nested_branch_dag.py
[2024-02-14T20:50:31.439+0000] {processor.py:840} INFO - DAG(s) 'example_nested_branch_dag' retrieved from /home/airflow/.local/lib/python3.8/site-packages/airflow/example_dags/example_nested_branch_dag.py
[2024-02-14T20:50:31.477+0000] {logging_mixin.py:188} INFO - [2024-02-14T20:50:31.476+0000] {dag.py:3036} INFO - Sync 1 DAGs
[2024-02-14T20:50:31.509+0000] {logging_mixin.py:188} INFO - [2024-02-14T20:50:31.508+0000] {dag.py:3823} INFO - Setting next_dagrun for example_nested_branch_dag to 2024-02-13 00:00:00+00:00, run_after=2024-02-14 00:00:00+00:00
[2024-02-14T20:50:31.537+0000] {processor.py:183} INFO - Processing /home/airflow/.local/lib/python3.8/site-packages/airflow/example_dags/example_nested_branch_dag.py took 0.120 seconds
[2024-02-14T20:51:01.852+0000] {processor.py:161} INFO - Started process (PID=6494) to work on /home/airflow/.local/lib/python3.8/site-packages/airflow/example_dags/example_nested_branch_dag.py
[2024-02-14T20:51:01.854+0000] {processor.py:830} INFO - Processing file /home/airflow/.local/lib/python3.8/site-packages/airflow/example_dags/example_nested_branch_dag.py for tasks to queue
[2024-02-14T20:51:01.857+0000] {logging_mixin.py:188} INFO - [2024-02-14T20:51:01.855+0000] {dagbag.py:538} INFO - Filling up the DagBag from /home/airflow/.local/lib/python3.8/site-packages/airflow/example_dags/example_nested_branch_dag.py
[2024-02-14T20:51:01.877+0000] {processor.py:840} INFO - DAG(s) 'example_nested_branch_dag' retrieved from /home/airflow/.local/lib/python3.8/site-packages/airflow/example_dags/example_nested_branch_dag.py
[2024-02-14T20:51:01.930+0000] {logging_mixin.py:188} INFO - [2024-02-14T20:51:01.929+0000] {dag.py:3036} INFO - Sync 1 DAGs
[2024-02-14T20:51:01.968+0000] {logging_mixin.py:188} INFO - [2024-02-14T20:51:01.968+0000] {dag.py:3823} INFO - Setting next_dagrun for example_nested_branch_dag to 2024-02-13 00:00:00+00:00, run_after=2024-02-14 00:00:00+00:00
[2024-02-14T20:51:02.001+0000] {processor.py:183} INFO - Processing /home/airflow/.local/lib/python3.8/site-packages/airflow/example_dags/example_nested_branch_dag.py took 0.156 seconds
[2024-02-14T20:51:33.181+0000] {processor.py:161} INFO - Started process (PID=6744) to work on /home/airflow/.local/lib/python3.8/site-packages/airflow/example_dags/example_nested_branch_dag.py
[2024-02-14T20:51:33.182+0000] {processor.py:830} INFO - Processing file /home/airflow/.local/lib/python3.8/site-packages/airflow/example_dags/example_nested_branch_dag.py for tasks to queue
[2024-02-14T20:51:33.184+0000] {logging_mixin.py:188} INFO - [2024-02-14T20:51:33.183+0000] {dagbag.py:538} INFO - Filling up the DagBag from /home/airflow/.local/lib/python3.8/site-packages/airflow/example_dags/example_nested_branch_dag.py
[2024-02-14T20:51:33.199+0000] {processor.py:840} INFO - DAG(s) 'example_nested_branch_dag' retrieved from /home/airflow/.local/lib/python3.8/site-packages/airflow/example_dags/example_nested_branch_dag.py
[2024-02-14T20:51:33.241+0000] {logging_mixin.py:188} INFO - [2024-02-14T20:51:33.240+0000] {dag.py:3036} INFO - Sync 1 DAGs
[2024-02-14T20:51:33.278+0000] {logging_mixin.py:188} INFO - [2024-02-14T20:51:33.278+0000] {dag.py:3823} INFO - Setting next_dagrun for example_nested_branch_dag to 2024-02-13 00:00:00+00:00, run_after=2024-02-14 00:00:00+00:00
[2024-02-14T20:51:33.311+0000] {processor.py:183} INFO - Processing /home/airflow/.local/lib/python3.8/site-packages/airflow/example_dags/example_nested_branch_dag.py took 0.135 seconds
[2024-02-14T20:52:03.512+0000] {processor.py:161} INFO - Started process (PID=6991) to work on /home/airflow/.local/lib/python3.8/site-packages/airflow/example_dags/example_nested_branch_dag.py
[2024-02-14T20:52:03.514+0000] {processor.py:830} INFO - Processing file /home/airflow/.local/lib/python3.8/site-packages/airflow/example_dags/example_nested_branch_dag.py for tasks to queue
[2024-02-14T20:52:03.516+0000] {logging_mixin.py:188} INFO - [2024-02-14T20:52:03.516+0000] {dagbag.py:538} INFO - Filling up the DagBag from /home/airflow/.local/lib/python3.8/site-packages/airflow/example_dags/example_nested_branch_dag.py
[2024-02-14T20:52:03.535+0000] {processor.py:840} INFO - DAG(s) 'example_nested_branch_dag' retrieved from /home/airflow/.local/lib/python3.8/site-packages/airflow/example_dags/example_nested_branch_dag.py
[2024-02-14T20:52:03.580+0000] {logging_mixin.py:188} INFO - [2024-02-14T20:52:03.579+0000] {dag.py:3036} INFO - Sync 1 DAGs
[2024-02-14T20:52:03.630+0000] {logging_mixin.py:188} INFO - [2024-02-14T20:52:03.630+0000] {dag.py:3823} INFO - Setting next_dagrun for example_nested_branch_dag to 2024-02-13 00:00:00+00:00, run_after=2024-02-14 00:00:00+00:00
[2024-02-14T20:52:03.672+0000] {processor.py:183} INFO - Processing /home/airflow/.local/lib/python3.8/site-packages/airflow/example_dags/example_nested_branch_dag.py took 0.166 seconds
[2024-02-14T20:52:34.880+0000] {processor.py:161} INFO - Started process (PID=7236) to work on /home/airflow/.local/lib/python3.8/site-packages/airflow/example_dags/example_nested_branch_dag.py
[2024-02-14T20:52:34.884+0000] {processor.py:830} INFO - Processing file /home/airflow/.local/lib/python3.8/site-packages/airflow/example_dags/example_nested_branch_dag.py for tasks to queue
[2024-02-14T20:52:34.886+0000] {logging_mixin.py:188} INFO - [2024-02-14T20:52:34.885+0000] {dagbag.py:538} INFO - Filling up the DagBag from /home/airflow/.local/lib/python3.8/site-packages/airflow/example_dags/example_nested_branch_dag.py
[2024-02-14T20:52:34.908+0000] {processor.py:840} INFO - DAG(s) 'example_nested_branch_dag' retrieved from /home/airflow/.local/lib/python3.8/site-packages/airflow/example_dags/example_nested_branch_dag.py
[2024-02-14T20:52:34.955+0000] {logging_mixin.py:188} INFO - [2024-02-14T20:52:34.955+0000] {dag.py:3036} INFO - Sync 1 DAGs
[2024-02-14T20:52:35.015+0000] {logging_mixin.py:188} INFO - [2024-02-14T20:52:35.014+0000] {dag.py:3823} INFO - Setting next_dagrun for example_nested_branch_dag to 2024-02-13 00:00:00+00:00, run_after=2024-02-14 00:00:00+00:00
[2024-02-14T20:52:35.077+0000] {processor.py:183} INFO - Processing /home/airflow/.local/lib/python3.8/site-packages/airflow/example_dags/example_nested_branch_dag.py took 0.207 seconds
[2024-02-14T20:53:05.563+0000] {processor.py:161} INFO - Started process (PID=7483) to work on /home/airflow/.local/lib/python3.8/site-packages/airflow/example_dags/example_nested_branch_dag.py
[2024-02-14T20:53:05.567+0000] {processor.py:830} INFO - Processing file /home/airflow/.local/lib/python3.8/site-packages/airflow/example_dags/example_nested_branch_dag.py for tasks to queue
[2024-02-14T20:53:05.571+0000] {logging_mixin.py:188} INFO - [2024-02-14T20:53:05.570+0000] {dagbag.py:538} INFO - Filling up the DagBag from /home/airflow/.local/lib/python3.8/site-packages/airflow/example_dags/example_nested_branch_dag.py
[2024-02-14T20:53:05.617+0000] {processor.py:840} INFO - DAG(s) 'example_nested_branch_dag' retrieved from /home/airflow/.local/lib/python3.8/site-packages/airflow/example_dags/example_nested_branch_dag.py
[2024-02-14T20:53:05.713+0000] {logging_mixin.py:188} INFO - [2024-02-14T20:53:05.712+0000] {dag.py:3036} INFO - Sync 1 DAGs
[2024-02-14T20:53:05.795+0000] {logging_mixin.py:188} INFO - [2024-02-14T20:53:05.794+0000] {dag.py:3823} INFO - Setting next_dagrun for example_nested_branch_dag to 2024-02-13 00:00:00+00:00, run_after=2024-02-14 00:00:00+00:00
[2024-02-14T20:53:05.858+0000] {processor.py:183} INFO - Processing /home/airflow/.local/lib/python3.8/site-packages/airflow/example_dags/example_nested_branch_dag.py took 0.308 seconds
[2024-02-14T20:53:36.359+0000] {processor.py:161} INFO - Started process (PID=7730) to work on /home/airflow/.local/lib/python3.8/site-packages/airflow/example_dags/example_nested_branch_dag.py
[2024-02-14T20:53:36.361+0000] {processor.py:830} INFO - Processing file /home/airflow/.local/lib/python3.8/site-packages/airflow/example_dags/example_nested_branch_dag.py for tasks to queue
[2024-02-14T20:53:36.363+0000] {logging_mixin.py:188} INFO - [2024-02-14T20:53:36.362+0000] {dagbag.py:538} INFO - Filling up the DagBag from /home/airflow/.local/lib/python3.8/site-packages/airflow/example_dags/example_nested_branch_dag.py
[2024-02-14T20:53:36.388+0000] {processor.py:840} INFO - DAG(s) 'example_nested_branch_dag' retrieved from /home/airflow/.local/lib/python3.8/site-packages/airflow/example_dags/example_nested_branch_dag.py
[2024-02-14T20:53:36.431+0000] {logging_mixin.py:188} INFO - [2024-02-14T20:53:36.431+0000] {dag.py:3036} INFO - Sync 1 DAGs
[2024-02-14T20:53:36.476+0000] {logging_mixin.py:188} INFO - [2024-02-14T20:53:36.476+0000] {dag.py:3823} INFO - Setting next_dagrun for example_nested_branch_dag to 2024-02-13 00:00:00+00:00, run_after=2024-02-14 00:00:00+00:00
[2024-02-14T20:53:36.529+0000] {processor.py:183} INFO - Processing /home/airflow/.local/lib/python3.8/site-packages/airflow/example_dags/example_nested_branch_dag.py took 0.177 seconds
[2024-02-14T20:54:06.698+0000] {processor.py:161} INFO - Started process (PID=7977) to work on /home/airflow/.local/lib/python3.8/site-packages/airflow/example_dags/example_nested_branch_dag.py
[2024-02-14T20:54:06.700+0000] {processor.py:830} INFO - Processing file /home/airflow/.local/lib/python3.8/site-packages/airflow/example_dags/example_nested_branch_dag.py for tasks to queue
[2024-02-14T20:54:06.703+0000] {logging_mixin.py:188} INFO - [2024-02-14T20:54:06.702+0000] {dagbag.py:538} INFO - Filling up the DagBag from /home/airflow/.local/lib/python3.8/site-packages/airflow/example_dags/example_nested_branch_dag.py
[2024-02-14T20:54:06.731+0000] {processor.py:840} INFO - DAG(s) 'example_nested_branch_dag' retrieved from /home/airflow/.local/lib/python3.8/site-packages/airflow/example_dags/example_nested_branch_dag.py
[2024-02-14T20:54:06.812+0000] {logging_mixin.py:188} INFO - [2024-02-14T20:54:06.810+0000] {dag.py:3036} INFO - Sync 1 DAGs
[2024-02-14T20:54:06.898+0000] {logging_mixin.py:188} INFO - [2024-02-14T20:54:06.897+0000] {dag.py:3823} INFO - Setting next_dagrun for example_nested_branch_dag to 2024-02-13 00:00:00+00:00, run_after=2024-02-14 00:00:00+00:00
[2024-02-14T20:54:06.937+0000] {processor.py:183} INFO - Processing /home/airflow/.local/lib/python3.8/site-packages/airflow/example_dags/example_nested_branch_dag.py took 0.247 seconds
[2024-02-14T20:54:37.050+0000] {processor.py:161} INFO - Started process (PID=8221) to work on /home/airflow/.local/lib/python3.8/site-packages/airflow/example_dags/example_nested_branch_dag.py
[2024-02-14T20:54:37.052+0000] {processor.py:830} INFO - Processing file /home/airflow/.local/lib/python3.8/site-packages/airflow/example_dags/example_nested_branch_dag.py for tasks to queue
[2024-02-14T20:54:37.054+0000] {logging_mixin.py:188} INFO - [2024-02-14T20:54:37.053+0000] {dagbag.py:538} INFO - Filling up the DagBag from /home/airflow/.local/lib/python3.8/site-packages/airflow/example_dags/example_nested_branch_dag.py
[2024-02-14T20:54:37.072+0000] {processor.py:840} INFO - DAG(s) 'example_nested_branch_dag' retrieved from /home/airflow/.local/lib/python3.8/site-packages/airflow/example_dags/example_nested_branch_dag.py
[2024-02-14T20:54:37.105+0000] {logging_mixin.py:188} INFO - [2024-02-14T20:54:37.105+0000] {dag.py:3036} INFO - Sync 1 DAGs
[2024-02-14T20:54:37.141+0000] {logging_mixin.py:188} INFO - [2024-02-14T20:54:37.141+0000] {dag.py:3823} INFO - Setting next_dagrun for example_nested_branch_dag to 2024-02-13 00:00:00+00:00, run_after=2024-02-14 00:00:00+00:00
[2024-02-14T20:54:37.213+0000] {processor.py:183} INFO - Processing /home/airflow/.local/lib/python3.8/site-packages/airflow/example_dags/example_nested_branch_dag.py took 0.171 seconds
[2024-02-14T20:55:07.388+0000] {processor.py:161} INFO - Started process (PID=8468) to work on /home/airflow/.local/lib/python3.8/site-packages/airflow/example_dags/example_nested_branch_dag.py
[2024-02-14T20:55:07.390+0000] {processor.py:830} INFO - Processing file /home/airflow/.local/lib/python3.8/site-packages/airflow/example_dags/example_nested_branch_dag.py for tasks to queue
[2024-02-14T20:55:07.391+0000] {logging_mixin.py:188} INFO - [2024-02-14T20:55:07.391+0000] {dagbag.py:538} INFO - Filling up the DagBag from /home/airflow/.local/lib/python3.8/site-packages/airflow/example_dags/example_nested_branch_dag.py
[2024-02-14T20:55:07.405+0000] {processor.py:840} INFO - DAG(s) 'example_nested_branch_dag' retrieved from /home/airflow/.local/lib/python3.8/site-packages/airflow/example_dags/example_nested_branch_dag.py
[2024-02-14T20:55:07.448+0000] {logging_mixin.py:188} INFO - [2024-02-14T20:55:07.447+0000] {dag.py:3036} INFO - Sync 1 DAGs
[2024-02-14T20:55:07.497+0000] {logging_mixin.py:188} INFO - [2024-02-14T20:55:07.496+0000] {dag.py:3823} INFO - Setting next_dagrun for example_nested_branch_dag to 2024-02-13 00:00:00+00:00, run_after=2024-02-14 00:00:00+00:00
[2024-02-14T20:55:07.536+0000] {processor.py:183} INFO - Processing /home/airflow/.local/lib/python3.8/site-packages/airflow/example_dags/example_nested_branch_dag.py took 0.152 seconds
[2024-02-14T20:55:37.959+0000] {processor.py:161} INFO - Started process (PID=8713) to work on /home/airflow/.local/lib/python3.8/site-packages/airflow/example_dags/example_nested_branch_dag.py
[2024-02-14T20:55:37.962+0000] {processor.py:830} INFO - Processing file /home/airflow/.local/lib/python3.8/site-packages/airflow/example_dags/example_nested_branch_dag.py for tasks to queue
[2024-02-14T20:55:37.965+0000] {logging_mixin.py:188} INFO - [2024-02-14T20:55:37.964+0000] {dagbag.py:538} INFO - Filling up the DagBag from /home/airflow/.local/lib/python3.8/site-packages/airflow/example_dags/example_nested_branch_dag.py
[2024-02-14T20:55:37.993+0000] {processor.py:840} INFO - DAG(s) 'example_nested_branch_dag' retrieved from /home/airflow/.local/lib/python3.8/site-packages/airflow/example_dags/example_nested_branch_dag.py
[2024-02-14T20:55:38.075+0000] {logging_mixin.py:188} INFO - [2024-02-14T20:55:38.074+0000] {dag.py:3036} INFO - Sync 1 DAGs
[2024-02-14T20:55:38.127+0000] {logging_mixin.py:188} INFO - [2024-02-14T20:55:38.126+0000] {dag.py:3823} INFO - Setting next_dagrun for example_nested_branch_dag to 2024-02-13 00:00:00+00:00, run_after=2024-02-14 00:00:00+00:00
[2024-02-14T20:55:38.160+0000] {processor.py:183} INFO - Processing /home/airflow/.local/lib/python3.8/site-packages/airflow/example_dags/example_nested_branch_dag.py took 0.208 seconds
[2024-02-14T20:56:09.011+0000] {processor.py:161} INFO - Started process (PID=8960) to work on /home/airflow/.local/lib/python3.8/site-packages/airflow/example_dags/example_nested_branch_dag.py
[2024-02-14T20:56:09.015+0000] {processor.py:830} INFO - Processing file /home/airflow/.local/lib/python3.8/site-packages/airflow/example_dags/example_nested_branch_dag.py for tasks to queue
[2024-02-14T20:56:09.019+0000] {logging_mixin.py:188} INFO - [2024-02-14T20:56:09.018+0000] {dagbag.py:538} INFO - Filling up the DagBag from /home/airflow/.local/lib/python3.8/site-packages/airflow/example_dags/example_nested_branch_dag.py
[2024-02-14T20:56:09.080+0000] {processor.py:840} INFO - DAG(s) 'example_nested_branch_dag' retrieved from /home/airflow/.local/lib/python3.8/site-packages/airflow/example_dags/example_nested_branch_dag.py
[2024-02-14T20:56:09.217+0000] {logging_mixin.py:188} INFO - [2024-02-14T20:56:09.217+0000] {dag.py:3036} INFO - Sync 1 DAGs
[2024-02-14T20:56:09.266+0000] {logging_mixin.py:188} INFO - [2024-02-14T20:56:09.265+0000] {dag.py:3823} INFO - Setting next_dagrun for example_nested_branch_dag to 2024-02-13 00:00:00+00:00, run_after=2024-02-14 00:00:00+00:00
[2024-02-14T20:56:09.319+0000] {processor.py:183} INFO - Processing /home/airflow/.local/lib/python3.8/site-packages/airflow/example_dags/example_nested_branch_dag.py took 0.323 seconds
[2024-02-14T20:56:40.319+0000] {processor.py:161} INFO - Started process (PID=9206) to work on /home/airflow/.local/lib/python3.8/site-packages/airflow/example_dags/example_nested_branch_dag.py
[2024-02-14T20:56:40.321+0000] {processor.py:830} INFO - Processing file /home/airflow/.local/lib/python3.8/site-packages/airflow/example_dags/example_nested_branch_dag.py for tasks to queue
[2024-02-14T20:56:40.323+0000] {logging_mixin.py:188} INFO - [2024-02-14T20:56:40.322+0000] {dagbag.py:538} INFO - Filling up the DagBag from /home/airflow/.local/lib/python3.8/site-packages/airflow/example_dags/example_nested_branch_dag.py
[2024-02-14T20:56:40.344+0000] {processor.py:840} INFO - DAG(s) 'example_nested_branch_dag' retrieved from /home/airflow/.local/lib/python3.8/site-packages/airflow/example_dags/example_nested_branch_dag.py
[2024-02-14T20:56:40.379+0000] {logging_mixin.py:188} INFO - [2024-02-14T20:56:40.379+0000] {dag.py:3036} INFO - Sync 1 DAGs
[2024-02-14T20:56:40.416+0000] {logging_mixin.py:188} INFO - [2024-02-14T20:56:40.415+0000] {dag.py:3823} INFO - Setting next_dagrun for example_nested_branch_dag to 2024-02-13 00:00:00+00:00, run_after=2024-02-14 00:00:00+00:00
[2024-02-14T20:56:40.448+0000] {processor.py:183} INFO - Processing /home/airflow/.local/lib/python3.8/site-packages/airflow/example_dags/example_nested_branch_dag.py took 0.135 seconds
[2024-02-14T20:57:11.008+0000] {processor.py:161} INFO - Started process (PID=9453) to work on /home/airflow/.local/lib/python3.8/site-packages/airflow/example_dags/example_nested_branch_dag.py
[2024-02-14T20:57:11.013+0000] {processor.py:830} INFO - Processing file /home/airflow/.local/lib/python3.8/site-packages/airflow/example_dags/example_nested_branch_dag.py for tasks to queue
[2024-02-14T20:57:11.019+0000] {logging_mixin.py:188} INFO - [2024-02-14T20:57:11.016+0000] {dagbag.py:538} INFO - Filling up the DagBag from /home/airflow/.local/lib/python3.8/site-packages/airflow/example_dags/example_nested_branch_dag.py
[2024-02-14T20:57:11.074+0000] {processor.py:840} INFO - DAG(s) 'example_nested_branch_dag' retrieved from /home/airflow/.local/lib/python3.8/site-packages/airflow/example_dags/example_nested_branch_dag.py
[2024-02-14T20:57:11.171+0000] {logging_mixin.py:188} INFO - [2024-02-14T20:57:11.170+0000] {dag.py:3036} INFO - Sync 1 DAGs
[2024-02-14T20:57:11.267+0000] {logging_mixin.py:188} INFO - [2024-02-14T20:57:11.266+0000] {dag.py:3823} INFO - Setting next_dagrun for example_nested_branch_dag to 2024-02-13 00:00:00+00:00, run_after=2024-02-14 00:00:00+00:00
[2024-02-14T20:57:11.326+0000] {processor.py:183} INFO - Processing /home/airflow/.local/lib/python3.8/site-packages/airflow/example_dags/example_nested_branch_dag.py took 0.334 seconds
[2024-02-14T20:57:41.683+0000] {processor.py:161} INFO - Started process (PID=9700) to work on /home/airflow/.local/lib/python3.8/site-packages/airflow/example_dags/example_nested_branch_dag.py
[2024-02-14T20:57:41.685+0000] {processor.py:830} INFO - Processing file /home/airflow/.local/lib/python3.8/site-packages/airflow/example_dags/example_nested_branch_dag.py for tasks to queue
[2024-02-14T20:57:41.688+0000] {logging_mixin.py:188} INFO - [2024-02-14T20:57:41.687+0000] {dagbag.py:538} INFO - Filling up the DagBag from /home/airflow/.local/lib/python3.8/site-packages/airflow/example_dags/example_nested_branch_dag.py
[2024-02-14T20:57:41.712+0000] {processor.py:840} INFO - DAG(s) 'example_nested_branch_dag' retrieved from /home/airflow/.local/lib/python3.8/site-packages/airflow/example_dags/example_nested_branch_dag.py
[2024-02-14T20:57:41.772+0000] {logging_mixin.py:188} INFO - [2024-02-14T20:57:41.771+0000] {dag.py:3036} INFO - Sync 1 DAGs
[2024-02-14T20:57:41.835+0000] {logging_mixin.py:188} INFO - [2024-02-14T20:57:41.834+0000] {dag.py:3823} INFO - Setting next_dagrun for example_nested_branch_dag to 2024-02-13 00:00:00+00:00, run_after=2024-02-14 00:00:00+00:00
[2024-02-14T20:57:41.899+0000] {processor.py:183} INFO - Processing /home/airflow/.local/lib/python3.8/site-packages/airflow/example_dags/example_nested_branch_dag.py took 0.226 seconds
