[2024-02-14T20:38:09.767+0000] {processor.py:161} INFO - Started process (PID=267) to work on /home/airflow/.local/lib/python3.8/site-packages/airflow/example_dags/tutorial_dag.py
[2024-02-14T20:38:09.770+0000] {processor.py:830} INFO - Processing file /home/airflow/.local/lib/python3.8/site-packages/airflow/example_dags/tutorial_dag.py for tasks to queue
[2024-02-14T20:38:09.773+0000] {logging_mixin.py:188} INFO - [2024-02-14T20:38:09.772+0000] {dagbag.py:538} INFO - Filling up the DagBag from /home/airflow/.local/lib/python3.8/site-packages/airflow/example_dags/tutorial_dag.py
[2024-02-14T20:38:09.840+0000] {processor.py:840} INFO - DAG(s) 'tutorial_dag' retrieved from /home/airflow/.local/lib/python3.8/site-packages/airflow/example_dags/tutorial_dag.py
[2024-02-14T20:38:10.395+0000] {logging_mixin.py:188} INFO - [2024-02-14T20:38:10.393+0000] {dag.py:3036} INFO - Sync 1 DAGs
[2024-02-14T20:38:10.530+0000] {logging_mixin.py:188} INFO - [2024-02-14T20:38:10.530+0000] {dag.py:3823} INFO - Setting next_dagrun for tutorial_dag to None, run_after=None
[2024-02-14T20:38:10.681+0000] {processor.py:183} INFO - Processing /home/airflow/.local/lib/python3.8/site-packages/airflow/example_dags/tutorial_dag.py took 0.931 seconds
[2024-02-14T20:38:41.413+0000] {processor.py:161} INFO - Started process (PID=514) to work on /home/airflow/.local/lib/python3.8/site-packages/airflow/example_dags/tutorial_dag.py
[2024-02-14T20:38:41.418+0000] {processor.py:830} INFO - Processing file /home/airflow/.local/lib/python3.8/site-packages/airflow/example_dags/tutorial_dag.py for tasks to queue
[2024-02-14T20:38:41.421+0000] {logging_mixin.py:188} INFO - [2024-02-14T20:38:41.420+0000] {dagbag.py:538} INFO - Filling up the DagBag from /home/airflow/.local/lib/python3.8/site-packages/airflow/example_dags/tutorial_dag.py
[2024-02-14T20:38:41.443+0000] {processor.py:840} INFO - DAG(s) 'tutorial_dag' retrieved from /home/airflow/.local/lib/python3.8/site-packages/airflow/example_dags/tutorial_dag.py
[2024-02-14T20:38:41.495+0000] {logging_mixin.py:188} INFO - [2024-02-14T20:38:41.494+0000] {dag.py:3036} INFO - Sync 1 DAGs
[2024-02-14T20:38:41.545+0000] {logging_mixin.py:188} INFO - [2024-02-14T20:38:41.544+0000] {dag.py:3823} INFO - Setting next_dagrun for tutorial_dag to None, run_after=None
[2024-02-14T20:38:41.652+0000] {processor.py:183} INFO - Processing /home/airflow/.local/lib/python3.8/site-packages/airflow/example_dags/tutorial_dag.py took 0.252 seconds
[2024-02-14T20:39:11.902+0000] {processor.py:161} INFO - Started process (PID=761) to work on /home/airflow/.local/lib/python3.8/site-packages/airflow/example_dags/tutorial_dag.py
[2024-02-14T20:39:11.906+0000] {processor.py:830} INFO - Processing file /home/airflow/.local/lib/python3.8/site-packages/airflow/example_dags/tutorial_dag.py for tasks to queue
[2024-02-14T20:39:11.910+0000] {logging_mixin.py:188} INFO - [2024-02-14T20:39:11.909+0000] {dagbag.py:538} INFO - Filling up the DagBag from /home/airflow/.local/lib/python3.8/site-packages/airflow/example_dags/tutorial_dag.py
[2024-02-14T20:39:11.932+0000] {processor.py:840} INFO - DAG(s) 'tutorial_dag' retrieved from /home/airflow/.local/lib/python3.8/site-packages/airflow/example_dags/tutorial_dag.py
[2024-02-14T20:39:12.011+0000] {logging_mixin.py:188} INFO - [2024-02-14T20:39:12.010+0000] {dag.py:3036} INFO - Sync 1 DAGs
[2024-02-14T20:39:12.060+0000] {logging_mixin.py:188} INFO - [2024-02-14T20:39:12.059+0000] {dag.py:3823} INFO - Setting next_dagrun for tutorial_dag to None, run_after=None
[2024-02-14T20:39:12.136+0000] {processor.py:183} INFO - Processing /home/airflow/.local/lib/python3.8/site-packages/airflow/example_dags/tutorial_dag.py took 0.247 seconds
[2024-02-14T20:39:42.715+0000] {processor.py:161} INFO - Started process (PID=1008) to work on /home/airflow/.local/lib/python3.8/site-packages/airflow/example_dags/tutorial_dag.py
[2024-02-14T20:39:42.717+0000] {processor.py:830} INFO - Processing file /home/airflow/.local/lib/python3.8/site-packages/airflow/example_dags/tutorial_dag.py for tasks to queue
[2024-02-14T20:39:42.719+0000] {logging_mixin.py:188} INFO - [2024-02-14T20:39:42.719+0000] {dagbag.py:538} INFO - Filling up the DagBag from /home/airflow/.local/lib/python3.8/site-packages/airflow/example_dags/tutorial_dag.py
[2024-02-14T20:39:42.731+0000] {processor.py:840} INFO - DAG(s) 'tutorial_dag' retrieved from /home/airflow/.local/lib/python3.8/site-packages/airflow/example_dags/tutorial_dag.py
[2024-02-14T20:39:42.774+0000] {logging_mixin.py:188} INFO - [2024-02-14T20:39:42.773+0000] {dag.py:3036} INFO - Sync 1 DAGs
[2024-02-14T20:39:42.801+0000] {logging_mixin.py:188} INFO - [2024-02-14T20:39:42.800+0000] {dag.py:3823} INFO - Setting next_dagrun for tutorial_dag to None, run_after=None
[2024-02-14T20:39:42.844+0000] {processor.py:183} INFO - Processing /home/airflow/.local/lib/python3.8/site-packages/airflow/example_dags/tutorial_dag.py took 0.136 seconds
[2024-02-14T20:40:13.787+0000] {processor.py:161} INFO - Started process (PID=1256) to work on /home/airflow/.local/lib/python3.8/site-packages/airflow/example_dags/tutorial_dag.py
[2024-02-14T20:40:13.793+0000] {processor.py:830} INFO - Processing file /home/airflow/.local/lib/python3.8/site-packages/airflow/example_dags/tutorial_dag.py for tasks to queue
[2024-02-14T20:40:13.798+0000] {logging_mixin.py:188} INFO - [2024-02-14T20:40:13.797+0000] {dagbag.py:538} INFO - Filling up the DagBag from /home/airflow/.local/lib/python3.8/site-packages/airflow/example_dags/tutorial_dag.py
[2024-02-14T20:40:13.818+0000] {processor.py:840} INFO - DAG(s) 'tutorial_dag' retrieved from /home/airflow/.local/lib/python3.8/site-packages/airflow/example_dags/tutorial_dag.py
[2024-02-14T20:40:13.901+0000] {logging_mixin.py:188} INFO - [2024-02-14T20:40:13.901+0000] {dag.py:3036} INFO - Sync 1 DAGs
[2024-02-14T20:40:13.960+0000] {logging_mixin.py:188} INFO - [2024-02-14T20:40:13.959+0000] {dag.py:3823} INFO - Setting next_dagrun for tutorial_dag to None, run_after=None
[2024-02-14T20:40:14.044+0000] {processor.py:183} INFO - Processing /home/airflow/.local/lib/python3.8/site-packages/airflow/example_dags/tutorial_dag.py took 0.269 seconds
[2024-02-14T20:40:44.178+0000] {processor.py:161} INFO - Started process (PID=1500) to work on /home/airflow/.local/lib/python3.8/site-packages/airflow/example_dags/tutorial_dag.py
[2024-02-14T20:40:44.183+0000] {processor.py:830} INFO - Processing file /home/airflow/.local/lib/python3.8/site-packages/airflow/example_dags/tutorial_dag.py for tasks to queue
[2024-02-14T20:40:44.187+0000] {logging_mixin.py:188} INFO - [2024-02-14T20:40:44.186+0000] {dagbag.py:538} INFO - Filling up the DagBag from /home/airflow/.local/lib/python3.8/site-packages/airflow/example_dags/tutorial_dag.py
[2024-02-14T20:40:44.212+0000] {processor.py:840} INFO - DAG(s) 'tutorial_dag' retrieved from /home/airflow/.local/lib/python3.8/site-packages/airflow/example_dags/tutorial_dag.py
[2024-02-14T20:40:44.314+0000] {logging_mixin.py:188} INFO - [2024-02-14T20:40:44.313+0000] {dag.py:3036} INFO - Sync 1 DAGs
[2024-02-14T20:40:44.379+0000] {logging_mixin.py:188} INFO - [2024-02-14T20:40:44.378+0000] {dag.py:3823} INFO - Setting next_dagrun for tutorial_dag to None, run_after=None
[2024-02-14T20:40:44.451+0000] {processor.py:183} INFO - Processing /home/airflow/.local/lib/python3.8/site-packages/airflow/example_dags/tutorial_dag.py took 0.288 seconds
[2024-02-14T20:41:15.038+0000] {processor.py:161} INFO - Started process (PID=1750) to work on /home/airflow/.local/lib/python3.8/site-packages/airflow/example_dags/tutorial_dag.py
[2024-02-14T20:41:15.042+0000] {processor.py:830} INFO - Processing file /home/airflow/.local/lib/python3.8/site-packages/airflow/example_dags/tutorial_dag.py for tasks to queue
[2024-02-14T20:41:15.049+0000] {logging_mixin.py:188} INFO - [2024-02-14T20:41:15.046+0000] {dagbag.py:538} INFO - Filling up the DagBag from /home/airflow/.local/lib/python3.8/site-packages/airflow/example_dags/tutorial_dag.py
[2024-02-14T20:41:15.075+0000] {processor.py:840} INFO - DAG(s) 'tutorial_dag' retrieved from /home/airflow/.local/lib/python3.8/site-packages/airflow/example_dags/tutorial_dag.py
[2024-02-14T20:41:15.126+0000] {logging_mixin.py:188} INFO - [2024-02-14T20:41:15.125+0000] {dag.py:3036} INFO - Sync 1 DAGs
[2024-02-14T20:41:15.152+0000] {logging_mixin.py:188} INFO - [2024-02-14T20:41:15.151+0000] {dag.py:3823} INFO - Setting next_dagrun for tutorial_dag to None, run_after=None
[2024-02-14T20:41:15.190+0000] {processor.py:183} INFO - Processing /home/airflow/.local/lib/python3.8/site-packages/airflow/example_dags/tutorial_dag.py took 0.170 seconds
[2024-02-14T20:41:46.340+0000] {processor.py:161} INFO - Started process (PID=1997) to work on /home/airflow/.local/lib/python3.8/site-packages/airflow/example_dags/tutorial_dag.py
[2024-02-14T20:41:46.343+0000] {processor.py:830} INFO - Processing file /home/airflow/.local/lib/python3.8/site-packages/airflow/example_dags/tutorial_dag.py for tasks to queue
[2024-02-14T20:41:46.348+0000] {logging_mixin.py:188} INFO - [2024-02-14T20:41:46.346+0000] {dagbag.py:538} INFO - Filling up the DagBag from /home/airflow/.local/lib/python3.8/site-packages/airflow/example_dags/tutorial_dag.py
[2024-02-14T20:41:46.364+0000] {processor.py:840} INFO - DAG(s) 'tutorial_dag' retrieved from /home/airflow/.local/lib/python3.8/site-packages/airflow/example_dags/tutorial_dag.py
[2024-02-14T20:41:46.434+0000] {logging_mixin.py:188} INFO - [2024-02-14T20:41:46.434+0000] {dag.py:3036} INFO - Sync 1 DAGs
[2024-02-14T20:41:46.478+0000] {logging_mixin.py:188} INFO - [2024-02-14T20:41:46.477+0000] {dag.py:3823} INFO - Setting next_dagrun for tutorial_dag to None, run_after=None
[2024-02-14T20:41:46.558+0000] {processor.py:183} INFO - Processing /home/airflow/.local/lib/python3.8/site-packages/airflow/example_dags/tutorial_dag.py took 0.230 seconds
[2024-02-14T20:42:17.415+0000] {processor.py:161} INFO - Started process (PID=2244) to work on /home/airflow/.local/lib/python3.8/site-packages/airflow/example_dags/tutorial_dag.py
[2024-02-14T20:42:17.419+0000] {processor.py:830} INFO - Processing file /home/airflow/.local/lib/python3.8/site-packages/airflow/example_dags/tutorial_dag.py for tasks to queue
[2024-02-14T20:42:17.424+0000] {logging_mixin.py:188} INFO - [2024-02-14T20:42:17.423+0000] {dagbag.py:538} INFO - Filling up the DagBag from /home/airflow/.local/lib/python3.8/site-packages/airflow/example_dags/tutorial_dag.py
[2024-02-14T20:42:17.452+0000] {processor.py:840} INFO - DAG(s) 'tutorial_dag' retrieved from /home/airflow/.local/lib/python3.8/site-packages/airflow/example_dags/tutorial_dag.py
[2024-02-14T20:42:17.555+0000] {logging_mixin.py:188} INFO - [2024-02-14T20:42:17.554+0000] {dag.py:3036} INFO - Sync 1 DAGs
[2024-02-14T20:42:17.622+0000] {logging_mixin.py:188} INFO - [2024-02-14T20:42:17.621+0000] {dag.py:3823} INFO - Setting next_dagrun for tutorial_dag to None, run_after=None
[2024-02-14T20:42:17.735+0000] {processor.py:183} INFO - Processing /home/airflow/.local/lib/python3.8/site-packages/airflow/example_dags/tutorial_dag.py took 0.340 seconds
[2024-02-14T20:42:48.384+0000] {processor.py:161} INFO - Started process (PID=2492) to work on /home/airflow/.local/lib/python3.8/site-packages/airflow/example_dags/tutorial_dag.py
[2024-02-14T20:42:48.389+0000] {processor.py:830} INFO - Processing file /home/airflow/.local/lib/python3.8/site-packages/airflow/example_dags/tutorial_dag.py for tasks to queue
[2024-02-14T20:42:48.393+0000] {logging_mixin.py:188} INFO - [2024-02-14T20:42:48.392+0000] {dagbag.py:538} INFO - Filling up the DagBag from /home/airflow/.local/lib/python3.8/site-packages/airflow/example_dags/tutorial_dag.py
[2024-02-14T20:42:48.414+0000] {processor.py:840} INFO - DAG(s) 'tutorial_dag' retrieved from /home/airflow/.local/lib/python3.8/site-packages/airflow/example_dags/tutorial_dag.py
[2024-02-14T20:42:48.496+0000] {logging_mixin.py:188} INFO - [2024-02-14T20:42:48.495+0000] {dag.py:3036} INFO - Sync 1 DAGs
[2024-02-14T20:42:48.543+0000] {logging_mixin.py:188} INFO - [2024-02-14T20:42:48.543+0000] {dag.py:3823} INFO - Setting next_dagrun for tutorial_dag to None, run_after=None
[2024-02-14T20:42:48.613+0000] {processor.py:183} INFO - Processing /home/airflow/.local/lib/python3.8/site-packages/airflow/example_dags/tutorial_dag.py took 0.248 seconds
[2024-02-14T20:43:18.805+0000] {processor.py:161} INFO - Started process (PID=2739) to work on /home/airflow/.local/lib/python3.8/site-packages/airflow/example_dags/tutorial_dag.py
[2024-02-14T20:43:18.810+0000] {processor.py:830} INFO - Processing file /home/airflow/.local/lib/python3.8/site-packages/airflow/example_dags/tutorial_dag.py for tasks to queue
[2024-02-14T20:43:18.815+0000] {logging_mixin.py:188} INFO - [2024-02-14T20:43:18.814+0000] {dagbag.py:538} INFO - Filling up the DagBag from /home/airflow/.local/lib/python3.8/site-packages/airflow/example_dags/tutorial_dag.py
[2024-02-14T20:43:18.841+0000] {processor.py:840} INFO - DAG(s) 'tutorial_dag' retrieved from /home/airflow/.local/lib/python3.8/site-packages/airflow/example_dags/tutorial_dag.py
[2024-02-14T20:43:18.930+0000] {logging_mixin.py:188} INFO - [2024-02-14T20:43:18.929+0000] {dag.py:3036} INFO - Sync 1 DAGs
[2024-02-14T20:43:18.986+0000] {logging_mixin.py:188} INFO - [2024-02-14T20:43:18.985+0000] {dag.py:3823} INFO - Setting next_dagrun for tutorial_dag to None, run_after=None
[2024-02-14T20:43:19.043+0000] {processor.py:183} INFO - Processing /home/airflow/.local/lib/python3.8/site-packages/airflow/example_dags/tutorial_dag.py took 0.255 seconds
[2024-02-14T20:43:49.180+0000] {processor.py:161} INFO - Started process (PID=2982) to work on /home/airflow/.local/lib/python3.8/site-packages/airflow/example_dags/tutorial_dag.py
[2024-02-14T20:43:49.184+0000] {processor.py:830} INFO - Processing file /home/airflow/.local/lib/python3.8/site-packages/airflow/example_dags/tutorial_dag.py for tasks to queue
[2024-02-14T20:43:49.189+0000] {logging_mixin.py:188} INFO - [2024-02-14T20:43:49.187+0000] {dagbag.py:538} INFO - Filling up the DagBag from /home/airflow/.local/lib/python3.8/site-packages/airflow/example_dags/tutorial_dag.py
[2024-02-14T20:43:49.216+0000] {processor.py:840} INFO - DAG(s) 'tutorial_dag' retrieved from /home/airflow/.local/lib/python3.8/site-packages/airflow/example_dags/tutorial_dag.py
[2024-02-14T20:43:49.300+0000] {logging_mixin.py:188} INFO - [2024-02-14T20:43:49.299+0000] {dag.py:3036} INFO - Sync 1 DAGs
[2024-02-14T20:43:49.356+0000] {logging_mixin.py:188} INFO - [2024-02-14T20:43:49.356+0000] {dag.py:3823} INFO - Setting next_dagrun for tutorial_dag to None, run_after=None
[2024-02-14T20:43:49.433+0000] {processor.py:183} INFO - Processing /home/airflow/.local/lib/python3.8/site-packages/airflow/example_dags/tutorial_dag.py took 0.268 seconds
[2024-02-14T20:44:19.946+0000] {processor.py:161} INFO - Started process (PID=3233) to work on /home/airflow/.local/lib/python3.8/site-packages/airflow/example_dags/tutorial_dag.py
[2024-02-14T20:44:19.950+0000] {processor.py:830} INFO - Processing file /home/airflow/.local/lib/python3.8/site-packages/airflow/example_dags/tutorial_dag.py for tasks to queue
[2024-02-14T20:44:19.956+0000] {logging_mixin.py:188} INFO - [2024-02-14T20:44:19.954+0000] {dagbag.py:538} INFO - Filling up the DagBag from /home/airflow/.local/lib/python3.8/site-packages/airflow/example_dags/tutorial_dag.py
[2024-02-14T20:44:19.979+0000] {processor.py:840} INFO - DAG(s) 'tutorial_dag' retrieved from /home/airflow/.local/lib/python3.8/site-packages/airflow/example_dags/tutorial_dag.py
[2024-02-14T20:44:20.091+0000] {logging_mixin.py:188} INFO - [2024-02-14T20:44:20.090+0000] {dag.py:3036} INFO - Sync 1 DAGs
[2024-02-14T20:44:20.149+0000] {logging_mixin.py:188} INFO - [2024-02-14T20:44:20.148+0000] {dag.py:3823} INFO - Setting next_dagrun for tutorial_dag to None, run_after=None
[2024-02-14T20:44:20.236+0000] {processor.py:183} INFO - Processing /home/airflow/.local/lib/python3.8/site-packages/airflow/example_dags/tutorial_dag.py took 0.304 seconds
[2024-02-14T20:44:50.974+0000] {processor.py:161} INFO - Started process (PID=3480) to work on /home/airflow/.local/lib/python3.8/site-packages/airflow/example_dags/tutorial_dag.py
[2024-02-14T20:44:50.978+0000] {processor.py:830} INFO - Processing file /home/airflow/.local/lib/python3.8/site-packages/airflow/example_dags/tutorial_dag.py for tasks to queue
[2024-02-14T20:44:50.981+0000] {logging_mixin.py:188} INFO - [2024-02-14T20:44:50.980+0000] {dagbag.py:538} INFO - Filling up the DagBag from /home/airflow/.local/lib/python3.8/site-packages/airflow/example_dags/tutorial_dag.py
[2024-02-14T20:44:50.993+0000] {processor.py:840} INFO - DAG(s) 'tutorial_dag' retrieved from /home/airflow/.local/lib/python3.8/site-packages/airflow/example_dags/tutorial_dag.py
[2024-02-14T20:44:51.036+0000] {logging_mixin.py:188} INFO - [2024-02-14T20:44:51.036+0000] {dag.py:3036} INFO - Sync 1 DAGs
[2024-02-14T20:44:51.061+0000] {logging_mixin.py:188} INFO - [2024-02-14T20:44:51.061+0000] {dag.py:3823} INFO - Setting next_dagrun for tutorial_dag to None, run_after=None
[2024-02-14T20:44:51.107+0000] {processor.py:183} INFO - Processing /home/airflow/.local/lib/python3.8/site-packages/airflow/example_dags/tutorial_dag.py took 0.141 seconds
[2024-02-14T20:45:21.554+0000] {processor.py:161} INFO - Started process (PID=3728) to work on /home/airflow/.local/lib/python3.8/site-packages/airflow/example_dags/tutorial_dag.py
[2024-02-14T20:45:21.556+0000] {processor.py:830} INFO - Processing file /home/airflow/.local/lib/python3.8/site-packages/airflow/example_dags/tutorial_dag.py for tasks to queue
[2024-02-14T20:45:21.558+0000] {logging_mixin.py:188} INFO - [2024-02-14T20:45:21.557+0000] {dagbag.py:538} INFO - Filling up the DagBag from /home/airflow/.local/lib/python3.8/site-packages/airflow/example_dags/tutorial_dag.py
[2024-02-14T20:45:21.569+0000] {processor.py:840} INFO - DAG(s) 'tutorial_dag' retrieved from /home/airflow/.local/lib/python3.8/site-packages/airflow/example_dags/tutorial_dag.py
[2024-02-14T20:45:21.598+0000] {logging_mixin.py:188} INFO - [2024-02-14T20:45:21.598+0000] {dag.py:3036} INFO - Sync 1 DAGs
[2024-02-14T20:45:21.617+0000] {logging_mixin.py:188} INFO - [2024-02-14T20:45:21.617+0000] {dag.py:3823} INFO - Setting next_dagrun for tutorial_dag to None, run_after=None
[2024-02-14T20:45:21.646+0000] {processor.py:183} INFO - Processing /home/airflow/.local/lib/python3.8/site-packages/airflow/example_dags/tutorial_dag.py took 0.100 seconds
[2024-02-14T20:45:52.138+0000] {processor.py:161} INFO - Started process (PID=3975) to work on /home/airflow/.local/lib/python3.8/site-packages/airflow/example_dags/tutorial_dag.py
[2024-02-14T20:45:52.143+0000] {processor.py:830} INFO - Processing file /home/airflow/.local/lib/python3.8/site-packages/airflow/example_dags/tutorial_dag.py for tasks to queue
[2024-02-14T20:45:52.146+0000] {logging_mixin.py:188} INFO - [2024-02-14T20:45:52.145+0000] {dagbag.py:538} INFO - Filling up the DagBag from /home/airflow/.local/lib/python3.8/site-packages/airflow/example_dags/tutorial_dag.py
[2024-02-14T20:45:52.161+0000] {processor.py:840} INFO - DAG(s) 'tutorial_dag' retrieved from /home/airflow/.local/lib/python3.8/site-packages/airflow/example_dags/tutorial_dag.py
[2024-02-14T20:45:52.198+0000] {logging_mixin.py:188} INFO - [2024-02-14T20:45:52.197+0000] {dag.py:3036} INFO - Sync 1 DAGs
[2024-02-14T20:45:52.230+0000] {logging_mixin.py:188} INFO - [2024-02-14T20:45:52.229+0000] {dag.py:3823} INFO - Setting next_dagrun for tutorial_dag to None, run_after=None
[2024-02-14T20:45:52.286+0000] {processor.py:183} INFO - Processing /home/airflow/.local/lib/python3.8/site-packages/airflow/example_dags/tutorial_dag.py took 0.155 seconds
[2024-02-14T20:46:23.072+0000] {processor.py:161} INFO - Started process (PID=4222) to work on /home/airflow/.local/lib/python3.8/site-packages/airflow/example_dags/tutorial_dag.py
[2024-02-14T20:46:23.074+0000] {processor.py:830} INFO - Processing file /home/airflow/.local/lib/python3.8/site-packages/airflow/example_dags/tutorial_dag.py for tasks to queue
[2024-02-14T20:46:23.076+0000] {logging_mixin.py:188} INFO - [2024-02-14T20:46:23.075+0000] {dagbag.py:538} INFO - Filling up the DagBag from /home/airflow/.local/lib/python3.8/site-packages/airflow/example_dags/tutorial_dag.py
[2024-02-14T20:46:23.084+0000] {processor.py:840} INFO - DAG(s) 'tutorial_dag' retrieved from /home/airflow/.local/lib/python3.8/site-packages/airflow/example_dags/tutorial_dag.py
[2024-02-14T20:46:23.114+0000] {logging_mixin.py:188} INFO - [2024-02-14T20:46:23.113+0000] {dag.py:3036} INFO - Sync 1 DAGs
[2024-02-14T20:46:23.132+0000] {logging_mixin.py:188} INFO - [2024-02-14T20:46:23.132+0000] {dag.py:3823} INFO - Setting next_dagrun for tutorial_dag to None, run_after=None
[2024-02-14T20:46:23.161+0000] {processor.py:183} INFO - Processing /home/airflow/.local/lib/python3.8/site-packages/airflow/example_dags/tutorial_dag.py took 0.093 seconds
[2024-02-14T20:46:53.362+0000] {processor.py:161} INFO - Started process (PID=4465) to work on /home/airflow/.local/lib/python3.8/site-packages/airflow/example_dags/tutorial_dag.py
[2024-02-14T20:46:53.366+0000] {processor.py:830} INFO - Processing file /home/airflow/.local/lib/python3.8/site-packages/airflow/example_dags/tutorial_dag.py for tasks to queue
[2024-02-14T20:46:53.371+0000] {logging_mixin.py:188} INFO - [2024-02-14T20:46:53.369+0000] {dagbag.py:538} INFO - Filling up the DagBag from /home/airflow/.local/lib/python3.8/site-packages/airflow/example_dags/tutorial_dag.py
[2024-02-14T20:46:53.392+0000] {processor.py:840} INFO - DAG(s) 'tutorial_dag' retrieved from /home/airflow/.local/lib/python3.8/site-packages/airflow/example_dags/tutorial_dag.py
[2024-02-14T20:46:53.471+0000] {logging_mixin.py:188} INFO - [2024-02-14T20:46:53.470+0000] {dag.py:3036} INFO - Sync 1 DAGs
[2024-02-14T20:46:53.528+0000] {logging_mixin.py:188} INFO - [2024-02-14T20:46:53.527+0000] {dag.py:3823} INFO - Setting next_dagrun for tutorial_dag to None, run_after=None
[2024-02-14T20:46:53.625+0000] {processor.py:183} INFO - Processing /home/airflow/.local/lib/python3.8/site-packages/airflow/example_dags/tutorial_dag.py took 0.277 seconds
[2024-02-14T20:47:24.610+0000] {processor.py:161} INFO - Started process (PID=4717) to work on /home/airflow/.local/lib/python3.8/site-packages/airflow/example_dags/tutorial_dag.py
[2024-02-14T20:47:24.612+0000] {processor.py:830} INFO - Processing file /home/airflow/.local/lib/python3.8/site-packages/airflow/example_dags/tutorial_dag.py for tasks to queue
[2024-02-14T20:47:24.614+0000] {logging_mixin.py:188} INFO - [2024-02-14T20:47:24.613+0000] {dagbag.py:538} INFO - Filling up the DagBag from /home/airflow/.local/lib/python3.8/site-packages/airflow/example_dags/tutorial_dag.py
[2024-02-14T20:47:24.623+0000] {processor.py:840} INFO - DAG(s) 'tutorial_dag' retrieved from /home/airflow/.local/lib/python3.8/site-packages/airflow/example_dags/tutorial_dag.py
[2024-02-14T20:47:24.659+0000] {logging_mixin.py:188} INFO - [2024-02-14T20:47:24.658+0000] {dag.py:3036} INFO - Sync 1 DAGs
[2024-02-14T20:47:24.682+0000] {logging_mixin.py:188} INFO - [2024-02-14T20:47:24.682+0000] {dag.py:3823} INFO - Setting next_dagrun for tutorial_dag to None, run_after=None
[2024-02-14T20:47:24.720+0000] {processor.py:183} INFO - Processing /home/airflow/.local/lib/python3.8/site-packages/airflow/example_dags/tutorial_dag.py took 0.116 seconds
[2024-02-14T20:47:55.899+0000] {processor.py:161} INFO - Started process (PID=4964) to work on /home/airflow/.local/lib/python3.8/site-packages/airflow/example_dags/tutorial_dag.py
[2024-02-14T20:47:55.901+0000] {processor.py:830} INFO - Processing file /home/airflow/.local/lib/python3.8/site-packages/airflow/example_dags/tutorial_dag.py for tasks to queue
[2024-02-14T20:47:55.903+0000] {logging_mixin.py:188} INFO - [2024-02-14T20:47:55.902+0000] {dagbag.py:538} INFO - Filling up the DagBag from /home/airflow/.local/lib/python3.8/site-packages/airflow/example_dags/tutorial_dag.py
[2024-02-14T20:47:55.914+0000] {processor.py:840} INFO - DAG(s) 'tutorial_dag' retrieved from /home/airflow/.local/lib/python3.8/site-packages/airflow/example_dags/tutorial_dag.py
[2024-02-14T20:47:55.951+0000] {logging_mixin.py:188} INFO - [2024-02-14T20:47:55.951+0000] {dag.py:3036} INFO - Sync 1 DAGs
[2024-02-14T20:47:55.974+0000] {logging_mixin.py:188} INFO - [2024-02-14T20:47:55.974+0000] {dag.py:3823} INFO - Setting next_dagrun for tutorial_dag to None, run_after=None
[2024-02-14T20:47:56.022+0000] {processor.py:183} INFO - Processing /home/airflow/.local/lib/python3.8/site-packages/airflow/example_dags/tutorial_dag.py took 0.130 seconds
[2024-02-14T20:48:26.156+0000] {processor.py:161} INFO - Started process (PID=5206) to work on /home/airflow/.local/lib/python3.8/site-packages/airflow/example_dags/tutorial_dag.py
[2024-02-14T20:48:26.160+0000] {processor.py:830} INFO - Processing file /home/airflow/.local/lib/python3.8/site-packages/airflow/example_dags/tutorial_dag.py for tasks to queue
[2024-02-14T20:48:26.164+0000] {logging_mixin.py:188} INFO - [2024-02-14T20:48:26.163+0000] {dagbag.py:538} INFO - Filling up the DagBag from /home/airflow/.local/lib/python3.8/site-packages/airflow/example_dags/tutorial_dag.py
[2024-02-14T20:48:26.186+0000] {processor.py:840} INFO - DAG(s) 'tutorial_dag' retrieved from /home/airflow/.local/lib/python3.8/site-packages/airflow/example_dags/tutorial_dag.py
[2024-02-14T20:48:26.264+0000] {logging_mixin.py:188} INFO - [2024-02-14T20:48:26.263+0000] {dag.py:3036} INFO - Sync 1 DAGs
[2024-02-14T20:48:26.290+0000] {logging_mixin.py:188} INFO - [2024-02-14T20:48:26.290+0000] {dag.py:3823} INFO - Setting next_dagrun for tutorial_dag to None, run_after=None
[2024-02-14T20:48:26.334+0000] {processor.py:183} INFO - Processing /home/airflow/.local/lib/python3.8/site-packages/airflow/example_dags/tutorial_dag.py took 0.193 seconds
[2024-02-14T20:48:57.062+0000] {processor.py:161} INFO - Started process (PID=5453) to work on /home/airflow/.local/lib/python3.8/site-packages/airflow/example_dags/tutorial_dag.py
[2024-02-14T20:48:57.065+0000] {processor.py:830} INFO - Processing file /home/airflow/.local/lib/python3.8/site-packages/airflow/example_dags/tutorial_dag.py for tasks to queue
[2024-02-14T20:48:57.068+0000] {logging_mixin.py:188} INFO - [2024-02-14T20:48:57.067+0000] {dagbag.py:538} INFO - Filling up the DagBag from /home/airflow/.local/lib/python3.8/site-packages/airflow/example_dags/tutorial_dag.py
[2024-02-14T20:48:57.079+0000] {processor.py:840} INFO - DAG(s) 'tutorial_dag' retrieved from /home/airflow/.local/lib/python3.8/site-packages/airflow/example_dags/tutorial_dag.py
[2024-02-14T20:48:57.122+0000] {logging_mixin.py:188} INFO - [2024-02-14T20:48:57.121+0000] {dag.py:3036} INFO - Sync 1 DAGs
[2024-02-14T20:48:57.145+0000] {logging_mixin.py:188} INFO - [2024-02-14T20:48:57.144+0000] {dag.py:3823} INFO - Setting next_dagrun for tutorial_dag to None, run_after=None
[2024-02-14T20:48:57.178+0000] {processor.py:183} INFO - Processing /home/airflow/.local/lib/python3.8/site-packages/airflow/example_dags/tutorial_dag.py took 0.124 seconds
[2024-02-14T20:49:27.591+0000] {processor.py:161} INFO - Started process (PID=5701) to work on /home/airflow/.local/lib/python3.8/site-packages/airflow/example_dags/tutorial_dag.py
[2024-02-14T20:49:27.596+0000] {processor.py:830} INFO - Processing file /home/airflow/.local/lib/python3.8/site-packages/airflow/example_dags/tutorial_dag.py for tasks to queue
[2024-02-14T20:49:27.601+0000] {logging_mixin.py:188} INFO - [2024-02-14T20:49:27.599+0000] {dagbag.py:538} INFO - Filling up the DagBag from /home/airflow/.local/lib/python3.8/site-packages/airflow/example_dags/tutorial_dag.py
[2024-02-14T20:49:27.625+0000] {processor.py:840} INFO - DAG(s) 'tutorial_dag' retrieved from /home/airflow/.local/lib/python3.8/site-packages/airflow/example_dags/tutorial_dag.py
[2024-02-14T20:49:27.697+0000] {logging_mixin.py:188} INFO - [2024-02-14T20:49:27.696+0000] {dag.py:3036} INFO - Sync 1 DAGs
[2024-02-14T20:49:27.718+0000] {logging_mixin.py:188} INFO - [2024-02-14T20:49:27.718+0000] {dag.py:3823} INFO - Setting next_dagrun for tutorial_dag to None, run_after=None
[2024-02-14T20:49:27.754+0000] {processor.py:183} INFO - Processing /home/airflow/.local/lib/python3.8/site-packages/airflow/example_dags/tutorial_dag.py took 0.182 seconds
[2024-02-14T20:49:58.001+0000] {processor.py:161} INFO - Started process (PID=5949) to work on /home/airflow/.local/lib/python3.8/site-packages/airflow/example_dags/tutorial_dag.py
[2024-02-14T20:49:58.003+0000] {processor.py:830} INFO - Processing file /home/airflow/.local/lib/python3.8/site-packages/airflow/example_dags/tutorial_dag.py for tasks to queue
[2024-02-14T20:49:58.005+0000] {logging_mixin.py:188} INFO - [2024-02-14T20:49:58.004+0000] {dagbag.py:538} INFO - Filling up the DagBag from /home/airflow/.local/lib/python3.8/site-packages/airflow/example_dags/tutorial_dag.py
[2024-02-14T20:49:58.013+0000] {processor.py:840} INFO - DAG(s) 'tutorial_dag' retrieved from /home/airflow/.local/lib/python3.8/site-packages/airflow/example_dags/tutorial_dag.py
[2024-02-14T20:49:58.057+0000] {logging_mixin.py:188} INFO - [2024-02-14T20:49:58.057+0000] {dag.py:3036} INFO - Sync 1 DAGs
[2024-02-14T20:49:58.081+0000] {logging_mixin.py:188} INFO - [2024-02-14T20:49:58.081+0000] {dag.py:3823} INFO - Setting next_dagrun for tutorial_dag to None, run_after=None
[2024-02-14T20:49:58.129+0000] {processor.py:183} INFO - Processing /home/airflow/.local/lib/python3.8/site-packages/airflow/example_dags/tutorial_dag.py took 0.132 seconds
[2024-02-14T20:50:28.326+0000] {processor.py:161} INFO - Started process (PID=6196) to work on /home/airflow/.local/lib/python3.8/site-packages/airflow/example_dags/tutorial_dag.py
[2024-02-14T20:50:28.328+0000] {processor.py:830} INFO - Processing file /home/airflow/.local/lib/python3.8/site-packages/airflow/example_dags/tutorial_dag.py for tasks to queue
[2024-02-14T20:50:28.329+0000] {logging_mixin.py:188} INFO - [2024-02-14T20:50:28.329+0000] {dagbag.py:538} INFO - Filling up the DagBag from /home/airflow/.local/lib/python3.8/site-packages/airflow/example_dags/tutorial_dag.py
[2024-02-14T20:50:28.337+0000] {processor.py:840} INFO - DAG(s) 'tutorial_dag' retrieved from /home/airflow/.local/lib/python3.8/site-packages/airflow/example_dags/tutorial_dag.py
[2024-02-14T20:50:28.372+0000] {logging_mixin.py:188} INFO - [2024-02-14T20:50:28.372+0000] {dag.py:3036} INFO - Sync 1 DAGs
[2024-02-14T20:50:28.390+0000] {logging_mixin.py:188} INFO - [2024-02-14T20:50:28.390+0000] {dag.py:3823} INFO - Setting next_dagrun for tutorial_dag to None, run_after=None
[2024-02-14T20:50:28.426+0000] {processor.py:183} INFO - Processing /home/airflow/.local/lib/python3.8/site-packages/airflow/example_dags/tutorial_dag.py took 0.105 seconds
[2024-02-14T20:50:58.651+0000] {processor.py:161} INFO - Started process (PID=6444) to work on /home/airflow/.local/lib/python3.8/site-packages/airflow/example_dags/tutorial_dag.py
[2024-02-14T20:50:58.655+0000] {processor.py:830} INFO - Processing file /home/airflow/.local/lib/python3.8/site-packages/airflow/example_dags/tutorial_dag.py for tasks to queue
[2024-02-14T20:50:58.658+0000] {logging_mixin.py:188} INFO - [2024-02-14T20:50:58.658+0000] {dagbag.py:538} INFO - Filling up the DagBag from /home/airflow/.local/lib/python3.8/site-packages/airflow/example_dags/tutorial_dag.py
[2024-02-14T20:50:58.675+0000] {processor.py:840} INFO - DAG(s) 'tutorial_dag' retrieved from /home/airflow/.local/lib/python3.8/site-packages/airflow/example_dags/tutorial_dag.py
[2024-02-14T20:50:58.728+0000] {logging_mixin.py:188} INFO - [2024-02-14T20:50:58.727+0000] {dag.py:3036} INFO - Sync 1 DAGs
[2024-02-14T20:50:58.772+0000] {logging_mixin.py:188} INFO - [2024-02-14T20:50:58.771+0000] {dag.py:3823} INFO - Setting next_dagrun for tutorial_dag to None, run_after=None
[2024-02-14T20:50:58.809+0000] {processor.py:183} INFO - Processing /home/airflow/.local/lib/python3.8/site-packages/airflow/example_dags/tutorial_dag.py took 0.168 seconds
[2024-02-14T20:51:28.938+0000] {processor.py:161} INFO - Started process (PID=6689) to work on /home/airflow/.local/lib/python3.8/site-packages/airflow/example_dags/tutorial_dag.py
[2024-02-14T20:51:28.942+0000] {processor.py:830} INFO - Processing file /home/airflow/.local/lib/python3.8/site-packages/airflow/example_dags/tutorial_dag.py for tasks to queue
[2024-02-14T20:51:28.946+0000] {logging_mixin.py:188} INFO - [2024-02-14T20:51:28.945+0000] {dagbag.py:538} INFO - Filling up the DagBag from /home/airflow/.local/lib/python3.8/site-packages/airflow/example_dags/tutorial_dag.py
[2024-02-14T20:51:28.967+0000] {processor.py:840} INFO - DAG(s) 'tutorial_dag' retrieved from /home/airflow/.local/lib/python3.8/site-packages/airflow/example_dags/tutorial_dag.py
[2024-02-14T20:51:29.023+0000] {logging_mixin.py:188} INFO - [2024-02-14T20:51:29.022+0000] {dag.py:3036} INFO - Sync 1 DAGs
[2024-02-14T20:51:29.047+0000] {logging_mixin.py:188} INFO - [2024-02-14T20:51:29.046+0000] {dag.py:3823} INFO - Setting next_dagrun for tutorial_dag to None, run_after=None
[2024-02-14T20:51:29.095+0000] {processor.py:183} INFO - Processing /home/airflow/.local/lib/python3.8/site-packages/airflow/example_dags/tutorial_dag.py took 0.171 seconds
[2024-02-14T20:51:59.633+0000] {processor.py:161} INFO - Started process (PID=6939) to work on /home/airflow/.local/lib/python3.8/site-packages/airflow/example_dags/tutorial_dag.py
[2024-02-14T20:51:59.637+0000] {processor.py:830} INFO - Processing file /home/airflow/.local/lib/python3.8/site-packages/airflow/example_dags/tutorial_dag.py for tasks to queue
[2024-02-14T20:51:59.642+0000] {logging_mixin.py:188} INFO - [2024-02-14T20:51:59.640+0000] {dagbag.py:538} INFO - Filling up the DagBag from /home/airflow/.local/lib/python3.8/site-packages/airflow/example_dags/tutorial_dag.py
[2024-02-14T20:51:59.664+0000] {processor.py:840} INFO - DAG(s) 'tutorial_dag' retrieved from /home/airflow/.local/lib/python3.8/site-packages/airflow/example_dags/tutorial_dag.py
[2024-02-14T20:51:59.746+0000] {logging_mixin.py:188} INFO - [2024-02-14T20:51:59.745+0000] {dag.py:3036} INFO - Sync 1 DAGs
[2024-02-14T20:51:59.796+0000] {logging_mixin.py:188} INFO - [2024-02-14T20:51:59.795+0000] {dag.py:3823} INFO - Setting next_dagrun for tutorial_dag to None, run_after=None
[2024-02-14T20:51:59.897+0000] {processor.py:183} INFO - Processing /home/airflow/.local/lib/python3.8/site-packages/airflow/example_dags/tutorial_dag.py took 0.277 seconds
[2024-02-14T20:52:30.795+0000] {processor.py:161} INFO - Started process (PID=7186) to work on /home/airflow/.local/lib/python3.8/site-packages/airflow/example_dags/tutorial_dag.py
[2024-02-14T20:52:30.803+0000] {processor.py:830} INFO - Processing file /home/airflow/.local/lib/python3.8/site-packages/airflow/example_dags/tutorial_dag.py for tasks to queue
[2024-02-14T20:52:30.815+0000] {logging_mixin.py:188} INFO - [2024-02-14T20:52:30.813+0000] {dagbag.py:538} INFO - Filling up the DagBag from /home/airflow/.local/lib/python3.8/site-packages/airflow/example_dags/tutorial_dag.py
[2024-02-14T20:52:30.831+0000] {processor.py:840} INFO - DAG(s) 'tutorial_dag' retrieved from /home/airflow/.local/lib/python3.8/site-packages/airflow/example_dags/tutorial_dag.py
[2024-02-14T20:52:30.953+0000] {logging_mixin.py:188} INFO - [2024-02-14T20:52:30.952+0000] {dag.py:3036} INFO - Sync 1 DAGs
[2024-02-14T20:52:30.994+0000] {logging_mixin.py:188} INFO - [2024-02-14T20:52:30.993+0000] {dag.py:3823} INFO - Setting next_dagrun for tutorial_dag to None, run_after=None
[2024-02-14T20:52:31.061+0000] {processor.py:183} INFO - Processing /home/airflow/.local/lib/python3.8/site-packages/airflow/example_dags/tutorial_dag.py took 0.272 seconds
[2024-02-14T20:53:01.676+0000] {processor.py:161} INFO - Started process (PID=7433) to work on /home/airflow/.local/lib/python3.8/site-packages/airflow/example_dags/tutorial_dag.py
[2024-02-14T20:53:01.680+0000] {processor.py:830} INFO - Processing file /home/airflow/.local/lib/python3.8/site-packages/airflow/example_dags/tutorial_dag.py for tasks to queue
[2024-02-14T20:53:01.685+0000] {logging_mixin.py:188} INFO - [2024-02-14T20:53:01.684+0000] {dagbag.py:538} INFO - Filling up the DagBag from /home/airflow/.local/lib/python3.8/site-packages/airflow/example_dags/tutorial_dag.py
[2024-02-14T20:53:01.713+0000] {processor.py:840} INFO - DAG(s) 'tutorial_dag' retrieved from /home/airflow/.local/lib/python3.8/site-packages/airflow/example_dags/tutorial_dag.py
[2024-02-14T20:53:01.819+0000] {logging_mixin.py:188} INFO - [2024-02-14T20:53:01.819+0000] {dag.py:3036} INFO - Sync 1 DAGs
[2024-02-14T20:53:01.871+0000] {logging_mixin.py:188} INFO - [2024-02-14T20:53:01.870+0000] {dag.py:3823} INFO - Setting next_dagrun for tutorial_dag to None, run_after=None
[2024-02-14T20:53:01.969+0000] {processor.py:183} INFO - Processing /home/airflow/.local/lib/python3.8/site-packages/airflow/example_dags/tutorial_dag.py took 0.309 seconds
[2024-02-14T20:53:32.449+0000] {processor.py:161} INFO - Started process (PID=7680) to work on /home/airflow/.local/lib/python3.8/site-packages/airflow/example_dags/tutorial_dag.py
[2024-02-14T20:53:32.453+0000] {processor.py:830} INFO - Processing file /home/airflow/.local/lib/python3.8/site-packages/airflow/example_dags/tutorial_dag.py for tasks to queue
[2024-02-14T20:53:32.457+0000] {logging_mixin.py:188} INFO - [2024-02-14T20:53:32.456+0000] {dagbag.py:538} INFO - Filling up the DagBag from /home/airflow/.local/lib/python3.8/site-packages/airflow/example_dags/tutorial_dag.py
[2024-02-14T20:53:32.482+0000] {processor.py:840} INFO - DAG(s) 'tutorial_dag' retrieved from /home/airflow/.local/lib/python3.8/site-packages/airflow/example_dags/tutorial_dag.py
[2024-02-14T20:53:32.582+0000] {logging_mixin.py:188} INFO - [2024-02-14T20:53:32.582+0000] {dag.py:3036} INFO - Sync 1 DAGs
[2024-02-14T20:53:32.612+0000] {logging_mixin.py:188} INFO - [2024-02-14T20:53:32.611+0000] {dag.py:3823} INFO - Setting next_dagrun for tutorial_dag to None, run_after=None
[2024-02-14T20:53:32.642+0000] {processor.py:183} INFO - Processing /home/airflow/.local/lib/python3.8/site-packages/airflow/example_dags/tutorial_dag.py took 0.207 seconds
[2024-02-14T20:54:02.793+0000] {processor.py:161} INFO - Started process (PID=7927) to work on /home/airflow/.local/lib/python3.8/site-packages/airflow/example_dags/tutorial_dag.py
[2024-02-14T20:54:02.795+0000] {processor.py:830} INFO - Processing file /home/airflow/.local/lib/python3.8/site-packages/airflow/example_dags/tutorial_dag.py for tasks to queue
[2024-02-14T20:54:02.798+0000] {logging_mixin.py:188} INFO - [2024-02-14T20:54:02.797+0000] {dagbag.py:538} INFO - Filling up the DagBag from /home/airflow/.local/lib/python3.8/site-packages/airflow/example_dags/tutorial_dag.py
[2024-02-14T20:54:02.812+0000] {processor.py:840} INFO - DAG(s) 'tutorial_dag' retrieved from /home/airflow/.local/lib/python3.8/site-packages/airflow/example_dags/tutorial_dag.py
[2024-02-14T20:54:02.874+0000] {logging_mixin.py:188} INFO - [2024-02-14T20:54:02.874+0000] {dag.py:3036} INFO - Sync 1 DAGs
[2024-02-14T20:54:02.913+0000] {logging_mixin.py:188} INFO - [2024-02-14T20:54:02.913+0000] {dag.py:3823} INFO - Setting next_dagrun for tutorial_dag to None, run_after=None
[2024-02-14T20:54:02.981+0000] {processor.py:183} INFO - Processing /home/airflow/.local/lib/python3.8/site-packages/airflow/example_dags/tutorial_dag.py took 0.197 seconds
[2024-02-14T20:54:33.296+0000] {processor.py:161} INFO - Started process (PID=8176) to work on /home/airflow/.local/lib/python3.8/site-packages/airflow/example_dags/tutorial_dag.py
[2024-02-14T20:54:33.300+0000] {processor.py:830} INFO - Processing file /home/airflow/.local/lib/python3.8/site-packages/airflow/example_dags/tutorial_dag.py for tasks to queue
[2024-02-14T20:54:33.303+0000] {logging_mixin.py:188} INFO - [2024-02-14T20:54:33.302+0000] {dagbag.py:538} INFO - Filling up the DagBag from /home/airflow/.local/lib/python3.8/site-packages/airflow/example_dags/tutorial_dag.py
[2024-02-14T20:54:33.317+0000] {processor.py:840} INFO - DAG(s) 'tutorial_dag' retrieved from /home/airflow/.local/lib/python3.8/site-packages/airflow/example_dags/tutorial_dag.py
[2024-02-14T20:54:33.402+0000] {logging_mixin.py:188} INFO - [2024-02-14T20:54:33.402+0000] {dag.py:3036} INFO - Sync 1 DAGs
[2024-02-14T20:54:33.435+0000] {logging_mixin.py:188} INFO - [2024-02-14T20:54:33.434+0000] {dag.py:3823} INFO - Setting next_dagrun for tutorial_dag to None, run_after=None
[2024-02-14T20:54:33.483+0000] {processor.py:183} INFO - Processing /home/airflow/.local/lib/python3.8/site-packages/airflow/example_dags/tutorial_dag.py took 0.197 seconds
[2024-02-14T20:55:03.835+0000] {processor.py:161} INFO - Started process (PID=8423) to work on /home/airflow/.local/lib/python3.8/site-packages/airflow/example_dags/tutorial_dag.py
[2024-02-14T20:55:03.838+0000] {processor.py:830} INFO - Processing file /home/airflow/.local/lib/python3.8/site-packages/airflow/example_dags/tutorial_dag.py for tasks to queue
[2024-02-14T20:55:03.839+0000] {logging_mixin.py:188} INFO - [2024-02-14T20:55:03.839+0000] {dagbag.py:538} INFO - Filling up the DagBag from /home/airflow/.local/lib/python3.8/site-packages/airflow/example_dags/tutorial_dag.py
[2024-02-14T20:55:03.848+0000] {processor.py:840} INFO - DAG(s) 'tutorial_dag' retrieved from /home/airflow/.local/lib/python3.8/site-packages/airflow/example_dags/tutorial_dag.py
[2024-02-14T20:55:03.880+0000] {logging_mixin.py:188} INFO - [2024-02-14T20:55:03.880+0000] {dag.py:3036} INFO - Sync 1 DAGs
[2024-02-14T20:55:03.899+0000] {logging_mixin.py:188} INFO - [2024-02-14T20:55:03.899+0000] {dag.py:3823} INFO - Setting next_dagrun for tutorial_dag to None, run_after=None
[2024-02-14T20:55:03.927+0000] {processor.py:183} INFO - Processing /home/airflow/.local/lib/python3.8/site-packages/airflow/example_dags/tutorial_dag.py took 0.097 seconds
[2024-02-14T20:55:34.719+0000] {processor.py:161} INFO - Started process (PID=8670) to work on /home/airflow/.local/lib/python3.8/site-packages/airflow/example_dags/tutorial_dag.py
[2024-02-14T20:55:34.723+0000] {processor.py:830} INFO - Processing file /home/airflow/.local/lib/python3.8/site-packages/airflow/example_dags/tutorial_dag.py for tasks to queue
[2024-02-14T20:55:34.727+0000] {logging_mixin.py:188} INFO - [2024-02-14T20:55:34.726+0000] {dagbag.py:538} INFO - Filling up the DagBag from /home/airflow/.local/lib/python3.8/site-packages/airflow/example_dags/tutorial_dag.py
[2024-02-14T20:55:34.748+0000] {processor.py:840} INFO - DAG(s) 'tutorial_dag' retrieved from /home/airflow/.local/lib/python3.8/site-packages/airflow/example_dags/tutorial_dag.py
[2024-02-14T20:55:34.835+0000] {logging_mixin.py:188} INFO - [2024-02-14T20:55:34.834+0000] {dag.py:3036} INFO - Sync 1 DAGs
[2024-02-14T20:55:34.891+0000] {logging_mixin.py:188} INFO - [2024-02-14T20:55:34.890+0000] {dag.py:3823} INFO - Setting next_dagrun for tutorial_dag to None, run_after=None
[2024-02-14T20:55:34.968+0000] {processor.py:183} INFO - Processing /home/airflow/.local/lib/python3.8/site-packages/airflow/example_dags/tutorial_dag.py took 0.261 seconds
[2024-02-14T20:56:05.104+0000] {processor.py:161} INFO - Started process (PID=8915) to work on /home/airflow/.local/lib/python3.8/site-packages/airflow/example_dags/tutorial_dag.py
[2024-02-14T20:56:05.107+0000] {processor.py:830} INFO - Processing file /home/airflow/.local/lib/python3.8/site-packages/airflow/example_dags/tutorial_dag.py for tasks to queue
[2024-02-14T20:56:05.111+0000] {logging_mixin.py:188} INFO - [2024-02-14T20:56:05.110+0000] {dagbag.py:538} INFO - Filling up the DagBag from /home/airflow/.local/lib/python3.8/site-packages/airflow/example_dags/tutorial_dag.py
[2024-02-14T20:56:05.126+0000] {processor.py:840} INFO - DAG(s) 'tutorial_dag' retrieved from /home/airflow/.local/lib/python3.8/site-packages/airflow/example_dags/tutorial_dag.py
[2024-02-14T20:56:05.185+0000] {logging_mixin.py:188} INFO - [2024-02-14T20:56:05.185+0000] {dag.py:3036} INFO - Sync 1 DAGs
[2024-02-14T20:56:05.228+0000] {logging_mixin.py:188} INFO - [2024-02-14T20:56:05.227+0000] {dag.py:3823} INFO - Setting next_dagrun for tutorial_dag to None, run_after=None
[2024-02-14T20:56:05.303+0000] {processor.py:183} INFO - Processing /home/airflow/.local/lib/python3.8/site-packages/airflow/example_dags/tutorial_dag.py took 0.207 seconds
[2024-02-14T20:56:36.079+0000] {processor.py:161} INFO - Started process (PID=9161) to work on /home/airflow/.local/lib/python3.8/site-packages/airflow/example_dags/tutorial_dag.py
[2024-02-14T20:56:36.083+0000] {processor.py:830} INFO - Processing file /home/airflow/.local/lib/python3.8/site-packages/airflow/example_dags/tutorial_dag.py for tasks to queue
[2024-02-14T20:56:36.088+0000] {logging_mixin.py:188} INFO - [2024-02-14T20:56:36.087+0000] {dagbag.py:538} INFO - Filling up the DagBag from /home/airflow/.local/lib/python3.8/site-packages/airflow/example_dags/tutorial_dag.py
[2024-02-14T20:56:36.111+0000] {processor.py:840} INFO - DAG(s) 'tutorial_dag' retrieved from /home/airflow/.local/lib/python3.8/site-packages/airflow/example_dags/tutorial_dag.py
[2024-02-14T20:56:36.220+0000] {logging_mixin.py:188} INFO - [2024-02-14T20:56:36.219+0000] {dag.py:3036} INFO - Sync 1 DAGs
[2024-02-14T20:56:36.276+0000] {logging_mixin.py:188} INFO - [2024-02-14T20:56:36.276+0000] {dag.py:3823} INFO - Setting next_dagrun for tutorial_dag to None, run_after=None
[2024-02-14T20:56:36.376+0000] {processor.py:183} INFO - Processing /home/airflow/.local/lib/python3.8/site-packages/airflow/example_dags/tutorial_dag.py took 0.315 seconds
[2024-02-14T20:57:06.545+0000] {processor.py:161} INFO - Started process (PID=9409) to work on /home/airflow/.local/lib/python3.8/site-packages/airflow/example_dags/tutorial_dag.py
[2024-02-14T20:57:06.547+0000] {processor.py:830} INFO - Processing file /home/airflow/.local/lib/python3.8/site-packages/airflow/example_dags/tutorial_dag.py for tasks to queue
[2024-02-14T20:57:06.548+0000] {logging_mixin.py:188} INFO - [2024-02-14T20:57:06.548+0000] {dagbag.py:538} INFO - Filling up the DagBag from /home/airflow/.local/lib/python3.8/site-packages/airflow/example_dags/tutorial_dag.py
[2024-02-14T20:57:06.556+0000] {processor.py:840} INFO - DAG(s) 'tutorial_dag' retrieved from /home/airflow/.local/lib/python3.8/site-packages/airflow/example_dags/tutorial_dag.py
[2024-02-14T20:57:06.590+0000] {logging_mixin.py:188} INFO - [2024-02-14T20:57:06.590+0000] {dag.py:3036} INFO - Sync 1 DAGs
[2024-02-14T20:57:06.615+0000] {logging_mixin.py:188} INFO - [2024-02-14T20:57:06.615+0000] {dag.py:3823} INFO - Setting next_dagrun for tutorial_dag to None, run_after=None
[2024-02-14T20:57:06.669+0000] {processor.py:183} INFO - Processing /home/airflow/.local/lib/python3.8/site-packages/airflow/example_dags/tutorial_dag.py took 0.129 seconds
[2024-02-14T20:57:37.062+0000] {processor.py:161} INFO - Started process (PID=9655) to work on /home/airflow/.local/lib/python3.8/site-packages/airflow/example_dags/tutorial_dag.py
[2024-02-14T20:57:37.064+0000] {processor.py:830} INFO - Processing file /home/airflow/.local/lib/python3.8/site-packages/airflow/example_dags/tutorial_dag.py for tasks to queue
[2024-02-14T20:57:37.066+0000] {logging_mixin.py:188} INFO - [2024-02-14T20:57:37.066+0000] {dagbag.py:538} INFO - Filling up the DagBag from /home/airflow/.local/lib/python3.8/site-packages/airflow/example_dags/tutorial_dag.py
[2024-02-14T20:57:37.078+0000] {processor.py:840} INFO - DAG(s) 'tutorial_dag' retrieved from /home/airflow/.local/lib/python3.8/site-packages/airflow/example_dags/tutorial_dag.py
[2024-02-14T20:57:37.121+0000] {logging_mixin.py:188} INFO - [2024-02-14T20:57:37.120+0000] {dag.py:3036} INFO - Sync 1 DAGs
[2024-02-14T20:57:37.148+0000] {logging_mixin.py:188} INFO - [2024-02-14T20:57:37.148+0000] {dag.py:3823} INFO - Setting next_dagrun for tutorial_dag to None, run_after=None
[2024-02-14T20:57:37.186+0000] {processor.py:183} INFO - Processing /home/airflow/.local/lib/python3.8/site-packages/airflow/example_dags/tutorial_dag.py took 0.132 seconds
