[2024-02-14T20:38:09.246+0000] {processor.py:161} INFO - Started process (PID=256) to work on /home/airflow/.local/lib/python3.8/site-packages/airflow/example_dags/tutorial.py
[2024-02-14T20:38:09.249+0000] {processor.py:830} INFO - Processing file /home/airflow/.local/lib/python3.8/site-packages/airflow/example_dags/tutorial.py for tasks to queue
[2024-02-14T20:38:09.258+0000] {logging_mixin.py:188} INFO - [2024-02-14T20:38:09.255+0000] {dagbag.py:538} INFO - Filling up the DagBag from /home/airflow/.local/lib/python3.8/site-packages/airflow/example_dags/tutorial.py
[2024-02-14T20:38:09.303+0000] {processor.py:840} INFO - DAG(s) 'tutorial' retrieved from /home/airflow/.local/lib/python3.8/site-packages/airflow/example_dags/tutorial.py
[2024-02-14T20:38:10.330+0000] {logging_mixin.py:188} INFO - [2024-02-14T20:38:10.329+0000] {dag.py:3036} INFO - Sync 1 DAGs
[2024-02-14T20:38:10.450+0000] {logging_mixin.py:188} INFO - [2024-02-14T20:38:10.449+0000] {dag.py:3823} INFO - Setting next_dagrun for tutorial to 2024-02-13 00:00:00+00:00, run_after=2024-02-14 00:00:00+00:00
[2024-02-14T20:38:10.615+0000] {processor.py:183} INFO - Processing /home/airflow/.local/lib/python3.8/site-packages/airflow/example_dags/tutorial.py took 1.386 seconds
[2024-02-14T20:38:41.415+0000] {processor.py:161} INFO - Started process (PID=511) to work on /home/airflow/.local/lib/python3.8/site-packages/airflow/example_dags/tutorial.py
[2024-02-14T20:38:41.420+0000] {processor.py:830} INFO - Processing file /home/airflow/.local/lib/python3.8/site-packages/airflow/example_dags/tutorial.py for tasks to queue
[2024-02-14T20:38:41.424+0000] {logging_mixin.py:188} INFO - [2024-02-14T20:38:41.423+0000] {dagbag.py:538} INFO - Filling up the DagBag from /home/airflow/.local/lib/python3.8/site-packages/airflow/example_dags/tutorial.py
[2024-02-14T20:38:41.448+0000] {processor.py:840} INFO - DAG(s) 'tutorial' retrieved from /home/airflow/.local/lib/python3.8/site-packages/airflow/example_dags/tutorial.py
[2024-02-14T20:38:41.504+0000] {logging_mixin.py:188} INFO - [2024-02-14T20:38:41.503+0000] {dag.py:3036} INFO - Sync 1 DAGs
[2024-02-14T20:38:41.626+0000] {logging_mixin.py:188} INFO - [2024-02-14T20:38:41.625+0000] {dag.py:3823} INFO - Setting next_dagrun for tutorial to 2024-02-13 00:00:00+00:00, run_after=2024-02-14 00:00:00+00:00
[2024-02-14T20:38:41.713+0000] {processor.py:183} INFO - Processing /home/airflow/.local/lib/python3.8/site-packages/airflow/example_dags/tutorial.py took 0.314 seconds
[2024-02-14T20:39:11.902+0000] {processor.py:161} INFO - Started process (PID=758) to work on /home/airflow/.local/lib/python3.8/site-packages/airflow/example_dags/tutorial.py
[2024-02-14T20:39:11.906+0000] {processor.py:830} INFO - Processing file /home/airflow/.local/lib/python3.8/site-packages/airflow/example_dags/tutorial.py for tasks to queue
[2024-02-14T20:39:11.910+0000] {logging_mixin.py:188} INFO - [2024-02-14T20:39:11.909+0000] {dagbag.py:538} INFO - Filling up the DagBag from /home/airflow/.local/lib/python3.8/site-packages/airflow/example_dags/tutorial.py
[2024-02-14T20:39:11.941+0000] {processor.py:840} INFO - DAG(s) 'tutorial' retrieved from /home/airflow/.local/lib/python3.8/site-packages/airflow/example_dags/tutorial.py
[2024-02-14T20:39:12.013+0000] {logging_mixin.py:188} INFO - [2024-02-14T20:39:12.013+0000] {dag.py:3036} INFO - Sync 1 DAGs
[2024-02-14T20:39:12.101+0000] {logging_mixin.py:188} INFO - [2024-02-14T20:39:12.101+0000] {dag.py:3823} INFO - Setting next_dagrun for tutorial to 2024-02-13 00:00:00+00:00, run_after=2024-02-14 00:00:00+00:00
[2024-02-14T20:39:12.166+0000] {processor.py:183} INFO - Processing /home/airflow/.local/lib/python3.8/site-packages/airflow/example_dags/tutorial.py took 0.277 seconds
[2024-02-14T20:39:42.713+0000] {processor.py:161} INFO - Started process (PID=1005) to work on /home/airflow/.local/lib/python3.8/site-packages/airflow/example_dags/tutorial.py
[2024-02-14T20:39:42.715+0000] {processor.py:830} INFO - Processing file /home/airflow/.local/lib/python3.8/site-packages/airflow/example_dags/tutorial.py for tasks to queue
[2024-02-14T20:39:42.718+0000] {logging_mixin.py:188} INFO - [2024-02-14T20:39:42.717+0000] {dagbag.py:538} INFO - Filling up the DagBag from /home/airflow/.local/lib/python3.8/site-packages/airflow/example_dags/tutorial.py
[2024-02-14T20:39:42.730+0000] {processor.py:840} INFO - DAG(s) 'tutorial' retrieved from /home/airflow/.local/lib/python3.8/site-packages/airflow/example_dags/tutorial.py
[2024-02-14T20:39:42.773+0000] {logging_mixin.py:188} INFO - [2024-02-14T20:39:42.773+0000] {dag.py:3036} INFO - Sync 1 DAGs
[2024-02-14T20:39:42.824+0000] {logging_mixin.py:188} INFO - [2024-02-14T20:39:42.823+0000] {dag.py:3823} INFO - Setting next_dagrun for tutorial to 2024-02-13 00:00:00+00:00, run_after=2024-02-14 00:00:00+00:00
[2024-02-14T20:39:42.868+0000] {processor.py:183} INFO - Processing /home/airflow/.local/lib/python3.8/site-packages/airflow/example_dags/tutorial.py took 0.163 seconds
[2024-02-14T20:40:13.768+0000] {processor.py:161} INFO - Started process (PID=1252) to work on /home/airflow/.local/lib/python3.8/site-packages/airflow/example_dags/tutorial.py
[2024-02-14T20:40:13.771+0000] {processor.py:830} INFO - Processing file /home/airflow/.local/lib/python3.8/site-packages/airflow/example_dags/tutorial.py for tasks to queue
[2024-02-14T20:40:13.778+0000] {logging_mixin.py:188} INFO - [2024-02-14T20:40:13.777+0000] {dagbag.py:538} INFO - Filling up the DagBag from /home/airflow/.local/lib/python3.8/site-packages/airflow/example_dags/tutorial.py
[2024-02-14T20:40:13.803+0000] {processor.py:840} INFO - DAG(s) 'tutorial' retrieved from /home/airflow/.local/lib/python3.8/site-packages/airflow/example_dags/tutorial.py
[2024-02-14T20:40:13.879+0000] {logging_mixin.py:188} INFO - [2024-02-14T20:40:13.879+0000] {dag.py:3036} INFO - Sync 1 DAGs
[2024-02-14T20:40:13.954+0000] {logging_mixin.py:188} INFO - [2024-02-14T20:40:13.953+0000] {dag.py:3823} INFO - Setting next_dagrun for tutorial to 2024-02-13 00:00:00+00:00, run_after=2024-02-14 00:00:00+00:00
[2024-02-14T20:40:14.080+0000] {processor.py:183} INFO - Processing /home/airflow/.local/lib/python3.8/site-packages/airflow/example_dags/tutorial.py took 0.326 seconds
[2024-02-14T20:40:44.560+0000] {processor.py:161} INFO - Started process (PID=1505) to work on /home/airflow/.local/lib/python3.8/site-packages/airflow/example_dags/tutorial.py
[2024-02-14T20:40:44.562+0000] {processor.py:830} INFO - Processing file /home/airflow/.local/lib/python3.8/site-packages/airflow/example_dags/tutorial.py for tasks to queue
[2024-02-14T20:40:44.564+0000] {logging_mixin.py:188} INFO - [2024-02-14T20:40:44.563+0000] {dagbag.py:538} INFO - Filling up the DagBag from /home/airflow/.local/lib/python3.8/site-packages/airflow/example_dags/tutorial.py
[2024-02-14T20:40:44.579+0000] {processor.py:840} INFO - DAG(s) 'tutorial' retrieved from /home/airflow/.local/lib/python3.8/site-packages/airflow/example_dags/tutorial.py
[2024-02-14T20:40:44.613+0000] {logging_mixin.py:188} INFO - [2024-02-14T20:40:44.613+0000] {dag.py:3036} INFO - Sync 1 DAGs
[2024-02-14T20:40:44.664+0000] {logging_mixin.py:188} INFO - [2024-02-14T20:40:44.663+0000] {dag.py:3823} INFO - Setting next_dagrun for tutorial to 2024-02-13 00:00:00+00:00, run_after=2024-02-14 00:00:00+00:00
[2024-02-14T20:40:44.716+0000] {processor.py:183} INFO - Processing /home/airflow/.local/lib/python3.8/site-packages/airflow/example_dags/tutorial.py took 0.162 seconds
[2024-02-14T20:41:15.040+0000] {processor.py:161} INFO - Started process (PID=1747) to work on /home/airflow/.local/lib/python3.8/site-packages/airflow/example_dags/tutorial.py
[2024-02-14T20:41:15.045+0000] {processor.py:830} INFO - Processing file /home/airflow/.local/lib/python3.8/site-packages/airflow/example_dags/tutorial.py for tasks to queue
[2024-02-14T20:41:15.053+0000] {logging_mixin.py:188} INFO - [2024-02-14T20:41:15.050+0000] {dagbag.py:538} INFO - Filling up the DagBag from /home/airflow/.local/lib/python3.8/site-packages/airflow/example_dags/tutorial.py
[2024-02-14T20:41:15.078+0000] {processor.py:840} INFO - DAG(s) 'tutorial' retrieved from /home/airflow/.local/lib/python3.8/site-packages/airflow/example_dags/tutorial.py
[2024-02-14T20:41:15.122+0000] {logging_mixin.py:188} INFO - [2024-02-14T20:41:15.122+0000] {dag.py:3036} INFO - Sync 1 DAGs
[2024-02-14T20:41:15.163+0000] {logging_mixin.py:188} INFO - [2024-02-14T20:41:15.163+0000] {dag.py:3823} INFO - Setting next_dagrun for tutorial to 2024-02-13 00:00:00+00:00, run_after=2024-02-14 00:00:00+00:00
[2024-02-14T20:41:15.211+0000] {processor.py:183} INFO - Processing /home/airflow/.local/lib/python3.8/site-packages/airflow/example_dags/tutorial.py took 0.193 seconds
[2024-02-14T20:41:46.338+0000] {processor.py:161} INFO - Started process (PID=1994) to work on /home/airflow/.local/lib/python3.8/site-packages/airflow/example_dags/tutorial.py
[2024-02-14T20:41:46.340+0000] {processor.py:830} INFO - Processing file /home/airflow/.local/lib/python3.8/site-packages/airflow/example_dags/tutorial.py for tasks to queue
[2024-02-14T20:41:46.342+0000] {logging_mixin.py:188} INFO - [2024-02-14T20:41:46.342+0000] {dagbag.py:538} INFO - Filling up the DagBag from /home/airflow/.local/lib/python3.8/site-packages/airflow/example_dags/tutorial.py
[2024-02-14T20:41:46.363+0000] {processor.py:840} INFO - DAG(s) 'tutorial' retrieved from /home/airflow/.local/lib/python3.8/site-packages/airflow/example_dags/tutorial.py
[2024-02-14T20:41:46.430+0000] {logging_mixin.py:188} INFO - [2024-02-14T20:41:46.430+0000] {dag.py:3036} INFO - Sync 1 DAGs
[2024-02-14T20:41:46.511+0000] {logging_mixin.py:188} INFO - [2024-02-14T20:41:46.510+0000] {dag.py:3823} INFO - Setting next_dagrun for tutorial to 2024-02-13 00:00:00+00:00, run_after=2024-02-14 00:00:00+00:00
[2024-02-14T20:41:46.569+0000] {processor.py:183} INFO - Processing /home/airflow/.local/lib/python3.8/site-packages/airflow/example_dags/tutorial.py took 0.241 seconds
[2024-02-14T20:42:17.411+0000] {processor.py:161} INFO - Started process (PID=2241) to work on /home/airflow/.local/lib/python3.8/site-packages/airflow/example_dags/tutorial.py
[2024-02-14T20:42:17.417+0000] {processor.py:830} INFO - Processing file /home/airflow/.local/lib/python3.8/site-packages/airflow/example_dags/tutorial.py for tasks to queue
[2024-02-14T20:42:17.421+0000] {logging_mixin.py:188} INFO - [2024-02-14T20:42:17.420+0000] {dagbag.py:538} INFO - Filling up the DagBag from /home/airflow/.local/lib/python3.8/site-packages/airflow/example_dags/tutorial.py
[2024-02-14T20:42:17.449+0000] {processor.py:840} INFO - DAG(s) 'tutorial' retrieved from /home/airflow/.local/lib/python3.8/site-packages/airflow/example_dags/tutorial.py
[2024-02-14T20:42:17.550+0000] {logging_mixin.py:188} INFO - [2024-02-14T20:42:17.548+0000] {dag.py:3036} INFO - Sync 1 DAGs
[2024-02-14T20:42:17.676+0000] {logging_mixin.py:188} INFO - [2024-02-14T20:42:17.675+0000] {dag.py:3823} INFO - Setting next_dagrun for tutorial to 2024-02-13 00:00:00+00:00, run_after=2024-02-14 00:00:00+00:00
[2024-02-14T20:42:17.771+0000] {processor.py:183} INFO - Processing /home/airflow/.local/lib/python3.8/site-packages/airflow/example_dags/tutorial.py took 0.380 seconds
[2024-02-14T20:42:48.383+0000] {processor.py:161} INFO - Started process (PID=2489) to work on /home/airflow/.local/lib/python3.8/site-packages/airflow/example_dags/tutorial.py
[2024-02-14T20:42:48.389+0000] {processor.py:830} INFO - Processing file /home/airflow/.local/lib/python3.8/site-packages/airflow/example_dags/tutorial.py for tasks to queue
[2024-02-14T20:42:48.393+0000] {logging_mixin.py:188} INFO - [2024-02-14T20:42:48.392+0000] {dagbag.py:538} INFO - Filling up the DagBag from /home/airflow/.local/lib/python3.8/site-packages/airflow/example_dags/tutorial.py
[2024-02-14T20:42:48.418+0000] {processor.py:840} INFO - DAG(s) 'tutorial' retrieved from /home/airflow/.local/lib/python3.8/site-packages/airflow/example_dags/tutorial.py
[2024-02-14T20:42:48.497+0000] {logging_mixin.py:188} INFO - [2024-02-14T20:42:48.496+0000] {dag.py:3036} INFO - Sync 1 DAGs
[2024-02-14T20:42:48.559+0000] {logging_mixin.py:188} INFO - [2024-02-14T20:42:48.558+0000] {dag.py:3823} INFO - Setting next_dagrun for tutorial to 2024-02-13 00:00:00+00:00, run_after=2024-02-14 00:00:00+00:00
[2024-02-14T20:42:48.647+0000] {processor.py:183} INFO - Processing /home/airflow/.local/lib/python3.8/site-packages/airflow/example_dags/tutorial.py took 0.283 seconds
[2024-02-14T20:43:18.805+0000] {processor.py:161} INFO - Started process (PID=2736) to work on /home/airflow/.local/lib/python3.8/site-packages/airflow/example_dags/tutorial.py
[2024-02-14T20:43:18.810+0000] {processor.py:830} INFO - Processing file /home/airflow/.local/lib/python3.8/site-packages/airflow/example_dags/tutorial.py for tasks to queue
[2024-02-14T20:43:18.816+0000] {logging_mixin.py:188} INFO - [2024-02-14T20:43:18.814+0000] {dagbag.py:538} INFO - Filling up the DagBag from /home/airflow/.local/lib/python3.8/site-packages/airflow/example_dags/tutorial.py
[2024-02-14T20:43:18.844+0000] {processor.py:840} INFO - DAG(s) 'tutorial' retrieved from /home/airflow/.local/lib/python3.8/site-packages/airflow/example_dags/tutorial.py
[2024-02-14T20:43:18.934+0000] {logging_mixin.py:188} INFO - [2024-02-14T20:43:18.933+0000] {dag.py:3036} INFO - Sync 1 DAGs
[2024-02-14T20:43:19.017+0000] {logging_mixin.py:188} INFO - [2024-02-14T20:43:19.016+0000] {dag.py:3823} INFO - Setting next_dagrun for tutorial to 2024-02-13 00:00:00+00:00, run_after=2024-02-14 00:00:00+00:00
[2024-02-14T20:43:19.071+0000] {processor.py:183} INFO - Processing /home/airflow/.local/lib/python3.8/site-packages/airflow/example_dags/tutorial.py took 0.283 seconds
[2024-02-14T20:43:49.371+0000] {processor.py:161} INFO - Started process (PID=2985) to work on /home/airflow/.local/lib/python3.8/site-packages/airflow/example_dags/tutorial.py
[2024-02-14T20:43:49.375+0000] {processor.py:830} INFO - Processing file /home/airflow/.local/lib/python3.8/site-packages/airflow/example_dags/tutorial.py for tasks to queue
[2024-02-14T20:43:49.379+0000] {logging_mixin.py:188} INFO - [2024-02-14T20:43:49.378+0000] {dagbag.py:538} INFO - Filling up the DagBag from /home/airflow/.local/lib/python3.8/site-packages/airflow/example_dags/tutorial.py
[2024-02-14T20:43:49.407+0000] {processor.py:840} INFO - DAG(s) 'tutorial' retrieved from /home/airflow/.local/lib/python3.8/site-packages/airflow/example_dags/tutorial.py
[2024-02-14T20:43:49.500+0000] {logging_mixin.py:188} INFO - [2024-02-14T20:43:49.498+0000] {dag.py:3036} INFO - Sync 1 DAGs
[2024-02-14T20:43:49.592+0000] {logging_mixin.py:188} INFO - [2024-02-14T20:43:49.592+0000] {dag.py:3823} INFO - Setting next_dagrun for tutorial to 2024-02-13 00:00:00+00:00, run_after=2024-02-14 00:00:00+00:00
[2024-02-14T20:43:49.687+0000] {processor.py:183} INFO - Processing /home/airflow/.local/lib/python3.8/site-packages/airflow/example_dags/tutorial.py took 0.329 seconds
[2024-02-14T20:44:19.945+0000] {processor.py:161} INFO - Started process (PID=3230) to work on /home/airflow/.local/lib/python3.8/site-packages/airflow/example_dags/tutorial.py
[2024-02-14T20:44:19.950+0000] {processor.py:830} INFO - Processing file /home/airflow/.local/lib/python3.8/site-packages/airflow/example_dags/tutorial.py for tasks to queue
[2024-02-14T20:44:19.962+0000] {logging_mixin.py:188} INFO - [2024-02-14T20:44:19.960+0000] {dagbag.py:538} INFO - Filling up the DagBag from /home/airflow/.local/lib/python3.8/site-packages/airflow/example_dags/tutorial.py
[2024-02-14T20:44:19.993+0000] {processor.py:840} INFO - DAG(s) 'tutorial' retrieved from /home/airflow/.local/lib/python3.8/site-packages/airflow/example_dags/tutorial.py
[2024-02-14T20:44:20.087+0000] {logging_mixin.py:188} INFO - [2024-02-14T20:44:20.085+0000] {dag.py:3036} INFO - Sync 1 DAGs
[2024-02-14T20:44:20.188+0000] {logging_mixin.py:188} INFO - [2024-02-14T20:44:20.187+0000] {dag.py:3823} INFO - Setting next_dagrun for tutorial to 2024-02-13 00:00:00+00:00, run_after=2024-02-14 00:00:00+00:00
[2024-02-14T20:44:20.280+0000] {processor.py:183} INFO - Processing /home/airflow/.local/lib/python3.8/site-packages/airflow/example_dags/tutorial.py took 0.350 seconds
[2024-02-14T20:44:50.972+0000] {processor.py:161} INFO - Started process (PID=3477) to work on /home/airflow/.local/lib/python3.8/site-packages/airflow/example_dags/tutorial.py
[2024-02-14T20:44:50.974+0000] {processor.py:830} INFO - Processing file /home/airflow/.local/lib/python3.8/site-packages/airflow/example_dags/tutorial.py for tasks to queue
[2024-02-14T20:44:50.977+0000] {logging_mixin.py:188} INFO - [2024-02-14T20:44:50.976+0000] {dagbag.py:538} INFO - Filling up the DagBag from /home/airflow/.local/lib/python3.8/site-packages/airflow/example_dags/tutorial.py
[2024-02-14T20:44:50.992+0000] {processor.py:840} INFO - DAG(s) 'tutorial' retrieved from /home/airflow/.local/lib/python3.8/site-packages/airflow/example_dags/tutorial.py
[2024-02-14T20:44:51.036+0000] {logging_mixin.py:188} INFO - [2024-02-14T20:44:51.036+0000] {dag.py:3036} INFO - Sync 1 DAGs
[2024-02-14T20:44:51.083+0000] {logging_mixin.py:188} INFO - [2024-02-14T20:44:51.082+0000] {dag.py:3823} INFO - Setting next_dagrun for tutorial to 2024-02-13 00:00:00+00:00, run_after=2024-02-14 00:00:00+00:00
[2024-02-14T20:44:51.135+0000] {processor.py:183} INFO - Processing /home/airflow/.local/lib/python3.8/site-packages/airflow/example_dags/tutorial.py took 0.171 seconds
[2024-02-14T20:45:21.551+0000] {processor.py:161} INFO - Started process (PID=3725) to work on /home/airflow/.local/lib/python3.8/site-packages/airflow/example_dags/tutorial.py
[2024-02-14T20:45:21.553+0000] {processor.py:830} INFO - Processing file /home/airflow/.local/lib/python3.8/site-packages/airflow/example_dags/tutorial.py for tasks to queue
[2024-02-14T20:45:21.554+0000] {logging_mixin.py:188} INFO - [2024-02-14T20:45:21.554+0000] {dagbag.py:538} INFO - Filling up the DagBag from /home/airflow/.local/lib/python3.8/site-packages/airflow/example_dags/tutorial.py
[2024-02-14T20:45:21.566+0000] {processor.py:840} INFO - DAG(s) 'tutorial' retrieved from /home/airflow/.local/lib/python3.8/site-packages/airflow/example_dags/tutorial.py
[2024-02-14T20:45:21.597+0000] {logging_mixin.py:188} INFO - [2024-02-14T20:45:21.597+0000] {dag.py:3036} INFO - Sync 1 DAGs
[2024-02-14T20:45:21.630+0000] {logging_mixin.py:188} INFO - [2024-02-14T20:45:21.630+0000] {dag.py:3823} INFO - Setting next_dagrun for tutorial to 2024-02-13 00:00:00+00:00, run_after=2024-02-14 00:00:00+00:00
[2024-02-14T20:45:21.658+0000] {processor.py:183} INFO - Processing /home/airflow/.local/lib/python3.8/site-packages/airflow/example_dags/tutorial.py took 0.114 seconds
[2024-02-14T20:45:52.136+0000] {processor.py:161} INFO - Started process (PID=3972) to work on /home/airflow/.local/lib/python3.8/site-packages/airflow/example_dags/tutorial.py
[2024-02-14T20:45:52.138+0000] {processor.py:830} INFO - Processing file /home/airflow/.local/lib/python3.8/site-packages/airflow/example_dags/tutorial.py for tasks to queue
[2024-02-14T20:45:52.143+0000] {logging_mixin.py:188} INFO - [2024-02-14T20:45:52.141+0000] {dagbag.py:538} INFO - Filling up the DagBag from /home/airflow/.local/lib/python3.8/site-packages/airflow/example_dags/tutorial.py
[2024-02-14T20:45:52.155+0000] {processor.py:840} INFO - DAG(s) 'tutorial' retrieved from /home/airflow/.local/lib/python3.8/site-packages/airflow/example_dags/tutorial.py
[2024-02-14T20:45:52.190+0000] {logging_mixin.py:188} INFO - [2024-02-14T20:45:52.190+0000] {dag.py:3036} INFO - Sync 1 DAGs
[2024-02-14T20:45:52.240+0000] {logging_mixin.py:188} INFO - [2024-02-14T20:45:52.240+0000] {dag.py:3823} INFO - Setting next_dagrun for tutorial to 2024-02-13 00:00:00+00:00, run_after=2024-02-14 00:00:00+00:00
[2024-02-14T20:45:52.299+0000] {processor.py:183} INFO - Processing /home/airflow/.local/lib/python3.8/site-packages/airflow/example_dags/tutorial.py took 0.172 seconds
[2024-02-14T20:46:22.861+0000] {processor.py:161} INFO - Started process (PID=4217) to work on /home/airflow/.local/lib/python3.8/site-packages/airflow/example_dags/tutorial.py
[2024-02-14T20:46:22.865+0000] {processor.py:830} INFO - Processing file /home/airflow/.local/lib/python3.8/site-packages/airflow/example_dags/tutorial.py for tasks to queue
[2024-02-14T20:46:22.869+0000] {logging_mixin.py:188} INFO - [2024-02-14T20:46:22.868+0000] {dagbag.py:538} INFO - Filling up the DagBag from /home/airflow/.local/lib/python3.8/site-packages/airflow/example_dags/tutorial.py
[2024-02-14T20:46:22.894+0000] {processor.py:840} INFO - DAG(s) 'tutorial' retrieved from /home/airflow/.local/lib/python3.8/site-packages/airflow/example_dags/tutorial.py
[2024-02-14T20:46:22.952+0000] {logging_mixin.py:188} INFO - [2024-02-14T20:46:22.952+0000] {dag.py:3036} INFO - Sync 1 DAGs
[2024-02-14T20:46:22.995+0000] {logging_mixin.py:188} INFO - [2024-02-14T20:46:22.995+0000] {dag.py:3823} INFO - Setting next_dagrun for tutorial to 2024-02-13 00:00:00+00:00, run_after=2024-02-14 00:00:00+00:00
[2024-02-14T20:46:23.022+0000] {processor.py:183} INFO - Processing /home/airflow/.local/lib/python3.8/site-packages/airflow/example_dags/tutorial.py took 0.174 seconds
[2024-02-14T20:46:53.361+0000] {processor.py:161} INFO - Started process (PID=4462) to work on /home/airflow/.local/lib/python3.8/site-packages/airflow/example_dags/tutorial.py
[2024-02-14T20:46:53.365+0000] {processor.py:830} INFO - Processing file /home/airflow/.local/lib/python3.8/site-packages/airflow/example_dags/tutorial.py for tasks to queue
[2024-02-14T20:46:53.369+0000] {logging_mixin.py:188} INFO - [2024-02-14T20:46:53.368+0000] {dagbag.py:538} INFO - Filling up the DagBag from /home/airflow/.local/lib/python3.8/site-packages/airflow/example_dags/tutorial.py
[2024-02-14T20:46:53.393+0000] {processor.py:840} INFO - DAG(s) 'tutorial' retrieved from /home/airflow/.local/lib/python3.8/site-packages/airflow/example_dags/tutorial.py
[2024-02-14T20:46:53.470+0000] {logging_mixin.py:188} INFO - [2024-02-14T20:46:53.469+0000] {dag.py:3036} INFO - Sync 1 DAGs
[2024-02-14T20:46:53.573+0000] {logging_mixin.py:188} INFO - [2024-02-14T20:46:53.572+0000] {dag.py:3823} INFO - Setting next_dagrun for tutorial to 2024-02-13 00:00:00+00:00, run_after=2024-02-14 00:00:00+00:00
[2024-02-14T20:46:53.680+0000] {processor.py:183} INFO - Processing /home/airflow/.local/lib/python3.8/site-packages/airflow/example_dags/tutorial.py took 0.332 seconds
[2024-02-14T20:47:24.375+0000] {processor.py:161} INFO - Started process (PID=4712) to work on /home/airflow/.local/lib/python3.8/site-packages/airflow/example_dags/tutorial.py
[2024-02-14T20:47:24.381+0000] {processor.py:830} INFO - Processing file /home/airflow/.local/lib/python3.8/site-packages/airflow/example_dags/tutorial.py for tasks to queue
[2024-02-14T20:47:24.387+0000] {logging_mixin.py:188} INFO - [2024-02-14T20:47:24.384+0000] {dagbag.py:538} INFO - Filling up the DagBag from /home/airflow/.local/lib/python3.8/site-packages/airflow/example_dags/tutorial.py
[2024-02-14T20:47:24.421+0000] {processor.py:840} INFO - DAG(s) 'tutorial' retrieved from /home/airflow/.local/lib/python3.8/site-packages/airflow/example_dags/tutorial.py
[2024-02-14T20:47:24.484+0000] {logging_mixin.py:188} INFO - [2024-02-14T20:47:24.484+0000] {dag.py:3036} INFO - Sync 1 DAGs
[2024-02-14T20:47:24.524+0000] {logging_mixin.py:188} INFO - [2024-02-14T20:47:24.523+0000] {dag.py:3823} INFO - Setting next_dagrun for tutorial to 2024-02-13 00:00:00+00:00, run_after=2024-02-14 00:00:00+00:00
[2024-02-14T20:47:24.562+0000] {processor.py:183} INFO - Processing /home/airflow/.local/lib/python3.8/site-packages/airflow/example_dags/tutorial.py took 0.204 seconds
[2024-02-14T20:47:55.513+0000] {processor.py:161} INFO - Started process (PID=4959) to work on /home/airflow/.local/lib/python3.8/site-packages/airflow/example_dags/tutorial.py
[2024-02-14T20:47:55.522+0000] {processor.py:830} INFO - Processing file /home/airflow/.local/lib/python3.8/site-packages/airflow/example_dags/tutorial.py for tasks to queue
[2024-02-14T20:47:55.526+0000] {logging_mixin.py:188} INFO - [2024-02-14T20:47:55.525+0000] {dagbag.py:538} INFO - Filling up the DagBag from /home/airflow/.local/lib/python3.8/site-packages/airflow/example_dags/tutorial.py
[2024-02-14T20:47:55.569+0000] {processor.py:840} INFO - DAG(s) 'tutorial' retrieved from /home/airflow/.local/lib/python3.8/site-packages/airflow/example_dags/tutorial.py
[2024-02-14T20:47:55.638+0000] {logging_mixin.py:188} INFO - [2024-02-14T20:47:55.637+0000] {dag.py:3036} INFO - Sync 1 DAGs
[2024-02-14T20:47:55.697+0000] {logging_mixin.py:188} INFO - [2024-02-14T20:47:55.697+0000] {dag.py:3823} INFO - Setting next_dagrun for tutorial to 2024-02-13 00:00:00+00:00, run_after=2024-02-14 00:00:00+00:00
[2024-02-14T20:47:55.818+0000] {processor.py:183} INFO - Processing /home/airflow/.local/lib/python3.8/site-packages/airflow/example_dags/tutorial.py took 0.325 seconds
[2024-02-14T20:48:26.153+0000] {processor.py:161} INFO - Started process (PID=5203) to work on /home/airflow/.local/lib/python3.8/site-packages/airflow/example_dags/tutorial.py
[2024-02-14T20:48:26.157+0000] {processor.py:830} INFO - Processing file /home/airflow/.local/lib/python3.8/site-packages/airflow/example_dags/tutorial.py for tasks to queue
[2024-02-14T20:48:26.161+0000] {logging_mixin.py:188} INFO - [2024-02-14T20:48:26.160+0000] {dagbag.py:538} INFO - Filling up the DagBag from /home/airflow/.local/lib/python3.8/site-packages/airflow/example_dags/tutorial.py
[2024-02-14T20:48:26.185+0000] {processor.py:840} INFO - DAG(s) 'tutorial' retrieved from /home/airflow/.local/lib/python3.8/site-packages/airflow/example_dags/tutorial.py
[2024-02-14T20:48:26.263+0000] {logging_mixin.py:188} INFO - [2024-02-14T20:48:26.263+0000] {dag.py:3036} INFO - Sync 1 DAGs
[2024-02-14T20:48:26.307+0000] {logging_mixin.py:188} INFO - [2024-02-14T20:48:26.307+0000] {dag.py:3823} INFO - Setting next_dagrun for tutorial to 2024-02-13 00:00:00+00:00, run_after=2024-02-14 00:00:00+00:00
[2024-02-14T20:48:26.366+0000] {processor.py:183} INFO - Processing /home/airflow/.local/lib/python3.8/site-packages/airflow/example_dags/tutorial.py took 0.226 seconds
[2024-02-14T20:48:57.061+0000] {processor.py:161} INFO - Started process (PID=5450) to work on /home/airflow/.local/lib/python3.8/site-packages/airflow/example_dags/tutorial.py
[2024-02-14T20:48:57.065+0000] {processor.py:830} INFO - Processing file /home/airflow/.local/lib/python3.8/site-packages/airflow/example_dags/tutorial.py for tasks to queue
[2024-02-14T20:48:57.068+0000] {logging_mixin.py:188} INFO - [2024-02-14T20:48:57.067+0000] {dagbag.py:538} INFO - Filling up the DagBag from /home/airflow/.local/lib/python3.8/site-packages/airflow/example_dags/tutorial.py
[2024-02-14T20:48:57.082+0000] {processor.py:840} INFO - DAG(s) 'tutorial' retrieved from /home/airflow/.local/lib/python3.8/site-packages/airflow/example_dags/tutorial.py
[2024-02-14T20:48:57.120+0000] {logging_mixin.py:188} INFO - [2024-02-14T20:48:57.120+0000] {dag.py:3036} INFO - Sync 1 DAGs
[2024-02-14T20:48:57.159+0000] {logging_mixin.py:188} INFO - [2024-02-14T20:48:57.159+0000] {dag.py:3823} INFO - Setting next_dagrun for tutorial to 2024-02-13 00:00:00+00:00, run_after=2024-02-14 00:00:00+00:00
[2024-02-14T20:48:57.197+0000] {processor.py:183} INFO - Processing /home/airflow/.local/lib/python3.8/site-packages/airflow/example_dags/tutorial.py took 0.143 seconds
[2024-02-14T20:49:27.589+0000] {processor.py:161} INFO - Started process (PID=5698) to work on /home/airflow/.local/lib/python3.8/site-packages/airflow/example_dags/tutorial.py
[2024-02-14T20:49:27.594+0000] {processor.py:830} INFO - Processing file /home/airflow/.local/lib/python3.8/site-packages/airflow/example_dags/tutorial.py for tasks to queue
[2024-02-14T20:49:27.599+0000] {logging_mixin.py:188} INFO - [2024-02-14T20:49:27.597+0000] {dagbag.py:538} INFO - Filling up the DagBag from /home/airflow/.local/lib/python3.8/site-packages/airflow/example_dags/tutorial.py
[2024-02-14T20:49:27.627+0000] {processor.py:840} INFO - DAG(s) 'tutorial' retrieved from /home/airflow/.local/lib/python3.8/site-packages/airflow/example_dags/tutorial.py
[2024-02-14T20:49:27.697+0000] {logging_mixin.py:188} INFO - [2024-02-14T20:49:27.696+0000] {dag.py:3036} INFO - Sync 1 DAGs
[2024-02-14T20:49:27.735+0000] {logging_mixin.py:188} INFO - [2024-02-14T20:49:27.735+0000] {dag.py:3823} INFO - Setting next_dagrun for tutorial to 2024-02-13 00:00:00+00:00, run_after=2024-02-14 00:00:00+00:00
[2024-02-14T20:49:27.785+0000] {processor.py:183} INFO - Processing /home/airflow/.local/lib/python3.8/site-packages/airflow/example_dags/tutorial.py took 0.213 seconds
[2024-02-14T20:49:58.001+0000] {processor.py:161} INFO - Started process (PID=5946) to work on /home/airflow/.local/lib/python3.8/site-packages/airflow/example_dags/tutorial.py
[2024-02-14T20:49:58.003+0000] {processor.py:830} INFO - Processing file /home/airflow/.local/lib/python3.8/site-packages/airflow/example_dags/tutorial.py for tasks to queue
[2024-02-14T20:49:58.005+0000] {logging_mixin.py:188} INFO - [2024-02-14T20:49:58.004+0000] {dagbag.py:538} INFO - Filling up the DagBag from /home/airflow/.local/lib/python3.8/site-packages/airflow/example_dags/tutorial.py
[2024-02-14T20:49:58.013+0000] {processor.py:840} INFO - DAG(s) 'tutorial' retrieved from /home/airflow/.local/lib/python3.8/site-packages/airflow/example_dags/tutorial.py
[2024-02-14T20:49:58.051+0000] {logging_mixin.py:188} INFO - [2024-02-14T20:49:58.051+0000] {dag.py:3036} INFO - Sync 1 DAGs
[2024-02-14T20:49:58.098+0000] {logging_mixin.py:188} INFO - [2024-02-14T20:49:58.097+0000] {dag.py:3823} INFO - Setting next_dagrun for tutorial to 2024-02-13 00:00:00+00:00, run_after=2024-02-14 00:00:00+00:00
[2024-02-14T20:49:58.150+0000] {processor.py:183} INFO - Processing /home/airflow/.local/lib/python3.8/site-packages/airflow/example_dags/tutorial.py took 0.153 seconds
[2024-02-14T20:50:28.319+0000] {processor.py:161} INFO - Started process (PID=6193) to work on /home/airflow/.local/lib/python3.8/site-packages/airflow/example_dags/tutorial.py
[2024-02-14T20:50:28.321+0000] {processor.py:830} INFO - Processing file /home/airflow/.local/lib/python3.8/site-packages/airflow/example_dags/tutorial.py for tasks to queue
[2024-02-14T20:50:28.322+0000] {logging_mixin.py:188} INFO - [2024-02-14T20:50:28.322+0000] {dagbag.py:538} INFO - Filling up the DagBag from /home/airflow/.local/lib/python3.8/site-packages/airflow/example_dags/tutorial.py
[2024-02-14T20:50:28.332+0000] {processor.py:840} INFO - DAG(s) 'tutorial' retrieved from /home/airflow/.local/lib/python3.8/site-packages/airflow/example_dags/tutorial.py
[2024-02-14T20:50:28.363+0000] {logging_mixin.py:188} INFO - [2024-02-14T20:50:28.363+0000] {dag.py:3036} INFO - Sync 1 DAGs
[2024-02-14T20:50:28.399+0000] {logging_mixin.py:188} INFO - [2024-02-14T20:50:28.399+0000] {dag.py:3823} INFO - Setting next_dagrun for tutorial to 2024-02-13 00:00:00+00:00, run_after=2024-02-14 00:00:00+00:00
[2024-02-14T20:50:28.434+0000] {processor.py:183} INFO - Processing /home/airflow/.local/lib/python3.8/site-packages/airflow/example_dags/tutorial.py took 0.120 seconds
[2024-02-14T20:50:58.648+0000] {processor.py:161} INFO - Started process (PID=6441) to work on /home/airflow/.local/lib/python3.8/site-packages/airflow/example_dags/tutorial.py
[2024-02-14T20:50:58.656+0000] {processor.py:830} INFO - Processing file /home/airflow/.local/lib/python3.8/site-packages/airflow/example_dags/tutorial.py for tasks to queue
[2024-02-14T20:50:58.659+0000] {logging_mixin.py:188} INFO - [2024-02-14T20:50:58.658+0000] {dagbag.py:538} INFO - Filling up the DagBag from /home/airflow/.local/lib/python3.8/site-packages/airflow/example_dags/tutorial.py
[2024-02-14T20:50:58.675+0000] {processor.py:840} INFO - DAG(s) 'tutorial' retrieved from /home/airflow/.local/lib/python3.8/site-packages/airflow/example_dags/tutorial.py
[2024-02-14T20:50:58.721+0000] {logging_mixin.py:188} INFO - [2024-02-14T20:50:58.721+0000] {dag.py:3036} INFO - Sync 1 DAGs
[2024-02-14T20:50:58.787+0000] {logging_mixin.py:188} INFO - [2024-02-14T20:50:58.787+0000] {dag.py:3823} INFO - Setting next_dagrun for tutorial to 2024-02-13 00:00:00+00:00, run_after=2024-02-14 00:00:00+00:00
[2024-02-14T20:50:58.832+0000] {processor.py:183} INFO - Processing /home/airflow/.local/lib/python3.8/site-packages/airflow/example_dags/tutorial.py took 0.191 seconds
[2024-02-14T20:51:29.026+0000] {processor.py:161} INFO - Started process (PID=6692) to work on /home/airflow/.local/lib/python3.8/site-packages/airflow/example_dags/tutorial.py
[2024-02-14T20:51:29.027+0000] {processor.py:830} INFO - Processing file /home/airflow/.local/lib/python3.8/site-packages/airflow/example_dags/tutorial.py for tasks to queue
[2024-02-14T20:51:29.029+0000] {logging_mixin.py:188} INFO - [2024-02-14T20:51:29.029+0000] {dagbag.py:538} INFO - Filling up the DagBag from /home/airflow/.local/lib/python3.8/site-packages/airflow/example_dags/tutorial.py
[2024-02-14T20:51:29.040+0000] {processor.py:840} INFO - DAG(s) 'tutorial' retrieved from /home/airflow/.local/lib/python3.8/site-packages/airflow/example_dags/tutorial.py
[2024-02-14T20:51:29.089+0000] {logging_mixin.py:188} INFO - [2024-02-14T20:51:29.088+0000] {dag.py:3036} INFO - Sync 1 DAGs
[2024-02-14T20:51:29.154+0000] {logging_mixin.py:188} INFO - [2024-02-14T20:51:29.154+0000] {dag.py:3823} INFO - Setting next_dagrun for tutorial to 2024-02-13 00:00:00+00:00, run_after=2024-02-14 00:00:00+00:00
[2024-02-14T20:51:29.234+0000] {processor.py:183} INFO - Processing /home/airflow/.local/lib/python3.8/site-packages/airflow/example_dags/tutorial.py took 0.215 seconds
[2024-02-14T20:51:59.633+0000] {processor.py:161} INFO - Started process (PID=6936) to work on /home/airflow/.local/lib/python3.8/site-packages/airflow/example_dags/tutorial.py
[2024-02-14T20:51:59.637+0000] {processor.py:830} INFO - Processing file /home/airflow/.local/lib/python3.8/site-packages/airflow/example_dags/tutorial.py for tasks to queue
[2024-02-14T20:51:59.642+0000] {logging_mixin.py:188} INFO - [2024-02-14T20:51:59.640+0000] {dagbag.py:538} INFO - Filling up the DagBag from /home/airflow/.local/lib/python3.8/site-packages/airflow/example_dags/tutorial.py
[2024-02-14T20:51:59.667+0000] {processor.py:840} INFO - DAG(s) 'tutorial' retrieved from /home/airflow/.local/lib/python3.8/site-packages/airflow/example_dags/tutorial.py
[2024-02-14T20:51:59.741+0000] {logging_mixin.py:188} INFO - [2024-02-14T20:51:59.740+0000] {dag.py:3036} INFO - Sync 1 DAGs
[2024-02-14T20:51:59.829+0000] {logging_mixin.py:188} INFO - [2024-02-14T20:51:59.828+0000] {dag.py:3823} INFO - Setting next_dagrun for tutorial to 2024-02-13 00:00:00+00:00, run_after=2024-02-14 00:00:00+00:00
[2024-02-14T20:51:59.914+0000] {processor.py:183} INFO - Processing /home/airflow/.local/lib/python3.8/site-packages/airflow/example_dags/tutorial.py took 0.294 seconds
[2024-02-14T20:52:30.781+0000] {processor.py:161} INFO - Started process (PID=7183) to work on /home/airflow/.local/lib/python3.8/site-packages/airflow/example_dags/tutorial.py
[2024-02-14T20:52:30.786+0000] {processor.py:830} INFO - Processing file /home/airflow/.local/lib/python3.8/site-packages/airflow/example_dags/tutorial.py for tasks to queue
[2024-02-14T20:52:30.800+0000] {logging_mixin.py:188} INFO - [2024-02-14T20:52:30.797+0000] {dagbag.py:538} INFO - Filling up the DagBag from /home/airflow/.local/lib/python3.8/site-packages/airflow/example_dags/tutorial.py
[2024-02-14T20:52:30.826+0000] {processor.py:840} INFO - DAG(s) 'tutorial' retrieved from /home/airflow/.local/lib/python3.8/site-packages/airflow/example_dags/tutorial.py
[2024-02-14T20:52:30.939+0000] {logging_mixin.py:188} INFO - [2024-02-14T20:52:30.939+0000] {dag.py:3036} INFO - Sync 1 DAGs
[2024-02-14T20:52:31.028+0000] {logging_mixin.py:188} INFO - [2024-02-14T20:52:31.027+0000] {dag.py:3823} INFO - Setting next_dagrun for tutorial to 2024-02-13 00:00:00+00:00, run_after=2024-02-14 00:00:00+00:00
[2024-02-14T20:52:31.116+0000] {processor.py:183} INFO - Processing /home/airflow/.local/lib/python3.8/site-packages/airflow/example_dags/tutorial.py took 0.342 seconds
[2024-02-14T20:53:01.673+0000] {processor.py:161} INFO - Started process (PID=7430) to work on /home/airflow/.local/lib/python3.8/site-packages/airflow/example_dags/tutorial.py
[2024-02-14T20:53:01.677+0000] {processor.py:830} INFO - Processing file /home/airflow/.local/lib/python3.8/site-packages/airflow/example_dags/tutorial.py for tasks to queue
[2024-02-14T20:53:01.681+0000] {logging_mixin.py:188} INFO - [2024-02-14T20:53:01.680+0000] {dagbag.py:538} INFO - Filling up the DagBag from /home/airflow/.local/lib/python3.8/site-packages/airflow/example_dags/tutorial.py
[2024-02-14T20:53:01.714+0000] {processor.py:840} INFO - DAG(s) 'tutorial' retrieved from /home/airflow/.local/lib/python3.8/site-packages/airflow/example_dags/tutorial.py
[2024-02-14T20:53:01.814+0000] {logging_mixin.py:188} INFO - [2024-02-14T20:53:01.813+0000] {dag.py:3036} INFO - Sync 1 DAGs
[2024-02-14T20:53:01.905+0000] {logging_mixin.py:188} INFO - [2024-02-14T20:53:01.904+0000] {dag.py:3823} INFO - Setting next_dagrun for tutorial to 2024-02-13 00:00:00+00:00, run_after=2024-02-14 00:00:00+00:00
[2024-02-14T20:53:01.987+0000] {processor.py:183} INFO - Processing /home/airflow/.local/lib/python3.8/site-packages/airflow/example_dags/tutorial.py took 0.328 seconds
[2024-02-14T20:53:32.449+0000] {processor.py:161} INFO - Started process (PID=7677) to work on /home/airflow/.local/lib/python3.8/site-packages/airflow/example_dags/tutorial.py
[2024-02-14T20:53:32.453+0000] {processor.py:830} INFO - Processing file /home/airflow/.local/lib/python3.8/site-packages/airflow/example_dags/tutorial.py for tasks to queue
[2024-02-14T20:53:32.457+0000] {logging_mixin.py:188} INFO - [2024-02-14T20:53:32.456+0000] {dagbag.py:538} INFO - Filling up the DagBag from /home/airflow/.local/lib/python3.8/site-packages/airflow/example_dags/tutorial.py
[2024-02-14T20:53:32.484+0000] {processor.py:840} INFO - DAG(s) 'tutorial' retrieved from /home/airflow/.local/lib/python3.8/site-packages/airflow/example_dags/tutorial.py
[2024-02-14T20:53:32.582+0000] {logging_mixin.py:188} INFO - [2024-02-14T20:53:32.581+0000] {dag.py:3036} INFO - Sync 1 DAGs
[2024-02-14T20:53:32.626+0000] {logging_mixin.py:188} INFO - [2024-02-14T20:53:32.625+0000] {dag.py:3823} INFO - Setting next_dagrun for tutorial to 2024-02-13 00:00:00+00:00, run_after=2024-02-14 00:00:00+00:00
[2024-02-14T20:53:32.664+0000] {processor.py:183} INFO - Processing /home/airflow/.local/lib/python3.8/site-packages/airflow/example_dags/tutorial.py took 0.229 seconds
[2024-02-14T20:54:02.789+0000] {processor.py:161} INFO - Started process (PID=7924) to work on /home/airflow/.local/lib/python3.8/site-packages/airflow/example_dags/tutorial.py
[2024-02-14T20:54:02.792+0000] {processor.py:830} INFO - Processing file /home/airflow/.local/lib/python3.8/site-packages/airflow/example_dags/tutorial.py for tasks to queue
[2024-02-14T20:54:02.795+0000] {logging_mixin.py:188} INFO - [2024-02-14T20:54:02.794+0000] {dagbag.py:538} INFO - Filling up the DagBag from /home/airflow/.local/lib/python3.8/site-packages/airflow/example_dags/tutorial.py
[2024-02-14T20:54:02.810+0000] {processor.py:840} INFO - DAG(s) 'tutorial' retrieved from /home/airflow/.local/lib/python3.8/site-packages/airflow/example_dags/tutorial.py
[2024-02-14T20:54:02.875+0000] {logging_mixin.py:188} INFO - [2024-02-14T20:54:02.874+0000] {dag.py:3036} INFO - Sync 1 DAGs
[2024-02-14T20:54:02.938+0000] {logging_mixin.py:188} INFO - [2024-02-14T20:54:02.937+0000] {dag.py:3823} INFO - Setting next_dagrun for tutorial to 2024-02-13 00:00:00+00:00, run_after=2024-02-14 00:00:00+00:00
[2024-02-14T20:54:03.011+0000] {processor.py:183} INFO - Processing /home/airflow/.local/lib/python3.8/site-packages/airflow/example_dags/tutorial.py took 0.232 seconds
[2024-02-14T20:54:33.106+0000] {processor.py:161} INFO - Started process (PID=8169) to work on /home/airflow/.local/lib/python3.8/site-packages/airflow/example_dags/tutorial.py
[2024-02-14T20:54:33.107+0000] {processor.py:830} INFO - Processing file /home/airflow/.local/lib/python3.8/site-packages/airflow/example_dags/tutorial.py for tasks to queue
[2024-02-14T20:54:33.110+0000] {logging_mixin.py:188} INFO - [2024-02-14T20:54:33.109+0000] {dagbag.py:538} INFO - Filling up the DagBag from /home/airflow/.local/lib/python3.8/site-packages/airflow/example_dags/tutorial.py
[2024-02-14T20:54:33.129+0000] {processor.py:840} INFO - DAG(s) 'tutorial' retrieved from /home/airflow/.local/lib/python3.8/site-packages/airflow/example_dags/tutorial.py
[2024-02-14T20:54:33.162+0000] {logging_mixin.py:188} INFO - [2024-02-14T20:54:33.162+0000] {dag.py:3036} INFO - Sync 1 DAGs
[2024-02-14T20:54:33.197+0000] {logging_mixin.py:188} INFO - [2024-02-14T20:54:33.196+0000] {dag.py:3823} INFO - Setting next_dagrun for tutorial to 2024-02-13 00:00:00+00:00, run_after=2024-02-14 00:00:00+00:00
[2024-02-14T20:54:33.242+0000] {processor.py:183} INFO - Processing /home/airflow/.local/lib/python3.8/site-packages/airflow/example_dags/tutorial.py took 0.142 seconds
[2024-02-14T20:55:03.586+0000] {processor.py:161} INFO - Started process (PID=8416) to work on /home/airflow/.local/lib/python3.8/site-packages/airflow/example_dags/tutorial.py
[2024-02-14T20:55:03.588+0000] {processor.py:830} INFO - Processing file /home/airflow/.local/lib/python3.8/site-packages/airflow/example_dags/tutorial.py for tasks to queue
[2024-02-14T20:55:03.590+0000] {logging_mixin.py:188} INFO - [2024-02-14T20:55:03.590+0000] {dagbag.py:538} INFO - Filling up the DagBag from /home/airflow/.local/lib/python3.8/site-packages/airflow/example_dags/tutorial.py
[2024-02-14T20:55:03.615+0000] {processor.py:840} INFO - DAG(s) 'tutorial' retrieved from /home/airflow/.local/lib/python3.8/site-packages/airflow/example_dags/tutorial.py
[2024-02-14T20:55:03.673+0000] {logging_mixin.py:188} INFO - [2024-02-14T20:55:03.672+0000] {dag.py:3036} INFO - Sync 1 DAGs
[2024-02-14T20:55:03.720+0000] {logging_mixin.py:188} INFO - [2024-02-14T20:55:03.719+0000] {dag.py:3823} INFO - Setting next_dagrun for tutorial to 2024-02-13 00:00:00+00:00, run_after=2024-02-14 00:00:00+00:00
[2024-02-14T20:55:03.776+0000] {processor.py:183} INFO - Processing /home/airflow/.local/lib/python3.8/site-packages/airflow/example_dags/tutorial.py took 0.207 seconds
[2024-02-14T20:55:34.332+0000] {processor.py:161} INFO - Started process (PID=8663) to work on /home/airflow/.local/lib/python3.8/site-packages/airflow/example_dags/tutorial.py
[2024-02-14T20:55:34.336+0000] {processor.py:830} INFO - Processing file /home/airflow/.local/lib/python3.8/site-packages/airflow/example_dags/tutorial.py for tasks to queue
[2024-02-14T20:55:34.340+0000] {logging_mixin.py:188} INFO - [2024-02-14T20:55:34.339+0000] {dagbag.py:538} INFO - Filling up the DagBag from /home/airflow/.local/lib/python3.8/site-packages/airflow/example_dags/tutorial.py
[2024-02-14T20:55:34.365+0000] {processor.py:840} INFO - DAG(s) 'tutorial' retrieved from /home/airflow/.local/lib/python3.8/site-packages/airflow/example_dags/tutorial.py
[2024-02-14T20:55:34.445+0000] {logging_mixin.py:188} INFO - [2024-02-14T20:55:34.444+0000] {dag.py:3036} INFO - Sync 1 DAGs
[2024-02-14T20:55:34.537+0000] {logging_mixin.py:188} INFO - [2024-02-14T20:55:34.536+0000] {dag.py:3823} INFO - Setting next_dagrun for tutorial to 2024-02-13 00:00:00+00:00, run_after=2024-02-14 00:00:00+00:00
[2024-02-14T20:55:34.629+0000] {processor.py:183} INFO - Processing /home/airflow/.local/lib/python3.8/site-packages/airflow/example_dags/tutorial.py took 0.309 seconds
[2024-02-14T20:56:04.782+0000] {processor.py:161} INFO - Started process (PID=8910) to work on /home/airflow/.local/lib/python3.8/site-packages/airflow/example_dags/tutorial.py
[2024-02-14T20:56:04.787+0000] {processor.py:830} INFO - Processing file /home/airflow/.local/lib/python3.8/site-packages/airflow/example_dags/tutorial.py for tasks to queue
[2024-02-14T20:56:04.791+0000] {logging_mixin.py:188} INFO - [2024-02-14T20:56:04.790+0000] {dagbag.py:538} INFO - Filling up the DagBag from /home/airflow/.local/lib/python3.8/site-packages/airflow/example_dags/tutorial.py
[2024-02-14T20:56:04.817+0000] {processor.py:840} INFO - DAG(s) 'tutorial' retrieved from /home/airflow/.local/lib/python3.8/site-packages/airflow/example_dags/tutorial.py
[2024-02-14T20:56:04.909+0000] {logging_mixin.py:188} INFO - [2024-02-14T20:56:04.907+0000] {dag.py:3036} INFO - Sync 1 DAGs
[2024-02-14T20:56:05.001+0000] {logging_mixin.py:188} INFO - [2024-02-14T20:56:05.000+0000] {dag.py:3823} INFO - Setting next_dagrun for tutorial to 2024-02-13 00:00:00+00:00, run_after=2024-02-14 00:00:00+00:00
[2024-02-14T20:56:05.056+0000] {processor.py:183} INFO - Processing /home/airflow/.local/lib/python3.8/site-packages/airflow/example_dags/tutorial.py took 0.289 seconds
[2024-02-14T20:56:35.656+0000] {processor.py:161} INFO - Started process (PID=9156) to work on /home/airflow/.local/lib/python3.8/site-packages/airflow/example_dags/tutorial.py
[2024-02-14T20:56:35.661+0000] {processor.py:830} INFO - Processing file /home/airflow/.local/lib/python3.8/site-packages/airflow/example_dags/tutorial.py for tasks to queue
[2024-02-14T20:56:35.667+0000] {logging_mixin.py:188} INFO - [2024-02-14T20:56:35.665+0000] {dagbag.py:538} INFO - Filling up the DagBag from /home/airflow/.local/lib/python3.8/site-packages/airflow/example_dags/tutorial.py
[2024-02-14T20:56:35.697+0000] {processor.py:840} INFO - DAG(s) 'tutorial' retrieved from /home/airflow/.local/lib/python3.8/site-packages/airflow/example_dags/tutorial.py
[2024-02-14T20:56:35.788+0000] {logging_mixin.py:188} INFO - [2024-02-14T20:56:35.787+0000] {dag.py:3036} INFO - Sync 1 DAGs
[2024-02-14T20:56:35.888+0000] {logging_mixin.py:188} INFO - [2024-02-14T20:56:35.887+0000] {dag.py:3823} INFO - Setting next_dagrun for tutorial to 2024-02-13 00:00:00+00:00, run_after=2024-02-14 00:00:00+00:00
[2024-02-14T20:56:36.024+0000] {processor.py:183} INFO - Processing /home/airflow/.local/lib/python3.8/site-packages/airflow/example_dags/tutorial.py took 0.383 seconds
[2024-02-14T20:57:06.368+0000] {processor.py:161} INFO - Started process (PID=9403) to work on /home/airflow/.local/lib/python3.8/site-packages/airflow/example_dags/tutorial.py
[2024-02-14T20:57:06.370+0000] {processor.py:830} INFO - Processing file /home/airflow/.local/lib/python3.8/site-packages/airflow/example_dags/tutorial.py for tasks to queue
[2024-02-14T20:57:06.372+0000] {logging_mixin.py:188} INFO - [2024-02-14T20:57:06.371+0000] {dagbag.py:538} INFO - Filling up the DagBag from /home/airflow/.local/lib/python3.8/site-packages/airflow/example_dags/tutorial.py
[2024-02-14T20:57:06.384+0000] {processor.py:840} INFO - DAG(s) 'tutorial' retrieved from /home/airflow/.local/lib/python3.8/site-packages/airflow/example_dags/tutorial.py
[2024-02-14T20:57:06.416+0000] {logging_mixin.py:188} INFO - [2024-02-14T20:57:06.415+0000] {dag.py:3036} INFO - Sync 1 DAGs
[2024-02-14T20:57:06.453+0000] {logging_mixin.py:188} INFO - [2024-02-14T20:57:06.452+0000] {dag.py:3823} INFO - Setting next_dagrun for tutorial to 2024-02-13 00:00:00+00:00, run_after=2024-02-14 00:00:00+00:00
[2024-02-14T20:57:06.489+0000] {processor.py:183} INFO - Processing /home/airflow/.local/lib/python3.8/site-packages/airflow/example_dags/tutorial.py took 0.127 seconds
[2024-02-14T20:57:36.847+0000] {processor.py:161} INFO - Started process (PID=9650) to work on /home/airflow/.local/lib/python3.8/site-packages/airflow/example_dags/tutorial.py
[2024-02-14T20:57:36.849+0000] {processor.py:830} INFO - Processing file /home/airflow/.local/lib/python3.8/site-packages/airflow/example_dags/tutorial.py for tasks to queue
[2024-02-14T20:57:36.850+0000] {logging_mixin.py:188} INFO - [2024-02-14T20:57:36.850+0000] {dagbag.py:538} INFO - Filling up the DagBag from /home/airflow/.local/lib/python3.8/site-packages/airflow/example_dags/tutorial.py
[2024-02-14T20:57:36.863+0000] {processor.py:840} INFO - DAG(s) 'tutorial' retrieved from /home/airflow/.local/lib/python3.8/site-packages/airflow/example_dags/tutorial.py
[2024-02-14T20:57:36.899+0000] {logging_mixin.py:188} INFO - [2024-02-14T20:57:36.899+0000] {dag.py:3036} INFO - Sync 1 DAGs
[2024-02-14T20:57:36.944+0000] {logging_mixin.py:188} INFO - [2024-02-14T20:57:36.944+0000] {dag.py:3823} INFO - Setting next_dagrun for tutorial to 2024-02-13 00:00:00+00:00, run_after=2024-02-14 00:00:00+00:00
[2024-02-14T20:57:36.988+0000] {processor.py:183} INFO - Processing /home/airflow/.local/lib/python3.8/site-packages/airflow/example_dags/tutorial.py took 0.147 seconds
