[2024-02-14T20:38:05.537+0000] {processor.py:161} INFO - Started process (PID=196) to work on /home/airflow/.local/lib/python3.8/site-packages/airflow/example_dags/tutorial_objectstorage.py
[2024-02-14T20:38:05.541+0000] {processor.py:830} INFO - Processing file /home/airflow/.local/lib/python3.8/site-packages/airflow/example_dags/tutorial_objectstorage.py for tasks to queue
[2024-02-14T20:38:05.544+0000] {logging_mixin.py:188} INFO - [2024-02-14T20:38:05.544+0000] {dagbag.py:538} INFO - Filling up the DagBag from /home/airflow/.local/lib/python3.8/site-packages/airflow/example_dags/tutorial_objectstorage.py
[2024-02-14T20:38:05.586+0000] {processor.py:840} INFO - DAG(s) 'tutorial_objectstorage' retrieved from /home/airflow/.local/lib/python3.8/site-packages/airflow/example_dags/tutorial_objectstorage.py
[2024-02-14T20:38:06.061+0000] {logging_mixin.py:188} INFO - [2024-02-14T20:38:06.061+0000] {dag.py:3036} INFO - Sync 1 DAGs
[2024-02-14T20:38:06.096+0000] {logging_mixin.py:188} INFO - [2024-02-14T20:38:06.096+0000] {dag.py:3823} INFO - Setting next_dagrun for tutorial_objectstorage to None, run_after=None
[2024-02-14T20:38:06.189+0000] {processor.py:183} INFO - Processing /home/airflow/.local/lib/python3.8/site-packages/airflow/example_dags/tutorial_objectstorage.py took 0.661 seconds
[2024-02-14T20:38:36.309+0000] {processor.py:161} INFO - Started process (PID=443) to work on /home/airflow/.local/lib/python3.8/site-packages/airflow/example_dags/tutorial_objectstorage.py
[2024-02-14T20:38:36.312+0000] {processor.py:830} INFO - Processing file /home/airflow/.local/lib/python3.8/site-packages/airflow/example_dags/tutorial_objectstorage.py for tasks to queue
[2024-02-14T20:38:36.317+0000] {logging_mixin.py:188} INFO - [2024-02-14T20:38:36.314+0000] {dagbag.py:538} INFO - Filling up the DagBag from /home/airflow/.local/lib/python3.8/site-packages/airflow/example_dags/tutorial_objectstorage.py
[2024-02-14T20:38:36.334+0000] {processor.py:840} INFO - DAG(s) 'tutorial_objectstorage' retrieved from /home/airflow/.local/lib/python3.8/site-packages/airflow/example_dags/tutorial_objectstorage.py
[2024-02-14T20:38:36.373+0000] {logging_mixin.py:188} INFO - [2024-02-14T20:38:36.372+0000] {dag.py:3036} INFO - Sync 1 DAGs
[2024-02-14T20:38:36.412+0000] {logging_mixin.py:188} INFO - [2024-02-14T20:38:36.412+0000] {dag.py:3823} INFO - Setting next_dagrun for tutorial_objectstorage to None, run_after=None
[2024-02-14T20:38:36.463+0000] {processor.py:183} INFO - Processing /home/airflow/.local/lib/python3.8/site-packages/airflow/example_dags/tutorial_objectstorage.py took 0.161 seconds
[2024-02-14T20:39:06.910+0000] {processor.py:161} INFO - Started process (PID=690) to work on /home/airflow/.local/lib/python3.8/site-packages/airflow/example_dags/tutorial_objectstorage.py
[2024-02-14T20:39:06.912+0000] {processor.py:830} INFO - Processing file /home/airflow/.local/lib/python3.8/site-packages/airflow/example_dags/tutorial_objectstorage.py for tasks to queue
[2024-02-14T20:39:06.915+0000] {logging_mixin.py:188} INFO - [2024-02-14T20:39:06.914+0000] {dagbag.py:538} INFO - Filling up the DagBag from /home/airflow/.local/lib/python3.8/site-packages/airflow/example_dags/tutorial_objectstorage.py
[2024-02-14T20:39:06.937+0000] {processor.py:840} INFO - DAG(s) 'tutorial_objectstorage' retrieved from /home/airflow/.local/lib/python3.8/site-packages/airflow/example_dags/tutorial_objectstorage.py
[2024-02-14T20:39:06.990+0000] {logging_mixin.py:188} INFO - [2024-02-14T20:39:06.989+0000] {dag.py:3036} INFO - Sync 1 DAGs
[2024-02-14T20:39:07.018+0000] {logging_mixin.py:188} INFO - [2024-02-14T20:39:07.018+0000] {dag.py:3823} INFO - Setting next_dagrun for tutorial_objectstorage to None, run_after=None
[2024-02-14T20:39:07.077+0000] {processor.py:183} INFO - Processing /home/airflow/.local/lib/python3.8/site-packages/airflow/example_dags/tutorial_objectstorage.py took 0.177 seconds
[2024-02-14T20:39:37.336+0000] {processor.py:161} INFO - Started process (PID=937) to work on /home/airflow/.local/lib/python3.8/site-packages/airflow/example_dags/tutorial_objectstorage.py
[2024-02-14T20:39:37.345+0000] {processor.py:830} INFO - Processing file /home/airflow/.local/lib/python3.8/site-packages/airflow/example_dags/tutorial_objectstorage.py for tasks to queue
[2024-02-14T20:39:37.348+0000] {logging_mixin.py:188} INFO - [2024-02-14T20:39:37.347+0000] {dagbag.py:538} INFO - Filling up the DagBag from /home/airflow/.local/lib/python3.8/site-packages/airflow/example_dags/tutorial_objectstorage.py
[2024-02-14T20:39:37.368+0000] {processor.py:840} INFO - DAG(s) 'tutorial_objectstorage' retrieved from /home/airflow/.local/lib/python3.8/site-packages/airflow/example_dags/tutorial_objectstorage.py
[2024-02-14T20:39:37.420+0000] {logging_mixin.py:188} INFO - [2024-02-14T20:39:37.419+0000] {dag.py:3036} INFO - Sync 1 DAGs
[2024-02-14T20:39:37.456+0000] {logging_mixin.py:188} INFO - [2024-02-14T20:39:37.455+0000] {dag.py:3823} INFO - Setting next_dagrun for tutorial_objectstorage to None, run_after=None
[2024-02-14T20:39:37.512+0000] {processor.py:183} INFO - Processing /home/airflow/.local/lib/python3.8/site-packages/airflow/example_dags/tutorial_objectstorage.py took 0.184 seconds
[2024-02-14T20:40:07.870+0000] {processor.py:161} INFO - Started process (PID=1184) to work on /home/airflow/.local/lib/python3.8/site-packages/airflow/example_dags/tutorial_objectstorage.py
[2024-02-14T20:40:07.873+0000] {processor.py:830} INFO - Processing file /home/airflow/.local/lib/python3.8/site-packages/airflow/example_dags/tutorial_objectstorage.py for tasks to queue
[2024-02-14T20:40:07.878+0000] {logging_mixin.py:188} INFO - [2024-02-14T20:40:07.875+0000] {dagbag.py:538} INFO - Filling up the DagBag from /home/airflow/.local/lib/python3.8/site-packages/airflow/example_dags/tutorial_objectstorage.py
[2024-02-14T20:40:07.902+0000] {processor.py:840} INFO - DAG(s) 'tutorial_objectstorage' retrieved from /home/airflow/.local/lib/python3.8/site-packages/airflow/example_dags/tutorial_objectstorage.py
[2024-02-14T20:40:07.960+0000] {logging_mixin.py:188} INFO - [2024-02-14T20:40:07.959+0000] {dag.py:3036} INFO - Sync 1 DAGs
[2024-02-14T20:40:07.999+0000] {logging_mixin.py:188} INFO - [2024-02-14T20:40:07.998+0000] {dag.py:3823} INFO - Setting next_dagrun for tutorial_objectstorage to None, run_after=None
[2024-02-14T20:40:08.061+0000] {processor.py:183} INFO - Processing /home/airflow/.local/lib/python3.8/site-packages/airflow/example_dags/tutorial_objectstorage.py took 0.198 seconds
[2024-02-14T20:40:38.673+0000] {processor.py:161} INFO - Started process (PID=1434) to work on /home/airflow/.local/lib/python3.8/site-packages/airflow/example_dags/tutorial_objectstorage.py
[2024-02-14T20:40:38.677+0000] {processor.py:830} INFO - Processing file /home/airflow/.local/lib/python3.8/site-packages/airflow/example_dags/tutorial_objectstorage.py for tasks to queue
[2024-02-14T20:40:38.680+0000] {logging_mixin.py:188} INFO - [2024-02-14T20:40:38.679+0000] {dagbag.py:538} INFO - Filling up the DagBag from /home/airflow/.local/lib/python3.8/site-packages/airflow/example_dags/tutorial_objectstorage.py
[2024-02-14T20:40:38.707+0000] {processor.py:840} INFO - DAG(s) 'tutorial_objectstorage' retrieved from /home/airflow/.local/lib/python3.8/site-packages/airflow/example_dags/tutorial_objectstorage.py
[2024-02-14T20:40:38.775+0000] {logging_mixin.py:188} INFO - [2024-02-14T20:40:38.774+0000] {dag.py:3036} INFO - Sync 1 DAGs
[2024-02-14T20:40:38.815+0000] {logging_mixin.py:188} INFO - [2024-02-14T20:40:38.814+0000] {dag.py:3823} INFO - Setting next_dagrun for tutorial_objectstorage to None, run_after=None
[2024-02-14T20:40:38.859+0000] {processor.py:183} INFO - Processing /home/airflow/.local/lib/python3.8/site-packages/airflow/example_dags/tutorial_objectstorage.py took 0.198 seconds
[2024-02-14T20:41:09.205+0000] {processor.py:161} INFO - Started process (PID=1679) to work on /home/airflow/.local/lib/python3.8/site-packages/airflow/example_dags/tutorial_objectstorage.py
[2024-02-14T20:41:09.207+0000] {processor.py:830} INFO - Processing file /home/airflow/.local/lib/python3.8/site-packages/airflow/example_dags/tutorial_objectstorage.py for tasks to queue
[2024-02-14T20:41:09.209+0000] {logging_mixin.py:188} INFO - [2024-02-14T20:41:09.208+0000] {dagbag.py:538} INFO - Filling up the DagBag from /home/airflow/.local/lib/python3.8/site-packages/airflow/example_dags/tutorial_objectstorage.py
[2024-02-14T20:41:09.227+0000] {processor.py:840} INFO - DAG(s) 'tutorial_objectstorage' retrieved from /home/airflow/.local/lib/python3.8/site-packages/airflow/example_dags/tutorial_objectstorage.py
[2024-02-14T20:41:09.276+0000] {logging_mixin.py:188} INFO - [2024-02-14T20:41:09.276+0000] {dag.py:3036} INFO - Sync 1 DAGs
[2024-02-14T20:41:09.306+0000] {logging_mixin.py:188} INFO - [2024-02-14T20:41:09.305+0000] {dag.py:3823} INFO - Setting next_dagrun for tutorial_objectstorage to None, run_after=None
[2024-02-14T20:41:09.441+0000] {processor.py:183} INFO - Processing /home/airflow/.local/lib/python3.8/site-packages/airflow/example_dags/tutorial_objectstorage.py took 0.247 seconds
[2024-02-14T20:41:40.129+0000] {processor.py:161} INFO - Started process (PID=1926) to work on /home/airflow/.local/lib/python3.8/site-packages/airflow/example_dags/tutorial_objectstorage.py
[2024-02-14T20:41:40.134+0000] {processor.py:830} INFO - Processing file /home/airflow/.local/lib/python3.8/site-packages/airflow/example_dags/tutorial_objectstorage.py for tasks to queue
[2024-02-14T20:41:40.139+0000] {logging_mixin.py:188} INFO - [2024-02-14T20:41:40.137+0000] {dagbag.py:538} INFO - Filling up the DagBag from /home/airflow/.local/lib/python3.8/site-packages/airflow/example_dags/tutorial_objectstorage.py
[2024-02-14T20:41:40.167+0000] {processor.py:840} INFO - DAG(s) 'tutorial_objectstorage' retrieved from /home/airflow/.local/lib/python3.8/site-packages/airflow/example_dags/tutorial_objectstorage.py
[2024-02-14T20:41:40.236+0000] {logging_mixin.py:188} INFO - [2024-02-14T20:41:40.235+0000] {dag.py:3036} INFO - Sync 1 DAGs
[2024-02-14T20:41:40.280+0000] {logging_mixin.py:188} INFO - [2024-02-14T20:41:40.279+0000] {dag.py:3823} INFO - Setting next_dagrun for tutorial_objectstorage to None, run_after=None
[2024-02-14T20:41:40.370+0000] {processor.py:183} INFO - Processing /home/airflow/.local/lib/python3.8/site-packages/airflow/example_dags/tutorial_objectstorage.py took 0.256 seconds
[2024-02-14T20:42:10.801+0000] {processor.py:161} INFO - Started process (PID=2173) to work on /home/airflow/.local/lib/python3.8/site-packages/airflow/example_dags/tutorial_objectstorage.py
[2024-02-14T20:42:10.804+0000] {processor.py:830} INFO - Processing file /home/airflow/.local/lib/python3.8/site-packages/airflow/example_dags/tutorial_objectstorage.py for tasks to queue
[2024-02-14T20:42:10.807+0000] {logging_mixin.py:188} INFO - [2024-02-14T20:42:10.806+0000] {dagbag.py:538} INFO - Filling up the DagBag from /home/airflow/.local/lib/python3.8/site-packages/airflow/example_dags/tutorial_objectstorage.py
[2024-02-14T20:42:10.832+0000] {processor.py:840} INFO - DAG(s) 'tutorial_objectstorage' retrieved from /home/airflow/.local/lib/python3.8/site-packages/airflow/example_dags/tutorial_objectstorage.py
[2024-02-14T20:42:10.896+0000] {logging_mixin.py:188} INFO - [2024-02-14T20:42:10.896+0000] {dag.py:3036} INFO - Sync 1 DAGs
[2024-02-14T20:42:10.940+0000] {logging_mixin.py:188} INFO - [2024-02-14T20:42:10.939+0000] {dag.py:3823} INFO - Setting next_dagrun for tutorial_objectstorage to None, run_after=None
[2024-02-14T20:42:11.004+0000] {processor.py:183} INFO - Processing /home/airflow/.local/lib/python3.8/site-packages/airflow/example_dags/tutorial_objectstorage.py took 0.214 seconds
[2024-02-14T20:42:42.011+0000] {processor.py:161} INFO - Started process (PID=2427) to work on /home/airflow/.local/lib/python3.8/site-packages/airflow/example_dags/tutorial_objectstorage.py
[2024-02-14T20:42:42.013+0000] {processor.py:830} INFO - Processing file /home/airflow/.local/lib/python3.8/site-packages/airflow/example_dags/tutorial_objectstorage.py for tasks to queue
[2024-02-14T20:42:42.015+0000] {logging_mixin.py:188} INFO - [2024-02-14T20:42:42.014+0000] {dagbag.py:538} INFO - Filling up the DagBag from /home/airflow/.local/lib/python3.8/site-packages/airflow/example_dags/tutorial_objectstorage.py
[2024-02-14T20:42:42.031+0000] {processor.py:840} INFO - DAG(s) 'tutorial_objectstorage' retrieved from /home/airflow/.local/lib/python3.8/site-packages/airflow/example_dags/tutorial_objectstorage.py
[2024-02-14T20:42:42.079+0000] {logging_mixin.py:188} INFO - [2024-02-14T20:42:42.078+0000] {dag.py:3036} INFO - Sync 1 DAGs
[2024-02-14T20:42:42.109+0000] {logging_mixin.py:188} INFO - [2024-02-14T20:42:42.108+0000] {dag.py:3823} INFO - Setting next_dagrun for tutorial_objectstorage to None, run_after=None
[2024-02-14T20:42:42.153+0000] {processor.py:183} INFO - Processing /home/airflow/.local/lib/python3.8/site-packages/airflow/example_dags/tutorial_objectstorage.py took 0.153 seconds
[2024-02-14T20:43:12.400+0000] {processor.py:161} INFO - Started process (PID=2674) to work on /home/airflow/.local/lib/python3.8/site-packages/airflow/example_dags/tutorial_objectstorage.py
[2024-02-14T20:43:12.402+0000] {processor.py:830} INFO - Processing file /home/airflow/.local/lib/python3.8/site-packages/airflow/example_dags/tutorial_objectstorage.py for tasks to queue
[2024-02-14T20:43:12.405+0000] {logging_mixin.py:188} INFO - [2024-02-14T20:43:12.404+0000] {dagbag.py:538} INFO - Filling up the DagBag from /home/airflow/.local/lib/python3.8/site-packages/airflow/example_dags/tutorial_objectstorage.py
[2024-02-14T20:43:12.420+0000] {processor.py:840} INFO - DAG(s) 'tutorial_objectstorage' retrieved from /home/airflow/.local/lib/python3.8/site-packages/airflow/example_dags/tutorial_objectstorage.py
[2024-02-14T20:43:12.456+0000] {logging_mixin.py:188} INFO - [2024-02-14T20:43:12.455+0000] {dag.py:3036} INFO - Sync 1 DAGs
[2024-02-14T20:43:12.482+0000] {logging_mixin.py:188} INFO - [2024-02-14T20:43:12.481+0000] {dag.py:3823} INFO - Setting next_dagrun for tutorial_objectstorage to None, run_after=None
[2024-02-14T20:43:12.522+0000] {processor.py:183} INFO - Processing /home/airflow/.local/lib/python3.8/site-packages/airflow/example_dags/tutorial_objectstorage.py took 0.129 seconds
[2024-02-14T20:43:42.811+0000] {processor.py:161} INFO - Started process (PID=2920) to work on /home/airflow/.local/lib/python3.8/site-packages/airflow/example_dags/tutorial_objectstorage.py
[2024-02-14T20:43:42.816+0000] {processor.py:830} INFO - Processing file /home/airflow/.local/lib/python3.8/site-packages/airflow/example_dags/tutorial_objectstorage.py for tasks to queue
[2024-02-14T20:43:42.821+0000] {logging_mixin.py:188} INFO - [2024-02-14T20:43:42.820+0000] {dagbag.py:538} INFO - Filling up the DagBag from /home/airflow/.local/lib/python3.8/site-packages/airflow/example_dags/tutorial_objectstorage.py
[2024-02-14T20:43:42.856+0000] {processor.py:840} INFO - DAG(s) 'tutorial_objectstorage' retrieved from /home/airflow/.local/lib/python3.8/site-packages/airflow/example_dags/tutorial_objectstorage.py
[2024-02-14T20:43:42.906+0000] {logging_mixin.py:188} INFO - [2024-02-14T20:43:42.905+0000] {dag.py:3036} INFO - Sync 1 DAGs
[2024-02-14T20:43:42.969+0000] {logging_mixin.py:188} INFO - [2024-02-14T20:43:42.969+0000] {dag.py:3823} INFO - Setting next_dagrun for tutorial_objectstorage to None, run_after=None
[2024-02-14T20:43:43.009+0000] {processor.py:183} INFO - Processing /home/airflow/.local/lib/python3.8/site-packages/airflow/example_dags/tutorial_objectstorage.py took 0.205 seconds
[2024-02-14T20:44:13.338+0000] {processor.py:161} INFO - Started process (PID=3168) to work on /home/airflow/.local/lib/python3.8/site-packages/airflow/example_dags/tutorial_objectstorage.py
[2024-02-14T20:44:13.339+0000] {processor.py:830} INFO - Processing file /home/airflow/.local/lib/python3.8/site-packages/airflow/example_dags/tutorial_objectstorage.py for tasks to queue
[2024-02-14T20:44:13.341+0000] {logging_mixin.py:188} INFO - [2024-02-14T20:44:13.341+0000] {dagbag.py:538} INFO - Filling up the DagBag from /home/airflow/.local/lib/python3.8/site-packages/airflow/example_dags/tutorial_objectstorage.py
[2024-02-14T20:44:13.351+0000] {processor.py:840} INFO - DAG(s) 'tutorial_objectstorage' retrieved from /home/airflow/.local/lib/python3.8/site-packages/airflow/example_dags/tutorial_objectstorage.py
[2024-02-14T20:44:13.379+0000] {logging_mixin.py:188} INFO - [2024-02-14T20:44:13.378+0000] {dag.py:3036} INFO - Sync 1 DAGs
[2024-02-14T20:44:13.398+0000] {logging_mixin.py:188} INFO - [2024-02-14T20:44:13.397+0000] {dag.py:3823} INFO - Setting next_dagrun for tutorial_objectstorage to None, run_after=None
[2024-02-14T20:44:13.428+0000] {processor.py:183} INFO - Processing /home/airflow/.local/lib/python3.8/site-packages/airflow/example_dags/tutorial_objectstorage.py took 0.095 seconds
[2024-02-14T20:44:44.655+0000] {processor.py:161} INFO - Started process (PID=3415) to work on /home/airflow/.local/lib/python3.8/site-packages/airflow/example_dags/tutorial_objectstorage.py
[2024-02-14T20:44:44.659+0000] {processor.py:830} INFO - Processing file /home/airflow/.local/lib/python3.8/site-packages/airflow/example_dags/tutorial_objectstorage.py for tasks to queue
[2024-02-14T20:44:44.663+0000] {logging_mixin.py:188} INFO - [2024-02-14T20:44:44.662+0000] {dagbag.py:538} INFO - Filling up the DagBag from /home/airflow/.local/lib/python3.8/site-packages/airflow/example_dags/tutorial_objectstorage.py
[2024-02-14T20:44:44.683+0000] {processor.py:840} INFO - DAG(s) 'tutorial_objectstorage' retrieved from /home/airflow/.local/lib/python3.8/site-packages/airflow/example_dags/tutorial_objectstorage.py
[2024-02-14T20:44:44.789+0000] {logging_mixin.py:188} INFO - [2024-02-14T20:44:44.788+0000] {dag.py:3036} INFO - Sync 1 DAGs
[2024-02-14T20:44:44.905+0000] {logging_mixin.py:188} INFO - [2024-02-14T20:44:44.902+0000] {dag.py:3823} INFO - Setting next_dagrun for tutorial_objectstorage to None, run_after=None
[2024-02-14T20:44:45.043+0000] {processor.py:183} INFO - Processing /home/airflow/.local/lib/python3.8/site-packages/airflow/example_dags/tutorial_objectstorage.py took 0.395 seconds
[2024-02-14T20:45:15.764+0000] {processor.py:161} INFO - Started process (PID=3663) to work on /home/airflow/.local/lib/python3.8/site-packages/airflow/example_dags/tutorial_objectstorage.py
[2024-02-14T20:45:15.767+0000] {processor.py:830} INFO - Processing file /home/airflow/.local/lib/python3.8/site-packages/airflow/example_dags/tutorial_objectstorage.py for tasks to queue
[2024-02-14T20:45:15.769+0000] {logging_mixin.py:188} INFO - [2024-02-14T20:45:15.769+0000] {dagbag.py:538} INFO - Filling up the DagBag from /home/airflow/.local/lib/python3.8/site-packages/airflow/example_dags/tutorial_objectstorage.py
[2024-02-14T20:45:15.785+0000] {processor.py:840} INFO - DAG(s) 'tutorial_objectstorage' retrieved from /home/airflow/.local/lib/python3.8/site-packages/airflow/example_dags/tutorial_objectstorage.py
[2024-02-14T20:45:15.828+0000] {logging_mixin.py:188} INFO - [2024-02-14T20:45:15.827+0000] {dag.py:3036} INFO - Sync 1 DAGs
[2024-02-14T20:45:15.855+0000] {logging_mixin.py:188} INFO - [2024-02-14T20:45:15.854+0000] {dag.py:3823} INFO - Setting next_dagrun for tutorial_objectstorage to None, run_after=None
[2024-02-14T20:45:15.937+0000] {processor.py:183} INFO - Processing /home/airflow/.local/lib/python3.8/site-packages/airflow/example_dags/tutorial_objectstorage.py took 0.181 seconds
[2024-02-14T20:45:46.528+0000] {processor.py:161} INFO - Started process (PID=3910) to work on /home/airflow/.local/lib/python3.8/site-packages/airflow/example_dags/tutorial_objectstorage.py
[2024-02-14T20:45:46.533+0000] {processor.py:830} INFO - Processing file /home/airflow/.local/lib/python3.8/site-packages/airflow/example_dags/tutorial_objectstorage.py for tasks to queue
[2024-02-14T20:45:46.536+0000] {logging_mixin.py:188} INFO - [2024-02-14T20:45:46.535+0000] {dagbag.py:538} INFO - Filling up the DagBag from /home/airflow/.local/lib/python3.8/site-packages/airflow/example_dags/tutorial_objectstorage.py
[2024-02-14T20:45:46.558+0000] {processor.py:840} INFO - DAG(s) 'tutorial_objectstorage' retrieved from /home/airflow/.local/lib/python3.8/site-packages/airflow/example_dags/tutorial_objectstorage.py
[2024-02-14T20:45:46.602+0000] {logging_mixin.py:188} INFO - [2024-02-14T20:45:46.602+0000] {dag.py:3036} INFO - Sync 1 DAGs
[2024-02-14T20:45:46.633+0000] {logging_mixin.py:188} INFO - [2024-02-14T20:45:46.633+0000] {dag.py:3823} INFO - Setting next_dagrun for tutorial_objectstorage to None, run_after=None
[2024-02-14T20:45:46.671+0000] {processor.py:183} INFO - Processing /home/airflow/.local/lib/python3.8/site-packages/airflow/example_dags/tutorial_objectstorage.py took 0.153 seconds
[2024-02-14T20:46:17.073+0000] {processor.py:161} INFO - Started process (PID=4157) to work on /home/airflow/.local/lib/python3.8/site-packages/airflow/example_dags/tutorial_objectstorage.py
[2024-02-14T20:46:17.078+0000] {processor.py:830} INFO - Processing file /home/airflow/.local/lib/python3.8/site-packages/airflow/example_dags/tutorial_objectstorage.py for tasks to queue
[2024-02-14T20:46:17.082+0000] {logging_mixin.py:188} INFO - [2024-02-14T20:46:17.081+0000] {dagbag.py:538} INFO - Filling up the DagBag from /home/airflow/.local/lib/python3.8/site-packages/airflow/example_dags/tutorial_objectstorage.py
[2024-02-14T20:46:17.118+0000] {processor.py:840} INFO - DAG(s) 'tutorial_objectstorage' retrieved from /home/airflow/.local/lib/python3.8/site-packages/airflow/example_dags/tutorial_objectstorage.py
[2024-02-14T20:46:17.174+0000] {logging_mixin.py:188} INFO - [2024-02-14T20:46:17.173+0000] {dag.py:3036} INFO - Sync 1 DAGs
[2024-02-14T20:46:17.193+0000] {logging_mixin.py:188} INFO - [2024-02-14T20:46:17.193+0000] {dag.py:3823} INFO - Setting next_dagrun for tutorial_objectstorage to None, run_after=None
[2024-02-14T20:46:17.221+0000] {processor.py:183} INFO - Processing /home/airflow/.local/lib/python3.8/site-packages/airflow/example_dags/tutorial_objectstorage.py took 0.167 seconds
[2024-02-14T20:46:47.864+0000] {processor.py:161} INFO - Started process (PID=4405) to work on /home/airflow/.local/lib/python3.8/site-packages/airflow/example_dags/tutorial_objectstorage.py
[2024-02-14T20:46:47.865+0000] {processor.py:830} INFO - Processing file /home/airflow/.local/lib/python3.8/site-packages/airflow/example_dags/tutorial_objectstorage.py for tasks to queue
[2024-02-14T20:46:47.867+0000] {logging_mixin.py:188} INFO - [2024-02-14T20:46:47.867+0000] {dagbag.py:538} INFO - Filling up the DagBag from /home/airflow/.local/lib/python3.8/site-packages/airflow/example_dags/tutorial_objectstorage.py
[2024-02-14T20:46:47.881+0000] {processor.py:840} INFO - DAG(s) 'tutorial_objectstorage' retrieved from /home/airflow/.local/lib/python3.8/site-packages/airflow/example_dags/tutorial_objectstorage.py
[2024-02-14T20:46:47.923+0000] {logging_mixin.py:188} INFO - [2024-02-14T20:46:47.923+0000] {dag.py:3036} INFO - Sync 1 DAGs
[2024-02-14T20:46:47.946+0000] {logging_mixin.py:188} INFO - [2024-02-14T20:46:47.946+0000] {dag.py:3823} INFO - Setting next_dagrun for tutorial_objectstorage to None, run_after=None
[2024-02-14T20:46:47.984+0000] {processor.py:183} INFO - Processing /home/airflow/.local/lib/python3.8/site-packages/airflow/example_dags/tutorial_objectstorage.py took 0.127 seconds
[2024-02-14T20:47:18.822+0000] {processor.py:161} INFO - Started process (PID=4652) to work on /home/airflow/.local/lib/python3.8/site-packages/airflow/example_dags/tutorial_objectstorage.py
[2024-02-14T20:47:18.823+0000] {processor.py:830} INFO - Processing file /home/airflow/.local/lib/python3.8/site-packages/airflow/example_dags/tutorial_objectstorage.py for tasks to queue
[2024-02-14T20:47:18.825+0000] {logging_mixin.py:188} INFO - [2024-02-14T20:47:18.824+0000] {dagbag.py:538} INFO - Filling up the DagBag from /home/airflow/.local/lib/python3.8/site-packages/airflow/example_dags/tutorial_objectstorage.py
[2024-02-14T20:47:18.837+0000] {processor.py:840} INFO - DAG(s) 'tutorial_objectstorage' retrieved from /home/airflow/.local/lib/python3.8/site-packages/airflow/example_dags/tutorial_objectstorage.py
[2024-02-14T20:47:18.870+0000] {logging_mixin.py:188} INFO - [2024-02-14T20:47:18.869+0000] {dag.py:3036} INFO - Sync 1 DAGs
[2024-02-14T20:47:18.893+0000] {logging_mixin.py:188} INFO - [2024-02-14T20:47:18.892+0000] {dag.py:3823} INFO - Setting next_dagrun for tutorial_objectstorage to None, run_after=None
[2024-02-14T20:47:18.928+0000] {processor.py:183} INFO - Processing /home/airflow/.local/lib/python3.8/site-packages/airflow/example_dags/tutorial_objectstorage.py took 0.111 seconds
[2024-02-14T20:47:49.286+0000] {processor.py:161} INFO - Started process (PID=4899) to work on /home/airflow/.local/lib/python3.8/site-packages/airflow/example_dags/tutorial_objectstorage.py
[2024-02-14T20:47:49.290+0000] {processor.py:830} INFO - Processing file /home/airflow/.local/lib/python3.8/site-packages/airflow/example_dags/tutorial_objectstorage.py for tasks to queue
[2024-02-14T20:47:49.295+0000] {logging_mixin.py:188} INFO - [2024-02-14T20:47:49.294+0000] {dagbag.py:538} INFO - Filling up the DagBag from /home/airflow/.local/lib/python3.8/site-packages/airflow/example_dags/tutorial_objectstorage.py
[2024-02-14T20:47:49.324+0000] {processor.py:840} INFO - DAG(s) 'tutorial_objectstorage' retrieved from /home/airflow/.local/lib/python3.8/site-packages/airflow/example_dags/tutorial_objectstorage.py
[2024-02-14T20:47:49.376+0000] {logging_mixin.py:188} INFO - [2024-02-14T20:47:49.376+0000] {dag.py:3036} INFO - Sync 1 DAGs
[2024-02-14T20:47:49.405+0000] {logging_mixin.py:188} INFO - [2024-02-14T20:47:49.405+0000] {dag.py:3823} INFO - Setting next_dagrun for tutorial_objectstorage to None, run_after=None
[2024-02-14T20:47:49.469+0000] {processor.py:183} INFO - Processing /home/airflow/.local/lib/python3.8/site-packages/airflow/example_dags/tutorial_objectstorage.py took 0.196 seconds
[2024-02-14T20:48:19.842+0000] {processor.py:161} INFO - Started process (PID=5146) to work on /home/airflow/.local/lib/python3.8/site-packages/airflow/example_dags/tutorial_objectstorage.py
[2024-02-14T20:48:19.844+0000] {processor.py:830} INFO - Processing file /home/airflow/.local/lib/python3.8/site-packages/airflow/example_dags/tutorial_objectstorage.py for tasks to queue
[2024-02-14T20:48:19.846+0000] {logging_mixin.py:188} INFO - [2024-02-14T20:48:19.846+0000] {dagbag.py:538} INFO - Filling up the DagBag from /home/airflow/.local/lib/python3.8/site-packages/airflow/example_dags/tutorial_objectstorage.py
[2024-02-14T20:48:19.863+0000] {processor.py:840} INFO - DAG(s) 'tutorial_objectstorage' retrieved from /home/airflow/.local/lib/python3.8/site-packages/airflow/example_dags/tutorial_objectstorage.py
[2024-02-14T20:48:19.899+0000] {logging_mixin.py:188} INFO - [2024-02-14T20:48:19.899+0000] {dag.py:3036} INFO - Sync 1 DAGs
[2024-02-14T20:48:19.921+0000] {logging_mixin.py:188} INFO - [2024-02-14T20:48:19.920+0000] {dag.py:3823} INFO - Setting next_dagrun for tutorial_objectstorage to None, run_after=None
[2024-02-14T20:48:19.960+0000] {processor.py:183} INFO - Processing /home/airflow/.local/lib/python3.8/site-packages/airflow/example_dags/tutorial_objectstorage.py took 0.124 seconds
[2024-02-14T20:48:50.391+0000] {processor.py:161} INFO - Started process (PID=5393) to work on /home/airflow/.local/lib/python3.8/site-packages/airflow/example_dags/tutorial_objectstorage.py
[2024-02-14T20:48:50.395+0000] {processor.py:830} INFO - Processing file /home/airflow/.local/lib/python3.8/site-packages/airflow/example_dags/tutorial_objectstorage.py for tasks to queue
[2024-02-14T20:48:50.399+0000] {logging_mixin.py:188} INFO - [2024-02-14T20:48:50.397+0000] {dagbag.py:538} INFO - Filling up the DagBag from /home/airflow/.local/lib/python3.8/site-packages/airflow/example_dags/tutorial_objectstorage.py
[2024-02-14T20:48:50.425+0000] {processor.py:840} INFO - DAG(s) 'tutorial_objectstorage' retrieved from /home/airflow/.local/lib/python3.8/site-packages/airflow/example_dags/tutorial_objectstorage.py
[2024-02-14T20:48:50.496+0000] {logging_mixin.py:188} INFO - [2024-02-14T20:48:50.496+0000] {dag.py:3036} INFO - Sync 1 DAGs
[2024-02-14T20:48:50.552+0000] {logging_mixin.py:188} INFO - [2024-02-14T20:48:50.550+0000] {dag.py:3823} INFO - Setting next_dagrun for tutorial_objectstorage to None, run_after=None
[2024-02-14T20:48:50.627+0000] {processor.py:183} INFO - Processing /home/airflow/.local/lib/python3.8/site-packages/airflow/example_dags/tutorial_objectstorage.py took 0.247 seconds
[2024-02-14T20:49:20.814+0000] {processor.py:161} INFO - Started process (PID=5641) to work on /home/airflow/.local/lib/python3.8/site-packages/airflow/example_dags/tutorial_objectstorage.py
[2024-02-14T20:49:20.816+0000] {processor.py:830} INFO - Processing file /home/airflow/.local/lib/python3.8/site-packages/airflow/example_dags/tutorial_objectstorage.py for tasks to queue
[2024-02-14T20:49:20.817+0000] {logging_mixin.py:188} INFO - [2024-02-14T20:49:20.817+0000] {dagbag.py:538} INFO - Filling up the DagBag from /home/airflow/.local/lib/python3.8/site-packages/airflow/example_dags/tutorial_objectstorage.py
[2024-02-14T20:49:20.829+0000] {processor.py:840} INFO - DAG(s) 'tutorial_objectstorage' retrieved from /home/airflow/.local/lib/python3.8/site-packages/airflow/example_dags/tutorial_objectstorage.py
[2024-02-14T20:49:20.873+0000] {logging_mixin.py:188} INFO - [2024-02-14T20:49:20.872+0000] {dag.py:3036} INFO - Sync 1 DAGs
[2024-02-14T20:49:20.896+0000] {logging_mixin.py:188} INFO - [2024-02-14T20:49:20.895+0000] {dag.py:3823} INFO - Setting next_dagrun for tutorial_objectstorage to None, run_after=None
[2024-02-14T20:49:20.929+0000] {processor.py:183} INFO - Processing /home/airflow/.local/lib/python3.8/site-packages/airflow/example_dags/tutorial_objectstorage.py took 0.120 seconds
[2024-02-14T20:49:51.452+0000] {processor.py:161} INFO - Started process (PID=5889) to work on /home/airflow/.local/lib/python3.8/site-packages/airflow/example_dags/tutorial_objectstorage.py
[2024-02-14T20:49:51.454+0000] {processor.py:830} INFO - Processing file /home/airflow/.local/lib/python3.8/site-packages/airflow/example_dags/tutorial_objectstorage.py for tasks to queue
[2024-02-14T20:49:51.457+0000] {logging_mixin.py:188} INFO - [2024-02-14T20:49:51.456+0000] {dagbag.py:538} INFO - Filling up the DagBag from /home/airflow/.local/lib/python3.8/site-packages/airflow/example_dags/tutorial_objectstorage.py
[2024-02-14T20:49:51.471+0000] {processor.py:840} INFO - DAG(s) 'tutorial_objectstorage' retrieved from /home/airflow/.local/lib/python3.8/site-packages/airflow/example_dags/tutorial_objectstorage.py
[2024-02-14T20:49:51.511+0000] {logging_mixin.py:188} INFO - [2024-02-14T20:49:51.511+0000] {dag.py:3036} INFO - Sync 1 DAGs
[2024-02-14T20:49:51.538+0000] {logging_mixin.py:188} INFO - [2024-02-14T20:49:51.538+0000] {dag.py:3823} INFO - Setting next_dagrun for tutorial_objectstorage to None, run_after=None
[2024-02-14T20:49:51.578+0000] {processor.py:183} INFO - Processing /home/airflow/.local/lib/python3.8/site-packages/airflow/example_dags/tutorial_objectstorage.py took 0.133 seconds
[2024-02-14T20:50:22.125+0000] {processor.py:161} INFO - Started process (PID=6136) to work on /home/airflow/.local/lib/python3.8/site-packages/airflow/example_dags/tutorial_objectstorage.py
[2024-02-14T20:50:22.127+0000] {processor.py:830} INFO - Processing file /home/airflow/.local/lib/python3.8/site-packages/airflow/example_dags/tutorial_objectstorage.py for tasks to queue
[2024-02-14T20:50:22.129+0000] {logging_mixin.py:188} INFO - [2024-02-14T20:50:22.129+0000] {dagbag.py:538} INFO - Filling up the DagBag from /home/airflow/.local/lib/python3.8/site-packages/airflow/example_dags/tutorial_objectstorage.py
[2024-02-14T20:50:22.142+0000] {processor.py:840} INFO - DAG(s) 'tutorial_objectstorage' retrieved from /home/airflow/.local/lib/python3.8/site-packages/airflow/example_dags/tutorial_objectstorage.py
[2024-02-14T20:50:22.179+0000] {logging_mixin.py:188} INFO - [2024-02-14T20:50:22.178+0000] {dag.py:3036} INFO - Sync 1 DAGs
[2024-02-14T20:50:22.200+0000] {logging_mixin.py:188} INFO - [2024-02-14T20:50:22.199+0000] {dag.py:3823} INFO - Setting next_dagrun for tutorial_objectstorage to None, run_after=None
[2024-02-14T20:50:22.234+0000] {processor.py:183} INFO - Processing /home/airflow/.local/lib/python3.8/site-packages/airflow/example_dags/tutorial_objectstorage.py took 0.114 seconds
[2024-02-14T20:50:53.544+0000] {processor.py:161} INFO - Started process (PID=6384) to work on /home/airflow/.local/lib/python3.8/site-packages/airflow/example_dags/tutorial_objectstorage.py
[2024-02-14T20:50:53.547+0000] {processor.py:830} INFO - Processing file /home/airflow/.local/lib/python3.8/site-packages/airflow/example_dags/tutorial_objectstorage.py for tasks to queue
[2024-02-14T20:50:53.551+0000] {logging_mixin.py:188} INFO - [2024-02-14T20:50:53.550+0000] {dagbag.py:538} INFO - Filling up the DagBag from /home/airflow/.local/lib/python3.8/site-packages/airflow/example_dags/tutorial_objectstorage.py
[2024-02-14T20:50:53.577+0000] {processor.py:840} INFO - DAG(s) 'tutorial_objectstorage' retrieved from /home/airflow/.local/lib/python3.8/site-packages/airflow/example_dags/tutorial_objectstorage.py
[2024-02-14T20:50:53.646+0000] {logging_mixin.py:188} INFO - [2024-02-14T20:50:53.645+0000] {dag.py:3036} INFO - Sync 1 DAGs
[2024-02-14T20:50:53.696+0000] {logging_mixin.py:188} INFO - [2024-02-14T20:50:53.695+0000] {dag.py:3823} INFO - Setting next_dagrun for tutorial_objectstorage to None, run_after=None
[2024-02-14T20:50:53.776+0000] {processor.py:183} INFO - Processing /home/airflow/.local/lib/python3.8/site-packages/airflow/example_dags/tutorial_objectstorage.py took 0.241 seconds
[2024-02-14T20:51:23.949+0000] {processor.py:161} INFO - Started process (PID=6634) to work on /home/airflow/.local/lib/python3.8/site-packages/airflow/example_dags/tutorial_objectstorage.py
[2024-02-14T20:51:23.951+0000] {processor.py:830} INFO - Processing file /home/airflow/.local/lib/python3.8/site-packages/airflow/example_dags/tutorial_objectstorage.py for tasks to queue
[2024-02-14T20:51:23.953+0000] {logging_mixin.py:188} INFO - [2024-02-14T20:51:23.952+0000] {dagbag.py:538} INFO - Filling up the DagBag from /home/airflow/.local/lib/python3.8/site-packages/airflow/example_dags/tutorial_objectstorage.py
[2024-02-14T20:51:23.963+0000] {processor.py:840} INFO - DAG(s) 'tutorial_objectstorage' retrieved from /home/airflow/.local/lib/python3.8/site-packages/airflow/example_dags/tutorial_objectstorage.py
[2024-02-14T20:51:23.993+0000] {logging_mixin.py:188} INFO - [2024-02-14T20:51:23.992+0000] {dag.py:3036} INFO - Sync 1 DAGs
[2024-02-14T20:51:24.011+0000] {logging_mixin.py:188} INFO - [2024-02-14T20:51:24.011+0000] {dag.py:3823} INFO - Setting next_dagrun for tutorial_objectstorage to None, run_after=None
[2024-02-14T20:51:24.041+0000] {processor.py:183} INFO - Processing /home/airflow/.local/lib/python3.8/site-packages/airflow/example_dags/tutorial_objectstorage.py took 0.096 seconds
[2024-02-14T20:51:54.249+0000] {processor.py:161} INFO - Started process (PID=6879) to work on /home/airflow/.local/lib/python3.8/site-packages/airflow/example_dags/tutorial_objectstorage.py
[2024-02-14T20:51:54.251+0000] {processor.py:830} INFO - Processing file /home/airflow/.local/lib/python3.8/site-packages/airflow/example_dags/tutorial_objectstorage.py for tasks to queue
[2024-02-14T20:51:54.252+0000] {logging_mixin.py:188} INFO - [2024-02-14T20:51:54.252+0000] {dagbag.py:538} INFO - Filling up the DagBag from /home/airflow/.local/lib/python3.8/site-packages/airflow/example_dags/tutorial_objectstorage.py
[2024-02-14T20:51:54.263+0000] {processor.py:840} INFO - DAG(s) 'tutorial_objectstorage' retrieved from /home/airflow/.local/lib/python3.8/site-packages/airflow/example_dags/tutorial_objectstorage.py
[2024-02-14T20:51:54.297+0000] {logging_mixin.py:188} INFO - [2024-02-14T20:51:54.296+0000] {dag.py:3036} INFO - Sync 1 DAGs
[2024-02-14T20:51:54.317+0000] {logging_mixin.py:188} INFO - [2024-02-14T20:51:54.316+0000] {dag.py:3823} INFO - Setting next_dagrun for tutorial_objectstorage to None, run_after=None
[2024-02-14T20:51:54.347+0000] {processor.py:183} INFO - Processing /home/airflow/.local/lib/python3.8/site-packages/airflow/example_dags/tutorial_objectstorage.py took 0.104 seconds
[2024-02-14T20:52:25.501+0000] {processor.py:161} INFO - Started process (PID=7126) to work on /home/airflow/.local/lib/python3.8/site-packages/airflow/example_dags/tutorial_objectstorage.py
[2024-02-14T20:52:25.503+0000] {processor.py:830} INFO - Processing file /home/airflow/.local/lib/python3.8/site-packages/airflow/example_dags/tutorial_objectstorage.py for tasks to queue
[2024-02-14T20:52:25.505+0000] {logging_mixin.py:188} INFO - [2024-02-14T20:52:25.505+0000] {dagbag.py:538} INFO - Filling up the DagBag from /home/airflow/.local/lib/python3.8/site-packages/airflow/example_dags/tutorial_objectstorage.py
[2024-02-14T20:52:25.520+0000] {processor.py:840} INFO - DAG(s) 'tutorial_objectstorage' retrieved from /home/airflow/.local/lib/python3.8/site-packages/airflow/example_dags/tutorial_objectstorage.py
[2024-02-14T20:52:25.560+0000] {logging_mixin.py:188} INFO - [2024-02-14T20:52:25.559+0000] {dag.py:3036} INFO - Sync 1 DAGs
[2024-02-14T20:52:25.586+0000] {logging_mixin.py:188} INFO - [2024-02-14T20:52:25.585+0000] {dag.py:3823} INFO - Setting next_dagrun for tutorial_objectstorage to None, run_after=None
[2024-02-14T20:52:25.637+0000] {processor.py:183} INFO - Processing /home/airflow/.local/lib/python3.8/site-packages/airflow/example_dags/tutorial_objectstorage.py took 0.144 seconds
[2024-02-14T20:52:56.423+0000] {processor.py:161} INFO - Started process (PID=7373) to work on /home/airflow/.local/lib/python3.8/site-packages/airflow/example_dags/tutorial_objectstorage.py
[2024-02-14T20:52:56.424+0000] {processor.py:830} INFO - Processing file /home/airflow/.local/lib/python3.8/site-packages/airflow/example_dags/tutorial_objectstorage.py for tasks to queue
[2024-02-14T20:52:56.426+0000] {logging_mixin.py:188} INFO - [2024-02-14T20:52:56.426+0000] {dagbag.py:538} INFO - Filling up the DagBag from /home/airflow/.local/lib/python3.8/site-packages/airflow/example_dags/tutorial_objectstorage.py
[2024-02-14T20:52:56.438+0000] {processor.py:840} INFO - DAG(s) 'tutorial_objectstorage' retrieved from /home/airflow/.local/lib/python3.8/site-packages/airflow/example_dags/tutorial_objectstorage.py
[2024-02-14T20:52:56.476+0000] {logging_mixin.py:188} INFO - [2024-02-14T20:52:56.475+0000] {dag.py:3036} INFO - Sync 1 DAGs
[2024-02-14T20:52:56.500+0000] {logging_mixin.py:188} INFO - [2024-02-14T20:52:56.499+0000] {dag.py:3823} INFO - Setting next_dagrun for tutorial_objectstorage to None, run_after=None
[2024-02-14T20:52:56.532+0000] {processor.py:183} INFO - Processing /home/airflow/.local/lib/python3.8/site-packages/airflow/example_dags/tutorial_objectstorage.py took 0.114 seconds
[2024-02-14T20:53:26.973+0000] {processor.py:161} INFO - Started process (PID=7622) to work on /home/airflow/.local/lib/python3.8/site-packages/airflow/example_dags/tutorial_objectstorage.py
[2024-02-14T20:53:26.975+0000] {processor.py:830} INFO - Processing file /home/airflow/.local/lib/python3.8/site-packages/airflow/example_dags/tutorial_objectstorage.py for tasks to queue
[2024-02-14T20:53:26.976+0000] {logging_mixin.py:188} INFO - [2024-02-14T20:53:26.976+0000] {dagbag.py:538} INFO - Filling up the DagBag from /home/airflow/.local/lib/python3.8/site-packages/airflow/example_dags/tutorial_objectstorage.py
[2024-02-14T20:53:26.986+0000] {processor.py:840} INFO - DAG(s) 'tutorial_objectstorage' retrieved from /home/airflow/.local/lib/python3.8/site-packages/airflow/example_dags/tutorial_objectstorage.py
[2024-02-14T20:53:27.014+0000] {logging_mixin.py:188} INFO - [2024-02-14T20:53:27.014+0000] {dag.py:3036} INFO - Sync 1 DAGs
[2024-02-14T20:53:27.031+0000] {logging_mixin.py:188} INFO - [2024-02-14T20:53:27.031+0000] {dag.py:3823} INFO - Setting next_dagrun for tutorial_objectstorage to None, run_after=None
[2024-02-14T20:53:27.060+0000] {processor.py:183} INFO - Processing /home/airflow/.local/lib/python3.8/site-packages/airflow/example_dags/tutorial_objectstorage.py took 0.092 seconds
[2024-02-14T20:53:57.325+0000] {processor.py:161} INFO - Started process (PID=7861) to work on /home/airflow/.local/lib/python3.8/site-packages/airflow/example_dags/tutorial_objectstorage.py
[2024-02-14T20:53:57.327+0000] {processor.py:830} INFO - Processing file /home/airflow/.local/lib/python3.8/site-packages/airflow/example_dags/tutorial_objectstorage.py for tasks to queue
[2024-02-14T20:53:57.329+0000] {logging_mixin.py:188} INFO - [2024-02-14T20:53:57.328+0000] {dagbag.py:538} INFO - Filling up the DagBag from /home/airflow/.local/lib/python3.8/site-packages/airflow/example_dags/tutorial_objectstorage.py
[2024-02-14T20:53:57.344+0000] {processor.py:840} INFO - DAG(s) 'tutorial_objectstorage' retrieved from /home/airflow/.local/lib/python3.8/site-packages/airflow/example_dags/tutorial_objectstorage.py
[2024-02-14T20:53:57.380+0000] {logging_mixin.py:188} INFO - [2024-02-14T20:53:57.380+0000] {dag.py:3036} INFO - Sync 1 DAGs
[2024-02-14T20:53:57.410+0000] {logging_mixin.py:188} INFO - [2024-02-14T20:53:57.410+0000] {dag.py:3823} INFO - Setting next_dagrun for tutorial_objectstorage to None, run_after=None
[2024-02-14T20:53:57.453+0000] {processor.py:183} INFO - Processing /home/airflow/.local/lib/python3.8/site-packages/airflow/example_dags/tutorial_objectstorage.py took 0.134 seconds
[2024-02-14T20:54:27.984+0000] {processor.py:161} INFO - Started process (PID=8108) to work on /home/airflow/.local/lib/python3.8/site-packages/airflow/example_dags/tutorial_objectstorage.py
[2024-02-14T20:54:27.988+0000] {processor.py:830} INFO - Processing file /home/airflow/.local/lib/python3.8/site-packages/airflow/example_dags/tutorial_objectstorage.py for tasks to queue
[2024-02-14T20:54:27.991+0000] {logging_mixin.py:188} INFO - [2024-02-14T20:54:27.990+0000] {dagbag.py:538} INFO - Filling up the DagBag from /home/airflow/.local/lib/python3.8/site-packages/airflow/example_dags/tutorial_objectstorage.py
[2024-02-14T20:54:28.012+0000] {processor.py:840} INFO - DAG(s) 'tutorial_objectstorage' retrieved from /home/airflow/.local/lib/python3.8/site-packages/airflow/example_dags/tutorial_objectstorage.py
[2024-02-14T20:54:28.067+0000] {logging_mixin.py:188} INFO - [2024-02-14T20:54:28.067+0000] {dag.py:3036} INFO - Sync 1 DAGs
[2024-02-14T20:54:28.113+0000] {logging_mixin.py:188} INFO - [2024-02-14T20:54:28.112+0000] {dag.py:3823} INFO - Setting next_dagrun for tutorial_objectstorage to None, run_after=None
[2024-02-14T20:54:28.161+0000] {processor.py:183} INFO - Processing /home/airflow/.local/lib/python3.8/site-packages/airflow/example_dags/tutorial_objectstorage.py took 0.185 seconds
[2024-02-14T20:54:58.984+0000] {processor.py:161} INFO - Started process (PID=8355) to work on /home/airflow/.local/lib/python3.8/site-packages/airflow/example_dags/tutorial_objectstorage.py
[2024-02-14T20:54:59.016+0000] {processor.py:830} INFO - Processing file /home/airflow/.local/lib/python3.8/site-packages/airflow/example_dags/tutorial_objectstorage.py for tasks to queue
[2024-02-14T20:54:59.019+0000] {logging_mixin.py:188} INFO - [2024-02-14T20:54:59.018+0000] {dagbag.py:538} INFO - Filling up the DagBag from /home/airflow/.local/lib/python3.8/site-packages/airflow/example_dags/tutorial_objectstorage.py
[2024-02-14T20:54:59.041+0000] {processor.py:840} INFO - DAG(s) 'tutorial_objectstorage' retrieved from /home/airflow/.local/lib/python3.8/site-packages/airflow/example_dags/tutorial_objectstorage.py
[2024-02-14T20:54:59.077+0000] {logging_mixin.py:188} INFO - [2024-02-14T20:54:59.077+0000] {dag.py:3036} INFO - Sync 1 DAGs
[2024-02-14T20:54:59.102+0000] {logging_mixin.py:188} INFO - [2024-02-14T20:54:59.101+0000] {dag.py:3823} INFO - Setting next_dagrun for tutorial_objectstorage to None, run_after=None
[2024-02-14T20:54:59.138+0000] {processor.py:183} INFO - Processing /home/airflow/.local/lib/python3.8/site-packages/airflow/example_dags/tutorial_objectstorage.py took 0.195 seconds
[2024-02-14T20:55:29.757+0000] {processor.py:161} INFO - Started process (PID=8602) to work on /home/airflow/.local/lib/python3.8/site-packages/airflow/example_dags/tutorial_objectstorage.py
[2024-02-14T20:55:29.760+0000] {processor.py:830} INFO - Processing file /home/airflow/.local/lib/python3.8/site-packages/airflow/example_dags/tutorial_objectstorage.py for tasks to queue
[2024-02-14T20:55:29.764+0000] {logging_mixin.py:188} INFO - [2024-02-14T20:55:29.763+0000] {dagbag.py:538} INFO - Filling up the DagBag from /home/airflow/.local/lib/python3.8/site-packages/airflow/example_dags/tutorial_objectstorage.py
[2024-02-14T20:55:29.789+0000] {processor.py:840} INFO - DAG(s) 'tutorial_objectstorage' retrieved from /home/airflow/.local/lib/python3.8/site-packages/airflow/example_dags/tutorial_objectstorage.py
[2024-02-14T20:55:29.859+0000] {logging_mixin.py:188} INFO - [2024-02-14T20:55:29.858+0000] {dag.py:3036} INFO - Sync 1 DAGs
[2024-02-14T20:55:29.908+0000] {logging_mixin.py:188} INFO - [2024-02-14T20:55:29.907+0000] {dag.py:3823} INFO - Setting next_dagrun for tutorial_objectstorage to None, run_after=None
[2024-02-14T20:55:29.983+0000] {processor.py:183} INFO - Processing /home/airflow/.local/lib/python3.8/site-packages/airflow/example_dags/tutorial_objectstorage.py took 0.237 seconds
[2024-02-14T20:56:00.334+0000] {processor.py:161} INFO - Started process (PID=8849) to work on /home/airflow/.local/lib/python3.8/site-packages/airflow/example_dags/tutorial_objectstorage.py
[2024-02-14T20:56:00.337+0000] {processor.py:830} INFO - Processing file /home/airflow/.local/lib/python3.8/site-packages/airflow/example_dags/tutorial_objectstorage.py for tasks to queue
[2024-02-14T20:56:00.340+0000] {logging_mixin.py:188} INFO - [2024-02-14T20:56:00.339+0000] {dagbag.py:538} INFO - Filling up the DagBag from /home/airflow/.local/lib/python3.8/site-packages/airflow/example_dags/tutorial_objectstorage.py
[2024-02-14T20:56:00.355+0000] {processor.py:840} INFO - DAG(s) 'tutorial_objectstorage' retrieved from /home/airflow/.local/lib/python3.8/site-packages/airflow/example_dags/tutorial_objectstorage.py
[2024-02-14T20:56:00.416+0000] {logging_mixin.py:188} INFO - [2024-02-14T20:56:00.415+0000] {dag.py:3036} INFO - Sync 1 DAGs
[2024-02-14T20:56:00.440+0000] {logging_mixin.py:188} INFO - [2024-02-14T20:56:00.440+0000] {dag.py:3823} INFO - Setting next_dagrun for tutorial_objectstorage to None, run_after=None
[2024-02-14T20:56:00.491+0000] {processor.py:183} INFO - Processing /home/airflow/.local/lib/python3.8/site-packages/airflow/example_dags/tutorial_objectstorage.py took 0.164 seconds
[2024-02-14T20:56:30.646+0000] {processor.py:161} INFO - Started process (PID=9095) to work on /home/airflow/.local/lib/python3.8/site-packages/airflow/example_dags/tutorial_objectstorage.py
[2024-02-14T20:56:30.648+0000] {processor.py:830} INFO - Processing file /home/airflow/.local/lib/python3.8/site-packages/airflow/example_dags/tutorial_objectstorage.py for tasks to queue
[2024-02-14T20:56:30.650+0000] {logging_mixin.py:188} INFO - [2024-02-14T20:56:30.649+0000] {dagbag.py:538} INFO - Filling up the DagBag from /home/airflow/.local/lib/python3.8/site-packages/airflow/example_dags/tutorial_objectstorage.py
[2024-02-14T20:56:30.663+0000] {processor.py:840} INFO - DAG(s) 'tutorial_objectstorage' retrieved from /home/airflow/.local/lib/python3.8/site-packages/airflow/example_dags/tutorial_objectstorage.py
[2024-02-14T20:56:30.700+0000] {logging_mixin.py:188} INFO - [2024-02-14T20:56:30.699+0000] {dag.py:3036} INFO - Sync 1 DAGs
[2024-02-14T20:56:30.723+0000] {logging_mixin.py:188} INFO - [2024-02-14T20:56:30.723+0000] {dag.py:3823} INFO - Setting next_dagrun for tutorial_objectstorage to None, run_after=None
[2024-02-14T20:56:30.757+0000] {processor.py:183} INFO - Processing /home/airflow/.local/lib/python3.8/site-packages/airflow/example_dags/tutorial_objectstorage.py took 0.116 seconds
[2024-02-14T20:57:01.613+0000] {processor.py:161} INFO - Started process (PID=9342) to work on /home/airflow/.local/lib/python3.8/site-packages/airflow/example_dags/tutorial_objectstorage.py
[2024-02-14T20:57:01.615+0000] {processor.py:830} INFO - Processing file /home/airflow/.local/lib/python3.8/site-packages/airflow/example_dags/tutorial_objectstorage.py for tasks to queue
[2024-02-14T20:57:01.619+0000] {logging_mixin.py:188} INFO - [2024-02-14T20:57:01.617+0000] {dagbag.py:538} INFO - Filling up the DagBag from /home/airflow/.local/lib/python3.8/site-packages/airflow/example_dags/tutorial_objectstorage.py
[2024-02-14T20:57:01.637+0000] {processor.py:840} INFO - DAG(s) 'tutorial_objectstorage' retrieved from /home/airflow/.local/lib/python3.8/site-packages/airflow/example_dags/tutorial_objectstorage.py
[2024-02-14T20:57:01.689+0000] {logging_mixin.py:188} INFO - [2024-02-14T20:57:01.688+0000] {dag.py:3036} INFO - Sync 1 DAGs
[2024-02-14T20:57:01.727+0000] {logging_mixin.py:188} INFO - [2024-02-14T20:57:01.726+0000] {dag.py:3823} INFO - Setting next_dagrun for tutorial_objectstorage to None, run_after=None
[2024-02-14T20:57:01.776+0000] {processor.py:183} INFO - Processing /home/airflow/.local/lib/python3.8/site-packages/airflow/example_dags/tutorial_objectstorage.py took 0.171 seconds
[2024-02-14T20:57:33.041+0000] {processor.py:161} INFO - Started process (PID=9589) to work on /home/airflow/.local/lib/python3.8/site-packages/airflow/example_dags/tutorial_objectstorage.py
[2024-02-14T20:57:33.042+0000] {processor.py:830} INFO - Processing file /home/airflow/.local/lib/python3.8/site-packages/airflow/example_dags/tutorial_objectstorage.py for tasks to queue
[2024-02-14T20:57:33.044+0000] {logging_mixin.py:188} INFO - [2024-02-14T20:57:33.044+0000] {dagbag.py:538} INFO - Filling up the DagBag from /home/airflow/.local/lib/python3.8/site-packages/airflow/example_dags/tutorial_objectstorage.py
[2024-02-14T20:57:33.059+0000] {processor.py:840} INFO - DAG(s) 'tutorial_objectstorage' retrieved from /home/airflow/.local/lib/python3.8/site-packages/airflow/example_dags/tutorial_objectstorage.py
[2024-02-14T20:57:33.114+0000] {logging_mixin.py:188} INFO - [2024-02-14T20:57:33.113+0000] {dag.py:3036} INFO - Sync 1 DAGs
[2024-02-14T20:57:33.140+0000] {logging_mixin.py:188} INFO - [2024-02-14T20:57:33.139+0000] {dag.py:3823} INFO - Setting next_dagrun for tutorial_objectstorage to None, run_after=None
[2024-02-14T20:57:33.190+0000] {processor.py:183} INFO - Processing /home/airflow/.local/lib/python3.8/site-packages/airflow/example_dags/tutorial_objectstorage.py took 0.156 seconds
