[2024-02-17T22:58:48.110+0000] {taskinstance.py:1956} INFO - Dependencies all met for dep_context=non-requeueable deps ti=<TaskInstance: dag_with_python_dependencies_v06.get_tensorflow manual__2024-02-17T22:58:33.780867+00:00 [queued]>
[2024-02-17T22:58:48.147+0000] {taskinstance.py:1956} INFO - Dependencies all met for dep_context=requeueable deps ti=<TaskInstance: dag_with_python_dependencies_v06.get_tensorflow manual__2024-02-17T22:58:33.780867+00:00 [queued]>
[2024-02-17T22:58:48.149+0000] {taskinstance.py:2170} INFO - Starting attempt 1 of 1
[2024-02-17T22:58:48.200+0000] {taskinstance.py:2191} INFO - Executing <Task(PythonOperator): get_tensorflow> on 2024-02-17 22:58:33.780867+00:00
[2024-02-17T22:58:48.218+0000] {standard_task_runner.py:60} INFO - Started process 247 to run task
[2024-02-17T22:58:48.232+0000] {standard_task_runner.py:87} INFO - Running: ['***', 'tasks', 'run', 'dag_with_python_dependencies_v06', 'get_tensorflow', 'manual__2024-02-17T22:58:33.780867+00:00', '--job-id', '163', '--raw', '--subdir', 'DAGS_FOLDER/dag_with_python_dependencies.py', '--cfg-path', '/tmp/tmp058959yz']
[2024-02-17T22:58:48.238+0000] {standard_task_runner.py:88} INFO - Job 163: Subtask get_tensorflow
[2024-02-17T22:58:48.435+0000] {task_command.py:423} INFO - Running <TaskInstance: dag_with_python_dependencies_v06.get_tensorflow manual__2024-02-17T22:58:33.780867+00:00 [running]> on host 378e9d5fa1bd
[2024-02-17T22:58:48.773+0000] {taskinstance.py:2480} INFO - Exporting env vars: AIRFLOW_CTX_DAG_OWNER='Areeb' AIRFLOW_CTX_DAG_ID='dag_with_python_dependencies_v06' AIRFLOW_CTX_TASK_ID='get_tensorflow' AIRFLOW_CTX_EXECUTION_DATE='2024-02-17T22:58:33.780867+00:00' AIRFLOW_CTX_TRY_NUMBER='1' AIRFLOW_CTX_DAG_RUN_ID='manual__2024-02-17T22:58:33.780867+00:00'
[2024-02-17T22:58:52.894+0000] {taskinstance.py:2698} ERROR - Task failed with exception
Traceback (most recent call last):
  File "/home/airflow/.local/lib/python3.8/site-packages/airflow/models/taskinstance.py", line 433, in _execute_task
    result = execute_callable(context=context, **execute_callable_kwargs)
  File "/home/airflow/.local/lib/python3.8/site-packages/airflow/operators/python.py", line 199, in execute
    return_value = self.execute_callable()
  File "/home/airflow/.local/lib/python3.8/site-packages/airflow/operators/python.py", line 216, in execute_callable
    return self.python_callable(*self.op_args, **self.op_kwargs)
  File "/opt/airflow/dags/dag_with_python_dependencies.py", line 26, in get_tensorflow
    import tensorflow as tf
  File "/home/airflow/.local/lib/python3.8/site-packages/tensorflow/__init__.py", line 41, in <module>
    from tensorflow.python.tools import module_util as _module_util
  File "/home/airflow/.local/lib/python3.8/site-packages/tensorflow/python/__init__.py", line 53, in <module>
    from tensorflow.core.framework.graph_pb2 import *
  File "/home/airflow/.local/lib/python3.8/site-packages/tensorflow/core/framework/graph_pb2.py", line 16, in <module>
    from tensorflow.core.framework import function_pb2 as tensorflow_dot_core_dot_framework_dot_function__pb2
  File "/home/airflow/.local/lib/python3.8/site-packages/tensorflow/core/framework/function_pb2.py", line 16, in <module>
    from tensorflow.core.framework import attr_value_pb2 as tensorflow_dot_core_dot_framework_dot_attr__value__pb2
  File "/home/airflow/.local/lib/python3.8/site-packages/tensorflow/core/framework/attr_value_pb2.py", line 16, in <module>
    from tensorflow.core.framework import tensor_pb2 as tensorflow_dot_core_dot_framework_dot_tensor__pb2
  File "/home/airflow/.local/lib/python3.8/site-packages/tensorflow/core/framework/tensor_pb2.py", line 16, in <module>
    from tensorflow.core.framework import resource_handle_pb2 as tensorflow_dot_core_dot_framework_dot_resource__handle__pb2
  File "/home/airflow/.local/lib/python3.8/site-packages/tensorflow/core/framework/resource_handle_pb2.py", line 16, in <module>
    from tensorflow.core.framework import tensor_shape_pb2 as tensorflow_dot_core_dot_framework_dot_tensor__shape__pb2
  File "/home/airflow/.local/lib/python3.8/site-packages/tensorflow/core/framework/tensor_shape_pb2.py", line 36, in <module>
    _descriptor.FieldDescriptor(
  File "/home/airflow/.local/lib/python3.8/site-packages/google/protobuf/descriptor.py", line 553, in __new__
    _message.Message._CheckCalledFromGeneratedFile()
TypeError: Descriptors cannot be created directly.
If this call came from a _pb2.py file, your generated code is out of date and must be regenerated with protoc >= 3.19.0.
If you cannot immediately regenerate your protos, some other possible workarounds are:
 1. Downgrade the protobuf package to 3.20.x or lower.
 2. Set PROTOCOL_BUFFERS_PYTHON_IMPLEMENTATION=python (but this will use pure-Python parsing and will be much slower).

More information: https://developers.google.com/protocol-buffers/docs/news/2022-05-06#python-updates
[2024-02-17T22:58:52.944+0000] {taskinstance.py:1138} INFO - Marking task as FAILED. dag_id=dag_with_python_dependencies_v06, task_id=get_tensorflow, execution_date=20240217T225833, start_date=20240217T225848, end_date=20240217T225852
[2024-02-17T22:58:52.971+0000] {standard_task_runner.py:107} ERROR - Failed to execute job 163 for task get_tensorflow (Descriptors cannot be created directly.
If this call came from a _pb2.py file, your generated code is out of date and must be regenerated with protoc >= 3.19.0.
If you cannot immediately regenerate your protos, some other possible workarounds are:
 1. Downgrade the protobuf package to 3.20.x or lower.
 2. Set PROTOCOL_BUFFERS_PYTHON_IMPLEMENTATION=python (but this will use pure-Python parsing and will be much slower).

More information: https://developers.google.com/protocol-buffers/docs/news/2022-05-06#python-updates; 247)
[2024-02-17T22:58:52.998+0000] {local_task_job_runner.py:234} INFO - Task exited with return code 1
[2024-02-17T22:58:53.034+0000] {taskinstance.py:3280} INFO - 0 downstream tasks scheduled from follow-on schedule check
