[2024-02-16T15:15:55.711+0000] {taskinstance.py:1956} INFO - Dependencies all met for dep_context=non-requeueable deps ti=<TaskInstance: dag_with_python_dependencies_v04.get_matplotlib manual__2024-02-16T15:15:51.491392+00:00 [queued]>
[2024-02-16T15:15:55.722+0000] {taskinstance.py:1956} INFO - Dependencies all met for dep_context=requeueable deps ti=<TaskInstance: dag_with_python_dependencies_v04.get_matplotlib manual__2024-02-16T15:15:51.491392+00:00 [queued]>
[2024-02-16T15:15:55.723+0000] {taskinstance.py:2170} INFO - Starting attempt 1 of 1
[2024-02-16T15:15:55.738+0000] {taskinstance.py:2191} INFO - Executing <Task(PythonOperator): get_matplotlib> on 2024-02-16 15:15:51.491392+00:00
[2024-02-16T15:15:55.743+0000] {standard_task_runner.py:60} INFO - Started process 224 to run task
[2024-02-16T15:15:55.748+0000] {standard_task_runner.py:87} INFO - Running: ['***', 'tasks', 'run', 'dag_with_python_dependencies_v04', 'get_matplotlib', 'manual__2024-02-16T15:15:51.491392+00:00', '--job-id', '55', '--raw', '--subdir', 'DAGS_FOLDER/dag_with_python_dependencies.py', '--cfg-path', '/tmp/tmpd3rbftzp']
[2024-02-16T15:15:55.750+0000] {standard_task_runner.py:88} INFO - Job 55: Subtask get_matplotlib
[2024-02-16T15:15:55.799+0000] {task_command.py:423} INFO - Running <TaskInstance: dag_with_python_dependencies_v04.get_matplotlib manual__2024-02-16T15:15:51.491392+00:00 [running]> on host ce08984fda9a
[2024-02-16T15:15:55.878+0000] {taskinstance.py:2480} INFO - Exporting env vars: AIRFLOW_CTX_DAG_OWNER='Areeb' AIRFLOW_CTX_DAG_ID='dag_with_python_dependencies_v04' AIRFLOW_CTX_TASK_ID='get_matplotlib' AIRFLOW_CTX_EXECUTION_DATE='2024-02-16T15:15:51.491392+00:00' AIRFLOW_CTX_TRY_NUMBER='1' AIRFLOW_CTX_DAG_RUN_ID='manual__2024-02-16T15:15:51.491392+00:00'
[2024-02-16T15:15:55.881+0000] {taskinstance.py:2698} ERROR - Task failed with exception
Traceback (most recent call last):
  File "/home/airflow/.local/lib/python3.8/site-packages/airflow/models/taskinstance.py", line 433, in _execute_task
    result = execute_callable(context=context, **execute_callable_kwargs)
  File "/home/airflow/.local/lib/python3.8/site-packages/airflow/operators/python.py", line 199, in execute
    return_value = self.execute_callable()
  File "/home/airflow/.local/lib/python3.8/site-packages/airflow/operators/python.py", line 216, in execute_callable
    return self.python_callable(*self.op_args, **self.op_kwargs)
  File "/opt/airflow/dags/dag_with_python_dependencies.py", line 20, in get_matplotlib
    import matplotlib
ModuleNotFoundError: No module named 'matplotlib'
[2024-02-16T15:15:55.893+0000] {taskinstance.py:1138} INFO - Marking task as FAILED. dag_id=dag_with_python_dependencies_v04, task_id=get_matplotlib, execution_date=20240216T151551, start_date=20240216T151555, end_date=20240216T151555
[2024-02-16T15:15:55.912+0000] {standard_task_runner.py:107} ERROR - Failed to execute job 55 for task get_matplotlib (No module named 'matplotlib'; 224)
[2024-02-16T15:15:55.921+0000] {local_task_job_runner.py:234} INFO - Task exited with return code 1
[2024-02-16T15:15:55.939+0000] {taskinstance.py:3280} INFO - 0 downstream tasks scheduled from follow-on schedule check
