[2024-02-16T15:28:28.498+0000] {taskinstance.py:1956} INFO - Dependencies all met for dep_context=non-requeueable deps ti=<TaskInstance: dag_with_python_dependencies_v05.get_matplotlib manual__2024-02-16T15:28:24.443921+00:00 [queued]>
[2024-02-16T15:28:28.515+0000] {taskinstance.py:1956} INFO - Dependencies all met for dep_context=requeueable deps ti=<TaskInstance: dag_with_python_dependencies_v05.get_matplotlib manual__2024-02-16T15:28:24.443921+00:00 [queued]>
[2024-02-16T15:28:28.516+0000] {taskinstance.py:2170} INFO - Starting attempt 1 of 1
[2024-02-16T15:28:28.545+0000] {taskinstance.py:2191} INFO - Executing <Task(PythonOperator): get_matplotlib> on 2024-02-16 15:28:24.443921+00:00
[2024-02-16T15:28:28.555+0000] {standard_task_runner.py:60} INFO - Started process 575 to run task
[2024-02-16T15:28:28.561+0000] {standard_task_runner.py:87} INFO - Running: ['***', 'tasks', 'run', 'dag_with_python_dependencies_v05', 'get_matplotlib', 'manual__2024-02-16T15:28:24.443921+00:00', '--job-id', '59', '--raw', '--subdir', 'DAGS_FOLDER/dag_with_python_dependencies.py', '--cfg-path', '/tmp/tmpv27l8o46']
[2024-02-16T15:28:28.565+0000] {standard_task_runner.py:88} INFO - Job 59: Subtask get_matplotlib
[2024-02-16T15:28:28.664+0000] {task_command.py:423} INFO - Running <TaskInstance: dag_with_python_dependencies_v05.get_matplotlib manual__2024-02-16T15:28:24.443921+00:00 [running]> on host ce08984fda9a
[2024-02-16T15:28:28.878+0000] {taskinstance.py:2480} INFO - Exporting env vars: AIRFLOW_CTX_DAG_OWNER='Areeb' AIRFLOW_CTX_DAG_ID='dag_with_python_dependencies_v05' AIRFLOW_CTX_TASK_ID='get_matplotlib' AIRFLOW_CTX_EXECUTION_DATE='2024-02-16T15:28:24.443921+00:00' AIRFLOW_CTX_TRY_NUMBER='1' AIRFLOW_CTX_DAG_RUN_ID='manual__2024-02-16T15:28:24.443921+00:00'
[2024-02-16T15:28:28.885+0000] {taskinstance.py:2698} ERROR - Task failed with exception
Traceback (most recent call last):
  File "/home/airflow/.local/lib/python3.8/site-packages/airflow/models/taskinstance.py", line 433, in _execute_task
    result = execute_callable(context=context, **execute_callable_kwargs)
  File "/home/airflow/.local/lib/python3.8/site-packages/airflow/operators/python.py", line 199, in execute
    return_value = self.execute_callable()
  File "/home/airflow/.local/lib/python3.8/site-packages/airflow/operators/python.py", line 216, in execute_callable
    return self.python_callable(*self.op_args, **self.op_kwargs)
  File "/opt/airflow/dags/dag_with_python_dependencies.py", line 21, in get_matplotlib
    import matplotlib
ModuleNotFoundError: No module named 'matplotlib'
[2024-02-16T15:28:28.912+0000] {taskinstance.py:1138} INFO - Marking task as FAILED. dag_id=dag_with_python_dependencies_v05, task_id=get_matplotlib, execution_date=20240216T152824, start_date=20240216T152828, end_date=20240216T152828
[2024-02-16T15:28:28.937+0000] {standard_task_runner.py:107} ERROR - Failed to execute job 59 for task get_matplotlib (No module named 'matplotlib'; 575)
[2024-02-16T15:28:28.975+0000] {local_task_job_runner.py:234} INFO - Task exited with return code 1
[2024-02-16T15:28:29.026+0000] {taskinstance.py:3280} INFO - 0 downstream tasks scheduled from follow-on schedule check
