[2024-02-16T14:50:37.303+0000] {taskinstance.py:1956} INFO - Dependencies all met for dep_context=non-requeueable deps ti=<TaskInstance: dag_with_python_dependencies_v03.get_matplotlib scheduled__2021-10-26T00:00:00+00:00 [queued]>
[2024-02-16T14:50:37.387+0000] {taskinstance.py:1956} INFO - Dependencies all met for dep_context=requeueable deps ti=<TaskInstance: dag_with_python_dependencies_v03.get_matplotlib scheduled__2021-10-26T00:00:00+00:00 [queued]>
[2024-02-16T14:50:37.393+0000] {taskinstance.py:2170} INFO - Starting attempt 1 of 1
[2024-02-16T14:50:37.682+0000] {taskinstance.py:2191} INFO - Executing <Task(PythonOperator): get_matplotlib> on 2021-10-26 00:00:00+00:00
[2024-02-16T14:50:37.872+0000] {standard_task_runner.py:60} INFO - Started process 34705 to run task
[2024-02-16T14:50:38.399+0000] {standard_task_runner.py:87} INFO - Running: ['***', 'tasks', 'run', 'dag_with_python_dependencies_v03', 'get_matplotlib', 'scheduled__2021-10-26T00:00:00+00:00', '--job-id', '48', '--raw', '--subdir', 'DAGS_FOLDER/dag_with_python_dependencies.py', '--cfg-path', '/tmp/tmpvkjknkjf']
[2024-02-16T14:50:38.548+0000] {standard_task_runner.py:88} INFO - Job 48: Subtask get_matplotlib
[2024-02-16T14:50:41.853+0000] {task_command.py:423} INFO - Running <TaskInstance: dag_with_python_dependencies_v03.get_matplotlib scheduled__2021-10-26T00:00:00+00:00 [running]> on host 2cff4667ee6b
[2024-02-16T14:50:47.821+0000] {taskinstance.py:2480} INFO - Exporting env vars: AIRFLOW_CTX_DAG_OWNER='Areeb' AIRFLOW_CTX_DAG_ID='dag_with_python_dependencies_v03' AIRFLOW_CTX_TASK_ID='get_matplotlib' AIRFLOW_CTX_EXECUTION_DATE='2021-10-26T00:00:00+00:00' AIRFLOW_CTX_TRY_NUMBER='1' AIRFLOW_CTX_DAG_RUN_ID='scheduled__2021-10-26T00:00:00+00:00'
[2024-02-16T14:50:47.865+0000] {taskinstance.py:2698} ERROR - Task failed with exception
Traceback (most recent call last):
  File "/home/airflow/.local/lib/python3.8/site-packages/airflow/models/taskinstance.py", line 433, in _execute_task
    result = execute_callable(context=context, **execute_callable_kwargs)
  File "/home/airflow/.local/lib/python3.8/site-packages/airflow/operators/python.py", line 199, in execute
    return_value = self.execute_callable()
  File "/home/airflow/.local/lib/python3.8/site-packages/airflow/operators/python.py", line 216, in execute_callable
    return self.python_callable(*self.op_args, **self.op_kwargs)
  File "/opt/airflow/dags/dag_with_python_dependencies.py", line 20, in get_matplotlib
    import matplotlib
ModuleNotFoundError: No module named 'matplotlib'
[2024-02-16T14:50:47.894+0000] {taskinstance.py:1138} INFO - Marking task as FAILED. dag_id=dag_with_python_dependencies_v03, task_id=get_matplotlib, execution_date=20211026T000000, start_date=20240216T145037, end_date=20240216T145047
[2024-02-16T14:50:47.920+0000] {standard_task_runner.py:107} ERROR - Failed to execute job 48 for task get_matplotlib (No module named 'matplotlib'; 34705)
[2024-02-16T14:50:47.997+0000] {local_task_job_runner.py:234} INFO - Task exited with return code 1
[2024-02-16T14:50:48.095+0000] {taskinstance.py:3280} INFO - 0 downstream tasks scheduled from follow-on schedule check
