[2024-02-17T22:40:54.702+0000] {taskinstance.py:1956} INFO - Dependencies all met for dep_context=non-requeueable deps ti=<TaskInstance: dag_with_python_dependencies_v06.get_sklearn scheduled__2024-02-16T00:00:00+00:00 [queued]>
[2024-02-17T22:40:54.719+0000] {taskinstance.py:1956} INFO - Dependencies all met for dep_context=requeueable deps ti=<TaskInstance: dag_with_python_dependencies_v06.get_sklearn scheduled__2024-02-16T00:00:00+00:00 [queued]>
[2024-02-17T22:40:54.720+0000] {taskinstance.py:2170} INFO - Starting attempt 1 of 1
[2024-02-17T22:40:54.752+0000] {taskinstance.py:2191} INFO - Executing <Task(PythonOperator): get_sklearn> on 2024-02-16 00:00:00+00:00
[2024-02-17T22:40:54.776+0000] {standard_task_runner.py:60} INFO - Started process 334 to run task
[2024-02-17T22:40:54.825+0000] {standard_task_runner.py:87} INFO - Running: ['***', 'tasks', 'run', 'dag_with_python_dependencies_v06', 'get_sklearn', 'scheduled__2024-02-16T00:00:00+00:00', '--job-id', '123', '--raw', '--subdir', 'DAGS_FOLDER/dag_with_python_dependencies.py', '--cfg-path', '/tmp/tmpqau_q5c7']
[2024-02-17T22:40:54.868+0000] {standard_task_runner.py:88} INFO - Job 123: Subtask get_sklearn
[2024-02-17T22:40:55.786+0000] {task_command.py:423} INFO - Running <TaskInstance: dag_with_python_dependencies_v06.get_sklearn scheduled__2024-02-16T00:00:00+00:00 [running]> on host a28d541abc28
[2024-02-17T22:40:56.789+0000] {taskinstance.py:2480} INFO - Exporting env vars: AIRFLOW_CTX_DAG_OWNER='Areeb' AIRFLOW_CTX_DAG_ID='dag_with_python_dependencies_v06' AIRFLOW_CTX_TASK_ID='get_sklearn' AIRFLOW_CTX_EXECUTION_DATE='2024-02-16T00:00:00+00:00' AIRFLOW_CTX_TRY_NUMBER='1' AIRFLOW_CTX_DAG_RUN_ID='scheduled__2024-02-16T00:00:00+00:00'
[2024-02-17T22:40:57.575+0000] {taskinstance.py:2698} ERROR - Task failed with exception
Traceback (most recent call last):
  File "/home/airflow/.local/lib/python3.8/site-packages/airflow/models/taskinstance.py", line 433, in _execute_task
    result = execute_callable(context=context, **execute_callable_kwargs)
  File "/home/airflow/.local/lib/python3.8/site-packages/airflow/operators/python.py", line 199, in execute
    return_value = self.execute_callable()
  File "/home/airflow/.local/lib/python3.8/site-packages/airflow/operators/python.py", line 216, in execute_callable
    return self.python_callable(*self.op_args, **self.op_kwargs)
  File "/opt/airflow/dags/dag_with_python_dependencies.py", line 16, in get_sklearn
    import sklearn
  File "/home/airflow/.local/lib/python3.8/site-packages/sklearn/__init__.py", line 82, in <module>
    from .base import clone
  File "/home/airflow/.local/lib/python3.8/site-packages/sklearn/base.py", line 17, in <module>
    from .utils import _IS_32BIT
  File "/home/airflow/.local/lib/python3.8/site-packages/sklearn/utils/__init__.py", line 22, in <module>
    from scipy.sparse import issparse
  File "/home/airflow/.local/lib/python3.8/site-packages/scipy/sparse/__init__.py", line 229, in <module>
    from .base import *
  File "/home/airflow/.local/lib/python3.8/site-packages/scipy/sparse/base.py", line 8, in <module>
    from .sputils import (isdense, isscalarlike, isintlike,
  File "/home/airflow/.local/lib/python3.8/site-packages/scipy/sparse/sputils.py", line 17, in <module>
    supported_dtypes = [np.typeDict[x] for x in supported_dtypes]
  File "/home/airflow/.local/lib/python3.8/site-packages/scipy/sparse/sputils.py", line 17, in <listcomp>
    supported_dtypes = [np.typeDict[x] for x in supported_dtypes]
  File "/home/airflow/.local/lib/python3.8/site-packages/numpy/__init__.py", line 320, in __getattr__
    raise AttributeError("module {!r} has no attribute "
AttributeError: module 'numpy' has no attribute 'typeDict'
[2024-02-17T22:40:57.657+0000] {taskinstance.py:1138} INFO - Marking task as FAILED. dag_id=dag_with_python_dependencies_v06, task_id=get_sklearn, execution_date=20240216T000000, start_date=20240217T224054, end_date=20240217T224057
[2024-02-17T22:40:57.753+0000] {standard_task_runner.py:107} ERROR - Failed to execute job 123 for task get_sklearn (module 'numpy' has no attribute 'typeDict'; 334)
[2024-02-17T22:40:57.813+0000] {local_task_job_runner.py:234} INFO - Task exited with return code 1
[2024-02-17T22:40:57.875+0000] {taskinstance.py:3280} INFO - 0 downstream tasks scheduled from follow-on schedule check
