[2024-02-17T09:16:40.873+0000] {taskinstance.py:1956} INFO - Dependencies all met for dep_context=non-requeueable deps ti=<TaskInstance: dag_with_min_s3_v01.sensor_minio_s3 manual__2024-02-17T09:16:37.674661+00:00 [queued]>
[2024-02-17T09:16:40.890+0000] {taskinstance.py:1956} INFO - Dependencies all met for dep_context=requeueable deps ti=<TaskInstance: dag_with_min_s3_v01.sensor_minio_s3 manual__2024-02-17T09:16:37.674661+00:00 [queued]>
[2024-02-17T09:16:40.891+0000] {taskinstance.py:2170} INFO - Starting attempt 1 of 1
[2024-02-17T09:16:40.922+0000] {taskinstance.py:2191} INFO - Executing <Task(S3KeySensor): sensor_minio_s3> on 2024-02-17 09:16:37.674661+00:00
[2024-02-17T09:16:40.938+0000] {standard_task_runner.py:60} INFO - Started process 1066 to run task
[2024-02-17T09:16:40.944+0000] {standard_task_runner.py:87} INFO - Running: ['***', 'tasks', 'run', 'dag_with_min_s3_v01', 'sensor_minio_s3', 'manual__2024-02-17T09:16:37.674661+00:00', '--job-id', '80', '--raw', '--subdir', 'DAGS_FOLDER/dag_with_min_s3.py', '--cfg-path', '/tmp/tmpbpknxaxw']
[2024-02-17T09:16:40.948+0000] {standard_task_runner.py:88} INFO - Job 80: Subtask sensor_minio_s3
[2024-02-17T09:16:41.044+0000] {task_command.py:423} INFO - Running <TaskInstance: dag_with_min_s3_v01.sensor_minio_s3 manual__2024-02-17T09:16:37.674661+00:00 [running]> on host 538713285eb4
[2024-02-17T09:16:41.197+0000] {taskinstance.py:2480} INFO - Exporting env vars: AIRFLOW_CTX_DAG_OWNER='Areeb' AIRFLOW_CTX_DAG_ID='dag_with_min_s3_v01' AIRFLOW_CTX_TASK_ID='sensor_minio_s3' AIRFLOW_CTX_EXECUTION_DATE='2024-02-17T09:16:37.674661+00:00' AIRFLOW_CTX_TRY_NUMBER='1' AIRFLOW_CTX_DAG_RUN_ID='manual__2024-02-17T09:16:37.674661+00:00'
[2024-02-17T09:16:41.199+0000] {s3.py:106} INFO - Poking for key : s3://***/dataset_after_training.csv
[2024-02-17T09:16:41.217+0000] {base.py:83} INFO - Using connection ID 'minio_s3' for task execution.
[2024-02-17T09:16:41.230+0000] {logging_mixin.py:188} WARNING - <string>:9 AirflowProviderDeprecationWarning: extra['host'] is deprecated and will be removed in a future release. Please set extra['endpoint_url'] instead
[2024-02-17T09:16:41.956+0000] {taskinstance.py:2698} ERROR - Task failed with exception
Traceback (most recent call last):
  File "/home/airflow/.local/lib/python3.8/site-packages/airflow/models/taskinstance.py", line 433, in _execute_task
    result = execute_callable(context=context, **execute_callable_kwargs)
  File "/home/airflow/.local/lib/python3.8/site-packages/airflow/providers/amazon/aws/sensors/s3.py", line 144, in execute
    super().execute(context)
  File "/home/airflow/.local/lib/python3.8/site-packages/airflow/sensors/base.py", line 265, in execute
    raise e
  File "/home/airflow/.local/lib/python3.8/site-packages/airflow/sensors/base.py", line 247, in execute
    poke_return = self.poke(context)
  File "/home/airflow/.local/lib/python3.8/site-packages/airflow/providers/amazon/aws/sensors/s3.py", line 137, in poke
    return self._check_key(self.bucket_key)
  File "/home/airflow/.local/lib/python3.8/site-packages/airflow/providers/amazon/aws/sensors/s3.py", line 125, in _check_key
    obj = self.hook.head_object(key, bucket_name)
  File "/home/airflow/.local/lib/python3.8/site-packages/airflow/providers/amazon/aws/hooks/s3.py", line 137, in wrapper
    return func(*bound_args.args, **bound_args.kwargs)
  File "/home/airflow/.local/lib/python3.8/site-packages/airflow/providers/amazon/aws/hooks/s3.py", line 91, in wrapper
    return func(*bound_args.args, **bound_args.kwargs)
  File "/home/airflow/.local/lib/python3.8/site-packages/airflow/providers/amazon/aws/hooks/s3.py", line 887, in head_object
    return self.get_conn().head_object(Bucket=bucket_name, Key=key)
  File "/home/airflow/.local/lib/python3.8/site-packages/airflow/providers/amazon/aws/hooks/base_aws.py", line 747, in get_conn
    return self.conn
  File "/usr/local/lib/python3.8/functools.py", line 967, in __get__
    val = self.func(instance)
  File "/home/airflow/.local/lib/python3.8/site-packages/airflow/providers/amazon/aws/hooks/base_aws.py", line 704, in conn
    return self.get_client_type(region_name=self.region_name)
  File "/home/airflow/.local/lib/python3.8/site-packages/airflow/providers/amazon/aws/hooks/base_aws.py", line 674, in get_client_type
    return session.client(
  File "/home/airflow/.local/lib/python3.8/site-packages/boto3/session.py", line 299, in client
    return self._session.create_client(
  File "/home/airflow/.local/lib/python3.8/site-packages/botocore/session.py", line 997, in create_client
    client = client_creator.create_client(
  File "/home/airflow/.local/lib/python3.8/site-packages/botocore/client.py", line 161, in create_client
    client_args = self._get_client_args(
  File "/home/airflow/.local/lib/python3.8/site-packages/botocore/client.py", line 508, in _get_client_args
    return args_creator.get_client_args(
  File "/home/airflow/.local/lib/python3.8/site-packages/botocore/args.py", line 137, in get_client_args
    endpoint = endpoint_creator.create_endpoint(
  File "/home/airflow/.local/lib/python3.8/site-packages/botocore/endpoint.py", line 402, in create_endpoint
    raise ValueError("Invalid endpoint: %s" % endpoint_url)
ValueError: Invalid endpoint: http:host.docker.internal:9000
[2024-02-17T09:16:41.999+0000] {taskinstance.py:1138} INFO - Marking task as FAILED. dag_id=dag_with_min_s3_v01, task_id=sensor_minio_s3, execution_date=20240217T091637, start_date=20240217T091640, end_date=20240217T091641
[2024-02-17T09:16:42.025+0000] {standard_task_runner.py:107} ERROR - Failed to execute job 80 for task sensor_minio_s3 (Invalid endpoint: http:host.docker.internal:9000; 1066)
[2024-02-17T09:16:42.081+0000] {local_task_job_runner.py:234} INFO - Task exited with return code 1
[2024-02-17T09:16:42.111+0000] {taskinstance.py:3280} INFO - 0 downstream tasks scheduled from follow-on schedule check
